Sleep 1m start
GPR[SSLI]-1659860042458
GPR[ESLI]-1659860102464
Running Nopol Math 105b with approach: smt
Timezone: America/Los_Angeles
Seed 260
OS: linux
Creating out dir /experiment_home///results/Nopol/Math/105/seed_260/
The file script/workingdir/Nopol/Math_105 does not exist!
script/workingdir/Nopol/Math_105
script/workingdir/Nopol/Math_105
classpath:  script/workingdir/Nopol/Math_105/target/test-classes:script/workingdir/Nopol/Math_105/target/classes:/experiment_home/defects4j/framework/projects/lib/junit-4.11.jar
Src java:  /src/java
Classes Java:  /target/classes
Src Test:  /src/test
Classes Test:  /target/test-classes
GPR[SSLB]-1659860115642
GPR[ESLB]-1659860175645
Calling Nopol:
Classpath to pass script/workingdir/Nopol/Math_105//target/classes:script/workingdir/Nopol/Math_105//target/test-classes:script/workingdir/Nopol/Math_105/target/test-classes:script/workingdir/Nopol/Math_105/target/classes:/experiment_home/defects4j/framework/projects/lib/junit-4.11.jar
Node: host-61
Date init: Sun 07 Aug 2022 01:16:15 AM PDT
OAR_JOB_ID: 3720517
[0] INFO NoPol - Source files: [script/workingdir/Nopol/Math_105/src/java]
[0] INFO NoPol - Classpath: [file:script/workingdir/Nopol/Math_105/target/classes/, file:script/workingdir/Nopol/Math_105/target/test-classes/, file:script/workingdir/Nopol/Math_105/target/test-classes/, file:script/workingdir/Nopol/Math_105/target/classes/, file:/experiment_home/defects4j/framework/projects/lib/junit-4.11.jar]
[0] INFO NoPol - Statement type: PRE_THEN_COND
[0] INFO NoPol - Args: [org.apache.commons.math.FunctionEvaluationExceptionTest, org.apache.commons.math.FunctionEvaluationExceptionTest, org.apache.commons.math.MathConfigurationExceptionTest, org.apache.commons.math.MathConfigurationExceptionTest, org.apache.commons.math.MathExceptionTest, org.apache.commons.math.MathExceptionTest, org.apache.commons.math.analysis.BisectionSolverTest, org.apache.commons.math.analysis.BisectionSolverTest, org.apache.commons.math.analysis.BrentSolverTest, org.apache.commons.math.analysis.BrentSolverTest, org.apache.commons.math.analysis.ConvergenceExceptionTest, org.apache.commons.math.analysis.ConvergenceExceptionTest, org.apache.commons.math.analysis.DividedDifferenceInterpolatorTest, org.apache.commons.math.analysis.DividedDifferenceInterpolatorTest, org.apache.commons.math.analysis.LaguerreSolverTest, org.apache.commons.math.analysis.LaguerreSolverTest, org.apache.commons.math.analysis.MullerSolverTest, org.apache.commons.math.analysis.MullerSolverTest, org.apache.commons.math.analysis.NevilleInterpolatorTest, org.apache.commons.math.analysis.NevilleInterpolatorTest, org.apache.commons.math.analysis.NewtonSolverTest, org.apache.commons.math.analysis.NewtonSolverTest, org.apache.commons.math.analysis.PolynomialFunctionLagrangeFormTest, org.apache.commons.math.analysis.PolynomialFunctionLagrangeFormTest, org.apache.commons.math.analysis.PolynomialFunctionNewtonFormTest, org.apache.commons.math.analysis.PolynomialFunctionNewtonFormTest, org.apache.commons.math.analysis.PolynomialFunctionTest, org.apache.commons.math.analysis.PolynomialFunctionTest, org.apache.commons.math.analysis.PolynomialSplineFunctionTest, org.apache.commons.math.analysis.PolynomialSplineFunctionTest, org.apache.commons.math.analysis.RiddersSolverTest, org.apache.commons.math.analysis.RiddersSolverTest, org.apache.commons.math.analysis.RombergIntegratorTest, org.apache.commons.math.analysis.RombergIntegratorTest, org.apache.commons.math.analysis.SimpsonIntegratorTest, org.apache.commons.math.analysis.SimpsonIntegratorTest, org.apache.commons.math.analysis.SplineInterpolatorTest, org.apache.commons.math.analysis.SplineInterpolatorTest, org.apache.commons.math.analysis.TrapezoidIntegratorTest, org.apache.commons.math.analysis.TrapezoidIntegratorTest, org.apache.commons.math.analysis.UnivariateRealSolverFactoryImplTest, org.apache.commons.math.analysis.UnivariateRealSolverFactoryImplTest, org.apache.commons.math.analysis.UnivariateRealSolverUtilsTest, org.apache.commons.math.analysis.UnivariateRealSolverUtilsTest, org.apache.commons.math.complex.ComplexFormatTest, org.apache.commons.math.complex.ComplexFormatTest, org.apache.commons.math.complex.ComplexTest, org.apache.commons.math.complex.ComplexTest, org.apache.commons.math.complex.ComplexUtilsTest, org.apache.commons.math.complex.ComplexUtilsTest, org.apache.commons.math.complex.FrenchComplexFormatTest, org.apache.commons.math.complex.FrenchComplexFormatTest, org.apache.commons.math.distribution.BinomialDistributionTest, org.apache.commons.math.distribution.BinomialDistributionTest, org.apache.commons.math.distribution.CauchyDistributionTest, org.apache.commons.math.distribution.CauchyDistributionTest, org.apache.commons.math.distribution.ChiSquareDistributionTest, org.apache.commons.math.distribution.ChiSquareDistributionTest, org.apache.commons.math.distribution.DistributionFactoryImplTest, org.apache.commons.math.distribution.DistributionFactoryImplTest, org.apache.commons.math.distribution.ExponentialDistributionTest, org.apache.commons.math.distribution.ExponentialDistributionTest, org.apache.commons.math.distribution.FDistributionTest, org.apache.commons.math.distribution.FDistributionTest, org.apache.commons.math.distribution.GammaDistributionTest, org.apache.commons.math.distribution.GammaDistributionTest, org.apache.commons.math.distribution.HypergeometricDistributionTest, org.apache.commons.math.distribution.HypergeometricDistributionTest, org.apache.commons.math.distribution.NormalDistributionTest, org.apache.commons.math.distribution.NormalDistributionTest, org.apache.commons.math.distribution.PascalDistributionTest, org.apache.commons.math.distribution.PascalDistributionTest, org.apache.commons.math.distribution.PoissonDistributionTest, org.apache.commons.math.distribution.PoissonDistributionTest, org.apache.commons.math.distribution.TDistributionTest, org.apache.commons.math.distribution.TDistributionTest, org.apache.commons.math.distribution.WeibullDistributionTest, org.apache.commons.math.distribution.WeibullDistributionTest, org.apache.commons.math.fraction.FractionFormatTest, org.apache.commons.math.fraction.FractionFormatTest, org.apache.commons.math.fraction.FractionTest, org.apache.commons.math.fraction.FractionTest, org.apache.commons.math.linear.BigMatrixImplTest, org.apache.commons.math.linear.BigMatrixImplTest, org.apache.commons.math.linear.InvalidMatrixExceptionTest, org.apache.commons.math.linear.InvalidMatrixExceptionTest, org.apache.commons.math.linear.MatrixIndexExceptionTest, org.apache.commons.math.linear.MatrixIndexExceptionTest, org.apache.commons.math.linear.MatrixUtilsTest, org.apache.commons.math.linear.MatrixUtilsTest, org.apache.commons.math.linear.QRDecompositionImplTest, org.apache.commons.math.linear.QRDecompositionImplTest, org.apache.commons.math.linear.RealMatrixImplTest, org.apache.commons.math.linear.RealMatrixImplTest, org.apache.commons.math.random.AbstractRandomGeneratorTest, org.apache.commons.math.random.AbstractRandomGeneratorTest, org.apache.commons.math.random.EmpiricalDistributionTest, org.apache.commons.math.random.EmpiricalDistributionTest, org.apache.commons.math.random.RandomAdaptorTest, org.apache.commons.math.random.RandomAdaptorTest, org.apache.commons.math.random.RandomDataTest, org.apache.commons.math.random.RandomDataTest, org.apache.commons.math.random.ValueServerTest, org.apache.commons.math.random.ValueServerTest, org.apache.commons.math.special.BetaTest, org.apache.commons.math.special.BetaTest, org.apache.commons.math.special.ErfTest, org.apache.commons.math.special.ErfTest, org.apache.commons.math.special.GammaTest, org.apache.commons.math.special.GammaTest, org.apache.commons.math.stat.CertifiedDataTest, org.apache.commons.math.stat.CertifiedDataTest, org.apache.commons.math.stat.FrequencyTest, org.apache.commons.math.stat.FrequencyTest, org.apache.commons.math.stat.StatUtilsTest, org.apache.commons.math.stat.StatUtilsTest, org.apache.commons.math.stat.data.LewTest, org.apache.commons.math.stat.data.LewTest, org.apache.commons.math.stat.data.LotteryTest, org.apache.commons.math.stat.data.LotteryTest, org.apache.commons.math.stat.descriptive.AbstractUnivariateStatisticTest, org.apache.commons.math.stat.descriptive.AbstractUnivariateStatisticTest, org.apache.commons.math.stat.descriptive.DescriptiveStatisticsImplTest, org.apache.commons.math.stat.descriptive.DescriptiveStatisticsImplTest, org.apache.commons.math.stat.descriptive.DescriptiveStatisticsTest, org.apache.commons.math.stat.descriptive.DescriptiveStatisticsTest, org.apache.commons.math.stat.descriptive.InteractionTest, org.apache.commons.math.stat.descriptive.InteractionTest, org.apache.commons.math.stat.descriptive.ListUnivariateImplTest, org.apache.commons.math.stat.descriptive.ListUnivariateImplTest, org.apache.commons.math.stat.descriptive.MixedListUnivariateImplTest, org.apache.commons.math.stat.descriptive.MixedListUnivariateImplTest, org.apache.commons.math.stat.descriptive.StatisticalSummaryValuesTest, org.apache.commons.math.stat.descriptive.StatisticalSummaryValuesTest, org.apache.commons.math.stat.descriptive.SummaryStatisticsImplTest, org.apache.commons.math.stat.descriptive.SummaryStatisticsImplTest, org.apache.commons.math.stat.descriptive.moment.FirstMomentTest, org.apache.commons.math.stat.descriptive.moment.FirstMomentTest, org.apache.commons.math.stat.descriptive.moment.FourthMomentTest, org.apache.commons.math.stat.descriptive.moment.FourthMomentTest, org.apache.commons.math.stat.descriptive.moment.GeometricMeanTest, org.apache.commons.math.stat.descriptive.moment.GeometricMeanTest, org.apache.commons.math.stat.descriptive.moment.KurtosisTest, org.apache.commons.math.stat.descriptive.moment.KurtosisTest, org.apache.commons.math.stat.descriptive.moment.MeanTest, org.apache.commons.math.stat.descriptive.moment.MeanTest, org.apache.commons.math.stat.descriptive.moment.SecondMomentTest, org.apache.commons.math.stat.descriptive.moment.SecondMomentTest, org.apache.commons.math.stat.descriptive.moment.SkewnessTest, org.apache.commons.math.stat.descriptive.moment.SkewnessTest, org.apache.commons.math.stat.descriptive.moment.StandardDeviationTest, org.apache.commons.math.stat.descriptive.moment.StandardDeviationTest, org.apache.commons.math.stat.descriptive.moment.ThirdMomentTest, org.apache.commons.math.stat.descriptive.moment.ThirdMomentTest, org.apache.commons.math.stat.descriptive.moment.VarianceTest, org.apache.commons.math.stat.descriptive.moment.VarianceTest, org.apache.commons.math.stat.descriptive.rank.MaxTest, org.apache.commons.math.stat.descriptive.rank.MaxTest, org.apache.commons.math.stat.descriptive.rank.MedianTest, org.apache.commons.math.stat.descriptive.rank.MedianTest, org.apache.commons.math.stat.descriptive.rank.MinTest, org.apache.commons.math.stat.descriptive.rank.MinTest, org.apache.commons.math.stat.descriptive.rank.PercentileTest, org.apache.commons.math.stat.descriptive.rank.PercentileTest, org.apache.commons.math.stat.descriptive.summary.ProductTest, org.apache.commons.math.stat.descriptive.summary.ProductTest, org.apache.commons.math.stat.descriptive.summary.SumLogTest, org.apache.commons.math.stat.descriptive.summary.SumLogTest, org.apache.commons.math.stat.descriptive.summary.SumSqTest, org.apache.commons.math.stat.descriptive.summary.SumSqTest, org.apache.commons.math.stat.descriptive.summary.SumTest, org.apache.commons.math.stat.descriptive.summary.SumTest, org.apache.commons.math.stat.inference.ChiSquareFactoryTest, org.apache.commons.math.stat.inference.ChiSquareFactoryTest, org.apache.commons.math.stat.inference.ChiSquareTestTest, org.apache.commons.math.stat.inference.ChiSquareTestTest, org.apache.commons.math.stat.inference.TTestFactoryTest, org.apache.commons.math.stat.inference.TTestFactoryTest, org.apache.commons.math.stat.inference.TTestTest, org.apache.commons.math.stat.inference.TTestTest, org.apache.commons.math.stat.inference.TestUtilsTest, org.apache.commons.math.stat.inference.TestUtilsTest, org.apache.commons.math.stat.regression.SimpleRegressionTest, org.apache.commons.math.stat.regression.SimpleRegressionTest, org.apache.commons.math.transform.FastCosineTransformerTest, org.apache.commons.math.transform.FastCosineTransformerTest, org.apache.commons.math.transform.FastFourierTransformerTest, org.apache.commons.math.transform.FastFourierTransformerTest, org.apache.commons.math.transform.FastSineTransformerTest, org.apache.commons.math.transform.FastSineTransformerTest, org.apache.commons.math.util.ContinuedFractionTest, org.apache.commons.math.util.ContinuedFractionTest, org.apache.commons.math.util.DefaultTransformerTest, org.apache.commons.math.util.DefaultTransformerTest, org.apache.commons.math.util.MathUtilsTest, org.apache.commons.math.util.MathUtilsTest, org.apache.commons.math.util.ResizableDoubleArrayTest, org.apache.commons.math.util.ResizableDoubleArrayTest, org.apache.commons.math.util.TransformerMapTest, org.apache.commons.math.util.TransformerMapTest]
[2] INFO NoPol - Config: Config{synthesisDepth=3, collectStaticMethods=true, collectStaticFields=false, collectLiterals=false, onlyOneSynthesisResult=false, sortExpressions=true, maxLineInvocationPerTest=250, timeoutMethodInvocation=2000, dataCollectionTimeoutInSecondForSynthesis=900, addWeight=0.19478, subWeight=0.04554, mulWeight=0.0102, divWeight=0.00613, andWeight=0.10597, orWeight=0.05708, eqWeight=0.22798, nEqWeight=0.0, lessEqWeight=0.0255, lessWeight=0.0947, methodCallWeight=0.1, fieldAccessWeight=0.08099, constantWeight=0.14232, variableWeight=0.05195, mode=REPAIR, type=PRE_THEN_COND, synthesis=SMT, oracle=ANGELIC, solver=Z3, solverPath='script/../tools//libs/z3_for_linux', projectSources=[script/workingdir/Nopol/Math_105/src/java], projectClasspath='[Ljava.net.URL;@28c97a5', projectTests=[org.apache.commons.math.FunctionEvaluationExceptionTest, org.apache.commons.math.FunctionEvaluationExceptionTest, org.apache.commons.math.MathConfigurationExceptionTest, org.apache.commons.math.MathConfigurationExceptionTest, org.apache.commons.math.MathExceptionTest, org.apache.commons.math.MathExceptionTest, org.apache.commons.math.analysis.BisectionSolverTest, org.apache.commons.math.analysis.BisectionSolverTest, org.apache.commons.math.analysis.BrentSolverTest, org.apache.commons.math.analysis.BrentSolverTest, org.apache.commons.math.analysis.ConvergenceExceptionTest, org.apache.commons.math.analysis.ConvergenceExceptionTest, org.apache.commons.math.analysis.DividedDifferenceInterpolatorTest, org.apache.commons.math.analysis.DividedDifferenceInterpolatorTest, org.apache.commons.math.analysis.LaguerreSolverTest, org.apache.commons.math.analysis.LaguerreSolverTest, org.apache.commons.math.analysis.MullerSolverTest, org.apache.commons.math.analysis.MullerSolverTest, org.apache.commons.math.analysis.NevilleInterpolatorTest, org.apache.commons.math.analysis.NevilleInterpolatorTest, org.apache.commons.math.analysis.NewtonSolverTest, org.apache.commons.math.analysis.NewtonSolverTest, org.apache.commons.math.analysis.PolynomialFunctionLagrangeFormTest, org.apache.commons.math.analysis.PolynomialFunctionLagrangeFormTest, org.apache.commons.math.analysis.PolynomialFunctionNewtonFormTest, org.apache.commons.math.analysis.PolynomialFunctionNewtonFormTest, org.apache.commons.math.analysis.PolynomialFunctionTest, org.apache.commons.math.analysis.PolynomialFunctionTest, org.apache.commons.math.analysis.PolynomialSplineFunctionTest, org.apache.commons.math.analysis.PolynomialSplineFunctionTest, org.apache.commons.math.analysis.RiddersSolverTest, org.apache.commons.math.analysis.RiddersSolverTest, org.apache.commons.math.analysis.RombergIntegratorTest, org.apache.commons.math.analysis.RombergIntegratorTest, org.apache.commons.math.analysis.SimpsonIntegratorTest, org.apache.commons.math.analysis.SimpsonIntegratorTest, org.apache.commons.math.analysis.SplineInterpolatorTest, org.apache.commons.math.analysis.SplineInterpolatorTest, org.apache.commons.math.analysis.TrapezoidIntegratorTest, org.apache.commons.math.analysis.TrapezoidIntegratorTest, org.apache.commons.math.analysis.UnivariateRealSolverFactoryImplTest, org.apache.commons.math.analysis.UnivariateRealSolverFactoryImplTest, org.apache.commons.math.analysis.UnivariateRealSolverUtilsTest, org.apache.commons.math.analysis.UnivariateRealSolverUtilsTest, org.apache.commons.math.complex.ComplexFormatTest, org.apache.commons.math.complex.ComplexFormatTest, org.apache.commons.math.complex.ComplexTest, org.apache.commons.math.complex.ComplexTest, org.apache.commons.math.complex.ComplexUtilsTest, org.apache.commons.math.complex.ComplexUtilsTest, org.apache.commons.math.complex.FrenchComplexFormatTest, org.apache.commons.math.complex.FrenchComplexFormatTest, org.apache.commons.math.distribution.BinomialDistributionTest, org.apache.commons.math.distribution.BinomialDistributionTest, org.apache.commons.math.distribution.CauchyDistributionTest, org.apache.commons.math.distribution.CauchyDistributionTest, org.apache.commons.math.distribution.ChiSquareDistributionTest, org.apache.commons.math.distribution.ChiSquareDistributionTest, org.apache.commons.math.distribution.DistributionFactoryImplTest, org.apache.commons.math.distribution.DistributionFactoryImplTest, org.apache.commons.math.distribution.ExponentialDistributionTest, org.apache.commons.math.distribution.ExponentialDistributionTest, org.apache.commons.math.distribution.FDistributionTest, org.apache.commons.math.distribution.FDistributionTest, org.apache.commons.math.distribution.GammaDistributionTest, org.apache.commons.math.distribution.GammaDistributionTest, org.apache.commons.math.distribution.HypergeometricDistributionTest, org.apache.commons.math.distribution.HypergeometricDistributionTest, org.apache.commons.math.distribution.NormalDistributionTest, org.apache.commons.math.distribution.NormalDistributionTest, org.apache.commons.math.distribution.PascalDistributionTest, org.apache.commons.math.distribution.PascalDistributionTest, org.apache.commons.math.distribution.PoissonDistributionTest, org.apache.commons.math.distribution.PoissonDistributionTest, org.apache.commons.math.distribution.TDistributionTest, org.apache.commons.math.distribution.TDistributionTest, org.apache.commons.math.distribution.WeibullDistributionTest, org.apache.commons.math.distribution.WeibullDistributionTest, org.apache.commons.math.fraction.FractionFormatTest, org.apache.commons.math.fraction.FractionFormatTest, org.apache.commons.math.fraction.FractionTest, org.apache.commons.math.fraction.FractionTest, org.apache.commons.math.linear.BigMatrixImplTest, org.apache.commons.math.linear.BigMatrixImplTest, org.apache.commons.math.linear.InvalidMatrixExceptionTest, org.apache.commons.math.linear.InvalidMatrixExceptionTest, org.apache.commons.math.linear.MatrixIndexExceptionTest, org.apache.commons.math.linear.MatrixIndexExceptionTest, org.apache.commons.math.linear.MatrixUtilsTest, org.apache.commons.math.linear.MatrixUtilsTest, org.apache.commons.math.linear.QRDecompositionImplTest, org.apache.commons.math.linear.QRDecompositionImplTest, org.apache.commons.math.linear.RealMatrixImplTest, org.apache.commons.math.linear.RealMatrixImplTest, org.apache.commons.math.random.AbstractRandomGeneratorTest, org.apache.commons.math.random.AbstractRandomGeneratorTest, org.apache.commons.math.random.EmpiricalDistributionTest, org.apache.commons.math.random.EmpiricalDistributionTest, org.apache.commons.math.random.RandomAdaptorTest, org.apache.commons.math.random.RandomAdaptorTest, org.apache.commons.math.random.RandomDataTest, org.apache.commons.math.random.RandomDataTest, org.apache.commons.math.random.ValueServerTest, org.apache.commons.math.random.ValueServerTest, org.apache.commons.math.special.BetaTest, org.apache.commons.math.special.BetaTest, org.apache.commons.math.special.ErfTest, org.apache.commons.math.special.ErfTest, org.apache.commons.math.special.GammaTest, org.apache.commons.math.special.GammaTest, org.apache.commons.math.stat.CertifiedDataTest, org.apache.commons.math.stat.CertifiedDataTest, org.apache.commons.math.stat.FrequencyTest, org.apache.commons.math.stat.FrequencyTest, org.apache.commons.math.stat.StatUtilsTest, org.apache.commons.math.stat.StatUtilsTest, org.apache.commons.math.stat.data.LewTest, org.apache.commons.math.stat.data.LewTest, org.apache.commons.math.stat.data.LotteryTest, org.apache.commons.math.stat.data.LotteryTest, org.apache.commons.math.stat.descriptive.AbstractUnivariateStatisticTest, org.apache.commons.math.stat.descriptive.AbstractUnivariateStatisticTest, org.apache.commons.math.stat.descriptive.DescriptiveStatisticsImplTest, org.apache.commons.math.stat.descriptive.DescriptiveStatisticsImplTest, org.apache.commons.math.stat.descriptive.DescriptiveStatisticsTest, org.apache.commons.math.stat.descriptive.DescriptiveStatisticsTest, org.apache.commons.math.stat.descriptive.InteractionTest, org.apache.commons.math.stat.descriptive.InteractionTest, org.apache.commons.math.stat.descriptive.ListUnivariateImplTest, org.apache.commons.math.stat.descriptive.ListUnivariateImplTest, org.apache.commons.math.stat.descriptive.MixedListUnivariateImplTest, org.apache.commons.math.stat.descriptive.MixedListUnivariateImplTest, org.apache.commons.math.stat.descriptive.StatisticalSummaryValuesTest, org.apache.commons.math.stat.descriptive.StatisticalSummaryValuesTest, org.apache.commons.math.stat.descriptive.SummaryStatisticsImplTest, org.apache.commons.math.stat.descriptive.SummaryStatisticsImplTest, org.apache.commons.math.stat.descriptive.moment.FirstMomentTest, org.apache.commons.math.stat.descriptive.moment.FirstMomentTest, org.apache.commons.math.stat.descriptive.moment.FourthMomentTest, org.apache.commons.math.stat.descriptive.moment.FourthMomentTest, org.apache.commons.math.stat.descriptive.moment.GeometricMeanTest, org.apache.commons.math.stat.descriptive.moment.GeometricMeanTest, org.apache.commons.math.stat.descriptive.moment.KurtosisTest, org.apache.commons.math.stat.descriptive.moment.KurtosisTest, org.apache.commons.math.stat.descriptive.moment.MeanTest, org.apache.commons.math.stat.descriptive.moment.MeanTest, org.apache.commons.math.stat.descriptive.moment.SecondMomentTest, org.apache.commons.math.stat.descriptive.moment.SecondMomentTest, org.apache.commons.math.stat.descriptive.moment.SkewnessTest, org.apache.commons.math.stat.descriptive.moment.SkewnessTest, org.apache.commons.math.stat.descriptive.moment.StandardDeviationTest, org.apache.commons.math.stat.descriptive.moment.StandardDeviationTest, org.apache.commons.math.stat.descriptive.moment.ThirdMomentTest, org.apache.commons.math.stat.descriptive.moment.ThirdMomentTest, org.apache.commons.math.stat.descriptive.moment.VarianceTest, org.apache.commons.math.stat.descriptive.moment.VarianceTest, org.apache.commons.math.stat.descriptive.rank.MaxTest, org.apache.commons.math.stat.descriptive.rank.MaxTest, org.apache.commons.math.stat.descriptive.rank.MedianTest, org.apache.commons.math.stat.descriptive.rank.MedianTest, org.apache.commons.math.stat.descriptive.rank.MinTest, org.apache.commons.math.stat.descriptive.rank.MinTest, org.apache.commons.math.stat.descriptive.rank.PercentileTest, org.apache.commons.math.stat.descriptive.rank.PercentileTest, org.apache.commons.math.stat.descriptive.summary.ProductTest, org.apache.commons.math.stat.descriptive.summary.ProductTest, org.apache.commons.math.stat.descriptive.summary.SumLogTest, org.apache.commons.math.stat.descriptive.summary.SumLogTest, org.apache.commons.math.stat.descriptive.summary.SumSqTest, org.apache.commons.math.stat.descriptive.summary.SumSqTest, org.apache.commons.math.stat.descriptive.summary.SumTest, org.apache.commons.math.stat.descriptive.summary.SumTest, org.apache.commons.math.stat.inference.ChiSquareFactoryTest, org.apache.commons.math.stat.inference.ChiSquareFactoryTest, org.apache.commons.math.stat.inference.ChiSquareTestTest, org.apache.commons.math.stat.inference.ChiSquareTestTest, org.apache.commons.math.stat.inference.TTestFactoryTest, org.apache.commons.math.stat.inference.TTestFactoryTest, org.apache.commons.math.stat.inference.TTestTest, org.apache.commons.math.stat.inference.TTestTest, org.apache.commons.math.stat.inference.TestUtilsTest, org.apache.commons.math.stat.inference.TestUtilsTest, org.apache.commons.math.stat.regression.SimpleRegressionTest, org.apache.commons.math.stat.regression.SimpleRegressionTest, org.apache.commons.math.transform.FastCosineTransformerTest, org.apache.commons.math.transform.FastCosineTransformerTest, org.apache.commons.math.transform.FastFourierTransformerTest, org.apache.commons.math.transform.FastFourierTransformerTest, org.apache.commons.math.transform.FastSineTransformerTest, org.apache.commons.math.transform.FastSineTransformerTest, org.apache.commons.math.util.ContinuedFractionTest, org.apache.commons.math.util.ContinuedFractionTest, org.apache.commons.math.util.DefaultTransformerTest, org.apache.commons.math.util.DefaultTransformerTest, org.apache.commons.math.util.MathUtilsTest, org.apache.commons.math.util.MathUtilsTest, org.apache.commons.math.util.ResizableDoubleArrayTest, org.apache.commons.math.util.ResizableDoubleArrayTest, org.apache.commons.math.util.TransformerMapTest, org.apache.commons.math.util.TransformerMapTest], complianceLevel=7, outputFolder=/experiment_home///results/Nopol/Math/105/seed_260/, json=true}
[2] INFO NoPol - Available processors (cores): 36
[6] INFO NoPol - Free memory: 1 GB
[6] INFO NoPol - Maximum memory: 7 GB
[6] INFO NoPol - Total memory available to JVM: 1 GB
[7] INFO NoPol - Java version: 1.8.0_45
[8] INFO NoPol - JAVA_HOME: /experiment_home/jdk1.8.0_45/
[8] INFO NoPol - PATH: /experiment_home/foo/bin:/experiment_home/perl5/bin:/experiment_home/jdk1.8.0_45//bin:/experiment_home/maven/apache-maven-3.6.0/bin:/experiment_home/commands/:/experiment_home/gradle/gradle-5.4.1/bin/:/usr/local/bin:/usr/bin:/bin:/usr/local/games:/usr/games:/opt/dell/srvadmin/bin:/usr/local/cuda/bin:/opt/rocm/bin:/grid5000/code/bin:/experiment_home/defects4j/framework/bin
GPR[SSUP]-1659860177458
GPR[ESUP]-1659860177458
GPR[SFL]-1659860177458
GPR[EFL]-1659860182313
GPR[SFP]-1659860182313
GPR[SSUN]-1659860182331
1013737658
GPR[ESUN]-1659860182525
GPR[SSUN]-1659860182525
1013737658
GPR[SPVATF]-1659860182593
GPR[EPVATF]-1659860182651
[6688] ERROR NoPol - Error ExecutionException java.util.concurrent.ExecutionException: java.lang.RuntimeException: failingTestCasesValidated: nothing to repair, no failing test cases
GPR[ESUN]-1659860182651
GPR[SSUN]-1659860182651
1013737658
GPR[SPVATF]-1659860182713
GPR[EPVATF]-1659860182732
[6769] ERROR NoPol - Error ExecutionException java.util.concurrent.ExecutionException: java.lang.RuntimeException: failingTestCasesValidated: nothing to repair, no failing test cases
GPR[ESUN]-1659860182732
GPR[SSUN]-1659860182732
1013737658
GPR[ESUN]-1659860182818
GPR[SSUN]-1659860182818
1013737658
GPR[ESUN]-1659860182876
GPR[SSUN]-1659860182876
1013737658
GPR[ESUN]-1659860182931
GPR[SSUN]-1659860182931
1013737658
GPR[ESUN]-1659860182987
GPR[SSUN]-1659860182987
1013737658
GPR[ESUN]-1659860183041
GPR[SSUN]-1659860183041
-1129122774
GPR[ESUN]-1659860183089
GPR[SSUN]-1659860183090
-1129122774
GPR[SPVATF]-1659860183141
GPR[EPVATF]-1659860183154
[7191] ERROR NoPol - Error ExecutionException java.util.concurrent.ExecutionException: java.lang.RuntimeException: failingTestCasesValidated: nothing to repair, no failing test cases
GPR[ESUN]-1659860183154
GPR[SSUN]-1659860183154
-1129122774
GPR[SPVATF]-1659860183207
GPR[EPVATF]-1659860183218
[7255] ERROR NoPol - Error ExecutionException java.util.concurrent.ExecutionException: java.lang.RuntimeException: failingTestCasesValidated: nothing to repair, no failing test cases
GPR[SPVATF]-1659860183218
GPR[EPVATF]-1659860183229
[7266] ERROR NoPol - Error ExecutionException java.util.concurrent.ExecutionException: java.lang.RuntimeException: failingTestCasesValidated: nothing to repair, no failing test cases
GPR[ESUN]-1659860183230
GPR[SSUN]-1659860183230
1013737658
GPR[SPVATF]-1659860183284
GPR[EPVATF]-1659860183292
[7329] ERROR NoPol - Error ExecutionException java.util.concurrent.ExecutionException: java.lang.RuntimeException: failingTestCasesValidated: nothing to repair, no failing test cases
GPR[ESUN]-1659860183292
GPR[SSUN]-1659860183292
1013737658
GPR[SPVATF]-1659860183348
GPR[EPVATF]-1659860183356
[7393] ERROR NoPol - Error ExecutionException java.util.concurrent.ExecutionException: java.lang.RuntimeException: failingTestCasesValidated: nothing to repair, no failing test cases
GPR[ESUN]-1659860183356
GPR[SSUN]-1659860183356
1013737658
GPR[ESUN]-1659860183412
GPR[SSUN]-1659860183412
1013737658
GPR[ESUN]-1659860183465
GPR[SSUN]-1659860183466
1013737658
GPR[ESUN]-1659860183517
GPR[SSUN]-1659860183517
1013737658
GPR[SPVATF]-1659860183568
GPR[EPVATF]-1659860183575
[7612] ERROR NoPol - Error ExecutionException java.util.concurrent.ExecutionException: java.lang.RuntimeException: failingTestCasesValidated: nothing to repair, no failing test cases
GPR[SPVATF]-1659860183575
GPR[EPVATF]-1659860183582
[7619] ERROR NoPol - Error ExecutionException java.util.concurrent.ExecutionException: java.lang.RuntimeException: failingTestCasesValidated: nothing to repair, no failing test cases
GPR[ESUN]-1659860183582
GPR[SSUN]-1659860183582
1013737658
GPR[SPVATF]-1659860183637
GPR[EPVATF]-1659860183644
[7681] ERROR NoPol - Error ExecutionException java.util.concurrent.ExecutionException: java.lang.RuntimeException: failingTestCasesValidated: nothing to repair, no failing test cases
GPR[ESUN]-1659860183645
GPR[SSUN]-1659860183645
1013737658
GPR[ESUN]-1659860183695
GPR[SSUN]-1659860183695
1013737658
GPR[SPVATF]-1659860183755
GPR[EPVATF]-1659860183762
[7799] ERROR NoPol - Error ExecutionException java.util.concurrent.ExecutionException: java.lang.RuntimeException: failingTestCasesValidated: nothing to repair, no failing test cases
GPR[ESUN]-1659860183762
GPR[SSUN]-1659860183762
1013737658
GPR[SPVATF]-1659860183821
GPR[EPVATF]-1659860183828
[7865] ERROR NoPol - Error ExecutionException java.util.concurrent.ExecutionException: java.lang.RuntimeException: failingTestCasesValidated: nothing to repair, no failing test cases
GPR[SPVATF]-1659860183828
GPR[EPVATF]-1659860183835
[7872] ERROR NoPol - Error ExecutionException java.util.concurrent.ExecutionException: java.lang.RuntimeException: failingTestCasesValidated: nothing to repair, no failing test cases
GPR[ESUN]-1659860183835
GPR[SSUN]-1659860183835
1013737658
GPR[ESUN]-1659860183910
GPR[SSUN]-1659860183910
1013737658
GPR[ESUN]-1659860183967
GPR[SSUN]-1659860183967
1013737658
GPR[ESUN]-1659860184016
GPR[SSUN]-1659860184017
1013737658
GPR[ESUN]-1659860184070
GPR[SSUN]-1659860184070
1013737658
GPR[SPVATF]-1659860184124
GPR[EPVATF]-1659860184131
[8169] ERROR NoPol - Error ExecutionException java.util.concurrent.ExecutionException: java.lang.RuntimeException: failingTestCasesValidated: nothing to repair, no failing test cases
GPR[ESUN]-1659860184132
GPR[SSUN]-1659860184132
1013737658
GPR[SPVATF]-1659860184184
GPR[EPVATF]-1659860184191
[8228] ERROR NoPol - Error ExecutionException java.util.concurrent.ExecutionException: java.lang.RuntimeException: failingTestCasesValidated: nothing to repair, no failing test cases
GPR[ESUN]-1659860184191
GPR[SSUN]-1659860184191
1013737658
GPR[SPVATF]-1659860184244
GPR[EPVATF]-1659860184251
[8288] ERROR NoPol - Error ExecutionException java.util.concurrent.ExecutionException: java.lang.RuntimeException: failingTestCasesValidated: nothing to repair, no failing test cases
GPR[SPVATF]-1659860184251
GPR[EPVATF]-1659860184258
[8295] ERROR NoPol - Error ExecutionException java.util.concurrent.ExecutionException: java.lang.RuntimeException: failingTestCasesValidated: nothing to repair, no failing test cases
GPR[ESUN]-1659860184258
GPR[SSUN]-1659860184258
1013737658
GPR[ESUN]-1659860184312
GPR[SSUN]-1659860184312
1013737658
GPR[SPVATF]-1659860184363
GPR[EPVATF]-1659860184370
[8407] ERROR NoPol - Error ExecutionException java.util.concurrent.ExecutionException: java.lang.RuntimeException: failingTestCasesValidated: nothing to repair, no failing test cases
GPR[ESUN]-1659860184370
GPR[SSUN]-1659860184370
1013737658
GPR[ESUN]-1659860184420
GPR[SSUN]-1659860184420
1013737658
GPR[ESUN]-1659860184471
GPR[SSUN]-1659860184471
1013737658
GPR[ESUN]-1659860184519
GPR[SSUN]-1659860184519
-1129122774
GPR[ESUN]-1659860184566
GPR[SSUN]-1659860184566
1013737658
GPR[ESUN]-1659860184615
GPR[SSUN]-1659860184615
1013737658
GPR[ESUN]-1659860184665
GPR[SSUN]-1659860184665
1013737658
GPR[ESUN]-1659860184715
GPR[SSUN]-1659860184715
-1129122774
GPR[ESUN]-1659860184779
GPR[SSUN]-1659860184779
-1129122774
GPR[ESUN]-1659860184825
GPR[SSUN]-1659860184825
-1129122774
GPR[ESUN]-1659860184871
GPR[SSUN]-1659860184871
-1129122774
GPR[ESUN]-1659860184917
GPR[SSUN]-1659860184917
1013737658
GPR[SPVATF]-1659860184966
GPR[EPVATF]-1659860184971
[9008] ERROR NoPol - Error ExecutionException java.util.concurrent.ExecutionException: java.lang.RuntimeException: failingTestCasesValidated: nothing to repair, no failing test cases
GPR[SPVATF]-1659860184972
GPR[EPVATF]-1659860184976
[9013] ERROR NoPol - Error ExecutionException java.util.concurrent.ExecutionException: java.lang.RuntimeException: failingTestCasesValidated: nothing to repair, no failing test cases
GPR[ESUN]-1659860184976
GPR[SSUN]-1659860184976
1013737658
GPR[ESUN]-1659860185030
GPR[SSUN]-1659860185030
1013737658
GPR[SPVATF]-1659860185080
GPR[EPVATF]-1659860185085
[9122] ERROR NoPol - Error ExecutionException java.util.concurrent.ExecutionException: java.lang.RuntimeException: failingTestCasesValidated: nothing to repair, no failing test cases
GPR[ESUN]-1659860185085
GPR[SSUN]-1659860185085
1013737658
GPR[SPVATF]-1659860185135
GPR[EPVATF]-1659860185140
[9177] ERROR NoPol - Error ExecutionException java.util.concurrent.ExecutionException: java.lang.RuntimeException: failingTestCasesValidated: nothing to repair, no failing test cases
GPR[ESUN]-1659860185140
GPR[SSUN]-1659860185140
1013737658
GPR[ESUN]-1659860185189
GPR[SSUN]-1659860185189
1013737658
GPR[SPVATF]-1659860185239
GPR[EPVATF]-1659860185244
[9281] ERROR NoPol - Error ExecutionException java.util.concurrent.ExecutionException: java.lang.RuntimeException: failingTestCasesValidated: nothing to repair, no failing test cases
GPR[ESUN]-1659860185244
GPR[SSUN]-1659860185244
1013737658
GPR[SPVATF]-1659860185295
GPR[EPVATF]-1659860185300
[9337] ERROR NoPol - Error ExecutionException java.util.concurrent.ExecutionException: java.lang.RuntimeException: failingTestCasesValidated: nothing to repair, no failing test cases
GPR[ESUN]-1659860185300
GPR[SSUN]-1659860185300
-1129122774
GPR[SPVATF]-1659860185347
GPR[EPVATF]-1659860185352
[9389] ERROR NoPol - Error ExecutionException java.util.concurrent.ExecutionException: java.lang.RuntimeException: failingTestCasesValidated: nothing to repair, no failing test cases
GPR[SPVATF]-1659860185353
GPR[EPVATF]-1659860185357
[9394] ERROR NoPol - Error ExecutionException java.util.concurrent.ExecutionException: java.lang.RuntimeException: failingTestCasesValidated: nothing to repair, no failing test cases
GPR[ESUN]-1659860185357
GPR[SSUN]-1659860185357
-1129122774
GPR[SPVATF]-1659860185405
GPR[EPVATF]-1659860185409
[9446] ERROR NoPol - Error ExecutionException java.util.concurrent.ExecutionException: java.lang.RuntimeException: failingTestCasesValidated: nothing to repair, no failing test cases
GPR[SPVATF]-1659860185409
GPR[EPVATF]-1659860185413
[9450] ERROR NoPol - Error ExecutionException java.util.concurrent.ExecutionException: java.lang.RuntimeException: failingTestCasesValidated: nothing to repair, no failing test cases
GPR[ESUN]-1659860185413
GPR[SSUN]-1659860185413
-1129122774
GPR[ESUN]-1659860185458
GPR[SSUN]-1659860185458
-1129122774
GPR[SPVATF]-1659860185501
GPR[EPVATF]-1659860185506
[9543] ERROR NoPol - Error ExecutionException java.util.concurrent.ExecutionException: java.lang.RuntimeException: failingTestCasesValidated: nothing to repair, no failing test cases
GPR[ESUN]-1659860185506
GPR[SSUN]-1659860185506
-1129122774
GPR[SPVATF]-1659860185550
GPR[EPVATF]-1659860185555
[9592] ERROR NoPol - Error ExecutionException java.util.concurrent.ExecutionException: java.lang.RuntimeException: failingTestCasesValidated: nothing to repair, no failing test cases
GPR[ESUN]-1659860185555
GPR[SSUN]-1659860185555
-1129122774
GPR[SPVATF]-1659860185600
GPR[EPVATF]-1659860185605
[9642] ERROR NoPol - Error ExecutionException java.util.concurrent.ExecutionException: java.lang.RuntimeException: failingTestCasesValidated: nothing to repair, no failing test cases
GPR[ESUN]-1659860185605
GPR[SSUN]-1659860185605
-1129122774
GPR[ESUN]-1659860185648
GPR[SSUN]-1659860185648
-1129122774
GPR[ESUN]-1659860185693
GPR[SSUN]-1659860185693
-1129122774
GPR[SPVATF]-1659860185741
GPR[EPVATF]-1659860185746
[9783] ERROR NoPol - Error ExecutionException java.util.concurrent.ExecutionException: java.lang.RuntimeException: failingTestCasesValidated: nothing to repair, no failing test cases
GPR[SPVATF]-1659860185746
GPR[EPVATF]-1659860185752
[9789] ERROR NoPol - Error ExecutionException java.util.concurrent.ExecutionException: java.lang.RuntimeException: failingTestCasesValidated: nothing to repair, no failing test cases
GPR[ESUN]-1659860185752
GPR[SSUN]-1659860185752
1013737658
GPR[ESUN]-1659860185805
GPR[SSUN]-1659860185805
-1129122774
GPR[SPVATF]-1659860185863
GPR[EPVATF]-1659860185868
[9905] ERROR NoPol - Error ExecutionException java.util.concurrent.ExecutionException: java.lang.RuntimeException: failingTestCasesValidated: nothing to repair, no failing test cases
GPR[SPVATF]-1659860185868
GPR[EPVATF]-1659860185873
[9910] ERROR NoPol - Error ExecutionException java.util.concurrent.ExecutionException: java.lang.RuntimeException: failingTestCasesValidated: nothing to repair, no failing test cases
GPR[ESUN]-1659860185873
GPR[SSUN]-1659860185873
-1129122774
GPR[ESUN]-1659860185921
GPR[SSUN]-1659860185921
-1129122774
GPR[SPVATF]-1659860185966
GPR[EPVATF]-1659860185971
[10008] ERROR NoPol - Error ExecutionException java.util.concurrent.ExecutionException: java.lang.RuntimeException: failingTestCasesValidated: nothing to repair, no failing test cases
GPR[ESUN]-1659860185971
GPR[SSUN]-1659860185971
-1129122774
GPR[SPVATF]-1659860186019
GPR[EPVATF]-1659860186024
[10061] ERROR NoPol - Error ExecutionException java.util.concurrent.ExecutionException: java.lang.RuntimeException: failingTestCasesValidated: nothing to repair, no failing test cases
GPR[SPVATF]-1659860186024
GPR[EPVATF]-1659860186029
[10066] ERROR NoPol - Error ExecutionException java.util.concurrent.ExecutionException: java.lang.RuntimeException: failingTestCasesValidated: nothing to repair, no failing test cases
GPR[ESUN]-1659860186029
GPR[SSUN]-1659860186029
-1129122774
GPR[ESUN]-1659860186077
GPR[SSUN]-1659860186077
-1129122774
GPR[SPVATF]-1659860186123
GPR[EPVATF]-1659860186127
[10164] ERROR NoPol - Error ExecutionException java.util.concurrent.ExecutionException: java.lang.RuntimeException: failingTestCasesValidated: nothing to repair, no failing test cases
GPR[ESUN]-1659860186127
GPR[SSUN]-1659860186127
-1129122774
GPR[ESUN]-1659860186170
GPR[SSUN]-1659860186170
-1129122774
GPR[SPVATF]-1659860186214
GPR[EPVATF]-1659860186219
[10256] ERROR NoPol - Error ExecutionException java.util.concurrent.ExecutionException: java.lang.RuntimeException: failingTestCasesValidated: nothing to repair, no failing test cases
GPR[SPVATF]-1659860186219
GPR[EPVATF]-1659860186223
[10260] ERROR NoPol - Error ExecutionException java.util.concurrent.ExecutionException: java.lang.RuntimeException: failingTestCasesValidated: nothing to repair, no failing test cases
GPR[ESUN]-1659860186223
GPR[SSUN]-1659860186223
-1129122774
GPR[ESUN]-1659860186268
GPR[SSUN]-1659860186268
1254153140
GPR[ESUN]-1659860186316
GPR[SSUN]-1659860186316
1254153140
GPR[ESUN]-1659860186364
GPR[SSUN]-1659860186364
1254153140
GPR[SPVATF]-1659860186414
GPR[EPVATF]-1659860186423
GPR[SPS]-1659860186423
[10887] INFO SMTNopolSynthesizer - Not enough specifications: 0. A trivial patch is "true" or "false", please write new tests specifying SourceLocation org.apache.commons.math.stat.regression.SimpleRegression:120.
GPR[EPS]-1659860186850
GPR[ESUN]-1659860186850
GPR[SSUN]-1659860186850
1254153140
GPR[SPVATF]-1659860186903
GPR[EPVATF]-1659860186912
GPR[SPS]-1659860186912
[11058] INFO SMTNopolSynthesizer - Not enough specifications: 0. A trivial patch is "true" or "false", please write new tests specifying SourceLocation org.apache.commons.math.stat.regression.SimpleRegression:119.
GPR[EPS]-1659860187022
GPR[ESUN]-1659860187022
GPR[SSUN]-1659860187022
1254153140
GPR[SPVATF]-1659860187068
GPR[EPVATF]-1659860187076
GPR[SPS]-1659860187076
[11212] INFO SMTNopolSynthesizer - Not enough specifications: 0. A trivial patch is "true" or "false", please write new tests specifying SourceLocation org.apache.commons.math.stat.regression.SimpleRegression:118.
GPR[EPS]-1659860187175
GPR[ESUN]-1659860187175
GPR[SSUN]-1659860187175
1254153140
GPR[SPVATF]-1659860187225
GPR[EPVATF]-1659860187234
GPR[SPS]-1659860187234
GPR[EPS]-1659860188099
GPR[SPVATR]-1659860188099
[12137] INFO TestPatch - Applying patch: org.apache.commons.math.stat.regression.SimpleRegression:116: PRECONDITION org.apache.commons.math.stat.regression.SimpleRegression.this.ybar <= org.apache.commons.math.stat.regression.SimpleRegression.this.sumX
[12219] INFO TestPatch - Running test suite to check the patch "org.apache.commons.math.stat.regression.SimpleRegression.this.ybar <= org.apache.commons.math.stat.regression.SimpleRegression.this.sumX" is working
GPR[EPVATR]-1659860188197
[12234] INFO NoPol - ----PATCH FOUND----
GPR[PF]-1659860188197
[12245] INFO NoPol - --- a/src/java/org/apache/commons/math/stat/regression/SimpleRegression.java
+++ b/src/java/org/apache/commons/math/stat/regression/SimpleRegression.java
@@ -115,3 +115,5 @@
             xbar += dx / (double) (n + 1.0);
-            ybar += dy / (double) (n + 1.0);
+            if (org.apache.commons.math.stat.regression.SimpleRegression.this.ybar <= org.apache.commons.math.stat.regression.SimpleRegression.this.sumX) {
+                ybar += dy / (double) (n + 1.0);
+            }
         }

Saving patch at /experiment_home///results/Nopol/Math/105/seed_260/patch_10750_1ts_1659860188208.diff
GPR[ESUN]-1659860188208
GPR[SSUN]-1659860188208
1254153140
GPR[SPVATF]-1659860188260
GPR[EPVATF]-1659860188269
GPR[SPS]-1659860188269
GPR[EPS]-1659860188882
GPR[SPVATR]-1659860188882
[12919] INFO TestPatch - Applying patch: org.apache.commons.math.stat.regression.SimpleRegression:115: PRECONDITION (org.apache.commons.math.stat.regression.SimpleRegression.this.xbar) != (x)
[12990] INFO TestPatch - Running test suite to check the patch "(org.apache.commons.math.stat.regression.SimpleRegression.this.xbar) != (x)" is working
[13004] INFO TestPatch - Failing tests [testSSENonNegative(org.apache.commons.math.stat.regression.SimpleRegressionTest): null]
GPR[EPVATR]-1659860188967
GPR[ESUN]-1659860188967
GPR[SSUN]-1659860188967
1254153140
GPR[SPVATF]-1659860189018
GPR[EPVATF]-1659860189027
GPR[SPS]-1659860189027
GPR[EPS]-1659860194261
GPR[SPVATR]-1659860194261
[18298] INFO TestPatch - Applying patch: org.apache.commons.math.stat.regression.SimpleRegression:114: PRECONDITION (org.apache.commons.math.stat.regression.SimpleRegression.this.xbar) != (x)
[18370] INFO TestPatch - Running test suite to check the patch "(org.apache.commons.math.stat.regression.SimpleRegression.this.xbar) != (x)" is working
[18383] INFO TestPatch - Failing tests [testSSENonNegative(org.apache.commons.math.stat.regression.SimpleRegressionTest): null]
GPR[EPVATR]-1659860194346
GPR[ESUN]-1659860194346
GPR[SSUN]-1659860194346
1254153140
GPR[SPVATF]-1659860194414
GPR[EPVATF]-1659860194422
GPR[SPS]-1659860194422
[18534] INFO SMTNopolSynthesizer - Not enough specifications: 0. A trivial patch is "true" or "false", please write new tests specifying SourceLocation org.apache.commons.math.stat.regression.SimpleRegression:113.
GPR[EPS]-1659860194497
GPR[ESUN]-1659860194497
GPR[SSUN]-1659860194497
1254153140
GPR[SPVATF]-1659860194544
GPR[EPVATF]-1659860194552
GPR[SPS]-1659860194552
[18664] INFO SMTNopolSynthesizer - Not enough specifications: 0. A trivial patch is "true" or "false", please write new tests specifying SourceLocation org.apache.commons.math.stat.regression.SimpleRegression:112.
GPR[EPS]-1659860194627
GPR[ESUN]-1659860194627
GPR[SSUN]-1659860194627
1254153140
GPR[ESUN]-1659860194675
GPR[SSUN]-1659860194675
1254153140
GPR[ESUN]-1659860194721
GPR[SSUN]-1659860194721
1254153140
GPR[SPVATF]-1659860194767
GPR[EPVATF]-1659860194775
GPR[SPS]-1659860194775
GPR[EPS]-1659860194973
GPR[SPVATR]-1659860194973
[19010] INFO TestPatch - Applying patch: org.apache.commons.math.stat.regression.SimpleRegression:108: PRECONDITION y <= x
[19078] INFO TestPatch - Running test suite to check the patch "y <= x" is working
GPR[EPVATR]-1659860195053
[19090] INFO NoPol - ----PATCH FOUND----
GPR[PF]-1659860195053
[19092] INFO NoPol - --- a/src/java/org/apache/commons/math/stat/regression/SimpleRegression.java
+++ b/src/java/org/apache/commons/math/stat/regression/SimpleRegression.java
@@ -107,3 +107,5 @@
             xbar = x;
-            ybar = y;
+            if (y <= x) {
+                ybar = y;
+            }
         } else {

Saving patch at /experiment_home///results/Nopol/Math/105/seed_260/patch_17597_2ts_1659860195055.diff
GPR[ESUN]-1659860195056
GPR[SSUN]-1659860195056
1254153140
GPR[SPVATF]-1659860195103
GPR[EPVATF]-1659860195112
GPR[SPS]-1659860195112
GPR[EPS]-1659860195514
GPR[SPVATR]-1659860195514
[19551] INFO TestPatch - Applying patch: org.apache.commons.math.stat.regression.SimpleRegression:107: PRECONDITION (y <= x) || (!((x) != (1)))
[19621] INFO TestPatch - Running test suite to check the patch "(y <= x) || (!((x) != (1)))" is working
GPR[EPVATR]-1659860195595
[19632] INFO NoPol - ----PATCH FOUND----
GPR[PF]-1659860195595
[19634] INFO NoPol - --- a/src/java/org/apache/commons/math/stat/regression/SimpleRegression.java
+++ b/src/java/org/apache/commons/math/stat/regression/SimpleRegression.java
@@ -106,3 +106,5 @@
         if (n == 0) {
-            xbar = x;
+            if ((y <= x) || (!((x) != (1)))) {
+                xbar = x;
+            }
             ybar = y;

Saving patch at /experiment_home///results/Nopol/Math/105/seed_260/patch_18139_3ts_1659860195597.diff
GPR[ESUN]-1659860195597
GPR[SSUN]-1659860195597
1254153140
GPR[SPVATF]-1659860195645
GPR[EPVATF]-1659860195653
GPR[SPS]-1659860195653
[19782] INFO SMTNopolSynthesizer - Not enough specifications: 0. A trivial patch is "true" or "false", please write new tests specifying SourceLocation org.apache.commons.math.stat.regression.SimpleRegression:106.
GPR[EPS]-1659860195745
GPR[SPVATF]-1659860195745
GPR[EPVATF]-1659860195755
GPR[SPS]-1659860195755
[19870] INFO SMTNopolSynthesizer - Not enough specifications: 0. A trivial patch is "true" or "false", please write new tests specifying SourceLocation org.apache.commons.math.stat.regression.SimpleRegression:106.
GPR[EPS]-1659860195833
GPR[ESUN]-1659860195833
[19872] INFO NoPol - ----INFORMATION----
[19898] INFO NoPol - Nb classes : 139
[19898] INFO NoPol - Nb methods : 978
[19898] INFO NoPol - Nb Statements Analyzed : 12
[19898] INFO NoPol - Nb Statements with Angelic Value Found : 5
[19899] INFO NoPol - Nb inputs in SMT : 7
[19899] INFO NoPol - Nb SMT level: 3
[19899] INFO NoPol - Nb SMT components: [7] [== of arity: 2, != of arity: 2, < of arity: 2, <= of arity: 2, ! of arity: 1, || of arity: 2, && of arity: 2]
[19899] INFO NoPol -                   class java.lang.Boolean: 7
[19899] INFO NoPol - Nb variables in SMT : 18
[19899] INFO NoPol - NoPol Execution time : 19873ms
[19899] INFO NoPol - 
[19899] INFO NoPol - ----PATCH FOUND----
[19899] INFO NoPol - org.apache.commons.math.stat.regression.SimpleRegression.this.ybar <= org.apache.commons.math.stat.regression.SimpleRegression.this.sumX
[19909] INFO NoPol - Nb test that executes the patch: 9
[19909] INFO NoPol - org.apache.commons.math.stat.regression.SimpleRegression:116: PRECONDITION
[19911] INFO NoPol - --- a/src/java/org/apache/commons/math/stat/regression/SimpleRegression.java
+++ b/src/java/org/apache/commons/math/stat/regression/SimpleRegression.java
@@ -115,3 +115,5 @@
             xbar += dx / (double) (n + 1.0);
-            ybar += dy / (double) (n + 1.0);
+            if (org.apache.commons.math.stat.regression.SimpleRegression.this.ybar <= org.apache.commons.math.stat.regression.SimpleRegression.this.sumX) {
+                ybar += dy / (double) (n + 1.0);
+            }
         }

[19911] INFO NoPol - y <= x
[19916] INFO NoPol - Nb test that executes the patch: 9
[19916] INFO NoPol - org.apache.commons.math.stat.regression.SimpleRegression:108: PRECONDITION
[19918] INFO NoPol - --- a/src/java/org/apache/commons/math/stat/regression/SimpleRegression.java
+++ b/src/java/org/apache/commons/math/stat/regression/SimpleRegression.java
@@ -107,3 +107,5 @@
             xbar = x;
-            ybar = y;
+            if (y <= x) {
+                ybar = y;
+            }
         } else {

[19918] INFO NoPol - (y <= x) || (!((x) != (1)))
[19923] INFO NoPol - Nb test that executes the patch: 9
[19923] INFO NoPol - org.apache.commons.math.stat.regression.SimpleRegression:107: PRECONDITION
[19924] INFO NoPol - --- a/src/java/org/apache/commons/math/stat/regression/SimpleRegression.java
+++ b/src/java/org/apache/commons/math/stat/regression/SimpleRegression.java
@@ -106,3 +106,5 @@
         if (n == 0) {
-            xbar = x;
+            if ((y <= x) || (!((x) != (1)))) {
+                xbar = x;
+            }
             ybar = y;

GPR[EFP]-1659860195914
PATCH
\n\nNode: host-61\n
\n\nDate: Sun 07 Aug 2022 01:16:36 AM PDT\n
End running Nopol Math/105 results at /experiment_home///results/Nopol/Math/105/seed_260/
Removing checked out dir script/workingdir/Nopol/Math_105
GPR[SSLE]-1659860196348
GPR[ESLE]-1659860256354
