Picked up JAVA_TOOL_OPTIONS: -Dfile.encoding=UTF8 -Duser.language=en-US -Duser.country=US -Duser.language=en
com.google.javascript.jscomp.ClosureReverseAbstractInterpreterTest#testGoogIsDefAndNotNull3
.
Time: 2.325

OK (1 test)

com.google.javascript.jscomp.ClosureReverseAbstractInterpreterTest#testGoogIsDefAndNotNull2
.
Time: 0.966

OK (1 test)

com.google.javascript.jscomp.ClosureReverseAbstractInterpreterTest#testGoogIsDefAndNotNull1
.
Time: 1.04

OK (1 test)

com.google.javascript.jscomp.ClosureReverseAbstractInterpreterTest#testGoogIsDef1
.
Time: 1.01

OK (1 test)

com.google.javascript.jscomp.ClosureReverseAbstractInterpreterTest#testGoogIsFunctionOnNull
.
Time: 0.948

OK (1 test)

com.google.javascript.jscomp.ClosureReverseAbstractInterpreterTest#testGoogIsArray
.
Time: 1.035

OK (1 test)

com.google.javascript.jscomp.TypeInferenceTest#testAssertWithIsDef
.
Time: 1.185

OK (1 test)

com.google.javascript.jscomp.LooseTypeCheckTest#testClosure5
.E
Time: 1.213
There was 1 failure:
1) testClosure5(com.google.javascript.jscomp.LooseTypeCheckTest)
java.lang.NullPointerException
	at com.google.javascript.jscomp.type.ClosureReverseAbstractInterpreter.getPreciserScopeKnowingConditionOutcome(ClosureReverseAbstractInterpreter.java:208)
	at com.google.javascript.jscomp.type.ChainableReverseAbstractInterpreter.firstPreciserScopeKnowingConditionOutcome(ChainableReverseAbstractInterpreter.java:99)
	at com.google.javascript.jscomp.type.SemanticReverseAbstractInterpreter.getPreciserScopeKnowingConditionOutcome(SemanticReverseAbstractInterpreter.java:228)
	at com.google.javascript.jscomp.type.ChainableReverseAbstractInterpreter.nextPreciserScopeKnowingConditionOutcome(ChainableReverseAbstractInterpreter.java:109)
	at com.google.javascript.jscomp.type.ClosureReverseAbstractInterpreter.getPreciserScopeKnowingConditionOutcome(ClosureReverseAbstractInterpreter.java:226)
	at com.google.javascript.jscomp.TypeInference.traverseHook(TypeInference.java:757)
	at com.google.javascript.jscomp.TypeInference.traverse(TypeInference.java:273)
	at com.google.javascript.jscomp.TypeInference.traverseName(TypeInference.java:602)
	at com.google.javascript.jscomp.TypeInference.traverse(TypeInference.java:255)
	at com.google.javascript.jscomp.TypeInference.traverseChildren(TypeInference.java:1127)
	at com.google.javascript.jscomp.TypeInference.traverse(TypeInference.java:386)
	at com.google.javascript.jscomp.TypeInference.flowThrough(TypeInference.java:130)
	at com.google.javascript.jscomp.TypeInference.branchedFlowThrough(TypeInference.java:142)
	at com.google.javascript.jscomp.TypeInference.branchedFlowThrough(TypeInference.java:64)
	at com.google.javascript.jscomp.DataFlowAnalysis$BranchedForwardDataFlowAnalysis.flow(DataFlowAnalysis.java:447)
	at com.google.javascript.jscomp.DataFlowAnalysis.analyze(DataFlowAnalysis.java:212)
	at com.google.javascript.jscomp.DataFlowAnalysis.analyze(DataFlowAnalysis.java:180)
	at com.google.javascript.jscomp.TypeInferencePass.inferTypes(TypeInferencePass.java:89)
	at com.google.javascript.jscomp.TypeInferencePass$TypeInferringCallback.enterScope(TypeInferencePass.java:102)
	at com.google.javascript.jscomp.NodeTraversal.pushScope(NodeTraversal.java:577)
	at com.google.javascript.jscomp.NodeTraversal.traverseWithScope(NodeTraversal.java:341)
	at com.google.javascript.jscomp.TypeInferencePass.inferTypes(TypeInferencePass.java:80)
	at com.google.javascript.jscomp.TypeInferencePass.process(TypeInferencePass.java:73)
	at com.google.javascript.jscomp.TypeCheck.processForTesting(TypeCheck.java:376)
	at com.google.javascript.jscomp.LooseTypeCheckTest.testClosureTypesMultipleWarnings(LooseTypeCheckTest.java:6932)
	at com.google.javascript.jscomp.LooseTypeCheckTest.testClosureTypes(LooseTypeCheckTest.java:6912)
	at com.google.javascript.jscomp.LooseTypeCheckTest.testClosure5(LooseTypeCheckTest.java:3680)
	at sun.reflect.NativeMethodAccessorImpl.invoke0(Native Method)
	at sun.reflect.NativeMethodAccessorImpl.invoke(NativeMethodAccessorImpl.java:62)
	at sun.reflect.DelegatingMethodAccessorImpl.invoke(DelegatingMethodAccessorImpl.java:43)
	at java.lang.reflect.Method.invoke(Method.java:497)
	at junit.framework.TestCase.runTest(TestCase.java:168)
	at junit.framework.TestCase.runBare(TestCase.java:134)
	at junit.framework.TestResult$1.protect(TestResult.java:110)
	at junit.framework.TestResult.runProtected(TestResult.java:128)
	at junit.framework.TestResult.run(TestResult.java:113)
	at junit.framework.TestCase.run(TestCase.java:124)
	at junit.framework.TestSuite.runTest(TestSuite.java:243)
	at junit.framework.TestSuite.run(TestSuite.java:238)
	at org.junit.internal.runners.JUnit38ClassRunner.run(JUnit38ClassRunner.java:83)
	at org.junit.runner.JUnitCore.run(JUnitCore.java:157)
	at org.junit.runner.JUnitCore.run(JUnitCore.java:136)
	at fr.inria.lille.repair.MethodTestRunner.runTest(MethodTestRunner.java:44)
	at fr.inria.lille.repair.MethodTestRunner.access$0(MethodTestRunner.java:37)
	at fr.inria.lille.repair.MethodTestRunner$1.call(MethodTestRunner.java:20)
	at java.util.concurrent.FutureTask.run(FutureTask.java:266)
	at java.util.concurrent.ThreadPoolExecutor.runWorker(ThreadPoolExecutor.java:1142)
	at java.util.concurrent.ThreadPoolExecutor$Worker.run(ThreadPoolExecutor.java:617)
	at java.lang.Thread.run(Thread.java:745)

FAILURES!!!
Tests run: 1,  Failures: 1

com.google.javascript.jscomp.LooseTypeCheckTest#testClosure6
.E
Time: 1.16
There was 1 failure:
1) testClosure6(com.google.javascript.jscomp.LooseTypeCheckTest)
java.lang.NullPointerException
	at com.google.javascript.jscomp.type.ClosureReverseAbstractInterpreter.getPreciserScopeKnowingConditionOutcome(ClosureReverseAbstractInterpreter.java:208)
	at com.google.javascript.jscomp.type.ChainableReverseAbstractInterpreter.firstPreciserScopeKnowingConditionOutcome(ChainableReverseAbstractInterpreter.java:99)
	at com.google.javascript.jscomp.type.SemanticReverseAbstractInterpreter.getPreciserScopeKnowingConditionOutcome(SemanticReverseAbstractInterpreter.java:228)
	at com.google.javascript.jscomp.type.ChainableReverseAbstractInterpreter.nextPreciserScopeKnowingConditionOutcome(ChainableReverseAbstractInterpreter.java:109)
	at com.google.javascript.jscomp.type.ClosureReverseAbstractInterpreter.getPreciserScopeKnowingConditionOutcome(ClosureReverseAbstractInterpreter.java:226)
	at com.google.javascript.jscomp.TypeInference.traverseHook(TypeInference.java:757)
	at com.google.javascript.jscomp.TypeInference.traverse(TypeInference.java:273)
	at com.google.javascript.jscomp.TypeInference.traverseName(TypeInference.java:602)
	at com.google.javascript.jscomp.TypeInference.traverse(TypeInference.java:255)
	at com.google.javascript.jscomp.TypeInference.traverseChildren(TypeInference.java:1127)
	at com.google.javascript.jscomp.TypeInference.traverse(TypeInference.java:386)
	at com.google.javascript.jscomp.TypeInference.flowThrough(TypeInference.java:130)
	at com.google.javascript.jscomp.TypeInference.branchedFlowThrough(TypeInference.java:142)
	at com.google.javascript.jscomp.TypeInference.branchedFlowThrough(TypeInference.java:64)
	at com.google.javascript.jscomp.DataFlowAnalysis$BranchedForwardDataFlowAnalysis.flow(DataFlowAnalysis.java:447)
	at com.google.javascript.jscomp.DataFlowAnalysis.analyze(DataFlowAnalysis.java:212)
	at com.google.javascript.jscomp.DataFlowAnalysis.analyze(DataFlowAnalysis.java:180)
	at com.google.javascript.jscomp.TypeInferencePass.inferTypes(TypeInferencePass.java:89)
	at com.google.javascript.jscomp.TypeInferencePass$TypeInferringCallback.enterScope(TypeInferencePass.java:102)
	at com.google.javascript.jscomp.NodeTraversal.pushScope(NodeTraversal.java:577)
	at com.google.javascript.jscomp.NodeTraversal.traverseWithScope(NodeTraversal.java:341)
	at com.google.javascript.jscomp.TypeInferencePass.inferTypes(TypeInferencePass.java:80)
	at com.google.javascript.jscomp.TypeInferencePass.process(TypeInferencePass.java:73)
	at com.google.javascript.jscomp.TypeCheck.processForTesting(TypeCheck.java:376)
	at com.google.javascript.jscomp.LooseTypeCheckTest.testClosureTypesMultipleWarnings(LooseTypeCheckTest.java:6932)
	at com.google.javascript.jscomp.LooseTypeCheckTest.testClosureTypes(LooseTypeCheckTest.java:6912)
	at com.google.javascript.jscomp.LooseTypeCheckTest.testClosure6(LooseTypeCheckTest.java:3689)
	at sun.reflect.NativeMethodAccessorImpl.invoke0(Native Method)
	at sun.reflect.NativeMethodAccessorImpl.invoke(NativeMethodAccessorImpl.java:62)
	at sun.reflect.DelegatingMethodAccessorImpl.invoke(DelegatingMethodAccessorImpl.java:43)
	at java.lang.reflect.Method.invoke(Method.java:497)
	at junit.framework.TestCase.runTest(TestCase.java:168)
	at junit.framework.TestCase.runBare(TestCase.java:134)
	at junit.framework.TestResult$1.protect(TestResult.java:110)
	at junit.framework.TestResult.runProtected(TestResult.java:128)
	at junit.framework.TestResult.run(TestResult.java:113)
	at junit.framework.TestCase.run(TestCase.java:124)
	at junit.framework.TestSuite.runTest(TestSuite.java:243)
	at junit.framework.TestSuite.run(TestSuite.java:238)
	at org.junit.internal.runners.JUnit38ClassRunner.run(JUnit38ClassRunner.java:83)
	at org.junit.runner.JUnitCore.run(JUnitCore.java:157)
	at org.junit.runner.JUnitCore.run(JUnitCore.java:136)
	at fr.inria.lille.repair.MethodTestRunner.runTest(MethodTestRunner.java:44)
	at fr.inria.lille.repair.MethodTestRunner.access$0(MethodTestRunner.java:37)
	at fr.inria.lille.repair.MethodTestRunner$1.call(MethodTestRunner.java:20)
	at java.util.concurrent.FutureTask.run(FutureTask.java:266)
	at java.util.concurrent.ThreadPoolExecutor.runWorker(ThreadPoolExecutor.java:1142)
	at java.util.concurrent.ThreadPoolExecutor$Worker.run(ThreadPoolExecutor.java:617)
	at java.lang.Thread.run(Thread.java:745)

FAILURES!!!
Tests run: 1,  Failures: 1

com.google.javascript.jscomp.TypeCheckTest#testClosure3
.
Time: 1.128

OK (1 test)

com.google.javascript.jscomp.LooseTypeCheckTest#testClosure3
.
Time: 1.171

OK (1 test)

com.google.javascript.jscomp.TypeCheckTest#testClosure4
.E
Time: 1.163
There was 1 failure:
1) testClosure4(com.google.javascript.jscomp.TypeCheckTest)
java.lang.NullPointerException
	at com.google.javascript.jscomp.type.ClosureReverseAbstractInterpreter.getPreciserScopeKnowingConditionOutcome(ClosureReverseAbstractInterpreter.java:208)
	at com.google.javascript.jscomp.type.ChainableReverseAbstractInterpreter.firstPreciserScopeKnowingConditionOutcome(ChainableReverseAbstractInterpreter.java:99)
	at com.google.javascript.jscomp.type.SemanticReverseAbstractInterpreter.getPreciserScopeKnowingConditionOutcome(SemanticReverseAbstractInterpreter.java:228)
	at com.google.javascript.jscomp.type.ChainableReverseAbstractInterpreter.nextPreciserScopeKnowingConditionOutcome(ChainableReverseAbstractInterpreter.java:109)
	at com.google.javascript.jscomp.type.ClosureReverseAbstractInterpreter.getPreciserScopeKnowingConditionOutcome(ClosureReverseAbstractInterpreter.java:226)
	at com.google.javascript.jscomp.TypeInference.traverseHook(TypeInference.java:757)
	at com.google.javascript.jscomp.TypeInference.traverse(TypeInference.java:273)
	at com.google.javascript.jscomp.TypeInference.traverseName(TypeInference.java:602)
	at com.google.javascript.jscomp.TypeInference.traverse(TypeInference.java:255)
	at com.google.javascript.jscomp.TypeInference.traverseChildren(TypeInference.java:1127)
	at com.google.javascript.jscomp.TypeInference.traverse(TypeInference.java:386)
	at com.google.javascript.jscomp.TypeInference.flowThrough(TypeInference.java:130)
	at com.google.javascript.jscomp.TypeInference.branchedFlowThrough(TypeInference.java:142)
	at com.google.javascript.jscomp.TypeInference.branchedFlowThrough(TypeInference.java:64)
	at com.google.javascript.jscomp.DataFlowAnalysis$BranchedForwardDataFlowAnalysis.flow(DataFlowAnalysis.java:447)
	at com.google.javascript.jscomp.DataFlowAnalysis.analyze(DataFlowAnalysis.java:212)
	at com.google.javascript.jscomp.DataFlowAnalysis.analyze(DataFlowAnalysis.java:180)
	at com.google.javascript.jscomp.TypeInferencePass.inferTypes(TypeInferencePass.java:89)
	at com.google.javascript.jscomp.TypeInferencePass$TypeInferringCallback.enterScope(TypeInferencePass.java:102)
	at com.google.javascript.jscomp.NodeTraversal.pushScope(NodeTraversal.java:577)
	at com.google.javascript.jscomp.NodeTraversal.traverseWithScope(NodeTraversal.java:341)
	at com.google.javascript.jscomp.TypeInferencePass.inferTypes(TypeInferencePass.java:80)
	at com.google.javascript.jscomp.TypeInferencePass.process(TypeInferencePass.java:73)
	at com.google.javascript.jscomp.TypeCheck.processForTesting(TypeCheck.java:376)
	at com.google.javascript.jscomp.TypeCheckTest.testClosureTypesMultipleWarnings(TypeCheckTest.java:10151)
	at com.google.javascript.jscomp.TypeCheckTest.testClosureTypes(TypeCheckTest.java:10131)
	at com.google.javascript.jscomp.TypeCheckTest.testClosure4(TypeCheckTest.java:4523)
	at sun.reflect.NativeMethodAccessorImpl.invoke0(Native Method)
	at sun.reflect.NativeMethodAccessorImpl.invoke(NativeMethodAccessorImpl.java:62)
	at sun.reflect.DelegatingMethodAccessorImpl.invoke(DelegatingMethodAccessorImpl.java:43)
	at java.lang.reflect.Method.invoke(Method.java:497)
	at junit.framework.TestCase.runTest(TestCase.java:168)
	at junit.framework.TestCase.runBare(TestCase.java:134)
	at junit.framework.TestResult$1.protect(TestResult.java:110)
	at junit.framework.TestResult.runProtected(TestResult.java:128)
	at junit.framework.TestResult.run(TestResult.java:113)
	at junit.framework.TestCase.run(TestCase.java:124)
	at junit.framework.TestSuite.runTest(TestSuite.java:243)
	at junit.framework.TestSuite.run(TestSuite.java:238)
	at org.junit.internal.runners.JUnit38ClassRunner.run(JUnit38ClassRunner.java:83)
	at org.junit.runner.JUnitCore.run(JUnitCore.java:157)
	at org.junit.runner.JUnitCore.run(JUnitCore.java:136)
	at fr.inria.lille.repair.MethodTestRunner.runTest(MethodTestRunner.java:44)
	at fr.inria.lille.repair.MethodTestRunner.access$0(MethodTestRunner.java:37)
	at fr.inria.lille.repair.MethodTestRunner$1.call(MethodTestRunner.java:20)
	at java.util.concurrent.FutureTask.run(FutureTask.java:266)
	at java.util.concurrent.ThreadPoolExecutor.runWorker(ThreadPoolExecutor.java:1142)
	at java.util.concurrent.ThreadPoolExecutor$Worker.run(ThreadPoolExecutor.java:617)
	at java.lang.Thread.run(Thread.java:745)

FAILURES!!!
Tests run: 1,  Failures: 1

com.google.javascript.jscomp.LooseTypeCheckTest#testClosure4
.E
Time: 1.198
There was 1 failure:
1) testClosure4(com.google.javascript.jscomp.LooseTypeCheckTest)
java.lang.NullPointerException
	at com.google.javascript.jscomp.type.ClosureReverseAbstractInterpreter.getPreciserScopeKnowingConditionOutcome(ClosureReverseAbstractInterpreter.java:208)
	at com.google.javascript.jscomp.type.ChainableReverseAbstractInterpreter.firstPreciserScopeKnowingConditionOutcome(ChainableReverseAbstractInterpreter.java:99)
	at com.google.javascript.jscomp.type.SemanticReverseAbstractInterpreter.getPreciserScopeKnowingConditionOutcome(SemanticReverseAbstractInterpreter.java:228)
	at com.google.javascript.jscomp.type.ChainableReverseAbstractInterpreter.nextPreciserScopeKnowingConditionOutcome(ChainableReverseAbstractInterpreter.java:109)
	at com.google.javascript.jscomp.type.ClosureReverseAbstractInterpreter.getPreciserScopeKnowingConditionOutcome(ClosureReverseAbstractInterpreter.java:226)
	at com.google.javascript.jscomp.TypeInference.traverseHook(TypeInference.java:757)
	at com.google.javascript.jscomp.TypeInference.traverse(TypeInference.java:273)
	at com.google.javascript.jscomp.TypeInference.traverseName(TypeInference.java:602)
	at com.google.javascript.jscomp.TypeInference.traverse(TypeInference.java:255)
	at com.google.javascript.jscomp.TypeInference.traverseChildren(TypeInference.java:1127)
	at com.google.javascript.jscomp.TypeInference.traverse(TypeInference.java:386)
	at com.google.javascript.jscomp.TypeInference.flowThrough(TypeInference.java:130)
	at com.google.javascript.jscomp.TypeInference.branchedFlowThrough(TypeInference.java:142)
	at com.google.javascript.jscomp.TypeInference.branchedFlowThrough(TypeInference.java:64)
	at com.google.javascript.jscomp.DataFlowAnalysis$BranchedForwardDataFlowAnalysis.flow(DataFlowAnalysis.java:447)
	at com.google.javascript.jscomp.DataFlowAnalysis.analyze(DataFlowAnalysis.java:212)
	at com.google.javascript.jscomp.DataFlowAnalysis.analyze(DataFlowAnalysis.java:180)
	at com.google.javascript.jscomp.TypeInferencePass.inferTypes(TypeInferencePass.java:89)
	at com.google.javascript.jscomp.TypeInferencePass$TypeInferringCallback.enterScope(TypeInferencePass.java:102)
	at com.google.javascript.jscomp.NodeTraversal.pushScope(NodeTraversal.java:577)
	at com.google.javascript.jscomp.NodeTraversal.traverseWithScope(NodeTraversal.java:341)
	at com.google.javascript.jscomp.TypeInferencePass.inferTypes(TypeInferencePass.java:80)
	at com.google.javascript.jscomp.TypeInferencePass.process(TypeInferencePass.java:73)
	at com.google.javascript.jscomp.TypeCheck.processForTesting(TypeCheck.java:376)
	at com.google.javascript.jscomp.LooseTypeCheckTest.testClosureTypesMultipleWarnings(LooseTypeCheckTest.java:6932)
	at com.google.javascript.jscomp.LooseTypeCheckTest.testClosureTypes(LooseTypeCheckTest.java:6912)
	at com.google.javascript.jscomp.LooseTypeCheckTest.testClosure4(LooseTypeCheckTest.java:3671)
	at sun.reflect.NativeMethodAccessorImpl.invoke0(Native Method)
	at sun.reflect.NativeMethodAccessorImpl.invoke(NativeMethodAccessorImpl.java:62)
	at sun.reflect.DelegatingMethodAccessorImpl.invoke(DelegatingMethodAccessorImpl.java:43)
	at java.lang.reflect.Method.invoke(Method.java:497)
	at junit.framework.TestCase.runTest(TestCase.java:168)
	at junit.framework.TestCase.runBare(TestCase.java:134)
	at junit.framework.TestResult$1.protect(TestResult.java:110)
	at junit.framework.TestResult.runProtected(TestResult.java:128)
	at junit.framework.TestResult.run(TestResult.java:113)
	at junit.framework.TestCase.run(TestCase.java:124)
	at junit.framework.TestSuite.runTest(TestSuite.java:243)
	at junit.framework.TestSuite.run(TestSuite.java:238)
	at org.junit.internal.runners.JUnit38ClassRunner.run(JUnit38ClassRunner.java:83)
	at org.junit.runner.JUnitCore.run(JUnitCore.java:157)
	at org.junit.runner.JUnitCore.run(JUnitCore.java:136)
	at fr.inria.lille.repair.MethodTestRunner.runTest(MethodTestRunner.java:44)
	at fr.inria.lille.repair.MethodTestRunner.access$0(MethodTestRunner.java:37)
	at fr.inria.lille.repair.MethodTestRunner$1.call(MethodTestRunner.java:20)
	at java.util.concurrent.FutureTask.run(FutureTask.java:266)
	at java.util.concurrent.ThreadPoolExecutor.runWorker(ThreadPoolExecutor.java:1142)
	at java.util.concurrent.ThreadPoolExecutor$Worker.run(ThreadPoolExecutor.java:617)
	at java.lang.Thread.run(Thread.java:745)

FAILURES!!!
Tests run: 1,  Failures: 1

com.google.javascript.jscomp.TypeCheckTest#testClosure1
.
Time: 1.2

OK (1 test)

com.google.javascript.jscomp.LooseTypeCheckTest#testClosure1
.
Time: 1.215

OK (1 test)

com.google.javascript.jscomp.TypeCheckTest#testClosure2
.E
Time: 1.235
There was 1 failure:
1) testClosure2(com.google.javascript.jscomp.TypeCheckTest)
junit.framework.AssertionFailedError: unexpected warning(s) : JSC_TYPE_MISMATCH. initializing variable
found   : (null|string)
required: string at [testcode] line 10 : 191 expected:<0> but was:<1>
	at junit.framework.Assert.fail(Assert.java:47)
	at junit.framework.Assert.failNotEquals(Assert.java:283)
	at junit.framework.Assert.assertEquals(Assert.java:64)
	at junit.framework.Assert.assertEquals(Assert.java:195)
	at com.google.javascript.jscomp.TypeCheckTest.testClosureTypesMultipleWarnings(TypeCheckTest.java:10166)
	at com.google.javascript.jscomp.TypeCheckTest.testClosureTypes(TypeCheckTest.java:10131)
	at com.google.javascript.jscomp.TypeCheckTest.testClosure2(TypeCheckTest.java:4505)
	at sun.reflect.NativeMethodAccessorImpl.invoke0(Native Method)
	at sun.reflect.NativeMethodAccessorImpl.invoke(NativeMethodAccessorImpl.java:62)
	at sun.reflect.DelegatingMethodAccessorImpl.invoke(DelegatingMethodAccessorImpl.java:43)
	at java.lang.reflect.Method.invoke(Method.java:497)
	at junit.framework.TestCase.runTest(TestCase.java:168)
	at junit.framework.TestCase.runBare(TestCase.java:134)
	at junit.framework.TestResult$1.protect(TestResult.java:110)
	at junit.framework.TestResult.runProtected(TestResult.java:128)
	at junit.framework.TestResult.run(TestResult.java:113)
	at junit.framework.TestCase.run(TestCase.java:124)
	at junit.framework.TestSuite.runTest(TestSuite.java:243)
	at junit.framework.TestSuite.run(TestSuite.java:238)
	at org.junit.internal.runners.JUnit38ClassRunner.run(JUnit38ClassRunner.java:83)
	at org.junit.runner.JUnitCore.run(JUnitCore.java:157)
	at org.junit.runner.JUnitCore.run(JUnitCore.java:136)
	at fr.inria.lille.repair.MethodTestRunner.runTest(MethodTestRunner.java:44)
	at fr.inria.lille.repair.MethodTestRunner.access$0(MethodTestRunner.java:37)
	at fr.inria.lille.repair.MethodTestRunner$1.call(MethodTestRunner.java:20)
	at java.util.concurrent.FutureTask.run(FutureTask.java:266)
	at java.util.concurrent.ThreadPoolExecutor.runWorker(ThreadPoolExecutor.java:1142)
	at java.util.concurrent.ThreadPoolExecutor$Worker.run(ThreadPoolExecutor.java:617)
	at java.lang.Thread.run(Thread.java:745)

FAILURES!!!
Tests run: 1,  Failures: 1

com.google.javascript.jscomp.LooseTypeCheckTest#testClosure2
.E
Time: 1.166
There was 1 failure:
1) testClosure2(com.google.javascript.jscomp.LooseTypeCheckTest)
junit.framework.AssertionFailedError: unexpected warning(s) : JSC_TYPE_MISMATCH. initializing variable
found   : (null|string)
required: string at [testcode] line 10 : 195 expected:<0> but was:<1>
	at junit.framework.Assert.fail(Assert.java:47)
	at junit.framework.Assert.failNotEquals(Assert.java:283)
	at junit.framework.Assert.assertEquals(Assert.java:64)
	at junit.framework.Assert.assertEquals(Assert.java:195)
	at com.google.javascript.jscomp.LooseTypeCheckTest.testClosureTypesMultipleWarnings(LooseTypeCheckTest.java:6944)
	at com.google.javascript.jscomp.LooseTypeCheckTest.testClosureTypes(LooseTypeCheckTest.java:6912)
	at com.google.javascript.jscomp.LooseTypeCheckTest.testClosure2(LooseTypeCheckTest.java:3653)
	at sun.reflect.NativeMethodAccessorImpl.invoke0(Native Method)
	at sun.reflect.NativeMethodAccessorImpl.invoke(NativeMethodAccessorImpl.java:62)
	at sun.reflect.DelegatingMethodAccessorImpl.invoke(DelegatingMethodAccessorImpl.java:43)
	at java.lang.reflect.Method.invoke(Method.java:497)
	at junit.framework.TestCase.runTest(TestCase.java:168)
	at junit.framework.TestCase.runBare(TestCase.java:134)
	at junit.framework.TestResult$1.protect(TestResult.java:110)
	at junit.framework.TestResult.runProtected(TestResult.java:128)
	at junit.framework.TestResult.run(TestResult.java:113)
	at junit.framework.TestCase.run(TestCase.java:124)
	at junit.framework.TestSuite.runTest(TestSuite.java:243)
	at junit.framework.TestSuite.run(TestSuite.java:238)
	at org.junit.internal.runners.JUnit38ClassRunner.run(JUnit38ClassRunner.java:83)
	at org.junit.runner.JUnitCore.run(JUnitCore.java:157)
	at org.junit.runner.JUnitCore.run(JUnitCore.java:136)
	at fr.inria.lille.repair.MethodTestRunner.runTest(MethodTestRunner.java:44)
	at fr.inria.lille.repair.MethodTestRunner.access$0(MethodTestRunner.java:37)
	at fr.inria.lille.repair.MethodTestRunner$1.call(MethodTestRunner.java:20)
	at java.util.concurrent.FutureTask.run(FutureTask.java:266)
	at java.util.concurrent.ThreadPoolExecutor.runWorker(ThreadPoolExecutor.java:1142)
	at java.util.concurrent.ThreadPoolExecutor$Worker.run(ThreadPoolExecutor.java:617)
	at java.lang.Thread.run(Thread.java:745)

FAILURES!!!
Tests run: 1,  Failures: 1

com.google.javascript.jscomp.TypeInferenceTest#testAssertWithNotIsNull
.
Time: 1.174

OK (1 test)

com.google.javascript.jscomp.TypeCheckTest#testClosure5
.E
Time: 1.181
There was 1 failure:
1) testClosure5(com.google.javascript.jscomp.TypeCheckTest)
java.lang.NullPointerException
	at com.google.javascript.jscomp.type.ClosureReverseAbstractInterpreter.getPreciserScopeKnowingConditionOutcome(ClosureReverseAbstractInterpreter.java:208)
	at com.google.javascript.jscomp.type.ChainableReverseAbstractInterpreter.firstPreciserScopeKnowingConditionOutcome(ChainableReverseAbstractInterpreter.java:99)
	at com.google.javascript.jscomp.type.SemanticReverseAbstractInterpreter.getPreciserScopeKnowingConditionOutcome(SemanticReverseAbstractInterpreter.java:228)
	at com.google.javascript.jscomp.type.ChainableReverseAbstractInterpreter.nextPreciserScopeKnowingConditionOutcome(ChainableReverseAbstractInterpreter.java:109)
	at com.google.javascript.jscomp.type.ClosureReverseAbstractInterpreter.getPreciserScopeKnowingConditionOutcome(ClosureReverseAbstractInterpreter.java:226)
	at com.google.javascript.jscomp.TypeInference.traverseHook(TypeInference.java:757)
	at com.google.javascript.jscomp.TypeInference.traverse(TypeInference.java:273)
	at com.google.javascript.jscomp.TypeInference.traverseName(TypeInference.java:602)
	at com.google.javascript.jscomp.TypeInference.traverse(TypeInference.java:255)
	at com.google.javascript.jscomp.TypeInference.traverseChildren(TypeInference.java:1127)
	at com.google.javascript.jscomp.TypeInference.traverse(TypeInference.java:386)
	at com.google.javascript.jscomp.TypeInference.flowThrough(TypeInference.java:130)
	at com.google.javascript.jscomp.TypeInference.branchedFlowThrough(TypeInference.java:142)
	at com.google.javascript.jscomp.TypeInference.branchedFlowThrough(TypeInference.java:64)
	at com.google.javascript.jscomp.DataFlowAnalysis$BranchedForwardDataFlowAnalysis.flow(DataFlowAnalysis.java:447)
	at com.google.javascript.jscomp.DataFlowAnalysis.analyze(DataFlowAnalysis.java:212)
	at com.google.javascript.jscomp.DataFlowAnalysis.analyze(DataFlowAnalysis.java:180)
	at com.google.javascript.jscomp.TypeInferencePass.inferTypes(TypeInferencePass.java:89)
	at com.google.javascript.jscomp.TypeInferencePass$TypeInferringCallback.enterScope(TypeInferencePass.java:102)
	at com.google.javascript.jscomp.NodeTraversal.pushScope(NodeTraversal.java:577)
	at com.google.javascript.jscomp.NodeTraversal.traverseWithScope(NodeTraversal.java:341)
	at com.google.javascript.jscomp.TypeInferencePass.inferTypes(TypeInferencePass.java:80)
	at com.google.javascript.jscomp.TypeInferencePass.process(TypeInferencePass.java:73)
	at com.google.javascript.jscomp.TypeCheck.processForTesting(TypeCheck.java:376)
	at com.google.javascript.jscomp.TypeCheckTest.testClosureTypesMultipleWarnings(TypeCheckTest.java:10151)
	at com.google.javascript.jscomp.TypeCheckTest.testClosureTypes(TypeCheckTest.java:10131)
	at com.google.javascript.jscomp.TypeCheckTest.testClosure5(TypeCheckTest.java:4532)
	at sun.reflect.NativeMethodAccessorImpl.invoke0(Native Method)
	at sun.reflect.NativeMethodAccessorImpl.invoke(NativeMethodAccessorImpl.java:62)
	at sun.reflect.DelegatingMethodAccessorImpl.invoke(DelegatingMethodAccessorImpl.java:43)
	at java.lang.reflect.Method.invoke(Method.java:497)
	at junit.framework.TestCase.runTest(TestCase.java:168)
	at junit.framework.TestCase.runBare(TestCase.java:134)
	at junit.framework.TestResult$1.protect(TestResult.java:110)
	at junit.framework.TestResult.runProtected(TestResult.java:128)
	at junit.framework.TestResult.run(TestResult.java:113)
	at junit.framework.TestCase.run(TestCase.java:124)
	at junit.framework.TestSuite.runTest(TestSuite.java:243)
	at junit.framework.TestSuite.run(TestSuite.java:238)
	at org.junit.internal.runners.JUnit38ClassRunner.run(JUnit38ClassRunner.java:83)
	at org.junit.runner.JUnitCore.run(JUnitCore.java:157)
	at org.junit.runner.JUnitCore.run(JUnitCore.java:136)
	at fr.inria.lille.repair.MethodTestRunner.runTest(MethodTestRunner.java:44)
	at fr.inria.lille.repair.MethodTestRunner.access$0(MethodTestRunner.java:37)
	at fr.inria.lille.repair.MethodTestRunner$1.call(MethodTestRunner.java:20)
	at java.util.concurrent.FutureTask.run(FutureTask.java:266)
	at java.util.concurrent.ThreadPoolExecutor.runWorker(ThreadPoolExecutor.java:1142)
	at java.util.concurrent.ThreadPoolExecutor$Worker.run(ThreadPoolExecutor.java:617)
	at java.lang.Thread.run(Thread.java:745)

FAILURES!!!
Tests run: 1,  Failures: 1

com.google.javascript.jscomp.TypeCheckTest#testClosure6
.E
Time: 1.192
There was 1 failure:
1) testClosure6(com.google.javascript.jscomp.TypeCheckTest)
java.lang.NullPointerException
	at com.google.javascript.jscomp.type.ClosureReverseAbstractInterpreter.getPreciserScopeKnowingConditionOutcome(ClosureReverseAbstractInterpreter.java:208)
	at com.google.javascript.jscomp.type.ChainableReverseAbstractInterpreter.firstPreciserScopeKnowingConditionOutcome(ChainableReverseAbstractInterpreter.java:99)
	at com.google.javascript.jscomp.type.SemanticReverseAbstractInterpreter.getPreciserScopeKnowingConditionOutcome(SemanticReverseAbstractInterpreter.java:228)
	at com.google.javascript.jscomp.type.ChainableReverseAbstractInterpreter.nextPreciserScopeKnowingConditionOutcome(ChainableReverseAbstractInterpreter.java:109)
	at com.google.javascript.jscomp.type.ClosureReverseAbstractInterpreter.getPreciserScopeKnowingConditionOutcome(ClosureReverseAbstractInterpreter.java:226)
	at com.google.javascript.jscomp.TypeInference.traverseHook(TypeInference.java:757)
	at com.google.javascript.jscomp.TypeInference.traverse(TypeInference.java:273)
	at com.google.javascript.jscomp.TypeInference.traverseName(TypeInference.java:602)
	at com.google.javascript.jscomp.TypeInference.traverse(TypeInference.java:255)
	at com.google.javascript.jscomp.TypeInference.traverseChildren(TypeInference.java:1127)
	at com.google.javascript.jscomp.TypeInference.traverse(TypeInference.java:386)
	at com.google.javascript.jscomp.TypeInference.flowThrough(TypeInference.java:130)
	at com.google.javascript.jscomp.TypeInference.branchedFlowThrough(TypeInference.java:142)
	at com.google.javascript.jscomp.TypeInference.branchedFlowThrough(TypeInference.java:64)
	at com.google.javascript.jscomp.DataFlowAnalysis$BranchedForwardDataFlowAnalysis.flow(DataFlowAnalysis.java:447)
	at com.google.javascript.jscomp.DataFlowAnalysis.analyze(DataFlowAnalysis.java:212)
	at com.google.javascript.jscomp.DataFlowAnalysis.analyze(DataFlowAnalysis.java:180)
	at com.google.javascript.jscomp.TypeInferencePass.inferTypes(TypeInferencePass.java:89)
	at com.google.javascript.jscomp.TypeInferencePass$TypeInferringCallback.enterScope(TypeInferencePass.java:102)
	at com.google.javascript.jscomp.NodeTraversal.pushScope(NodeTraversal.java:577)
	at com.google.javascript.jscomp.NodeTraversal.traverseWithScope(NodeTraversal.java:341)
	at com.google.javascript.jscomp.TypeInferencePass.inferTypes(TypeInferencePass.java:80)
	at com.google.javascript.jscomp.TypeInferencePass.process(TypeInferencePass.java:73)
	at com.google.javascript.jscomp.TypeCheck.processForTesting(TypeCheck.java:376)
	at com.google.javascript.jscomp.TypeCheckTest.testClosureTypesMultipleWarnings(TypeCheckTest.java:10151)
	at com.google.javascript.jscomp.TypeCheckTest.testClosureTypes(TypeCheckTest.java:10131)
	at com.google.javascript.jscomp.TypeCheckTest.testClosure6(TypeCheckTest.java:4541)
	at sun.reflect.NativeMethodAccessorImpl.invoke0(Native Method)
	at sun.reflect.NativeMethodAccessorImpl.invoke(NativeMethodAccessorImpl.java:62)
	at sun.reflect.DelegatingMethodAccessorImpl.invoke(DelegatingMethodAccessorImpl.java:43)
	at java.lang.reflect.Method.invoke(Method.java:497)
	at junit.framework.TestCase.runTest(TestCase.java:168)
	at junit.framework.TestCase.runBare(TestCase.java:134)
	at junit.framework.TestResult$1.protect(TestResult.java:110)
	at junit.framework.TestResult.runProtected(TestResult.java:128)
	at junit.framework.TestResult.run(TestResult.java:113)
	at junit.framework.TestCase.run(TestCase.java:124)
	at junit.framework.TestSuite.runTest(TestSuite.java:243)
	at junit.framework.TestSuite.run(TestSuite.java:238)
	at org.junit.internal.runners.JUnit38ClassRunner.run(JUnit38ClassRunner.java:83)
	at org.junit.runner.JUnitCore.run(JUnitCore.java:157)
	at org.junit.runner.JUnitCore.run(JUnitCore.java:136)
	at fr.inria.lille.repair.MethodTestRunner.runTest(MethodTestRunner.java:44)
	at fr.inria.lille.repair.MethodTestRunner.access$0(MethodTestRunner.java:37)
	at fr.inria.lille.repair.MethodTestRunner$1.call(MethodTestRunner.java:20)
	at java.util.concurrent.FutureTask.run(FutureTask.java:266)
	at java.util.concurrent.ThreadPoolExecutor.runWorker(ThreadPoolExecutor.java:1142)
	at java.util.concurrent.ThreadPoolExecutor$Worker.run(ThreadPoolExecutor.java:617)
	at java.lang.Thread.run(Thread.java:745)

FAILURES!!!
Tests run: 1,  Failures: 1

com.google.javascript.jscomp.LooseTypeCheckTest#testTypeOfReduction9
.E
Time: 1.219
There was 1 failure:
1) testTypeOfReduction9(com.google.javascript.jscomp.LooseTypeCheckTest)
junit.framework.AssertionFailedError: unexpected warning(s) : JSC_TYPE_MISMATCH. inconsistent return type
found   : (Array|string)
required: string at [testcode] line 13 : 7 expected:<0> but was:<1>
	at junit.framework.Assert.fail(Assert.java:47)
	at junit.framework.Assert.failNotEquals(Assert.java:283)
	at junit.framework.Assert.assertEquals(Assert.java:64)
	at junit.framework.Assert.assertEquals(Assert.java:195)
	at com.google.javascript.jscomp.LooseTypeCheckTest.testClosureTypesMultipleWarnings(LooseTypeCheckTest.java:6944)
	at com.google.javascript.jscomp.LooseTypeCheckTest.testClosureTypes(LooseTypeCheckTest.java:6912)
	at com.google.javascript.jscomp.LooseTypeCheckTest.testTypeOfReduction9(LooseTypeCheckTest.java:579)
	at sun.reflect.NativeMethodAccessorImpl.invoke0(Native Method)
	at sun.reflect.NativeMethodAccessorImpl.invoke(NativeMethodAccessorImpl.java:62)
	at sun.reflect.DelegatingMethodAccessorImpl.invoke(DelegatingMethodAccessorImpl.java:43)
	at java.lang.reflect.Method.invoke(Method.java:497)
	at junit.framework.TestCase.runTest(TestCase.java:168)
	at junit.framework.TestCase.runBare(TestCase.java:134)
	at junit.framework.TestResult$1.protect(TestResult.java:110)
	at junit.framework.TestResult.runProtected(TestResult.java:128)
	at junit.framework.TestResult.run(TestResult.java:113)
	at junit.framework.TestCase.run(TestCase.java:124)
	at junit.framework.TestSuite.runTest(TestSuite.java:243)
	at junit.framework.TestSuite.run(TestSuite.java:238)
	at org.junit.internal.runners.JUnit38ClassRunner.run(JUnit38ClassRunner.java:83)
	at org.junit.runner.JUnitCore.run(JUnitCore.java:157)
	at org.junit.runner.JUnitCore.run(JUnitCore.java:136)
	at fr.inria.lille.repair.MethodTestRunner.runTest(MethodTestRunner.java:44)
	at fr.inria.lille.repair.MethodTestRunner.access$0(MethodTestRunner.java:37)
	at fr.inria.lille.repair.MethodTestRunner$1.call(MethodTestRunner.java:20)
	at java.util.concurrent.FutureTask.run(FutureTask.java:266)
	at java.util.concurrent.ThreadPoolExecutor.runWorker(ThreadPoolExecutor.java:1142)
	at java.util.concurrent.ThreadPoolExecutor$Worker.run(ThreadPoolExecutor.java:617)
	at java.lang.Thread.run(Thread.java:745)

FAILURES!!!
Tests run: 1,  Failures: 1

com.google.javascript.jscomp.LooseTypeCheckTest#testTypeOfReduction8
.E
Time: 1.246
There was 1 failure:
1) testTypeOfReduction8(com.google.javascript.jscomp.LooseTypeCheckTest)
junit.framework.AssertionFailedError: unexpected warning(s) : JSC_TYPE_MISMATCH. inconsistent return type
found   : (number|string)
required: string at [testcode] line 13 : 7 expected:<0> but was:<1>
	at junit.framework.Assert.fail(Assert.java:47)
	at junit.framework.Assert.failNotEquals(Assert.java:283)
	at junit.framework.Assert.assertEquals(Assert.java:64)
	at junit.framework.Assert.assertEquals(Assert.java:195)
	at com.google.javascript.jscomp.LooseTypeCheckTest.testClosureTypesMultipleWarnings(LooseTypeCheckTest.java:6944)
	at com.google.javascript.jscomp.LooseTypeCheckTest.testClosureTypes(LooseTypeCheckTest.java:6912)
	at com.google.javascript.jscomp.LooseTypeCheckTest.testTypeOfReduction8(LooseTypeCheckTest.java:570)
	at sun.reflect.NativeMethodAccessorImpl.invoke0(Native Method)
	at sun.reflect.NativeMethodAccessorImpl.invoke(NativeMethodAccessorImpl.java:62)
	at sun.reflect.DelegatingMethodAccessorImpl.invoke(DelegatingMethodAccessorImpl.java:43)
	at java.lang.reflect.Method.invoke(Method.java:497)
	at junit.framework.TestCase.runTest(TestCase.java:168)
	at junit.framework.TestCase.runBare(TestCase.java:134)
	at junit.framework.TestResult$1.protect(TestResult.java:110)
	at junit.framework.TestResult.runProtected(TestResult.java:128)
	at junit.framework.TestResult.run(TestResult.java:113)
	at junit.framework.TestCase.run(TestCase.java:124)
	at junit.framework.TestSuite.runTest(TestSuite.java:243)
	at junit.framework.TestSuite.run(TestSuite.java:238)
	at org.junit.internal.runners.JUnit38ClassRunner.run(JUnit38ClassRunner.java:83)
	at org.junit.runner.JUnitCore.run(JUnitCore.java:157)
	at org.junit.runner.JUnitCore.run(JUnitCore.java:136)
	at fr.inria.lille.repair.MethodTestRunner.runTest(MethodTestRunner.java:44)
	at fr.inria.lille.repair.MethodTestRunner.access$0(MethodTestRunner.java:37)
	at fr.inria.lille.repair.MethodTestRunner$1.call(MethodTestRunner.java:20)
	at java.util.concurrent.FutureTask.run(FutureTask.java:266)
	at java.util.concurrent.ThreadPoolExecutor.runWorker(ThreadPoolExecutor.java:1142)
	at java.util.concurrent.ThreadPoolExecutor$Worker.run(ThreadPoolExecutor.java:617)
	at java.lang.Thread.run(Thread.java:745)

FAILURES!!!
Tests run: 1,  Failures: 1

com.google.javascript.jscomp.TypeCheckTest#testQualifiedNameReduction4
.
Time: 1.257

OK (1 test)

com.google.javascript.jscomp.TypeCheckTest#testTypeOfReduction11
.
Time: 1.255

OK (1 test)

com.google.javascript.jscomp.LooseTypeCheckTest#testInnerFunction6
.
Time: 1.149

OK (1 test)

com.google.javascript.jscomp.LooseTypeCheckTest#testInnerFunction7
.
Time: 1.236

OK (1 test)

com.google.javascript.jscomp.TypeCheckTest#testTypeOfReduction13
.
Time: 1.224

OK (1 test)

com.google.javascript.jscomp.TypeCheckTest#testInnerFunction6
.
Time: 1.246

OK (1 test)

com.google.javascript.jscomp.TypeCheckTest#testTypeOfReduction8
.E
Time: 1.21
There was 1 failure:
1) testTypeOfReduction8(com.google.javascript.jscomp.TypeCheckTest)
junit.framework.AssertionFailedError: unexpected warning(s) : JSC_TYPE_MISMATCH. inconsistent return type
found   : (number|string)
required: string at [testcode] line 13 : 7 expected:<0> but was:<1>
	at junit.framework.Assert.fail(Assert.java:47)
	at junit.framework.Assert.failNotEquals(Assert.java:283)
	at junit.framework.Assert.assertEquals(Assert.java:64)
	at junit.framework.Assert.assertEquals(Assert.java:195)
	at com.google.javascript.jscomp.TypeCheckTest.testClosureTypesMultipleWarnings(TypeCheckTest.java:10166)
	at com.google.javascript.jscomp.TypeCheckTest.testClosureTypes(TypeCheckTest.java:10131)
	at com.google.javascript.jscomp.TypeCheckTest.testTypeOfReduction8(TypeCheckTest.java:581)
	at sun.reflect.NativeMethodAccessorImpl.invoke0(Native Method)
	at sun.reflect.NativeMethodAccessorImpl.invoke(NativeMethodAccessorImpl.java:62)
	at sun.reflect.DelegatingMethodAccessorImpl.invoke(DelegatingMethodAccessorImpl.java:43)
	at java.lang.reflect.Method.invoke(Method.java:497)
	at junit.framework.TestCase.runTest(TestCase.java:168)
	at junit.framework.TestCase.runBare(TestCase.java:134)
	at junit.framework.TestResult$1.protect(TestResult.java:110)
	at junit.framework.TestResult.runProtected(TestResult.java:128)
	at junit.framework.TestResult.run(TestResult.java:113)
	at junit.framework.TestCase.run(TestCase.java:124)
	at junit.framework.TestSuite.runTest(TestSuite.java:243)
	at junit.framework.TestSuite.run(TestSuite.java:238)
	at org.junit.internal.runners.JUnit38ClassRunner.run(JUnit38ClassRunner.java:83)
	at org.junit.runner.JUnitCore.run(JUnitCore.java:157)
	at org.junit.runner.JUnitCore.run(JUnitCore.java:136)
	at fr.inria.lille.repair.MethodTestRunner.runTest(MethodTestRunner.java:44)
	at fr.inria.lille.repair.MethodTestRunner.access$0(MethodTestRunner.java:37)
	at fr.inria.lille.repair.MethodTestRunner$1.call(MethodTestRunner.java:20)
	at java.util.concurrent.FutureTask.run(FutureTask.java:266)
	at java.util.concurrent.ThreadPoolExecutor.runWorker(ThreadPoolExecutor.java:1142)
	at java.util.concurrent.ThreadPoolExecutor$Worker.run(ThreadPoolExecutor.java:617)
	at java.lang.Thread.run(Thread.java:745)

FAILURES!!!
Tests run: 1,  Failures: 1

com.google.javascript.jscomp.TypeCheckTest#testInnerFunction7
.
Time: 1.185

OK (1 test)

com.google.javascript.jscomp.TypeCheckTest#testTypeOfReduction9
.E
Time: 1.185
There was 1 failure:
1) testTypeOfReduction9(com.google.javascript.jscomp.TypeCheckTest)
junit.framework.AssertionFailedError: unexpected warning(s) : JSC_TYPE_MISMATCH. inconsistent return type
found   : (Array|string)
required: string at [testcode] line 13 : 7 expected:<0> but was:<1>
	at junit.framework.Assert.fail(Assert.java:47)
	at junit.framework.Assert.failNotEquals(Assert.java:283)
	at junit.framework.Assert.assertEquals(Assert.java:64)
	at junit.framework.Assert.assertEquals(Assert.java:195)
	at com.google.javascript.jscomp.TypeCheckTest.testClosureTypesMultipleWarnings(TypeCheckTest.java:10166)
	at com.google.javascript.jscomp.TypeCheckTest.testClosureTypes(TypeCheckTest.java:10131)
	at com.google.javascript.jscomp.TypeCheckTest.testTypeOfReduction9(TypeCheckTest.java:590)
	at sun.reflect.NativeMethodAccessorImpl.invoke0(Native Method)
	at sun.reflect.NativeMethodAccessorImpl.invoke(NativeMethodAccessorImpl.java:62)
	at sun.reflect.DelegatingMethodAccessorImpl.invoke(DelegatingMethodAccessorImpl.java:43)
	at java.lang.reflect.Method.invoke(Method.java:497)
	at junit.framework.TestCase.runTest(TestCase.java:168)
	at junit.framework.TestCase.runBare(TestCase.java:134)
	at junit.framework.TestResult$1.protect(TestResult.java:110)
	at junit.framework.TestResult.runProtected(TestResult.java:128)
	at junit.framework.TestResult.run(TestResult.java:113)
	at junit.framework.TestCase.run(TestCase.java:124)
	at junit.framework.TestSuite.runTest(TestSuite.java:243)
	at junit.framework.TestSuite.run(TestSuite.java:238)
	at org.junit.internal.runners.JUnit38ClassRunner.run(JUnit38ClassRunner.java:83)
	at org.junit.runner.JUnitCore.run(JUnitCore.java:157)
	at org.junit.runner.JUnitCore.run(JUnitCore.java:136)
	at fr.inria.lille.repair.MethodTestRunner.runTest(MethodTestRunner.java:44)
	at fr.inria.lille.repair.MethodTestRunner.access$0(MethodTestRunner.java:37)
	at fr.inria.lille.repair.MethodTestRunner$1.call(MethodTestRunner.java:20)
	at java.util.concurrent.FutureTask.run(FutureTask.java:266)
	at java.util.concurrent.ThreadPoolExecutor.runWorker(ThreadPoolExecutor.java:1142)
	at java.util.concurrent.ThreadPoolExecutor$Worker.run(ThreadPoolExecutor.java:617)
	at java.lang.Thread.run(Thread.java:745)

FAILURES!!!
Tests run: 1,  Failures: 1

com.google.javascript.jscomp.ClosureReverseAbstractInterpreterTest#testGoogIsFunction
.E
Time: 1.171
There was 1 failure:
1) testGoogIsFunction(com.google.javascript.jscomp.ClosureReverseAbstractInterpreterTest)
junit.framework.AssertionFailedError: expected:<null> but was:<(function (new:Object, *=): ?|null)>
	at junit.framework.Assert.fail(Assert.java:47)
	at junit.framework.Assert.failNotEquals(Assert.java:283)
	at junit.framework.Assert.assertEquals(Assert.java:64)
	at junit.framework.Assert.assertEquals(Assert.java:71)
	at com.google.javascript.jscomp.ClosureReverseAbstractInterpreterTest.testClosureFunction(ClosureReverseAbstractInterpreterTest.java:171)
	at com.google.javascript.jscomp.ClosureReverseAbstractInterpreterTest.testGoogIsFunction(ClosureReverseAbstractInterpreterTest.java:113)
	at sun.reflect.NativeMethodAccessorImpl.invoke0(Native Method)
	at sun.reflect.NativeMethodAccessorImpl.invoke(NativeMethodAccessorImpl.java:62)
	at sun.reflect.DelegatingMethodAccessorImpl.invoke(DelegatingMethodAccessorImpl.java:43)
	at java.lang.reflect.Method.invoke(Method.java:497)
	at junit.framework.TestCase.runTest(TestCase.java:168)
	at junit.framework.TestCase.runBare(TestCase.java:134)
	at junit.framework.TestResult$1.protect(TestResult.java:110)
	at junit.framework.TestResult.runProtected(TestResult.java:128)
	at junit.framework.TestResult.run(TestResult.java:113)
	at junit.framework.TestCase.run(TestCase.java:124)
	at junit.framework.TestSuite.runTest(TestSuite.java:243)
	at junit.framework.TestSuite.run(TestSuite.java:238)
	at org.junit.internal.runners.JUnit38ClassRunner.run(JUnit38ClassRunner.java:83)
	at org.junit.runner.JUnitCore.run(JUnitCore.java:157)
	at org.junit.runner.JUnitCore.run(JUnitCore.java:136)
	at fr.inria.lille.repair.MethodTestRunner.runTest(MethodTestRunner.java:44)
	at fr.inria.lille.repair.MethodTestRunner.access$0(MethodTestRunner.java:37)
	at fr.inria.lille.repair.MethodTestRunner$1.call(MethodTestRunner.java:20)
	at java.util.concurrent.FutureTask.run(FutureTask.java:266)
	at java.util.concurrent.ThreadPoolExecutor.runWorker(ThreadPoolExecutor.java:1142)
	at java.util.concurrent.ThreadPoolExecutor$Worker.run(ThreadPoolExecutor.java:617)
	at java.lang.Thread.run(Thread.java:745)

FAILURES!!!
Tests run: 1,  Failures: 1

com.google.javascript.jscomp.LooseTypeCheckTest#testTypeOfReduction10
.
Time: 1.212

OK (1 test)

com.google.javascript.jscomp.LooseTypeCheckTest#testTypeOfReduction11
.
Time: 1.173

OK (1 test)

com.google.javascript.jscomp.LooseTypeCheckTest#testTypeOfReduction13
.
Time: 1.217

OK (1 test)

com.google.javascript.jscomp.ClosureReverseAbstractInterpreterTest#testGoogIsString1
.E
Time: 1.199
There was 1 failure:
1) testGoogIsString1(com.google.javascript.jscomp.ClosureReverseAbstractInterpreterTest)
junit.framework.AssertionFailedError: expected:<null> but was:<(null|string)>
	at junit.framework.Assert.fail(Assert.java:47)
	at junit.framework.Assert.failNotEquals(Assert.java:283)
	at junit.framework.Assert.assertEquals(Assert.java:64)
	at junit.framework.Assert.assertEquals(Assert.java:71)
	at com.google.javascript.jscomp.ClosureReverseAbstractInterpreterTest.testClosureFunction(ClosureReverseAbstractInterpreterTest.java:171)
	at com.google.javascript.jscomp.ClosureReverseAbstractInterpreterTest.testGoogIsString1(ClosureReverseAbstractInterpreterTest.java:78)
	at sun.reflect.NativeMethodAccessorImpl.invoke0(Native Method)
	at sun.reflect.NativeMethodAccessorImpl.invoke(NativeMethodAccessorImpl.java:62)
	at sun.reflect.DelegatingMethodAccessorImpl.invoke(DelegatingMethodAccessorImpl.java:43)
	at java.lang.reflect.Method.invoke(Method.java:497)
	at junit.framework.TestCase.runTest(TestCase.java:168)
	at junit.framework.TestCase.runBare(TestCase.java:134)
	at junit.framework.TestResult$1.protect(TestResult.java:110)
	at junit.framework.TestResult.runProtected(TestResult.java:128)
	at junit.framework.TestResult.run(TestResult.java:113)
	at junit.framework.TestCase.run(TestCase.java:124)
	at junit.framework.TestSuite.runTest(TestSuite.java:243)
	at junit.framework.TestSuite.run(TestSuite.java:238)
	at org.junit.internal.runners.JUnit38ClassRunner.run(JUnit38ClassRunner.java:83)
	at org.junit.runner.JUnitCore.run(JUnitCore.java:157)
	at org.junit.runner.JUnitCore.run(JUnitCore.java:136)
	at fr.inria.lille.repair.MethodTestRunner.runTest(MethodTestRunner.java:44)
	at fr.inria.lille.repair.MethodTestRunner.access$0(MethodTestRunner.java:37)
	at fr.inria.lille.repair.MethodTestRunner$1.call(MethodTestRunner.java:20)
	at java.util.concurrent.FutureTask.run(FutureTask.java:266)
	at java.util.concurrent.ThreadPoolExecutor.runWorker(ThreadPoolExecutor.java:1142)
	at java.util.concurrent.ThreadPoolExecutor$Worker.run(ThreadPoolExecutor.java:617)
	at java.lang.Thread.run(Thread.java:745)

FAILURES!!!
Tests run: 1,  Failures: 1

com.google.javascript.jscomp.LooseTypeCheckTest#testQualifiedNameReduction4
.
Time: 1.272

OK (1 test)

com.google.javascript.jscomp.ClosureReverseAbstractInterpreterTest#testGoogIsNull2
.E
Time: 1.241
There was 1 failure:
1) testGoogIsNull2(com.google.javascript.jscomp.ClosureReverseAbstractInterpreterTest)
junit.framework.AssertionFailedError: expected:<number> but was:<(null|number)>
	at junit.framework.Assert.fail(Assert.java:47)
	at junit.framework.Assert.failNotEquals(Assert.java:283)
	at junit.framework.Assert.assertEquals(Assert.java:64)
	at junit.framework.Assert.assertEquals(Assert.java:71)
	at com.google.javascript.jscomp.ClosureReverseAbstractInterpreterTest.testClosureFunction(ClosureReverseAbstractInterpreterTest.java:171)
	at com.google.javascript.jscomp.ClosureReverseAbstractInterpreterTest.testGoogIsNull2(ClosureReverseAbstractInterpreterTest.java:50)
	at sun.reflect.NativeMethodAccessorImpl.invoke0(Native Method)
	at sun.reflect.NativeMethodAccessorImpl.invoke(NativeMethodAccessorImpl.java:62)
	at sun.reflect.DelegatingMethodAccessorImpl.invoke(DelegatingMethodAccessorImpl.java:43)
	at java.lang.reflect.Method.invoke(Method.java:497)
	at junit.framework.TestCase.runTest(TestCase.java:168)
	at junit.framework.TestCase.runBare(TestCase.java:134)
	at junit.framework.TestResult$1.protect(TestResult.java:110)
	at junit.framework.TestResult.runProtected(TestResult.java:128)
	at junit.framework.TestResult.run(TestResult.java:113)
	at junit.framework.TestCase.run(TestCase.java:124)
	at junit.framework.TestSuite.runTest(TestSuite.java:243)
	at junit.framework.TestSuite.run(TestSuite.java:238)
	at org.junit.internal.runners.JUnit38ClassRunner.run(JUnit38ClassRunner.java:83)
	at org.junit.runner.JUnitCore.run(JUnitCore.java:157)
	at org.junit.runner.JUnitCore.run(JUnitCore.java:136)
	at fr.inria.lille.repair.MethodTestRunner.runTest(MethodTestRunner.java:44)
	at fr.inria.lille.repair.MethodTestRunner.access$0(MethodTestRunner.java:37)
	at fr.inria.lille.repair.MethodTestRunner$1.call(MethodTestRunner.java:20)
	at java.util.concurrent.FutureTask.run(FutureTask.java:266)
	at java.util.concurrent.ThreadPoolExecutor.runWorker(ThreadPoolExecutor.java:1142)
	at java.util.concurrent.ThreadPoolExecutor$Worker.run(ThreadPoolExecutor.java:617)
	at java.lang.Thread.run(Thread.java:745)

FAILURES!!!
Tests run: 1,  Failures: 1

com.google.javascript.jscomp.ClosureReverseAbstractInterpreterTest#testGoogIsNull1
.
Time: 1.301

OK (1 test)

com.google.javascript.jscomp.TypeInferenceTest#testNoThisInference
.E
Time: 1.149
There was 1 failure:
1) testNoThisInference(com.google.javascript.jscomp.TypeInferenceTest)
java.lang.IllegalArgumentException: Node cannot be refined. 
THIS 1 [source_file: [testcode]] : Object

	at com.google.javascript.jscomp.type.ChainableReverseAbstractInterpreter.declareNameInScope(ChainableReverseAbstractInterpreter.java:175)
	at com.google.javascript.jscomp.type.ClosureReverseAbstractInterpreter.restrictParameter(ClosureReverseAbstractInterpreter.java:239)
	at com.google.javascript.jscomp.type.ClosureReverseAbstractInterpreter.getPreciserScopeKnowingConditionOutcome(ClosureReverseAbstractInterpreter.java:220)
	at com.google.javascript.jscomp.TypeInference.branchedFlowThrough(TypeInference.java:235)
	at com.google.javascript.jscomp.TypeInference.branchedFlowThrough(TypeInference.java:64)
	at com.google.javascript.jscomp.DataFlowAnalysis$BranchedForwardDataFlowAnalysis.flow(DataFlowAnalysis.java:447)
	at com.google.javascript.jscomp.DataFlowAnalysis.analyze(DataFlowAnalysis.java:212)
	at com.google.javascript.jscomp.DataFlowAnalysis.analyze(DataFlowAnalysis.java:180)
	at com.google.javascript.jscomp.TypeInferenceTest.inFunction(TypeInferenceTest.java:126)
	at com.google.javascript.jscomp.TypeInferenceTest.testNoThisInference(TypeInferenceTest.java:1003)
	at sun.reflect.NativeMethodAccessorImpl.invoke0(Native Method)
	at sun.reflect.NativeMethodAccessorImpl.invoke(NativeMethodAccessorImpl.java:62)
	at sun.reflect.DelegatingMethodAccessorImpl.invoke(DelegatingMethodAccessorImpl.java:43)
	at java.lang.reflect.Method.invoke(Method.java:497)
	at junit.framework.TestCase.runTest(TestCase.java:168)
	at junit.framework.TestCase.runBare(TestCase.java:134)
	at junit.framework.TestResult$1.protect(TestResult.java:110)
	at junit.framework.TestResult.runProtected(TestResult.java:128)
	at junit.framework.TestResult.run(TestResult.java:113)
	at junit.framework.TestCase.run(TestCase.java:124)
	at junit.framework.TestSuite.runTest(TestSuite.java:243)
	at junit.framework.TestSuite.run(TestSuite.java:238)
	at org.junit.internal.runners.JUnit38ClassRunner.run(JUnit38ClassRunner.java:83)
	at org.junit.runner.JUnitCore.run(JUnitCore.java:157)
	at org.junit.runner.JUnitCore.run(JUnitCore.java:136)
	at fr.inria.lille.repair.MethodTestRunner.runTest(MethodTestRunner.java:44)
	at fr.inria.lille.repair.MethodTestRunner.access$0(MethodTestRunner.java:37)
	at fr.inria.lille.repair.MethodTestRunner$1.call(MethodTestRunner.java:20)
	at java.util.concurrent.FutureTask.run(FutureTask.java:266)
	at java.util.concurrent.ThreadPoolExecutor.runWorker(ThreadPoolExecutor.java:1142)
	at java.util.concurrent.ThreadPoolExecutor$Worker.run(ThreadPoolExecutor.java:617)
	at java.lang.Thread.run(Thread.java:745)

FAILURES!!!
Tests run: 1,  Failures: 1

com.google.javascript.jscomp.ClosureReverseAbstractInterpreterTest#testGoogIsNumber
.E
Time: 1.238
There was 1 failure:
1) testGoogIsNumber(com.google.javascript.jscomp.ClosureReverseAbstractInterpreterTest)
junit.framework.AssertionFailedError: expected:<null> but was:<(null|number)>
	at junit.framework.Assert.fail(Assert.java:47)
	at junit.framework.Assert.failNotEquals(Assert.java:283)
	at junit.framework.Assert.assertEquals(Assert.java:64)
	at junit.framework.Assert.assertEquals(Assert.java:71)
	at com.google.javascript.jscomp.ClosureReverseAbstractInterpreterTest.testClosureFunction(ClosureReverseAbstractInterpreterTest.java:171)
	at com.google.javascript.jscomp.ClosureReverseAbstractInterpreterTest.testGoogIsNumber(ClosureReverseAbstractInterpreterTest.java:106)
	at sun.reflect.NativeMethodAccessorImpl.invoke0(Native Method)
	at sun.reflect.NativeMethodAccessorImpl.invoke(NativeMethodAccessorImpl.java:62)
	at sun.reflect.DelegatingMethodAccessorImpl.invoke(DelegatingMethodAccessorImpl.java:43)
	at java.lang.reflect.Method.invoke(Method.java:497)
	at junit.framework.TestCase.runTest(TestCase.java:168)
	at junit.framework.TestCase.runBare(TestCase.java:134)
	at junit.framework.TestResult$1.protect(TestResult.java:110)
	at junit.framework.TestResult.runProtected(TestResult.java:128)
	at junit.framework.TestResult.run(TestResult.java:113)
	at junit.framework.TestCase.run(TestCase.java:124)
	at junit.framework.TestSuite.runTest(TestSuite.java:243)
	at junit.framework.TestSuite.run(TestSuite.java:238)
	at org.junit.internal.runners.JUnit38ClassRunner.run(JUnit38ClassRunner.java:83)
	at org.junit.runner.JUnitCore.run(JUnitCore.java:157)
	at org.junit.runner.JUnitCore.run(JUnitCore.java:136)
	at fr.inria.lille.repair.MethodTestRunner.runTest(MethodTestRunner.java:44)
	at fr.inria.lille.repair.MethodTestRunner.access$0(MethodTestRunner.java:37)
	at fr.inria.lille.repair.MethodTestRunner$1.call(MethodTestRunner.java:20)
	at java.util.concurrent.FutureTask.run(FutureTask.java:266)
	at java.util.concurrent.ThreadPoolExecutor.runWorker(ThreadPoolExecutor.java:1142)
	at java.util.concurrent.ThreadPoolExecutor$Worker.run(ThreadPoolExecutor.java:617)
	at java.lang.Thread.run(Thread.java:745)

FAILURES!!!
Tests run: 1,  Failures: 1

com.google.javascript.jscomp.ClosureReverseAbstractInterpreterTest#testGoogIsBoolean2
.E
Time: 1.268
There was 1 failure:
1) testGoogIsBoolean2(com.google.javascript.jscomp.ClosureReverseAbstractInterpreterTest)
junit.framework.AssertionFailedError: expected:<(NoObject|string)> but was:<(NoObject|boolean|string)>
	at junit.framework.Assert.fail(Assert.java:47)
	at junit.framework.Assert.failNotEquals(Assert.java:283)
	at junit.framework.Assert.assertEquals(Assert.java:64)
	at junit.framework.Assert.assertEquals(Assert.java:71)
	at com.google.javascript.jscomp.ClosureReverseAbstractInterpreterTest.testClosureFunction(ClosureReverseAbstractInterpreterTest.java:171)
	at com.google.javascript.jscomp.ClosureReverseAbstractInterpreterTest.testGoogIsBoolean2(ClosureReverseAbstractInterpreterTest.java:99)
	at sun.reflect.NativeMethodAccessorImpl.invoke0(Native Method)
	at sun.reflect.NativeMethodAccessorImpl.invoke(NativeMethodAccessorImpl.java:62)
	at sun.reflect.DelegatingMethodAccessorImpl.invoke(DelegatingMethodAccessorImpl.java:43)
	at java.lang.reflect.Method.invoke(Method.java:497)
	at junit.framework.TestCase.runTest(TestCase.java:168)
	at junit.framework.TestCase.runBare(TestCase.java:134)
	at junit.framework.TestResult$1.protect(TestResult.java:110)
	at junit.framework.TestResult.runProtected(TestResult.java:128)
	at junit.framework.TestResult.run(TestResult.java:113)
	at junit.framework.TestCase.run(TestCase.java:124)
	at junit.framework.TestSuite.runTest(TestSuite.java:243)
	at junit.framework.TestSuite.run(TestSuite.java:238)
	at org.junit.internal.runners.JUnit38ClassRunner.run(JUnit38ClassRunner.java:83)
	at org.junit.runner.JUnitCore.run(JUnitCore.java:157)
	at org.junit.runner.JUnitCore.run(JUnitCore.java:136)
	at fr.inria.lille.repair.MethodTestRunner.runTest(MethodTestRunner.java:44)
	at fr.inria.lille.repair.MethodTestRunner.access$0(MethodTestRunner.java:37)
	at fr.inria.lille.repair.MethodTestRunner$1.call(MethodTestRunner.java:20)
	at java.util.concurrent.FutureTask.run(FutureTask.java:266)
	at java.util.concurrent.ThreadPoolExecutor.runWorker(ThreadPoolExecutor.java:1142)
	at java.util.concurrent.ThreadPoolExecutor$Worker.run(ThreadPoolExecutor.java:617)
	at java.lang.Thread.run(Thread.java:745)

FAILURES!!!
Tests run: 1,  Failures: 1

com.google.javascript.jscomp.ClosureReverseAbstractInterpreterTest#testGoogIsBoolean1
.E
Time: 1.27
There was 1 failure:
1) testGoogIsBoolean1(com.google.javascript.jscomp.ClosureReverseAbstractInterpreterTest)
junit.framework.AssertionFailedError: expected:<null> but was:<(boolean|null)>
	at junit.framework.Assert.fail(Assert.java:47)
	at junit.framework.Assert.failNotEquals(Assert.java:283)
	at junit.framework.Assert.assertEquals(Assert.java:64)
	at junit.framework.Assert.assertEquals(Assert.java:71)
	at com.google.javascript.jscomp.ClosureReverseAbstractInterpreterTest.testClosureFunction(ClosureReverseAbstractInterpreterTest.java:171)
	at com.google.javascript.jscomp.ClosureReverseAbstractInterpreterTest.testGoogIsBoolean1(ClosureReverseAbstractInterpreterTest.java:92)
	at sun.reflect.NativeMethodAccessorImpl.invoke0(Native Method)
	at sun.reflect.NativeMethodAccessorImpl.invoke(NativeMethodAccessorImpl.java:62)
	at sun.reflect.DelegatingMethodAccessorImpl.invoke(DelegatingMethodAccessorImpl.java:43)
	at java.lang.reflect.Method.invoke(Method.java:497)
	at junit.framework.TestCase.runTest(TestCase.java:168)
	at junit.framework.TestCase.runBare(TestCase.java:134)
	at junit.framework.TestResult$1.protect(TestResult.java:110)
	at junit.framework.TestResult.runProtected(TestResult.java:128)
	at junit.framework.TestResult.run(TestResult.java:113)
	at junit.framework.TestCase.run(TestCase.java:124)
	at junit.framework.TestSuite.runTest(TestSuite.java:243)
	at junit.framework.TestSuite.run(TestSuite.java:238)
	at org.junit.internal.runners.JUnit38ClassRunner.run(JUnit38ClassRunner.java:83)
	at org.junit.runner.JUnitCore.run(JUnitCore.java:157)
	at org.junit.runner.JUnitCore.run(JUnitCore.java:136)
	at fr.inria.lille.repair.MethodTestRunner.runTest(MethodTestRunner.java:44)
	at fr.inria.lille.repair.MethodTestRunner.access$0(MethodTestRunner.java:37)
	at fr.inria.lille.repair.MethodTestRunner$1.call(MethodTestRunner.java:20)
	at java.util.concurrent.FutureTask.run(FutureTask.java:266)
	at java.util.concurrent.ThreadPoolExecutor.runWorker(ThreadPoolExecutor.java:1142)
	at java.util.concurrent.ThreadPoolExecutor$Worker.run(ThreadPoolExecutor.java:617)
	at java.lang.Thread.run(Thread.java:745)

FAILURES!!!
Tests run: 1,  Failures: 1

com.google.javascript.jscomp.ClosureReverseAbstractInterpreterTest#testGoogIsObjectOnNull
.
Time: 1.149

OK (1 test)

com.google.javascript.jscomp.ClosureReverseAbstractInterpreterTest#testGoogIsArrayOnNull
.
Time: 1.129

OK (1 test)

com.google.javascript.jscomp.TypeCheckTest#testTypeOfReduction10
.
Time: 1.254

OK (1 test)

