Picked up JAVA_TOOL_OPTIONS: -Dfile.encoding=UTF8 -Duser.language=en-US -Duser.country=US -Duser.language=en
org.apache.commons.math.stat.descriptive.moment.MeanTest#testIncrementation
.
Time: 0.42

OK (1 test)

org.apache.commons.math.stat.descriptive.moment.StandardDeviationTest#testIncrementation
.
Time: 0.015

OK (1 test)

org.apache.commons.math.stat.inference.TestUtilsTest#testTwoSampleTHomoscedastic
.
Time: 0.332

OK (1 test)

org.apache.commons.math.stat.descriptive.moment.ThirdMomentTest#testCopy
.E
Time: 0.021
There was 1 failure:
1) testCopy(org.apache.commons.math.stat.descriptive.moment.ThirdMomentTest)
java.lang.AssertionError: expected:<868.0906859504136> but was:<1736.1813719008271>
	at org.junit.Assert.fail(Assert.java:88)
	at org.junit.Assert.failNotEquals(Assert.java:743)
	at org.junit.Assert.assertEquals(Assert.java:494)
	at org.junit.Assert.assertEquals(Assert.java:592)
	at org.apache.commons.math.stat.descriptive.UnivariateStatisticAbstractTest.testCopy(UnivariateStatisticAbstractTest.java:150)
	at sun.reflect.NativeMethodAccessorImpl.invoke0(Native Method)
	at sun.reflect.NativeMethodAccessorImpl.invoke(NativeMethodAccessorImpl.java:62)
	at sun.reflect.DelegatingMethodAccessorImpl.invoke(DelegatingMethodAccessorImpl.java:43)
	at java.lang.reflect.Method.invoke(Method.java:497)
	at org.junit.runners.model.FrameworkMethod$1.runReflectiveCall(FrameworkMethod.java:47)
	at org.junit.internal.runners.model.ReflectiveCallable.run(ReflectiveCallable.java:12)
	at org.junit.runners.model.FrameworkMethod.invokeExplosively(FrameworkMethod.java:44)
	at org.junit.internal.runners.statements.InvokeMethod.evaluate(InvokeMethod.java:17)
	at org.junit.runners.ParentRunner.runLeaf(ParentRunner.java:271)
	at org.junit.runners.BlockJUnit4ClassRunner.runChild(BlockJUnit4ClassRunner.java:70)
	at org.junit.runners.BlockJUnit4ClassRunner.runChild(BlockJUnit4ClassRunner.java:50)
	at org.junit.runners.ParentRunner$3.run(ParentRunner.java:238)
	at org.junit.runners.ParentRunner$1.schedule(ParentRunner.java:63)
	at org.junit.runners.ParentRunner.runChildren(ParentRunner.java:236)
	at org.junit.runners.ParentRunner.access$000(ParentRunner.java:53)
	at org.junit.runners.ParentRunner$2.evaluate(ParentRunner.java:229)
	at org.junit.runners.ParentRunner.run(ParentRunner.java:309)
	at org.junit.runner.JUnitCore.run(JUnitCore.java:160)
	at org.junit.runner.JUnitCore.run(JUnitCore.java:138)
	at fr.inria.lille.repair.MethodTestRunner.runTest(MethodTestRunner.java:44)
	at fr.inria.lille.repair.MethodTestRunner.access$0(MethodTestRunner.java:37)
	at fr.inria.lille.repair.MethodTestRunner$1.call(MethodTestRunner.java:20)
	at java.util.concurrent.FutureTask.run(FutureTask.java:266)
	at java.util.concurrent.ThreadPoolExecutor.runWorker(ThreadPoolExecutor.java:1142)
	at java.util.concurrent.ThreadPoolExecutor$Worker.run(ThreadPoolExecutor.java:617)
	at java.lang.Thread.run(Thread.java:745)

FAILURES!!!
Tests run: 1,  Failures: 1

org.apache.commons.math.stat.descriptive.moment.VarianceTest#testIncrementation
.
Time: 0.007

OK (1 test)

org.apache.commons.math.stat.descriptive.moment.FirstMomentTest#testConsistency
.
Time: 0.076

OK (1 test)

org.apache.commons.math.stat.descriptive.moment.KurtosisTest#testEvaluation
.
Time: 0.017

OK (1 test)

org.apache.commons.math.stat.descriptive.DescriptiveStatisticsTest#testSetterInjection
.
Time: 0.018

OK (1 test)

org.apache.commons.math.stat.descriptive.moment.FourthMomentTest#testEvaluation
.E
Time: 0.013
There was 1 failure:
1) testEvaluation(org.apache.commons.math.stat.descriptive.moment.FourthMomentTest)
java.lang.AssertionError: expected:<9244.080993773481> but was:<18488.161987546962>
	at org.junit.Assert.fail(Assert.java:88)
	at org.junit.Assert.failNotEquals(Assert.java:743)
	at org.junit.Assert.assertEquals(Assert.java:494)
	at org.junit.Assert.assertEquals(Assert.java:592)
	at org.apache.commons.math.stat.descriptive.UnivariateStatisticAbstractTest.testEvaluation(UnivariateStatisticAbstractTest.java:97)
	at sun.reflect.NativeMethodAccessorImpl.invoke0(Native Method)
	at sun.reflect.NativeMethodAccessorImpl.invoke(NativeMethodAccessorImpl.java:62)
	at sun.reflect.DelegatingMethodAccessorImpl.invoke(DelegatingMethodAccessorImpl.java:43)
	at java.lang.reflect.Method.invoke(Method.java:497)
	at org.junit.runners.model.FrameworkMethod$1.runReflectiveCall(FrameworkMethod.java:47)
	at org.junit.internal.runners.model.ReflectiveCallable.run(ReflectiveCallable.java:12)
	at org.junit.runners.model.FrameworkMethod.invokeExplosively(FrameworkMethod.java:44)
	at org.junit.internal.runners.statements.InvokeMethod.evaluate(InvokeMethod.java:17)
	at org.junit.runners.ParentRunner.runLeaf(ParentRunner.java:271)
	at org.junit.runners.BlockJUnit4ClassRunner.runChild(BlockJUnit4ClassRunner.java:70)
	at org.junit.runners.BlockJUnit4ClassRunner.runChild(BlockJUnit4ClassRunner.java:50)
	at org.junit.runners.ParentRunner$3.run(ParentRunner.java:238)
	at org.junit.runners.ParentRunner$1.schedule(ParentRunner.java:63)
	at org.junit.runners.ParentRunner.runChildren(ParentRunner.java:236)
	at org.junit.runners.ParentRunner.access$000(ParentRunner.java:53)
	at org.junit.runners.ParentRunner$2.evaluate(ParentRunner.java:229)
	at org.junit.runners.ParentRunner.run(ParentRunner.java:309)
	at org.junit.runner.JUnitCore.run(JUnitCore.java:160)
	at org.junit.runner.JUnitCore.run(JUnitCore.java:138)
	at fr.inria.lille.repair.MethodTestRunner.runTest(MethodTestRunner.java:44)
	at fr.inria.lille.repair.MethodTestRunner.access$0(MethodTestRunner.java:37)
	at fr.inria.lille.repair.MethodTestRunner$1.call(MethodTestRunner.java:20)
	at java.util.concurrent.FutureTask.run(FutureTask.java:266)
	at java.util.concurrent.ThreadPoolExecutor.runWorker(ThreadPoolExecutor.java:1142)
	at java.util.concurrent.ThreadPoolExecutor$Worker.run(ThreadPoolExecutor.java:617)
	at java.lang.Thread.run(Thread.java:745)

FAILURES!!!
Tests run: 1,  Failures: 1

org.apache.commons.math.stat.regression.OLSMultipleLinearRegressionTest#testSwissFertility
.E
Time: 0.092
There was 1 failure:
1) testSwissFertility(org.apache.commons.math.stat.regression.OLSMultipleLinearRegressionTest)
java.lang.AssertionError: expected:<0.649789742860228> but was:<0.8248948714301141>
	at org.junit.Assert.fail(Assert.java:88)
	at org.junit.Assert.failNotEquals(Assert.java:743)
	at org.junit.Assert.assertEquals(Assert.java:494)
	at org.junit.Assert.assertEquals(Assert.java:592)
	at org.apache.commons.math.stat.regression.OLSMultipleLinearRegressionTest.testSwissFertility(OLSMultipleLinearRegressionTest.java:323)
	at sun.reflect.NativeMethodAccessorImpl.invoke0(Native Method)
	at sun.reflect.NativeMethodAccessorImpl.invoke(NativeMethodAccessorImpl.java:62)
	at sun.reflect.DelegatingMethodAccessorImpl.invoke(DelegatingMethodAccessorImpl.java:43)
	at java.lang.reflect.Method.invoke(Method.java:497)
	at org.junit.runners.model.FrameworkMethod$1.runReflectiveCall(FrameworkMethod.java:47)
	at org.junit.internal.runners.model.ReflectiveCallable.run(ReflectiveCallable.java:12)
	at org.junit.runners.model.FrameworkMethod.invokeExplosively(FrameworkMethod.java:44)
	at org.junit.internal.runners.statements.InvokeMethod.evaluate(InvokeMethod.java:17)
	at org.junit.internal.runners.statements.RunBefores.evaluate(RunBefores.java:26)
	at org.junit.runners.ParentRunner.runLeaf(ParentRunner.java:271)
	at org.junit.runners.BlockJUnit4ClassRunner.runChild(BlockJUnit4ClassRunner.java:70)
	at org.junit.runners.BlockJUnit4ClassRunner.runChild(BlockJUnit4ClassRunner.java:50)
	at org.junit.runners.ParentRunner$3.run(ParentRunner.java:238)
	at org.junit.runners.ParentRunner$1.schedule(ParentRunner.java:63)
	at org.junit.runners.ParentRunner.runChildren(ParentRunner.java:236)
	at org.junit.runners.ParentRunner.access$000(ParentRunner.java:53)
	at org.junit.runners.ParentRunner$2.evaluate(ParentRunner.java:229)
	at org.junit.runners.ParentRunner.run(ParentRunner.java:309)
	at org.junit.runner.JUnitCore.run(JUnitCore.java:160)
	at org.junit.runner.JUnitCore.run(JUnitCore.java:138)
	at fr.inria.lille.repair.MethodTestRunner.runTest(MethodTestRunner.java:44)
	at fr.inria.lille.repair.MethodTestRunner.access$0(MethodTestRunner.java:37)
	at fr.inria.lille.repair.MethodTestRunner$1.call(MethodTestRunner.java:20)
	at java.util.concurrent.FutureTask.run(FutureTask.java:266)
	at java.util.concurrent.ThreadPoolExecutor.runWorker(ThreadPoolExecutor.java:1142)
	at java.util.concurrent.ThreadPoolExecutor$Worker.run(ThreadPoolExecutor.java:617)
	at java.lang.Thread.run(Thread.java:745)

FAILURES!!!
Tests run: 1,  Failures: 1

org.apache.commons.math.stat.StatUtilsTest#testStats
.
Time: 0.08

OK (1 test)

org.apache.commons.math.stat.descriptive.moment.StandardDeviationTest#testCopy
.
Time: 0.027

OK (1 test)

org.apache.commons.math.stat.descriptive.rank.PercentileTest#testSingleton
.
Time: 0.021

OK (1 test)

org.apache.commons.math.stat.descriptive.moment.GeometricMeanTest#testConsistency
.
Time: 0.041

OK (1 test)

org.apache.commons.math.stat.descriptive.moment.SecondMomentTest#testIncrementation
.E
Time: 0.006
There was 1 failure:
1) testIncrementation(org.apache.commons.math.stat.descriptive.moment.SecondMomentTest)
java.lang.AssertionError: expected:<210.04954545454547> but was:<420.0990909090908>
	at org.junit.Assert.fail(Assert.java:88)
	at org.junit.Assert.failNotEquals(Assert.java:743)
	at org.junit.Assert.assertEquals(Assert.java:494)
	at org.junit.Assert.assertEquals(Assert.java:592)
	at org.apache.commons.math.stat.descriptive.StorelessUnivariateStatisticAbstractTest.testIncrementation(StorelessUnivariateStatisticAbstractTest.java:64)
	at sun.reflect.NativeMethodAccessorImpl.invoke0(Native Method)
	at sun.reflect.NativeMethodAccessorImpl.invoke(NativeMethodAccessorImpl.java:62)
	at sun.reflect.DelegatingMethodAccessorImpl.invoke(DelegatingMethodAccessorImpl.java:43)
	at java.lang.reflect.Method.invoke(Method.java:497)
	at org.junit.runners.model.FrameworkMethod$1.runReflectiveCall(FrameworkMethod.java:47)
	at org.junit.internal.runners.model.ReflectiveCallable.run(ReflectiveCallable.java:12)
	at org.junit.runners.model.FrameworkMethod.invokeExplosively(FrameworkMethod.java:44)
	at org.junit.internal.runners.statements.InvokeMethod.evaluate(InvokeMethod.java:17)
	at org.junit.runners.ParentRunner.runLeaf(ParentRunner.java:271)
	at org.junit.runners.BlockJUnit4ClassRunner.runChild(BlockJUnit4ClassRunner.java:70)
	at org.junit.runners.BlockJUnit4ClassRunner.runChild(BlockJUnit4ClassRunner.java:50)
	at org.junit.runners.ParentRunner$3.run(ParentRunner.java:238)
	at org.junit.runners.ParentRunner$1.schedule(ParentRunner.java:63)
	at org.junit.runners.ParentRunner.runChildren(ParentRunner.java:236)
	at org.junit.runners.ParentRunner.access$000(ParentRunner.java:53)
	at org.junit.runners.ParentRunner$2.evaluate(ParentRunner.java:229)
	at org.junit.runners.ParentRunner.run(ParentRunner.java:309)
	at org.junit.runner.JUnitCore.run(JUnitCore.java:160)
	at org.junit.runner.JUnitCore.run(JUnitCore.java:138)
	at fr.inria.lille.repair.MethodTestRunner.runTest(MethodTestRunner.java:44)
	at fr.inria.lille.repair.MethodTestRunner.access$0(MethodTestRunner.java:37)
	at fr.inria.lille.repair.MethodTestRunner$1.call(MethodTestRunner.java:20)
	at java.util.concurrent.FutureTask.run(FutureTask.java:266)
	at java.util.concurrent.ThreadPoolExecutor.runWorker(ThreadPoolExecutor.java:1142)
	at java.util.concurrent.ThreadPoolExecutor$Worker.run(ThreadPoolExecutor.java:617)
	at java.lang.Thread.run(Thread.java:745)

FAILURES!!!
Tests run: 1,  Failures: 1

org.apache.commons.math.stat.descriptive.DescriptiveStatisticsTest#testSummaryConsistency
.
Time: 1.623

OK (1 test)

org.apache.commons.math.stat.descriptive.MixedListUnivariateImplTest#testStats
.
Time: 0.015

OK (1 test)

org.apache.commons.math.stat.descriptive.moment.SkewnessTest#testIncrementation
.
Time: 0

OK (1 test)

org.apache.commons.math.stat.descriptive.moment.SecondMomentTest#testEvaluation
.
Time: 0

OK (1 test)

org.apache.commons.math.stat.descriptive.moment.SemiVarianceTest#testNoVariance
.
Time: 0.006

OK (1 test)

org.apache.commons.math.stat.descriptive.summary.ProductTest#testWeightedProduct
.
Time: 0

OK (1 test)

org.apache.commons.math.stat.descriptive.SynchronizedDescriptiveStatisticsTest#testWindowSize
.
Time: 0.001

OK (1 test)

org.apache.commons.math.stat.regression.OLSMultipleLinearRegressionTest#testPerfectFit
.
Time: 0.008

OK (1 test)

org.apache.commons.math.stat.inference.TTestTest#testTwoSampleTHeterscedastic
.
Time: 0

OK (1 test)

org.apache.commons.math.stat.inference.TTestTest#testOneSampleT
.
Time: 0

OK (1 test)

org.apache.commons.math.stat.descriptive.rank.PercentileTest#testHighPercentile
.
Time: 0

OK (1 test)

org.apache.commons.math.stat.descriptive.moment.KurtosisTest#testConsistency
.
Time: 0

OK (1 test)

org.apache.commons.math.stat.descriptive.SynchronizedSummaryStatisticsTest#testOverrideGeoMeanWithMathClass
.
Time: 0

OK (1 test)

org.apache.commons.math.stat.descriptive.DescriptiveStatisticsTest#testGetValues
.
Time: 0

OK (1 test)

org.apache.commons.math.stat.descriptive.DescriptiveStatisticsTest#testToString
.
Time: 0

OK (1 test)

org.apache.commons.math.stat.descriptive.SummaryStatisticsTest#testOverrideGeoMeanWithMathClass
.
Time: 0

OK (1 test)

org.apache.commons.math.stat.descriptive.SynchronizedDescriptiveStatisticsTest#testGetValues
.
Time: 0

OK (1 test)

org.apache.commons.math.stat.descriptive.summary.SumLogTest#testEvaluation
.
Time: 0

OK (1 test)

org.apache.commons.math.stat.descriptive.rank.PercentileTest#testLowPercentile
.
Time: 0

OK (1 test)

org.apache.commons.math.stat.descriptive.rank.PercentileTest#testSpecialValues
.
Time: 0

OK (1 test)

org.apache.commons.math.stat.inference.TTestTest#testSmallSamples
.
Time: 0

OK (1 test)

org.apache.commons.math.stat.StatUtilsTest#testPopulationVariance
.
Time: 0.001

OK (1 test)

org.apache.commons.math.stat.descriptive.moment.FirstMomentTest#testIncrementation
.
Time: 0

OK (1 test)

org.apache.commons.math.stat.descriptive.moment.SemiVarianceTest#testSample
.
Time: 0

OK (1 test)

org.apache.commons.math.stat.descriptive.SynchronizedSummaryStatisticsTest#testOverrideMeanWithMathClass
.
Time: 0

OK (1 test)

org.apache.commons.math.stat.descriptive.rank.MinTest#testEvaluation
.
Time: 0

OK (1 test)

org.apache.commons.math.stat.descriptive.SynchronizedDescriptiveStatisticsTest#testCopy
.
Time: 0

OK (1 test)

org.apache.commons.math.random.UniformRandomGeneratorTest#testMeanAndStandardDeviation
.
Time: 0.01

OK (1 test)

org.apache.commons.math.stat.descriptive.MixedListUnivariateImplTest#testN0andN1Conditions
.
Time: 0.001

OK (1 test)

org.apache.commons.math.stat.descriptive.SynchronizedDescriptiveStatisticsTest#testSummaryConsistency
.
Time: 7.229

OK (1 test)

org.apache.commons.math.stat.descriptive.AbstractUnivariateStatisticTest#testTestNegative
.
Time: 0.001

OK (1 test)

org.apache.commons.math.random.GaussianRandomGeneratorTest#testMeanAndStandardDeviation
.
Time: 0.022

OK (1 test)

org.apache.commons.math.stat.descriptive.moment.KurtosisTest#testIncrementation
.
Time: 0

OK (1 test)

org.apache.commons.math.stat.descriptive.DescriptiveStatisticsTest#testRemoval
.
Time: 0.001

OK (1 test)

org.apache.commons.math.stat.descriptive.SynchronizedDescriptiveStatisticsTest#testRemoval
.
Time: 0

OK (1 test)

org.apache.commons.math.stat.StatUtilsTest#testSumLog
.
Time: 0

OK (1 test)

org.apache.commons.math.stat.inference.TTestTest#testTwoSampleTHomoscedastic
.
Time: 0

OK (1 test)

org.apache.commons.math.stat.StatUtilsTest#testPercentile
.
Time: 0

OK (1 test)

org.apache.commons.math.stat.descriptive.moment.ThirdMomentTest#testIncrementation
.
Time: 0

OK (1 test)

org.apache.commons.math.stat.descriptive.moment.VarianceTest#testWeightedVariance
.
Time: 0.006

OK (1 test)

org.apache.commons.math.stat.descriptive.rank.PercentileTest#testNISTExample
.
Time: 0

OK (1 test)

org.apache.commons.math.stat.descriptive.moment.FourthMomentTest#testIncrementation
.
Time: 0

OK (1 test)

org.apache.commons.math.stat.descriptive.moment.ThirdMomentTest#testEvaluation
.
Time: 0

OK (1 test)

org.apache.commons.math.stat.descriptive.summary.SumTest#testConsistency
.
Time: 0

OK (1 test)

org.apache.commons.math.stat.descriptive.moment.FirstMomentTest#testEvaluation
.
Time: 0

OK (1 test)

org.apache.commons.math.stat.descriptive.summary.SumSqTest#testEvaluation
.
Time: 0

OK (1 test)

org.apache.commons.math.stat.descriptive.rank.MedianTest#testCopy
.
Time: 0

OK (1 test)

org.apache.commons.math.stat.descriptive.SummaryStatisticsTest#testOverrideMeanWithMathClass
.
Time: 0.001

OK (1 test)

org.apache.commons.math.stat.descriptive.summary.SumTest#testEvaluation
.
Time: 0

OK (1 test)

org.apache.commons.math.stat.descriptive.rank.MinTest#testCopy
.
Time: 0.001

OK (1 test)

org.apache.commons.math.stat.descriptive.rank.MaxTest#testCopy
.
Time: 0

OK (1 test)

org.apache.commons.math.stat.descriptive.rank.MinTest#testSpecialValues
.
Time: 0

OK (1 test)

org.apache.commons.math.stat.descriptive.summary.SumSqTest#testCopy
.
Time: 0

OK (1 test)

org.apache.commons.math.stat.descriptive.summary.SumSqTest#testConsistency
.
Time: 0

OK (1 test)

org.apache.commons.math.stat.descriptive.moment.VarianceTest#testConsistency
.
Time: 0.001

OK (1 test)

org.apache.commons.math.random.StableRandomGeneratorTest#testGaussianCase
.
Time: 0.007

OK (1 test)

org.apache.commons.math.stat.regression.OLSMultipleLinearRegressionTest#testWampler4
.
Time: 0.001

OK (1 test)

org.apache.commons.math.stat.regression.OLSMultipleLinearRegressionTest#testWampler3
.
Time: 0.001

OK (1 test)

org.apache.commons.math.stat.regression.OLSMultipleLinearRegressionTest#testWampler2
.
Time: 0.001

OK (1 test)

org.apache.commons.math.stat.regression.OLSMultipleLinearRegressionTest#testWampler1
.
Time: 0.001

OK (1 test)

org.apache.commons.math.random.StableRandomGeneratorTest#testNextDouble
.
Time: 0.01

OK (1 test)

org.apache.commons.math.stat.inference.TestUtilsTest#testOneSampleTTest
.
Time: 0

OK (1 test)

org.apache.commons.math.stat.regression.OLSMultipleLinearRegressionTest#testLongly
.
Time: 0

OK (1 test)

org.apache.commons.math.stat.descriptive.moment.MeanTest#testWeightedMean
.
Time: 0

OK (1 test)

org.apache.commons.math.stat.descriptive.moment.KurtosisTest#testCopy
.
Time: 0.001

OK (1 test)

org.apache.commons.math.stat.descriptive.SynchronizedDescriptiveStatisticsTest#testToString
.
Time: 0

OK (1 test)

org.apache.commons.math.stat.descriptive.moment.SecondMomentTest#testCopy
.
Time: 0

OK (1 test)

org.apache.commons.math.stat.descriptive.rank.PercentileTest#test5
.
Time: 0

OK (1 test)

org.apache.commons.math.stat.descriptive.moment.GeometricMeanTest#testEvaluation
.
Time: 0

OK (1 test)

org.apache.commons.math.stat.descriptive.summary.SumTest#testIncrementation
.
Time: 0

OK (1 test)

org.apache.commons.math.stat.descriptive.moment.StandardDeviationTest#testEvaluation
.
Time: 0

OK (1 test)

org.apache.commons.math.stat.descriptive.ListUnivariateImplTest#testStats
.
Time: 0.001

OK (1 test)

org.apache.commons.math.stat.descriptive.moment.SecondMomentTest#testConsistency
.
Time: 0

OK (1 test)

org.apache.commons.math.stat.descriptive.rank.PercentileTest#testEvaluation
.
Time: 0

OK (1 test)

org.apache.commons.math.stat.descriptive.rank.MaxTest#testEvaluation
.
Time: 0

OK (1 test)

org.apache.commons.math.stat.descriptive.moment.MeanTest#testCopy
.
Time: 0

OK (1 test)

org.apache.commons.math.stat.descriptive.SynchronizedDescriptiveStatisticsTest#testSetterInjection
.
Time: 0

OK (1 test)

org.apache.commons.math.stat.descriptive.moment.StandardDeviationTest#testConsistency
.
Time: 0.001

OK (1 test)

org.apache.commons.math.stat.descriptive.moment.FirstMomentTest#testCopy
.
Time: 0

OK (1 test)

org.apache.commons.math.stat.descriptive.ListUnivariateImplTest#testSkewAndKurtosis
.
Time: 0

OK (1 test)

org.apache.commons.math.stat.descriptive.moment.SkewnessTest#testEvaluation
.
Time: 0

OK (1 test)

org.apache.commons.math.stat.descriptive.ListUnivariateImplTest#testSerialization
.
Time: 0.031

OK (1 test)

org.apache.commons.math.stat.StatUtilsTest#testSumSq
.
Time: 0

OK (1 test)

org.apache.commons.math.stat.descriptive.moment.SkewnessTest#testConsistency
.
Time: 0

OK (1 test)

org.apache.commons.math.stat.descriptive.DescriptiveStatisticsTest#testWindowSize
.
Time: 0.01

OK (1 test)

org.apache.commons.math.stat.descriptive.summary.SumLogTest#testConsistency
.
Time: 0.001

OK (1 test)

org.apache.commons.math.stat.descriptive.ListUnivariateImplTest#testN0andN1Conditions
.
Time: 0

OK (1 test)

org.apache.commons.math.stat.data.LewTest#testCertifiedValues
.
Time: 0.003

OK (1 test)

org.apache.commons.math.stat.descriptive.summary.SumTest#testWeightedSum
.
Time: 0

OK (1 test)

org.apache.commons.math.stat.inference.TTestTest#testOneSampleTTest
.
Time: 0

OK (1 test)

org.apache.commons.math.stat.inference.TestUtilsTest#testOneSampleT
.
Time: 0.001

OK (1 test)

org.apache.commons.math.stat.descriptive.moment.FourthMomentTest#testCopy
.
Time: 0

OK (1 test)

org.apache.commons.math.stat.descriptive.rank.MaxTest#testIncrementation
.
Time: 0

OK (1 test)

org.apache.commons.math.stat.data.LotteryTest#testCertifiedValues
.
Time: 0.003

OK (1 test)

org.apache.commons.math.stat.descriptive.moment.GeometricMeanTest#testIncrementation
.
Time: 0

OK (1 test)

org.apache.commons.math.stat.descriptive.SynchronizedSummaryStatisticsTest#testOverrideVarianceWithMathClass
.
Time: 0

OK (1 test)

org.apache.commons.math.stat.descriptive.summary.ProductTest#testConsistency
.
Time: 0

OK (1 test)

org.apache.commons.math.stat.StatUtilsTest#testVariance
.
Time: 0

OK (1 test)

org.apache.commons.math.stat.descriptive.summary.SumLogTest#testCopy
.
Time: 0

OK (1 test)

org.apache.commons.math.stat.StatUtilsTest#testArrayIndexConditions
.
Time: 0

OK (1 test)

org.apache.commons.math.stat.descriptive.summary.ProductTest#testIncrementation
.
Time: 0

OK (1 test)

org.apache.commons.math.stat.descriptive.ListUnivariateImplTest#testProductAndGeometricMean
.
Time: 0

OK (1 test)

org.apache.commons.math.stat.CertifiedDataTest#testDescriptiveStatistics
.
Time: 0.013

OK (1 test)

org.apache.commons.math.stat.regression.GLSMultipleLinearRegressionTest#testYVariance
.
Time: 0

OK (1 test)

org.apache.commons.math.util.ResizableDoubleArrayTest#testMinMax
.
Time: 0

OK (1 test)

org.apache.commons.math.stat.descriptive.moment.MeanTest#testEvaluation
.
Time: 0

OK (1 test)

org.apache.commons.math.stat.StatUtilsTest#testMax
.
Time: 0

OK (1 test)

org.apache.commons.math.stat.descriptive.moment.VarianceTest#testEvaluation
.
Time: 0

OK (1 test)

org.apache.commons.math.stat.descriptive.rank.PercentileTest#testEvaluateArraySegment
.
Time: 0

OK (1 test)

org.apache.commons.math.stat.descriptive.DescriptiveStatisticsTest#testCopy
.
Time: 0

OK (1 test)

org.apache.commons.math.stat.inference.TestUtilsTest#testSmallSamples
.
Time: 0

OK (1 test)

org.apache.commons.math.util.ResizableDoubleArrayTest#testAddElementRolling
.
Time: 0.001

OK (1 test)

org.apache.commons.math.stat.descriptive.moment.SkewnessTest#testCopy
.
Time: 0.001

OK (1 test)

org.apache.commons.math.stat.StatUtilsTest#testNormalize1
.
Time: 0

OK (1 test)

org.apache.commons.math.stat.StatUtilsTest#testProduct
.
Time: 0

OK (1 test)

org.apache.commons.math.stat.StatUtilsTest#testNormalize2
.
Time: 0

OK (1 test)

org.apache.commons.math.stat.descriptive.rank.MaxTest#testNaNs
.
Time: 0

OK (1 test)

org.apache.commons.math.stat.descriptive.summary.SumLogTest#testIncrementation
.
Time: 0

OK (1 test)

org.apache.commons.math.stat.descriptive.SummaryStatisticsTest#testOverrideVarianceWithMathClass
.
Time: 0.001

OK (1 test)

org.apache.commons.math.stat.descriptive.moment.FourthMomentTest#testConsistency
.
Time: 0

OK (1 test)

org.apache.commons.math.stat.regression.OLSMultipleLinearRegressionTest#testYVariance
.
Time: 0

OK (1 test)

org.apache.commons.math.stat.descriptive.rank.MedianTest#testEvaluation
.
Time: 0

OK (1 test)

org.apache.commons.math.stat.descriptive.moment.GeometricMeanTest#testCopy
.
Time: 0

OK (1 test)

org.apache.commons.math.stat.descriptive.rank.MinTest#testConsistency
.
Time: 0.001

OK (1 test)

org.apache.commons.math.stat.correlation.CovarianceTest#testConstant
.
Time: 0.002

OK (1 test)

org.apache.commons.math.stat.descriptive.moment.MeanTest#testConsistency
.
Time: 0

OK (1 test)

org.apache.commons.math.stat.descriptive.rank.MinTest#testNaNs
.
Time: 0

OK (1 test)

org.apache.commons.math.stat.descriptive.summary.SumTest#testCopy
.
Time: 0

OK (1 test)

org.apache.commons.math.stat.descriptive.rank.PercentileTest#testPercentile
.
Time: 0

OK (1 test)

org.apache.commons.math.optimization.univariate.BrentOptimizerTest#testQuinticMinStatistics
.
Time: 0.021

OK (1 test)

org.apache.commons.math.stat.descriptive.rank.PercentileTest#testCopy
.
Time: 0

OK (1 test)

org.apache.commons.math.stat.inference.TestUtilsTest#testTwoSampleTHeterscedastic
.
Time: 0

OK (1 test)

org.apache.commons.math.stat.descriptive.AbstractUnivariateStatisticTest#testTestPositive
.
Time: 0

OK (1 test)

org.apache.commons.math.stat.descriptive.MixedListUnivariateImplTest#testSkewAndKurtosis
.
Time: 0

OK (1 test)

org.apache.commons.math.stat.descriptive.rank.MedianTest#testEvaluateArraySegment
.
Time: 0

OK (1 test)

org.apache.commons.math.stat.descriptive.summary.ProductTest#testCopy
.
Time: 0

OK (1 test)

org.apache.commons.math.stat.StatUtilsTest#testMean
.
Time: 0

OK (1 test)

org.apache.commons.math.stat.descriptive.moment.SemiVarianceTest#testPopulation
.
Time: 0

OK (1 test)

org.apache.commons.math.stat.descriptive.moment.VarianceTest#testCopy
.
Time: 0

OK (1 test)

org.apache.commons.math.stat.StatUtilsTest#testN0andN1Conditions
.
Time: 0

OK (1 test)

org.apache.commons.math.stat.descriptive.rank.MinTest#testIncrementation
.
Time: 0

OK (1 test)

org.apache.commons.math.stat.descriptive.moment.VarianceTest#testEvaluateArraySegmentWeighted
.E
Time: 0.001
There was 1 failure:
1) testEvaluateArraySegmentWeighted(org.apache.commons.math.stat.descriptive.moment.VarianceTest)
java.lang.AssertionError: expected:<1.6644508338125354> but was:<0.31909161062727365>
	at org.junit.Assert.fail(Assert.java:88)
	at org.junit.Assert.failNotEquals(Assert.java:743)
	at org.junit.Assert.assertEquals(Assert.java:494)
	at org.junit.Assert.assertEquals(Assert.java:592)
	at org.apache.commons.math.stat.descriptive.UnivariateStatisticAbstractTest.testEvaluateArraySegmentWeighted(UnivariateStatisticAbstractTest.java:130)
	at sun.reflect.NativeMethodAccessorImpl.invoke0(Native Method)
	at sun.reflect.NativeMethodAccessorImpl.invoke(NativeMethodAccessorImpl.java:62)
	at sun.reflect.DelegatingMethodAccessorImpl.invoke(DelegatingMethodAccessorImpl.java:43)
	at java.lang.reflect.Method.invoke(Method.java:497)
	at org.junit.runners.model.FrameworkMethod$1.runReflectiveCall(FrameworkMethod.java:47)
	at org.junit.internal.runners.model.ReflectiveCallable.run(ReflectiveCallable.java:12)
	at org.junit.runners.model.FrameworkMethod.invokeExplosively(FrameworkMethod.java:44)
	at org.junit.internal.runners.statements.InvokeMethod.evaluate(InvokeMethod.java:17)
	at org.junit.runners.ParentRunner.runLeaf(ParentRunner.java:271)
	at org.junit.runners.BlockJUnit4ClassRunner.runChild(BlockJUnit4ClassRunner.java:70)
	at org.junit.runners.BlockJUnit4ClassRunner.runChild(BlockJUnit4ClassRunner.java:50)
	at org.junit.runners.ParentRunner$3.run(ParentRunner.java:238)
	at org.junit.runners.ParentRunner$1.schedule(ParentRunner.java:63)
	at org.junit.runners.ParentRunner.runChildren(ParentRunner.java:236)
	at org.junit.runners.ParentRunner.access$000(ParentRunner.java:53)
	at org.junit.runners.ParentRunner$2.evaluate(ParentRunner.java:229)
	at org.junit.runners.ParentRunner.run(ParentRunner.java:309)
	at org.junit.runner.JUnitCore.run(JUnitCore.java:160)
	at org.junit.runner.JUnitCore.run(JUnitCore.java:138)
	at fr.inria.lille.repair.MethodTestRunner.runTest(MethodTestRunner.java:44)
	at fr.inria.lille.repair.MethodTestRunner.access$0(MethodTestRunner.java:37)
	at fr.inria.lille.repair.MethodTestRunner$1.call(MethodTestRunner.java:20)
	at java.util.concurrent.FutureTask.run(FutureTask.java:266)
	at java.util.concurrent.ThreadPoolExecutor.runWorker(ThreadPoolExecutor.java:1142)
	at java.util.concurrent.ThreadPoolExecutor$Worker.run(ThreadPoolExecutor.java:617)
	at java.lang.Thread.run(Thread.java:745)

FAILURES!!!
Tests run: 1,  Failures: 1

org.apache.commons.math.stat.descriptive.summary.SumSqTest#testIncrementation
.
Time: 0

OK (1 test)

org.apache.commons.math.stat.StatUtilsTest#testMin
.
Time: 0

OK (1 test)

org.apache.commons.math.stat.descriptive.summary.ProductTest#testEvaluation
.
Time: 0

OK (1 test)

org.apache.commons.math.stat.descriptive.MixedListUnivariateImplTest#testProductAndGeometricMean
.
Time: 0.001

OK (1 test)

org.apache.commons.math.stat.descriptive.moment.ThirdMomentTest#testConsistency
.
Time: 0

OK (1 test)

org.apache.commons.math.stat.StatUtilsTest#testDifferenceStats
.
Time: 0

OK (1 test)

org.apache.commons.math.stat.descriptive.rank.MaxTest#testConsistency
.
Time: 0.001

OK (1 test)

org.apache.commons.math.stat.descriptive.rank.MaxTest#testSpecialValues
.
Time: 0

OK (1 test)

