Picked up JAVA_TOOL_OPTIONS: -Dfile.encoding=UTF8 -Duser.language=en-US -Duser.country=US -Duser.language=en
org.apache.commons.math.complex.FrenchComplexFormatTest#testParseNegativeReal
.
Time: 0.308

OK (1 test)

org.apache.commons.math.complex.FrenchComplexFormatTest#testForgottenImaginaryCharacter
.E
Time: 0.022
There was 1 failure:
1) testForgottenImaginaryCharacter(org.apache.commons.math.complex.FrenchComplexFormatTest)
java.lang.StringIndexOutOfBoundsException: String index out of range: 6
	at java.lang.String.substring(String.java:1951)
	at org.apache.commons.math.complex.ComplexFormat.parse(ComplexFormat.java:377)
	at org.apache.commons.math.complex.ComplexFormatAbstractTest.testForgottenImaginaryCharacter(ComplexFormatAbstractTest.java:355)
	at sun.reflect.NativeMethodAccessorImpl.invoke0(Native Method)
	at sun.reflect.NativeMethodAccessorImpl.invoke(NativeMethodAccessorImpl.java:62)
	at sun.reflect.DelegatingMethodAccessorImpl.invoke(DelegatingMethodAccessorImpl.java:43)
	at java.lang.reflect.Method.invoke(Method.java:497)
	at junit.framework.TestCase.runTest(TestCase.java:176)
	at junit.framework.TestCase.runBare(TestCase.java:141)
	at junit.framework.TestResult$1.protect(TestResult.java:122)
	at junit.framework.TestResult.runProtected(TestResult.java:142)
	at junit.framework.TestResult.run(TestResult.java:125)
	at junit.framework.TestCase.run(TestCase.java:129)
	at junit.framework.TestSuite.runTest(TestSuite.java:255)
	at junit.framework.TestSuite.run(TestSuite.java:250)
	at org.junit.internal.runners.JUnit38ClassRunner.run(JUnit38ClassRunner.java:84)
	at org.junit.runner.JUnitCore.run(JUnitCore.java:160)
	at org.junit.runner.JUnitCore.run(JUnitCore.java:138)
	at fr.inria.lille.repair.MethodTestRunner.runTest(MethodTestRunner.java:44)
	at fr.inria.lille.repair.MethodTestRunner.access$0(MethodTestRunner.java:37)
	at fr.inria.lille.repair.MethodTestRunner$1.call(MethodTestRunner.java:20)
	at java.util.concurrent.FutureTask.run(FutureTask.java:266)
	at java.util.concurrent.ThreadPoolExecutor.runWorker(ThreadPoolExecutor.java:1142)
	at java.util.concurrent.ThreadPoolExecutor$Worker.run(ThreadPoolExecutor.java:617)
	at java.lang.Thread.run(Thread.java:745)

FAILURES!!!
Tests run: 1,  Failures: 1

org.apache.commons.math.complex.ComplexFormatTest#testParseSimpleWithDecimalsTrunc
.
Time: 0.018

OK (1 test)

org.apache.commons.math.complex.ComplexFormatTest#testParseZeroReal
.
Time: 0.018

OK (1 test)

org.apache.commons.math.complex.ComplexFormatTest#testPaseNegativeInfinity
.
Time: 0.019

OK (1 test)

org.apache.commons.math.complex.FrenchComplexFormatTest#testParseSimpleWithDecimals
.
Time: 0.017

OK (1 test)

org.apache.commons.math.complex.FrenchComplexFormatTest#testParseSimpleWithDecimalsTrunc
.
Time: 0.018

OK (1 test)

org.apache.commons.math.complex.FrenchComplexFormatTest#testParseNegativeBoth
.
Time: 0.018

OK (1 test)

org.apache.commons.math.complex.ComplexFormatTest#testParseDifferentImaginaryChar
.
Time: 0.017

OK (1 test)

org.apache.commons.math.complex.FrenchComplexFormatTest#testParsePositiveInfinity
.
Time: 0.016

OK (1 test)

org.apache.commons.math.complex.FrenchComplexFormatTest#testParseSimpleNoDecimals
.
Time: 0.026

OK (1 test)

org.apache.commons.math.complex.ComplexFormatTest#testParseSimpleWithDecimals
.
Time: 0.015

OK (1 test)

org.apache.commons.math.complex.ComplexFormatTest#testForgottenImaginaryCharacter
.E
Time: 0.014
There was 1 failure:
1) testForgottenImaginaryCharacter(org.apache.commons.math.complex.ComplexFormatTest)
java.lang.StringIndexOutOfBoundsException: String index out of range: 6
	at java.lang.String.substring(String.java:1951)
	at org.apache.commons.math.complex.ComplexFormat.parse(ComplexFormat.java:377)
	at org.apache.commons.math.complex.ComplexFormatAbstractTest.testForgottenImaginaryCharacter(ComplexFormatAbstractTest.java:355)
	at sun.reflect.NativeMethodAccessorImpl.invoke0(Native Method)
	at sun.reflect.NativeMethodAccessorImpl.invoke(NativeMethodAccessorImpl.java:62)
	at sun.reflect.DelegatingMethodAccessorImpl.invoke(DelegatingMethodAccessorImpl.java:43)
	at java.lang.reflect.Method.invoke(Method.java:497)
	at junit.framework.TestCase.runTest(TestCase.java:176)
	at junit.framework.TestCase.runBare(TestCase.java:141)
	at junit.framework.TestResult$1.protect(TestResult.java:122)
	at junit.framework.TestResult.runProtected(TestResult.java:142)
	at junit.framework.TestResult.run(TestResult.java:125)
	at junit.framework.TestCase.run(TestCase.java:129)
	at junit.framework.TestSuite.runTest(TestSuite.java:255)
	at junit.framework.TestSuite.run(TestSuite.java:250)
	at org.junit.internal.runners.JUnit38ClassRunner.run(JUnit38ClassRunner.java:84)
	at org.junit.runner.JUnitCore.run(JUnitCore.java:160)
	at org.junit.runner.JUnitCore.run(JUnitCore.java:138)
	at fr.inria.lille.repair.MethodTestRunner.runTest(MethodTestRunner.java:44)
	at fr.inria.lille.repair.MethodTestRunner.access$0(MethodTestRunner.java:37)
	at fr.inria.lille.repair.MethodTestRunner$1.call(MethodTestRunner.java:20)
	at java.util.concurrent.FutureTask.run(FutureTask.java:266)
	at java.util.concurrent.ThreadPoolExecutor.runWorker(ThreadPoolExecutor.java:1142)
	at java.util.concurrent.ThreadPoolExecutor$Worker.run(ThreadPoolExecutor.java:617)
	at java.lang.Thread.run(Thread.java:745)

FAILURES!!!
Tests run: 1,  Failures: 1

org.apache.commons.math.complex.FrenchComplexFormatTest#testParseNan
.
Time: 0.015

OK (1 test)

org.apache.commons.math.complex.ComplexFormatTest#testParseNegativeBoth
.
Time: 0.013

OK (1 test)

org.apache.commons.math.complex.ComplexFormatTest#testParseSimpleNoDecimals
.
Time: 0.015

OK (1 test)

org.apache.commons.math.complex.ComplexFormatTest#testParseNan
.
Time: 0.014

OK (1 test)

org.apache.commons.math.complex.FrenchComplexFormatTest#testParseNegativeImaginary
.
Time: 0.014

OK (1 test)

org.apache.commons.math.complex.ComplexFormatTest#testParseNegativeImaginary
.
Time: 0.015

OK (1 test)

org.apache.commons.math.complex.FrenchComplexFormatTest#testParseZeroReal
.
Time: 0.015

OK (1 test)

org.apache.commons.math.complex.FrenchComplexFormatTest#testPaseNegativeInfinity
.
Time: 0.014

OK (1 test)

org.apache.commons.math.complex.ComplexFormatTest#testParseNegativeReal
.
Time: 0.015

OK (1 test)

org.apache.commons.math.complex.ComplexFormatTest#testParsePositiveInfinity
.
Time: 0.015

OK (1 test)

org.apache.commons.math.complex.FrenchComplexFormatTest#testParseDifferentImaginaryChar
.
Time: 0.018

OK (1 test)

