Sleep 1m start
GPR[SSLI]-1660887705841
GPR[ESLI]-1660887765872
Running Nopol Closure 62b with approach: dynamoth
Timezone: America/Los_Angeles
Seed 214
OS: linux
Creating out dir /experiment_home///results/dynamoth/Closure/62/seed_214/
The file script/workingdir/dynamoth/Closure_62 does not exist!
script/workingdir/dynamoth/Closure_62
script/workingdir/dynamoth/Closure_62
classpath:  script/workingdir/dynamoth/Closure_62/build/classes:script/workingdir/dynamoth/Closure_62/lib/args4j.jar:script/workingdir/dynamoth/Closure_62/lib/guava.jar:script/workingdir/dynamoth/Closure_62/lib/json.jar:script/workingdir/dynamoth/Closure_62/lib/jsr305.jar:script/workingdir/dynamoth/Closure_62/lib/protobuf-java.jar:script/workingdir/dynamoth/Closure_62/build/lib/rhino.jar:script/workingdir/dynamoth/Closure_62/lib/ant.jar:script/workingdir/dynamoth/Closure_62/lib/ant-launcher.jar:script/workingdir/dynamoth/Closure_62/lib/caja-r4314.jar:script/workingdir/dynamoth/Closure_62/lib/jarjar.jar:script/workingdir/dynamoth/Closure_62/lib/junit.jar:script/workingdir/dynamoth/Closure_62/build/test
Src java:  /src
Classes Java:  /build/classes
Src Test:  /test
Classes Test:  /build/test
GPR[SSLB]-1660887794485
GPR[ESLB]-1660887854490
Calling Nopol:
Classpath to pass script/workingdir/dynamoth/Closure_62//build/classes:script/workingdir/dynamoth/Closure_62//build/test:script/workingdir/dynamoth/Closure_62/build/classes:script/workingdir/dynamoth/Closure_62/lib/args4j.jar:script/workingdir/dynamoth/Closure_62/lib/guava.jar:script/workingdir/dynamoth/Closure_62/lib/json.jar:script/workingdir/dynamoth/Closure_62/lib/jsr305.jar:script/workingdir/dynamoth/Closure_62/lib/protobuf-java.jar:script/workingdir/dynamoth/Closure_62/build/lib/rhino.jar:script/workingdir/dynamoth/Closure_62/lib/ant.jar:script/workingdir/dynamoth/Closure_62/lib/ant-launcher.jar:script/workingdir/dynamoth/Closure_62/lib/caja-r4314.jar:script/workingdir/dynamoth/Closure_62/lib/jarjar.jar:script/workingdir/dynamoth/Closure_62/lib/junit.jar:script/workingdir/dynamoth/Closure_62/build/test
Node: host-55
Date init: Thu 18 Aug 2022 10:44:14 PM PDT
OAR_JOB_ID: 3736478
[0] INFO NoPol - Source files: [script/workingdir/dynamoth/Closure_62/src]
[0] INFO NoPol - Classpath: [file:script/workingdir/dynamoth/Closure_62/build/classes/, file:script/workingdir/dynamoth/Closure_62/build/test/, file:script/workingdir/dynamoth/Closure_62/build/classes/, file:script/workingdir/dynamoth/Closure_62/lib/args4j.jar, file:script/workingdir/dynamoth/Closure_62/lib/guava.jar, file:script/workingdir/dynamoth/Closure_62/lib/json.jar, file:script/workingdir/dynamoth/Closure_62/lib/jsr305.jar, file:script/workingdir/dynamoth/Closure_62/lib/protobuf-java.jar, file:script/workingdir/dynamoth/Closure_62/build/lib/rhino.jar, file:script/workingdir/dynamoth/Closure_62/lib/ant.jar, file:script/workingdir/dynamoth/Closure_62/lib/ant-launcher.jar, file:script/workingdir/dynamoth/Closure_62/lib/caja-r4314.jar, file:script/workingdir/dynamoth/Closure_62/lib/jarjar.jar, file:script/workingdir/dynamoth/Closure_62/lib/junit.jar, file:script/workingdir/dynamoth/Closure_62/build/test/]
[0] INFO NoPol - Statement type: PRE_THEN_COND
[0] INFO NoPol - Args: [com.google.debugging.sourcemap.Base64Test, com.google.debugging.sourcemap.Base64Test, com.google.debugging.sourcemap.Base64VLQTest, com.google.debugging.sourcemap.Base64VLQTest, com.google.debugging.sourcemap.SourceMapConsumerV1Test, com.google.debugging.sourcemap.SourceMapConsumerV1Test, com.google.debugging.sourcemap.SourceMapConsumerV2Test, com.google.debugging.sourcemap.SourceMapConsumerV2Test, com.google.debugging.sourcemap.SourceMapGeneratorV1Test, com.google.debugging.sourcemap.SourceMapGeneratorV1Test, com.google.debugging.sourcemap.SourceMapGeneratorV2Test, com.google.debugging.sourcemap.SourceMapGeneratorV2Test, com.google.debugging.sourcemap.SourceMapGeneratorV3Test, com.google.debugging.sourcemap.SourceMapGeneratorV3Test, com.google.javascript.jscomp.AliasExternalsTest, com.google.javascript.jscomp.AliasExternalsTest, com.google.javascript.jscomp.AliasKeywordsTest, com.google.javascript.jscomp.AliasKeywordsTest, com.google.javascript.jscomp.AliasStringsTest, com.google.javascript.jscomp.AliasStringsTest, com.google.javascript.jscomp.AmbiguatePropertiesTest, com.google.javascript.jscomp.AmbiguatePropertiesTest, com.google.javascript.jscomp.AstParallelizerTest, com.google.javascript.jscomp.AstParallelizerTest, com.google.javascript.jscomp.AstValidatorTest, com.google.javascript.jscomp.AstValidatorTest, com.google.javascript.jscomp.BasicErrorManagerTest, com.google.javascript.jscomp.BasicErrorManagerTest, com.google.javascript.jscomp.CallGraphTest, com.google.javascript.jscomp.CallGraphTest, com.google.javascript.jscomp.ChainCallsTest, com.google.javascript.jscomp.ChainCallsTest, com.google.javascript.jscomp.CheckAccessControlsTest, com.google.javascript.jscomp.CheckAccessControlsTest, com.google.javascript.jscomp.CheckAccidentalSemicolonTest, com.google.javascript.jscomp.CheckAccidentalSemicolonTest, com.google.javascript.jscomp.CheckGlobalNamesTest, com.google.javascript.jscomp.CheckGlobalNamesTest, com.google.javascript.jscomp.CheckGlobalThisTest, com.google.javascript.jscomp.CheckGlobalThisTest, com.google.javascript.jscomp.CheckMissingGetCssNameTest, com.google.javascript.jscomp.CheckMissingGetCssNameTest, com.google.javascript.jscomp.CheckMissingReturnTest, com.google.javascript.jscomp.CheckMissingReturnTest, com.google.javascript.jscomp.CheckPathsBetweenNodesTest, com.google.javascript.jscomp.CheckPathsBetweenNodesTest, com.google.javascript.jscomp.CheckPropertyOrderTest, com.google.javascript.jscomp.CheckPropertyOrderTest, com.google.javascript.jscomp.CheckProvidesTest, com.google.javascript.jscomp.CheckProvidesTest, com.google.javascript.jscomp.CheckRegExpTest, com.google.javascript.jscomp.CheckRegExpTest, com.google.javascript.jscomp.CheckRequiresForConstructorsTest, com.google.javascript.jscomp.CheckRequiresForConstructorsTest, com.google.javascript.jscomp.CheckSideEffectsTest, com.google.javascript.jscomp.CheckSideEffectsTest, com.google.javascript.jscomp.CheckUnreachableCodeTest, com.google.javascript.jscomp.CheckUnreachableCodeTest, com.google.javascript.jscomp.ClosureCodeRemovalTest, com.google.javascript.jscomp.ClosureCodeRemovalTest, com.google.javascript.jscomp.ClosureCodingConventionTest, com.google.javascript.jscomp.ClosureCodingConventionTest, com.google.javascript.jscomp.ClosureOptimizePrimitivesTest, com.google.javascript.jscomp.ClosureOptimizePrimitivesTest, com.google.javascript.jscomp.ClosureReverseAbstractInterpreterTest, com.google.javascript.jscomp.ClosureReverseAbstractInterpreterTest, com.google.javascript.jscomp.CoalesceVariableNamesTest, com.google.javascript.jscomp.CoalesceVariableNamesTest, com.google.javascript.jscomp.CodePrinterTest, com.google.javascript.jscomp.CodePrinterTest, com.google.javascript.jscomp.CollapseAnonymousFunctionsTest, com.google.javascript.jscomp.CollapseAnonymousFunctionsTest, com.google.javascript.jscomp.CollapsePropertiesTest, com.google.javascript.jscomp.CollapsePropertiesTest, com.google.javascript.jscomp.CollapseVariableDeclarationsTest, com.google.javascript.jscomp.CollapseVariableDeclarationsTest, com.google.javascript.jscomp.CombinedCompilerPassTest, com.google.javascript.jscomp.CombinedCompilerPassTest, com.google.javascript.jscomp.CommandLineRunnerTest, com.google.javascript.jscomp.CommandLineRunnerTest, com.google.javascript.jscomp.CompilerOptionsTest, com.google.javascript.jscomp.CompilerOptionsTest, com.google.javascript.jscomp.CompilerTest, com.google.javascript.jscomp.CompilerTest, com.google.javascript.jscomp.ConcreteTypeTest, com.google.javascript.jscomp.ConcreteTypeTest, com.google.javascript.jscomp.ConstCheckTest, com.google.javascript.jscomp.ConstCheckTest, com.google.javascript.jscomp.ControlFlowAnalysisTest, com.google.javascript.jscomp.ControlFlowAnalysisTest, com.google.javascript.jscomp.ControlStructureCheckTest, com.google.javascript.jscomp.ControlStructureCheckTest, com.google.javascript.jscomp.ConvertToDottedPropertiesTest, com.google.javascript.jscomp.ConvertToDottedPropertiesTest, com.google.javascript.jscomp.CreateSyntheticBlocksTest, com.google.javascript.jscomp.CreateSyntheticBlocksTest, com.google.javascript.jscomp.CrossModuleCodeMotionTest, com.google.javascript.jscomp.CrossModuleCodeMotionTest, com.google.javascript.jscomp.CrossModuleMethodMotionTest, com.google.javascript.jscomp.CrossModuleMethodMotionTest, com.google.javascript.jscomp.DataFlowAnalysisTest, com.google.javascript.jscomp.DataFlowAnalysisTest, com.google.javascript.jscomp.DeadAssignmentsEliminationTest, com.google.javascript.jscomp.DeadAssignmentsEliminationTest, com.google.javascript.jscomp.DefaultCodingConventionTest, com.google.javascript.jscomp.DefaultCodingConventionTest, com.google.javascript.jscomp.DefinitionsRemoverTest, com.google.javascript.jscomp.DefinitionsRemoverTest, com.google.javascript.jscomp.DenormalizeTest, com.google.javascript.jscomp.DenormalizeTest, com.google.javascript.jscomp.DevirtualizePrototypeMethodsTest, com.google.javascript.jscomp.DevirtualizePrototypeMethodsTest, com.google.javascript.jscomp.DiagnosticGroupTest, com.google.javascript.jscomp.DiagnosticGroupTest, com.google.javascript.jscomp.DisambiguatePropertiesTest, com.google.javascript.jscomp.DisambiguatePropertiesTest, com.google.javascript.jscomp.DotFormatterTest, com.google.javascript.jscomp.DotFormatterTest, com.google.javascript.jscomp.ExploitAssignsTest, com.google.javascript.jscomp.ExploitAssignsTest, com.google.javascript.jscomp.ExportTestFunctionsTest, com.google.javascript.jscomp.ExportTestFunctionsTest, com.google.javascript.jscomp.ExpressionDecomposerTest, com.google.javascript.jscomp.ExpressionDecomposerTest, com.google.javascript.jscomp.ExternExportsPassTest, com.google.javascript.jscomp.ExternExportsPassTest, com.google.javascript.jscomp.ExtractPrototypeMemberDeclarationsTest, com.google.javascript.jscomp.ExtractPrototypeMemberDeclarationsTest, com.google.javascript.jscomp.FixedPointGraphTraversalTest, com.google.javascript.jscomp.FixedPointGraphTraversalTest, com.google.javascript.jscomp.FlowSensitiveInlineVariablesTest, com.google.javascript.jscomp.FlowSensitiveInlineVariablesTest, com.google.javascript.jscomp.FunctionArgumentInjectorTest, com.google.javascript.jscomp.FunctionArgumentInjectorTest, com.google.javascript.jscomp.FunctionInjectorTest, com.google.javascript.jscomp.FunctionInjectorTest, com.google.javascript.jscomp.FunctionNamesTest, com.google.javascript.jscomp.FunctionNamesTest, com.google.javascript.jscomp.FunctionRewriterTest, com.google.javascript.jscomp.FunctionRewriterTest, com.google.javascript.jscomp.FunctionToBlockMutatorTest, com.google.javascript.jscomp.FunctionToBlockMutatorTest, com.google.javascript.jscomp.FunctionTypeBuilderTest, com.google.javascript.jscomp.FunctionTypeBuilderTest, com.google.javascript.jscomp.GatherRawExportsTest, com.google.javascript.jscomp.GatherRawExportsTest, com.google.javascript.jscomp.GatherSideEffectSubexpressionsCallbackTest, com.google.javascript.jscomp.GatherSideEffectSubexpressionsCallbackTest, com.google.javascript.jscomp.GenerateExportsTest, com.google.javascript.jscomp.GenerateExportsTest, com.google.javascript.jscomp.GlobalNamespaceTest, com.google.javascript.jscomp.GlobalNamespaceTest, com.google.javascript.jscomp.GlobalVarReferenceMapTest, com.google.javascript.jscomp.GlobalVarReferenceMapTest, com.google.javascript.jscomp.GoogleCodingConventionTest, com.google.javascript.jscomp.GoogleCodingConventionTest, com.google.javascript.jscomp.GroupVariableDeclarationsTest, com.google.javascript.jscomp.GroupVariableDeclarationsTest, com.google.javascript.jscomp.IgnoreCajaPropertiesTest, com.google.javascript.jscomp.IgnoreCajaPropertiesTest, com.google.javascript.jscomp.InferJSDocInfoTest, com.google.javascript.jscomp.InferJSDocInfoTest, com.google.javascript.jscomp.InlineCostEstimatorTest, com.google.javascript.jscomp.InlineCostEstimatorTest, com.google.javascript.jscomp.InlineFunctionsTest, com.google.javascript.jscomp.InlineFunctionsTest, com.google.javascript.jscomp.InlineObjectLiteralsTest, com.google.javascript.jscomp.InlineObjectLiteralsTest, com.google.javascript.jscomp.InlineSimpleMethodsTest, com.google.javascript.jscomp.InlineSimpleMethodsTest, com.google.javascript.jscomp.InlineVariablesConstantsTest, com.google.javascript.jscomp.InlineVariablesConstantsTest, com.google.javascript.jscomp.InlineVariablesTest, com.google.javascript.jscomp.InlineVariablesTest, com.google.javascript.jscomp.InstrumentFunctionsTest, com.google.javascript.jscomp.InstrumentFunctionsTest, com.google.javascript.jscomp.JSCompilerSourceExcerptProviderTest, com.google.javascript.jscomp.JSCompilerSourceExcerptProviderTest, com.google.javascript.jscomp.JSModuleGraphTest, com.google.javascript.jscomp.JSModuleGraphTest, com.google.javascript.jscomp.JSModuleTest, com.google.javascript.jscomp.JSModuleTest, com.google.javascript.jscomp.JsMessageExtractorTest, com.google.javascript.jscomp.JsMessageExtractorTest, com.google.javascript.jscomp.JsMessageTest, com.google.javascript.jscomp.JsMessageTest, com.google.javascript.jscomp.JsMessageVisitorTest, com.google.javascript.jscomp.JsMessageVisitorTest, com.google.javascript.jscomp.LightweightMessageFormatterTest, com.google.javascript.jscomp.LightweightMessageFormatterTest, com.google.javascript.jscomp.LinkedFlowScopeTest, com.google.javascript.jscomp.LinkedFlowScopeTest, com.google.javascript.jscomp.LiveVariableAnalysisTest, com.google.javascript.jscomp.LiveVariableAnalysisTest, com.google.javascript.jscomp.LooseTypeCheckTest, com.google.javascript.jscomp.LooseTypeCheckTest, com.google.javascript.jscomp.MakeDeclaredNamesUniqueTest, com.google.javascript.jscomp.MakeDeclaredNamesUniqueTest, com.google.javascript.jscomp.MarkNoSideEffectCallsTest, com.google.javascript.jscomp.MarkNoSideEffectCallsTest, com.google.javascript.jscomp.MaybeReachingVariableUseTest, com.google.javascript.jscomp.MaybeReachingVariableUseTest, com.google.javascript.jscomp.MemoizedScopeCreatorTest, com.google.javascript.jscomp.MemoizedScopeCreatorTest, com.google.javascript.jscomp.MinimizeExitPointsTest, com.google.javascript.jscomp.MinimizeExitPointsTest, com.google.javascript.jscomp.MoveFunctionDeclarationsTest, com.google.javascript.jscomp.MoveFunctionDeclarationsTest, com.google.javascript.jscomp.MustBeReachingVariableDefTest, com.google.javascript.jscomp.MustBeReachingVariableDefTest, com.google.javascript.jscomp.NameAnalyzerTest, com.google.javascript.jscomp.NameAnalyzerTest, com.google.javascript.jscomp.NameAnonymousFunctionsMappedTest, com.google.javascript.jscomp.NameAnonymousFunctionsMappedTest, com.google.javascript.jscomp.NameAnonymousFunctionsTest, com.google.javascript.jscomp.NameAnonymousFunctionsTest, com.google.javascript.jscomp.NodeIteratorsTest, com.google.javascript.jscomp.NodeIteratorsTest, com.google.javascript.jscomp.NodeTraversalTest, com.google.javascript.jscomp.NodeTraversalTest, com.google.javascript.jscomp.NodeUtilTest, com.google.javascript.jscomp.NodeUtilTest, com.google.javascript.jscomp.NormalizeTest, com.google.javascript.jscomp.NormalizeTest, com.google.javascript.jscomp.ObjectPropertyStringPostprocessTest, com.google.javascript.jscomp.ObjectPropertyStringPostprocessTest, com.google.javascript.jscomp.ObjectPropertyStringPreprocessTest, com.google.javascript.jscomp.ObjectPropertyStringPreprocessTest, com.google.javascript.jscomp.OperaCompoundAssignFixTest, com.google.javascript.jscomp.OperaCompoundAssignFixTest, com.google.javascript.jscomp.OptimizeArgumentsArrayTest, com.google.javascript.jscomp.OptimizeArgumentsArrayTest, com.google.javascript.jscomp.OptimizeCallsTest, com.google.javascript.jscomp.OptimizeCallsTest, com.google.javascript.jscomp.OptimizeParametersTest, com.google.javascript.jscomp.OptimizeParametersTest, com.google.javascript.jscomp.OptimizeReturnsTest, com.google.javascript.jscomp.OptimizeReturnsTest, com.google.javascript.jscomp.ParallelCompilerPassTest, com.google.javascript.jscomp.ParallelCompilerPassTest, com.google.javascript.jscomp.PeepholeCollectPropertyAssignmentsTest, com.google.javascript.jscomp.PeepholeCollectPropertyAssignmentsTest, com.google.javascript.jscomp.PeepholeFoldConstantsTest, com.google.javascript.jscomp.PeepholeFoldConstantsTest, com.google.javascript.jscomp.PeepholeFoldWithTypesTest, com.google.javascript.jscomp.PeepholeFoldWithTypesTest, com.google.javascript.jscomp.PeepholeIntegrationTest, com.google.javascript.jscomp.PeepholeIntegrationTest, com.google.javascript.jscomp.PeepholeOptimizationsPassTest, com.google.javascript.jscomp.PeepholeOptimizationsPassTest, com.google.javascript.jscomp.PeepholeRemoveDeadCodeTest, com.google.javascript.jscomp.PeepholeRemoveDeadCodeTest, com.google.javascript.jscomp.PeepholeReplaceKnownMethodsTest, com.google.javascript.jscomp.PeepholeReplaceKnownMethodsTest, com.google.javascript.jscomp.PeepholeSimplifyRegExpTest, com.google.javascript.jscomp.PeepholeSimplifyRegExpTest, com.google.javascript.jscomp.PeepholeSubstituteAlternateSyntaxTest, com.google.javascript.jscomp.PeepholeSubstituteAlternateSyntaxTest, com.google.javascript.jscomp.PhaseOptimizerTest, com.google.javascript.jscomp.PhaseOptimizerTest, com.google.javascript.jscomp.PrepareAstTest, com.google.javascript.jscomp.PrepareAstTest, com.google.javascript.jscomp.ProcessClosurePrimitivesTest, com.google.javascript.jscomp.ProcessClosurePrimitivesTest, com.google.javascript.jscomp.ProcessDefinesTest, com.google.javascript.jscomp.ProcessDefinesTest, com.google.javascript.jscomp.ProcessTweaksTest, com.google.javascript.jscomp.ProcessTweaksTest, com.google.javascript.jscomp.PureFunctionIdentifierTest, com.google.javascript.jscomp.PureFunctionIdentifierTest, com.google.javascript.jscomp.RecordFunctionInformationTest, com.google.javascript.jscomp.RecordFunctionInformationTest, com.google.javascript.jscomp.RemoveTryCatchTest, com.google.javascript.jscomp.RemoveTryCatchTest, com.google.javascript.jscomp.RemoveUnusedNamesTest, com.google.javascript.jscomp.RemoveUnusedNamesTest, com.google.javascript.jscomp.RemoveUnusedPrototypePropertiesTest, com.google.javascript.jscomp.RemoveUnusedPrototypePropertiesTest, com.google.javascript.jscomp.RemoveUnusedVarsTest, com.google.javascript.jscomp.RemoveUnusedVarsTest, com.google.javascript.jscomp.RenameLabelsTest, com.google.javascript.jscomp.RenameLabelsTest, com.google.javascript.jscomp.RenameLocalVarsTest, com.google.javascript.jscomp.RenameLocalVarsTest, com.google.javascript.jscomp.RenamePropertiesTest, com.google.javascript.jscomp.RenamePropertiesTest, com.google.javascript.jscomp.RenamePrototypesTest, com.google.javascript.jscomp.RenamePrototypesTest, com.google.javascript.jscomp.RenameVarsTest, com.google.javascript.jscomp.RenameVarsTest, com.google.javascript.jscomp.ReplaceCssNamesTest, com.google.javascript.jscomp.ReplaceCssNamesTest, com.google.javascript.jscomp.ReplaceIdGeneratorsTest, com.google.javascript.jscomp.ReplaceIdGeneratorsTest, com.google.javascript.jscomp.ReplaceMessagesTest, com.google.javascript.jscomp.ReplaceMessagesTest, com.google.javascript.jscomp.ReplaceStringsTest, com.google.javascript.jscomp.ReplaceStringsTest, com.google.javascript.jscomp.RhinoErrorReporterTest, com.google.javascript.jscomp.RhinoErrorReporterTest, com.google.javascript.jscomp.RuntimeTypeCheckTest, com.google.javascript.jscomp.RuntimeTypeCheckTest, com.google.javascript.jscomp.SanityCheckTest, com.google.javascript.jscomp.SanityCheckTest, com.google.javascript.jscomp.ScopedAliasesTest, com.google.javascript.jscomp.ScopedAliasesTest, com.google.javascript.jscomp.SemanticReverseAbstractInterpreterTest, com.google.javascript.jscomp.SemanticReverseAbstractInterpreterTest, com.google.javascript.jscomp.ShadowVariablesTest, com.google.javascript.jscomp.ShadowVariablesTest, com.google.javascript.jscomp.SideEffectsAnalysisTest, com.google.javascript.jscomp.SideEffectsAnalysisTest, com.google.javascript.jscomp.SimpleDefinitionFinderTest, com.google.javascript.jscomp.SimpleDefinitionFinderTest, com.google.javascript.jscomp.SimpleFunctionAliasAnalysisTest, com.google.javascript.jscomp.SimpleFunctionAliasAnalysisTest, com.google.javascript.jscomp.SourceInformationAnnotatorTest, com.google.javascript.jscomp.SourceInformationAnnotatorTest, com.google.javascript.jscomp.SpecializeModuleTest, com.google.javascript.jscomp.SpecializeModuleTest, com.google.javascript.jscomp.StatementFusionTest, com.google.javascript.jscomp.StatementFusionTest, com.google.javascript.jscomp.StrictModeCheckTest, com.google.javascript.jscomp.StrictModeCheckTest, com.google.javascript.jscomp.StripCodeTest, com.google.javascript.jscomp.StripCodeTest, com.google.javascript.jscomp.SyntacticScopeCreatorTest, com.google.javascript.jscomp.SyntacticScopeCreatorTest, com.google.javascript.jscomp.TightenTypesTest, com.google.javascript.jscomp.TightenTypesTest, com.google.javascript.jscomp.TypeCheckFunctionCheckTest, com.google.javascript.jscomp.TypeCheckFunctionCheckTest, com.google.javascript.jscomp.TypeCheckTest, com.google.javascript.jscomp.TypeCheckTest, com.google.javascript.jscomp.TypeInferenceTest, com.google.javascript.jscomp.TypeInferenceTest, com.google.javascript.jscomp.TypeValidatorTest, com.google.javascript.jscomp.TypeValidatorTest, com.google.javascript.jscomp.TypedScopeCreatorTest, com.google.javascript.jscomp.TypedScopeCreatorTest, com.google.javascript.jscomp.UnfoldCompoundAssignmentsTest, com.google.javascript.jscomp.UnfoldCompoundAssignmentsTest, com.google.javascript.jscomp.UnreachableCodeEliminationTest, com.google.javascript.jscomp.UnreachableCodeEliminationTest, com.google.javascript.jscomp.VarCheckTest, com.google.javascript.jscomp.VarCheckTest, com.google.javascript.jscomp.VariableMapTest, com.google.javascript.jscomp.VariableMapTest, com.google.javascript.jscomp.VariableReferenceCheckTest, com.google.javascript.jscomp.VariableReferenceCheckTest, com.google.javascript.jscomp.VariableShadowDeclarationCheckTest, com.google.javascript.jscomp.VariableShadowDeclarationCheckTest, com.google.javascript.jscomp.VariableVisibilityAnalysisTest, com.google.javascript.jscomp.VariableVisibilityAnalysisTest, com.google.javascript.jscomp.deps.DepsFileParserTest, com.google.javascript.jscomp.deps.DepsFileParserTest, com.google.javascript.jscomp.deps.JsFileLineParserTest, com.google.javascript.jscomp.deps.JsFileLineParserTest, com.google.javascript.jscomp.deps.JsFileParserTest, com.google.javascript.jscomp.deps.JsFileParserTest, com.google.javascript.jscomp.deps.JsFunctionParserTest, com.google.javascript.jscomp.deps.JsFunctionParserTest, com.google.javascript.jscomp.deps.SortedDependenciesTest, com.google.javascript.jscomp.deps.SortedDependenciesTest, com.google.javascript.jscomp.graph.GraphColoringTest, com.google.javascript.jscomp.graph.GraphColoringTest, com.google.javascript.jscomp.graph.GraphPrunerTest, com.google.javascript.jscomp.graph.GraphPrunerTest, com.google.javascript.jscomp.graph.GraphReachabilityTest, com.google.javascript.jscomp.graph.GraphReachabilityTest, com.google.javascript.jscomp.graph.GraphTest, com.google.javascript.jscomp.graph.GraphTest, com.google.javascript.jscomp.graph.StandardUnionFindTest, com.google.javascript.jscomp.graph.StandardUnionFindTest, com.google.javascript.jscomp.jsonml.JsonMLConversionTest, com.google.javascript.jscomp.jsonml.JsonMLConversionTest, com.google.javascript.jscomp.jsonml.JsonMLValidationTest, com.google.javascript.jscomp.jsonml.JsonMLValidationTest, com.google.javascript.jscomp.jsonml.SecureCompilerTest, com.google.javascript.jscomp.jsonml.SecureCompilerTest, com.google.javascript.jscomp.parsing.IRFactoryTest, com.google.javascript.jscomp.parsing.IRFactoryTest, com.google.javascript.jscomp.parsing.JsDocInfoParserTest, com.google.javascript.jscomp.parsing.JsDocInfoParserTest, com.google.javascript.jscomp.parsing.JsDocTokenStreamTest, com.google.javascript.jscomp.parsing.JsDocTokenStreamTest, com.google.javascript.jscomp.parsing.ParserTest, com.google.javascript.jscomp.parsing.ParserTest, com.google.javascript.jscomp.regex.CharRangesTest, com.google.javascript.jscomp.regex.CharRangesTest, com.google.javascript.rhino.JSDocInfoTest, com.google.javascript.rhino.JSDocInfoTest, com.google.javascript.rhino.NodeTest, com.google.javascript.rhino.NodeTest, com.google.javascript.rhino.ParserTest, com.google.javascript.rhino.ParserTest, com.google.javascript.rhino.TokenStreamTest, com.google.javascript.rhino.TokenStreamTest, com.google.javascript.rhino.jstype.BooleanLiteralSetTest, com.google.javascript.rhino.jstype.BooleanLiteralSetTest, com.google.javascript.rhino.jstype.FunctionParamBuilderTest, com.google.javascript.rhino.jstype.FunctionParamBuilderTest, com.google.javascript.rhino.jstype.FunctionTypeTest, com.google.javascript.rhino.jstype.FunctionTypeTest, com.google.javascript.rhino.jstype.JSTypeRegistryTest, com.google.javascript.rhino.jstype.JSTypeRegistryTest, com.google.javascript.rhino.jstype.JSTypeTest, com.google.javascript.rhino.jstype.JSTypeTest, com.google.javascript.rhino.jstype.NamedTypeTest, com.google.javascript.rhino.jstype.NamedTypeTest, com.google.javascript.rhino.jstype.TernaryValueTest, com.google.javascript.rhino.jstype.TernaryValueTest, com.google.javascript.rhino.jstype.UnionTypeBuilderTest, com.google.javascript.rhino.jstype.UnionTypeBuilderTest, com.google.javascript.rhino.jstype.UnionTypeTest, com.google.javascript.rhino.jstype.UnionTypeTest]
[2] INFO NoPol - Config: Config{synthesisDepth=3, collectStaticMethods=true, collectStaticFields=false, collectLiterals=false, onlyOneSynthesisResult=false, sortExpressions=true, maxLineInvocationPerTest=250, timeoutMethodInvocation=2000, dataCollectionTimeoutInSecondForSynthesis=900, addWeight=0.19478, subWeight=0.04554, mulWeight=0.0102, divWeight=0.00613, andWeight=0.10597, orWeight=0.05708, eqWeight=0.22798, nEqWeight=0.0, lessEqWeight=0.0255, lessWeight=0.0947, methodCallWeight=0.1, fieldAccessWeight=0.08099, constantWeight=0.14232, variableWeight=0.05195, mode=REPAIR, type=PRE_THEN_COND, synthesis=DYNAMOTH, oracle=ANGELIC, solver=Z3, solverPath='script/../tools//libs/z3_for_linux', projectSources=[script/workingdir/dynamoth/Closure_62/src], projectClasspath='[Ljava.net.URL;@bebdb06', projectTests=[com.google.debugging.sourcemap.Base64Test, com.google.debugging.sourcemap.Base64Test, com.google.debugging.sourcemap.Base64VLQTest, com.google.debugging.sourcemap.Base64VLQTest, com.google.debugging.sourcemap.SourceMapConsumerV1Test, com.google.debugging.sourcemap.SourceMapConsumerV1Test, com.google.debugging.sourcemap.SourceMapConsumerV2Test, com.google.debugging.sourcemap.SourceMapConsumerV2Test, com.google.debugging.sourcemap.SourceMapGeneratorV1Test, com.google.debugging.sourcemap.SourceMapGeneratorV1Test, com.google.debugging.sourcemap.SourceMapGeneratorV2Test, com.google.debugging.sourcemap.SourceMapGeneratorV2Test, com.google.debugging.sourcemap.SourceMapGeneratorV3Test, com.google.debugging.sourcemap.SourceMapGeneratorV3Test, com.google.javascript.jscomp.AliasExternalsTest, com.google.javascript.jscomp.AliasExternalsTest, com.google.javascript.jscomp.AliasKeywordsTest, com.google.javascript.jscomp.AliasKeywordsTest, com.google.javascript.jscomp.AliasStringsTest, com.google.javascript.jscomp.AliasStringsTest, com.google.javascript.jscomp.AmbiguatePropertiesTest, com.google.javascript.jscomp.AmbiguatePropertiesTest, com.google.javascript.jscomp.AstParallelizerTest, com.google.javascript.jscomp.AstParallelizerTest, com.google.javascript.jscomp.AstValidatorTest, com.google.javascript.jscomp.AstValidatorTest, com.google.javascript.jscomp.BasicErrorManagerTest, com.google.javascript.jscomp.BasicErrorManagerTest, com.google.javascript.jscomp.CallGraphTest, com.google.javascript.jscomp.CallGraphTest, com.google.javascript.jscomp.ChainCallsTest, com.google.javascript.jscomp.ChainCallsTest, com.google.javascript.jscomp.CheckAccessControlsTest, com.google.javascript.jscomp.CheckAccessControlsTest, com.google.javascript.jscomp.CheckAccidentalSemicolonTest, com.google.javascript.jscomp.CheckAccidentalSemicolonTest, com.google.javascript.jscomp.CheckGlobalNamesTest, com.google.javascript.jscomp.CheckGlobalNamesTest, com.google.javascript.jscomp.CheckGlobalThisTest, com.google.javascript.jscomp.CheckGlobalThisTest, com.google.javascript.jscomp.CheckMissingGetCssNameTest, com.google.javascript.jscomp.CheckMissingGetCssNameTest, com.google.javascript.jscomp.CheckMissingReturnTest, com.google.javascript.jscomp.CheckMissingReturnTest, com.google.javascript.jscomp.CheckPathsBetweenNodesTest, com.google.javascript.jscomp.CheckPathsBetweenNodesTest, com.google.javascript.jscomp.CheckPropertyOrderTest, com.google.javascript.jscomp.CheckPropertyOrderTest, com.google.javascript.jscomp.CheckProvidesTest, com.google.javascript.jscomp.CheckProvidesTest, com.google.javascript.jscomp.CheckRegExpTest, com.google.javascript.jscomp.CheckRegExpTest, com.google.javascript.jscomp.CheckRequiresForConstructorsTest, com.google.javascript.jscomp.CheckRequiresForConstructorsTest, com.google.javascript.jscomp.CheckSideEffectsTest, com.google.javascript.jscomp.CheckSideEffectsTest, com.google.javascript.jscomp.CheckUnreachableCodeTest, com.google.javascript.jscomp.CheckUnreachableCodeTest, com.google.javascript.jscomp.ClosureCodeRemovalTest, com.google.javascript.jscomp.ClosureCodeRemovalTest, com.google.javascript.jscomp.ClosureCodingConventionTest, com.google.javascript.jscomp.ClosureCodingConventionTest, com.google.javascript.jscomp.ClosureOptimizePrimitivesTest, com.google.javascript.jscomp.ClosureOptimizePrimitivesTest, com.google.javascript.jscomp.ClosureReverseAbstractInterpreterTest, com.google.javascript.jscomp.ClosureReverseAbstractInterpreterTest, com.google.javascript.jscomp.CoalesceVariableNamesTest, com.google.javascript.jscomp.CoalesceVariableNamesTest, com.google.javascript.jscomp.CodePrinterTest, com.google.javascript.jscomp.CodePrinterTest, com.google.javascript.jscomp.CollapseAnonymousFunctionsTest, com.google.javascript.jscomp.CollapseAnonymousFunctionsTest, com.google.javascript.jscomp.CollapsePropertiesTest, com.google.javascript.jscomp.CollapsePropertiesTest, com.google.javascript.jscomp.CollapseVariableDeclarationsTest, com.google.javascript.jscomp.CollapseVariableDeclarationsTest, com.google.javascript.jscomp.CombinedCompilerPassTest, com.google.javascript.jscomp.CombinedCompilerPassTest, com.google.javascript.jscomp.CommandLineRunnerTest, com.google.javascript.jscomp.CommandLineRunnerTest, com.google.javascript.jscomp.CompilerOptionsTest, com.google.javascript.jscomp.CompilerOptionsTest, com.google.javascript.jscomp.CompilerTest, com.google.javascript.jscomp.CompilerTest, com.google.javascript.jscomp.ConcreteTypeTest, com.google.javascript.jscomp.ConcreteTypeTest, com.google.javascript.jscomp.ConstCheckTest, com.google.javascript.jscomp.ConstCheckTest, com.google.javascript.jscomp.ControlFlowAnalysisTest, com.google.javascript.jscomp.ControlFlowAnalysisTest, com.google.javascript.jscomp.ControlStructureCheckTest, com.google.javascript.jscomp.ControlStructureCheckTest, com.google.javascript.jscomp.ConvertToDottedPropertiesTest, com.google.javascript.jscomp.ConvertToDottedPropertiesTest, com.google.javascript.jscomp.CreateSyntheticBlocksTest, com.google.javascript.jscomp.CreateSyntheticBlocksTest, com.google.javascript.jscomp.CrossModuleCodeMotionTest, com.google.javascript.jscomp.CrossModuleCodeMotionTest, com.google.javascript.jscomp.CrossModuleMethodMotionTest, com.google.javascript.jscomp.CrossModuleMethodMotionTest, com.google.javascript.jscomp.DataFlowAnalysisTest, com.google.javascript.jscomp.DataFlowAnalysisTest, com.google.javascript.jscomp.DeadAssignmentsEliminationTest, com.google.javascript.jscomp.DeadAssignmentsEliminationTest, com.google.javascript.jscomp.DefaultCodingConventionTest, com.google.javascript.jscomp.DefaultCodingConventionTest, com.google.javascript.jscomp.DefinitionsRemoverTest, com.google.javascript.jscomp.DefinitionsRemoverTest, com.google.javascript.jscomp.DenormalizeTest, com.google.javascript.jscomp.DenormalizeTest, com.google.javascript.jscomp.DevirtualizePrototypeMethodsTest, com.google.javascript.jscomp.DevirtualizePrototypeMethodsTest, com.google.javascript.jscomp.DiagnosticGroupTest, com.google.javascript.jscomp.DiagnosticGroupTest, com.google.javascript.jscomp.DisambiguatePropertiesTest, com.google.javascript.jscomp.DisambiguatePropertiesTest, com.google.javascript.jscomp.DotFormatterTest, com.google.javascript.jscomp.DotFormatterTest, com.google.javascript.jscomp.ExploitAssignsTest, com.google.javascript.jscomp.ExploitAssignsTest, com.google.javascript.jscomp.ExportTestFunctionsTest, com.google.javascript.jscomp.ExportTestFunctionsTest, com.google.javascript.jscomp.ExpressionDecomposerTest, com.google.javascript.jscomp.ExpressionDecomposerTest, com.google.javascript.jscomp.ExternExportsPassTest, com.google.javascript.jscomp.ExternExportsPassTest, com.google.javascript.jscomp.ExtractPrototypeMemberDeclarationsTest, com.google.javascript.jscomp.ExtractPrototypeMemberDeclarationsTest, com.google.javascript.jscomp.FixedPointGraphTraversalTest, com.google.javascript.jscomp.FixedPointGraphTraversalTest, com.google.javascript.jscomp.FlowSensitiveInlineVariablesTest, com.google.javascript.jscomp.FlowSensitiveInlineVariablesTest, com.google.javascript.jscomp.FunctionArgumentInjectorTest, com.google.javascript.jscomp.FunctionArgumentInjectorTest, com.google.javascript.jscomp.FunctionInjectorTest, com.google.javascript.jscomp.FunctionInjectorTest, com.google.javascript.jscomp.FunctionNamesTest, com.google.javascript.jscomp.FunctionNamesTest, com.google.javascript.jscomp.FunctionRewriterTest, com.google.javascript.jscomp.FunctionRewriterTest, com.google.javascript.jscomp.FunctionToBlockMutatorTest, com.google.javascript.jscomp.FunctionToBlockMutatorTest, com.google.javascript.jscomp.FunctionTypeBuilderTest, com.google.javascript.jscomp.FunctionTypeBuilderTest, com.google.javascript.jscomp.GatherRawExportsTest, com.google.javascript.jscomp.GatherRawExportsTest, com.google.javascript.jscomp.GatherSideEffectSubexpressionsCallbackTest, com.google.javascript.jscomp.GatherSideEffectSubexpressionsCallbackTest, com.google.javascript.jscomp.GenerateExportsTest, com.google.javascript.jscomp.GenerateExportsTest, com.google.javascript.jscomp.GlobalNamespaceTest, com.google.javascript.jscomp.GlobalNamespaceTest, com.google.javascript.jscomp.GlobalVarReferenceMapTest, com.google.javascript.jscomp.GlobalVarReferenceMapTest, com.google.javascript.jscomp.GoogleCodingConventionTest, com.google.javascript.jscomp.GoogleCodingConventionTest, com.google.javascript.jscomp.GroupVariableDeclarationsTest, com.google.javascript.jscomp.GroupVariableDeclarationsTest, com.google.javascript.jscomp.IgnoreCajaPropertiesTest, com.google.javascript.jscomp.IgnoreCajaPropertiesTest, com.google.javascript.jscomp.InferJSDocInfoTest, com.google.javascript.jscomp.InferJSDocInfoTest, com.google.javascript.jscomp.InlineCostEstimatorTest, com.google.javascript.jscomp.InlineCostEstimatorTest, com.google.javascript.jscomp.InlineFunctionsTest, com.google.javascript.jscomp.InlineFunctionsTest, com.google.javascript.jscomp.InlineObjectLiteralsTest, com.google.javascript.jscomp.InlineObjectLiteralsTest, com.google.javascript.jscomp.InlineSimpleMethodsTest, com.google.javascript.jscomp.InlineSimpleMethodsTest, com.google.javascript.jscomp.InlineVariablesConstantsTest, com.google.javascript.jscomp.InlineVariablesConstantsTest, com.google.javascript.jscomp.InlineVariablesTest, com.google.javascript.jscomp.InlineVariablesTest, com.google.javascript.jscomp.InstrumentFunctionsTest, com.google.javascript.jscomp.InstrumentFunctionsTest, com.google.javascript.jscomp.JSCompilerSourceExcerptProviderTest, com.google.javascript.jscomp.JSCompilerSourceExcerptProviderTest, com.google.javascript.jscomp.JSModuleGraphTest, com.google.javascript.jscomp.JSModuleGraphTest, com.google.javascript.jscomp.JSModuleTest, com.google.javascript.jscomp.JSModuleTest, com.google.javascript.jscomp.JsMessageExtractorTest, com.google.javascript.jscomp.JsMessageExtractorTest, com.google.javascript.jscomp.JsMessageTest, com.google.javascript.jscomp.JsMessageTest, com.google.javascript.jscomp.JsMessageVisitorTest, com.google.javascript.jscomp.JsMessageVisitorTest, com.google.javascript.jscomp.LightweightMessageFormatterTest, com.google.javascript.jscomp.LightweightMessageFormatterTest, com.google.javascript.jscomp.LinkedFlowScopeTest, com.google.javascript.jscomp.LinkedFlowScopeTest, com.google.javascript.jscomp.LiveVariableAnalysisTest, com.google.javascript.jscomp.LiveVariableAnalysisTest, com.google.javascript.jscomp.LooseTypeCheckTest, com.google.javascript.jscomp.LooseTypeCheckTest, com.google.javascript.jscomp.MakeDeclaredNamesUniqueTest, com.google.javascript.jscomp.MakeDeclaredNamesUniqueTest, com.google.javascript.jscomp.MarkNoSideEffectCallsTest, com.google.javascript.jscomp.MarkNoSideEffectCallsTest, com.google.javascript.jscomp.MaybeReachingVariableUseTest, com.google.javascript.jscomp.MaybeReachingVariableUseTest, com.google.javascript.jscomp.MemoizedScopeCreatorTest, com.google.javascript.jscomp.MemoizedScopeCreatorTest, com.google.javascript.jscomp.MinimizeExitPointsTest, com.google.javascript.jscomp.MinimizeExitPointsTest, com.google.javascript.jscomp.MoveFunctionDeclarationsTest, com.google.javascript.jscomp.MoveFunctionDeclarationsTest, com.google.javascript.jscomp.MustBeReachingVariableDefTest, com.google.javascript.jscomp.MustBeReachingVariableDefTest, com.google.javascript.jscomp.NameAnalyzerTest, com.google.javascript.jscomp.NameAnalyzerTest, com.google.javascript.jscomp.NameAnonymousFunctionsMappedTest, com.google.javascript.jscomp.NameAnonymousFunctionsMappedTest, com.google.javascript.jscomp.NameAnonymousFunctionsTest, com.google.javascript.jscomp.NameAnonymousFunctionsTest, com.google.javascript.jscomp.NodeIteratorsTest, com.google.javascript.jscomp.NodeIteratorsTest, com.google.javascript.jscomp.NodeTraversalTest, com.google.javascript.jscomp.NodeTraversalTest, com.google.javascript.jscomp.NodeUtilTest, com.google.javascript.jscomp.NodeUtilTest, com.google.javascript.jscomp.NormalizeTest, com.google.javascript.jscomp.NormalizeTest, com.google.javascript.jscomp.ObjectPropertyStringPostprocessTest, com.google.javascript.jscomp.ObjectPropertyStringPostprocessTest, com.google.javascript.jscomp.ObjectPropertyStringPreprocessTest, com.google.javascript.jscomp.ObjectPropertyStringPreprocessTest, com.google.javascript.jscomp.OperaCompoundAssignFixTest, com.google.javascript.jscomp.OperaCompoundAssignFixTest, com.google.javascript.jscomp.OptimizeArgumentsArrayTest, com.google.javascript.jscomp.OptimizeArgumentsArrayTest, com.google.javascript.jscomp.OptimizeCallsTest, com.google.javascript.jscomp.OptimizeCallsTest, com.google.javascript.jscomp.OptimizeParametersTest, com.google.javascript.jscomp.OptimizeParametersTest, com.google.javascript.jscomp.OptimizeReturnsTest, com.google.javascript.jscomp.OptimizeReturnsTest, com.google.javascript.jscomp.ParallelCompilerPassTest, com.google.javascript.jscomp.ParallelCompilerPassTest, com.google.javascript.jscomp.PeepholeCollectPropertyAssignmentsTest, com.google.javascript.jscomp.PeepholeCollectPropertyAssignmentsTest, com.google.javascript.jscomp.PeepholeFoldConstantsTest, com.google.javascript.jscomp.PeepholeFoldConstantsTest, com.google.javascript.jscomp.PeepholeFoldWithTypesTest, com.google.javascript.jscomp.PeepholeFoldWithTypesTest, com.google.javascript.jscomp.PeepholeIntegrationTest, com.google.javascript.jscomp.PeepholeIntegrationTest, com.google.javascript.jscomp.PeepholeOptimizationsPassTest, com.google.javascript.jscomp.PeepholeOptimizationsPassTest, com.google.javascript.jscomp.PeepholeRemoveDeadCodeTest, com.google.javascript.jscomp.PeepholeRemoveDeadCodeTest, com.google.javascript.jscomp.PeepholeReplaceKnownMethodsTest, com.google.javascript.jscomp.PeepholeReplaceKnownMethodsTest, com.google.javascript.jscomp.PeepholeSimplifyRegExpTest, com.google.javascript.jscomp.PeepholeSimplifyRegExpTest, com.google.javascript.jscomp.PeepholeSubstituteAlternateSyntaxTest, com.google.javascript.jscomp.PeepholeSubstituteAlternateSyntaxTest, com.google.javascript.jscomp.PhaseOptimizerTest, com.google.javascript.jscomp.PhaseOptimizerTest, com.google.javascript.jscomp.PrepareAstTest, com.google.javascript.jscomp.PrepareAstTest, com.google.javascript.jscomp.ProcessClosurePrimitivesTest, com.google.javascript.jscomp.ProcessClosurePrimitivesTest, com.google.javascript.jscomp.ProcessDefinesTest, com.google.javascript.jscomp.ProcessDefinesTest, com.google.javascript.jscomp.ProcessTweaksTest, com.google.javascript.jscomp.ProcessTweaksTest, com.google.javascript.jscomp.PureFunctionIdentifierTest, com.google.javascript.jscomp.PureFunctionIdentifierTest, com.google.javascript.jscomp.RecordFunctionInformationTest, com.google.javascript.jscomp.RecordFunctionInformationTest, com.google.javascript.jscomp.RemoveTryCatchTest, com.google.javascript.jscomp.RemoveTryCatchTest, com.google.javascript.jscomp.RemoveUnusedNamesTest, com.google.javascript.jscomp.RemoveUnusedNamesTest, com.google.javascript.jscomp.RemoveUnusedPrototypePropertiesTest, com.google.javascript.jscomp.RemoveUnusedPrototypePropertiesTest, com.google.javascript.jscomp.RemoveUnusedVarsTest, com.google.javascript.jscomp.RemoveUnusedVarsTest, com.google.javascript.jscomp.RenameLabelsTest, com.google.javascript.jscomp.RenameLabelsTest, com.google.javascript.jscomp.RenameLocalVarsTest, com.google.javascript.jscomp.RenameLocalVarsTest, com.google.javascript.jscomp.RenamePropertiesTest, com.google.javascript.jscomp.RenamePropertiesTest, com.google.javascript.jscomp.RenamePrototypesTest, com.google.javascript.jscomp.RenamePrototypesTest, com.google.javascript.jscomp.RenameVarsTest, com.google.javascript.jscomp.RenameVarsTest, com.google.javascript.jscomp.ReplaceCssNamesTest, com.google.javascript.jscomp.ReplaceCssNamesTest, com.google.javascript.jscomp.ReplaceIdGeneratorsTest, com.google.javascript.jscomp.ReplaceIdGeneratorsTest, com.google.javascript.jscomp.ReplaceMessagesTest, com.google.javascript.jscomp.ReplaceMessagesTest, com.google.javascript.jscomp.ReplaceStringsTest, com.google.javascript.jscomp.ReplaceStringsTest, com.google.javascript.jscomp.RhinoErrorReporterTest, com.google.javascript.jscomp.RhinoErrorReporterTest, com.google.javascript.jscomp.RuntimeTypeCheckTest, com.google.javascript.jscomp.RuntimeTypeCheckTest, com.google.javascript.jscomp.SanityCheckTest, com.google.javascript.jscomp.SanityCheckTest, com.google.javascript.jscomp.ScopedAliasesTest, com.google.javascript.jscomp.ScopedAliasesTest, com.google.javascript.jscomp.SemanticReverseAbstractInterpreterTest, com.google.javascript.jscomp.SemanticReverseAbstractInterpreterTest, com.google.javascript.jscomp.ShadowVariablesTest, com.google.javascript.jscomp.ShadowVariablesTest, com.google.javascript.jscomp.SideEffectsAnalysisTest, com.google.javascript.jscomp.SideEffectsAnalysisTest, com.google.javascript.jscomp.SimpleDefinitionFinderTest, com.google.javascript.jscomp.SimpleDefinitionFinderTest, com.google.javascript.jscomp.SimpleFunctionAliasAnalysisTest, com.google.javascript.jscomp.SimpleFunctionAliasAnalysisTest, com.google.javascript.jscomp.SourceInformationAnnotatorTest, com.google.javascript.jscomp.SourceInformationAnnotatorTest, com.google.javascript.jscomp.SpecializeModuleTest, com.google.javascript.jscomp.SpecializeModuleTest, com.google.javascript.jscomp.StatementFusionTest, com.google.javascript.jscomp.StatementFusionTest, com.google.javascript.jscomp.StrictModeCheckTest, com.google.javascript.jscomp.StrictModeCheckTest, com.google.javascript.jscomp.StripCodeTest, com.google.javascript.jscomp.StripCodeTest, com.google.javascript.jscomp.SyntacticScopeCreatorTest, com.google.javascript.jscomp.SyntacticScopeCreatorTest, com.google.javascript.jscomp.TightenTypesTest, com.google.javascript.jscomp.TightenTypesTest, com.google.javascript.jscomp.TypeCheckFunctionCheckTest, com.google.javascript.jscomp.TypeCheckFunctionCheckTest, com.google.javascript.jscomp.TypeCheckTest, com.google.javascript.jscomp.TypeCheckTest, com.google.javascript.jscomp.TypeInferenceTest, com.google.javascript.jscomp.TypeInferenceTest, com.google.javascript.jscomp.TypeValidatorTest, com.google.javascript.jscomp.TypeValidatorTest, com.google.javascript.jscomp.TypedScopeCreatorTest, com.google.javascript.jscomp.TypedScopeCreatorTest, com.google.javascript.jscomp.UnfoldCompoundAssignmentsTest, com.google.javascript.jscomp.UnfoldCompoundAssignmentsTest, com.google.javascript.jscomp.UnreachableCodeEliminationTest, com.google.javascript.jscomp.UnreachableCodeEliminationTest, com.google.javascript.jscomp.VarCheckTest, com.google.javascript.jscomp.VarCheckTest, com.google.javascript.jscomp.VariableMapTest, com.google.javascript.jscomp.VariableMapTest, com.google.javascript.jscomp.VariableReferenceCheckTest, com.google.javascript.jscomp.VariableReferenceCheckTest, com.google.javascript.jscomp.VariableShadowDeclarationCheckTest, com.google.javascript.jscomp.VariableShadowDeclarationCheckTest, com.google.javascript.jscomp.VariableVisibilityAnalysisTest, com.google.javascript.jscomp.VariableVisibilityAnalysisTest, com.google.javascript.jscomp.deps.DepsFileParserTest, com.google.javascript.jscomp.deps.DepsFileParserTest, com.google.javascript.jscomp.deps.JsFileLineParserTest, com.google.javascript.jscomp.deps.JsFileLineParserTest, com.google.javascript.jscomp.deps.JsFileParserTest, com.google.javascript.jscomp.deps.JsFileParserTest, com.google.javascript.jscomp.deps.JsFunctionParserTest, com.google.javascript.jscomp.deps.JsFunctionParserTest, com.google.javascript.jscomp.deps.SortedDependenciesTest, com.google.javascript.jscomp.deps.SortedDependenciesTest, com.google.javascript.jscomp.graph.GraphColoringTest, com.google.javascript.jscomp.graph.GraphColoringTest, com.google.javascript.jscomp.graph.GraphPrunerTest, com.google.javascript.jscomp.graph.GraphPrunerTest, com.google.javascript.jscomp.graph.GraphReachabilityTest, com.google.javascript.jscomp.graph.GraphReachabilityTest, com.google.javascript.jscomp.graph.GraphTest, com.google.javascript.jscomp.graph.GraphTest, com.google.javascript.jscomp.graph.StandardUnionFindTest, com.google.javascript.jscomp.graph.StandardUnionFindTest, com.google.javascript.jscomp.jsonml.JsonMLConversionTest, com.google.javascript.jscomp.jsonml.JsonMLConversionTest, com.google.javascript.jscomp.jsonml.JsonMLValidationTest, com.google.javascript.jscomp.jsonml.JsonMLValidationTest, com.google.javascript.jscomp.jsonml.SecureCompilerTest, com.google.javascript.jscomp.jsonml.SecureCompilerTest, com.google.javascript.jscomp.parsing.IRFactoryTest, com.google.javascript.jscomp.parsing.IRFactoryTest, com.google.javascript.jscomp.parsing.JsDocInfoParserTest, com.google.javascript.jscomp.parsing.JsDocInfoParserTest, com.google.javascript.jscomp.parsing.JsDocTokenStreamTest, com.google.javascript.jscomp.parsing.JsDocTokenStreamTest, com.google.javascript.jscomp.parsing.ParserTest, com.google.javascript.jscomp.parsing.ParserTest, com.google.javascript.jscomp.regex.CharRangesTest, com.google.javascript.jscomp.regex.CharRangesTest, com.google.javascript.rhino.JSDocInfoTest, com.google.javascript.rhino.JSDocInfoTest, com.google.javascript.rhino.NodeTest, com.google.javascript.rhino.NodeTest, com.google.javascript.rhino.ParserTest, com.google.javascript.rhino.ParserTest, com.google.javascript.rhino.TokenStreamTest, com.google.javascript.rhino.TokenStreamTest, com.google.javascript.rhino.jstype.BooleanLiteralSetTest, com.google.javascript.rhino.jstype.BooleanLiteralSetTest, com.google.javascript.rhino.jstype.FunctionParamBuilderTest, com.google.javascript.rhino.jstype.FunctionParamBuilderTest, com.google.javascript.rhino.jstype.FunctionTypeTest, com.google.javascript.rhino.jstype.FunctionTypeTest, com.google.javascript.rhino.jstype.JSTypeRegistryTest, com.google.javascript.rhino.jstype.JSTypeRegistryTest, com.google.javascript.rhino.jstype.JSTypeTest, com.google.javascript.rhino.jstype.JSTypeTest, com.google.javascript.rhino.jstype.NamedTypeTest, com.google.javascript.rhino.jstype.NamedTypeTest, com.google.javascript.rhino.jstype.TernaryValueTest, com.google.javascript.rhino.jstype.TernaryValueTest, com.google.javascript.rhino.jstype.UnionTypeBuilderTest, com.google.javascript.rhino.jstype.UnionTypeBuilderTest, com.google.javascript.rhino.jstype.UnionTypeTest, com.google.javascript.rhino.jstype.UnionTypeTest], complianceLevel=7, outputFolder=/experiment_home///results/dynamoth/Closure/62/seed_214/, json=true}
[2] INFO NoPol - Available processors (cores): 36
[6] INFO NoPol - Free memory: 1 GB
[6] INFO NoPol - Maximum memory: 7 GB
[6] INFO NoPol - Total memory available to JVM: 1 GB
[8] INFO NoPol - Java version: 1.8.0_45
[9] INFO NoPol - JAVA_HOME: /experiment_home/jdk1.8.0_45/
[9] INFO NoPol - PATH: /experiment_home/foo/bin:/experiment_home/perl5/bin:/experiment_home/jdk1.8.0_45//bin:/experiment_home/maven/apache-maven-3.6.0/bin:/experiment_home/commands/:/experiment_home/gradle/gradle-5.4.1/bin/:/usr/local/bin:/usr/bin:/bin:/usr/local/games:/usr/games:/opt/dell/srvadmin/bin:/usr/local/cuda/bin:/opt/rocm/bin:/grid5000/code/bin:/experiment_home/defects4j/framework/bin
GPR[SSUP]-1660887864271
GPR[ESUP]-1660887864271
GPR[SFL]-1660887864271
GPR[EFL]-1660887903040
GPR[SFP]-1660887903040
GPR[SSUN]-1660887904362
-283827935
GPR[SPVATF]-1660887907342
GPR[EPVATF]-1660887907381
[49466] ERROR NoPol - Error ExecutionException java.util.concurrent.ExecutionException: java.lang.RuntimeException: failingTestCasesValidated: nothing to repair, no failing test cases
GPR[ESUN]-1660887907381
GPR[SSUN]-1660887907381
-1659631726
GPR[SPVATF]-1660887907662
GPR[EPVATF]-1660887907680
GPR[SPS]-1660887907680
GPR[EPS]-1660887908278
GPR[SPVATF]-1660887908278
GPR[EPVATF]-1660887908291
GPR[SPS]-1660887908291
GPR[EPS]-1660887909163
GPR[SPVATR]-1660887909163
[51249] INFO TestPatch - Applying patch: com.google.javascript.jscomp.LightweightMessageFormatter:97: CONDITIONAL true
[51656] INFO TestPatch - Running test suite to check the patch "true" is working
GPR[EPVATR]-1660887909764
[51849] INFO NoPol - ----PATCH FOUND----
GPR[PF]-1660887909764
[51857] INFO NoPol - --- a/src/com/google/javascript/jscomp/LightweightMessageFormatter.java
+++ b/src/com/google/javascript/jscomp/LightweightMessageFormatter.java
@@ -96,4 +96,3 @@
       // at the end of the line
-      if (excerpt.equals(LINE)
-          && 0 <= charno && charno < sourceExcerpt.length()) {
+      if (true) {
         for (int i = 0; i < charno; i++) {

Saving patch at /experiment_home///results/dynamoth/Closure/62/seed_214/patch_45501_1ts_1660887909772.diff
GPR[ESUN]-1660887909773
GPR[SSUN]-1660887909773
-1659631726
GPR[ESUN]-1660887909998
GPR[SSUN]-1660887909998
-1659631726
GPR[SPVATF]-1660887910178
GPR[EPVATF]-1660887910189
GPR[SPS]-1660887910189
GPR[EPS]-1660887910472
GPR[ESUN]-1660887910472
GPR[SSUN]-1660887910473
-1659631726
GPR[SPVATF]-1660887910654
GPR[EPVATF]-1660887910665
GPR[SPS]-1660887910665
GPR[EPS]-1660887910971
GPR[ESUN]-1660887910971
GPR[SSUN]-1660887910972
-1966087783
GPR[ESUN]-1660887911215
GPR[SSUN]-1660887911215
-1966087783
GPR[SPVATF]-1660887911559
GPR[EPVATF]-1660887911622
[53707] ERROR NoPol - Error ExecutionException java.util.concurrent.ExecutionException: java.lang.RuntimeException: failingTestCasesValidated: nothing to repair, no failing test cases
GPR[ESUN]-1660887911622
GPR[SSUN]-1660887911622
-1966087783
GPR[SPVATF]-1660887911982
GPR[EPVATF]-1660887912017
[54102] ERROR NoPol - Error ExecutionException java.util.concurrent.ExecutionException: java.lang.RuntimeException: failingTestCasesValidated: nothing to repair, no failing test cases
GPR[ESUN]-1660887912017
GPR[SSUN]-1660887912017
-1966087783
GPR[SPVATF]-1660887912317
GPR[EPVATF]-1660887912344
[54429] ERROR NoPol - Error ExecutionException java.util.concurrent.ExecutionException: java.lang.RuntimeException: failingTestCasesValidated: nothing to repair, no failing test cases
GPR[ESUN]-1660887912344
GPR[SSUN]-1660887912344
-1659631726
GPR[ESUN]-1660887912859
GPR[SSUN]-1660887912859
130004992
GPR[ESUN]-1660887913090
GPR[SSUN]-1660887913090
130004992
GPR[SPVATF]-1660887913296
GPR[EPVATF]-1660887913331
[55416] ERROR NoPol - Error ExecutionException java.util.concurrent.ExecutionException: java.lang.RuntimeException: failingTestCasesValidated: nothing to repair, no failing test cases
GPR[ESUN]-1660887913332
GPR[SSUN]-1660887913332
130004992
GPR[ESUN]-1660887913806
GPR[SSUN]-1660887913806
890942016
GPR[ESUN]-1660887914178
GPR[SSUN]-1660887914178
890942016
GPR[SPVATF]-1660887914600
GPR[EPVATF]-1660887914652
[56737] ERROR NoPol - Error ExecutionException java.util.concurrent.ExecutionException: java.lang.RuntimeException: failingTestCasesValidated: nothing to repair, no failing test cases
GPR[ESUN]-1660887914652
GPR[SSUN]-1660887914652
890942016
GPR[SPVATF]-1660887915087
GPR[EPVATF]-1660887915146
[57231] ERROR NoPol - Error ExecutionException java.util.concurrent.ExecutionException: java.lang.RuntimeException: failingTestCasesValidated: nothing to repair, no failing test cases
GPR[SPVATF]-1660887915147
GPR[EPVATF]-1660887915216
[57301] ERROR NoPol - Error ExecutionException java.util.concurrent.ExecutionException: java.lang.RuntimeException: failingTestCasesValidated: nothing to repair, no failing test cases
GPR[ESUN]-1660887915216
GPR[SSUN]-1660887915216
890942016
GPR[ESUN]-1660887915620
GPR[SSUN]-1660887915620
890942016
GPR[ESUN]-1660887915821
GPR[SSUN]-1660887915821
-1966087783
GPR[ESUN]-1660887916094
GPR[SSUN]-1660887916094
-1966087783
GPR[SPVATF]-1660887916277
GPR[EPVATF]-1660887916300
[58385] ERROR NoPol - Error ExecutionException java.util.concurrent.ExecutionException: java.lang.RuntimeException: failingTestCasesValidated: nothing to repair, no failing test cases
GPR[SPVATF]-1660887916300
GPR[EPVATF]-1660887916320
[58405] ERROR NoPol - Error ExecutionException java.util.concurrent.ExecutionException: java.lang.RuntimeException: failingTestCasesValidated: nothing to repair, no failing test cases
GPR[ESUN]-1660887916320
GPR[SSUN]-1660887916320
-1966087783
GPR[ESUN]-1660887916570
GPR[SSUN]-1660887916570
-1966087783
GPR[SPVATF]-1660887919336
GPR[EPVATF]-1660887919354
[61439] ERROR NoPol - Error ExecutionException java.util.concurrent.ExecutionException: java.lang.RuntimeException: failingTestCasesValidated: nothing to repair, no failing test cases
GPR[SPVATF]-1660887919354
GPR[EPVATF]-1660887919372
[61457] ERROR NoPol - Error ExecutionException java.util.concurrent.ExecutionException: java.lang.RuntimeException: failingTestCasesValidated: nothing to repair, no failing test cases
GPR[ESUN]-1660887919372
GPR[SSUN]-1660887919372
-1966087783
GPR[ESUN]-1660887919826
GPR[SSUN]-1660887919826
-1966087783
GPR[ESUN]-1660887920071
GPR[SSUN]-1660887920071
-1966087783
GPR[ESUN]-1660887920336
GPR[SSUN]-1660887920336
-1966087783
GPR[SPVATF]-1660887920644
GPR[EPVATF]-1660887920928
[63013] ERROR NoPol - Error ExecutionException java.util.concurrent.ExecutionException: java.lang.RuntimeException: failingTestCasesValidated: nothing to repair, no failing test cases
GPR[SPVATF]-1660887920928
GPR[EPVATF]-1660887921001
[63086] ERROR NoPol - Error ExecutionException java.util.concurrent.ExecutionException: java.lang.RuntimeException: failingTestCasesValidated: nothing to repair, no failing test cases
GPR[ESUN]-1660887921001
GPR[SSUN]-1660887921001
-1966087783
GPR[SPVATF]-1660887921401
GPR[EPVATF]-1660887921459
[63544] ERROR NoPol - Error ExecutionException java.util.concurrent.ExecutionException: java.lang.RuntimeException: failingTestCasesValidated: nothing to repair, no failing test cases
GPR[SPVATF]-1660887921459
GPR[EPVATF]-1660887921519
[63604] ERROR NoPol - Error ExecutionException java.util.concurrent.ExecutionException: java.lang.RuntimeException: failingTestCasesValidated: nothing to repair, no failing test cases
GPR[ESUN]-1660887921519
GPR[SSUN]-1660887921519
-1966087783
GPR[SPVATF]-1660887921731
GPR[EPVATF]-1660887921753
[63838] ERROR NoPol - Error ExecutionException java.util.concurrent.ExecutionException: java.lang.RuntimeException: failingTestCasesValidated: nothing to repair, no failing test cases
GPR[SPVATF]-1660887921754
GPR[EPVATF]-1660887921774
[63859] ERROR NoPol - Error ExecutionException java.util.concurrent.ExecutionException: java.lang.RuntimeException: failingTestCasesValidated: nothing to repair, no failing test cases
GPR[ESUN]-1660887921774
GPR[SSUN]-1660887921774
-1966087783
GPR[ESUN]-1660887921969
GPR[SSUN]-1660887921969
-1966087783
GPR[ESUN]-1660887922149
GPR[SSUN]-1660887922149
-1966087783
GPR[SPVATF]-1660887922569
GPR[EPVATF]-1660887922642
[64727] ERROR NoPol - Error ExecutionException java.util.concurrent.ExecutionException: java.lang.RuntimeException: failingTestCasesValidated: nothing to repair, no failing test cases
GPR[SPVATF]-1660887922643
GPR[EPVATF]-1660887922724
[64809] ERROR NoPol - Error ExecutionException java.util.concurrent.ExecutionException: java.lang.RuntimeException: failingTestCasesValidated: nothing to repair, no failing test cases
GPR[ESUN]-1660887922724
GPR[SSUN]-1660887922724
-1966087783
GPR[SPVATF]-1660887923205
GPR[EPVATF]-1660887923266
[65351] ERROR NoPol - Error ExecutionException java.util.concurrent.ExecutionException: java.lang.RuntimeException: failingTestCasesValidated: nothing to repair, no failing test cases
GPR[SPVATF]-1660887923267
GPR[EPVATF]-1660887923333
[65418] ERROR NoPol - Error ExecutionException java.util.concurrent.ExecutionException: java.lang.RuntimeException: failingTestCasesValidated: nothing to repair, no failing test cases
GPR[ESUN]-1660887923333
GPR[SSUN]-1660887923333
-1966087783
GPR[ESUN]-1660887923879
GPR[SSUN]-1660887923879
-1966087783
GPR[SPVATF]-1660887924433
GPR[EPVATF]-1660887924520
[66605] ERROR NoPol - Error ExecutionException java.util.concurrent.ExecutionException: java.lang.RuntimeException: failingTestCasesValidated: nothing to repair, no failing test cases
GPR[ESUN]-1660887924520
GPR[SSUN]-1660887924520
-1966087783
GPR[SPVATF]-1660887925067
GPR[EPVATF]-1660887925136
[67221] ERROR NoPol - Error ExecutionException java.util.concurrent.ExecutionException: java.lang.RuntimeException: failingTestCasesValidated: nothing to repair, no failing test cases
GPR[ESUN]-1660887925136
GPR[SSUN]-1660887925136
-1966087783
GPR[ESUN]-1660887925514
GPR[SSUN]-1660887925514
-1966087783
GPR[SPVATF]-1660887925928
GPR[EPVATF]-1660887925959
[68044] ERROR NoPol - Error ExecutionException java.util.concurrent.ExecutionException: java.lang.RuntimeException: failingTestCasesValidated: nothing to repair, no failing test cases
GPR[ESUN]-1660887925959
GPR[SSUN]-1660887925959
-1966087783
GPR[ESUN]-1660887926140
GPR[SSUN]-1660887926140
-1966087783
GPR[ESUN]-1660887926338
GPR[SSUN]-1660887926339
-1966087783
GPR[SPVATF]-1660887926516
GPR[EPVATF]-1660887926537
[68622] ERROR NoPol - Error ExecutionException java.util.concurrent.ExecutionException: java.lang.RuntimeException: failingTestCasesValidated: nothing to repair, no failing test cases
GPR[ESUN]-1660887926537
GPR[SSUN]-1660887926537
-1966087783
GPR[SPVATF]-1660887926719
GPR[EPVATF]-1660887926742
[68827] ERROR NoPol - Error ExecutionException java.util.concurrent.ExecutionException: java.lang.RuntimeException: failingTestCasesValidated: nothing to repair, no failing test cases
GPR[ESUN]-1660887926742
GPR[SSUN]-1660887926742
234947553
GPR[ESUN]-1660887926946
GPR[SSUN]-1660887926946
234947553
GPR[SPVATF]-1660887927170
GPR[EPVATF]-1660887927238
[69323] ERROR NoPol - Error ExecutionException java.util.concurrent.ExecutionException: java.lang.RuntimeException: failingTestCasesValidated: nothing to repair, no failing test cases
GPR[SPVATF]-1660887927238
GPR[EPVATF]-1660887927295
[69380] ERROR NoPol - Error ExecutionException java.util.concurrent.ExecutionException: java.lang.RuntimeException: failingTestCasesValidated: nothing to repair, no failing test cases
GPR[ESUN]-1660887927295
GPR[SSUN]-1660887927295
234947553
GPR[ESUN]-1660887927757
GPR[SSUN]-1660887927757
234947553
GPR[SPVATF]-1660887928275
GPR[EPVATF]-1660887928327
[70412] ERROR NoPol - Error ExecutionException java.util.concurrent.ExecutionException: java.lang.RuntimeException: failingTestCasesValidated: nothing to repair, no failing test cases
GPR[SPVATF]-1660887928327
GPR[EPVATF]-1660887928386
[70472] ERROR NoPol - Error ExecutionException java.util.concurrent.ExecutionException: java.lang.RuntimeException: failingTestCasesValidated: nothing to repair, no failing test cases
GPR[ESUN]-1660887928387
GPR[SSUN]-1660887928387
234947553
GPR[SPVATF]-1660887928789
GPR[EPVATF]-1660887928806
[70891] ERROR NoPol - Error ExecutionException java.util.concurrent.ExecutionException: java.lang.RuntimeException: failingTestCasesValidated: nothing to repair, no failing test cases
GPR[ESUN]-1660887928806
GPR[SSUN]-1660887928806
234947553
GPR[ESUN]-1660887929068
GPR[SSUN]-1660887929068
234947553
GPR[ESUN]-1660887929332
GPR[SSUN]-1660887929332
234947553
GPR[SPVATF]-1660887929554
GPR[EPVATF]-1660887929569
[71654] ERROR NoPol - Error ExecutionException java.util.concurrent.ExecutionException: java.lang.RuntimeException: failingTestCasesValidated: nothing to repair, no failing test cases
GPR[ESUN]-1660887929569
GPR[SSUN]-1660887929569
234947553
GPR[SPVATF]-1660887929848
GPR[EPVATF]-1660887929869
[71954] ERROR NoPol - Error ExecutionException java.util.concurrent.ExecutionException: java.lang.RuntimeException: failingTestCasesValidated: nothing to repair, no failing test cases
GPR[ESUN]-1660887929869
GPR[SSUN]-1660887929869
234947553
GPR[SPVATF]-1660887930073
GPR[EPVATF]-1660887930108
[72193] ERROR NoPol - Error ExecutionException java.util.concurrent.ExecutionException: java.lang.RuntimeException: failingTestCasesValidated: nothing to repair, no failing test cases
GPR[ESUN]-1660887930108
GPR[SSUN]-1660887930108
234947553
GPR[ESUN]-1660887930606
GPR[SSUN]-1660887930606
234947553
GPR[ESUN]-1660887931913
GPR[SSUN]-1660887931914
234947553
GPR[SPVATF]-1660887932206
GPR[EPVATF]-1660887932220
[74306] ERROR NoPol - Error ExecutionException java.util.concurrent.ExecutionException: java.lang.RuntimeException: failingTestCasesValidated: nothing to repair, no failing test cases
GPR[ESUN]-1660887932221
GPR[SSUN]-1660887932221
234947553
GPR[SPVATF]-1660887932414
GPR[EPVATF]-1660887932428
[74514] ERROR NoPol - Error ExecutionException java.util.concurrent.ExecutionException: java.lang.RuntimeException: failingTestCasesValidated: nothing to repair, no failing test cases
GPR[ESUN]-1660887932429
GPR[SSUN]-1660887932429
234947553
GPR[ESUN]-1660887932665
GPR[SSUN]-1660887932665
234947553
GPR[SPVATF]-1660887933085
GPR[EPVATF]-1660887933117
[75202] ERROR NoPol - Error ExecutionException java.util.concurrent.ExecutionException: java.lang.RuntimeException: failingTestCasesValidated: nothing to repair, no failing test cases
GPR[ESUN]-1660887933117
GPR[SSUN]-1660887933117
234947553
GPR[SPVATF]-1660887933531
GPR[EPVATF]-1660887933563
[75648] ERROR NoPol - Error ExecutionException java.util.concurrent.ExecutionException: java.lang.RuntimeException: failingTestCasesValidated: nothing to repair, no failing test cases
GPR[ESUN]-1660887933563
GPR[SSUN]-1660887933563
234947553
GPR[ESUN]-1660887933861
GPR[SSUN]-1660887933861
890942016
GPR[SPVATF]-1660887934052
GPR[EPVATF]-1660887934071
[76156] ERROR NoPol - Error ExecutionException java.util.concurrent.ExecutionException: java.lang.RuntimeException: failingTestCasesValidated: nothing to repair, no failing test cases
GPR[SPVATF]-1660887934071
GPR[EPVATF]-1660887934089
[76174] ERROR NoPol - Error ExecutionException java.util.concurrent.ExecutionException: java.lang.RuntimeException: failingTestCasesValidated: nothing to repair, no failing test cases
GPR[ESUN]-1660887934089
GPR[SSUN]-1660887934089
890942016
GPR[SPVATF]-1660887934271
GPR[EPVATF]-1660887934290
[76375] ERROR NoPol - Error ExecutionException java.util.concurrent.ExecutionException: java.lang.RuntimeException: failingTestCasesValidated: nothing to repair, no failing test cases
GPR[ESUN]-1660887934290
GPR[SSUN]-1660887934290
890942016
GPR[ESUN]-1660887934836
GPR[SSUN]-1660887934836
890942016
GPR[SPVATF]-1660887935016
GPR[EPVATF]-1660887935040
[77125] ERROR NoPol - Error ExecutionException java.util.concurrent.ExecutionException: java.lang.RuntimeException: failingTestCasesValidated: nothing to repair, no failing test cases
GPR[ESUN]-1660887935040
GPR[SSUN]-1660887935040
890942016
GPR[SPVATF]-1660887935223
GPR[EPVATF]-1660887935242
[77327] ERROR NoPol - Error ExecutionException java.util.concurrent.ExecutionException: java.lang.RuntimeException: failingTestCasesValidated: nothing to repair, no failing test cases
GPR[SPVATF]-1660887935243
GPR[EPVATF]-1660887935260
[77345] ERROR NoPol - Error ExecutionException java.util.concurrent.ExecutionException: java.lang.RuntimeException: failingTestCasesValidated: nothing to repair, no failing test cases
GPR[ESUN]-1660887935260
GPR[SSUN]-1660887935260
890942016
GPR[SPVATF]-1660887935720
GPR[EPVATF]-1660887935771
[77856] ERROR NoPol - Error ExecutionException java.util.concurrent.ExecutionException: java.lang.RuntimeException: failingTestCasesValidated: nothing to repair, no failing test cases
GPR[ESUN]-1660887935771
GPR[SSUN]-1660887935771
890942016
GPR[SPVATF]-1660887936223
GPR[EPVATF]-1660887936278
[78363] ERROR NoPol - Error ExecutionException java.util.concurrent.ExecutionException: java.lang.RuntimeException: failingTestCasesValidated: nothing to repair, no failing test cases
GPR[SPVATF]-1660887936278
GPR[EPVATF]-1660887936299
[78384] ERROR NoPol - Error ExecutionException java.util.concurrent.ExecutionException: java.lang.RuntimeException: failingTestCasesValidated: nothing to repair, no failing test cases
GPR[ESUN]-1660887936299
GPR[SSUN]-1660887936299
890942016
GPR[ESUN]-1660887936547
GPR[SSUN]-1660887936547
890942016
GPR[SPVATF]-1660887936929
GPR[EPVATF]-1660887936972
[79057] ERROR NoPol - Error ExecutionException java.util.concurrent.ExecutionException: java.lang.RuntimeException: failingTestCasesValidated: nothing to repair, no failing test cases
GPR[ESUN]-1660887936972
GPR[SSUN]-1660887936972
890942016
GPR[SPVATF]-1660887937164
GPR[EPVATF]-1660887937181
[79266] ERROR NoPol - Error ExecutionException java.util.concurrent.ExecutionException: java.lang.RuntimeException: failingTestCasesValidated: nothing to repair, no failing test cases
GPR[ESUN]-1660887937181
GPR[SSUN]-1660887937181
890942016
GPR[SPVATF]-1660887937358
GPR[EPVATF]-1660887937377
[79462] ERROR NoPol - Error ExecutionException java.util.concurrent.ExecutionException: java.lang.RuntimeException: failingTestCasesValidated: nothing to repair, no failing test cases
GPR[ESUN]-1660887937378
GPR[SSUN]-1660887937378
890942016
GPR[ESUN]-1660887937569
GPR[SSUN]-1660887937569
711965926
GPR[ESUN]-1660887937868
GPR[SSUN]-1660887937868
-1659631726
GPR[ESUN]-1660887938379
GPR[SSUN]-1660887938379
-1659631726
GPR[SPVATF]-1660887938790
GPR[EPVATF]-1660887938829
GPR[SPS]-1660887938829
GPR[EPS]-1660887939131
GPR[ESUN]-1660887939131
GPR[SSUN]-1660887939131
-1659631726
GPR[SPVATF]-1660887939317
GPR[EPVATF]-1660887939327
GPR[SPS]-1660887939327
GPR[EPS]-1660887939625
GPR[ESUN]-1660887939625
GPR[SSUN]-1660887939626
-1659631726
GPR[SPVATF]-1660887939822
GPR[EPVATF]-1660887939842
GPR[SPS]-1660887939842
GPR[EPS]-1660887940442
GPR[ESUN]-1660887940442
GPR[SSUN]-1660887940442
-1659631726
GPR[SPVATF]-1660887940649
GPR[EPVATF]-1660887940659
GPR[SPS]-1660887940659
GPR[EPS]-1660887940930
GPR[SPVATF]-1660887940931
GPR[EPVATF]-1660887940947
GPR[SPS]-1660887940947
GPR[EPS]-1660887941264
GPR[ESUN]-1660887941264
GPR[SSUN]-1660887941264
-1659631726
GPR[SPVATF]-1660887941513
GPR[EPVATF]-1660887941524
GPR[SPS]-1660887941524
GPR[EPS]-1660887941792
GPR[ESUN]-1660887941792
GPR[SSUN]-1660887941792
711965926
GPR[SPVATF]-1660887942165
GPR[EPVATF]-1660887942203
GPR[SPS]-1660887942203
GPR[EPS]-1660887942550
GPR[ESUN]-1660887942550
GPR[SSUN]-1660887942550
711965926
GPR[ESUN]-1660887942825
GPR[SSUN]-1660887942825
711965926
GPR[ESUN]-1660887943032
GPR[SSUN]-1660887943032
-1062468392
GPR[ESUN]-1660887943435
GPR[SSUN]-1660887943435
-1659631726
GPR[ESUN]-1660887943891
GPR[SSUN]-1660887943891
-1659631726
GPR[ESUN]-1660887944123
GPR[SSUN]-1660887944123
-1659631726
GPR[SPVATF]-1660887944296
GPR[EPVATF]-1660887944307
GPR[SPS]-1660887944307
GPR[EPS]-1660887944800
GPR[SPVATF]-1660887944800
GPR[EPVATF]-1660887944845
GPR[SPS]-1660887944845
GPR[EPS]-1660887945314
GPR[ESUN]-1660887945314
GPR[SSUN]-1660887945314
-1659631726
GPR[SPVATF]-1660887945496
GPR[EPVATF]-1660887945506
GPR[SPS]-1660887945506
GPR[EPS]-1660887945828
GPR[ESUN]-1660887945828
GPR[SSUN]-1660887945828
-1659631726
GPR[SPVATF]-1660887946531
GPR[EPVATF]-1660887946580
GPR[SPS]-1660887946580
GPR[EPS]-1660887947092
GPR[ESUN]-1660887947092
GPR[SSUN]-1660887947092
-1659631726
GPR[SPVATF]-1660887947375
GPR[EPVATF]-1660887947384
GPR[SPS]-1660887947384
GPR[EPS]-1660887947692
GPR[ESUN]-1660887947692
GPR[SSUN]-1660887947692
-1659631726
GPR[SPVATF]-1660887948023
GPR[EPVATF]-1660887948037
GPR[SPS]-1660887948037
GPR[EPS]-1660887948345
GPR[ESUN]-1660887948345
GPR[SSUN]-1660887948345
-1659631726
GPR[SPVATF]-1660887948613
GPR[EPVATF]-1660887948623
GPR[SPS]-1660887948623
GPR[EPS]-1660887949048
GPR[SPVATF]-1660887949048
GPR[EPVATF]-1660887949057
GPR[SPS]-1660887949057
GPR[EPS]-1660887949473
GPR[ESUN]-1660887949473
GPR[SSUN]-1660887949473
-1659631726
GPR[ESUN]-1660887949773
GPR[SSUN]-1660887949773
-1659631726
GPR[ESUN]-1660887950039
GPR[SSUN]-1660887950039
-1659631726
GPR[ESUN]-1660887950212
GPR[SSUN]-1660887950212
-132053243
GPR[ESUN]-1660887950500
GPR[SSUN]-1660887950500
-132053243
GPR[SPVATF]-1660887950874
GPR[EPVATF]-1660887950941
[93026] ERROR NoPol - Error ExecutionException java.util.concurrent.ExecutionException: java.lang.RuntimeException: failingTestCasesValidated: nothing to repair, no failing test cases
GPR[SPVATF]-1660887950941
GPR[EPVATF]-1660887951001
[93086] ERROR NoPol - Error ExecutionException java.util.concurrent.ExecutionException: java.lang.RuntimeException: failingTestCasesValidated: nothing to repair, no failing test cases
GPR[ESUN]-1660887951001
GPR[SSUN]-1660887951001
-132053243
GPR[ESUN]-1660887951266
GPR[SSUN]-1660887951266
-132053243
GPR[SPVATF]-1660887951447
GPR[EPVATF]-1660887951465
[93550] ERROR NoPol - Error ExecutionException java.util.concurrent.ExecutionException: java.lang.RuntimeException: failingTestCasesValidated: nothing to repair, no failing test cases
GPR[ESUN]-1660887951465
GPR[SSUN]-1660887951465
-132053243
GPR[SPVATF]-1660887951823
GPR[EPVATF]-1660887951844
[93929] ERROR NoPol - Error ExecutionException java.util.concurrent.ExecutionException: java.lang.RuntimeException: failingTestCasesValidated: nothing to repair, no failing test cases
GPR[ESUN]-1660887951844
GPR[SSUN]-1660887951844
-132053243
GPR[SPVATF]-1660887952227
GPR[EPVATF]-1660887952285
[94370] ERROR NoPol - Error ExecutionException java.util.concurrent.ExecutionException: java.lang.RuntimeException: failingTestCasesValidated: nothing to repair, no failing test cases
GPR[ESUN]-1660887952285
GPR[SSUN]-1660887952285
-132053243
GPR[SPVATF]-1660887952640
GPR[EPVATF]-1660887952658
[94743] ERROR NoPol - Error ExecutionException java.util.concurrent.ExecutionException: java.lang.RuntimeException: failingTestCasesValidated: nothing to repair, no failing test cases
GPR[ESUN]-1660887952658
GPR[SSUN]-1660887952658
-132053243
GPR[ESUN]-1660887952861
GPR[SSUN]-1660887952861
-1966087783
GPR[ESUN]-1660887953361
GPR[SSUN]-1660887953361
-1966087783
GPR[SPVATF]-1660887953667
GPR[EPVATF]-1660887953685
[95770] ERROR NoPol - Error ExecutionException java.util.concurrent.ExecutionException: java.lang.RuntimeException: failingTestCasesValidated: nothing to repair, no failing test cases
GPR[SPVATF]-1660887953685
GPR[EPVATF]-1660887953703
[95788] ERROR NoPol - Error ExecutionException java.util.concurrent.ExecutionException: java.lang.RuntimeException: failingTestCasesValidated: nothing to repair, no failing test cases
GPR[ESUN]-1660887953703
GPR[SSUN]-1660887953703
-1966087783
GPR[SPVATF]-1660887953884
GPR[EPVATF]-1660887953903
[95988] ERROR NoPol - Error ExecutionException java.util.concurrent.ExecutionException: java.lang.RuntimeException: failingTestCasesValidated: nothing to repair, no failing test cases
GPR[ESUN]-1660887953903
GPR[SSUN]-1660887953903
-1966087783
GPR[ESUN]-1660887954334
GPR[SSUN]-1660887954334
-1966087783
GPR[SPVATF]-1660887954821
GPR[EPVATF]-1660887954842
[96927] ERROR NoPol - Error ExecutionException java.util.concurrent.ExecutionException: java.lang.RuntimeException: failingTestCasesValidated: nothing to repair, no failing test cases
GPR[SPVATF]-1660887954842
GPR[EPVATF]-1660887954861
[96946] ERROR NoPol - Error ExecutionException java.util.concurrent.ExecutionException: java.lang.RuntimeException: failingTestCasesValidated: nothing to repair, no failing test cases
GPR[ESUN]-1660887954861
GPR[SSUN]-1660887954861
-600752576
GPR[ESUN]-1660887955042
GPR[SSUN]-1660887955043
-600752576
GPR[ESUN]-1660887955239
GPR[SSUN]-1660887955239
711965926
GPR[ESUN]-1660887955421
GPR[SSUN]-1660887955421
711965926
GPR[SPVATF]-1660887955766
GPR[EPVATF]-1660887955809
[97894] ERROR NoPol - Error ExecutionException java.util.concurrent.ExecutionException: java.lang.RuntimeException: failingTestCasesValidated: nothing to repair, no failing test cases
GPR[ESUN]-1660887955809
[97951] INFO NoPol - ----INFORMATION----
[98103] INFO NoPol - Nb classes : 396
[98103] INFO NoPol - Nb methods : 4488
[98103] INFO NoPol - Nb Statements Analyzed : 19
[98103] INFO NoPol - Nb Statements with Angelic Value Found : 1
[98103] INFO NoPol - NoPol Execution time : 97952ms
[98103] INFO NoPol - 
[98103] INFO NoPol - ----PATCH FOUND----
[98103] INFO NoPol - true
[99936] INFO NoPol - Nb test that executes the patch: 5
[99936] INFO NoPol - com.google.javascript.jscomp.LightweightMessageFormatter:97: CONDITIONAL
[99940] INFO NoPol - --- a/src/com/google/javascript/jscomp/LightweightMessageFormatter.java
+++ b/src/com/google/javascript/jscomp/LightweightMessageFormatter.java
@@ -96,4 +96,3 @@
       // at the end of the line
-      if (excerpt.equals(LINE)
-          && 0 <= charno && charno < sourceExcerpt.length()) {
+      if (true) {
         for (int i = 0; i < charno; i++) {

GPR[EFP]-1660887959132
PATCH
\n\nNode: host-55\n
\n\nDate: Thu 18 Aug 2022 10:45:59 PM PDT\n
End running Nopol Closure/62 results at /experiment_home///results/dynamoth/Closure/62/seed_214/
Removing checked out dir script/workingdir/dynamoth/Closure_62
GPR[SSLE]-1660887961010
GPR[ESLE]-1660888021016
