Picked up JAVA_TOOL_OPTIONS: -Dfile.encoding=UTF8 -Duser.language=en-US -Duser.country=US -Duser.language=en
org.apache.commons.math.analysis.BrentSolverTest#testRootEndpoints
.E
Time: 0.252
There was 1 failure:
1) testRootEndpoints(org.apache.commons.math.analysis.BrentSolverTest)
java.lang.IllegalArgumentException: Function values at endpoints do not have different signs.  Endpoints: [3.0,3.141592653589793]  Values: [0.1411200080598672,1.2246467991473532E-16]
	at org.apache.commons.math.analysis.BrentSolver.solve(BrentSolver.java:141)
	at org.apache.commons.math.analysis.BrentSolverTest.testRootEndpoints(BrentSolverTest.java:279)
	at sun.reflect.NativeMethodAccessorImpl.invoke0(Native Method)
	at sun.reflect.NativeMethodAccessorImpl.invoke(NativeMethodAccessorImpl.java:62)
	at sun.reflect.DelegatingMethodAccessorImpl.invoke(DelegatingMethodAccessorImpl.java:43)
	at java.lang.reflect.Method.invoke(Method.java:497)
	at junit.framework.TestCase.runTest(TestCase.java:176)
	at junit.framework.TestCase.runBare(TestCase.java:141)
	at junit.framework.TestResult$1.protect(TestResult.java:122)
	at junit.framework.TestResult.runProtected(TestResult.java:142)
	at junit.framework.TestResult.run(TestResult.java:125)
	at junit.framework.TestCase.run(TestCase.java:129)
	at junit.framework.TestSuite.runTest(TestSuite.java:255)
	at junit.framework.TestSuite.run(TestSuite.java:250)
	at org.junit.internal.runners.JUnit38ClassRunner.run(JUnit38ClassRunner.java:84)
	at org.junit.runner.JUnitCore.run(JUnitCore.java:160)
	at org.junit.runner.JUnitCore.run(JUnitCore.java:138)
	at fr.inria.lille.repair.MethodTestRunner.runTest(MethodTestRunner.java:44)
	at fr.inria.lille.repair.MethodTestRunner.access$0(MethodTestRunner.java:37)
	at fr.inria.lille.repair.MethodTestRunner$1.call(MethodTestRunner.java:20)
	at java.util.concurrent.FutureTask.run(FutureTask.java:266)
	at java.util.concurrent.ThreadPoolExecutor.runWorker(ThreadPoolExecutor.java:1142)
	at java.util.concurrent.ThreadPoolExecutor$Worker.run(ThreadPoolExecutor.java:617)
	at java.lang.Thread.run(Thread.java:745)

FAILURES!!!
Tests run: 1,  Failures: 1

org.apache.commons.math.distribution.GammaDistributionTest#testValues
.
Time: 0.038

OK (1 test)

org.apache.commons.math.analysis.UnivariateRealSolverUtilsTest#testSolveNoRoot
.
Time: 0.005

OK (1 test)

org.apache.commons.math.ode.nonstiff.HighamHall54IntegratorTest#testEventsNoConvergence
.
Time: 0.018

OK (1 test)

org.apache.commons.math.stat.regression.SimpleRegressionTest#testInference
.
Time: 0.027

OK (1 test)

org.apache.commons.math.analysis.UnivariateRealSolverUtilsTest#testSolveSin
.
Time: 0.006

OK (1 test)

org.apache.commons.math.distribution.FDistributionTest#testLargeDegreesOfFreedom
.
Time: 0.006

OK (1 test)

org.apache.commons.math.distribution.ChiSquareDistributionTest#testSmallDf
.
Time: 0.055

OK (1 test)

org.apache.commons.math.analysis.BrentSolverTest#testSinZero
.
Time: 0.01

OK (1 test)

org.apache.commons.math.ode.nonstiff.ClassicalRungeKuttaIntegratorTest#testDecreasingSteps
.
Time: 0.402

OK (1 test)

org.apache.commons.math.distribution.TDistributionTest#testSmallDf
.
Time: 0.054

OK (1 test)

org.apache.commons.math.distribution.GammaDistributionTest#testInverseCumulativeProbabilities
.
Time: 0.054

OK (1 test)

org.apache.commons.math.ode.nonstiff.GraggBulirschStoerIntegratorTest#testUnstableDerivative
.
Time: 0.011

OK (1 test)

org.apache.commons.math.analysis.BrentSolverTest#testInitialGuess
.
Time: 0.005

OK (1 test)

org.apache.commons.math.ode.nonstiff.MidpointIntegratorTest#testDecreasingSteps
.
Time: 0.293

OK (1 test)

org.apache.commons.math.distribution.ChiSquareDistributionTest#testInverseCumulativeProbabilities
.
Time: 0.044

OK (1 test)

org.apache.commons.math.analysis.BrentSolverTest#testBadEndpoints
.
Time: 0.005

OK (1 test)

org.apache.commons.math.distribution.NormalDistributionTest#testInverseCumulativeProbabilities
.
Time: 0.044

OK (1 test)

org.apache.commons.math.analysis.BrentSolverTest#testQuinticZero
.
Time: 0.084

OK (1 test)

org.apache.commons.math.ode.nonstiff.ThreeEighthesIntegratorTest#testDecreasingSteps
.
Time: 0.334

OK (1 test)

org.apache.commons.math.ode.nonstiff.DormandPrince853IntegratorTest#testUnstableDerivative
.
Time: 0.009

OK (1 test)

org.apache.commons.math.distribution.TDistributionTest#testInverseCumulativeProbabilities
.
Time: 0.045

OK (1 test)

org.apache.commons.math.ode.nonstiff.HighamHall54IntegratorTest#testEvents
.
Time: 0.043

OK (1 test)

org.apache.commons.math.ode.nonstiff.GillIntegratorTest#testDecreasingSteps
.
Time: 0.277

OK (1 test)

org.apache.commons.math.distribution.FDistributionTest#testInverseCumulativeProbabilities
.
Time: 0.04

OK (1 test)

org.apache.commons.math.ode.nonstiff.EulerIntegratorTest#testDecreasingSteps
.
Time: 0.236

OK (1 test)

org.apache.commons.math.ode.nonstiff.DormandPrince54IntegratorTest#testEvents
.
Time: 0.041

OK (1 test)

org.apache.commons.math.ode.nonstiff.GillIntegratorTest#testUnstableDerivative
.
Time: 0.008

OK (1 test)

org.apache.commons.math.ode.nonstiff.GraggBulirschStoerIntegratorTest#testEvents
.
Time: 0.045

OK (1 test)

org.apache.commons.math.ode.nonstiff.DormandPrince853IntegratorTest#testEvents
.
Time: 0.052

OK (1 test)

org.apache.commons.math.analysis.UnivariateRealSolverUtilsTest#testSolveAccuracySin
.
Time: 0.004

OK (1 test)

