Sleep 1m start
GPR[SSLI]-1659901569912
GPR[ESLI]-1659901629918
Running Nopol Closure 8b with approach: smt
Timezone: America/Los_Angeles
Seed 263
OS: linux
Creating out dir /experiment_home///results/Nopol/Closure/8/seed_263/
The file script/workingdir/Nopol/Closure_8 does not exist!
script/workingdir/Nopol/Closure_8
script/workingdir/Nopol/Closure_8
classpath:  script/workingdir/Nopol/Closure_8/build/classes:script/workingdir/Nopol/Closure_8/lib/args4j.jar:script/workingdir/Nopol/Closure_8/lib/guava.jar:script/workingdir/Nopol/Closure_8/lib/json.jar:script/workingdir/Nopol/Closure_8/lib/jsr305.jar:script/workingdir/Nopol/Closure_8/lib/protobuf-java.jar:script/workingdir/Nopol/Closure_8/build/lib/rhino.jar:script/workingdir/Nopol/Closure_8/lib/ant.jar:script/workingdir/Nopol/Closure_8/lib/ant-launcher.jar:script/workingdir/Nopol/Closure_8/lib/caja-r4314.jar:script/workingdir/Nopol/Closure_8/lib/jarjar.jar:script/workingdir/Nopol/Closure_8/lib/junit.jar:script/workingdir/Nopol/Closure_8/build/test
Src java:  /src
Classes Java:  /build/classes
Src Test:  /test
Classes Test:  /build/test
GPR[SSLB]-1659901649530
GPR[ESLB]-1659901709535
Calling Nopol:
Classpath to pass script/workingdir/Nopol/Closure_8//build/classes:script/workingdir/Nopol/Closure_8//build/test:script/workingdir/Nopol/Closure_8/build/classes:script/workingdir/Nopol/Closure_8/lib/args4j.jar:script/workingdir/Nopol/Closure_8/lib/guava.jar:script/workingdir/Nopol/Closure_8/lib/json.jar:script/workingdir/Nopol/Closure_8/lib/jsr305.jar:script/workingdir/Nopol/Closure_8/lib/protobuf-java.jar:script/workingdir/Nopol/Closure_8/build/lib/rhino.jar:script/workingdir/Nopol/Closure_8/lib/ant.jar:script/workingdir/Nopol/Closure_8/lib/ant-launcher.jar:script/workingdir/Nopol/Closure_8/lib/caja-r4314.jar:script/workingdir/Nopol/Closure_8/lib/jarjar.jar:script/workingdir/Nopol/Closure_8/lib/junit.jar:script/workingdir/Nopol/Closure_8/build/test
Node: host-56
Date init: Sun 07 Aug 2022 12:48:31 PM PDT
OAR_JOB_ID: 3720517
[0] INFO NoPol - Source files: [script/workingdir/Nopol/Closure_8/src]
[0] INFO NoPol - Classpath: [file:script/workingdir/Nopol/Closure_8/build/classes/, file:script/workingdir/Nopol/Closure_8/build/test/, file:script/workingdir/Nopol/Closure_8/build/classes/, file:script/workingdir/Nopol/Closure_8/lib/args4j.jar, file:script/workingdir/Nopol/Closure_8/lib/guava.jar, file:script/workingdir/Nopol/Closure_8/lib/json.jar, file:script/workingdir/Nopol/Closure_8/lib/jsr305.jar, file:script/workingdir/Nopol/Closure_8/lib/protobuf-java.jar, file:script/workingdir/Nopol/Closure_8/build/lib/rhino.jar, file:script/workingdir/Nopol/Closure_8/lib/ant.jar, file:script/workingdir/Nopol/Closure_8/lib/ant-launcher.jar, file:script/workingdir/Nopol/Closure_8/lib/caja-r4314.jar, file:script/workingdir/Nopol/Closure_8/lib/jarjar.jar, file:script/workingdir/Nopol/Closure_8/lib/junit.jar, file:script/workingdir/Nopol/Closure_8/build/test/]
[0] INFO NoPol - Statement type: PRE_THEN_COND
[0] INFO NoPol - Args: [com.google.debugging.sourcemap.Base64Test, com.google.debugging.sourcemap.Base64Test, com.google.debugging.sourcemap.Base64VLQTest, com.google.debugging.sourcemap.Base64VLQTest, com.google.debugging.sourcemap.SourceMapConsumerV1Test, com.google.debugging.sourcemap.SourceMapConsumerV1Test, com.google.debugging.sourcemap.SourceMapConsumerV2Test, com.google.debugging.sourcemap.SourceMapConsumerV2Test, com.google.debugging.sourcemap.SourceMapGeneratorV1Test, com.google.debugging.sourcemap.SourceMapGeneratorV1Test, com.google.debugging.sourcemap.SourceMapGeneratorV2Test, com.google.debugging.sourcemap.SourceMapGeneratorV2Test, com.google.debugging.sourcemap.SourceMapGeneratorV3Test, com.google.debugging.sourcemap.SourceMapGeneratorV3Test, com.google.javascript.jscomp.AliasExternalsTest, com.google.javascript.jscomp.AliasExternalsTest, com.google.javascript.jscomp.AliasKeywordsTest, com.google.javascript.jscomp.AliasKeywordsTest, com.google.javascript.jscomp.AliasStringsTest, com.google.javascript.jscomp.AliasStringsTest, com.google.javascript.jscomp.AmbiguatePropertiesTest, com.google.javascript.jscomp.AmbiguatePropertiesTest, com.google.javascript.jscomp.AstParallelizerTest, com.google.javascript.jscomp.AstParallelizerTest, com.google.javascript.jscomp.AstValidatorTest, com.google.javascript.jscomp.AstValidatorTest, com.google.javascript.jscomp.BasicErrorManagerTest, com.google.javascript.jscomp.BasicErrorManagerTest, com.google.javascript.jscomp.CallGraphTest, com.google.javascript.jscomp.CallGraphTest, com.google.javascript.jscomp.ChainCallsTest, com.google.javascript.jscomp.ChainCallsTest, com.google.javascript.jscomp.CheckAccessControlsTest, com.google.javascript.jscomp.CheckAccessControlsTest, com.google.javascript.jscomp.CheckAccidentalSemicolonTest, com.google.javascript.jscomp.CheckAccidentalSemicolonTest, com.google.javascript.jscomp.CheckDebuggerStatementTest, com.google.javascript.jscomp.CheckDebuggerStatementTest, com.google.javascript.jscomp.CheckGlobalNamesTest, com.google.javascript.jscomp.CheckGlobalNamesTest, com.google.javascript.jscomp.CheckGlobalThisTest, com.google.javascript.jscomp.CheckGlobalThisTest, com.google.javascript.jscomp.CheckMissingGetCssNameTest, com.google.javascript.jscomp.CheckMissingGetCssNameTest, com.google.javascript.jscomp.CheckMissingReturnTest, com.google.javascript.jscomp.CheckMissingReturnTest, com.google.javascript.jscomp.CheckPathsBetweenNodesTest, com.google.javascript.jscomp.CheckPathsBetweenNodesTest, com.google.javascript.jscomp.CheckProvidesTest, com.google.javascript.jscomp.CheckProvidesTest, com.google.javascript.jscomp.CheckRegExpTest, com.google.javascript.jscomp.CheckRegExpTest, com.google.javascript.jscomp.CheckRequiresForConstructorsTest, com.google.javascript.jscomp.CheckRequiresForConstructorsTest, com.google.javascript.jscomp.CheckSideEffectsTest, com.google.javascript.jscomp.CheckSideEffectsTest, com.google.javascript.jscomp.CheckUnreachableCodeTest, com.google.javascript.jscomp.CheckUnreachableCodeTest, com.google.javascript.jscomp.CleanupPassesTest, com.google.javascript.jscomp.CleanupPassesTest, com.google.javascript.jscomp.ClosureCodeRemovalTest, com.google.javascript.jscomp.ClosureCodeRemovalTest, com.google.javascript.jscomp.ClosureCodingConventionTest, com.google.javascript.jscomp.ClosureCodingConventionTest, com.google.javascript.jscomp.ClosureOptimizePrimitivesTest, com.google.javascript.jscomp.ClosureOptimizePrimitivesTest, com.google.javascript.jscomp.ClosureReverseAbstractInterpreterTest, com.google.javascript.jscomp.ClosureReverseAbstractInterpreterTest, com.google.javascript.jscomp.CoalesceVariableNamesTest, com.google.javascript.jscomp.CoalesceVariableNamesTest, com.google.javascript.jscomp.CodePrinterTest, com.google.javascript.jscomp.CodePrinterTest, com.google.javascript.jscomp.CollapseAnonymousFunctionsTest, com.google.javascript.jscomp.CollapseAnonymousFunctionsTest, com.google.javascript.jscomp.CollapsePropertiesTest, com.google.javascript.jscomp.CollapsePropertiesTest, com.google.javascript.jscomp.CollapseVariableDeclarationsTest, com.google.javascript.jscomp.CollapseVariableDeclarationsTest, com.google.javascript.jscomp.CombinedCompilerPassTest, com.google.javascript.jscomp.CombinedCompilerPassTest, com.google.javascript.jscomp.CommandLineRunnerTest, com.google.javascript.jscomp.CommandLineRunnerTest, com.google.javascript.jscomp.CompilerOptionsTest, com.google.javascript.jscomp.CompilerOptionsTest, com.google.javascript.jscomp.CompilerTest, com.google.javascript.jscomp.CompilerTest, com.google.javascript.jscomp.ConcreteTypeTest, com.google.javascript.jscomp.ConcreteTypeTest, com.google.javascript.jscomp.ConstCheckTest, com.google.javascript.jscomp.ConstCheckTest, com.google.javascript.jscomp.ControlFlowAnalysisTest, com.google.javascript.jscomp.ControlFlowAnalysisTest, com.google.javascript.jscomp.ControlStructureCheckTest, com.google.javascript.jscomp.ControlStructureCheckTest, com.google.javascript.jscomp.ConvertToDottedPropertiesTest, com.google.javascript.jscomp.ConvertToDottedPropertiesTest, com.google.javascript.jscomp.CreateSyntheticBlocksTest, com.google.javascript.jscomp.CreateSyntheticBlocksTest, com.google.javascript.jscomp.CrossModuleCodeMotionTest, com.google.javascript.jscomp.CrossModuleCodeMotionTest, com.google.javascript.jscomp.CrossModuleMethodMotionTest, com.google.javascript.jscomp.CrossModuleMethodMotionTest, com.google.javascript.jscomp.DataFlowAnalysisTest, com.google.javascript.jscomp.DataFlowAnalysisTest, com.google.javascript.jscomp.DeadAssignmentsEliminationTest, com.google.javascript.jscomp.DeadAssignmentsEliminationTest, com.google.javascript.jscomp.DefaultCodingConventionTest, com.google.javascript.jscomp.DefaultCodingConventionTest, com.google.javascript.jscomp.DefinitionsRemoverTest, com.google.javascript.jscomp.DefinitionsRemoverTest, com.google.javascript.jscomp.DenormalizeTest, com.google.javascript.jscomp.DenormalizeTest, com.google.javascript.jscomp.DevirtualizePrototypeMethodsTest, com.google.javascript.jscomp.DevirtualizePrototypeMethodsTest, com.google.javascript.jscomp.DiagnosticGroupTest, com.google.javascript.jscomp.DiagnosticGroupTest, com.google.javascript.jscomp.DisambiguatePropertiesTest, com.google.javascript.jscomp.DisambiguatePropertiesTest, com.google.javascript.jscomp.DotFormatterTest, com.google.javascript.jscomp.DotFormatterTest, com.google.javascript.jscomp.ExpandJqueryAliasesTest, com.google.javascript.jscomp.ExpandJqueryAliasesTest, com.google.javascript.jscomp.ExploitAssignsTest, com.google.javascript.jscomp.ExploitAssignsTest, com.google.javascript.jscomp.ExportTestFunctionsTest, com.google.javascript.jscomp.ExportTestFunctionsTest, com.google.javascript.jscomp.ExpressionDecomposerTest, com.google.javascript.jscomp.ExpressionDecomposerTest, com.google.javascript.jscomp.ExternExportsPassTest, com.google.javascript.jscomp.ExternExportsPassTest, com.google.javascript.jscomp.ExtractPrototypeMemberDeclarationsTest, com.google.javascript.jscomp.ExtractPrototypeMemberDeclarationsTest, com.google.javascript.jscomp.FixedPointGraphTraversalTest, com.google.javascript.jscomp.FixedPointGraphTraversalTest, com.google.javascript.jscomp.FlowSensitiveInlineVariablesTest, com.google.javascript.jscomp.FlowSensitiveInlineVariablesTest, com.google.javascript.jscomp.FunctionArgumentInjectorTest, com.google.javascript.jscomp.FunctionArgumentInjectorTest, com.google.javascript.jscomp.FunctionInjectorTest, com.google.javascript.jscomp.FunctionInjectorTest, com.google.javascript.jscomp.FunctionNamesTest, com.google.javascript.jscomp.FunctionNamesTest, com.google.javascript.jscomp.FunctionRewriterTest, com.google.javascript.jscomp.FunctionRewriterTest, com.google.javascript.jscomp.FunctionToBlockMutatorTest, com.google.javascript.jscomp.FunctionToBlockMutatorTest, com.google.javascript.jscomp.FunctionTypeBuilderTest, com.google.javascript.jscomp.FunctionTypeBuilderTest, com.google.javascript.jscomp.GatherRawExportsTest, com.google.javascript.jscomp.GatherRawExportsTest, com.google.javascript.jscomp.GatherSideEffectSubexpressionsCallbackTest, com.google.javascript.jscomp.GatherSideEffectSubexpressionsCallbackTest, com.google.javascript.jscomp.GenerateExportsTest, com.google.javascript.jscomp.GenerateExportsTest, com.google.javascript.jscomp.GlobalNamespaceTest, com.google.javascript.jscomp.GlobalNamespaceTest, com.google.javascript.jscomp.GlobalVarReferenceMapTest, com.google.javascript.jscomp.GlobalVarReferenceMapTest, com.google.javascript.jscomp.GoogleCodingConventionTest, com.google.javascript.jscomp.GoogleCodingConventionTest, com.google.javascript.jscomp.GroupVariableDeclarationsTest, com.google.javascript.jscomp.GroupVariableDeclarationsTest, com.google.javascript.jscomp.IgnoreCajaPropertiesTest, com.google.javascript.jscomp.IgnoreCajaPropertiesTest, com.google.javascript.jscomp.InferJSDocInfoTest, com.google.javascript.jscomp.InferJSDocInfoTest, com.google.javascript.jscomp.InlineCostEstimatorTest, com.google.javascript.jscomp.InlineCostEstimatorTest, com.google.javascript.jscomp.InlineFunctionsTest, com.google.javascript.jscomp.InlineFunctionsTest, com.google.javascript.jscomp.InlineObjectLiteralsTest, com.google.javascript.jscomp.InlineObjectLiteralsTest, com.google.javascript.jscomp.InlinePropertiesTest, com.google.javascript.jscomp.InlinePropertiesTest, com.google.javascript.jscomp.InlineSimpleMethodsTest, com.google.javascript.jscomp.InlineSimpleMethodsTest, com.google.javascript.jscomp.InlineVariablesConstantsTest, com.google.javascript.jscomp.InlineVariablesConstantsTest, com.google.javascript.jscomp.InlineVariablesTest, com.google.javascript.jscomp.InlineVariablesTest, com.google.javascript.jscomp.InstrumentFunctionsTest, com.google.javascript.jscomp.InstrumentFunctionsTest, com.google.javascript.jscomp.IntegrationTest, com.google.javascript.jscomp.IntegrationTest, com.google.javascript.jscomp.JSCompilerSourceExcerptProviderTest, com.google.javascript.jscomp.JSCompilerSourceExcerptProviderTest, com.google.javascript.jscomp.JSModuleGraphTest, com.google.javascript.jscomp.JSModuleGraphTest, com.google.javascript.jscomp.JSModuleTest, com.google.javascript.jscomp.JSModuleTest, com.google.javascript.jscomp.JsMessageExtractorTest, com.google.javascript.jscomp.JsMessageExtractorTest, com.google.javascript.jscomp.JsMessageTest, com.google.javascript.jscomp.JsMessageTest, com.google.javascript.jscomp.JsMessageVisitorTest, com.google.javascript.jscomp.JsMessageVisitorTest, com.google.javascript.jscomp.LightweightMessageFormatterTest, com.google.javascript.jscomp.LightweightMessageFormatterTest, com.google.javascript.jscomp.LinkedFlowScopeTest, com.google.javascript.jscomp.LinkedFlowScopeTest, com.google.javascript.jscomp.LiveVariableAnalysisTest, com.google.javascript.jscomp.LiveVariableAnalysisTest, com.google.javascript.jscomp.LooseTypeCheckTest, com.google.javascript.jscomp.LooseTypeCheckTest, com.google.javascript.jscomp.MakeDeclaredNamesUniqueTest, com.google.javascript.jscomp.MakeDeclaredNamesUniqueTest, com.google.javascript.jscomp.MarkNoSideEffectCallsTest, com.google.javascript.jscomp.MarkNoSideEffectCallsTest, com.google.javascript.jscomp.MaybeReachingVariableUseTest, com.google.javascript.jscomp.MaybeReachingVariableUseTest, com.google.javascript.jscomp.MemoizedScopeCreatorTest, com.google.javascript.jscomp.MemoizedScopeCreatorTest, com.google.javascript.jscomp.MinimizeExitPointsTest, com.google.javascript.jscomp.MinimizeExitPointsTest, com.google.javascript.jscomp.MoveFunctionDeclarationsTest, com.google.javascript.jscomp.MoveFunctionDeclarationsTest, com.google.javascript.jscomp.MustBeReachingVariableDefTest, com.google.javascript.jscomp.MustBeReachingVariableDefTest, com.google.javascript.jscomp.NameAnalyzerTest, com.google.javascript.jscomp.NameAnalyzerTest, com.google.javascript.jscomp.NameAnonymousFunctionsMappedTest, com.google.javascript.jscomp.NameAnonymousFunctionsMappedTest, com.google.javascript.jscomp.NameAnonymousFunctionsTest, com.google.javascript.jscomp.NameAnonymousFunctionsTest, com.google.javascript.jscomp.NodeIteratorsTest, com.google.javascript.jscomp.NodeIteratorsTest, com.google.javascript.jscomp.NodeTraversalTest, com.google.javascript.jscomp.NodeTraversalTest, com.google.javascript.jscomp.NodeUtilTest, com.google.javascript.jscomp.NodeUtilTest, com.google.javascript.jscomp.NormalizeTest, com.google.javascript.jscomp.NormalizeTest, com.google.javascript.jscomp.ObjectPropertyStringPostprocessTest, com.google.javascript.jscomp.ObjectPropertyStringPostprocessTest, com.google.javascript.jscomp.ObjectPropertyStringPreprocessTest, com.google.javascript.jscomp.ObjectPropertyStringPreprocessTest, com.google.javascript.jscomp.OptimizeArgumentsArrayTest, com.google.javascript.jscomp.OptimizeArgumentsArrayTest, com.google.javascript.jscomp.OptimizeCallsTest, com.google.javascript.jscomp.OptimizeCallsTest, com.google.javascript.jscomp.OptimizeParametersTest, com.google.javascript.jscomp.OptimizeParametersTest, com.google.javascript.jscomp.OptimizeReturnsTest, com.google.javascript.jscomp.OptimizeReturnsTest, com.google.javascript.jscomp.ParallelCompilerPassTest, com.google.javascript.jscomp.ParallelCompilerPassTest, com.google.javascript.jscomp.PeepholeCollectPropertyAssignmentsTest, com.google.javascript.jscomp.PeepholeCollectPropertyAssignmentsTest, com.google.javascript.jscomp.PeepholeFoldConstantsTest, com.google.javascript.jscomp.PeepholeFoldConstantsTest, com.google.javascript.jscomp.PeepholeFoldWithTypesTest, com.google.javascript.jscomp.PeepholeFoldWithTypesTest, com.google.javascript.jscomp.PeepholeIntegrationTest, com.google.javascript.jscomp.PeepholeIntegrationTest, com.google.javascript.jscomp.PeepholeOptimizationsPassTest, com.google.javascript.jscomp.PeepholeOptimizationsPassTest, com.google.javascript.jscomp.PeepholeRemoveDeadCodeTest, com.google.javascript.jscomp.PeepholeRemoveDeadCodeTest, com.google.javascript.jscomp.PeepholeReplaceKnownMethodsTest, com.google.javascript.jscomp.PeepholeReplaceKnownMethodsTest, com.google.javascript.jscomp.PeepholeSimplifyRegExpTest, com.google.javascript.jscomp.PeepholeSimplifyRegExpTest, com.google.javascript.jscomp.PeepholeSubstituteAlternateSyntaxTest, com.google.javascript.jscomp.PeepholeSubstituteAlternateSyntaxTest, com.google.javascript.jscomp.PhaseOptimizerTest, com.google.javascript.jscomp.PhaseOptimizerTest, com.google.javascript.jscomp.PrepareAstTest, com.google.javascript.jscomp.PrepareAstTest, com.google.javascript.jscomp.ProcessClosurePrimitivesTest, com.google.javascript.jscomp.ProcessClosurePrimitivesTest, com.google.javascript.jscomp.ProcessCommonJSModulesTest, com.google.javascript.jscomp.ProcessCommonJSModulesTest, com.google.javascript.jscomp.ProcessDefinesTest, com.google.javascript.jscomp.ProcessDefinesTest, com.google.javascript.jscomp.ProcessTweaksTest, com.google.javascript.jscomp.ProcessTweaksTest, com.google.javascript.jscomp.PureFunctionIdentifierTest, com.google.javascript.jscomp.PureFunctionIdentifierTest, com.google.javascript.jscomp.RecordFunctionInformationTest, com.google.javascript.jscomp.RecordFunctionInformationTest, com.google.javascript.jscomp.RemoveTryCatchTest, com.google.javascript.jscomp.RemoveTryCatchTest, com.google.javascript.jscomp.RemoveUnusedClassPropertiesTest, com.google.javascript.jscomp.RemoveUnusedClassPropertiesTest, com.google.javascript.jscomp.RemoveUnusedNamesTest, com.google.javascript.jscomp.RemoveUnusedNamesTest, com.google.javascript.jscomp.RemoveUnusedPrototypePropertiesTest, com.google.javascript.jscomp.RemoveUnusedPrototypePropertiesTest, com.google.javascript.jscomp.RemoveUnusedVarsTest, com.google.javascript.jscomp.RemoveUnusedVarsTest, com.google.javascript.jscomp.RenameLabelsTest, com.google.javascript.jscomp.RenameLabelsTest, com.google.javascript.jscomp.RenameLocalVarsTest, com.google.javascript.jscomp.RenameLocalVarsTest, com.google.javascript.jscomp.RenamePropertiesTest, com.google.javascript.jscomp.RenamePropertiesTest, com.google.javascript.jscomp.RenamePrototypesTest, com.google.javascript.jscomp.RenamePrototypesTest, com.google.javascript.jscomp.RenameVarsTest, com.google.javascript.jscomp.RenameVarsTest, com.google.javascript.jscomp.ReorderConstantExpressionTest, com.google.javascript.jscomp.ReorderConstantExpressionTest, com.google.javascript.jscomp.ReplaceCssNamesTest, com.google.javascript.jscomp.ReplaceCssNamesTest, com.google.javascript.jscomp.ReplaceIdGeneratorsTest, com.google.javascript.jscomp.ReplaceIdGeneratorsTest, com.google.javascript.jscomp.ReplaceMessagesForChromeTest, com.google.javascript.jscomp.ReplaceMessagesForChromeTest, com.google.javascript.jscomp.ReplaceMessagesTest, com.google.javascript.jscomp.ReplaceMessagesTest, com.google.javascript.jscomp.ReplaceStringsTest, com.google.javascript.jscomp.ReplaceStringsTest, com.google.javascript.jscomp.RescopeGlobalSymbolsTest, com.google.javascript.jscomp.RescopeGlobalSymbolsTest, com.google.javascript.jscomp.RhinoErrorReporterTest, com.google.javascript.jscomp.RhinoErrorReporterTest, com.google.javascript.jscomp.RuntimeTypeCheckTest, com.google.javascript.jscomp.RuntimeTypeCheckTest, com.google.javascript.jscomp.SanityCheckTest, com.google.javascript.jscomp.SanityCheckTest, com.google.javascript.jscomp.ScopedAliasesTest, com.google.javascript.jscomp.ScopedAliasesTest, com.google.javascript.jscomp.SemanticReverseAbstractInterpreterTest, com.google.javascript.jscomp.SemanticReverseAbstractInterpreterTest, com.google.javascript.jscomp.ShadowVariablesTest, com.google.javascript.jscomp.ShadowVariablesTest, com.google.javascript.jscomp.SideEffectsAnalysisTest, com.google.javascript.jscomp.SideEffectsAnalysisTest, com.google.javascript.jscomp.SimpleDefinitionFinderTest, com.google.javascript.jscomp.SimpleDefinitionFinderTest, com.google.javascript.jscomp.SimpleFunctionAliasAnalysisTest, com.google.javascript.jscomp.SimpleFunctionAliasAnalysisTest, com.google.javascript.jscomp.SourceInformationAnnotatorTest, com.google.javascript.jscomp.SourceInformationAnnotatorTest, com.google.javascript.jscomp.SourceMapTest, com.google.javascript.jscomp.SourceMapTest, com.google.javascript.jscomp.SpecializeModuleTest, com.google.javascript.jscomp.SpecializeModuleTest, com.google.javascript.jscomp.StatementFusionTest, com.google.javascript.jscomp.StatementFusionTest, com.google.javascript.jscomp.StrictModeCheckTest, com.google.javascript.jscomp.StrictModeCheckTest, com.google.javascript.jscomp.StripCodeTest, com.google.javascript.jscomp.StripCodeTest, com.google.javascript.jscomp.SymbolTableTest, com.google.javascript.jscomp.SymbolTableTest, com.google.javascript.jscomp.SyntacticScopeCreatorTest, com.google.javascript.jscomp.SyntacticScopeCreatorTest, com.google.javascript.jscomp.TightenTypesTest, com.google.javascript.jscomp.TightenTypesTest, com.google.javascript.jscomp.TransformAMDToCJSModuleTest, com.google.javascript.jscomp.TransformAMDToCJSModuleTest, com.google.javascript.jscomp.TypeCheckFunctionCheckTest, com.google.javascript.jscomp.TypeCheckFunctionCheckTest, com.google.javascript.jscomp.TypeCheckTest, com.google.javascript.jscomp.TypeCheckTest, com.google.javascript.jscomp.TypeInferenceTest, com.google.javascript.jscomp.TypeInferenceTest, com.google.javascript.jscomp.TypeValidatorTest, com.google.javascript.jscomp.TypeValidatorTest, com.google.javascript.jscomp.TypedScopeCreatorTest, com.google.javascript.jscomp.TypedScopeCreatorTest, com.google.javascript.jscomp.UnreachableCodeEliminationTest, com.google.javascript.jscomp.UnreachableCodeEliminationTest, com.google.javascript.jscomp.VarCheckTest, com.google.javascript.jscomp.VarCheckTest, com.google.javascript.jscomp.VariableMapTest, com.google.javascript.jscomp.VariableMapTest, com.google.javascript.jscomp.VariableReferenceCheckTest, com.google.javascript.jscomp.VariableReferenceCheckTest, com.google.javascript.jscomp.VariableVisibilityAnalysisTest, com.google.javascript.jscomp.VariableVisibilityAnalysisTest, com.google.javascript.jscomp.XtbMessageBundleTest, com.google.javascript.jscomp.XtbMessageBundleTest, com.google.javascript.jscomp.deps.DepsFileParserTest, com.google.javascript.jscomp.deps.DepsFileParserTest, com.google.javascript.jscomp.deps.JsFileLineParserTest, com.google.javascript.jscomp.deps.JsFileLineParserTest, com.google.javascript.jscomp.deps.JsFileParserTest, com.google.javascript.jscomp.deps.JsFileParserTest, com.google.javascript.jscomp.deps.JsFunctionParserTest, com.google.javascript.jscomp.deps.JsFunctionParserTest, com.google.javascript.jscomp.deps.SortedDependenciesTest, com.google.javascript.jscomp.deps.SortedDependenciesTest, com.google.javascript.jscomp.graph.GraphColoringTest, com.google.javascript.jscomp.graph.GraphColoringTest, com.google.javascript.jscomp.graph.GraphPrunerTest, com.google.javascript.jscomp.graph.GraphPrunerTest, com.google.javascript.jscomp.graph.GraphReachabilityTest, com.google.javascript.jscomp.graph.GraphReachabilityTest, com.google.javascript.jscomp.graph.GraphTest, com.google.javascript.jscomp.graph.GraphTest, com.google.javascript.jscomp.graph.StandardUnionFindTest, com.google.javascript.jscomp.graph.StandardUnionFindTest, com.google.javascript.jscomp.jsonml.JsonMLConversionTest, com.google.javascript.jscomp.jsonml.JsonMLConversionTest, com.google.javascript.jscomp.jsonml.JsonMLValidationTest, com.google.javascript.jscomp.jsonml.JsonMLValidationTest, com.google.javascript.jscomp.jsonml.SecureCompilerTest, com.google.javascript.jscomp.jsonml.SecureCompilerTest, com.google.javascript.jscomp.parsing.IRFactoryTest, com.google.javascript.jscomp.parsing.IRFactoryTest, com.google.javascript.jscomp.parsing.JsDocInfoParserTest, com.google.javascript.jscomp.parsing.JsDocInfoParserTest, com.google.javascript.jscomp.parsing.JsDocTokenStreamTest, com.google.javascript.jscomp.parsing.JsDocTokenStreamTest, com.google.javascript.jscomp.parsing.ParserTest, com.google.javascript.jscomp.parsing.ParserTest, com.google.javascript.jscomp.regex.CharRangesTest, com.google.javascript.jscomp.regex.CharRangesTest, com.google.javascript.rhino.IRTest, com.google.javascript.rhino.IRTest, com.google.javascript.rhino.JSDocInfoTest, com.google.javascript.rhino.JSDocInfoTest, com.google.javascript.rhino.NodeTest, com.google.javascript.rhino.NodeTest, com.google.javascript.rhino.jstype.BooleanLiteralSetTest, com.google.javascript.rhino.jstype.BooleanLiteralSetTest, com.google.javascript.rhino.jstype.EnumElementTypeTest, com.google.javascript.rhino.jstype.EnumElementTypeTest, com.google.javascript.rhino.jstype.FunctionParamBuilderTest, com.google.javascript.rhino.jstype.FunctionParamBuilderTest, com.google.javascript.rhino.jstype.FunctionTypeTest, com.google.javascript.rhino.jstype.FunctionTypeTest, com.google.javascript.rhino.jstype.JSTypeRegistryTest, com.google.javascript.rhino.jstype.JSTypeRegistryTest, com.google.javascript.rhino.jstype.JSTypeTest, com.google.javascript.rhino.jstype.JSTypeTest, com.google.javascript.rhino.jstype.NamedTypeTest, com.google.javascript.rhino.jstype.NamedTypeTest, com.google.javascript.rhino.jstype.ParameterizedTypeTest, com.google.javascript.rhino.jstype.ParameterizedTypeTest, com.google.javascript.rhino.jstype.PrototypeObjectTypeTest, com.google.javascript.rhino.jstype.PrototypeObjectTypeTest, com.google.javascript.rhino.jstype.RecordTypeTest, com.google.javascript.rhino.jstype.RecordTypeTest, com.google.javascript.rhino.jstype.TernaryValueTest, com.google.javascript.rhino.jstype.TernaryValueTest, com.google.javascript.rhino.jstype.UnionTypeBuilderTest, com.google.javascript.rhino.jstype.UnionTypeBuilderTest, com.google.javascript.rhino.jstype.UnionTypeTest, com.google.javascript.rhino.jstype.UnionTypeTest]
[2] INFO NoPol - Config: Config{synthesisDepth=3, collectStaticMethods=true, collectStaticFields=false, collectLiterals=false, onlyOneSynthesisResult=false, sortExpressions=true, maxLineInvocationPerTest=250, timeoutMethodInvocation=2000, dataCollectionTimeoutInSecondForSynthesis=900, addWeight=0.19478, subWeight=0.04554, mulWeight=0.0102, divWeight=0.00613, andWeight=0.10597, orWeight=0.05708, eqWeight=0.22798, nEqWeight=0.0, lessEqWeight=0.0255, lessWeight=0.0947, methodCallWeight=0.1, fieldAccessWeight=0.08099, constantWeight=0.14232, variableWeight=0.05195, mode=REPAIR, type=PRE_THEN_COND, synthesis=SMT, oracle=ANGELIC, solver=Z3, solverPath='script/../tools//libs/z3_for_linux', projectSources=[script/workingdir/Nopol/Closure_8/src], projectClasspath='[Ljava.net.URL;@28c97a5', projectTests=[com.google.debugging.sourcemap.Base64Test, com.google.debugging.sourcemap.Base64Test, com.google.debugging.sourcemap.Base64VLQTest, com.google.debugging.sourcemap.Base64VLQTest, com.google.debugging.sourcemap.SourceMapConsumerV1Test, com.google.debugging.sourcemap.SourceMapConsumerV1Test, com.google.debugging.sourcemap.SourceMapConsumerV2Test, com.google.debugging.sourcemap.SourceMapConsumerV2Test, com.google.debugging.sourcemap.SourceMapGeneratorV1Test, com.google.debugging.sourcemap.SourceMapGeneratorV1Test, com.google.debugging.sourcemap.SourceMapGeneratorV2Test, com.google.debugging.sourcemap.SourceMapGeneratorV2Test, com.google.debugging.sourcemap.SourceMapGeneratorV3Test, com.google.debugging.sourcemap.SourceMapGeneratorV3Test, com.google.javascript.jscomp.AliasExternalsTest, com.google.javascript.jscomp.AliasExternalsTest, com.google.javascript.jscomp.AliasKeywordsTest, com.google.javascript.jscomp.AliasKeywordsTest, com.google.javascript.jscomp.AliasStringsTest, com.google.javascript.jscomp.AliasStringsTest, com.google.javascript.jscomp.AmbiguatePropertiesTest, com.google.javascript.jscomp.AmbiguatePropertiesTest, com.google.javascript.jscomp.AstParallelizerTest, com.google.javascript.jscomp.AstParallelizerTest, com.google.javascript.jscomp.AstValidatorTest, com.google.javascript.jscomp.AstValidatorTest, com.google.javascript.jscomp.BasicErrorManagerTest, com.google.javascript.jscomp.BasicErrorManagerTest, com.google.javascript.jscomp.CallGraphTest, com.google.javascript.jscomp.CallGraphTest, com.google.javascript.jscomp.ChainCallsTest, com.google.javascript.jscomp.ChainCallsTest, com.google.javascript.jscomp.CheckAccessControlsTest, com.google.javascript.jscomp.CheckAccessControlsTest, com.google.javascript.jscomp.CheckAccidentalSemicolonTest, com.google.javascript.jscomp.CheckAccidentalSemicolonTest, com.google.javascript.jscomp.CheckDebuggerStatementTest, com.google.javascript.jscomp.CheckDebuggerStatementTest, com.google.javascript.jscomp.CheckGlobalNamesTest, com.google.javascript.jscomp.CheckGlobalNamesTest, com.google.javascript.jscomp.CheckGlobalThisTest, com.google.javascript.jscomp.CheckGlobalThisTest, com.google.javascript.jscomp.CheckMissingGetCssNameTest, com.google.javascript.jscomp.CheckMissingGetCssNameTest, com.google.javascript.jscomp.CheckMissingReturnTest, com.google.javascript.jscomp.CheckMissingReturnTest, com.google.javascript.jscomp.CheckPathsBetweenNodesTest, com.google.javascript.jscomp.CheckPathsBetweenNodesTest, com.google.javascript.jscomp.CheckProvidesTest, com.google.javascript.jscomp.CheckProvidesTest, com.google.javascript.jscomp.CheckRegExpTest, com.google.javascript.jscomp.CheckRegExpTest, com.google.javascript.jscomp.CheckRequiresForConstructorsTest, com.google.javascript.jscomp.CheckRequiresForConstructorsTest, com.google.javascript.jscomp.CheckSideEffectsTest, com.google.javascript.jscomp.CheckSideEffectsTest, com.google.javascript.jscomp.CheckUnreachableCodeTest, com.google.javascript.jscomp.CheckUnreachableCodeTest, com.google.javascript.jscomp.CleanupPassesTest, com.google.javascript.jscomp.CleanupPassesTest, com.google.javascript.jscomp.ClosureCodeRemovalTest, com.google.javascript.jscomp.ClosureCodeRemovalTest, com.google.javascript.jscomp.ClosureCodingConventionTest, com.google.javascript.jscomp.ClosureCodingConventionTest, com.google.javascript.jscomp.ClosureOptimizePrimitivesTest, com.google.javascript.jscomp.ClosureOptimizePrimitivesTest, com.google.javascript.jscomp.ClosureReverseAbstractInterpreterTest, com.google.javascript.jscomp.ClosureReverseAbstractInterpreterTest, com.google.javascript.jscomp.CoalesceVariableNamesTest, com.google.javascript.jscomp.CoalesceVariableNamesTest, com.google.javascript.jscomp.CodePrinterTest, com.google.javascript.jscomp.CodePrinterTest, com.google.javascript.jscomp.CollapseAnonymousFunctionsTest, com.google.javascript.jscomp.CollapseAnonymousFunctionsTest, com.google.javascript.jscomp.CollapsePropertiesTest, com.google.javascript.jscomp.CollapsePropertiesTest, com.google.javascript.jscomp.CollapseVariableDeclarationsTest, com.google.javascript.jscomp.CollapseVariableDeclarationsTest, com.google.javascript.jscomp.CombinedCompilerPassTest, com.google.javascript.jscomp.CombinedCompilerPassTest, com.google.javascript.jscomp.CommandLineRunnerTest, com.google.javascript.jscomp.CommandLineRunnerTest, com.google.javascript.jscomp.CompilerOptionsTest, com.google.javascript.jscomp.CompilerOptionsTest, com.google.javascript.jscomp.CompilerTest, com.google.javascript.jscomp.CompilerTest, com.google.javascript.jscomp.ConcreteTypeTest, com.google.javascript.jscomp.ConcreteTypeTest, com.google.javascript.jscomp.ConstCheckTest, com.google.javascript.jscomp.ConstCheckTest, com.google.javascript.jscomp.ControlFlowAnalysisTest, com.google.javascript.jscomp.ControlFlowAnalysisTest, com.google.javascript.jscomp.ControlStructureCheckTest, com.google.javascript.jscomp.ControlStructureCheckTest, com.google.javascript.jscomp.ConvertToDottedPropertiesTest, com.google.javascript.jscomp.ConvertToDottedPropertiesTest, com.google.javascript.jscomp.CreateSyntheticBlocksTest, com.google.javascript.jscomp.CreateSyntheticBlocksTest, com.google.javascript.jscomp.CrossModuleCodeMotionTest, com.google.javascript.jscomp.CrossModuleCodeMotionTest, com.google.javascript.jscomp.CrossModuleMethodMotionTest, com.google.javascript.jscomp.CrossModuleMethodMotionTest, com.google.javascript.jscomp.DataFlowAnalysisTest, com.google.javascript.jscomp.DataFlowAnalysisTest, com.google.javascript.jscomp.DeadAssignmentsEliminationTest, com.google.javascript.jscomp.DeadAssignmentsEliminationTest, com.google.javascript.jscomp.DefaultCodingConventionTest, com.google.javascript.jscomp.DefaultCodingConventionTest, com.google.javascript.jscomp.DefinitionsRemoverTest, com.google.javascript.jscomp.DefinitionsRemoverTest, com.google.javascript.jscomp.DenormalizeTest, com.google.javascript.jscomp.DenormalizeTest, com.google.javascript.jscomp.DevirtualizePrototypeMethodsTest, com.google.javascript.jscomp.DevirtualizePrototypeMethodsTest, com.google.javascript.jscomp.DiagnosticGroupTest, com.google.javascript.jscomp.DiagnosticGroupTest, com.google.javascript.jscomp.DisambiguatePropertiesTest, com.google.javascript.jscomp.DisambiguatePropertiesTest, com.google.javascript.jscomp.DotFormatterTest, com.google.javascript.jscomp.DotFormatterTest, com.google.javascript.jscomp.ExpandJqueryAliasesTest, com.google.javascript.jscomp.ExpandJqueryAliasesTest, com.google.javascript.jscomp.ExploitAssignsTest, com.google.javascript.jscomp.ExploitAssignsTest, com.google.javascript.jscomp.ExportTestFunctionsTest, com.google.javascript.jscomp.ExportTestFunctionsTest, com.google.javascript.jscomp.ExpressionDecomposerTest, com.google.javascript.jscomp.ExpressionDecomposerTest, com.google.javascript.jscomp.ExternExportsPassTest, com.google.javascript.jscomp.ExternExportsPassTest, com.google.javascript.jscomp.ExtractPrototypeMemberDeclarationsTest, com.google.javascript.jscomp.ExtractPrototypeMemberDeclarationsTest, com.google.javascript.jscomp.FixedPointGraphTraversalTest, com.google.javascript.jscomp.FixedPointGraphTraversalTest, com.google.javascript.jscomp.FlowSensitiveInlineVariablesTest, com.google.javascript.jscomp.FlowSensitiveInlineVariablesTest, com.google.javascript.jscomp.FunctionArgumentInjectorTest, com.google.javascript.jscomp.FunctionArgumentInjectorTest, com.google.javascript.jscomp.FunctionInjectorTest, com.google.javascript.jscomp.FunctionInjectorTest, com.google.javascript.jscomp.FunctionNamesTest, com.google.javascript.jscomp.FunctionNamesTest, com.google.javascript.jscomp.FunctionRewriterTest, com.google.javascript.jscomp.FunctionRewriterTest, com.google.javascript.jscomp.FunctionToBlockMutatorTest, com.google.javascript.jscomp.FunctionToBlockMutatorTest, com.google.javascript.jscomp.FunctionTypeBuilderTest, com.google.javascript.jscomp.FunctionTypeBuilderTest, com.google.javascript.jscomp.GatherRawExportsTest, com.google.javascript.jscomp.GatherRawExportsTest, com.google.javascript.jscomp.GatherSideEffectSubexpressionsCallbackTest, com.google.javascript.jscomp.GatherSideEffectSubexpressionsCallbackTest, com.google.javascript.jscomp.GenerateExportsTest, com.google.javascript.jscomp.GenerateExportsTest, com.google.javascript.jscomp.GlobalNamespaceTest, com.google.javascript.jscomp.GlobalNamespaceTest, com.google.javascript.jscomp.GlobalVarReferenceMapTest, com.google.javascript.jscomp.GlobalVarReferenceMapTest, com.google.javascript.jscomp.GoogleCodingConventionTest, com.google.javascript.jscomp.GoogleCodingConventionTest, com.google.javascript.jscomp.GroupVariableDeclarationsTest, com.google.javascript.jscomp.GroupVariableDeclarationsTest, com.google.javascript.jscomp.IgnoreCajaPropertiesTest, com.google.javascript.jscomp.IgnoreCajaPropertiesTest, com.google.javascript.jscomp.InferJSDocInfoTest, com.google.javascript.jscomp.InferJSDocInfoTest, com.google.javascript.jscomp.InlineCostEstimatorTest, com.google.javascript.jscomp.InlineCostEstimatorTest, com.google.javascript.jscomp.InlineFunctionsTest, com.google.javascript.jscomp.InlineFunctionsTest, com.google.javascript.jscomp.InlineObjectLiteralsTest, com.google.javascript.jscomp.InlineObjectLiteralsTest, com.google.javascript.jscomp.InlinePropertiesTest, com.google.javascript.jscomp.InlinePropertiesTest, com.google.javascript.jscomp.InlineSimpleMethodsTest, com.google.javascript.jscomp.InlineSimpleMethodsTest, com.google.javascript.jscomp.InlineVariablesConstantsTest, com.google.javascript.jscomp.InlineVariablesConstantsTest, com.google.javascript.jscomp.InlineVariablesTest, com.google.javascript.jscomp.InlineVariablesTest, com.google.javascript.jscomp.InstrumentFunctionsTest, com.google.javascript.jscomp.InstrumentFunctionsTest, com.google.javascript.jscomp.IntegrationTest, com.google.javascript.jscomp.IntegrationTest, com.google.javascript.jscomp.JSCompilerSourceExcerptProviderTest, com.google.javascript.jscomp.JSCompilerSourceExcerptProviderTest, com.google.javascript.jscomp.JSModuleGraphTest, com.google.javascript.jscomp.JSModuleGraphTest, com.google.javascript.jscomp.JSModuleTest, com.google.javascript.jscomp.JSModuleTest, com.google.javascript.jscomp.JsMessageExtractorTest, com.google.javascript.jscomp.JsMessageExtractorTest, com.google.javascript.jscomp.JsMessageTest, com.google.javascript.jscomp.JsMessageTest, com.google.javascript.jscomp.JsMessageVisitorTest, com.google.javascript.jscomp.JsMessageVisitorTest, com.google.javascript.jscomp.LightweightMessageFormatterTest, com.google.javascript.jscomp.LightweightMessageFormatterTest, com.google.javascript.jscomp.LinkedFlowScopeTest, com.google.javascript.jscomp.LinkedFlowScopeTest, com.google.javascript.jscomp.LiveVariableAnalysisTest, com.google.javascript.jscomp.LiveVariableAnalysisTest, com.google.javascript.jscomp.LooseTypeCheckTest, com.google.javascript.jscomp.LooseTypeCheckTest, com.google.javascript.jscomp.MakeDeclaredNamesUniqueTest, com.google.javascript.jscomp.MakeDeclaredNamesUniqueTest, com.google.javascript.jscomp.MarkNoSideEffectCallsTest, com.google.javascript.jscomp.MarkNoSideEffectCallsTest, com.google.javascript.jscomp.MaybeReachingVariableUseTest, com.google.javascript.jscomp.MaybeReachingVariableUseTest, com.google.javascript.jscomp.MemoizedScopeCreatorTest, com.google.javascript.jscomp.MemoizedScopeCreatorTest, com.google.javascript.jscomp.MinimizeExitPointsTest, com.google.javascript.jscomp.MinimizeExitPointsTest, com.google.javascript.jscomp.MoveFunctionDeclarationsTest, com.google.javascript.jscomp.MoveFunctionDeclarationsTest, com.google.javascript.jscomp.MustBeReachingVariableDefTest, com.google.javascript.jscomp.MustBeReachingVariableDefTest, com.google.javascript.jscomp.NameAnalyzerTest, com.google.javascript.jscomp.NameAnalyzerTest, com.google.javascript.jscomp.NameAnonymousFunctionsMappedTest, com.google.javascript.jscomp.NameAnonymousFunctionsMappedTest, com.google.javascript.jscomp.NameAnonymousFunctionsTest, com.google.javascript.jscomp.NameAnonymousFunctionsTest, com.google.javascript.jscomp.NodeIteratorsTest, com.google.javascript.jscomp.NodeIteratorsTest, com.google.javascript.jscomp.NodeTraversalTest, com.google.javascript.jscomp.NodeTraversalTest, com.google.javascript.jscomp.NodeUtilTest, com.google.javascript.jscomp.NodeUtilTest, com.google.javascript.jscomp.NormalizeTest, com.google.javascript.jscomp.NormalizeTest, com.google.javascript.jscomp.ObjectPropertyStringPostprocessTest, com.google.javascript.jscomp.ObjectPropertyStringPostprocessTest, com.google.javascript.jscomp.ObjectPropertyStringPreprocessTest, com.google.javascript.jscomp.ObjectPropertyStringPreprocessTest, com.google.javascript.jscomp.OptimizeArgumentsArrayTest, com.google.javascript.jscomp.OptimizeArgumentsArrayTest, com.google.javascript.jscomp.OptimizeCallsTest, com.google.javascript.jscomp.OptimizeCallsTest, com.google.javascript.jscomp.OptimizeParametersTest, com.google.javascript.jscomp.OptimizeParametersTest, com.google.javascript.jscomp.OptimizeReturnsTest, com.google.javascript.jscomp.OptimizeReturnsTest, com.google.javascript.jscomp.ParallelCompilerPassTest, com.google.javascript.jscomp.ParallelCompilerPassTest, com.google.javascript.jscomp.PeepholeCollectPropertyAssignmentsTest, com.google.javascript.jscomp.PeepholeCollectPropertyAssignmentsTest, com.google.javascript.jscomp.PeepholeFoldConstantsTest, com.google.javascript.jscomp.PeepholeFoldConstantsTest, com.google.javascript.jscomp.PeepholeFoldWithTypesTest, com.google.javascript.jscomp.PeepholeFoldWithTypesTest, com.google.javascript.jscomp.PeepholeIntegrationTest, com.google.javascript.jscomp.PeepholeIntegrationTest, com.google.javascript.jscomp.PeepholeOptimizationsPassTest, com.google.javascript.jscomp.PeepholeOptimizationsPassTest, com.google.javascript.jscomp.PeepholeRemoveDeadCodeTest, com.google.javascript.jscomp.PeepholeRemoveDeadCodeTest, com.google.javascript.jscomp.PeepholeReplaceKnownMethodsTest, com.google.javascript.jscomp.PeepholeReplaceKnownMethodsTest, com.google.javascript.jscomp.PeepholeSimplifyRegExpTest, com.google.javascript.jscomp.PeepholeSimplifyRegExpTest, com.google.javascript.jscomp.PeepholeSubstituteAlternateSyntaxTest, com.google.javascript.jscomp.PeepholeSubstituteAlternateSyntaxTest, com.google.javascript.jscomp.PhaseOptimizerTest, com.google.javascript.jscomp.PhaseOptimizerTest, com.google.javascript.jscomp.PrepareAstTest, com.google.javascript.jscomp.PrepareAstTest, com.google.javascript.jscomp.ProcessClosurePrimitivesTest, com.google.javascript.jscomp.ProcessClosurePrimitivesTest, com.google.javascript.jscomp.ProcessCommonJSModulesTest, com.google.javascript.jscomp.ProcessCommonJSModulesTest, com.google.javascript.jscomp.ProcessDefinesTest, com.google.javascript.jscomp.ProcessDefinesTest, com.google.javascript.jscomp.ProcessTweaksTest, com.google.javascript.jscomp.ProcessTweaksTest, com.google.javascript.jscomp.PureFunctionIdentifierTest, com.google.javascript.jscomp.PureFunctionIdentifierTest, com.google.javascript.jscomp.RecordFunctionInformationTest, com.google.javascript.jscomp.RecordFunctionInformationTest, com.google.javascript.jscomp.RemoveTryCatchTest, com.google.javascript.jscomp.RemoveTryCatchTest, com.google.javascript.jscomp.RemoveUnusedClassPropertiesTest, com.google.javascript.jscomp.RemoveUnusedClassPropertiesTest, com.google.javascript.jscomp.RemoveUnusedNamesTest, com.google.javascript.jscomp.RemoveUnusedNamesTest, com.google.javascript.jscomp.RemoveUnusedPrototypePropertiesTest, com.google.javascript.jscomp.RemoveUnusedPrototypePropertiesTest, com.google.javascript.jscomp.RemoveUnusedVarsTest, com.google.javascript.jscomp.RemoveUnusedVarsTest, com.google.javascript.jscomp.RenameLabelsTest, com.google.javascript.jscomp.RenameLabelsTest, com.google.javascript.jscomp.RenameLocalVarsTest, com.google.javascript.jscomp.RenameLocalVarsTest, com.google.javascript.jscomp.RenamePropertiesTest, com.google.javascript.jscomp.RenamePropertiesTest, com.google.javascript.jscomp.RenamePrototypesTest, com.google.javascript.jscomp.RenamePrototypesTest, com.google.javascript.jscomp.RenameVarsTest, com.google.javascript.jscomp.RenameVarsTest, com.google.javascript.jscomp.ReorderConstantExpressionTest, com.google.javascript.jscomp.ReorderConstantExpressionTest, com.google.javascript.jscomp.ReplaceCssNamesTest, com.google.javascript.jscomp.ReplaceCssNamesTest, com.google.javascript.jscomp.ReplaceIdGeneratorsTest, com.google.javascript.jscomp.ReplaceIdGeneratorsTest, com.google.javascript.jscomp.ReplaceMessagesForChromeTest, com.google.javascript.jscomp.ReplaceMessagesForChromeTest, com.google.javascript.jscomp.ReplaceMessagesTest, com.google.javascript.jscomp.ReplaceMessagesTest, com.google.javascript.jscomp.ReplaceStringsTest, com.google.javascript.jscomp.ReplaceStringsTest, com.google.javascript.jscomp.RescopeGlobalSymbolsTest, com.google.javascript.jscomp.RescopeGlobalSymbolsTest, com.google.javascript.jscomp.RhinoErrorReporterTest, com.google.javascript.jscomp.RhinoErrorReporterTest, com.google.javascript.jscomp.RuntimeTypeCheckTest, com.google.javascript.jscomp.RuntimeTypeCheckTest, com.google.javascript.jscomp.SanityCheckTest, com.google.javascript.jscomp.SanityCheckTest, com.google.javascript.jscomp.ScopedAliasesTest, com.google.javascript.jscomp.ScopedAliasesTest, com.google.javascript.jscomp.SemanticReverseAbstractInterpreterTest, com.google.javascript.jscomp.SemanticReverseAbstractInterpreterTest, com.google.javascript.jscomp.ShadowVariablesTest, com.google.javascript.jscomp.ShadowVariablesTest, com.google.javascript.jscomp.SideEffectsAnalysisTest, com.google.javascript.jscomp.SideEffectsAnalysisTest, com.google.javascript.jscomp.SimpleDefinitionFinderTest, com.google.javascript.jscomp.SimpleDefinitionFinderTest, com.google.javascript.jscomp.SimpleFunctionAliasAnalysisTest, com.google.javascript.jscomp.SimpleFunctionAliasAnalysisTest, com.google.javascript.jscomp.SourceInformationAnnotatorTest, com.google.javascript.jscomp.SourceInformationAnnotatorTest, com.google.javascript.jscomp.SourceMapTest, com.google.javascript.jscomp.SourceMapTest, com.google.javascript.jscomp.SpecializeModuleTest, com.google.javascript.jscomp.SpecializeModuleTest, com.google.javascript.jscomp.StatementFusionTest, com.google.javascript.jscomp.StatementFusionTest, com.google.javascript.jscomp.StrictModeCheckTest, com.google.javascript.jscomp.StrictModeCheckTest, com.google.javascript.jscomp.StripCodeTest, com.google.javascript.jscomp.StripCodeTest, com.google.javascript.jscomp.SymbolTableTest, com.google.javascript.jscomp.SymbolTableTest, com.google.javascript.jscomp.SyntacticScopeCreatorTest, com.google.javascript.jscomp.SyntacticScopeCreatorTest, com.google.javascript.jscomp.TightenTypesTest, com.google.javascript.jscomp.TightenTypesTest, com.google.javascript.jscomp.TransformAMDToCJSModuleTest, com.google.javascript.jscomp.TransformAMDToCJSModuleTest, com.google.javascript.jscomp.TypeCheckFunctionCheckTest, com.google.javascript.jscomp.TypeCheckFunctionCheckTest, com.google.javascript.jscomp.TypeCheckTest, com.google.javascript.jscomp.TypeCheckTest, com.google.javascript.jscomp.TypeInferenceTest, com.google.javascript.jscomp.TypeInferenceTest, com.google.javascript.jscomp.TypeValidatorTest, com.google.javascript.jscomp.TypeValidatorTest, com.google.javascript.jscomp.TypedScopeCreatorTest, com.google.javascript.jscomp.TypedScopeCreatorTest, com.google.javascript.jscomp.UnreachableCodeEliminationTest, com.google.javascript.jscomp.UnreachableCodeEliminationTest, com.google.javascript.jscomp.VarCheckTest, com.google.javascript.jscomp.VarCheckTest, com.google.javascript.jscomp.VariableMapTest, com.google.javascript.jscomp.VariableMapTest, com.google.javascript.jscomp.VariableReferenceCheckTest, com.google.javascript.jscomp.VariableReferenceCheckTest, com.google.javascript.jscomp.VariableVisibilityAnalysisTest, com.google.javascript.jscomp.VariableVisibilityAnalysisTest, com.google.javascript.jscomp.XtbMessageBundleTest, com.google.javascript.jscomp.XtbMessageBundleTest, com.google.javascript.jscomp.deps.DepsFileParserTest, com.google.javascript.jscomp.deps.DepsFileParserTest, com.google.javascript.jscomp.deps.JsFileLineParserTest, com.google.javascript.jscomp.deps.JsFileLineParserTest, com.google.javascript.jscomp.deps.JsFileParserTest, com.google.javascript.jscomp.deps.JsFileParserTest, com.google.javascript.jscomp.deps.JsFunctionParserTest, com.google.javascript.jscomp.deps.JsFunctionParserTest, com.google.javascript.jscomp.deps.SortedDependenciesTest, com.google.javascript.jscomp.deps.SortedDependenciesTest, com.google.javascript.jscomp.graph.GraphColoringTest, com.google.javascript.jscomp.graph.GraphColoringTest, com.google.javascript.jscomp.graph.GraphPrunerTest, com.google.javascript.jscomp.graph.GraphPrunerTest, com.google.javascript.jscomp.graph.GraphReachabilityTest, com.google.javascript.jscomp.graph.GraphReachabilityTest, com.google.javascript.jscomp.graph.GraphTest, com.google.javascript.jscomp.graph.GraphTest, com.google.javascript.jscomp.graph.StandardUnionFindTest, com.google.javascript.jscomp.graph.StandardUnionFindTest, com.google.javascript.jscomp.jsonml.JsonMLConversionTest, com.google.javascript.jscomp.jsonml.JsonMLConversionTest, com.google.javascript.jscomp.jsonml.JsonMLValidationTest, com.google.javascript.jscomp.jsonml.JsonMLValidationTest, com.google.javascript.jscomp.jsonml.SecureCompilerTest, com.google.javascript.jscomp.jsonml.SecureCompilerTest, com.google.javascript.jscomp.parsing.IRFactoryTest, com.google.javascript.jscomp.parsing.IRFactoryTest, com.google.javascript.jscomp.parsing.JsDocInfoParserTest, com.google.javascript.jscomp.parsing.JsDocInfoParserTest, com.google.javascript.jscomp.parsing.JsDocTokenStreamTest, com.google.javascript.jscomp.parsing.JsDocTokenStreamTest, com.google.javascript.jscomp.parsing.ParserTest, com.google.javascript.jscomp.parsing.ParserTest, com.google.javascript.jscomp.regex.CharRangesTest, com.google.javascript.jscomp.regex.CharRangesTest, com.google.javascript.rhino.IRTest, com.google.javascript.rhino.IRTest, com.google.javascript.rhino.JSDocInfoTest, com.google.javascript.rhino.JSDocInfoTest, com.google.javascript.rhino.NodeTest, com.google.javascript.rhino.NodeTest, com.google.javascript.rhino.jstype.BooleanLiteralSetTest, com.google.javascript.rhino.jstype.BooleanLiteralSetTest, com.google.javascript.rhino.jstype.EnumElementTypeTest, com.google.javascript.rhino.jstype.EnumElementTypeTest, com.google.javascript.rhino.jstype.FunctionParamBuilderTest, com.google.javascript.rhino.jstype.FunctionParamBuilderTest, com.google.javascript.rhino.jstype.FunctionTypeTest, com.google.javascript.rhino.jstype.FunctionTypeTest, com.google.javascript.rhino.jstype.JSTypeRegistryTest, com.google.javascript.rhino.jstype.JSTypeRegistryTest, com.google.javascript.rhino.jstype.JSTypeTest, com.google.javascript.rhino.jstype.JSTypeTest, com.google.javascript.rhino.jstype.NamedTypeTest, com.google.javascript.rhino.jstype.NamedTypeTest, com.google.javascript.rhino.jstype.ParameterizedTypeTest, com.google.javascript.rhino.jstype.ParameterizedTypeTest, com.google.javascript.rhino.jstype.PrototypeObjectTypeTest, com.google.javascript.rhino.jstype.PrototypeObjectTypeTest, com.google.javascript.rhino.jstype.RecordTypeTest, com.google.javascript.rhino.jstype.RecordTypeTest, com.google.javascript.rhino.jstype.TernaryValueTest, com.google.javascript.rhino.jstype.TernaryValueTest, com.google.javascript.rhino.jstype.UnionTypeBuilderTest, com.google.javascript.rhino.jstype.UnionTypeBuilderTest, com.google.javascript.rhino.jstype.UnionTypeTest, com.google.javascript.rhino.jstype.UnionTypeTest], complianceLevel=7, outputFolder=/experiment_home///results/Nopol/Closure/8/seed_263/, json=true}
[3] INFO NoPol - Available processors (cores): 36
[7] INFO NoPol - Free memory: 1 GB
[7] INFO NoPol - Maximum memory: 7 GB
[7] INFO NoPol - Total memory available to JVM: 1 GB
[8] INFO NoPol - Java version: 1.8.0_45
[9] INFO NoPol - JAVA_HOME: /experiment_home/jdk1.8.0_45/
[9] INFO NoPol - PATH: /experiment_home/foo/bin:/experiment_home/perl5/bin:/experiment_home/jdk1.8.0_45//bin:/experiment_home/maven/apache-maven-3.6.0/bin:/experiment_home/commands/:/experiment_home/gradle/gradle-5.4.1/bin/:/usr/local/bin:/usr/bin:/bin:/usr/local/games:/usr/games:/opt/dell/srvadmin/bin:/usr/local/cuda/bin:/opt/rocm/bin:/grid5000/code/bin:/experiment_home/defects4j/framework/bin
GPR[SSUP]-1659901716816
GPR[ESUP]-1659901716816
GPR[SFL]-1659901716816
GPR[EFL]-1659901757783
GPR[SFP]-1659901757783
GPR[SSUN]-1659901759734
-283827935
GPR[SPVATF]-1659901760229
GPR[EPVATF]-1659901760269
[48073] ERROR NoPol - Error ExecutionException java.util.concurrent.ExecutionException: java.lang.RuntimeException: failingTestCasesValidated: nothing to repair, no failing test cases
GPR[ESUN]-1659901760269
GPR[SSUN]-1659901760269
-1966087783
GPR[ESUN]-1659901760479
GPR[SSUN]-1659901760479
-1966087783
GPR[SPVATF]-1659901760687
GPR[EPVATF]-1659901760768
[48572] ERROR NoPol - Error ExecutionException java.util.concurrent.ExecutionException: java.lang.RuntimeException: failingTestCasesValidated: nothing to repair, no failing test cases
GPR[ESUN]-1659901760768
GPR[SSUN]-1659901760768
-1659631726
GPR[ESUN]-1659901761341
GPR[SSUN]-1659901761342
130004992
GPR[ESUN]-1659901761542
GPR[SSUN]-1659901761542
130004992
GPR[SPVATF]-1659901761733
GPR[EPVATF]-1659901761810
[49615] ERROR NoPol - Error ExecutionException java.util.concurrent.ExecutionException: java.lang.RuntimeException: failingTestCasesValidated: nothing to repair, no failing test cases
GPR[ESUN]-1659901761811
GPR[SSUN]-1659901761811
130004992
GPR[ESUN]-1659901762043
GPR[SSUN]-1659901762043
-1966087783
GPR[SPVATF]-1659901762247
GPR[EPVATF]-1659901762318
[50123] ERROR NoPol - Error ExecutionException java.util.concurrent.ExecutionException: java.lang.RuntimeException: failingTestCasesValidated: nothing to repair, no failing test cases
GPR[ESUN]-1659901762319
GPR[SSUN]-1659901762319
-1966087783
GPR[SPVATF]-1659901762515
GPR[EPVATF]-1659901762583
[50388] ERROR NoPol - Error ExecutionException java.util.concurrent.ExecutionException: java.lang.RuntimeException: failingTestCasesValidated: nothing to repair, no failing test cases
GPR[ESUN]-1659901762584
GPR[SSUN]-1659901762584
-916891069
GPR[SPVATF]-1659901762814
GPR[EPVATF]-1659901763044
GPR[SPS]-1659901763044
[51729] INFO SMTNopolSynthesizer - Not enough specifications: 0. A trivial patch is "true" or "false", please write new tests specifying SourceLocation com.google.javascript.jscomp.CollapseVariableDeclarations:242.
GPR[EPS]-1659901763925
GPR[ESUN]-1659901763925
GPR[SSUN]-1659901763925
-916891069
GPR[SPVATF]-1659901764158
GPR[EPVATF]-1659901764380
GPR[SPS]-1659901764380
[54988] INFO SMTNopolSynthesizer - Not enough specifications: 0. A trivial patch is "true" or "false", please write new tests specifying SourceLocation com.google.javascript.jscomp.CollapseVariableDeclarations:241.
GPR[EPS]-1659901767184
GPR[ESUN]-1659901767184
GPR[SSUN]-1659901767184
-916891069
GPR[ESUN]-1659901767417
GPR[SSUN]-1659901767417
-916891069
GPR[SPVATF]-1659901767641
GPR[EPVATF]-1659901767854
GPR[SPS]-1659901767854
[56206] INFO SMTNopolSynthesizer - Not enough specifications: 0. A trivial patch is "true" or "false", please write new tests specifying SourceLocation com.google.javascript.jscomp.CollapseVariableDeclarations:234.
GPR[EPS]-1659901768402
GPR[ESUN]-1659901768402
GPR[SSUN]-1659901768402
-916891069
GPR[SPVATF]-1659901768628
GPR[EPVATF]-1659901768844
GPR[SPS]-1659901768844
[57174] INFO SMTNopolSynthesizer - Not enough specifications: 0. A trivial patch is "true" or "false", please write new tests specifying SourceLocation com.google.javascript.jscomp.CollapseVariableDeclarations:233.
GPR[EPS]-1659901769370
GPR[ESUN]-1659901769370
GPR[SSUN]-1659901769371
-916891069
GPR[SPVATF]-1659901769605
GPR[EPVATF]-1659901769825
GPR[SPS]-1659901769825
[58167] INFO SMTNopolSynthesizer - Not enough specifications: 0. A trivial patch is "true" or "false", please write new tests specifying SourceLocation com.google.javascript.jscomp.CollapseVariableDeclarations:232.
GPR[EPS]-1659901770363
GPR[ESUN]-1659901770363
GPR[SSUN]-1659901770363
-916891069
GPR[ESUN]-1659901770588
GPR[SSUN]-1659901770588
-916891069
GPR[SPVATF]-1659901770810
GPR[EPVATF]-1659901771027
GPR[SPS]-1659901771028
[59350] INFO SMTNopolSynthesizer - Not enough specifications: 0. A trivial patch is "true" or "false", please write new tests specifying SourceLocation com.google.javascript.jscomp.CollapseVariableDeclarations:230.
GPR[EPS]-1659901771546
GPR[ESUN]-1659901771546
GPR[SSUN]-1659901771546
-916891069
GPR[ESUN]-1659901771772
GPR[SSUN]-1659901771772
-916891069
GPR[ESUN]-1659901772004
GPR[SSUN]-1659901772004
890942016
GPR[ESUN]-1659901772205
GPR[SSUN]-1659901772205
890942016
GPR[SPVATF]-1659901772402
GPR[EPVATF]-1659901772468
[60272] ERROR NoPol - Error ExecutionException java.util.concurrent.ExecutionException: java.lang.RuntimeException: failingTestCasesValidated: nothing to repair, no failing test cases
GPR[ESUN]-1659901772468
GPR[SSUN]-1659901772468
890942016
GPR[SPVATF]-1659901772670
GPR[EPVATF]-1659901772738
[60542] ERROR NoPol - Error ExecutionException java.util.concurrent.ExecutionException: java.lang.RuntimeException: failingTestCasesValidated: nothing to repair, no failing test cases
GPR[SPVATF]-1659901772739
GPR[EPVATF]-1659901772806
[60610] ERROR NoPol - Error ExecutionException java.util.concurrent.ExecutionException: java.lang.RuntimeException: failingTestCasesValidated: nothing to repair, no failing test cases
GPR[ESUN]-1659901772806
GPR[SSUN]-1659901772806
890942016
GPR[ESUN]-1659901773009
GPR[SSUN]-1659901773009
890942016
GPR[ESUN]-1659901773221
GPR[SSUN]-1659901773221
-1966087783
GPR[ESUN]-1659901773419
GPR[SSUN]-1659901773419
-1966087783
GPR[SPVATF]-1659901773619
GPR[EPVATF]-1659901773688
[61492] ERROR NoPol - Error ExecutionException java.util.concurrent.ExecutionException: java.lang.RuntimeException: failingTestCasesValidated: nothing to repair, no failing test cases
GPR[SPVATF]-1659901773688
GPR[EPVATF]-1659901773755
[61559] ERROR NoPol - Error ExecutionException java.util.concurrent.ExecutionException: java.lang.RuntimeException: failingTestCasesValidated: nothing to repair, no failing test cases
GPR[ESUN]-1659901773755
GPR[SSUN]-1659901773755
-1966087783
GPR[ESUN]-1659901773953
GPR[SSUN]-1659901773953
-1966087783
GPR[SPVATF]-1659901774715
GPR[EPVATF]-1659901774783
[62587] ERROR NoPol - Error ExecutionException java.util.concurrent.ExecutionException: java.lang.RuntimeException: failingTestCasesValidated: nothing to repair, no failing test cases
GPR[SPVATF]-1659901774784
GPR[EPVATF]-1659901774849
[62653] ERROR NoPol - Error ExecutionException java.util.concurrent.ExecutionException: java.lang.RuntimeException: failingTestCasesValidated: nothing to repair, no failing test cases
GPR[ESUN]-1659901774849
GPR[SSUN]-1659901774849
-1966087783
GPR[ESUN]-1659901775052
GPR[SSUN]-1659901775052
-1966087783
GPR[ESUN]-1659901775252
GPR[SSUN]-1659901775252
-1966087783
GPR[ESUN]-1659901775444
GPR[SSUN]-1659901775444
2433571
GPR[ESUN]-1659901775713
GPR[SSUN]-1659901775713
1508981886
GPR[ESUN]-1659901775974
GPR[SSUN]-1659901775974
80988634
GPR[ESUN]-1659901776160
GPR[SSUN]-1659901776160
1613130706
GPR[ESUN]-1659901776380
GPR[SSUN]-1659901776380
1613130706
GPR[ESUN]-1659901776595
GPR[SSUN]-1659901776595
1613130706
GPR[SPVATF]-1659901776808
GPR[EPVATF]-1659901777042
[64846] ERROR NoPol - Error ExecutionException java.util.concurrent.ExecutionException: java.lang.RuntimeException: failingTestCasesValidated: nothing to repair, no failing test cases
GPR[ESUN]-1659901777042
GPR[SSUN]-1659901777042
234947553
GPR[ESUN]-1659901777240
GPR[SSUN]-1659901777240
234947553
GPR[SPVATF]-1659901777437
GPR[EPVATF]-1659901777501
[65305] ERROR NoPol - Error ExecutionException java.util.concurrent.ExecutionException: java.lang.RuntimeException: failingTestCasesValidated: nothing to repair, no failing test cases
GPR[SPVATF]-1659901777501
GPR[EPVATF]-1659901777565
[65369] ERROR NoPol - Error ExecutionException java.util.concurrent.ExecutionException: java.lang.RuntimeException: failingTestCasesValidated: nothing to repair, no failing test cases
GPR[ESUN]-1659901777565
GPR[SSUN]-1659901777565
234947553
GPR[ESUN]-1659901777770
GPR[SSUN]-1659901777770
234947553
GPR[SPVATF]-1659901777967
GPR[EPVATF]-1659901778032
[65836] ERROR NoPol - Error ExecutionException java.util.concurrent.ExecutionException: java.lang.RuntimeException: failingTestCasesValidated: nothing to repair, no failing test cases
GPR[SPVATF]-1659901778032
GPR[EPVATF]-1659901778093
[65898] ERROR NoPol - Error ExecutionException java.util.concurrent.ExecutionException: java.lang.RuntimeException: failingTestCasesValidated: nothing to repair, no failing test cases
GPR[ESUN]-1659901778094
GPR[SSUN]-1659901778094
234947553
GPR[SPVATF]-1659901778292
GPR[EPVATF]-1659901778356
[66160] ERROR NoPol - Error ExecutionException java.util.concurrent.ExecutionException: java.lang.RuntimeException: failingTestCasesValidated: nothing to repair, no failing test cases
GPR[ESUN]-1659901778356
GPR[SSUN]-1659901778356
234947553
GPR[ESUN]-1659901778549
GPR[SSUN]-1659901778549
234947553
GPR[ESUN]-1659901778745
GPR[SSUN]-1659901778745
234947553
GPR[SPVATF]-1659901778941
GPR[EPVATF]-1659901779004
[66808] ERROR NoPol - Error ExecutionException java.util.concurrent.ExecutionException: java.lang.RuntimeException: failingTestCasesValidated: nothing to repair, no failing test cases
GPR[ESUN]-1659901779004
GPR[SSUN]-1659901779004
234947553
GPR[SPVATF]-1659901779197
GPR[EPVATF]-1659901779260
[67064] ERROR NoPol - Error ExecutionException java.util.concurrent.ExecutionException: java.lang.RuntimeException: failingTestCasesValidated: nothing to repair, no failing test cases
GPR[ESUN]-1659901779260
GPR[SSUN]-1659901779260
234947553
GPR[SPVATF]-1659901779457
GPR[EPVATF]-1659901779523
[67327] ERROR NoPol - Error ExecutionException java.util.concurrent.ExecutionException: java.lang.RuntimeException: failingTestCasesValidated: nothing to repair, no failing test cases
GPR[ESUN]-1659901779523
GPR[SSUN]-1659901779523
234947553
GPR[ESUN]-1659901779717
GPR[SSUN]-1659901779717
234947553
GPR[ESUN]-1659901779910
GPR[SSUN]-1659901779910
234947553
GPR[SPVATF]-1659901780108
GPR[EPVATF]-1659901780171
[67975] ERROR NoPol - Error ExecutionException java.util.concurrent.ExecutionException: java.lang.RuntimeException: failingTestCasesValidated: nothing to repair, no failing test cases
GPR[ESUN]-1659901780171
GPR[SSUN]-1659901780171
234947553
GPR[SPVATF]-1659901780366
GPR[EPVATF]-1659901780431
[68235] ERROR NoPol - Error ExecutionException java.util.concurrent.ExecutionException: java.lang.RuntimeException: failingTestCasesValidated: nothing to repair, no failing test cases
GPR[ESUN]-1659901780431
GPR[SSUN]-1659901780431
234947553
GPR[ESUN]-1659901780626
GPR[SSUN]-1659901780626
234947553
GPR[SPVATF]-1659901780828
GPR[EPVATF]-1659901780892
[68696] ERROR NoPol - Error ExecutionException java.util.concurrent.ExecutionException: java.lang.RuntimeException: failingTestCasesValidated: nothing to repair, no failing test cases
GPR[ESUN]-1659901780892
GPR[SSUN]-1659901780892
234947553
GPR[SPVATF]-1659901781086
GPR[EPVATF]-1659901781148
[68953] ERROR NoPol - Error ExecutionException java.util.concurrent.ExecutionException: java.lang.RuntimeException: failingTestCasesValidated: nothing to repair, no failing test cases
GPR[ESUN]-1659901781149
GPR[SSUN]-1659901781149
234947553
GPR[ESUN]-1659901781342
GPR[SSUN]-1659901781342
890942016
GPR[SPVATF]-1659901781538
GPR[EPVATF]-1659901781605
[69410] ERROR NoPol - Error ExecutionException java.util.concurrent.ExecutionException: java.lang.RuntimeException: failingTestCasesValidated: nothing to repair, no failing test cases
GPR[SPVATF]-1659901781606
GPR[EPVATF]-1659901781672
[69476] ERROR NoPol - Error ExecutionException java.util.concurrent.ExecutionException: java.lang.RuntimeException: failingTestCasesValidated: nothing to repair, no failing test cases
GPR[ESUN]-1659901781672
GPR[SSUN]-1659901781672
890942016
GPR[SPVATF]-1659901781872
GPR[EPVATF]-1659901781937
[69741] ERROR NoPol - Error ExecutionException java.util.concurrent.ExecutionException: java.lang.RuntimeException: failingTestCasesValidated: nothing to repair, no failing test cases
GPR[ESUN]-1659901781937
GPR[SSUN]-1659901781937
890942016
GPR[ESUN]-1659901782130
GPR[SSUN]-1659901782130
890942016
GPR[SPVATF]-1659901782324
GPR[EPVATF]-1659901782390
[70195] ERROR NoPol - Error ExecutionException java.util.concurrent.ExecutionException: java.lang.RuntimeException: failingTestCasesValidated: nothing to repair, no failing test cases
GPR[ESUN]-1659901782391
GPR[SSUN]-1659901782391
890942016
GPR[SPVATF]-1659901782588
GPR[EPVATF]-1659901782654
[70458] ERROR NoPol - Error ExecutionException java.util.concurrent.ExecutionException: java.lang.RuntimeException: failingTestCasesValidated: nothing to repair, no failing test cases
GPR[SPVATF]-1659901782654
GPR[EPVATF]-1659901782719
[70524] ERROR NoPol - Error ExecutionException java.util.concurrent.ExecutionException: java.lang.RuntimeException: failingTestCasesValidated: nothing to repair, no failing test cases
GPR[ESUN]-1659901782720
GPR[SSUN]-1659901782720
890942016
GPR[SPVATF]-1659901782915
GPR[EPVATF]-1659901782980
[70784] ERROR NoPol - Error ExecutionException java.util.concurrent.ExecutionException: java.lang.RuntimeException: failingTestCasesValidated: nothing to repair, no failing test cases
GPR[ESUN]-1659901782980
GPR[SSUN]-1659901782980
890942016
GPR[SPVATF]-1659901783180
GPR[EPVATF]-1659901783244
[71048] ERROR NoPol - Error ExecutionException java.util.concurrent.ExecutionException: java.lang.RuntimeException: failingTestCasesValidated: nothing to repair, no failing test cases
GPR[SPVATF]-1659901783244
GPR[EPVATF]-1659901783308
[71112] ERROR NoPol - Error ExecutionException java.util.concurrent.ExecutionException: java.lang.RuntimeException: failingTestCasesValidated: nothing to repair, no failing test cases
GPR[ESUN]-1659901783309
GPR[SSUN]-1659901783309
890942016
GPR[ESUN]-1659901783504
GPR[SSUN]-1659901783504
890942016
GPR[SPVATF]-1659901783695
GPR[EPVATF]-1659901783761
[71565] ERROR NoPol - Error ExecutionException java.util.concurrent.ExecutionException: java.lang.RuntimeException: failingTestCasesValidated: nothing to repair, no failing test cases
GPR[ESUN]-1659901783761
GPR[SSUN]-1659901783761
890942016
GPR[SPVATF]-1659901784101
GPR[EPVATF]-1659901784174
[71978] ERROR NoPol - Error ExecutionException java.util.concurrent.ExecutionException: java.lang.RuntimeException: failingTestCasesValidated: nothing to repair, no failing test cases
GPR[ESUN]-1659901784174
GPR[SSUN]-1659901784174
890942016
GPR[SPVATF]-1659901784363
GPR[EPVATF]-1659901784428
[72232] ERROR NoPol - Error ExecutionException java.util.concurrent.ExecutionException: java.lang.RuntimeException: failingTestCasesValidated: nothing to repair, no failing test cases
GPR[ESUN]-1659901784428
GPR[SSUN]-1659901784428
890942016
GPR[ESUN]-1659901784625
GPR[SSUN]-1659901784625
1613130706
GPR[SPVATF]-1659901784833
GPR[EPVATF]-1659901785053
[72857] ERROR NoPol - Error ExecutionException java.util.concurrent.ExecutionException: java.lang.RuntimeException: failingTestCasesValidated: nothing to repair, no failing test cases
GPR[SPVATF]-1659901785054
GPR[EPVATF]-1659901785271
[73075] ERROR NoPol - Error ExecutionException java.util.concurrent.ExecutionException: java.lang.RuntimeException: failingTestCasesValidated: nothing to repair, no failing test cases
GPR[ESUN]-1659901785272
GPR[SSUN]-1659901785272
1613130706
GPR[SPVATF]-1659901785496
GPR[EPVATF]-1659901785717
[73521] ERROR NoPol - Error ExecutionException java.util.concurrent.ExecutionException: java.lang.RuntimeException: failingTestCasesValidated: nothing to repair, no failing test cases
GPR[ESUN]-1659901785717
GPR[SSUN]-1659901785717
1613130706
GPR[SPVATF]-1659901785928
GPR[EPVATF]-1659901786145
[73949] ERROR NoPol - Error ExecutionException java.util.concurrent.ExecutionException: java.lang.RuntimeException: failingTestCasesValidated: nothing to repair, no failing test cases
GPR[SPVATF]-1659901786146
GPR[EPVATF]-1659901786364
[74169] ERROR NoPol - Error ExecutionException java.util.concurrent.ExecutionException: java.lang.RuntimeException: failingTestCasesValidated: nothing to repair, no failing test cases
GPR[ESUN]-1659901786365
GPR[SSUN]-1659901786365
2433571
GPR[SPVATF]-1659901786618
GPR[EPVATF]-1659901786834
GPR[SPS]-1659901786834
[75506] INFO SMTNopolSynthesizer - Not enough specifications: 0. A trivial patch is "true" or "false", please write new tests specifying SourceLocation com.google.javascript.rhino.Node:1440.
GPR[EPS]-1659901787702
GPR[ESUN]-1659901787702
GPR[SSUN]-1659901787702
2433571
GPR[SPVATF]-1659901787957
GPR[EPVATF]-1659901788178
GPR[SPS]-1659901788178
GPR[EPS]-1659901789377
GPR[SPVATR]-1659901789377
[77181] INFO TestPatch - Applying patch: com.google.javascript.rhino.Node:1411: PRECONDITION node2.type < com.google.javascript.rhino.Node.VAR_ARGS_NAME
[77591] INFO TestPatch - Running test suite to check the patch "node2.type < com.google.javascript.rhino.Node.VAR_ARGS_NAME" is working
GPR[EPVATR]-1659901790010
[77814] INFO NoPol - ----PATCH FOUND----
GPR[PF]-1659901790010
[77844] INFO NoPol - --- a/src/com/google/javascript/rhino/Node.java
+++ b/src/com/google/javascript/rhino/Node.java
@@ -1410,7 +1410,9 @@
       if (diff != null) {
-        return "Node tree inequality:" +
-            "\nTree1:\n" + toStringTree() +
-            "\n\nTree2:\n" + node2.toStringTree() +
-            "\n\nSubtree1: " + diff.nodeA.toStringTree() +
-            "\n\nSubtree2: " + diff.nodeB.toStringTree();
+        if (node2.type < com.google.javascript.rhino.Node.VAR_ARGS_NAME) {
+          return "Node tree inequality:" +
+          "\nTree1:\n" + toStringTree() +
+          "\n\nTree2:\n" + node2.toStringTree() +
+          "\n\nSubtree1: " + diff.nodeA.toStringTree() +
+          "\n\nSubtree2: " + diff.nodeB.toStringTree();
+        }
       }

Saving patch at /experiment_home///results/Nopol/Closure/8/seed_263/patch_73224_1ts_1659901790040.diff
GPR[ESUN]-1659901790041
GPR[SSUN]-1659901790041
1613130706
GPR[SPVATF]-1659901790258
GPR[EPVATF]-1659901790489
[78294] ERROR NoPol - Error ExecutionException java.util.concurrent.ExecutionException: java.lang.RuntimeException: failingTestCasesValidated: nothing to repair, no failing test cases
GPR[SPVATF]-1659901790502
GPR[EPVATF]-1659901790728
[78532] ERROR NoPol - Error ExecutionException java.util.concurrent.ExecutionException: java.lang.RuntimeException: failingTestCasesValidated: nothing to repair, no failing test cases
GPR[ESUN]-1659901790728
GPR[SSUN]-1659901790728
1613130706
GPR[SPVATF]-1659901790940
GPR[EPVATF]-1659901791160
[78964] ERROR NoPol - Error ExecutionException java.util.concurrent.ExecutionException: java.lang.RuntimeException: failingTestCasesValidated: nothing to repair, no failing test cases
GPR[SPVATF]-1659901791160
GPR[EPVATF]-1659901791383
[79187] ERROR NoPol - Error ExecutionException java.util.concurrent.ExecutionException: java.lang.RuntimeException: failingTestCasesValidated: nothing to repair, no failing test cases
GPR[ESUN]-1659901791383
GPR[SSUN]-1659901791383
1613130706
GPR[ESUN]-1659901791589
GPR[SSUN]-1659901791589
1613130706
GPR[ESUN]-1659901791792
GPR[SSUN]-1659901791792
1613130706
GPR[ESUN]-1659901791999
GPR[SSUN]-1659901791999
1613130706
GPR[ESUN]-1659901792204
GPR[SSUN]-1659901792204
1613130706
GPR[SPVATF]-1659901792416
GPR[EPVATF]-1659901793263
[81067] ERROR NoPol - Error ExecutionException java.util.concurrent.ExecutionException: java.lang.RuntimeException: failingTestCasesValidated: nothing to repair, no failing test cases
GPR[SPVATF]-1659901793263
GPR[EPVATF]-1659901793484
[81288] ERROR NoPol - Error ExecutionException java.util.concurrent.ExecutionException: java.lang.RuntimeException: failingTestCasesValidated: nothing to repair, no failing test cases
GPR[ESUN]-1659901793484
GPR[SSUN]-1659901793484
1613130706
GPR[SPVATF]-1659901793706
GPR[EPVATF]-1659901793928
[81732] ERROR NoPol - Error ExecutionException java.util.concurrent.ExecutionException: java.lang.RuntimeException: failingTestCasesValidated: nothing to repair, no failing test cases
GPR[ESUN]-1659901793928
GPR[SSUN]-1659901793928
1613130706
GPR[ESUN]-1659901794138
GPR[SSUN]-1659901794138
1613130706
GPR[SPVATF]-1659901794342
GPR[EPVATF]-1659901794553
[82357] ERROR NoPol - Error ExecutionException java.util.concurrent.ExecutionException: java.lang.RuntimeException: failingTestCasesValidated: nothing to repair, no failing test cases
GPR[SPVATF]-1659901794553
GPR[EPVATF]-1659901794770
[82574] ERROR NoPol - Error ExecutionException java.util.concurrent.ExecutionException: java.lang.RuntimeException: failingTestCasesValidated: nothing to repair, no failing test cases
GPR[ESUN]-1659901794770
GPR[SSUN]-1659901794770
1613130706
GPR[ESUN]-1659901794982
GPR[SSUN]-1659901794982
1613130706
GPR[SPVATF]-1659901795193
GPR[EPVATF]-1659901795411
[83215] ERROR NoPol - Error ExecutionException java.util.concurrent.ExecutionException: java.lang.RuntimeException: failingTestCasesValidated: nothing to repair, no failing test cases
GPR[SPVATF]-1659901795411
GPR[EPVATF]-1659901795629
[83433] ERROR NoPol - Error ExecutionException java.util.concurrent.ExecutionException: java.lang.RuntimeException: failingTestCasesValidated: nothing to repair, no failing test cases
GPR[ESUN]-1659901795629
GPR[SSUN]-1659901795629
-1966087783
GPR[ESUN]-1659901795825
GPR[SSUN]-1659901795825
-1966087783
GPR[SPVATF]-1659901796018
GPR[EPVATF]-1659901796086
[83890] ERROR NoPol - Error ExecutionException java.util.concurrent.ExecutionException: java.lang.RuntimeException: failingTestCasesValidated: nothing to repair, no failing test cases
GPR[SPVATF]-1659901796086
GPR[EPVATF]-1659901796154
[83958] ERROR NoPol - Error ExecutionException java.util.concurrent.ExecutionException: java.lang.RuntimeException: failingTestCasesValidated: nothing to repair, no failing test cases
GPR[ESUN]-1659901796154
GPR[SSUN]-1659901796154
-1966087783
GPR[SPVATF]-1659901796346
GPR[EPVATF]-1659901796414
[84218] ERROR NoPol - Error ExecutionException java.util.concurrent.ExecutionException: java.lang.RuntimeException: failingTestCasesValidated: nothing to repair, no failing test cases
GPR[ESUN]-1659901796414
GPR[SSUN]-1659901796414
2433571
GPR[SPVATF]-1659901796657
GPR[EPVATF]-1659901796869
GPR[SPS]-1659901796869
[85359] INFO SMTNopolSynthesizer - Not enough specifications: 0. A trivial patch is "true" or "false", please write new tests specifying SourceLocation com.google.javascript.rhino.Node:1427.
GPR[EPS]-1659901797555
GPR[ESUN]-1659901797555
GPR[SSUN]-1659901797555
-916891069
GPR[SPVATF]-1659901797779
GPR[EPVATF]-1659901797987
GPR[SPS]-1659901797987
[86289] INFO SMTNopolSynthesizer - Not enough specifications: 0. A trivial patch is "true" or "false", please write new tests specifying SourceLocation com.google.javascript.jscomp.CollapseVariableDeclarations$GatherCollapses:185.
GPR[EPS]-1659901798485
GPR[ESUN]-1659901798485
GPR[SSUN]-1659901798485
-1966087783
GPR[SPVATF]-1659901798682
GPR[EPVATF]-1659901798753
[86557] ERROR NoPol - Error ExecutionException java.util.concurrent.ExecutionException: java.lang.RuntimeException: failingTestCasesValidated: nothing to repair, no failing test cases
GPR[SPVATF]-1659901798753
GPR[EPVATF]-1659901798824
[86628] ERROR NoPol - Error ExecutionException java.util.concurrent.ExecutionException: java.lang.RuntimeException: failingTestCasesValidated: nothing to repair, no failing test cases
GPR[ESUN]-1659901798824
GPR[SSUN]-1659901798824
-1966087783
GPR[SPVATF]-1659901799016
GPR[EPVATF]-1659901799086
[86890] ERROR NoPol - Error ExecutionException java.util.concurrent.ExecutionException: java.lang.RuntimeException: failingTestCasesValidated: nothing to repair, no failing test cases
GPR[SPVATF]-1659901799086
GPR[EPVATF]-1659901799155
[86959] ERROR NoPol - Error ExecutionException java.util.concurrent.ExecutionException: java.lang.RuntimeException: failingTestCasesValidated: nothing to repair, no failing test cases
GPR[ESUN]-1659901799155
GPR[SSUN]-1659901799155
-1966087783
GPR[SPVATF]-1659901799348
GPR[EPVATF]-1659901799417
[87221] ERROR NoPol - Error ExecutionException java.util.concurrent.ExecutionException: java.lang.RuntimeException: failingTestCasesValidated: nothing to repair, no failing test cases
GPR[SPVATF]-1659901799418
GPR[EPVATF]-1659901799487
[87291] ERROR NoPol - Error ExecutionException java.util.concurrent.ExecutionException: java.lang.RuntimeException: failingTestCasesValidated: nothing to repair, no failing test cases
GPR[ESUN]-1659901799487
GPR[SSUN]-1659901799487
-1966087783
GPR[ESUN]-1659901799682
GPR[SSUN]-1659901799682
-1966087783
GPR[ESUN]-1659901799872
GPR[SSUN]-1659901799872
-1966087783
GPR[SPVATF]-1659901800077
GPR[EPVATF]-1659901800146
[87950] ERROR NoPol - Error ExecutionException java.util.concurrent.ExecutionException: java.lang.RuntimeException: failingTestCasesValidated: nothing to repair, no failing test cases
GPR[SPVATF]-1659901800147
GPR[EPVATF]-1659901800217
[88021] ERROR NoPol - Error ExecutionException java.util.concurrent.ExecutionException: java.lang.RuntimeException: failingTestCasesValidated: nothing to repair, no failing test cases
GPR[ESUN]-1659901800217
GPR[SSUN]-1659901800217
-1966087783
GPR[SPVATF]-1659901800410
GPR[EPVATF]-1659901800479
[88283] ERROR NoPol - Error ExecutionException java.util.concurrent.ExecutionException: java.lang.RuntimeException: failingTestCasesValidated: nothing to repair, no failing test cases
GPR[SPVATF]-1659901800479
GPR[EPVATF]-1659901800550
[88354] ERROR NoPol - Error ExecutionException java.util.concurrent.ExecutionException: java.lang.RuntimeException: failingTestCasesValidated: nothing to repair, no failing test cases
GPR[ESUN]-1659901800550
GPR[SSUN]-1659901800550
-1966087783
GPR[ESUN]-1659901800742
GPR[SSUN]-1659901800742
-1966087783
GPR[SPVATF]-1659901800932
GPR[EPVATF]-1659901801002
[88806] ERROR NoPol - Error ExecutionException java.util.concurrent.ExecutionException: java.lang.RuntimeException: failingTestCasesValidated: nothing to repair, no failing test cases
GPR[ESUN]-1659901801002
GPR[SSUN]-1659901801002
-1966087783
GPR[SPVATF]-1659901801198
GPR[EPVATF]-1659901801267
[89071] ERROR NoPol - Error ExecutionException java.util.concurrent.ExecutionException: java.lang.RuntimeException: failingTestCasesValidated: nothing to repair, no failing test cases
GPR[ESUN]-1659901801267
GPR[SSUN]-1659901801267
-1966087783
GPR[ESUN]-1659901801461
GPR[SSUN]-1659901801461
-1966087783
GPR[SPVATF]-1659901801655
GPR[EPVATF]-1659901801725
[89529] ERROR NoPol - Error ExecutionException java.util.concurrent.ExecutionException: java.lang.RuntimeException: failingTestCasesValidated: nothing to repair, no failing test cases
GPR[ESUN]-1659901801725
GPR[SSUN]-1659901801726
-1966087783
GPR[ESUN]-1659901801922
GPR[SSUN]-1659901801922
-1966087783
GPR[ESUN]-1659901802115
GPR[SSUN]-1659901802115
-1966087783
GPR[SPVATF]-1659901802308
GPR[EPVATF]-1659901802376
[90180] ERROR NoPol - Error ExecutionException java.util.concurrent.ExecutionException: java.lang.RuntimeException: failingTestCasesValidated: nothing to repair, no failing test cases
GPR[ESUN]-1659901802376
GPR[SSUN]-1659901802376
-1966087783
GPR[SPVATF]-1659901802565
GPR[EPVATF]-1659901802634
[90438] ERROR NoPol - Error ExecutionException java.util.concurrent.ExecutionException: java.lang.RuntimeException: failingTestCasesValidated: nothing to repair, no failing test cases
GPR[ESUN]-1659901802634
GPR[SSUN]-1659901802634
1508981886
GPR[ESUN]-1659901802848
GPR[SSUN]-1659901802848
1508981886
GPR[SPVATF]-1659901803063
GPR[EPVATF]-1659901803281
GPR[SPS]-1659901803281
[91582] INFO SMTNopolSynthesizer - Not enough specifications: 0. A trivial patch is "true" or "false", please write new tests specifying SourceLocation com.google.javascript.rhino.JSDocInfo:713.
GPR[EPS]-1659901803778
GPR[ESUN]-1659901803778
GPR[SSUN]-1659901803778
1508981886
GPR[SPVATF]-1659901803992
GPR[EPVATF]-1659901804208
GPR[SPS]-1659901804208
[92493] INFO SMTNopolSynthesizer - Not enough specifications: 0. A trivial patch is "true" or "false", please write new tests specifying SourceLocation com.google.javascript.rhino.JSDocInfo:711.
GPR[EPS]-1659901804689
GPR[ESUN]-1659901804689
GPR[SSUN]-1659901804689
1508981886
GPR[SPVATF]-1659901804917
GPR[EPVATF]-1659901805142
GPR[SPS]-1659901805142
[93427] INFO SMTNopolSynthesizer - Not enough specifications: 0. A trivial patch is "true" or "false", please write new tests specifying SourceLocation com.google.javascript.rhino.JSDocInfo:710.
GPR[EPS]-1659901805623
GPR[SPVATF]-1659901805623
GPR[EPVATF]-1659901805839
GPR[SPS]-1659901805839
[94125] INFO SMTNopolSynthesizer - Not enough specifications: 0. A trivial patch is "true" or "false", please write new tests specifying SourceLocation com.google.javascript.rhino.JSDocInfo:710.
GPR[EPS]-1659901806321
GPR[ESUN]-1659901806321
GPR[SSUN]-1659901806321
1508981886
GPR[SPVATF]-1659901806541
GPR[EPVATF]-1659901806757
GPR[SPS]-1659901806757
[95054] INFO SMTNopolSynthesizer - Not enough specifications: 0. A trivial patch is "true" or "false", please write new tests specifying SourceLocation com.google.javascript.rhino.JSDocInfo:708.
GPR[EPS]-1659901807250
GPR[ESUN]-1659901807250
GPR[SSUN]-1659901807250
-916891069
GPR[ESUN]-1659901807473
GPR[SSUN]-1659901807473
-916891069
GPR[ESUN]-1659901807692
GPR[SSUN]-1659901807692
-1966087783
GPR[SPVATF]-1659901807885
GPR[EPVATF]-1659901807950
[95754] ERROR NoPol - Error ExecutionException java.util.concurrent.ExecutionException: java.lang.RuntimeException: failingTestCasesValidated: nothing to repair, no failing test cases
GPR[ESUN]-1659901807950
GPR[SSUN]-1659901807950
-916891069
GPR[SPVATF]-1659901808180
GPR[EPVATF]-1659901808405
GPR[SPS]-1659901808405
[96709] INFO SMTNopolSynthesizer - Not enough specifications: 0. A trivial patch is "true" or "false", please write new tests specifying SourceLocation com.google.javascript.jscomp.CollapseVariableDeclarations$GatherCollapses:166.
GPR[EPS]-1659901808905
GPR[ESUN]-1659901808905
GPR[SSUN]-1659901808905
-916891069
GPR[SPVATF]-1659901809131
GPR[EPVATF]-1659901809351
GPR[SPS]-1659901809351
[97659] INFO SMTNopolSynthesizer - Not enough specifications: 0. A trivial patch is "true" or "false", please write new tests specifying SourceLocation com.google.javascript.jscomp.CollapseVariableDeclarations$GatherCollapses:165.
GPR[EPS]-1659901809855
GPR[ESUN]-1659901809855
GPR[SSUN]-1659901809855
2433571
GPR[SPVATF]-1659901810096
GPR[EPVATF]-1659901810313
GPR[SPS]-1659901810313
[98769] INFO SMTNopolSynthesizer - Not enough specifications: 0. A trivial patch is "true" or "false", please write new tests specifying SourceLocation com.google.javascript.rhino.Node:946.
GPR[EPS]-1659901810965
GPR[ESUN]-1659901810965
GPR[SSUN]-1659901810965
-916891069
GPR[ESUN]-1659901811189
GPR[SSUN]-1659901811189
-916891069
GPR[ESUN]-1659901811408
GPR[SSUN]-1659901811408
-916891069
GPR[ESUN]-1659901811628
GPR[SSUN]-1659901811629
-916891069
GPR[SPVATF]-1659901811844
GPR[EPVATF]-1659901812060
GPR[SPS]-1659901812061
[100362] INFO SMTNopolSynthesizer - Not enough specifications: 0. A trivial patch is "true" or "false", please write new tests specifying SourceLocation com.google.javascript.jscomp.CollapseVariableDeclarations:239.
GPR[EPS]-1659901812558
GPR[SPVATF]-1659901812558
GPR[EPVATF]-1659901812774
GPR[SPS]-1659901812774
[101088] INFO SMTNopolSynthesizer - Not enough specifications: 0. A trivial patch is "true" or "false", please write new tests specifying SourceLocation com.google.javascript.jscomp.CollapseVariableDeclarations:239.
GPR[EPS]-1659901813284
GPR[ESUN]-1659901813284
GPR[SSUN]-1659901813284
-916891069
GPR[ESUN]-1659901813531
GPR[SSUN]-1659901813531
-916891069
GPR[SPVATF]-1659901813755
GPR[EPVATF]-1659901814680
GPR[SPS]-1659901814680
[103008] INFO SMTNopolSynthesizer - Not enough specifications: 0. A trivial patch is "true" or "false", please write new tests specifying SourceLocation com.google.javascript.jscomp.CollapseVariableDeclarations:236.
GPR[EPS]-1659901815204
GPR[ESUN]-1659901815204
GPR[SSUN]-1659901815204
-916891069
GPR[SPVATF]-1659901815424
GPR[EPVATF]-1659901815658
GPR[SPS]-1659901815658
[466659] ERROR NoPol - Error ExecutionException java.util.concurrent.ExecutionException: java.lang.RuntimeException: java.util.concurrent.TimeoutException
GPR[ESUN]-1659902178856
GPR[SSUN]-1659902178856
-916891069
GPR[SPVATF]-1659902179248
GPR[EPVATF]-1659902179457
GPR[SPS]-1659902179457
[467765] INFO SMTNopolSynthesizer - Not enough specifications: 0. A trivial patch is "true" or "false", please write new tests specifying SourceLocation com.google.javascript.jscomp.CollapseVariableDeclarations:224.
GPR[EPS]-1659902179961
GPR[ESUN]-1659902179961
GPR[SSUN]-1659902179961
-916891069
GPR[SPVATF]-1659902180184
GPR[EPVATF]-1659902180395
GPR[SPS]-1659902180395
[468750] INFO SMTNopolSynthesizer - Not enough specifications: 0. A trivial patch is "true" or "false", please write new tests specifying SourceLocation com.google.javascript.jscomp.CollapseVariableDeclarations:223.
GPR[EPS]-1659902180947
GPR[SPVATF]-1659902180947
GPR[EPVATF]-1659902181156
GPR[SPS]-1659902181156
[469439] INFO SMTNopolSynthesizer - Not enough specifications: 0. A trivial patch is "true" or "false", please write new tests specifying SourceLocation com.google.javascript.jscomp.CollapseVariableDeclarations:223.
GPR[EPS]-1659902181635
GPR[ESUN]-1659902181635
GPR[SSUN]-1659902181635
-916891069
GPR[SPVATF]-1659902181872
GPR[EPVATF]-1659902182083
GPR[SPS]-1659902182083
[470375] INFO SMTNopolSynthesizer - Not enough specifications: 0. A trivial patch is "true" or "false", please write new tests specifying SourceLocation com.google.javascript.jscomp.CollapseVariableDeclarations:221.
GPR[EPS]-1659902182571
GPR[ESUN]-1659902182571
GPR[SSUN]-1659902182571
-916891069
GPR[SPVATF]-1659902182794
GPR[EPVATF]-1659902183002
GPR[SPS]-1659902183002
[471292] INFO SMTNopolSynthesizer - Not enough specifications: 0. A trivial patch is "true" or "false", please write new tests specifying SourceLocation com.google.javascript.jscomp.CollapseVariableDeclarations:220.
GPR[EPS]-1659902183488
GPR[ESUN]-1659902183488
GPR[SSUN]-1659902183488
-916891069
GPR[ESUN]-1659902183709
GPR[SSUN]-1659902183709
-916891069
GPR[SPVATF]-1659902183930
GPR[EPVATF]-1659902184139
GPR[SPS]-1659902184139
[472428] INFO SMTNopolSynthesizer - Not enough specifications: 0. A trivial patch is "true" or "false", please write new tests specifying SourceLocation com.google.javascript.jscomp.CollapseVariableDeclarations:217.
GPR[EPS]-1659902184624
GPR[ESUN]-1659902184624
GPR[SSUN]-1659902184624
-916891069
GPR[ESUN]-1659902184858
GPR[SSUN]-1659902184858
-916891069
GPR[SPVATF]-1659902185077
GPR[EPVATF]-1659902185287
GPR[SPS]-1659902185287
[473574] INFO SMTNopolSynthesizer - Not enough specifications: 0. A trivial patch is "true" or "false", please write new tests specifying SourceLocation com.google.javascript.jscomp.CollapseVariableDeclarations:214.
GPR[EPS]-1659902185770
GPR[ESUN]-1659902185770
GPR[SSUN]-1659902185770
-916891069
GPR[SPVATF]-1659902185992
GPR[EPVATF]-1659902186200
GPR[SPS]-1659902186200
[474493] INFO SMTNopolSynthesizer - Not enough specifications: 0. A trivial patch is "true" or "false", please write new tests specifying SourceLocation com.google.javascript.jscomp.CollapseVariableDeclarations:213.
GPR[EPS]-1659902186689
GPR[ESUN]-1659902186689
GPR[SSUN]-1659902186689
-916891069
GPR[ESUN]-1659902186912
GPR[SSUN]-1659902186912
-916891069
GPR[SPVATF]-1659902187130
GPR[EPVATF]-1659902187340
GPR[SPS]-1659902187341
[475652] INFO SMTNopolSynthesizer - Not enough specifications: 0. A trivial patch is "true" or "false", please write new tests specifying SourceLocation com.google.javascript.jscomp.CollapseVariableDeclarations:210.
GPR[EPS]-1659902187848
GPR[ESUN]-1659902187848
GPR[SSUN]-1659902187848
-916891069
GPR[SPVATF]-1659902188071
GPR[EPVATF]-1659902188284
GPR[SPS]-1659902188284
[476579] INFO SMTNopolSynthesizer - Not enough specifications: 0. A trivial patch is "true" or "false", please write new tests specifying SourceLocation com.google.javascript.jscomp.CollapseVariableDeclarations:117.
GPR[EPS]-1659902188775
GPR[ESUN]-1659902188775
GPR[SSUN]-1659902188775
-916891069
GPR[SPVATF]-1659902188998
GPR[EPVATF]-1659902189210
GPR[SPS]-1659902189210
[477506] INFO SMTNopolSynthesizer - Not enough specifications: 0. A trivial patch is "true" or "false", please write new tests specifying SourceLocation com.google.javascript.jscomp.CollapseVariableDeclarations:116.
GPR[EPS]-1659902189702
GPR[ESUN]-1659902189702
GPR[SSUN]-1659902189702
-916891069
GPR[SPVATF]-1659902189924
GPR[EPVATF]-1659902190137
GPR[SPS]-1659902190137
GPR[EPS]-1659902191665
GPR[SPVATR]-1659902191665
[479469] INFO TestPatch - Applying patch: com.google.javascript.jscomp.CollapseVariableDeclarations$GatherCollapses:177: PRECONDITION (n!=null) || (!((com.google.javascript.jscomp.CollapseVariableDeclarations.GatherCollapses.this.blacklistedVars.size() < com.google.javascript.jscomp.CollapseVariableDeclarations.this.nodesToCollapse.size()) && ((0) != (com.google.javascript.jscomp.CollapseVariableDeclarations.GatherCollapses.this.blacklistedVars.size()))))
[479779] INFO TestPatch - Running test suite to check the patch "(n!=null) || (!((com.google.javascript.jscomp.CollapseVariableDeclarations.GatherCollapses.this.blacklistedVars.size() < com.google.javascript.jscomp.CollapseVariableDeclarations.this.nodesToCollapse.size()) && ((0) != (com.google.javascript.jscomp.CollapseVariableDeclarations.GatherCollapses.this.blacklistedVars.size()))))" is working
GPR[EPVATR]-1659902192518
[480322] INFO NoPol - ----PATCH FOUND----
GPR[PF]-1659902192518
[480324] INFO NoPol - --- a/src/com/google/javascript/jscomp/CollapseVariableDeclarations.java
+++ b/src/com/google/javascript/jscomp/CollapseVariableDeclarations.java
@@ -176,3 +176,5 @@
         nodesToCollapse.add(varNode);
-        collapses.add(new Collapse(varNode, n, parent));
+        if ((n!=null) || (!((com.google.javascript.jscomp.CollapseVariableDeclarations.GatherCollapses.this.blacklistedVars.size() < com.google.javascript.jscomp.CollapseVariableDeclarations.this.nodesToCollapse.size()) && ((0) != (com.google.javascript.jscomp.CollapseVariableDeclarations.GatherCollapses.this.blacklistedVars.size()))))) {
+          collapses.add(new Collapse(varNode, n, parent));
+        }
       }

Saving patch at /experiment_home///results/Nopol/Closure/8/seed_263/patch_475704_2ts_1659902192520.diff
GPR[ESUN]-1659902192521
GPR[SSUN]-1659902192521
-916891069
GPR[SPVATF]-1659902192752
GPR[EPVATF]-1659902192984
GPR[SPS]-1659902192984
[481283] INFO SMTNopolSynthesizer - Not enough specifications: 0. A trivial patch is "true" or "false", please write new tests specifying SourceLocation com.google.javascript.jscomp.CollapseVariableDeclarations$GatherCollapses:176.
GPR[EPS]-1659902193480
GPR[ESUN]-1659902193480
GPR[SSUN]-1659902193480
-916891069
GPR[SPVATF]-1659902193702
GPR[EPVATF]-1659902193910
GPR[SPS]-1659902193910
[782190] ERROR NoPol - Error ExecutionException java.util.concurrent.ExecutionException: java.lang.RuntimeException: java.util.concurrent.TimeoutException
GPR[ESUN]-1659902514594
GPR[SSUN]-1659902514594
\n\nNode: host-56\n
\n\nDate: Sun 07 Aug 2022 01:11:26 PM PDT\n
End running Nopol Closure/8 results at /experiment_home///results/Nopol/Closure/8/seed_263/
Removing checked out dir script/workingdir/Nopol/Closure_8
GPR[SSLE]-1659903087469
GPR[ESLE]-1659903147474
