Sleep 1m start
GPR[SSLI]-1659914103424
GPR[ESLI]-1659914163428
Running Nopol Closure 13b with approach: smt
Timezone: America/Los_Angeles
Seed 264
OS: linux
Creating out dir /experiment_home///results/Nopol/Closure/13/seed_264/
The file script/workingdir/Nopol/Closure_13 does not exist!
script/workingdir/Nopol/Closure_13
script/workingdir/Nopol/Closure_13
classpath:  script/workingdir/Nopol/Closure_13/build/classes:script/workingdir/Nopol/Closure_13/lib/args4j.jar:script/workingdir/Nopol/Closure_13/lib/guava.jar:script/workingdir/Nopol/Closure_13/lib/json.jar:script/workingdir/Nopol/Closure_13/lib/jsr305.jar:script/workingdir/Nopol/Closure_13/lib/protobuf-java.jar:script/workingdir/Nopol/Closure_13/build/lib/rhino.jar:script/workingdir/Nopol/Closure_13/lib/ant.jar:script/workingdir/Nopol/Closure_13/lib/ant-launcher.jar:script/workingdir/Nopol/Closure_13/lib/caja-r4314.jar:script/workingdir/Nopol/Closure_13/lib/jarjar.jar:script/workingdir/Nopol/Closure_13/lib/junit.jar:script/workingdir/Nopol/Closure_13/build/test
Src java:  /src
Classes Java:  /build/classes
Src Test:  /test
Classes Test:  /build/test
GPR[SSLB]-1659914182534
GPR[ESLB]-1659914242537
Calling Nopol:
Classpath to pass script/workingdir/Nopol/Closure_13//build/classes:script/workingdir/Nopol/Closure_13//build/test:script/workingdir/Nopol/Closure_13/build/classes:script/workingdir/Nopol/Closure_13/lib/args4j.jar:script/workingdir/Nopol/Closure_13/lib/guava.jar:script/workingdir/Nopol/Closure_13/lib/json.jar:script/workingdir/Nopol/Closure_13/lib/jsr305.jar:script/workingdir/Nopol/Closure_13/lib/protobuf-java.jar:script/workingdir/Nopol/Closure_13/build/lib/rhino.jar:script/workingdir/Nopol/Closure_13/lib/ant.jar:script/workingdir/Nopol/Closure_13/lib/ant-launcher.jar:script/workingdir/Nopol/Closure_13/lib/caja-r4314.jar:script/workingdir/Nopol/Closure_13/lib/jarjar.jar:script/workingdir/Nopol/Closure_13/lib/junit.jar:script/workingdir/Nopol/Closure_13/build/test
Node: host-47
Date init: Sun 07 Aug 2022 04:17:22 PM PDT
OAR_JOB_ID: 3720517
[0] INFO NoPol - Source files: [script/workingdir/Nopol/Closure_13/src]
[0] INFO NoPol - Classpath: [file:script/workingdir/Nopol/Closure_13/build/classes/, file:script/workingdir/Nopol/Closure_13/build/test/, file:script/workingdir/Nopol/Closure_13/build/classes/, file:script/workingdir/Nopol/Closure_13/lib/args4j.jar, file:script/workingdir/Nopol/Closure_13/lib/guava.jar, file:script/workingdir/Nopol/Closure_13/lib/json.jar, file:script/workingdir/Nopol/Closure_13/lib/jsr305.jar, file:script/workingdir/Nopol/Closure_13/lib/protobuf-java.jar, file:script/workingdir/Nopol/Closure_13/build/lib/rhino.jar, file:script/workingdir/Nopol/Closure_13/lib/ant.jar, file:script/workingdir/Nopol/Closure_13/lib/ant-launcher.jar, file:script/workingdir/Nopol/Closure_13/lib/caja-r4314.jar, file:script/workingdir/Nopol/Closure_13/lib/jarjar.jar, file:script/workingdir/Nopol/Closure_13/lib/junit.jar, file:script/workingdir/Nopol/Closure_13/build/test/]
[0] INFO NoPol - Statement type: PRE_THEN_COND
[0] INFO NoPol - Args: [com.google.debugging.sourcemap.Base64Test, com.google.debugging.sourcemap.Base64Test, com.google.debugging.sourcemap.Base64VLQTest, com.google.debugging.sourcemap.Base64VLQTest, com.google.debugging.sourcemap.SourceMapConsumerV1Test, com.google.debugging.sourcemap.SourceMapConsumerV1Test, com.google.debugging.sourcemap.SourceMapConsumerV2Test, com.google.debugging.sourcemap.SourceMapConsumerV2Test, com.google.debugging.sourcemap.SourceMapGeneratorV1Test, com.google.debugging.sourcemap.SourceMapGeneratorV1Test, com.google.debugging.sourcemap.SourceMapGeneratorV2Test, com.google.debugging.sourcemap.SourceMapGeneratorV2Test, com.google.debugging.sourcemap.SourceMapGeneratorV3Test, com.google.debugging.sourcemap.SourceMapGeneratorV3Test, com.google.javascript.jscomp.AliasExternalsTest, com.google.javascript.jscomp.AliasExternalsTest, com.google.javascript.jscomp.AliasKeywordsTest, com.google.javascript.jscomp.AliasKeywordsTest, com.google.javascript.jscomp.AliasStringsTest, com.google.javascript.jscomp.AliasStringsTest, com.google.javascript.jscomp.AmbiguatePropertiesTest, com.google.javascript.jscomp.AmbiguatePropertiesTest, com.google.javascript.jscomp.AstParallelizerTest, com.google.javascript.jscomp.AstParallelizerTest, com.google.javascript.jscomp.AstValidatorTest, com.google.javascript.jscomp.AstValidatorTest, com.google.javascript.jscomp.BasicErrorManagerTest, com.google.javascript.jscomp.BasicErrorManagerTest, com.google.javascript.jscomp.CallGraphTest, com.google.javascript.jscomp.CallGraphTest, com.google.javascript.jscomp.ChainCallsTest, com.google.javascript.jscomp.ChainCallsTest, com.google.javascript.jscomp.CheckAccessControlsTest, com.google.javascript.jscomp.CheckAccessControlsTest, com.google.javascript.jscomp.CheckAccidentalSemicolonTest, com.google.javascript.jscomp.CheckAccidentalSemicolonTest, com.google.javascript.jscomp.CheckDebuggerStatementTest, com.google.javascript.jscomp.CheckDebuggerStatementTest, com.google.javascript.jscomp.CheckGlobalNamesTest, com.google.javascript.jscomp.CheckGlobalNamesTest, com.google.javascript.jscomp.CheckGlobalThisTest, com.google.javascript.jscomp.CheckGlobalThisTest, com.google.javascript.jscomp.CheckMissingGetCssNameTest, com.google.javascript.jscomp.CheckMissingGetCssNameTest, com.google.javascript.jscomp.CheckMissingReturnTest, com.google.javascript.jscomp.CheckMissingReturnTest, com.google.javascript.jscomp.CheckPathsBetweenNodesTest, com.google.javascript.jscomp.CheckPathsBetweenNodesTest, com.google.javascript.jscomp.CheckProvidesTest, com.google.javascript.jscomp.CheckProvidesTest, com.google.javascript.jscomp.CheckRegExpTest, com.google.javascript.jscomp.CheckRegExpTest, com.google.javascript.jscomp.CheckRequiresForConstructorsTest, com.google.javascript.jscomp.CheckRequiresForConstructorsTest, com.google.javascript.jscomp.CheckSideEffectsTest, com.google.javascript.jscomp.CheckSideEffectsTest, com.google.javascript.jscomp.CheckUnreachableCodeTest, com.google.javascript.jscomp.CheckUnreachableCodeTest, com.google.javascript.jscomp.CleanupPassesTest, com.google.javascript.jscomp.CleanupPassesTest, com.google.javascript.jscomp.ClosureCodeRemovalTest, com.google.javascript.jscomp.ClosureCodeRemovalTest, com.google.javascript.jscomp.ClosureCodingConventionTest, com.google.javascript.jscomp.ClosureCodingConventionTest, com.google.javascript.jscomp.ClosureOptimizePrimitivesTest, com.google.javascript.jscomp.ClosureOptimizePrimitivesTest, com.google.javascript.jscomp.ClosureReverseAbstractInterpreterTest, com.google.javascript.jscomp.ClosureReverseAbstractInterpreterTest, com.google.javascript.jscomp.CoalesceVariableNamesTest, com.google.javascript.jscomp.CoalesceVariableNamesTest, com.google.javascript.jscomp.CodePrinterTest, com.google.javascript.jscomp.CodePrinterTest, com.google.javascript.jscomp.CollapseAnonymousFunctionsTest, com.google.javascript.jscomp.CollapseAnonymousFunctionsTest, com.google.javascript.jscomp.CollapsePropertiesTest, com.google.javascript.jscomp.CollapsePropertiesTest, com.google.javascript.jscomp.CollapseVariableDeclarationsTest, com.google.javascript.jscomp.CollapseVariableDeclarationsTest, com.google.javascript.jscomp.CombinedCompilerPassTest, com.google.javascript.jscomp.CombinedCompilerPassTest, com.google.javascript.jscomp.CommandLineRunnerTest, com.google.javascript.jscomp.CommandLineRunnerTest, com.google.javascript.jscomp.CompilerOptionsTest, com.google.javascript.jscomp.CompilerOptionsTest, com.google.javascript.jscomp.CompilerTest, com.google.javascript.jscomp.CompilerTest, com.google.javascript.jscomp.ConcreteTypeTest, com.google.javascript.jscomp.ConcreteTypeTest, com.google.javascript.jscomp.ConstCheckTest, com.google.javascript.jscomp.ConstCheckTest, com.google.javascript.jscomp.ControlFlowAnalysisTest, com.google.javascript.jscomp.ControlFlowAnalysisTest, com.google.javascript.jscomp.ControlStructureCheckTest, com.google.javascript.jscomp.ControlStructureCheckTest, com.google.javascript.jscomp.ConvertToDottedPropertiesTest, com.google.javascript.jscomp.ConvertToDottedPropertiesTest, com.google.javascript.jscomp.CreateSyntheticBlocksTest, com.google.javascript.jscomp.CreateSyntheticBlocksTest, com.google.javascript.jscomp.CrossModuleCodeMotionTest, com.google.javascript.jscomp.CrossModuleCodeMotionTest, com.google.javascript.jscomp.CrossModuleMethodMotionTest, com.google.javascript.jscomp.CrossModuleMethodMotionTest, com.google.javascript.jscomp.DataFlowAnalysisTest, com.google.javascript.jscomp.DataFlowAnalysisTest, com.google.javascript.jscomp.DeadAssignmentsEliminationTest, com.google.javascript.jscomp.DeadAssignmentsEliminationTest, com.google.javascript.jscomp.DefaultCodingConventionTest, com.google.javascript.jscomp.DefaultCodingConventionTest, com.google.javascript.jscomp.DefinitionsRemoverTest, com.google.javascript.jscomp.DefinitionsRemoverTest, com.google.javascript.jscomp.DenormalizeTest, com.google.javascript.jscomp.DenormalizeTest, com.google.javascript.jscomp.DevirtualizePrototypeMethodsTest, com.google.javascript.jscomp.DevirtualizePrototypeMethodsTest, com.google.javascript.jscomp.DiagnosticGroupTest, com.google.javascript.jscomp.DiagnosticGroupTest, com.google.javascript.jscomp.DisambiguatePropertiesTest, com.google.javascript.jscomp.DisambiguatePropertiesTest, com.google.javascript.jscomp.DotFormatterTest, com.google.javascript.jscomp.DotFormatterTest, com.google.javascript.jscomp.ExpandJqueryAliasesTest, com.google.javascript.jscomp.ExpandJqueryAliasesTest, com.google.javascript.jscomp.ExploitAssignsTest, com.google.javascript.jscomp.ExploitAssignsTest, com.google.javascript.jscomp.ExportTestFunctionsTest, com.google.javascript.jscomp.ExportTestFunctionsTest, com.google.javascript.jscomp.ExpressionDecomposerTest, com.google.javascript.jscomp.ExpressionDecomposerTest, com.google.javascript.jscomp.ExternExportsPassTest, com.google.javascript.jscomp.ExternExportsPassTest, com.google.javascript.jscomp.ExtractPrototypeMemberDeclarationsTest, com.google.javascript.jscomp.ExtractPrototypeMemberDeclarationsTest, com.google.javascript.jscomp.FixedPointGraphTraversalTest, com.google.javascript.jscomp.FixedPointGraphTraversalTest, com.google.javascript.jscomp.FlowSensitiveInlineVariablesTest, com.google.javascript.jscomp.FlowSensitiveInlineVariablesTest, com.google.javascript.jscomp.FunctionArgumentInjectorTest, com.google.javascript.jscomp.FunctionArgumentInjectorTest, com.google.javascript.jscomp.FunctionInjectorTest, com.google.javascript.jscomp.FunctionInjectorTest, com.google.javascript.jscomp.FunctionNamesTest, com.google.javascript.jscomp.FunctionNamesTest, com.google.javascript.jscomp.FunctionRewriterTest, com.google.javascript.jscomp.FunctionRewriterTest, com.google.javascript.jscomp.FunctionToBlockMutatorTest, com.google.javascript.jscomp.FunctionToBlockMutatorTest, com.google.javascript.jscomp.FunctionTypeBuilderTest, com.google.javascript.jscomp.FunctionTypeBuilderTest, com.google.javascript.jscomp.GatherRawExportsTest, com.google.javascript.jscomp.GatherRawExportsTest, com.google.javascript.jscomp.GatherSideEffectSubexpressionsCallbackTest, com.google.javascript.jscomp.GatherSideEffectSubexpressionsCallbackTest, com.google.javascript.jscomp.GenerateExportsTest, com.google.javascript.jscomp.GenerateExportsTest, com.google.javascript.jscomp.GlobalNamespaceTest, com.google.javascript.jscomp.GlobalNamespaceTest, com.google.javascript.jscomp.GlobalVarReferenceMapTest, com.google.javascript.jscomp.GlobalVarReferenceMapTest, com.google.javascript.jscomp.GoogleCodingConventionTest, com.google.javascript.jscomp.GoogleCodingConventionTest, com.google.javascript.jscomp.GroupVariableDeclarationsTest, com.google.javascript.jscomp.GroupVariableDeclarationsTest, com.google.javascript.jscomp.IgnoreCajaPropertiesTest, com.google.javascript.jscomp.IgnoreCajaPropertiesTest, com.google.javascript.jscomp.InferJSDocInfoTest, com.google.javascript.jscomp.InferJSDocInfoTest, com.google.javascript.jscomp.InlineCostEstimatorTest, com.google.javascript.jscomp.InlineCostEstimatorTest, com.google.javascript.jscomp.InlineFunctionsTest, com.google.javascript.jscomp.InlineFunctionsTest, com.google.javascript.jscomp.InlineObjectLiteralsTest, com.google.javascript.jscomp.InlineObjectLiteralsTest, com.google.javascript.jscomp.InlinePropertiesTest, com.google.javascript.jscomp.InlinePropertiesTest, com.google.javascript.jscomp.InlineSimpleMethodsTest, com.google.javascript.jscomp.InlineSimpleMethodsTest, com.google.javascript.jscomp.InlineVariablesConstantsTest, com.google.javascript.jscomp.InlineVariablesConstantsTest, com.google.javascript.jscomp.InlineVariablesTest, com.google.javascript.jscomp.InlineVariablesTest, com.google.javascript.jscomp.InstrumentFunctionsTest, com.google.javascript.jscomp.InstrumentFunctionsTest, com.google.javascript.jscomp.IntegrationTest, com.google.javascript.jscomp.IntegrationTest, com.google.javascript.jscomp.JSCompilerSourceExcerptProviderTest, com.google.javascript.jscomp.JSCompilerSourceExcerptProviderTest, com.google.javascript.jscomp.JSModuleGraphTest, com.google.javascript.jscomp.JSModuleGraphTest, com.google.javascript.jscomp.JSModuleTest, com.google.javascript.jscomp.JSModuleTest, com.google.javascript.jscomp.JsMessageExtractorTest, com.google.javascript.jscomp.JsMessageExtractorTest, com.google.javascript.jscomp.JsMessageTest, com.google.javascript.jscomp.JsMessageTest, com.google.javascript.jscomp.JsMessageVisitorTest, com.google.javascript.jscomp.JsMessageVisitorTest, com.google.javascript.jscomp.LightweightMessageFormatterTest, com.google.javascript.jscomp.LightweightMessageFormatterTest, com.google.javascript.jscomp.LinkedFlowScopeTest, com.google.javascript.jscomp.LinkedFlowScopeTest, com.google.javascript.jscomp.LiveVariableAnalysisTest, com.google.javascript.jscomp.LiveVariableAnalysisTest, com.google.javascript.jscomp.LooseTypeCheckTest, com.google.javascript.jscomp.LooseTypeCheckTest, com.google.javascript.jscomp.MakeDeclaredNamesUniqueTest, com.google.javascript.jscomp.MakeDeclaredNamesUniqueTest, com.google.javascript.jscomp.MarkNoSideEffectCallsTest, com.google.javascript.jscomp.MarkNoSideEffectCallsTest, com.google.javascript.jscomp.MaybeReachingVariableUseTest, com.google.javascript.jscomp.MaybeReachingVariableUseTest, com.google.javascript.jscomp.MemoizedScopeCreatorTest, com.google.javascript.jscomp.MemoizedScopeCreatorTest, com.google.javascript.jscomp.MinimizeExitPointsTest, com.google.javascript.jscomp.MinimizeExitPointsTest, com.google.javascript.jscomp.MoveFunctionDeclarationsTest, com.google.javascript.jscomp.MoveFunctionDeclarationsTest, com.google.javascript.jscomp.MustBeReachingVariableDefTest, com.google.javascript.jscomp.MustBeReachingVariableDefTest, com.google.javascript.jscomp.NameAnalyzerTest, com.google.javascript.jscomp.NameAnalyzerTest, com.google.javascript.jscomp.NameAnonymousFunctionsMappedTest, com.google.javascript.jscomp.NameAnonymousFunctionsMappedTest, com.google.javascript.jscomp.NameAnonymousFunctionsTest, com.google.javascript.jscomp.NameAnonymousFunctionsTest, com.google.javascript.jscomp.NodeIteratorsTest, com.google.javascript.jscomp.NodeIteratorsTest, com.google.javascript.jscomp.NodeTraversalTest, com.google.javascript.jscomp.NodeTraversalTest, com.google.javascript.jscomp.NodeUtilTest, com.google.javascript.jscomp.NodeUtilTest, com.google.javascript.jscomp.NormalizeTest, com.google.javascript.jscomp.NormalizeTest, com.google.javascript.jscomp.ObjectPropertyStringPostprocessTest, com.google.javascript.jscomp.ObjectPropertyStringPostprocessTest, com.google.javascript.jscomp.ObjectPropertyStringPreprocessTest, com.google.javascript.jscomp.ObjectPropertyStringPreprocessTest, com.google.javascript.jscomp.OptimizeArgumentsArrayTest, com.google.javascript.jscomp.OptimizeArgumentsArrayTest, com.google.javascript.jscomp.OptimizeCallsTest, com.google.javascript.jscomp.OptimizeCallsTest, com.google.javascript.jscomp.OptimizeParametersTest, com.google.javascript.jscomp.OptimizeParametersTest, com.google.javascript.jscomp.OptimizeReturnsTest, com.google.javascript.jscomp.OptimizeReturnsTest, com.google.javascript.jscomp.ParallelCompilerPassTest, com.google.javascript.jscomp.ParallelCompilerPassTest, com.google.javascript.jscomp.PeepholeCollectPropertyAssignmentsTest, com.google.javascript.jscomp.PeepholeCollectPropertyAssignmentsTest, com.google.javascript.jscomp.PeepholeFoldConstantsTest, com.google.javascript.jscomp.PeepholeFoldConstantsTest, com.google.javascript.jscomp.PeepholeFoldWithTypesTest, com.google.javascript.jscomp.PeepholeFoldWithTypesTest, com.google.javascript.jscomp.PeepholeIntegrationTest, com.google.javascript.jscomp.PeepholeIntegrationTest, com.google.javascript.jscomp.PeepholeOptimizationsPassTest, com.google.javascript.jscomp.PeepholeOptimizationsPassTest, com.google.javascript.jscomp.PeepholeRemoveDeadCodeTest, com.google.javascript.jscomp.PeepholeRemoveDeadCodeTest, com.google.javascript.jscomp.PeepholeReplaceKnownMethodsTest, com.google.javascript.jscomp.PeepholeReplaceKnownMethodsTest, com.google.javascript.jscomp.PeepholeSimplifyRegExpTest, com.google.javascript.jscomp.PeepholeSimplifyRegExpTest, com.google.javascript.jscomp.PeepholeSubstituteAlternateSyntaxTest, com.google.javascript.jscomp.PeepholeSubstituteAlternateSyntaxTest, com.google.javascript.jscomp.PhaseOptimizerTest, com.google.javascript.jscomp.PhaseOptimizerTest, com.google.javascript.jscomp.PrepareAstTest, com.google.javascript.jscomp.PrepareAstTest, com.google.javascript.jscomp.ProcessClosurePrimitivesTest, com.google.javascript.jscomp.ProcessClosurePrimitivesTest, com.google.javascript.jscomp.ProcessCommonJSModulesTest, com.google.javascript.jscomp.ProcessCommonJSModulesTest, com.google.javascript.jscomp.ProcessDefinesTest, com.google.javascript.jscomp.ProcessDefinesTest, com.google.javascript.jscomp.ProcessTweaksTest, com.google.javascript.jscomp.ProcessTweaksTest, com.google.javascript.jscomp.PureFunctionIdentifierTest, com.google.javascript.jscomp.PureFunctionIdentifierTest, com.google.javascript.jscomp.RecordFunctionInformationTest, com.google.javascript.jscomp.RecordFunctionInformationTest, com.google.javascript.jscomp.RemoveTryCatchTest, com.google.javascript.jscomp.RemoveTryCatchTest, com.google.javascript.jscomp.RemoveUnusedClassPropertiesTest, com.google.javascript.jscomp.RemoveUnusedClassPropertiesTest, com.google.javascript.jscomp.RemoveUnusedNamesTest, com.google.javascript.jscomp.RemoveUnusedNamesTest, com.google.javascript.jscomp.RemoveUnusedPrototypePropertiesTest, com.google.javascript.jscomp.RemoveUnusedPrototypePropertiesTest, com.google.javascript.jscomp.RemoveUnusedVarsTest, com.google.javascript.jscomp.RemoveUnusedVarsTest, com.google.javascript.jscomp.RenameLabelsTest, com.google.javascript.jscomp.RenameLabelsTest, com.google.javascript.jscomp.RenameLocalVarsTest, com.google.javascript.jscomp.RenameLocalVarsTest, com.google.javascript.jscomp.RenamePropertiesTest, com.google.javascript.jscomp.RenamePropertiesTest, com.google.javascript.jscomp.RenamePrototypesTest, com.google.javascript.jscomp.RenamePrototypesTest, com.google.javascript.jscomp.RenameVarsTest, com.google.javascript.jscomp.RenameVarsTest, com.google.javascript.jscomp.ReorderConstantExpressionTest, com.google.javascript.jscomp.ReorderConstantExpressionTest, com.google.javascript.jscomp.ReplaceCssNamesTest, com.google.javascript.jscomp.ReplaceCssNamesTest, com.google.javascript.jscomp.ReplaceIdGeneratorsTest, com.google.javascript.jscomp.ReplaceIdGeneratorsTest, com.google.javascript.jscomp.ReplaceMessagesTest, com.google.javascript.jscomp.ReplaceMessagesTest, com.google.javascript.jscomp.ReplaceStringsTest, com.google.javascript.jscomp.ReplaceStringsTest, com.google.javascript.jscomp.RescopeGlobalSymbolsTest, com.google.javascript.jscomp.RescopeGlobalSymbolsTest, com.google.javascript.jscomp.RhinoErrorReporterTest, com.google.javascript.jscomp.RhinoErrorReporterTest, com.google.javascript.jscomp.RuntimeTypeCheckTest, com.google.javascript.jscomp.RuntimeTypeCheckTest, com.google.javascript.jscomp.SanityCheckTest, com.google.javascript.jscomp.SanityCheckTest, com.google.javascript.jscomp.ScopedAliasesTest, com.google.javascript.jscomp.ScopedAliasesTest, com.google.javascript.jscomp.SemanticReverseAbstractInterpreterTest, com.google.javascript.jscomp.SemanticReverseAbstractInterpreterTest, com.google.javascript.jscomp.ShadowVariablesTest, com.google.javascript.jscomp.ShadowVariablesTest, com.google.javascript.jscomp.SideEffectsAnalysisTest, com.google.javascript.jscomp.SideEffectsAnalysisTest, com.google.javascript.jscomp.SimpleDefinitionFinderTest, com.google.javascript.jscomp.SimpleDefinitionFinderTest, com.google.javascript.jscomp.SimpleFunctionAliasAnalysisTest, com.google.javascript.jscomp.SimpleFunctionAliasAnalysisTest, com.google.javascript.jscomp.SourceInformationAnnotatorTest, com.google.javascript.jscomp.SourceInformationAnnotatorTest, com.google.javascript.jscomp.SourceMapTest, com.google.javascript.jscomp.SourceMapTest, com.google.javascript.jscomp.SpecializeModuleTest, com.google.javascript.jscomp.SpecializeModuleTest, com.google.javascript.jscomp.StatementFusionTest, com.google.javascript.jscomp.StatementFusionTest, com.google.javascript.jscomp.StrictModeCheckTest, com.google.javascript.jscomp.StrictModeCheckTest, com.google.javascript.jscomp.StripCodeTest, com.google.javascript.jscomp.StripCodeTest, com.google.javascript.jscomp.SymbolTableTest, com.google.javascript.jscomp.SymbolTableTest, com.google.javascript.jscomp.SyntacticScopeCreatorTest, com.google.javascript.jscomp.SyntacticScopeCreatorTest, com.google.javascript.jscomp.TightenTypesTest, com.google.javascript.jscomp.TightenTypesTest, com.google.javascript.jscomp.TransformAMDToCJSModuleTest, com.google.javascript.jscomp.TransformAMDToCJSModuleTest, com.google.javascript.jscomp.TypeCheckFunctionCheckTest, com.google.javascript.jscomp.TypeCheckFunctionCheckTest, com.google.javascript.jscomp.TypeCheckTest, com.google.javascript.jscomp.TypeCheckTest, com.google.javascript.jscomp.TypeInferenceTest, com.google.javascript.jscomp.TypeInferenceTest, com.google.javascript.jscomp.TypeValidatorTest, com.google.javascript.jscomp.TypeValidatorTest, com.google.javascript.jscomp.TypedScopeCreatorTest, com.google.javascript.jscomp.TypedScopeCreatorTest, com.google.javascript.jscomp.UnreachableCodeEliminationTest, com.google.javascript.jscomp.UnreachableCodeEliminationTest, com.google.javascript.jscomp.VarCheckTest, com.google.javascript.jscomp.VarCheckTest, com.google.javascript.jscomp.VariableMapTest, com.google.javascript.jscomp.VariableMapTest, com.google.javascript.jscomp.VariableReferenceCheckTest, com.google.javascript.jscomp.VariableReferenceCheckTest, com.google.javascript.jscomp.VariableVisibilityAnalysisTest, com.google.javascript.jscomp.VariableVisibilityAnalysisTest, com.google.javascript.jscomp.XtbMessageBundleTest, com.google.javascript.jscomp.XtbMessageBundleTest, com.google.javascript.jscomp.deps.DepsFileParserTest, com.google.javascript.jscomp.deps.DepsFileParserTest, com.google.javascript.jscomp.deps.JsFileLineParserTest, com.google.javascript.jscomp.deps.JsFileLineParserTest, com.google.javascript.jscomp.deps.JsFileParserTest, com.google.javascript.jscomp.deps.JsFileParserTest, com.google.javascript.jscomp.deps.JsFunctionParserTest, com.google.javascript.jscomp.deps.JsFunctionParserTest, com.google.javascript.jscomp.deps.SortedDependenciesTest, com.google.javascript.jscomp.deps.SortedDependenciesTest, com.google.javascript.jscomp.graph.GraphColoringTest, com.google.javascript.jscomp.graph.GraphColoringTest, com.google.javascript.jscomp.graph.GraphPrunerTest, com.google.javascript.jscomp.graph.GraphPrunerTest, com.google.javascript.jscomp.graph.GraphReachabilityTest, com.google.javascript.jscomp.graph.GraphReachabilityTest, com.google.javascript.jscomp.graph.GraphTest, com.google.javascript.jscomp.graph.GraphTest, com.google.javascript.jscomp.graph.StandardUnionFindTest, com.google.javascript.jscomp.graph.StandardUnionFindTest, com.google.javascript.jscomp.jsonml.JsonMLConversionTest, com.google.javascript.jscomp.jsonml.JsonMLConversionTest, com.google.javascript.jscomp.jsonml.JsonMLValidationTest, com.google.javascript.jscomp.jsonml.JsonMLValidationTest, com.google.javascript.jscomp.jsonml.SecureCompilerTest, com.google.javascript.jscomp.jsonml.SecureCompilerTest, com.google.javascript.jscomp.parsing.IRFactoryTest, com.google.javascript.jscomp.parsing.IRFactoryTest, com.google.javascript.jscomp.parsing.JsDocInfoParserTest, com.google.javascript.jscomp.parsing.JsDocInfoParserTest, com.google.javascript.jscomp.parsing.JsDocTokenStreamTest, com.google.javascript.jscomp.parsing.JsDocTokenStreamTest, com.google.javascript.jscomp.parsing.ParserTest, com.google.javascript.jscomp.parsing.ParserTest, com.google.javascript.jscomp.regex.CharRangesTest, com.google.javascript.jscomp.regex.CharRangesTest, com.google.javascript.rhino.IRTest, com.google.javascript.rhino.IRTest, com.google.javascript.rhino.JSDocInfoTest, com.google.javascript.rhino.JSDocInfoTest, com.google.javascript.rhino.NodeTest, com.google.javascript.rhino.NodeTest, com.google.javascript.rhino.jstype.BooleanLiteralSetTest, com.google.javascript.rhino.jstype.BooleanLiteralSetTest, com.google.javascript.rhino.jstype.EnumElementTypeTest, com.google.javascript.rhino.jstype.EnumElementTypeTest, com.google.javascript.rhino.jstype.FunctionParamBuilderTest, com.google.javascript.rhino.jstype.FunctionParamBuilderTest, com.google.javascript.rhino.jstype.FunctionTypeTest, com.google.javascript.rhino.jstype.FunctionTypeTest, com.google.javascript.rhino.jstype.JSTypeRegistryTest, com.google.javascript.rhino.jstype.JSTypeRegistryTest, com.google.javascript.rhino.jstype.JSTypeTest, com.google.javascript.rhino.jstype.JSTypeTest, com.google.javascript.rhino.jstype.NamedTypeTest, com.google.javascript.rhino.jstype.NamedTypeTest, com.google.javascript.rhino.jstype.ParameterizedTypeTest, com.google.javascript.rhino.jstype.ParameterizedTypeTest, com.google.javascript.rhino.jstype.PrototypeObjectTypeTest, com.google.javascript.rhino.jstype.PrototypeObjectTypeTest, com.google.javascript.rhino.jstype.RecordTypeTest, com.google.javascript.rhino.jstype.RecordTypeTest, com.google.javascript.rhino.jstype.TernaryValueTest, com.google.javascript.rhino.jstype.TernaryValueTest, com.google.javascript.rhino.jstype.UnionTypeBuilderTest, com.google.javascript.rhino.jstype.UnionTypeBuilderTest, com.google.javascript.rhino.jstype.UnionTypeTest, com.google.javascript.rhino.jstype.UnionTypeTest]
[2] INFO NoPol - Config: Config{synthesisDepth=3, collectStaticMethods=true, collectStaticFields=false, collectLiterals=false, onlyOneSynthesisResult=false, sortExpressions=true, maxLineInvocationPerTest=250, timeoutMethodInvocation=2000, dataCollectionTimeoutInSecondForSynthesis=900, addWeight=0.19478, subWeight=0.04554, mulWeight=0.0102, divWeight=0.00613, andWeight=0.10597, orWeight=0.05708, eqWeight=0.22798, nEqWeight=0.0, lessEqWeight=0.0255, lessWeight=0.0947, methodCallWeight=0.1, fieldAccessWeight=0.08099, constantWeight=0.14232, variableWeight=0.05195, mode=REPAIR, type=PRE_THEN_COND, synthesis=SMT, oracle=ANGELIC, solver=Z3, solverPath='script/../tools//libs/z3_for_linux', projectSources=[script/workingdir/Nopol/Closure_13/src], projectClasspath='[Ljava.net.URL;@28c97a5', projectTests=[com.google.debugging.sourcemap.Base64Test, com.google.debugging.sourcemap.Base64Test, com.google.debugging.sourcemap.Base64VLQTest, com.google.debugging.sourcemap.Base64VLQTest, com.google.debugging.sourcemap.SourceMapConsumerV1Test, com.google.debugging.sourcemap.SourceMapConsumerV1Test, com.google.debugging.sourcemap.SourceMapConsumerV2Test, com.google.debugging.sourcemap.SourceMapConsumerV2Test, com.google.debugging.sourcemap.SourceMapGeneratorV1Test, com.google.debugging.sourcemap.SourceMapGeneratorV1Test, com.google.debugging.sourcemap.SourceMapGeneratorV2Test, com.google.debugging.sourcemap.SourceMapGeneratorV2Test, com.google.debugging.sourcemap.SourceMapGeneratorV3Test, com.google.debugging.sourcemap.SourceMapGeneratorV3Test, com.google.javascript.jscomp.AliasExternalsTest, com.google.javascript.jscomp.AliasExternalsTest, com.google.javascript.jscomp.AliasKeywordsTest, com.google.javascript.jscomp.AliasKeywordsTest, com.google.javascript.jscomp.AliasStringsTest, com.google.javascript.jscomp.AliasStringsTest, com.google.javascript.jscomp.AmbiguatePropertiesTest, com.google.javascript.jscomp.AmbiguatePropertiesTest, com.google.javascript.jscomp.AstParallelizerTest, com.google.javascript.jscomp.AstParallelizerTest, com.google.javascript.jscomp.AstValidatorTest, com.google.javascript.jscomp.AstValidatorTest, com.google.javascript.jscomp.BasicErrorManagerTest, com.google.javascript.jscomp.BasicErrorManagerTest, com.google.javascript.jscomp.CallGraphTest, com.google.javascript.jscomp.CallGraphTest, com.google.javascript.jscomp.ChainCallsTest, com.google.javascript.jscomp.ChainCallsTest, com.google.javascript.jscomp.CheckAccessControlsTest, com.google.javascript.jscomp.CheckAccessControlsTest, com.google.javascript.jscomp.CheckAccidentalSemicolonTest, com.google.javascript.jscomp.CheckAccidentalSemicolonTest, com.google.javascript.jscomp.CheckDebuggerStatementTest, com.google.javascript.jscomp.CheckDebuggerStatementTest, com.google.javascript.jscomp.CheckGlobalNamesTest, com.google.javascript.jscomp.CheckGlobalNamesTest, com.google.javascript.jscomp.CheckGlobalThisTest, com.google.javascript.jscomp.CheckGlobalThisTest, com.google.javascript.jscomp.CheckMissingGetCssNameTest, com.google.javascript.jscomp.CheckMissingGetCssNameTest, com.google.javascript.jscomp.CheckMissingReturnTest, com.google.javascript.jscomp.CheckMissingReturnTest, com.google.javascript.jscomp.CheckPathsBetweenNodesTest, com.google.javascript.jscomp.CheckPathsBetweenNodesTest, com.google.javascript.jscomp.CheckProvidesTest, com.google.javascript.jscomp.CheckProvidesTest, com.google.javascript.jscomp.CheckRegExpTest, com.google.javascript.jscomp.CheckRegExpTest, com.google.javascript.jscomp.CheckRequiresForConstructorsTest, com.google.javascript.jscomp.CheckRequiresForConstructorsTest, com.google.javascript.jscomp.CheckSideEffectsTest, com.google.javascript.jscomp.CheckSideEffectsTest, com.google.javascript.jscomp.CheckUnreachableCodeTest, com.google.javascript.jscomp.CheckUnreachableCodeTest, com.google.javascript.jscomp.CleanupPassesTest, com.google.javascript.jscomp.CleanupPassesTest, com.google.javascript.jscomp.ClosureCodeRemovalTest, com.google.javascript.jscomp.ClosureCodeRemovalTest, com.google.javascript.jscomp.ClosureCodingConventionTest, com.google.javascript.jscomp.ClosureCodingConventionTest, com.google.javascript.jscomp.ClosureOptimizePrimitivesTest, com.google.javascript.jscomp.ClosureOptimizePrimitivesTest, com.google.javascript.jscomp.ClosureReverseAbstractInterpreterTest, com.google.javascript.jscomp.ClosureReverseAbstractInterpreterTest, com.google.javascript.jscomp.CoalesceVariableNamesTest, com.google.javascript.jscomp.CoalesceVariableNamesTest, com.google.javascript.jscomp.CodePrinterTest, com.google.javascript.jscomp.CodePrinterTest, com.google.javascript.jscomp.CollapseAnonymousFunctionsTest, com.google.javascript.jscomp.CollapseAnonymousFunctionsTest, com.google.javascript.jscomp.CollapsePropertiesTest, com.google.javascript.jscomp.CollapsePropertiesTest, com.google.javascript.jscomp.CollapseVariableDeclarationsTest, com.google.javascript.jscomp.CollapseVariableDeclarationsTest, com.google.javascript.jscomp.CombinedCompilerPassTest, com.google.javascript.jscomp.CombinedCompilerPassTest, com.google.javascript.jscomp.CommandLineRunnerTest, com.google.javascript.jscomp.CommandLineRunnerTest, com.google.javascript.jscomp.CompilerOptionsTest, com.google.javascript.jscomp.CompilerOptionsTest, com.google.javascript.jscomp.CompilerTest, com.google.javascript.jscomp.CompilerTest, com.google.javascript.jscomp.ConcreteTypeTest, com.google.javascript.jscomp.ConcreteTypeTest, com.google.javascript.jscomp.ConstCheckTest, com.google.javascript.jscomp.ConstCheckTest, com.google.javascript.jscomp.ControlFlowAnalysisTest, com.google.javascript.jscomp.ControlFlowAnalysisTest, com.google.javascript.jscomp.ControlStructureCheckTest, com.google.javascript.jscomp.ControlStructureCheckTest, com.google.javascript.jscomp.ConvertToDottedPropertiesTest, com.google.javascript.jscomp.ConvertToDottedPropertiesTest, com.google.javascript.jscomp.CreateSyntheticBlocksTest, com.google.javascript.jscomp.CreateSyntheticBlocksTest, com.google.javascript.jscomp.CrossModuleCodeMotionTest, com.google.javascript.jscomp.CrossModuleCodeMotionTest, com.google.javascript.jscomp.CrossModuleMethodMotionTest, com.google.javascript.jscomp.CrossModuleMethodMotionTest, com.google.javascript.jscomp.DataFlowAnalysisTest, com.google.javascript.jscomp.DataFlowAnalysisTest, com.google.javascript.jscomp.DeadAssignmentsEliminationTest, com.google.javascript.jscomp.DeadAssignmentsEliminationTest, com.google.javascript.jscomp.DefaultCodingConventionTest, com.google.javascript.jscomp.DefaultCodingConventionTest, com.google.javascript.jscomp.DefinitionsRemoverTest, com.google.javascript.jscomp.DefinitionsRemoverTest, com.google.javascript.jscomp.DenormalizeTest, com.google.javascript.jscomp.DenormalizeTest, com.google.javascript.jscomp.DevirtualizePrototypeMethodsTest, com.google.javascript.jscomp.DevirtualizePrototypeMethodsTest, com.google.javascript.jscomp.DiagnosticGroupTest, com.google.javascript.jscomp.DiagnosticGroupTest, com.google.javascript.jscomp.DisambiguatePropertiesTest, com.google.javascript.jscomp.DisambiguatePropertiesTest, com.google.javascript.jscomp.DotFormatterTest, com.google.javascript.jscomp.DotFormatterTest, com.google.javascript.jscomp.ExpandJqueryAliasesTest, com.google.javascript.jscomp.ExpandJqueryAliasesTest, com.google.javascript.jscomp.ExploitAssignsTest, com.google.javascript.jscomp.ExploitAssignsTest, com.google.javascript.jscomp.ExportTestFunctionsTest, com.google.javascript.jscomp.ExportTestFunctionsTest, com.google.javascript.jscomp.ExpressionDecomposerTest, com.google.javascript.jscomp.ExpressionDecomposerTest, com.google.javascript.jscomp.ExternExportsPassTest, com.google.javascript.jscomp.ExternExportsPassTest, com.google.javascript.jscomp.ExtractPrototypeMemberDeclarationsTest, com.google.javascript.jscomp.ExtractPrototypeMemberDeclarationsTest, com.google.javascript.jscomp.FixedPointGraphTraversalTest, com.google.javascript.jscomp.FixedPointGraphTraversalTest, com.google.javascript.jscomp.FlowSensitiveInlineVariablesTest, com.google.javascript.jscomp.FlowSensitiveInlineVariablesTest, com.google.javascript.jscomp.FunctionArgumentInjectorTest, com.google.javascript.jscomp.FunctionArgumentInjectorTest, com.google.javascript.jscomp.FunctionInjectorTest, com.google.javascript.jscomp.FunctionInjectorTest, com.google.javascript.jscomp.FunctionNamesTest, com.google.javascript.jscomp.FunctionNamesTest, com.google.javascript.jscomp.FunctionRewriterTest, com.google.javascript.jscomp.FunctionRewriterTest, com.google.javascript.jscomp.FunctionToBlockMutatorTest, com.google.javascript.jscomp.FunctionToBlockMutatorTest, com.google.javascript.jscomp.FunctionTypeBuilderTest, com.google.javascript.jscomp.FunctionTypeBuilderTest, com.google.javascript.jscomp.GatherRawExportsTest, com.google.javascript.jscomp.GatherRawExportsTest, com.google.javascript.jscomp.GatherSideEffectSubexpressionsCallbackTest, com.google.javascript.jscomp.GatherSideEffectSubexpressionsCallbackTest, com.google.javascript.jscomp.GenerateExportsTest, com.google.javascript.jscomp.GenerateExportsTest, com.google.javascript.jscomp.GlobalNamespaceTest, com.google.javascript.jscomp.GlobalNamespaceTest, com.google.javascript.jscomp.GlobalVarReferenceMapTest, com.google.javascript.jscomp.GlobalVarReferenceMapTest, com.google.javascript.jscomp.GoogleCodingConventionTest, com.google.javascript.jscomp.GoogleCodingConventionTest, com.google.javascript.jscomp.GroupVariableDeclarationsTest, com.google.javascript.jscomp.GroupVariableDeclarationsTest, com.google.javascript.jscomp.IgnoreCajaPropertiesTest, com.google.javascript.jscomp.IgnoreCajaPropertiesTest, com.google.javascript.jscomp.InferJSDocInfoTest, com.google.javascript.jscomp.InferJSDocInfoTest, com.google.javascript.jscomp.InlineCostEstimatorTest, com.google.javascript.jscomp.InlineCostEstimatorTest, com.google.javascript.jscomp.InlineFunctionsTest, com.google.javascript.jscomp.InlineFunctionsTest, com.google.javascript.jscomp.InlineObjectLiteralsTest, com.google.javascript.jscomp.InlineObjectLiteralsTest, com.google.javascript.jscomp.InlinePropertiesTest, com.google.javascript.jscomp.InlinePropertiesTest, com.google.javascript.jscomp.InlineSimpleMethodsTest, com.google.javascript.jscomp.InlineSimpleMethodsTest, com.google.javascript.jscomp.InlineVariablesConstantsTest, com.google.javascript.jscomp.InlineVariablesConstantsTest, com.google.javascript.jscomp.InlineVariablesTest, com.google.javascript.jscomp.InlineVariablesTest, com.google.javascript.jscomp.InstrumentFunctionsTest, com.google.javascript.jscomp.InstrumentFunctionsTest, com.google.javascript.jscomp.IntegrationTest, com.google.javascript.jscomp.IntegrationTest, com.google.javascript.jscomp.JSCompilerSourceExcerptProviderTest, com.google.javascript.jscomp.JSCompilerSourceExcerptProviderTest, com.google.javascript.jscomp.JSModuleGraphTest, com.google.javascript.jscomp.JSModuleGraphTest, com.google.javascript.jscomp.JSModuleTest, com.google.javascript.jscomp.JSModuleTest, com.google.javascript.jscomp.JsMessageExtractorTest, com.google.javascript.jscomp.JsMessageExtractorTest, com.google.javascript.jscomp.JsMessageTest, com.google.javascript.jscomp.JsMessageTest, com.google.javascript.jscomp.JsMessageVisitorTest, com.google.javascript.jscomp.JsMessageVisitorTest, com.google.javascript.jscomp.LightweightMessageFormatterTest, com.google.javascript.jscomp.LightweightMessageFormatterTest, com.google.javascript.jscomp.LinkedFlowScopeTest, com.google.javascript.jscomp.LinkedFlowScopeTest, com.google.javascript.jscomp.LiveVariableAnalysisTest, com.google.javascript.jscomp.LiveVariableAnalysisTest, com.google.javascript.jscomp.LooseTypeCheckTest, com.google.javascript.jscomp.LooseTypeCheckTest, com.google.javascript.jscomp.MakeDeclaredNamesUniqueTest, com.google.javascript.jscomp.MakeDeclaredNamesUniqueTest, com.google.javascript.jscomp.MarkNoSideEffectCallsTest, com.google.javascript.jscomp.MarkNoSideEffectCallsTest, com.google.javascript.jscomp.MaybeReachingVariableUseTest, com.google.javascript.jscomp.MaybeReachingVariableUseTest, com.google.javascript.jscomp.MemoizedScopeCreatorTest, com.google.javascript.jscomp.MemoizedScopeCreatorTest, com.google.javascript.jscomp.MinimizeExitPointsTest, com.google.javascript.jscomp.MinimizeExitPointsTest, com.google.javascript.jscomp.MoveFunctionDeclarationsTest, com.google.javascript.jscomp.MoveFunctionDeclarationsTest, com.google.javascript.jscomp.MustBeReachingVariableDefTest, com.google.javascript.jscomp.MustBeReachingVariableDefTest, com.google.javascript.jscomp.NameAnalyzerTest, com.google.javascript.jscomp.NameAnalyzerTest, com.google.javascript.jscomp.NameAnonymousFunctionsMappedTest, com.google.javascript.jscomp.NameAnonymousFunctionsMappedTest, com.google.javascript.jscomp.NameAnonymousFunctionsTest, com.google.javascript.jscomp.NameAnonymousFunctionsTest, com.google.javascript.jscomp.NodeIteratorsTest, com.google.javascript.jscomp.NodeIteratorsTest, com.google.javascript.jscomp.NodeTraversalTest, com.google.javascript.jscomp.NodeTraversalTest, com.google.javascript.jscomp.NodeUtilTest, com.google.javascript.jscomp.NodeUtilTest, com.google.javascript.jscomp.NormalizeTest, com.google.javascript.jscomp.NormalizeTest, com.google.javascript.jscomp.ObjectPropertyStringPostprocessTest, com.google.javascript.jscomp.ObjectPropertyStringPostprocessTest, com.google.javascript.jscomp.ObjectPropertyStringPreprocessTest, com.google.javascript.jscomp.ObjectPropertyStringPreprocessTest, com.google.javascript.jscomp.OptimizeArgumentsArrayTest, com.google.javascript.jscomp.OptimizeArgumentsArrayTest, com.google.javascript.jscomp.OptimizeCallsTest, com.google.javascript.jscomp.OptimizeCallsTest, com.google.javascript.jscomp.OptimizeParametersTest, com.google.javascript.jscomp.OptimizeParametersTest, com.google.javascript.jscomp.OptimizeReturnsTest, com.google.javascript.jscomp.OptimizeReturnsTest, com.google.javascript.jscomp.ParallelCompilerPassTest, com.google.javascript.jscomp.ParallelCompilerPassTest, com.google.javascript.jscomp.PeepholeCollectPropertyAssignmentsTest, com.google.javascript.jscomp.PeepholeCollectPropertyAssignmentsTest, com.google.javascript.jscomp.PeepholeFoldConstantsTest, com.google.javascript.jscomp.PeepholeFoldConstantsTest, com.google.javascript.jscomp.PeepholeFoldWithTypesTest, com.google.javascript.jscomp.PeepholeFoldWithTypesTest, com.google.javascript.jscomp.PeepholeIntegrationTest, com.google.javascript.jscomp.PeepholeIntegrationTest, com.google.javascript.jscomp.PeepholeOptimizationsPassTest, com.google.javascript.jscomp.PeepholeOptimizationsPassTest, com.google.javascript.jscomp.PeepholeRemoveDeadCodeTest, com.google.javascript.jscomp.PeepholeRemoveDeadCodeTest, com.google.javascript.jscomp.PeepholeReplaceKnownMethodsTest, com.google.javascript.jscomp.PeepholeReplaceKnownMethodsTest, com.google.javascript.jscomp.PeepholeSimplifyRegExpTest, com.google.javascript.jscomp.PeepholeSimplifyRegExpTest, com.google.javascript.jscomp.PeepholeSubstituteAlternateSyntaxTest, com.google.javascript.jscomp.PeepholeSubstituteAlternateSyntaxTest, com.google.javascript.jscomp.PhaseOptimizerTest, com.google.javascript.jscomp.PhaseOptimizerTest, com.google.javascript.jscomp.PrepareAstTest, com.google.javascript.jscomp.PrepareAstTest, com.google.javascript.jscomp.ProcessClosurePrimitivesTest, com.google.javascript.jscomp.ProcessClosurePrimitivesTest, com.google.javascript.jscomp.ProcessCommonJSModulesTest, com.google.javascript.jscomp.ProcessCommonJSModulesTest, com.google.javascript.jscomp.ProcessDefinesTest, com.google.javascript.jscomp.ProcessDefinesTest, com.google.javascript.jscomp.ProcessTweaksTest, com.google.javascript.jscomp.ProcessTweaksTest, com.google.javascript.jscomp.PureFunctionIdentifierTest, com.google.javascript.jscomp.PureFunctionIdentifierTest, com.google.javascript.jscomp.RecordFunctionInformationTest, com.google.javascript.jscomp.RecordFunctionInformationTest, com.google.javascript.jscomp.RemoveTryCatchTest, com.google.javascript.jscomp.RemoveTryCatchTest, com.google.javascript.jscomp.RemoveUnusedClassPropertiesTest, com.google.javascript.jscomp.RemoveUnusedClassPropertiesTest, com.google.javascript.jscomp.RemoveUnusedNamesTest, com.google.javascript.jscomp.RemoveUnusedNamesTest, com.google.javascript.jscomp.RemoveUnusedPrototypePropertiesTest, com.google.javascript.jscomp.RemoveUnusedPrototypePropertiesTest, com.google.javascript.jscomp.RemoveUnusedVarsTest, com.google.javascript.jscomp.RemoveUnusedVarsTest, com.google.javascript.jscomp.RenameLabelsTest, com.google.javascript.jscomp.RenameLabelsTest, com.google.javascript.jscomp.RenameLocalVarsTest, com.google.javascript.jscomp.RenameLocalVarsTest, com.google.javascript.jscomp.RenamePropertiesTest, com.google.javascript.jscomp.RenamePropertiesTest, com.google.javascript.jscomp.RenamePrototypesTest, com.google.javascript.jscomp.RenamePrototypesTest, com.google.javascript.jscomp.RenameVarsTest, com.google.javascript.jscomp.RenameVarsTest, com.google.javascript.jscomp.ReorderConstantExpressionTest, com.google.javascript.jscomp.ReorderConstantExpressionTest, com.google.javascript.jscomp.ReplaceCssNamesTest, com.google.javascript.jscomp.ReplaceCssNamesTest, com.google.javascript.jscomp.ReplaceIdGeneratorsTest, com.google.javascript.jscomp.ReplaceIdGeneratorsTest, com.google.javascript.jscomp.ReplaceMessagesTest, com.google.javascript.jscomp.ReplaceMessagesTest, com.google.javascript.jscomp.ReplaceStringsTest, com.google.javascript.jscomp.ReplaceStringsTest, com.google.javascript.jscomp.RescopeGlobalSymbolsTest, com.google.javascript.jscomp.RescopeGlobalSymbolsTest, com.google.javascript.jscomp.RhinoErrorReporterTest, com.google.javascript.jscomp.RhinoErrorReporterTest, com.google.javascript.jscomp.RuntimeTypeCheckTest, com.google.javascript.jscomp.RuntimeTypeCheckTest, com.google.javascript.jscomp.SanityCheckTest, com.google.javascript.jscomp.SanityCheckTest, com.google.javascript.jscomp.ScopedAliasesTest, com.google.javascript.jscomp.ScopedAliasesTest, com.google.javascript.jscomp.SemanticReverseAbstractInterpreterTest, com.google.javascript.jscomp.SemanticReverseAbstractInterpreterTest, com.google.javascript.jscomp.ShadowVariablesTest, com.google.javascript.jscomp.ShadowVariablesTest, com.google.javascript.jscomp.SideEffectsAnalysisTest, com.google.javascript.jscomp.SideEffectsAnalysisTest, com.google.javascript.jscomp.SimpleDefinitionFinderTest, com.google.javascript.jscomp.SimpleDefinitionFinderTest, com.google.javascript.jscomp.SimpleFunctionAliasAnalysisTest, com.google.javascript.jscomp.SimpleFunctionAliasAnalysisTest, com.google.javascript.jscomp.SourceInformationAnnotatorTest, com.google.javascript.jscomp.SourceInformationAnnotatorTest, com.google.javascript.jscomp.SourceMapTest, com.google.javascript.jscomp.SourceMapTest, com.google.javascript.jscomp.SpecializeModuleTest, com.google.javascript.jscomp.SpecializeModuleTest, com.google.javascript.jscomp.StatementFusionTest, com.google.javascript.jscomp.StatementFusionTest, com.google.javascript.jscomp.StrictModeCheckTest, com.google.javascript.jscomp.StrictModeCheckTest, com.google.javascript.jscomp.StripCodeTest, com.google.javascript.jscomp.StripCodeTest, com.google.javascript.jscomp.SymbolTableTest, com.google.javascript.jscomp.SymbolTableTest, com.google.javascript.jscomp.SyntacticScopeCreatorTest, com.google.javascript.jscomp.SyntacticScopeCreatorTest, com.google.javascript.jscomp.TightenTypesTest, com.google.javascript.jscomp.TightenTypesTest, com.google.javascript.jscomp.TransformAMDToCJSModuleTest, com.google.javascript.jscomp.TransformAMDToCJSModuleTest, com.google.javascript.jscomp.TypeCheckFunctionCheckTest, com.google.javascript.jscomp.TypeCheckFunctionCheckTest, com.google.javascript.jscomp.TypeCheckTest, com.google.javascript.jscomp.TypeCheckTest, com.google.javascript.jscomp.TypeInferenceTest, com.google.javascript.jscomp.TypeInferenceTest, com.google.javascript.jscomp.TypeValidatorTest, com.google.javascript.jscomp.TypeValidatorTest, com.google.javascript.jscomp.TypedScopeCreatorTest, com.google.javascript.jscomp.TypedScopeCreatorTest, com.google.javascript.jscomp.UnreachableCodeEliminationTest, com.google.javascript.jscomp.UnreachableCodeEliminationTest, com.google.javascript.jscomp.VarCheckTest, com.google.javascript.jscomp.VarCheckTest, com.google.javascript.jscomp.VariableMapTest, com.google.javascript.jscomp.VariableMapTest, com.google.javascript.jscomp.VariableReferenceCheckTest, com.google.javascript.jscomp.VariableReferenceCheckTest, com.google.javascript.jscomp.VariableVisibilityAnalysisTest, com.google.javascript.jscomp.VariableVisibilityAnalysisTest, com.google.javascript.jscomp.XtbMessageBundleTest, com.google.javascript.jscomp.XtbMessageBundleTest, com.google.javascript.jscomp.deps.DepsFileParserTest, com.google.javascript.jscomp.deps.DepsFileParserTest, com.google.javascript.jscomp.deps.JsFileLineParserTest, com.google.javascript.jscomp.deps.JsFileLineParserTest, com.google.javascript.jscomp.deps.JsFileParserTest, com.google.javascript.jscomp.deps.JsFileParserTest, com.google.javascript.jscomp.deps.JsFunctionParserTest, com.google.javascript.jscomp.deps.JsFunctionParserTest, com.google.javascript.jscomp.deps.SortedDependenciesTest, com.google.javascript.jscomp.deps.SortedDependenciesTest, com.google.javascript.jscomp.graph.GraphColoringTest, com.google.javascript.jscomp.graph.GraphColoringTest, com.google.javascript.jscomp.graph.GraphPrunerTest, com.google.javascript.jscomp.graph.GraphPrunerTest, com.google.javascript.jscomp.graph.GraphReachabilityTest, com.google.javascript.jscomp.graph.GraphReachabilityTest, com.google.javascript.jscomp.graph.GraphTest, com.google.javascript.jscomp.graph.GraphTest, com.google.javascript.jscomp.graph.StandardUnionFindTest, com.google.javascript.jscomp.graph.StandardUnionFindTest, com.google.javascript.jscomp.jsonml.JsonMLConversionTest, com.google.javascript.jscomp.jsonml.JsonMLConversionTest, com.google.javascript.jscomp.jsonml.JsonMLValidationTest, com.google.javascript.jscomp.jsonml.JsonMLValidationTest, com.google.javascript.jscomp.jsonml.SecureCompilerTest, com.google.javascript.jscomp.jsonml.SecureCompilerTest, com.google.javascript.jscomp.parsing.IRFactoryTest, com.google.javascript.jscomp.parsing.IRFactoryTest, com.google.javascript.jscomp.parsing.JsDocInfoParserTest, com.google.javascript.jscomp.parsing.JsDocInfoParserTest, com.google.javascript.jscomp.parsing.JsDocTokenStreamTest, com.google.javascript.jscomp.parsing.JsDocTokenStreamTest, com.google.javascript.jscomp.parsing.ParserTest, com.google.javascript.jscomp.parsing.ParserTest, com.google.javascript.jscomp.regex.CharRangesTest, com.google.javascript.jscomp.regex.CharRangesTest, com.google.javascript.rhino.IRTest, com.google.javascript.rhino.IRTest, com.google.javascript.rhino.JSDocInfoTest, com.google.javascript.rhino.JSDocInfoTest, com.google.javascript.rhino.NodeTest, com.google.javascript.rhino.NodeTest, com.google.javascript.rhino.jstype.BooleanLiteralSetTest, com.google.javascript.rhino.jstype.BooleanLiteralSetTest, com.google.javascript.rhino.jstype.EnumElementTypeTest, com.google.javascript.rhino.jstype.EnumElementTypeTest, com.google.javascript.rhino.jstype.FunctionParamBuilderTest, com.google.javascript.rhino.jstype.FunctionParamBuilderTest, com.google.javascript.rhino.jstype.FunctionTypeTest, com.google.javascript.rhino.jstype.FunctionTypeTest, com.google.javascript.rhino.jstype.JSTypeRegistryTest, com.google.javascript.rhino.jstype.JSTypeRegistryTest, com.google.javascript.rhino.jstype.JSTypeTest, com.google.javascript.rhino.jstype.JSTypeTest, com.google.javascript.rhino.jstype.NamedTypeTest, com.google.javascript.rhino.jstype.NamedTypeTest, com.google.javascript.rhino.jstype.ParameterizedTypeTest, com.google.javascript.rhino.jstype.ParameterizedTypeTest, com.google.javascript.rhino.jstype.PrototypeObjectTypeTest, com.google.javascript.rhino.jstype.PrototypeObjectTypeTest, com.google.javascript.rhino.jstype.RecordTypeTest, com.google.javascript.rhino.jstype.RecordTypeTest, com.google.javascript.rhino.jstype.TernaryValueTest, com.google.javascript.rhino.jstype.TernaryValueTest, com.google.javascript.rhino.jstype.UnionTypeBuilderTest, com.google.javascript.rhino.jstype.UnionTypeBuilderTest, com.google.javascript.rhino.jstype.UnionTypeTest, com.google.javascript.rhino.jstype.UnionTypeTest], complianceLevel=7, outputFolder=/experiment_home///results/Nopol/Closure/13/seed_264/, json=true}
[3] INFO NoPol - Available processors (cores): 36
[7] INFO NoPol - Free memory: 1 GB
[7] INFO NoPol - Maximum memory: 7 GB
[7] INFO NoPol - Total memory available to JVM: 1 GB
[8] INFO NoPol - Java version: 1.8.0_45
[9] INFO NoPol - JAVA_HOME: /experiment_home/jdk1.8.0_45/
[9] INFO NoPol - PATH: /experiment_home/foo/bin:/experiment_home/perl5/bin:/experiment_home/jdk1.8.0_45//bin:/experiment_home/maven/apache-maven-3.6.0/bin:/experiment_home/commands/:/experiment_home/gradle/gradle-5.4.1/bin/:/usr/local/bin:/usr/bin:/bin:/usr/local/games:/usr/games:/opt/dell/srvadmin/bin:/usr/local/cuda/bin:/opt/rocm/bin:/grid5000/code/bin:/experiment_home/defects4j/framework/bin
GPR[SSUP]-1659914247799
GPR[ESUP]-1659914247799
GPR[SFL]-1659914247799
GPR[EFL]-1659914292086
GPR[SFP]-1659914292086
GPR[SSUN]-1659914293962
-283827935
GPR[SPVATF]-1659914294470
GPR[EPVATF]-1659914294508
[51201] ERROR NoPol - Error ExecutionException java.util.concurrent.ExecutionException: java.lang.RuntimeException: failingTestCasesValidated: nothing to repair, no failing test cases
GPR[ESUN]-1659914294508
GPR[SSUN]-1659914294508
80988634
GPR[ESUN]-1659914294689
GPR[SSUN]-1659914294689
80988634
GPR[ESUN]-1659914294892
GPR[SSUN]-1659914294892
-1966087783
GPR[ESUN]-1659914295106
GPR[SSUN]-1659914295106
-1966087783
GPR[SPVATF]-1659914297637
GPR[EPVATF]-1659914297670
[54364] ERROR NoPol - Error ExecutionException java.util.concurrent.ExecutionException: java.lang.RuntimeException: failingTestCasesValidated: nothing to repair, no failing test cases
GPR[ESUN]-1659914297671
GPR[SSUN]-1659914297671
-1659631726
GPR[ESUN]-1659914297860
GPR[SSUN]-1659914297860
130004992
GPR[ESUN]-1659914298043
GPR[SSUN]-1659914298043
130004992
GPR[SPVATF]-1659914298226
GPR[EPVATF]-1659914298254
[54947] ERROR NoPol - Error ExecutionException java.util.concurrent.ExecutionException: java.lang.RuntimeException: failingTestCasesValidated: nothing to repair, no failing test cases
GPR[ESUN]-1659914298254
GPR[SSUN]-1659914298254
130004992
GPR[ESUN]-1659914298436
GPR[SSUN]-1659914298436
80988634
GPR[ESUN]-1659914298609
GPR[SSUN]-1659914298609
-1966087783
GPR[SPVATF]-1659914298800
GPR[EPVATF]-1659914298822
[55515] ERROR NoPol - Error ExecutionException java.util.concurrent.ExecutionException: java.lang.RuntimeException: failingTestCasesValidated: nothing to repair, no failing test cases
GPR[ESUN]-1659914298822
GPR[SSUN]-1659914298822
-1966087783
GPR[SPVATF]-1659914299015
GPR[EPVATF]-1659914299036
[55730] ERROR NoPol - Error ExecutionException java.util.concurrent.ExecutionException: java.lang.RuntimeException: failingTestCasesValidated: nothing to repair, no failing test cases
GPR[ESUN]-1659914299037
GPR[SSUN]-1659914299037
175865530
GPR[SPVATF]-1659914299213
GPR[EPVATF]-1659914300208
GPR[SPS]-1659914300208
[57734] INFO SMTNopolSynthesizer - Not enough specifications: 0. A trivial patch is "true" or "false", please write new tests specifying SourceLocation com.google.javascript.rhino.TokenStream:160.
GPR[EPS]-1659914301041
GPR[ESUN]-1659914301041
GPR[SSUN]-1659914301042
-1009376944
GPR[SPVATF]-1659914301242
GPR[EPVATF]-1659914304923
GPR[SPS]-1659914304924
[62258] INFO SMTNopolSynthesizer - Not enough specifications: 0. A trivial patch is "true" or "false", please write new tests specifying SourceLocation com.google.javascript.jscomp.CheckAccidentalSemicolon:50.
GPR[EPS]-1659914305565
GPR[ESUN]-1659914305565
GPR[SSUN]-1659914305565
-1009376944
GPR[SPVATF]-1659914305767
GPR[EPVATF]-1659914306661
GPR[SPS]-1659914306662
[63672] ERROR ConstraintModelBuilder - Unable to compile the change: 
final class CheckAccidentalSemicolon extends com.google.javascript.jscomp.NodeTraversal.AbstractPostOrderCallback {
    static final com.google.javascript.jscomp.DiagnosticType SUSPICIOUS_SEMICOLON = com.google.javascript.jscomp.DiagnosticType.warning("JSC_SUSPICIOUS_SEMICOLON", "If this if/for/while really shouldn't have a body, use {}");

    private final com.google.javascript.jscomp.CheckLevel level;

    CheckAccidentalSemicolon(com.google.javascript.jscomp.CheckLevel level) {
        this.level = level;
    }

    @java.lang.Override
    public void visit(com.google.javascript.jscomp.NodeTraversal t, com.google.javascript.rhino.Node n, com.google.javascript.rhino.Node parent) {
        com.google.javascript.rhino.Node child;
        switch (n.getType()) {
            case com.google.javascript.rhino.Token.IF :
                boolean spoonDefaultValue = false;
                try {
                    spoonDefaultValue = true;
                } catch (java.lang.Exception __NopolProcessorException) {
                }
                boolean runtimeAngelicValue = fr.inria.lille.repair.nopol.synth.AngelicExecution.angelicValue(spoonDefaultValue);
                if (fr.inria.lille.commons.trace.RuntimeValues.instance(2).isEnabled()) {
                    fr.inria.lille.commons.trace.RuntimeValues.instance(2).collectionStarts();
                    try{fr.inria.lille.commons.trace.RuntimeValues.instance(2).collectInput("parent",parent);} catch (Exception ex1) {ex1.printStackTrace();};
                    try{fr.inria.lille.commons.trace.RuntimeValues.instance(2).collectInput("com.google.javascript.jscomp.CheckAccidentalSemicolon.SUSPICIOUS_SEMICOLON",com.google.javascript.jscomp.CheckAccidentalSemicolon.SUSPICIOUS_SEMICOLON);} catch (Exception ex1) {ex1.printStackTrace();};
                    try{fr.inria.lille.commons.trace.RuntimeValues.instance(2).collectInput("t",t);} catch (Exception ex1) {ex1.printStackTrace();};
                    try{fr.inria.lille.commons.trace.RuntimeValues.instance(2).collectInput("com.google.javascript.jscomp.CheckAccidentalSemicolon.this.level",com.google.javascript.jscomp.CheckAccidentalSemicolon.this.level);} catch (Exception ex1) {ex1.printStackTrace();};
                    try{fr.inria.lille.commons.trace.RuntimeValues.instance(2).collectInput("n",n);} catch (Exception ex1) {ex1.printStackTrace();};
                    fr.inria.lille.commons.trace.RuntimeValues.instance(2).collectOutput(runtimeAngelicValue);
                    fr.inria.lille.commons.trace.RuntimeValues.instance(2).collectionEnds();
                }
                if (runtimeAngelicValue)
                    child = n.getFirstChild().getNext();

                break;
            case com.google.javascript.rhino.Token.WHILE :
            case com.google.javascript.rhino.Token.FOR :
                child = com.google.javascript.jscomp.NodeUtil.getLoopCodeBlock(n);
                break;
            default :
                return;
        }
        for (; child != null; child = child.getNext()) {
            if (child.isBlock() && (!child.hasChildren())) {
                if (child.wasEmptyNode()) {
                    t.getCompiler().report(t.makeError(n, level, com.google.javascript.jscomp.CheckAccidentalSemicolon.SUSPICIOUS_SEMICOLON));
                }
            }
        }
    }
}
[63673] ERROR NoPol - Error ExecutionException java.util.concurrent.ExecutionException: xxl.java.compiler.DynamicCompilationException: Aborting: dynamic compilation failed
GPR[ESUN]-1659914306980
GPR[SSUN]-1659914306980
890942016
GPR[ESUN]-1659914307180
GPR[SSUN]-1659914307180
890942016
GPR[SPVATF]-1659914307375
GPR[EPVATF]-1659914307397
[64092] ERROR NoPol - Error ExecutionException java.util.concurrent.ExecutionException: java.lang.RuntimeException: failingTestCasesValidated: nothing to repair, no failing test cases
GPR[ESUN]-1659914307399
GPR[SSUN]-1659914307399
890942016
GPR[SPVATF]-1659914307600
GPR[EPVATF]-1659914307619
[64314] ERROR NoPol - Error ExecutionException java.util.concurrent.ExecutionException: java.lang.RuntimeException: failingTestCasesValidated: nothing to repair, no failing test cases
GPR[SPVATF]-1659914307621
GPR[EPVATF]-1659914307640
[64334] ERROR NoPol - Error ExecutionException java.util.concurrent.ExecutionException: java.lang.RuntimeException: failingTestCasesValidated: nothing to repair, no failing test cases
GPR[ESUN]-1659914307641
GPR[SSUN]-1659914307641
890942016
GPR[ESUN]-1659914307838
GPR[SSUN]-1659914307838
890942016
GPR[ESUN]-1659914308061
GPR[SSUN]-1659914308061
-1966087783
GPR[ESUN]-1659914308248
GPR[SSUN]-1659914308248
-1966087783
GPR[SPVATF]-1659914308443
GPR[EPVATF]-1659914308462
[65157] ERROR NoPol - Error ExecutionException java.util.concurrent.ExecutionException: java.lang.RuntimeException: failingTestCasesValidated: nothing to repair, no failing test cases
GPR[SPVATF]-1659914308464
GPR[EPVATF]-1659914308482
[65176] ERROR NoPol - Error ExecutionException java.util.concurrent.ExecutionException: java.lang.RuntimeException: failingTestCasesValidated: nothing to repair, no failing test cases
GPR[ESUN]-1659914308483
GPR[SSUN]-1659914308483
-1966087783
GPR[ESUN]-1659914308675
GPR[SSUN]-1659914308675
-1966087783
GPR[SPVATF]-1659914308866
GPR[EPVATF]-1659914308886
[65580] ERROR NoPol - Error ExecutionException java.util.concurrent.ExecutionException: java.lang.RuntimeException: failingTestCasesValidated: nothing to repair, no failing test cases
GPR[SPVATF]-1659914308888
GPR[EPVATF]-1659914308905
[65599] ERROR NoPol - Error ExecutionException java.util.concurrent.ExecutionException: java.lang.RuntimeException: failingTestCasesValidated: nothing to repair, no failing test cases
GPR[ESUN]-1659914308906
GPR[SSUN]-1659914308906
-1966087783
GPR[ESUN]-1659914309095
GPR[SSUN]-1659914309095
-1966087783
GPR[ESUN]-1659914309280
GPR[SSUN]-1659914309280
-1966087783
GPR[ESUN]-1659914309467
GPR[SSUN]-1659914309467
-1009376944
GPR[ESUN]-1659914309667
GPR[SSUN]-1659914309667
-1009376944
GPR[SPVATF]-1659914309865
GPR[EPVATF]-1659914310753
GPR[SPS]-1659914310756
[68014] INFO SMTNopolSynthesizer - Not enough specifications: 0. A trivial patch is "true" or "false", please write new tests specifying SourceLocation com.google.javascript.jscomp.CheckAccidentalSemicolon:64.
GPR[EPS]-1659914311322
GPR[SPVATF]-1659914311326
GPR[EPVATF]-1659914314590
GPR[SPS]-1659914314590
[71899] INFO SMTNopolSynthesizer - Not enough specifications: 0. A trivial patch is "true" or "false", please write new tests specifying SourceLocation com.google.javascript.jscomp.CheckAccidentalSemicolon:64.
GPR[EPS]-1659914315208
GPR[ESUN]-1659914315208
GPR[SSUN]-1659914315208
-1009376944
GPR[SPVATF]-1659914315401
GPR[EPVATF]-1659914316295
GPR[SPS]-1659914316295
[73557] INFO SMTNopolSynthesizer - Not enough specifications: 0. A trivial patch is "true" or "false", please write new tests specifying SourceLocation com.google.javascript.jscomp.CheckAccidentalSemicolon:63.
GPR[EPS]-1659914316864
GPR[ESUN]-1659914316864
GPR[SSUN]-1659914316864
80988634
GPR[ESUN]-1659914317039
GPR[SSUN]-1659914317039
80988634
GPR[ESUN]-1659914317208
GPR[SSUN]-1659914317208
80988634
GPR[ESUN]-1659914317376
GPR[SSUN]-1659914317376
-652849916
GPR[SPVATF]-1659914317601
GPR[EPVATF]-1659914318569
GPR[SPS]-1659914318569
[76150] INFO SMTNopolSynthesizer - Not enough specifications: 0. A trivial patch is "true" or "false", please write new tests specifying SourceLocation com.google.javascript.jscomp.DeadAssignmentsElimination:90.
GPR[EPS]-1659914319457
GPR[ESUN]-1659914319457
GPR[SSUN]-1659914319457
1613130706
GPR[ESUN]-1659914319673
GPR[SSUN]-1659914319673
1613130706
GPR[ESUN]-1659914319880
GPR[SSUN]-1659914319880
1613130706
GPR[SPVATF]-1659914320089
GPR[EPVATF]-1659914320274
[76967] ERROR NoPol - Error ExecutionException java.util.concurrent.ExecutionException: java.lang.RuntimeException: failingTestCasesValidated: nothing to repair, no failing test cases
GPR[ESUN]-1659914320274
GPR[SSUN]-1659914320274
234947553
GPR[ESUN]-1659914320471
GPR[SSUN]-1659914320471
234947553
GPR[SPVATF]-1659914320667
GPR[EPVATF]-1659914320685
[77378] ERROR NoPol - Error ExecutionException java.util.concurrent.ExecutionException: java.lang.RuntimeException: failingTestCasesValidated: nothing to repair, no failing test cases
GPR[SPVATF]-1659914320686
GPR[EPVATF]-1659914320702
[77396] ERROR NoPol - Error ExecutionException java.util.concurrent.ExecutionException: java.lang.RuntimeException: failingTestCasesValidated: nothing to repair, no failing test cases
GPR[ESUN]-1659914320703
GPR[SSUN]-1659914320703
234947553
GPR[ESUN]-1659914320895
GPR[SSUN]-1659914320895
234947553
GPR[SPVATF]-1659914321089
GPR[EPVATF]-1659914321108
[77801] ERROR NoPol - Error ExecutionException java.util.concurrent.ExecutionException: java.lang.RuntimeException: failingTestCasesValidated: nothing to repair, no failing test cases
GPR[SPVATF]-1659914321108
GPR[EPVATF]-1659914321128
[77821] ERROR NoPol - Error ExecutionException java.util.concurrent.ExecutionException: java.lang.RuntimeException: failingTestCasesValidated: nothing to repair, no failing test cases
GPR[ESUN]-1659914321128
GPR[SSUN]-1659914321128
234947553
GPR[SPVATF]-1659914321323
GPR[EPVATF]-1659914321342
[78035] ERROR NoPol - Error ExecutionException java.util.concurrent.ExecutionException: java.lang.RuntimeException: failingTestCasesValidated: nothing to repair, no failing test cases
GPR[ESUN]-1659914321342
GPR[SSUN]-1659914321342
234947553
GPR[ESUN]-1659914321536
GPR[SSUN]-1659914321536
234947553
GPR[ESUN]-1659914321783
GPR[SSUN]-1659914321783
234947553
GPR[SPVATF]-1659914321977
GPR[EPVATF]-1659914321996
[78689] ERROR NoPol - Error ExecutionException java.util.concurrent.ExecutionException: java.lang.RuntimeException: failingTestCasesValidated: nothing to repair, no failing test cases
GPR[ESUN]-1659914321996
GPR[SSUN]-1659914321996
234947553
GPR[SPVATF]-1659914322188
GPR[EPVATF]-1659914322207
[78901] ERROR NoPol - Error ExecutionException java.util.concurrent.ExecutionException: java.lang.RuntimeException: failingTestCasesValidated: nothing to repair, no failing test cases
GPR[ESUN]-1659914322208
GPR[SSUN]-1659914322208
234947553
GPR[SPVATF]-1659914322400
GPR[EPVATF]-1659914322420
[79113] ERROR NoPol - Error ExecutionException java.util.concurrent.ExecutionException: java.lang.RuntimeException: failingTestCasesValidated: nothing to repair, no failing test cases
GPR[ESUN]-1659914322420
GPR[SSUN]-1659914322420
234947553
GPR[ESUN]-1659914322611
GPR[SSUN]-1659914322611
234947553
GPR[ESUN]-1659914322802
GPR[SSUN]-1659914322802
234947553
GPR[SPVATF]-1659914322994
GPR[EPVATF]-1659914323013
[79706] ERROR NoPol - Error ExecutionException java.util.concurrent.ExecutionException: java.lang.RuntimeException: failingTestCasesValidated: nothing to repair, no failing test cases
GPR[ESUN]-1659914323013
GPR[SSUN]-1659914323013
234947553
GPR[SPVATF]-1659914323205
GPR[EPVATF]-1659914323224
[79917] ERROR NoPol - Error ExecutionException java.util.concurrent.ExecutionException: java.lang.RuntimeException: failingTestCasesValidated: nothing to repair, no failing test cases
GPR[ESUN]-1659914323224
GPR[SSUN]-1659914323224
234947553
GPR[ESUN]-1659914323420
GPR[SSUN]-1659914323420
234947553
GPR[SPVATF]-1659914323618
GPR[EPVATF]-1659914323638
[80331] ERROR NoPol - Error ExecutionException java.util.concurrent.ExecutionException: java.lang.RuntimeException: failingTestCasesValidated: nothing to repair, no failing test cases
GPR[ESUN]-1659914323638
GPR[SSUN]-1659914323638
234947553
GPR[SPVATF]-1659914323833
GPR[EPVATF]-1659914323853
[80547] ERROR NoPol - Error ExecutionException java.util.concurrent.ExecutionException: java.lang.RuntimeException: failingTestCasesValidated: nothing to repair, no failing test cases
GPR[ESUN]-1659914323854
GPR[SSUN]-1659914323854
234947553
GPR[ESUN]-1659914324048
GPR[SSUN]-1659914324048
890942016
GPR[SPVATF]-1659914324241
GPR[EPVATF]-1659914324268
[80961] ERROR NoPol - Error ExecutionException java.util.concurrent.ExecutionException: java.lang.RuntimeException: failingTestCasesValidated: nothing to repair, no failing test cases
GPR[SPVATF]-1659914324269
GPR[EPVATF]-1659914324286
[80979] ERROR NoPol - Error ExecutionException java.util.concurrent.ExecutionException: java.lang.RuntimeException: failingTestCasesValidated: nothing to repair, no failing test cases
GPR[ESUN]-1659914324286
GPR[SSUN]-1659914324286
890942016
GPR[SPVATF]-1659914324482
GPR[EPVATF]-1659914324500
[81193] ERROR NoPol - Error ExecutionException java.util.concurrent.ExecutionException: java.lang.RuntimeException: failingTestCasesValidated: nothing to repair, no failing test cases
GPR[ESUN]-1659914324500
GPR[SSUN]-1659914324500
890942016
GPR[ESUN]-1659914324709
GPR[SSUN]-1659914324709
890942016
GPR[SPVATF]-1659914324905
GPR[EPVATF]-1659914324923
[81616] ERROR NoPol - Error ExecutionException java.util.concurrent.ExecutionException: java.lang.RuntimeException: failingTestCasesValidated: nothing to repair, no failing test cases
GPR[ESUN]-1659914324923
GPR[SSUN]-1659914324923
890942016
GPR[SPVATF]-1659914325119
GPR[EPVATF]-1659914325138
[81831] ERROR NoPol - Error ExecutionException java.util.concurrent.ExecutionException: java.lang.RuntimeException: failingTestCasesValidated: nothing to repair, no failing test cases
GPR[SPVATF]-1659914325138
GPR[EPVATF]-1659914325157
[81850] ERROR NoPol - Error ExecutionException java.util.concurrent.ExecutionException: java.lang.RuntimeException: failingTestCasesValidated: nothing to repair, no failing test cases
GPR[ESUN]-1659914325157
GPR[SSUN]-1659914325157
890942016
GPR[SPVATF]-1659914325348
GPR[EPVATF]-1659914325366
[82060] ERROR NoPol - Error ExecutionException java.util.concurrent.ExecutionException: java.lang.RuntimeException: failingTestCasesValidated: nothing to repair, no failing test cases
GPR[ESUN]-1659914325367
GPR[SSUN]-1659914325367
890942016
GPR[SPVATF]-1659914325562
GPR[EPVATF]-1659914325590
[82283] ERROR NoPol - Error ExecutionException java.util.concurrent.ExecutionException: java.lang.RuntimeException: failingTestCasesValidated: nothing to repair, no failing test cases
GPR[SPVATF]-1659914325590
GPR[EPVATF]-1659914325607
[82301] ERROR NoPol - Error ExecutionException java.util.concurrent.ExecutionException: java.lang.RuntimeException: failingTestCasesValidated: nothing to repair, no failing test cases
GPR[ESUN]-1659914325608
GPR[SSUN]-1659914325608
890942016
GPR[ESUN]-1659914325799
GPR[SSUN]-1659914325799
890942016
GPR[SPVATF]-1659914325994
GPR[EPVATF]-1659914326013
[82706] ERROR NoPol - Error ExecutionException java.util.concurrent.ExecutionException: java.lang.RuntimeException: failingTestCasesValidated: nothing to repair, no failing test cases
GPR[ESUN]-1659914326013
GPR[SSUN]-1659914326013
890942016
GPR[SPVATF]-1659914326200
GPR[EPVATF]-1659914326219
[82912] ERROR NoPol - Error ExecutionException java.util.concurrent.ExecutionException: java.lang.RuntimeException: failingTestCasesValidated: nothing to repair, no failing test cases
GPR[ESUN]-1659914326219
GPR[SSUN]-1659914326219
890942016
GPR[SPVATF]-1659914326410
GPR[EPVATF]-1659914326428
[83121] ERROR NoPol - Error ExecutionException java.util.concurrent.ExecutionException: java.lang.RuntimeException: failingTestCasesValidated: nothing to repair, no failing test cases
GPR[ESUN]-1659914326428
GPR[SSUN]-1659914326428
890942016
GPR[ESUN]-1659914326619
GPR[SSUN]-1659914326619
1613130706
GPR[SPVATF]-1659914326827
GPR[EPVATF]-1659914327019
[83712] ERROR NoPol - Error ExecutionException java.util.concurrent.ExecutionException: java.lang.RuntimeException: failingTestCasesValidated: nothing to repair, no failing test cases
GPR[SPVATF]-1659914327019
GPR[EPVATF]-1659914327195
[83889] ERROR NoPol - Error ExecutionException java.util.concurrent.ExecutionException: java.lang.RuntimeException: failingTestCasesValidated: nothing to repair, no failing test cases
GPR[ESUN]-1659914327196
GPR[SSUN]-1659914327196
1613130706
GPR[SPVATF]-1659914327403
GPR[EPVATF]-1659914330330
[87023] ERROR NoPol - Error ExecutionException java.util.concurrent.ExecutionException: java.lang.RuntimeException: failingTestCasesValidated: nothing to repair, no failing test cases
GPR[ESUN]-1659914330330
GPR[SSUN]-1659914330330
1613130706
GPR[SPVATF]-1659914330555
GPR[EPVATF]-1659914330778
[87471] ERROR NoPol - Error ExecutionException java.util.concurrent.ExecutionException: java.lang.RuntimeException: failingTestCasesValidated: nothing to repair, no failing test cases
GPR[SPVATF]-1659914330778
GPR[EPVATF]-1659914330951
[87644] ERROR NoPol - Error ExecutionException java.util.concurrent.ExecutionException: java.lang.RuntimeException: failingTestCasesValidated: nothing to repair, no failing test cases
GPR[ESUN]-1659914330951
GPR[SSUN]-1659914330951
175865530
GPR[SPVATF]-1659914331129
GPR[EPVATF]-1659914332068
GPR[SPS]-1659914332068
[89316] INFO SMTNopolSynthesizer - Not enough specifications: 0. A trivial patch is "true" or "false", please write new tests specifying SourceLocation com.google.javascript.rhino.TokenStream:158.
GPR[EPS]-1659914332623
GPR[ESUN]-1659914332623
GPR[SSUN]-1659914332623
2433571
GPR[ESUN]-1659914332873
GPR[SSUN]-1659914332873
-1334531532
GPR[ESUN]-1659914333066
GPR[SSUN]-1659914333066
214953636
GPR[ESUN]-1659914333289
GPR[SSUN]-1659914333289
2433571
GPR[ESUN]-1659914333523
GPR[SSUN]-1659914333523
-1334531532
GPR[ESUN]-1659914333715
GPR[SSUN]-1659914333715
-1334531532
GPR[SPVATF]-1659914333907
GPR[EPVATF]-1659914334894
GPR[SPS]-1659914334894
[92148] INFO SMTNopolSynthesizer - Not enough specifications: 0. A trivial patch is "true" or "false", please write new tests specifying SourceLocation com.google.javascript.jscomp.StatementFusion:147.
GPR[EPS]-1659914335455
GPR[ESUN]-1659914335455
GPR[SSUN]-1659914335455
-1334531532
GPR[ESUN]-1659914335644
GPR[SSUN]-1659914335644
-1334531532
GPR[ESUN]-1659914335830
GPR[SSUN]-1659914335830
-1334531532
GPR[ESUN]-1659914336015
GPR[SSUN]-1659914336015
-1334531532
GPR[SPVATF]-1659914336204
GPR[EPVATF]-1659914337131
GPR[SPS]-1659914337131
[94408] INFO SMTNopolSynthesizer - Not enough specifications: 0. A trivial patch is "true" or "false", please write new tests specifying SourceLocation com.google.javascript.jscomp.StatementFusion:109.
GPR[EPS]-1659914337715
GPR[ESUN]-1659914337715
GPR[SSUN]-1659914337715
-1420987647
GPR[SPVATF]-1659914337921
GPR[EPVATF]-1659914338949
GPR[SPS]-1659914338949
[96285] INFO SMTNopolSynthesizer - Not enough specifications: 0. A trivial patch is "true" or "false", please write new tests specifying SourceLocation com.google.javascript.jscomp.OptimizeArgumentsArray:135.
GPR[EPS]-1659914339592
GPR[ESUN]-1659914339592
GPR[SSUN]-1659914339592
-1420987647
GPR[SPVATF]-1659914339825
GPR[EPVATF]-1659914340784
GPR[SPS]-1659914340784
[98065] INFO SMTNopolSynthesizer - Not enough specifications: 0. A trivial patch is "true" or "false", please write new tests specifying SourceLocation com.google.javascript.jscomp.OptimizeArgumentsArray:107.
GPR[EPS]-1659914341372
GPR[ESUN]-1659914341372
GPR[SSUN]-1659914341372
80988634
GPR[ESUN]-1659914341542
GPR[SSUN]-1659914341542
948429589
GPR[SPVATF]-1659914341766
GPR[EPVATF]-1659914342730
GPR[SPS]-1659914342730
[100211] INFO SMTNopolSynthesizer - Not enough specifications: 0. A trivial patch is "true" or "false", please write new tests specifying SourceLocation com.google.javascript.jscomp.DataFlowAnalysis$1:561.
GPR[EPS]-1659914343519
GPR[ESUN]-1659914343519
GPR[SSUN]-1659914343519
-1966087783
GPR[SPVATF]-1659914343708
GPR[EPVATF]-1659914344702
GPR[SPS]-1659914344702
[101986] INFO SMTNopolSynthesizer - Not enough specifications: 0. A trivial patch is "true" or "false", please write new tests specifying SourceLocation com.google.javascript.jscomp.deps.JsFileLineParser:176.
GPR[EPS]-1659914345293
GPR[SPVATF]-1659914345293
GPR[EPVATF]-1659914348810
GPR[SPS]-1659914348810
[105872] ERROR ConstraintModelBuilder - Unable to compile the change: 
public abstract class JsFileLineParser {
    static final com.google.javascript.jscomp.DiagnosticType PARSE_WARNING = com.google.javascript.jscomp.DiagnosticType.warning("DEPS_PARSE_WARNING", "{0}\n{1}");

    static final com.google.javascript.jscomp.DiagnosticType PARSE_ERROR = com.google.javascript.jscomp.DiagnosticType.error("DEPS_PARSE_ERROR", "{0}\n{1}");

    boolean shortcutMode = false;

    static class ParseException extends java.lang.Exception {
        public static final long serialVersionUID = 1L;

        private boolean fatal;

        public ParseException(java.lang.String message, boolean fatal) {
            super(message);
            this.fatal = fatal;
        }

        public boolean isFatal() {
            return fatal;
        }
    }

    private static final java.util.regex.Pattern STRING_LITERAL_PATTERN = java.util.regex.Pattern.compile("\\s*(?:\'((?:\\\\\'|[^\'])*?)\'|\"((?:\\\\\"|[^\"])*?)\")\\s*");

    private java.util.regex.Matcher valueMatcher = com.google.javascript.jscomp.deps.JsFileLineParser.STRING_LITERAL_PATTERN.matcher("");

    java.lang.String filePath;

    int lineNum;

    com.google.javascript.jscomp.ErrorManager errorManager;

    boolean parseSucceeded;

    public JsFileLineParser(com.google.javascript.jscomp.ErrorManager errorManager) {
        this.errorManager = errorManager;
    }

    public void setShortcutMode(boolean mode) {
        this.shortcutMode = mode;
    }

    public boolean didParseSucceed() {
        return parseSucceeded;
    }

    void doParse(java.lang.String filePath, java.io.Reader fileContents) {
        this.filePath = filePath;
        parseSucceeded = true;
        java.io.BufferedReader lineBuffer = new java.io.BufferedReader(fileContents);
        java.lang.String line = null;
        lineNum = 0;
        boolean inMultilineComment = false;
        try {
            while (null != (line = lineBuffer.readLine())) {
                ++lineNum;
                try {
                    java.lang.String revisedLine = line;
                    if (inMultilineComment) {
                        int endOfComment = revisedLine.indexOf("*/");
                        if (endOfComment != (-1)) {
                            revisedLine = revisedLine.substring(endOfComment + 2);
                            inMultilineComment = false;
                        } else {
                            revisedLine = "";
                        }
                    }
                    if (!inMultilineComment) {
                        while (true) {
                            int startOfLineComment = revisedLine.indexOf("//");
                            int startOfMultilineComment = revisedLine.indexOf("/*");
                            if ((startOfLineComment != (-1)) && ((startOfMultilineComment == (-1)) || (startOfLineComment < startOfMultilineComment))) {
                                revisedLine = revisedLine.substring(0, startOfLineComment);
                                break;
                            } else if (startOfMultilineComment != (-1)) {
                                int endOfMultilineComment = revisedLine.indexOf("*/", startOfMultilineComment + 2);
                                if (endOfMultilineComment == (-1)) {
                                    revisedLine = revisedLine.substring(0, startOfMultilineComment);
                                    inMultilineComment = true;
                                    break;
                                } else {
                                    revisedLine = revisedLine.substring(0, startOfMultilineComment) + revisedLine.substring(endOfMultilineComment + 2);
                                }
                            } else {
                                break;
                            }
                        } 
                    }
                    if (!revisedLine.isEmpty()) {
                        boolean spoonDefaultValue = false;
                        try {
                            spoonDefaultValue = (!parseLine(revisedLine)) && shortcutMode;
                        } catch (java.lang.Exception __NopolProcessorException) {
                        }
                        boolean runtimeAngelicValue = fr.inria.lille.repair.nopol.synth.AngelicExecution.angelicValue(spoonDefaultValue);
                        if (fr.inria.lille.commons.trace.RuntimeValues.instance(14).isEnabled()) {
                            fr.inria.lille.commons.trace.RuntimeValues.instance(14).collectionStarts();
                            try{fr.inria.lille.commons.trace.RuntimeValues.instance(14).collectInput("com.google.javascript.jscomp.deps.JsFileLineParser.this.filePath",com.google.javascript.jscomp.deps.JsFileLineParser.this.filePath);} catch (Exception ex1) {ex1.printStackTrace();};
                            try{fr.inria.lille.commons.trace.RuntimeValues.instance(14).collectInput("revisedLine",revisedLine);} catch (Exception ex1) {ex1.printStackTrace();};
                            try{fr.inria.lille.commons.trace.RuntimeValues.instance(14).collectInput("line",line);} catch (Exception ex1) {ex1.printStackTrace();};
                            try{fr.inria.lille.commons.trace.RuntimeValues.instance(14).collectInput("filePath",filePath);} catch (Exception ex1) {ex1.printStackTrace();};
                            try{fr.inria.lille.commons.trace.RuntimeValues.instance(14).collectInput("inMultilineComment",inMultilineComment);} catch (Exception ex1) {ex1.printStackTrace();};
                            try{fr.inria.lille.commons.trace.RuntimeValues.instance(14).collectInput("fileContents",fileContents);} catch (Exception ex1) {ex1.printStackTrace();};
                            try{fr.inria.lille.commons.trace.RuntimeValues.instance(14).collectInput("com.google.javascript.jscomp.deps.JsFileLineParser.STRING_LITERAL_PATTERN",com.google.javascript.jscomp.deps.JsFileLineParser.STRING_LITERAL_PATTERN);} catch (Exception ex1) {ex1.printStackTrace();};
                            try{fr.inria.lille.commons.trace.RuntimeValues.instance(14).collectInput("com.google.javascript.jscomp.deps.JsFileLineParser.this.lineNum",com.google.javascript.jscomp.deps.JsFileLineParser.this.lineNum);} catch (Exception ex1) {ex1.printStackTrace();};
                            try{fr.inria.lille.commons.trace.RuntimeValues.instance(14).collectInput("lineBuffer",lineBuffer);} catch (Exception ex1) {ex1.printStackTrace();};
                            try{fr.inria.lille.commons.trace.RuntimeValues.instance(14).collectInput("com.google.javascript.jscomp.deps.JsFileLineParser.PARSE_WARNING",com.google.javascript.jscomp.deps.JsFileLineParser.PARSE_WARNING);} catch (Exception ex1) {ex1.printStackTrace();};
                            try{fr.inria.lille.commons.trace.RuntimeValues.instance(14).collectInput("com.google.javascript.jscomp.deps.JsFileLineParser.this.errorManager",com.google.javascript.jscomp.deps.JsFileLineParser.this.errorManager);} catch (Exception ex1) {ex1.printStackTrace();};
                            try{fr.inria.lille.commons.trace.RuntimeValues.instance(14).collectInput("com.google.javascript.jscomp.deps.JsFileLineParser.this.valueMatcher",com.google.javascript.jscomp.deps.JsFileLineParser.this.valueMatcher);} catch (Exception ex1) {ex1.printStackTrace();};
                            try{fr.inria.lille.commons.trace.RuntimeValues.instance(14).collectInput("com.google.javascript.jscomp.deps.JsFileLineParser.PARSE_ERROR",com.google.javascript.jscomp.deps.JsFileLineParser.PARSE_ERROR);} catch (Exception ex1) {ex1.printStackTrace();};
                            try{fr.inria.lille.commons.trace.RuntimeValues.instance(14).collectInput("com.google.javascript.jscomp.deps.JsFileLineParser.this.parseSucceeded",com.google.javascript.jscomp.deps.JsFileLineParser.this.parseSucceeded);} catch (Exception ex1) {ex1.printStackTrace();};
                            try{fr.inria.lille.commons.trace.RuntimeValues.instance(14).collectInput("com.google.javascript.jscomp.deps.JsFileLineParser.this.shortcutMode",com.google.javascript.jscomp.deps.JsFileLineParser.this.shortcutMode);} catch (Exception ex1) {ex1.printStackTrace();};
                            fr.inria.lille.commons.trace.RuntimeValues.instance(14).collectOutput(runtimeAngelicValue);
                            fr.inria.lille.commons.trace.RuntimeValues.instance(14).collectionEnds();
                        }
                        if (runtimeAngelicValue) {
                            break;
                        }
                    }
                } catch (com.google.javascript.jscomp.deps.JsFileLineParser.ParseException e) {
                    errorManager.report(e.isFatal() ? com.google.javascript.jscomp.CheckLevel.ERROR : com.google.javascript.jscomp.CheckLevel.WARNING, com.google.javascript.jscomp.JSError.make(filePath, lineNum, 0, e.isFatal() ? com.google.javascript.jscomp.deps.JsFileLineParser.PARSE_ERROR : com.google.javascript.jscomp.deps.JsFileLineParser.PARSE_WARNING, e.getMessage(), line));
                    parseSucceeded = parseSucceeded && (!e.isFatal());
                }
            } 
        } catch (java.io.IOException e) {
            errorManager.report(com.google.javascript.jscomp.CheckLevel.ERROR, com.google.javascript.jscomp.JSError.make(filePath, 0, 0, com.google.javascript.jscomp.deps.JsFileLineParser.PARSE_ERROR, "Error reading file: " + filePath));
            parseSucceeded = false;
        }
    }

    abstract boolean parseLine(java.lang.String line) throws com.google.javascript.jscomp.deps.JsFileLineParser.ParseException;

    java.lang.String parseJsString(java.lang.String jsStringLiteral) throws com.google.javascript.jscomp.deps.JsFileLineParser.ParseException {
        valueMatcher.reset(jsStringLiteral);
        if (!valueMatcher.matches()) {
            throw new com.google.javascript.jscomp.deps.JsFileLineParser.ParseException("Syntax error in JS String literal", true);
        }
        return valueMatcher.group(1) != null ? valueMatcher.group(1) : valueMatcher.group(2);
    }

    java.util.List<java.lang.String> parseJsStringArray(java.lang.String input) throws com.google.javascript.jscomp.deps.JsFileLineParser.ParseException {
        java.util.List<java.lang.String> results = com.google.common.collect.Lists.newArrayList();
        int indexStart = input.indexOf('[');
        int indexEnd = input.lastIndexOf(']');
        if ((indexStart == (-1)) || (indexEnd == (-1))) {
            throw new com.google.javascript.jscomp.deps.JsFileLineParser.ParseException("Syntax error when parsing JS array", true);
        }
        java.lang.String innerValues = input.substring(indexStart + 1, indexEnd);
        if (!innerValues.trim().isEmpty()) {
            valueMatcher.reset(innerValues);
            for (; ;) {
                if (!valueMatcher.lookingAt()) {
                    throw new com.google.javascript.jscomp.deps.JsFileLineParser.ParseException("Syntax error in JS String literal", true);
                }
                results.add(valueMatcher.group(1) != null ? valueMatcher.group(1) : valueMatcher.group(2));
                if (valueMatcher.hitEnd()) {
                    break;
                }
                if (innerValues.charAt(valueMatcher.end()) != ',') {
                    throw new com.google.javascript.jscomp.deps.JsFileLineParser.ParseException("Missing comma in string array", true);
                }
                valueMatcher.region(valueMatcher.end() + 1, valueMatcher.regionEnd());
            }
        }
        return results;
    }
}
[105878] ERROR NoPol - Error ExecutionException java.util.concurrent.ExecutionException: xxl.java.compiler.DynamicCompilationException: Aborting: dynamic compilation failed
GPR[ESUN]-1659914349185
GPR[SSUN]-1659914349185
-1966087783
GPR[SPVATF]-1659914349375
GPR[EPVATF]-1659914350404
GPR[SPS]-1659914350404
[107678] INFO SMTNopolSynthesizer - Not enough specifications: 0. A trivial patch is "true" or "false", please write new tests specifying SourceLocation com.google.javascript.jscomp.deps.JsFileLineParser:173.
GPR[EPS]-1659914350990
GPR[SPVATF]-1659914350991
GPR[EPVATF]-1659914352020
GPR[SPS]-1659914352020
[109292] INFO SMTNopolSynthesizer - Not enough specifications: 0. A trivial patch is "true" or "false", please write new tests specifying SourceLocation com.google.javascript.jscomp.deps.JsFileLineParser:173.
GPR[EPS]-1659914352599
GPR[ESUN]-1659914352599
GPR[SSUN]-1659914352599
-1966087783
GPR[SPVATF]-1659914352788
GPR[EPVATF]-1659914353953
GPR[SPS]-1659914353953
[465188] ERROR NoPol - Error ExecutionException java.util.concurrent.ExecutionException: java.lang.RuntimeException: java.util.concurrent.TimeoutException
GPR[SPVATF]-1659914708495
GPR[EPVATF]-1659914709948
GPR[SPS]-1659914709948
[467323] INFO SMTNopolSynthesizer - Not enough specifications: 0. A trivial patch is "true" or "false", please write new tests specifying SourceLocation com.google.javascript.jscomp.deps.JsFileLineParser:149.
GPR[EPS]-1659914710630
GPR[ESUN]-1659914710630
GPR[SSUN]-1659914710630
-1966087783
GPR[ESUN]-1659914710828
GPR[SSUN]-1659914710828
-1966087783
GPR[ESUN]-1659914711017
GPR[SSUN]-1659914711018
-1966087783
GPR[SPVATF]-1659914711212
GPR[EPVATF]-1659914712144
GPR[SPS]-1659914712144
[469446] INFO SMTNopolSynthesizer - Not enough specifications: 0. A trivial patch is "true" or "false", please write new tests specifying SourceLocation com.google.javascript.jscomp.deps.JsFileLineParser:145.
GPR[EPS]-1659914712753
GPR[SPVATF]-1659914712753
GPR[EPVATF]-1659914713663
GPR[SPS]-1659914713663
[470895] INFO SMTNopolSynthesizer - Not enough specifications: 0. A trivial patch is "true" or "false", please write new tests specifying SourceLocation com.google.javascript.jscomp.deps.JsFileLineParser:145.
GPR[EPS]-1659914714202
GPR[ESUN]-1659914714202
GPR[SSUN]-1659914714202
-1966087783
GPR[SPVATF]-1659914714395
GPR[EPVATF]-1659914715302
GPR[SPS]-1659914715302
[472555] INFO SMTNopolSynthesizer - Not enough specifications: 0. A trivial patch is "true" or "false", please write new tests specifying SourceLocation com.google.javascript.jscomp.deps.JsFileLineParser:135.
GPR[EPS]-1659914715862
GPR[SPVATF]-1659914715862
GPR[EPVATF]-1659914716782
GPR[SPS]-1659914716782
[474085] INFO SMTNopolSynthesizer - Not enough specifications: 0. A trivial patch is "true" or "false", please write new tests specifying SourceLocation com.google.javascript.jscomp.deps.JsFileLineParser:135.
GPR[EPS]-1659914717392
GPR[ESUN]-1659914717392
GPR[SSUN]-1659914717392
-1966087783
GPR[ESUN]-1659914717581
GPR[SSUN]-1659914717581
-1966087783
GPR[SPVATF]-1659914717766
GPR[EPVATF]-1659914718688
GPR[SPS]-1659914718688
[475930] INFO SMTNopolSynthesizer - Not enough specifications: 0. A trivial patch is "true" or "false", please write new tests specifying SourceLocation com.google.javascript.jscomp.deps.JsFileLineParser:132.
GPR[EPS]-1659914719237
GPR[ESUN]-1659914719237
GPR[SSUN]-1659914719237
-1966087783
GPR[SPVATF]-1659914719428
GPR[EPVATF]-1659914720354
GPR[SPS]-1659914720354
[477599] INFO SMTNopolSynthesizer - Not enough specifications: 0. A trivial patch is "true" or "false", please write new tests specifying SourceLocation com.google.javascript.jscomp.deps.JsFileLineParser:131.
GPR[EPS]-1659914720906
GPR[ESUN]-1659914720906
GPR[SSUN]-1659914720906
-1966087783
GPR[ESUN]-1659914721092
GPR[SSUN]-1659914721092
-1966087783
GPR[SPVATF]-1659914721276
GPR[EPVATF]-1659914722263
GPR[SPS]-1659914722263
[479548] INFO SMTNopolSynthesizer - Not enough specifications: 0. A trivial patch is "true" or "false", please write new tests specifying SourceLocation com.google.javascript.jscomp.deps.JsFileLineParser:127.
GPR[EPS]-1659914722855
GPR[ESUN]-1659914722855
GPR[SSUN]-1659914722855
-1966087783
GPR[ESUN]-1659914723042
GPR[SSUN]-1659914723042
-1966087783
GPR[ESUN]-1659914723225
GPR[SSUN]-1659914723225
-1966087783
GPR[SPVATF]-1659914723410
GPR[EPVATF]-1659914724356
GPR[SPS]-1659914724356
[481598] INFO SMTNopolSynthesizer - Not enough specifications: 0. A trivial patch is "true" or "false", please write new tests specifying SourceLocation com.google.javascript.jscomp.deps.JsFileLineParser:121.
GPR[EPS]-1659914724905
GPR[ESUN]-1659914724905
GPR[SSUN]-1659914724905
-1966087783
GPR[SPVATF]-1659914725096
GPR[EPVATF]-1659914726063
GPR[SPS]-1659914726063
[483351] INFO SMTNopolSynthesizer - Not enough specifications: 0. A trivial patch is "true" or "false", please write new tests specifying SourceLocation com.google.javascript.jscomp.deps.JsFileLineParser:120.
GPR[EPS]-1659914726658
GPR[ESUN]-1659914726658
GPR[SSUN]-1659914726658
2433571
GPR[SPVATF]-1659914726976
GPR[EPVATF]-1659914727928
GPR[SPS]-1659914727928
[485492] INFO SMTNopolSynthesizer - Not enough specifications: 0. A trivial patch is "true" or "false", please write new tests specifying SourceLocation com.google.javascript.rhino.Node:1459.
GPR[EPS]-1659914728799
GPR[ESUN]-1659914728799
GPR[SSUN]-1659914728799
2433571
GPR[SPVATF]-1659914729034
GPR[EPVATF]-1659914729998
GPR[SPS]-1659914729998
GPR[EPS]-1659914731418
GPR[SPVATR]-1659914731418
[488111] INFO TestPatch - Applying patch: com.google.javascript.rhino.Node:1430: PRECONDITION com.google.javascript.rhino.Node.this.type <= 52
[488513] INFO TestPatch - Running test suite to check the patch "com.google.javascript.rhino.Node.this.type <= 52" is working
GPR[EPVATR]-1659914732101
[488794] INFO NoPol - ----PATCH FOUND----
GPR[PF]-1659914732101
[488826] INFO NoPol - --- a/src/com/google/javascript/rhino/Node.java
+++ b/src/com/google/javascript/rhino/Node.java
@@ -1429,7 +1429,9 @@
       if (diff != null) {
-        return "Node tree inequality:" +
-            "\nTree1:\n" + toStringTree() +
-            "\n\nTree2:\n" + node2.toStringTree() +
-            "\n\nSubtree1: " + diff.nodeA.toStringTree() +
-            "\n\nSubtree2: " + diff.nodeB.toStringTree();
+        if (com.google.javascript.rhino.Node.this.type <= 52) {
+          return "Node tree inequality:" +
+          "\nTree1:\n" + toStringTree() +
+          "\n\nTree2:\n" + node2.toStringTree() +
+          "\n\nSubtree1: " + diff.nodeA.toStringTree() +
+          "\n\nSubtree2: " + diff.nodeB.toStringTree();
+        }
       }

Saving patch at /experiment_home///results/Nopol/Closure/13/seed_264/patch_484334_1ts_1659914732133.diff
GPR[ESUN]-1659914732134
GPR[SSUN]-1659914732134
-1334531532
GPR[SPVATF]-1659914732329
GPR[EPVATF]-1659914733308
GPR[SPS]-1659914733308
[490298] ERROR ConstraintModelBuilder - Unable to compile the change: 
public class StatementFusion extends com.google.javascript.jscomp.AbstractPeepholeOptimization {
    @java.lang.Override
    com.google.javascript.rhino.Node optimizeSubtree(com.google.javascript.rhino.Node n) {
        if ((!n.getParent().isFunction()) && com.google.javascript.jscomp.StatementFusion.canFuseIntoOneStatement(n)) {
            fuseIntoOneStatement(n);
            reportCodeChange();
        }
        return n;
    }

    private static boolean canFuseIntoOneStatement(com.google.javascript.rhino.Node block) {
        if (!block.isBlock()) {
            return false;
        }
        if ((!block.hasChildren()) || block.hasOneChild()) {
            return false;
        }
        com.google.javascript.rhino.Node last = block.getLastChild();
        for (com.google.javascript.rhino.Node c = block.getFirstChild(); c != null; c = c.getNext()) {
            if ((!c.isExprResult()) && (c != last)) {
                return false;
            }
        }
        switch (last.getType()) {
            case com.google.javascript.rhino.Token.IF :
            case com.google.javascript.rhino.Token.THROW :
            case com.google.javascript.rhino.Token.SWITCH :
            case com.google.javascript.rhino.Token.EXPR_RESULT :
                return true;
            case com.google.javascript.rhino.Token.RETURN :
                return last.hasChildren();
            case com.google.javascript.rhino.Token.FOR :
                return com.google.javascript.jscomp.NodeUtil.isForIn(last) && (!com.google.javascript.jscomp.NodeUtil.mayHaveSideEffects(last.getFirstChild()));
        }
        return false;
    }

    private void fuseIntoOneStatement(com.google.javascript.rhino.Node block) {
        com.google.javascript.rhino.Node cur = block.removeFirstChild();
        com.google.javascript.rhino.Node commaTree = cur.removeFirstChild();
        while (block.hasMoreThanOneChild()) {
            com.google.javascript.rhino.Node next = block.removeFirstChild().removeFirstChild();
            commaTree = com.google.javascript.jscomp.StatementFusion.fuseExpressionIntoExpression(commaTree, next);
        } 
        com.google.common.base.Preconditions.checkState(block.hasOneChild());
        com.google.javascript.rhino.Node last = block.getLastChild();
        switch (last.getType()) {
            case com.google.javascript.rhino.Token.IF :
            case com.google.javascript.rhino.Token.RETURN :
            case com.google.javascript.rhino.Token.THROW :
            case com.google.javascript.rhino.Token.SWITCH :
            case com.google.javascript.rhino.Token.EXPR_RESULT :
                com.google.javascript.jscomp.StatementFusion.fuseExpresssonIntoFirstChild(commaTree, last);
                return;
            case com.google.javascript.rhino.Token.FOR :
                if (com.google.javascript.jscomp.NodeUtil.isForIn(last)) {
                    com.google.javascript.jscomp.StatementFusion.fuseExpresssonIntoSecondChild(commaTree, last);
                }
                return;
            default :
                throw new java.lang.IllegalStateException("Statement fusion missing.");
        }
    }

    private static com.google.javascript.rhino.Node fuseExpressionIntoExpression(com.google.javascript.rhino.Node exp1, com.google.javascript.rhino.Node exp2) {
        com.google.javascript.rhino.Node comma = new com.google.javascript.rhino.Node(com.google.javascript.rhino.Token.COMMA, exp1);
        comma.copyInformationFrom(exp2);
        if (exp2.isComma()) {
            com.google.javascript.rhino.Node leftMostChild = exp2;
            while (leftMostChild.isComma()) {
                leftMostChild = leftMostChild.getFirstChild();
            } 
            com.google.javascript.rhino.Node parent = leftMostChild.getParent();
            comma.addChildToBack(leftMostChild.detachFromParent());
            parent.addChildToFront(comma);
            return exp2;
        } else {
            comma.addChildToBack(exp2);
            boolean spoonDefaultValue = false;
            try {
                spoonDefaultValue = true;
            } catch (java.lang.Exception __NopolProcessorException) {
            }
            boolean runtimeAngelicValue = fr.inria.lille.repair.nopol.synth.AngelicExecution.angelicValue(spoonDefaultValue);
            if (fr.inria.lille.commons.trace.RuntimeValues.instance(30).isEnabled()) {
                fr.inria.lille.commons.trace.RuntimeValues.instance(30).collectionStarts();
                try{fr.inria.lille.commons.trace.RuntimeValues.instance(30).collectInput("comma",comma);} catch (Exception ex1) {ex1.printStackTrace();};
                try{fr.inria.lille.commons.trace.RuntimeValues.instance(30).collectInput("exp2",exp2);} catch (Exception ex1) {ex1.printStackTrace();};
                try{fr.inria.lille.commons.trace.RuntimeValues.instance(30).collectInput("exp1",exp1);} catch (Exception ex1) {ex1.printStackTrace();};
                fr.inria.lille.commons.trace.RuntimeValues.instance(30).collectOutput(runtimeAngelicValue);
                fr.inria.lille.commons.trace.RuntimeValues.instance(30).collectionEnds();
            }
            if (runtimeAngelicValue)
                return comma;

        }
    }

    private static void fuseExpresssonIntoFirstChild(com.google.javascript.rhino.Node exp, com.google.javascript.rhino.Node stmt) {
        com.google.javascript.rhino.Node val = stmt.removeFirstChild();
        com.google.javascript.rhino.Node comma = com.google.javascript.jscomp.StatementFusion.fuseExpressionIntoExpression(exp, val);
        stmt.addChildToFront(comma);
    }

    private static void fuseExpresssonIntoSecondChild(com.google.javascript.rhino.Node exp, com.google.javascript.rhino.Node stmt) {
        com.google.javascript.rhino.Node val = stmt.removeChildAfter(stmt.getFirstChild());
        com.google.javascript.rhino.Node comma = com.google.javascript.jscomp.StatementFusion.fuseExpressionIntoExpression(exp, val);
        stmt.addChildAfter(comma, stmt.getFirstChild());
    }
}
[490298] ERROR NoPol - Error ExecutionException java.util.concurrent.ExecutionException: xxl.java.compiler.DynamicCompilationException: Aborting: dynamic compilation failed
GPR[ESUN]-1659914733611
GPR[SSUN]-1659914733611
-1334531532
GPR[SPVATF]-1659914733803
GPR[EPVATF]-1659914734795
GPR[SPS]-1659914734795
[492108] INFO SMTNopolSynthesizer - Not enough specifications: 0. A trivial patch is "true" or "false", please write new tests specifying SourceLocation com.google.javascript.jscomp.StatementFusion:139.
GPR[EPS]-1659914735418
GPR[ESUN]-1659914735418
GPR[SSUN]-1659914735418
-1334531532
GPR[SPVATF]-1659914735613
GPR[EPVATF]-1659914736615
GPR[SPS]-1659914736615
[493850] INFO SMTNopolSynthesizer - Not enough specifications: 0. A trivial patch is "true" or "false", please write new tests specifying SourceLocation com.google.javascript.jscomp.StatementFusion:129.
GPR[EPS]-1659914737157
GPR[ESUN]-1659914737157
GPR[SSUN]-1659914737157
-1334531532
GPR[SPVATF]-1659914737351
GPR[EPVATF]-1659914738370
GPR[SPS]-1659914738370
[495636] INFO SMTNopolSynthesizer - Not enough specifications: 0. A trivial patch is "true" or "false", please write new tests specifying SourceLocation com.google.javascript.jscomp.StatementFusion:124.
GPR[EPS]-1659914738943
GPR[ESUN]-1659914738943
GPR[SSUN]-1659914738943
-1334531532
GPR[ESUN]-1659914739140
GPR[SSUN]-1659914739140
-1334531532
GPR[SPVATF]-1659914739334
GPR[EPVATF]-1659914740437
GPR[SPS]-1659914740437
[497680] INFO SMTNopolSynthesizer - Not enough specifications: 0. A trivial patch is "true" or "false", please write new tests specifying SourceLocation com.google.javascript.jscomp.StatementFusion:103.
GPR[EPS]-1659914740987
GPR[ESUN]-1659914740987
GPR[SSUN]-1659914740987
-1334531532
GPR[ESUN]-1659914741180
GPR[SSUN]-1659914741180
-1334531532
GPR[SPVATF]-1659914741371
GPR[EPVATF]-1659914742434
GPR[SPS]-1659914742434
[499675] INFO SMTNopolSynthesizer - Not enough specifications: 0. A trivial patch is "true" or "false", please write new tests specifying SourceLocation com.google.javascript.jscomp.StatementFusion:97.
GPR[EPS]-1659914742982
GPR[ESUN]-1659914742982
GPR[SSUN]-1659914742982
-1334531532
GPR[SPVATF]-1659914743185
GPR[EPVATF]-1659914744258
GPR[SPS]-1659914744258
[501607] INFO SMTNopolSynthesizer - Not enough specifications: 0. A trivial patch is "true" or "false", please write new tests specifying SourceLocation com.google.javascript.jscomp.StatementFusion:92.
GPR[EPS]-1659914744914
GPR[ESUN]-1659914744914
GPR[SSUN]-1659914744914
-1334531532
GPR[ESUN]-1659914745109
GPR[SSUN]-1659914745109
-1334531532
GPR[ESUN]-1659914745299
GPR[SSUN]-1659914745299
-1334531532
GPR[SPVATF]-1659914745490
GPR[EPVATF]-1659914746608
GPR[SPS]-1659914746608
[503865] INFO SMTNopolSynthesizer - Not enough specifications: 0. A trivial patch is "true" or "false", please write new tests specifying SourceLocation com.google.javascript.jscomp.StatementFusion:41.
GPR[EPS]-1659914747172
GPR[ESUN]-1659914747172
GPR[SSUN]-1659914747172
-1334531532
GPR[SPVATF]-1659914747366
GPR[EPVATF]-1659914748482
GPR[SPS]-1659914748482
[505770] INFO SMTNopolSynthesizer - Not enough specifications: 0. A trivial patch is "true" or "false", please write new tests specifying SourceLocation com.google.javascript.jscomp.StatementFusion:40.
GPR[EPS]-1659914749077
GPR[ESUN]-1659914749077
GPR[SSUN]-1659914749077
-1684326478
GPR[SPVATF]-1659914749311
GPR[EPVATF]-1659914750521
GPR[SPS]-1659914750521
[507857] INFO SMTNopolSynthesizer - Not enough specifications: 0. A trivial patch is "true" or "false", please write new tests specifying SourceLocation com.google.javascript.jscomp.MakeDeclaredNamesUnique$ContextualRenameInverter:332.
GPR[EPS]-1659914751164
GPR[ESUN]-1659914751164
GPR[SSUN]-1659914751164
80988634
GPR[ESUN]-1659914751339
GPR[SSUN]-1659914751339
-1765952779
GPR[ESUN]-1659914751548
GPR[SSUN]-1659914751548
-1765952779
GPR[SPVATF]-1659914751756
GPR[EPVATF]-1659914752919
GPR[SPS]-1659914752919
[510206] INFO SMTNopolSynthesizer - Not enough specifications: 0. A trivial patch is "true" or "false", please write new tests specifying SourceLocation com.google.javascript.jscomp.MaybeReachingVariableUse:192.
GPR[EPS]-1659914753513
GPR[ESUN]-1659914753513
GPR[SSUN]-1659914753513
-1765952779
GPR[SPVATF]-1659914753728
GPR[EPVATF]-1659914755027
GPR[SPS]-1659914755027
[512323] INFO SMTNopolSynthesizer - Not enough specifications: 0. A trivial patch is "true" or "false", please write new tests specifying SourceLocation com.google.javascript.jscomp.MaybeReachingVariableUse:191.
GPR[EPS]-1659914755630
GPR[ESUN]-1659914755630
GPR[SSUN]-1659914755630
1613130706
GPR[SPVATF]-1659914755839
GPR[EPVATF]-1659914756041
[512734] ERROR NoPol - Error ExecutionException java.util.concurrent.ExecutionException: java.lang.RuntimeException: failingTestCasesValidated: nothing to repair, no failing test cases
GPR[SPVATF]-1659914756042
GPR[EPVATF]-1659914756245
[512938] ERROR NoPol - Error ExecutionException java.util.concurrent.ExecutionException: java.lang.RuntimeException: failingTestCasesValidated: nothing to repair, no failing test cases
GPR[ESUN]-1659914756245
GPR[SSUN]-1659914756245
1613130706
GPR[SPVATF]-1659914756455
GPR[EPVATF]-1659914756668
[513361] ERROR NoPol - Error ExecutionException java.util.concurrent.ExecutionException: java.lang.RuntimeException: failingTestCasesValidated: nothing to repair, no failing test cases
GPR[SPVATF]-1659914756668
GPR[EPVATF]-1659914756871
[513564] ERROR NoPol - Error ExecutionException java.util.concurrent.ExecutionException: java.lang.RuntimeException: failingTestCasesValidated: nothing to repair, no failing test cases
GPR[ESUN]-1659914756871
GPR[SSUN]-1659914756871
1613130706
GPR[ESUN]-1659914757078
GPR[SSUN]-1659914757078
1613130706
GPR[ESUN]-1659914757307
GPR[SSUN]-1659914757308
1613130706
GPR[ESUN]-1659914757511
GPR[SSUN]-1659914757511
1613130706
GPR[ESUN]-1659914757721
GPR[SSUN]-1659914757721
1613130706
GPR[SPVATF]-1659914757926
GPR[EPVATF]-1659914758129
[514822] ERROR NoPol - Error ExecutionException java.util.concurrent.ExecutionException: java.lang.RuntimeException: failingTestCasesValidated: nothing to repair, no failing test cases
GPR[SPVATF]-1659914758129
GPR[EPVATF]-1659914758332
[515025] ERROR NoPol - Error ExecutionException java.util.concurrent.ExecutionException: java.lang.RuntimeException: failingTestCasesValidated: nothing to repair, no failing test cases
GPR[ESUN]-1659914758332
GPR[SSUN]-1659914758332
-1119592721
GPR[ESUN]-1659914758642
GPR[SSUN]-1659914758643
-1119592721
GPR[SPVATF]-1659914758868
GPR[EPVATF]-1659914760115
GPR[SPS]-1659914760115
[517449] INFO SMTNopolSynthesizer - Not enough specifications: 0. A trivial patch is "true" or "false", please write new tests specifying SourceLocation com.google.javascript.jscomp.MustBeReachingVariableDef:260.
GPR[EPS]-1659914760756
GPR[ESUN]-1659914760756
GPR[SSUN]-1659914760756
-1119592721
GPR[SPVATF]-1659914760980
GPR[EPVATF]-1659914762276
GPR[SPS]-1659914762276
[519591] INFO SMTNopolSynthesizer - Not enough specifications: 0. A trivial patch is "true" or "false", please write new tests specifying SourceLocation com.google.javascript.jscomp.MustBeReachingVariableDef:259.
GPR[EPS]-1659914762898
GPR[ESUN]-1659914762898
GPR[SSUN]-1659914762898
-719577064
GPR[SPVATF]-1659914763118
GPR[EPVATF]-1659914764495
GPR[SPS]-1659914764495
[530311] INFO SMTNopolSynthesizer - Not enough specifications: 0. A trivial patch is "true" or "false", please write new tests specifying SourceLocation com.google.javascript.jscomp.ShadowVariables$GatherReferenceInfo:159.
GPR[EPS]-1659914773618
GPR[ESUN]-1659914773618
GPR[SSUN]-1659914773618
-719577064
GPR[ESUN]-1659914773980
GPR[SSUN]-1659914773980
-719577064
GPR[SPVATF]-1659914774210
GPR[EPVATF]-1659914775530
GPR[SPS]-1659914775530
[532866] INFO SMTNopolSynthesizer - Not enough specifications: 0. A trivial patch is "true" or "false", please write new tests specifying SourceLocation com.google.javascript.jscomp.ShadowVariables$GatherReferenceInfo:157.
GPR[EPS]-1659914776173
GPR[ESUN]-1659914776173
GPR[SSUN]-1659914776173
1211422348
GPR[SPVATF]-1659914776389
GPR[EPVATF]-1659914777680
GPR[SPS]-1659914777680
[534924] INFO SMTNopolSynthesizer - Not enough specifications: 0. A trivial patch is "true" or "false", please write new tests specifying SourceLocation com.google.javascript.jscomp.ConvertToDottedProperties:52.
GPR[EPS]-1659914778231
GPR[ESUN]-1659914778231
GPR[SSUN]-1659914778231
1211422348
GPR[SPVATF]-1659914778446
GPR[EPVATF]-1659914779804
GPR[SPS]-1659914779804
[537102] INFO SMTNopolSynthesizer - Not enough specifications: 0. A trivial patch is "true" or "false", please write new tests specifying SourceLocation com.google.javascript.jscomp.ConvertToDottedProperties:51.
GPR[EPS]-1659914780409
GPR[ESUN]-1659914780409
GPR[SSUN]-1659914780409
-477084294
GPR[SPVATF]-1659914780602
GPR[EPVATF]-1659914781892
GPR[SPS]-1659914781892
[539156] INFO SMTNopolSynthesizer - Not enough specifications: 0. A trivial patch is "true" or "false", please write new tests specifying SourceLocation com.google.javascript.jscomp.ExploitAssigns:177.
GPR[EPS]-1659914782463
GPR[ESUN]-1659914782463
GPR[SSUN]-1659914782463
-477084294
GPR[SPVATF]-1659914782656
GPR[EPVATF]-1659914783943
GPR[SPS]-1659914783943
[914971] ERROR NoPol - Error ExecutionException java.util.concurrent.ExecutionException: java.lang.RuntimeException: java.util.concurrent.TimeoutException
GPR[ESUN]-1659915223503
GPR[SSUN]-1659915232250
\n\nNode: host-47\n
\n\nDate: Sun 07 Aug 2022 04:43:22 PM PDT\n
End running Nopol Closure/13 results at /experiment_home///results/Nopol/Closure/13/seed_264/
Removing checked out dir script/workingdir/Nopol/Closure_13
GPR[SSLE]-1659915803344
GPR[ESLE]-1659915863347
