Picked up JAVA_TOOL_OPTIONS: -Dfile.encoding=UTF8 -Duser.language=en-US -Duser.country=US -Duser.language=en
org.apache.commons.math3.distribution.ZipfDistributionTest#testSampling
.
Time: 1.409

OK (1 test)

org.apache.commons.math3.random.Well19937aTest#testConfig
.
Time: 0.127

OK (1 test)

org.apache.commons.math3.distribution.LogNormalDistributionTest#testSampling
.
Time: 0.116

OK (1 test)

org.apache.commons.math3.distribution.PoissonDistributionTest#testSampling
.
Time: 0.148

OK (1 test)

org.apache.commons.math3.distribution.MultivariateNormalMixtureModelDistributionTest#testSampling
.
Time: 0.239

OK (1 test)

org.apache.commons.math3.distribution.HypergeometricDistributionTest#testSampling
.
Time: 0.069

OK (1 test)

org.apache.commons.math3.distribution.UniformIntegerDistributionTest#testSampling
.
Time: 0.062

OK (1 test)

org.apache.commons.math3.distribution.CauchyDistributionTest#testSampling
.
Time: 0.112

OK (1 test)

org.apache.commons.math3.distribution.GammaDistributionTest#testDistributionClone
.
Time: 0.036

OK (1 test)

org.apache.commons.math3.distribution.TriangularDistributionTest#testSampling
.
Time: 0.048

OK (1 test)

org.apache.commons.math3.distribution.GammaDistributionTest#testSampling
.
Time: 0.054

OK (1 test)

org.apache.commons.math3.optimization.fitting.PolynomialFitterTest#testFit
.
Time: 0.181

OK (1 test)

org.apache.commons.math3.distribution.BinomialDistributionTest#testSampling
.
Time: 0.081

OK (1 test)

org.apache.commons.math3.random.ValueServerTest#testFixedSeed
.
Time: 0.211

OK (1 test)

org.apache.commons.math3.distribution.FDistributionTest#testSampling
.
Time: 0.069

OK (1 test)

org.apache.commons.math3.distribution.MultivariateNormalDistributionTest#testSampling
.
Time: 0.215

OK (1 test)

org.apache.commons.math3.distribution.UniformRealDistributionTest#testSampling
.
Time: 0.05

OK (1 test)

org.apache.commons.math3.distribution.EnumeratedRealDistributionTest#testSample
.
Time: 0.087

OK (1 test)

org.apache.commons.math3.distribution.HypergeometricDistributionTest#testMath1021
.E
Time: 0.017
There was 1 failure:
1) testMath1021(org.apache.commons.math3.distribution.HypergeometricDistributionTest)
java.lang.AssertionError: sample=-50
	at org.junit.Assert.fail(Assert.java:88)
	at org.junit.Assert.assertTrue(Assert.java:41)
	at org.apache.commons.math3.distribution.HypergeometricDistributionTest.testMath1021(HypergeometricDistributionTest.java:297)
	at sun.reflect.NativeMethodAccessorImpl.invoke0(Native Method)
	at sun.reflect.NativeMethodAccessorImpl.invoke(NativeMethodAccessorImpl.java:62)
	at sun.reflect.DelegatingMethodAccessorImpl.invoke(DelegatingMethodAccessorImpl.java:43)
	at java.lang.reflect.Method.invoke(Method.java:497)
	at org.junit.runners.model.FrameworkMethod$1.runReflectiveCall(FrameworkMethod.java:47)
	at org.junit.internal.runners.model.ReflectiveCallable.run(ReflectiveCallable.java:12)
	at org.junit.runners.model.FrameworkMethod.invokeExplosively(FrameworkMethod.java:44)
	at org.junit.internal.runners.statements.InvokeMethod.evaluate(InvokeMethod.java:17)
	at org.junit.internal.runners.statements.RunBefores.evaluate(RunBefores.java:26)
	at org.junit.internal.runners.statements.RunAfters.evaluate(RunAfters.java:27)
	at org.junit.runners.ParentRunner.runLeaf(ParentRunner.java:271)
	at org.junit.runners.BlockJUnit4ClassRunner.runChild(BlockJUnit4ClassRunner.java:70)
	at org.junit.runners.BlockJUnit4ClassRunner.runChild(BlockJUnit4ClassRunner.java:50)
	at org.junit.runners.ParentRunner$3.run(ParentRunner.java:238)
	at org.junit.runners.ParentRunner$1.schedule(ParentRunner.java:63)
	at org.junit.runners.ParentRunner.runChildren(ParentRunner.java:236)
	at org.junit.runners.ParentRunner.access$000(ParentRunner.java:53)
	at org.junit.runners.ParentRunner$2.evaluate(ParentRunner.java:229)
	at org.junit.runners.ParentRunner.run(ParentRunner.java:309)
	at org.junit.runner.JUnitCore.run(JUnitCore.java:160)
	at org.junit.runner.JUnitCore.run(JUnitCore.java:138)
	at fr.inria.lille.repair.MethodTestRunner.runTest(MethodTestRunner.java:44)
	at fr.inria.lille.repair.MethodTestRunner.access$0(MethodTestRunner.java:37)
	at fr.inria.lille.repair.MethodTestRunner$1.call(MethodTestRunner.java:20)
	at java.util.concurrent.FutureTask.run(FutureTask.java:266)
	at java.util.concurrent.ThreadPoolExecutor.runWorker(ThreadPoolExecutor.java:1142)
	at java.util.concurrent.ThreadPoolExecutor$Worker.run(ThreadPoolExecutor.java:617)
	at java.lang.Thread.run(Thread.java:745)

FAILURES!!!
Tests run: 1,  Failures: 1

org.apache.commons.math3.distribution.GeometricDistributionTest#testSampling
.
Time: 0.136

OK (1 test)

org.apache.commons.math3.random.RandomDataGeneratorTest#testConfig
.
Time: 0.059

OK (1 test)

org.apache.commons.math3.distribution.NormalDistributionTest#testSampling
.
Time: 0.05

OK (1 test)

org.apache.commons.math3.random.Well19937cTest#testConfig
.
Time: 0.058

OK (1 test)

org.apache.commons.math3.random.Well1024aTest#testConfig
.
Time: 0.094

OK (1 test)

org.apache.commons.math3.distribution.ChiSquaredDistributionTest#testSampling
.
Time: 0.126

OK (1 test)

org.apache.commons.math3.random.Well512aTest#testConfig
.
Time: 0.103

OK (1 test)

org.apache.commons.math3.linear.SchurTransformerTest#testRandomDataNormalDistribution
.
Time: 1.52

OK (1 test)

org.apache.commons.math3.random.EmpiricalDistributionTest#testReSeed
.
Time: 0.101

OK (1 test)

org.apache.commons.math3.distribution.ParetoDistributionTest#testSampling
.
Time: 0.051

OK (1 test)

org.apache.commons.math3.distribution.EnumeratedIntegerDistributionTest#testSample
.
Time: 0.08

OK (1 test)

org.apache.commons.math3.distribution.PascalDistributionTest#testSampling
.
Time: 0.13

OK (1 test)

org.apache.commons.math3.random.Well44497aTest#testConfig
.
Time: 0.102

OK (1 test)

org.apache.commons.math3.fitting.PolynomialFitterTest#testFit
.
Time: 0.117

OK (1 test)

org.apache.commons.math3.distribution.ExponentialDistributionTest#testSampling
.
Time: 0.053

OK (1 test)

org.apache.commons.math3.random.Well44497bTest#testConfig
.
Time: 0.104

OK (1 test)

org.apache.commons.math3.distribution.ExponentialDistributionTest#testDistributionClone
.
Time: 0.03

OK (1 test)

org.apache.commons.math3.linear.HessenbergTransformerTest#testRandomDataNormalDistribution
.
Time: 1.423

OK (1 test)

org.apache.commons.math3.distribution.TDistributionTest#testSampling
.
Time: 0.118

OK (1 test)

