Picked up JAVA_TOOL_OPTIONS: -Dfile.encoding=UTF8 -Duser.language=en-US -Duser.country=US -Duser.language=en
org.apache.commons.math3.linear.ArrayRealVectorTest#testSetEntry
.
Time: 1.051

OK (1 test)

org.apache.commons.math3.transform.FastSineTransformerTest#testSinFunction[0]
.
Time: 0.048

OK (1 test)

org.apache.commons.math3.util.MathArraysTest#testCopyOfDouble
.
Time: 0.014

OK (1 test)

org.apache.commons.math3.transform.FastCosineTransformerTest#testAdHocData[0]
.
Time: 0.015

OK (1 test)

org.apache.commons.math3.util.MathArraysTest#testCopyOfDouble2
.
Time: 0.009

OK (1 test)

org.apache.commons.math3.stat.regression.MillerUpdatingRegressionTest#testRegressAirlineConstantInternal
.
Time: 0.021

OK (1 test)

org.apache.commons.math3.util.MathArraysTest#testCopyOfDouble3
.
Time: 0.009

OK (1 test)

org.apache.commons.math3.analysis.function.StepFunctionTest#testSomeValues
.
Time: 0.023

OK (1 test)

org.apache.commons.math3.transform.FastSineTransformerTest#testAdHocData[0]
.
Time: 0.012

OK (1 test)

org.apache.commons.math3.transform.FastSineTransformerTest#testTransformReal[1]
.
Time: 0.049

OK (1 test)

org.apache.commons.math3.optimization.general.AbstractLeastSquaresOptimizerTest#testGetChiSquare
.
Time: 0.74

OK (1 test)

org.apache.commons.math3.optimization.direct.PowellOptimizerTest#testSumSinc
.
Time: 0.116

OK (1 test)

org.apache.commons.math3.optimization.univariate.BrentOptimizerTest#testMath855
.E
Time: 0.02
There was 1 failure:
1) testMath855(org.apache.commons.math3.optimization.univariate.BrentOptimizerTest)
java.lang.AssertionError: Best point not reported
	at org.junit.Assert.fail(Assert.java:88)
	at org.junit.Assert.assertTrue(Assert.java:41)
	at org.apache.commons.math3.optimization.univariate.BrentOptimizerTest.testMath855(BrentOptimizerTest.java:213)
	at sun.reflect.NativeMethodAccessorImpl.invoke0(Native Method)
	at sun.reflect.NativeMethodAccessorImpl.invoke(NativeMethodAccessorImpl.java:62)
	at sun.reflect.DelegatingMethodAccessorImpl.invoke(DelegatingMethodAccessorImpl.java:43)
	at java.lang.reflect.Method.invoke(Method.java:497)
	at org.junit.runners.model.FrameworkMethod$1.runReflectiveCall(FrameworkMethod.java:47)
	at org.junit.internal.runners.model.ReflectiveCallable.run(ReflectiveCallable.java:12)
	at org.junit.runners.model.FrameworkMethod.invokeExplosively(FrameworkMethod.java:44)
	at org.junit.internal.runners.statements.InvokeMethod.evaluate(InvokeMethod.java:17)
	at org.junit.runners.ParentRunner.runLeaf(ParentRunner.java:271)
	at org.junit.runners.BlockJUnit4ClassRunner.runChild(BlockJUnit4ClassRunner.java:70)
	at org.junit.runners.BlockJUnit4ClassRunner.runChild(BlockJUnit4ClassRunner.java:50)
	at org.junit.runners.ParentRunner$3.run(ParentRunner.java:238)
	at org.junit.runners.ParentRunner$1.schedule(ParentRunner.java:63)
	at org.junit.runners.ParentRunner.runChildren(ParentRunner.java:236)
	at org.junit.runners.ParentRunner.access$000(ParentRunner.java:53)
	at org.junit.runners.ParentRunner$2.evaluate(ParentRunner.java:229)
	at org.junit.runners.ParentRunner.run(ParentRunner.java:309)
	at org.junit.runner.JUnitCore.run(JUnitCore.java:160)
	at org.junit.runner.JUnitCore.run(JUnitCore.java:138)
	at fr.inria.lille.repair.MethodTestRunner.runTest(MethodTestRunner.java:44)
	at fr.inria.lille.repair.MethodTestRunner.access$0(MethodTestRunner.java:37)
	at fr.inria.lille.repair.MethodTestRunner$1.call(MethodTestRunner.java:20)
	at java.util.concurrent.FutureTask.run(FutureTask.java:266)
	at java.util.concurrent.ThreadPoolExecutor.runWorker(ThreadPoolExecutor.java:1142)
	at java.util.concurrent.ThreadPoolExecutor$Worker.run(ThreadPoolExecutor.java:617)
	at java.lang.Thread.run(Thread.java:745)

FAILURES!!!
Tests run: 1,  Failures: 1

org.apache.commons.math3.linear.RealVectorTest#testSetEntry
.
Time: 0.009

OK (1 test)

org.apache.commons.math3.optimization.general.LevenbergMarquardtOptimizerTest#testKirby2
.
Time: 0.09

OK (1 test)

org.apache.commons.math3.transform.FastCosineTransformerTest#testTransformReal[1]
.
Time: 0.042

OK (1 test)

org.apache.commons.math3.optimization.general.LevenbergMarquardtOptimizerTest#testHahn1
.
Time: 0.037

OK (1 test)

org.apache.commons.math3.distribution.MultivariateNormalDistributionTest#testDensities
.
Time: 0.117

OK (1 test)

org.apache.commons.math3.optimization.general.AbstractLeastSquaresOptimizerTest#testGetSigma
.
Time: 0.037

OK (1 test)

org.apache.commons.math3.transform.FastSineTransformerTest#testTransformReal[0]
.
Time: 0.043

OK (1 test)

org.apache.commons.math3.optimization.direct.PowellOptimizerTest#testQuadratic
.
Time: 0.051

OK (1 test)

org.apache.commons.math3.optimization.direct.PowellOptimizerTest#testMaximizeQuadratic
.
Time: 0.838

OK (1 test)

org.apache.commons.math3.transform.FastFourierTransformerTest#testStandardTransformFunction
.
Time: 0.241

OK (1 test)

org.apache.commons.math3.stat.regression.MillerUpdatingRegressionTest#testFilippelli
.
Time: 0.017

OK (1 test)

org.apache.commons.math3.stat.regression.MillerUpdatingRegressionTest#testHdiag
.
Time: 1.508

OK (1 test)

org.apache.commons.math3.linear.SparseRealVectorTest#testAddToEntry
.
Time: 0.012

OK (1 test)

org.apache.commons.math3.analysis.function.StepFunctionTest#testEndpointBehavior
.
Time: 0.03

OK (1 test)

org.apache.commons.math3.transform.FastCosineTransformerTest#testTransformFunction[0]
.
Time: 0.042

OK (1 test)

org.apache.commons.math3.transform.FastCosineTransformerTest#testTransformReal[0]
.
Time: 0.043

OK (1 test)

org.apache.commons.math3.optimization.general.AbstractLeastSquaresOptimizerTest#testGetRMS
.
Time: 0.027

OK (1 test)

org.apache.commons.math3.linear.ArrayRealVectorTest#testAddToEntry
.
Time: 0.008

OK (1 test)

org.apache.commons.math3.distribution.MultivariateNormalDistributionTest#testGetMean
.
Time: 0.677

OK (1 test)

org.apache.commons.math3.transform.FastSineTransformerTest#testTransformFunction[1]
.
Time: 0.04

OK (1 test)

org.apache.commons.math3.transform.FastCosineTransformerTest#testSinFunction[1]
.
Time: 0.006

OK (1 test)

org.apache.commons.math3.distribution.MultivariateNormalDistributionTest#testSampling
.
Time: 0.2

OK (1 test)

org.apache.commons.math3.transform.FastSineTransformerTest#testSinFunction[1]
.
Time: 0.006

OK (1 test)

org.apache.commons.math3.transform.FastCosineTransformerTest#testTransformFunction[1]
.
Time: 0.04

OK (1 test)

org.apache.commons.math3.transform.FastFourierTransformerTest#testAdHocData
.
Time: 0.016

OK (1 test)

org.apache.commons.math3.optimization.general.GaussNewtonOptimizerTest#testKirby2
.
Time: 0.036

OK (1 test)

org.apache.commons.math3.transform.FastFourierTransformerTest#testStandardTransformReal
.
Time: 0.218

OK (1 test)

org.apache.commons.math3.linear.RealVectorTest#testAddToEntry
.
Time: 0.008

OK (1 test)

org.apache.commons.math3.transform.FastFourierTransformerTest#testSinFunction
.
Time: 0.017

OK (1 test)

org.apache.commons.math3.transform.FastCosineTransformerTest#testAdHocData[1]
.
Time: 0.011

OK (1 test)

org.apache.commons.math3.transform.FastSineTransformerTest#testAdHocData[1]
.
Time: 0.012

OK (1 test)

org.apache.commons.math3.stat.regression.MillerUpdatingRegressionTest#testOneRedundantColumn
.
Time: 4.381

OK (1 test)

org.apache.commons.math3.stat.regression.MillerUpdatingRegressionTest#testWampler3
.
Time: 0.009

OK (1 test)

org.apache.commons.math3.stat.regression.MillerUpdatingRegressionTest#testPCorr
.
Time: 2.128

OK (1 test)

org.apache.commons.math3.linear.SparseRealVectorTest#testSetEntry
.
Time: 0.008

OK (1 test)

org.apache.commons.math3.stat.regression.MillerUpdatingRegressionTest#testThreeRedundantColumn
.
Time: 4.219

OK (1 test)

org.apache.commons.math3.stat.regression.MillerUpdatingRegressionTest#testRegressAirlineConstantExternal
.
Time: 2.812

OK (1 test)

org.apache.commons.math3.transform.FastCosineTransformerTest#testSinFunction[0]
.
Time: 0.006

OK (1 test)

org.apache.commons.math3.transform.FastSineTransformerTest#testTransformFunction[0]
.
Time: 0.041

OK (1 test)

org.apache.commons.math3.stat.regression.MillerUpdatingRegressionTest#testLongly
.
Time: 0.129

OK (1 test)

org.apache.commons.math3.stat.regression.MillerUpdatingRegressionTest#testWampler1
.
Time: 0.008

OK (1 test)

org.apache.commons.math3.stat.regression.MillerUpdatingRegressionTest#testWampler2
.
Time: 0.008

OK (1 test)

org.apache.commons.math3.analysis.function.StepFunctionTest#testHeaviside
.
Time: 0.014

OK (1 test)

