Sleep 1m start
GPR[SSLI]-1659871480784
GPR[ESLI]-1659871540789
Running Nopol Math 2b with approach: smt
Timezone: America/Los_Angeles
Seed 260
OS: linux
Creating out dir /experiment_home///results/Nopol/Math/2/seed_260/
The file script/workingdir/Nopol/Math_2 does not exist!
script/workingdir/Nopol/Math_2
script/workingdir/Nopol/Math_2
classpath:  script/workingdir/Nopol/Math_2/target/classes:script/workingdir/Nopol/Math_2/target/test-classes:/experiment_home/defects4j/framework/projects/lib/junit-4.11.jar:script/workingdir/Nopol/Math_2/lib/junit-4.8.2.jar
Src java:  /src/main/java
Classes Java:  /target/classes
Src Test:  /src/test/java
Classes Test:  /target/test-classes
GPR[SSLB]-1659871557363
GPR[ESLB]-1659871617368
Calling Nopol:
Classpath to pass script/workingdir/Nopol/Math_2//target/classes:script/workingdir/Nopol/Math_2//target/test-classes:script/workingdir/Nopol/Math_2/target/classes:script/workingdir/Nopol/Math_2/target/test-classes:/experiment_home/defects4j/framework/projects/lib/junit-4.11.jar:script/workingdir/Nopol/Math_2/lib/junit-4.8.2.jar
Node: host-61
Date init: Sun 07 Aug 2022 04:26:57 AM PDT
OAR_JOB_ID: 3720517
[0] INFO NoPol - Source files: [script/workingdir/Nopol/Math_2/src/main/java]
[0] INFO NoPol - Classpath: [file:script/workingdir/Nopol/Math_2/target/classes/, file:script/workingdir/Nopol/Math_2/target/test-classes/, file:script/workingdir/Nopol/Math_2/target/classes/, file:script/workingdir/Nopol/Math_2/target/test-classes/, file:/experiment_home/defects4j/framework/projects/lib/junit-4.11.jar]
[0] INFO NoPol - Statement type: PRE_THEN_COND
[0] INFO NoPol - Args: [org.apache.commons.math3.RetryRunnerTest, org.apache.commons.math3.RetryRunnerTest, org.apache.commons.math3.analysis.FunctionUtilsTest, org.apache.commons.math3.analysis.FunctionUtilsTest, org.apache.commons.math3.analysis.differentiation.DSCompilerTest, org.apache.commons.math3.analysis.differentiation.DSCompilerTest, org.apache.commons.math3.analysis.differentiation.DerivativeStructureTest, org.apache.commons.math3.analysis.differentiation.DerivativeStructureTest, org.apache.commons.math3.analysis.differentiation.FiniteDifferencesDifferentiatorTest, org.apache.commons.math3.analysis.differentiation.FiniteDifferencesDifferentiatorTest, org.apache.commons.math3.analysis.differentiation.GradientFunctionTest, org.apache.commons.math3.analysis.differentiation.GradientFunctionTest, org.apache.commons.math3.analysis.differentiation.JacobianFunctionTest, org.apache.commons.math3.analysis.differentiation.JacobianFunctionTest, org.apache.commons.math3.analysis.function.GaussianTest, org.apache.commons.math3.analysis.function.GaussianTest, org.apache.commons.math3.analysis.function.HarmonicOscillatorTest, org.apache.commons.math3.analysis.function.HarmonicOscillatorTest, org.apache.commons.math3.analysis.function.LogisticTest, org.apache.commons.math3.analysis.function.LogisticTest, org.apache.commons.math3.analysis.function.LogitTest, org.apache.commons.math3.analysis.function.LogitTest, org.apache.commons.math3.analysis.function.SigmoidTest, org.apache.commons.math3.analysis.function.SigmoidTest, org.apache.commons.math3.analysis.function.SincTest, org.apache.commons.math3.analysis.function.SincTest, org.apache.commons.math3.analysis.function.SqrtTest, org.apache.commons.math3.analysis.function.SqrtTest, org.apache.commons.math3.analysis.function.StepFunctionTest, org.apache.commons.math3.analysis.function.StepFunctionTest, org.apache.commons.math3.analysis.integration.IterativeLegendreGaussIntegratorTest, org.apache.commons.math3.analysis.integration.IterativeLegendreGaussIntegratorTest, org.apache.commons.math3.analysis.integration.LegendreGaussIntegratorTest, org.apache.commons.math3.analysis.integration.LegendreGaussIntegratorTest, org.apache.commons.math3.analysis.integration.MidPointIntegratorTest, org.apache.commons.math3.analysis.integration.MidPointIntegratorTest, org.apache.commons.math3.analysis.integration.RombergIntegratorTest, org.apache.commons.math3.analysis.integration.RombergIntegratorTest, org.apache.commons.math3.analysis.integration.SimpsonIntegratorTest, org.apache.commons.math3.analysis.integration.SimpsonIntegratorTest, org.apache.commons.math3.analysis.integration.TrapezoidIntegratorTest, org.apache.commons.math3.analysis.integration.TrapezoidIntegratorTest, org.apache.commons.math3.analysis.integration.gauss.BaseRuleFactoryTest, org.apache.commons.math3.analysis.integration.gauss.BaseRuleFactoryTest, org.apache.commons.math3.analysis.integration.gauss.GaussIntegratorTest, org.apache.commons.math3.analysis.integration.gauss.GaussIntegratorTest, org.apache.commons.math3.analysis.integration.gauss.HermiteParametricTest, org.apache.commons.math3.analysis.integration.gauss.HermiteParametricTest, org.apache.commons.math3.analysis.integration.gauss.HermiteTest, org.apache.commons.math3.analysis.integration.gauss.HermiteTest, org.apache.commons.math3.analysis.integration.gauss.LegendreHighPrecisionParametricTest, org.apache.commons.math3.analysis.integration.gauss.LegendreHighPrecisionParametricTest, org.apache.commons.math3.analysis.integration.gauss.LegendreHighPrecisionTest, org.apache.commons.math3.analysis.integration.gauss.LegendreHighPrecisionTest, org.apache.commons.math3.analysis.integration.gauss.LegendreParametricTest, org.apache.commons.math3.analysis.integration.gauss.LegendreParametricTest, org.apache.commons.math3.analysis.integration.gauss.LegendreTest, org.apache.commons.math3.analysis.integration.gauss.LegendreTest, org.apache.commons.math3.analysis.interpolation.BicubicSplineInterpolatingFunctionTest, org.apache.commons.math3.analysis.interpolation.BicubicSplineInterpolatingFunctionTest, org.apache.commons.math3.analysis.interpolation.BicubicSplineInterpolatorTest, org.apache.commons.math3.analysis.interpolation.BicubicSplineInterpolatorTest, org.apache.commons.math3.analysis.interpolation.DividedDifferenceInterpolatorTest, org.apache.commons.math3.analysis.interpolation.DividedDifferenceInterpolatorTest, org.apache.commons.math3.analysis.interpolation.FieldHermiteInterpolatorTest, org.apache.commons.math3.analysis.interpolation.FieldHermiteInterpolatorTest, org.apache.commons.math3.analysis.interpolation.HermiteInterpolatorTest, org.apache.commons.math3.analysis.interpolation.HermiteInterpolatorTest, org.apache.commons.math3.analysis.interpolation.LinearInterpolatorTest, org.apache.commons.math3.analysis.interpolation.LinearInterpolatorTest, org.apache.commons.math3.analysis.interpolation.LoessInterpolatorTest, org.apache.commons.math3.analysis.interpolation.LoessInterpolatorTest, org.apache.commons.math3.analysis.interpolation.MicrosphereInterpolatorTest, org.apache.commons.math3.analysis.interpolation.MicrosphereInterpolatorTest, org.apache.commons.math3.analysis.interpolation.NevilleInterpolatorTest, org.apache.commons.math3.analysis.interpolation.NevilleInterpolatorTest, org.apache.commons.math3.analysis.interpolation.SmoothingPolynomialBicubicSplineInterpolatorTest, org.apache.commons.math3.analysis.interpolation.SmoothingPolynomialBicubicSplineInterpolatorTest, org.apache.commons.math3.analysis.interpolation.SplineInterpolatorTest, org.apache.commons.math3.analysis.interpolation.SplineInterpolatorTest, org.apache.commons.math3.analysis.interpolation.TricubicSplineInterpolatingFunctionTest, org.apache.commons.math3.analysis.interpolation.TricubicSplineInterpolatingFunctionTest, org.apache.commons.math3.analysis.interpolation.TricubicSplineInterpolatorTest, org.apache.commons.math3.analysis.interpolation.TricubicSplineInterpolatorTest, org.apache.commons.math3.analysis.interpolation.UnivariatePeriodicInterpolatorTest, org.apache.commons.math3.analysis.interpolation.UnivariatePeriodicInterpolatorTest, org.apache.commons.math3.analysis.polynomials.PolynomialFunctionLagrangeFormTest, org.apache.commons.math3.analysis.polynomials.PolynomialFunctionLagrangeFormTest, org.apache.commons.math3.analysis.polynomials.PolynomialFunctionNewtonFormTest, org.apache.commons.math3.analysis.polynomials.PolynomialFunctionNewtonFormTest, org.apache.commons.math3.analysis.polynomials.PolynomialFunctionTest, org.apache.commons.math3.analysis.polynomials.PolynomialFunctionTest, org.apache.commons.math3.analysis.polynomials.PolynomialSplineFunctionTest, org.apache.commons.math3.analysis.polynomials.PolynomialSplineFunctionTest, org.apache.commons.math3.analysis.polynomials.PolynomialsUtilsTest, org.apache.commons.math3.analysis.polynomials.PolynomialsUtilsTest, org.apache.commons.math3.analysis.solvers.BisectionSolverTest, org.apache.commons.math3.analysis.solvers.BisectionSolverTest, org.apache.commons.math3.analysis.solvers.BracketingNthOrderBrentSolverTest, org.apache.commons.math3.analysis.solvers.BracketingNthOrderBrentSolverTest, org.apache.commons.math3.analysis.solvers.BrentSolverTest, org.apache.commons.math3.analysis.solvers.BrentSolverTest, org.apache.commons.math3.analysis.solvers.IllinoisSolverTest, org.apache.commons.math3.analysis.solvers.IllinoisSolverTest, org.apache.commons.math3.analysis.solvers.LaguerreSolverTest, org.apache.commons.math3.analysis.solvers.LaguerreSolverTest, org.apache.commons.math3.analysis.solvers.MullerSolver2Test, org.apache.commons.math3.analysis.solvers.MullerSolver2Test, org.apache.commons.math3.analysis.solvers.MullerSolverTest, org.apache.commons.math3.analysis.solvers.MullerSolverTest, org.apache.commons.math3.analysis.solvers.NewtonRaphsonSolverTest, org.apache.commons.math3.analysis.solvers.NewtonRaphsonSolverTest, org.apache.commons.math3.analysis.solvers.NewtonSolverTest, org.apache.commons.math3.analysis.solvers.NewtonSolverTest, org.apache.commons.math3.analysis.solvers.PegasusSolverTest, org.apache.commons.math3.analysis.solvers.PegasusSolverTest, org.apache.commons.math3.analysis.solvers.RegulaFalsiSolverTest, org.apache.commons.math3.analysis.solvers.RegulaFalsiSolverTest, org.apache.commons.math3.analysis.solvers.RiddersSolverTest, org.apache.commons.math3.analysis.solvers.RiddersSolverTest, org.apache.commons.math3.analysis.solvers.SecantSolverTest, org.apache.commons.math3.analysis.solvers.SecantSolverTest, org.apache.commons.math3.analysis.solvers.UnivariateSolverUtilsTest, org.apache.commons.math3.analysis.solvers.UnivariateSolverUtilsTest, org.apache.commons.math3.complex.ComplexFieldTest, org.apache.commons.math3.complex.ComplexFieldTest, org.apache.commons.math3.complex.ComplexFormatTest, org.apache.commons.math3.complex.ComplexFormatTest, org.apache.commons.math3.complex.ComplexTest, org.apache.commons.math3.complex.ComplexTest, org.apache.commons.math3.complex.ComplexUtilsTest, org.apache.commons.math3.complex.ComplexUtilsTest, org.apache.commons.math3.complex.FrenchComplexFormatTest, org.apache.commons.math3.complex.FrenchComplexFormatTest, org.apache.commons.math3.complex.QuaternionTest, org.apache.commons.math3.complex.QuaternionTest, org.apache.commons.math3.complex.RootsOfUnityTest, org.apache.commons.math3.complex.RootsOfUnityTest, org.apache.commons.math3.dfp.BracketingNthOrderBrentSolverDFPTest, org.apache.commons.math3.dfp.BracketingNthOrderBrentSolverDFPTest, org.apache.commons.math3.dfp.DfpDecTest, org.apache.commons.math3.dfp.DfpDecTest, org.apache.commons.math3.dfp.DfpMathTest, org.apache.commons.math3.dfp.DfpMathTest, org.apache.commons.math3.dfp.DfpTest, org.apache.commons.math3.dfp.DfpTest, org.apache.commons.math3.distribution.AbstractIntegerDistributionTest, org.apache.commons.math3.distribution.AbstractIntegerDistributionTest, org.apache.commons.math3.distribution.AbstractRealDistributionTest, org.apache.commons.math3.distribution.AbstractRealDistributionTest, org.apache.commons.math3.distribution.BetaDistributionTest, org.apache.commons.math3.distribution.BetaDistributionTest, org.apache.commons.math3.distribution.BinomialDistributionTest, org.apache.commons.math3.distribution.BinomialDistributionTest, org.apache.commons.math3.distribution.CauchyDistributionTest, org.apache.commons.math3.distribution.CauchyDistributionTest, org.apache.commons.math3.distribution.ChiSquaredDistributionTest, org.apache.commons.math3.distribution.ChiSquaredDistributionTest, org.apache.commons.math3.distribution.EnumeratedIntegerDistributionTest, org.apache.commons.math3.distribution.EnumeratedIntegerDistributionTest, org.apache.commons.math3.distribution.EnumeratedRealDistributionTest, org.apache.commons.math3.distribution.EnumeratedRealDistributionTest, org.apache.commons.math3.distribution.ExponentialDistributionTest, org.apache.commons.math3.distribution.ExponentialDistributionTest, org.apache.commons.math3.distribution.FDistributionTest, org.apache.commons.math3.distribution.FDistributionTest, org.apache.commons.math3.distribution.GammaDistributionTest, org.apache.commons.math3.distribution.GammaDistributionTest, org.apache.commons.math3.distribution.GeometricDistributionTest, org.apache.commons.math3.distribution.GeometricDistributionTest, org.apache.commons.math3.distribution.HypergeometricDistributionTest, org.apache.commons.math3.distribution.HypergeometricDistributionTest, org.apache.commons.math3.distribution.KolmogorovSmirnovDistributionTest, org.apache.commons.math3.distribution.KolmogorovSmirnovDistributionTest, org.apache.commons.math3.distribution.LevyDistributionTest, org.apache.commons.math3.distribution.LevyDistributionTest, org.apache.commons.math3.distribution.LogNormalDistributionTest, org.apache.commons.math3.distribution.LogNormalDistributionTest, org.apache.commons.math3.distribution.MultivariateNormalDistributionTest, org.apache.commons.math3.distribution.MultivariateNormalDistributionTest, org.apache.commons.math3.distribution.MultivariateNormalMixtureModelDistributionTest, org.apache.commons.math3.distribution.MultivariateNormalMixtureModelDistributionTest, org.apache.commons.math3.distribution.NormalDistributionTest, org.apache.commons.math3.distribution.NormalDistributionTest, org.apache.commons.math3.distribution.ParetoDistributionTest, org.apache.commons.math3.distribution.ParetoDistributionTest, org.apache.commons.math3.distribution.PascalDistributionTest, org.apache.commons.math3.distribution.PascalDistributionTest, org.apache.commons.math3.distribution.PoissonDistributionTest, org.apache.commons.math3.distribution.PoissonDistributionTest, org.apache.commons.math3.distribution.TDistributionTest, org.apache.commons.math3.distribution.TDistributionTest, org.apache.commons.math3.distribution.TriangularDistributionTest, org.apache.commons.math3.distribution.TriangularDistributionTest, org.apache.commons.math3.distribution.UniformIntegerDistributionTest, org.apache.commons.math3.distribution.UniformIntegerDistributionTest, org.apache.commons.math3.distribution.UniformRealDistributionTest, org.apache.commons.math3.distribution.UniformRealDistributionTest, org.apache.commons.math3.distribution.WeibullDistributionTest, org.apache.commons.math3.distribution.WeibullDistributionTest, org.apache.commons.math3.distribution.ZipfDistributionTest, org.apache.commons.math3.distribution.ZipfDistributionTest, org.apache.commons.math3.distribution.fitting.MultivariateNormalMixtureExpectationMaximizationTest, org.apache.commons.math3.distribution.fitting.MultivariateNormalMixtureExpectationMaximizationTest, org.apache.commons.math3.exception.DimensionMismatchExceptionTest, org.apache.commons.math3.exception.DimensionMismatchExceptionTest, org.apache.commons.math3.exception.MaxCountExceededExceptionTest, org.apache.commons.math3.exception.MaxCountExceededExceptionTest, org.apache.commons.math3.exception.NonMonotonicSequenceExceptionTest, org.apache.commons.math3.exception.NonMonotonicSequenceExceptionTest, org.apache.commons.math3.exception.NotPositiveExceptionTest, org.apache.commons.math3.exception.NotPositiveExceptionTest, org.apache.commons.math3.exception.NotStrictlyPositiveExceptionTest, org.apache.commons.math3.exception.NotStrictlyPositiveExceptionTest, org.apache.commons.math3.exception.NumberIsTooLargeExceptionTest, org.apache.commons.math3.exception.NumberIsTooLargeExceptionTest, org.apache.commons.math3.exception.NumberIsTooSmallExceptionTest, org.apache.commons.math3.exception.NumberIsTooSmallExceptionTest, org.apache.commons.math3.exception.OutOfRangeExceptionTest, org.apache.commons.math3.exception.OutOfRangeExceptionTest, org.apache.commons.math3.exception.TooManyEvaluationsExceptionTest, org.apache.commons.math3.exception.TooManyEvaluationsExceptionTest, org.apache.commons.math3.exception.util.ArgUtilsTest, org.apache.commons.math3.exception.util.ArgUtilsTest, org.apache.commons.math3.exception.util.ExceptionContextTest, org.apache.commons.math3.exception.util.ExceptionContextTest, org.apache.commons.math3.exception.util.LocalizedFormatsTest, org.apache.commons.math3.exception.util.LocalizedFormatsTest, org.apache.commons.math3.filter.KalmanFilterTest, org.apache.commons.math3.filter.KalmanFilterTest, org.apache.commons.math3.fitting.CurveFitterTest, org.apache.commons.math3.fitting.CurveFitterTest, org.apache.commons.math3.fitting.GaussianFitterTest, org.apache.commons.math3.fitting.GaussianFitterTest, org.apache.commons.math3.fitting.HarmonicFitterTest, org.apache.commons.math3.fitting.HarmonicFitterTest, org.apache.commons.math3.fitting.PolynomialFitterTest, org.apache.commons.math3.fitting.PolynomialFitterTest, org.apache.commons.math3.fitting.leastsquares.AbstractLeastSquaresOptimizerTest, org.apache.commons.math3.fitting.leastsquares.AbstractLeastSquaresOptimizerTest, org.apache.commons.math3.fitting.leastsquares.AbstractLeastSquaresOptimizerTestValidation, org.apache.commons.math3.fitting.leastsquares.AbstractLeastSquaresOptimizerTestValidation, org.apache.commons.math3.fitting.leastsquares.GaussNewtonOptimizerTest, org.apache.commons.math3.fitting.leastsquares.GaussNewtonOptimizerTest, org.apache.commons.math3.fitting.leastsquares.LevenbergMarquardtOptimizerTest, org.apache.commons.math3.fitting.leastsquares.LevenbergMarquardtOptimizerTest, org.apache.commons.math3.fitting.leastsquares.MinpackTest, org.apache.commons.math3.fitting.leastsquares.MinpackTest, org.apache.commons.math3.fraction.BigFractionFieldTest, org.apache.commons.math3.fraction.BigFractionFieldTest, org.apache.commons.math3.fraction.BigFractionFormatTest, org.apache.commons.math3.fraction.BigFractionFormatTest, org.apache.commons.math3.fraction.BigFractionTest, org.apache.commons.math3.fraction.BigFractionTest, org.apache.commons.math3.fraction.FractionFieldTest, org.apache.commons.math3.fraction.FractionFieldTest, org.apache.commons.math3.fraction.FractionFormatTest, org.apache.commons.math3.fraction.FractionFormatTest, org.apache.commons.math3.fraction.FractionTest, org.apache.commons.math3.fraction.FractionTest, org.apache.commons.math3.genetics.BinaryChromosomeTest, org.apache.commons.math3.genetics.BinaryChromosomeTest, org.apache.commons.math3.genetics.BinaryMutationTest, org.apache.commons.math3.genetics.BinaryMutationTest, org.apache.commons.math3.genetics.ChromosomeTest, org.apache.commons.math3.genetics.ChromosomeTest, org.apache.commons.math3.genetics.CycleCrossoverTest, org.apache.commons.math3.genetics.CycleCrossoverTest, org.apache.commons.math3.genetics.ElitisticListPopulationTest, org.apache.commons.math3.genetics.ElitisticListPopulationTest, org.apache.commons.math3.genetics.FitnessCachingTest, org.apache.commons.math3.genetics.FitnessCachingTest, org.apache.commons.math3.genetics.FixedElapsedTimeTest, org.apache.commons.math3.genetics.FixedElapsedTimeTest, org.apache.commons.math3.genetics.FixedGenerationCountTest, org.apache.commons.math3.genetics.FixedGenerationCountTest, org.apache.commons.math3.genetics.GeneticAlgorithmTestBinary, org.apache.commons.math3.genetics.GeneticAlgorithmTestBinary, org.apache.commons.math3.genetics.GeneticAlgorithmTestPermutations, org.apache.commons.math3.genetics.GeneticAlgorithmTestPermutations, org.apache.commons.math3.genetics.ListPopulationTest, org.apache.commons.math3.genetics.ListPopulationTest, org.apache.commons.math3.genetics.NPointCrossoverTest, org.apache.commons.math3.genetics.NPointCrossoverTest, org.apache.commons.math3.genetics.OnePointCrossoverTest, org.apache.commons.math3.genetics.OnePointCrossoverTest, org.apache.commons.math3.genetics.OrderedCrossoverTest, org.apache.commons.math3.genetics.OrderedCrossoverTest, org.apache.commons.math3.genetics.RandomKeyMutationTest, org.apache.commons.math3.genetics.RandomKeyMutationTest, org.apache.commons.math3.genetics.RandomKeyTest, org.apache.commons.math3.genetics.RandomKeyTest, org.apache.commons.math3.genetics.TournamentSelectionTest, org.apache.commons.math3.genetics.TournamentSelectionTest, org.apache.commons.math3.genetics.UniformCrossoverTest, org.apache.commons.math3.genetics.UniformCrossoverTest, org.apache.commons.math3.geometry.euclidean.oned.IntervalTest, org.apache.commons.math3.geometry.euclidean.oned.IntervalTest, org.apache.commons.math3.geometry.euclidean.oned.IntervalsSetTest, org.apache.commons.math3.geometry.euclidean.oned.IntervalsSetTest, org.apache.commons.math3.geometry.euclidean.threed.FieldRotationDSTest, org.apache.commons.math3.geometry.euclidean.threed.FieldRotationDSTest, org.apache.commons.math3.geometry.euclidean.threed.FieldRotationDfpTest, org.apache.commons.math3.geometry.euclidean.threed.FieldRotationDfpTest, org.apache.commons.math3.geometry.euclidean.threed.FieldVector3DTest, org.apache.commons.math3.geometry.euclidean.threed.FieldVector3DTest, org.apache.commons.math3.geometry.euclidean.threed.FrenchVector3DFormatTest, org.apache.commons.math3.geometry.euclidean.threed.FrenchVector3DFormatTest, org.apache.commons.math3.geometry.euclidean.threed.LineTest, org.apache.commons.math3.geometry.euclidean.threed.LineTest, org.apache.commons.math3.geometry.euclidean.threed.PlaneTest, org.apache.commons.math3.geometry.euclidean.threed.PlaneTest, org.apache.commons.math3.geometry.euclidean.threed.PolyhedronsSetTest, org.apache.commons.math3.geometry.euclidean.threed.PolyhedronsSetTest, org.apache.commons.math3.geometry.euclidean.threed.RotationOrderTest, org.apache.commons.math3.geometry.euclidean.threed.RotationOrderTest, org.apache.commons.math3.geometry.euclidean.threed.RotationTest, org.apache.commons.math3.geometry.euclidean.threed.RotationTest, org.apache.commons.math3.geometry.euclidean.threed.SphericalCoordinatesTest, org.apache.commons.math3.geometry.euclidean.threed.SphericalCoordinatesTest, org.apache.commons.math3.geometry.euclidean.threed.SubLineTest, org.apache.commons.math3.geometry.euclidean.threed.SubLineTest, org.apache.commons.math3.geometry.euclidean.threed.Vector3DFormatTest, org.apache.commons.math3.geometry.euclidean.threed.Vector3DFormatTest, org.apache.commons.math3.geometry.euclidean.threed.Vector3DTest, org.apache.commons.math3.geometry.euclidean.threed.Vector3DTest, org.apache.commons.math3.geometry.euclidean.twod.LineTest, org.apache.commons.math3.geometry.euclidean.twod.LineTest, org.apache.commons.math3.geometry.euclidean.twod.PolygonsSetTest, org.apache.commons.math3.geometry.euclidean.twod.PolygonsSetTest, org.apache.commons.math3.geometry.euclidean.twod.SegmentTest, org.apache.commons.math3.geometry.euclidean.twod.SegmentTest, org.apache.commons.math3.geometry.euclidean.twod.SubLineTest, org.apache.commons.math3.geometry.euclidean.twod.SubLineTest, org.apache.commons.math3.geometry.partitioning.utilities.AVLTreeTest, org.apache.commons.math3.geometry.partitioning.utilities.AVLTreeTest, org.apache.commons.math3.linear.Array2DRowRealMatrixTest, org.apache.commons.math3.linear.Array2DRowRealMatrixTest, org.apache.commons.math3.linear.ArrayFieldVectorTest, org.apache.commons.math3.linear.ArrayFieldVectorTest, org.apache.commons.math3.linear.ArrayRealVectorTest, org.apache.commons.math3.linear.ArrayRealVectorTest, org.apache.commons.math3.linear.BiDiagonalTransformerTest, org.apache.commons.math3.linear.BiDiagonalTransformerTest, org.apache.commons.math3.linear.BlockFieldMatrixTest, org.apache.commons.math3.linear.BlockFieldMatrixTest, org.apache.commons.math3.linear.BlockRealMatrixTest, org.apache.commons.math3.linear.BlockRealMatrixTest, org.apache.commons.math3.linear.CholeskyDecompositionTest, org.apache.commons.math3.linear.CholeskyDecompositionTest, org.apache.commons.math3.linear.CholeskySolverTest, org.apache.commons.math3.linear.CholeskySolverTest, org.apache.commons.math3.linear.ConjugateGradientTest, org.apache.commons.math3.linear.ConjugateGradientTest, org.apache.commons.math3.linear.DiagonalMatrixTest, org.apache.commons.math3.linear.DiagonalMatrixTest, org.apache.commons.math3.linear.EigenDecompositionTest, org.apache.commons.math3.linear.EigenDecompositionTest, org.apache.commons.math3.linear.EigenSolverTest, org.apache.commons.math3.linear.EigenSolverTest, org.apache.commons.math3.linear.FieldLUDecompositionTest, org.apache.commons.math3.linear.FieldLUDecompositionTest, org.apache.commons.math3.linear.FieldLUSolverTest, org.apache.commons.math3.linear.FieldLUSolverTest, org.apache.commons.math3.linear.FieldMatrixImplTest, org.apache.commons.math3.linear.FieldMatrixImplTest, org.apache.commons.math3.linear.FrenchRealVectorFormatTest, org.apache.commons.math3.linear.FrenchRealVectorFormatTest, org.apache.commons.math3.linear.HessenbergTransformerTest, org.apache.commons.math3.linear.HessenbergTransformerTest, org.apache.commons.math3.linear.LUDecompositionTest, org.apache.commons.math3.linear.LUDecompositionTest, org.apache.commons.math3.linear.LUSolverTest, org.apache.commons.math3.linear.LUSolverTest, org.apache.commons.math3.linear.MatrixDimensionMismatchExceptionTest, org.apache.commons.math3.linear.MatrixDimensionMismatchExceptionTest, org.apache.commons.math3.linear.MatrixUtilsTest, org.apache.commons.math3.linear.MatrixUtilsTest, org.apache.commons.math3.linear.OpenMapRealMatrixTest, org.apache.commons.math3.linear.OpenMapRealMatrixTest, org.apache.commons.math3.linear.QRDecompositionTest, org.apache.commons.math3.linear.QRDecompositionTest, org.apache.commons.math3.linear.QRSolverTest, org.apache.commons.math3.linear.QRSolverTest, org.apache.commons.math3.linear.RRQRDecompositionTest, org.apache.commons.math3.linear.RRQRDecompositionTest, org.apache.commons.math3.linear.RRQRSolverTest, org.apache.commons.math3.linear.RRQRSolverTest, org.apache.commons.math3.linear.RealMatrixFormatTest, org.apache.commons.math3.linear.RealMatrixFormatTest, org.apache.commons.math3.linear.RealVectorFormatTest, org.apache.commons.math3.linear.RealVectorFormatTest, org.apache.commons.math3.linear.RealVectorTest, org.apache.commons.math3.linear.RealVectorTest, org.apache.commons.math3.linear.RectangularCholeskyDecompositionTest, org.apache.commons.math3.linear.RectangularCholeskyDecompositionTest, org.apache.commons.math3.linear.SchurTransformerTest, org.apache.commons.math3.linear.SchurTransformerTest, org.apache.commons.math3.linear.SingularValueDecompositionTest, org.apache.commons.math3.linear.SingularValueDecompositionTest, org.apache.commons.math3.linear.SingularValueSolverTest, org.apache.commons.math3.linear.SingularValueSolverTest, org.apache.commons.math3.linear.SparseFieldMatrixTest, org.apache.commons.math3.linear.SparseFieldMatrixTest, org.apache.commons.math3.linear.SparseFieldVectorTest, org.apache.commons.math3.linear.SparseFieldVectorTest, org.apache.commons.math3.linear.SparseRealMatrixTest, org.apache.commons.math3.linear.SparseRealMatrixTest, org.apache.commons.math3.linear.SparseRealVectorTest, org.apache.commons.math3.linear.SparseRealVectorTest, org.apache.commons.math3.linear.SymmLQTest, org.apache.commons.math3.linear.SymmLQTest, org.apache.commons.math3.linear.TriDiagonalTransformerTest, org.apache.commons.math3.linear.TriDiagonalTransformerTest, org.apache.commons.math3.linear.UnmodifiableArrayRealVectorTest, org.apache.commons.math3.linear.UnmodifiableArrayRealVectorTest, org.apache.commons.math3.linear.UnmodifiableOpenMapRealVectorTest, org.apache.commons.math3.linear.UnmodifiableOpenMapRealVectorTest, org.apache.commons.math3.ml.clustering.DBSCANClustererTest, org.apache.commons.math3.ml.clustering.DBSCANClustererTest, org.apache.commons.math3.ml.clustering.FuzzyKMeansClustererTest, org.apache.commons.math3.ml.clustering.FuzzyKMeansClustererTest, org.apache.commons.math3.ml.clustering.KMeansPlusPlusClustererTest, org.apache.commons.math3.ml.clustering.KMeansPlusPlusClustererTest, org.apache.commons.math3.ml.clustering.MultiKMeansPlusPlusClustererTest, org.apache.commons.math3.ml.clustering.MultiKMeansPlusPlusClustererTest, org.apache.commons.math3.ml.distance.CanberraDistanceTest, org.apache.commons.math3.ml.distance.CanberraDistanceTest, org.apache.commons.math3.ml.distance.ChebyshevDistanceTest, org.apache.commons.math3.ml.distance.ChebyshevDistanceTest, org.apache.commons.math3.ml.distance.EuclideanDistanceTest, org.apache.commons.math3.ml.distance.EuclideanDistanceTest, org.apache.commons.math3.ml.distance.ManhattanDistanceTest, org.apache.commons.math3.ml.distance.ManhattanDistanceTest, org.apache.commons.math3.ode.ContinuousOutputModelTest, org.apache.commons.math3.ode.ContinuousOutputModelTest, org.apache.commons.math3.ode.FirstOrderConverterTest, org.apache.commons.math3.ode.FirstOrderConverterTest, org.apache.commons.math3.ode.JacobianMatricesTest, org.apache.commons.math3.ode.JacobianMatricesTest, org.apache.commons.math3.ode.events.EventFilterTest, org.apache.commons.math3.ode.events.EventFilterTest, org.apache.commons.math3.ode.events.EventStateTest, org.apache.commons.math3.ode.events.EventStateTest, org.apache.commons.math3.ode.events.OverlappingEventsTest, org.apache.commons.math3.ode.events.OverlappingEventsTest, org.apache.commons.math3.ode.events.ReappearingEventTest, org.apache.commons.math3.ode.events.ReappearingEventTest, org.apache.commons.math3.ode.nonstiff.AdamsBashforthIntegratorTest, org.apache.commons.math3.ode.nonstiff.AdamsBashforthIntegratorTest, org.apache.commons.math3.ode.nonstiff.AdamsMoultonIntegratorTest, org.apache.commons.math3.ode.nonstiff.AdamsMoultonIntegratorTest, org.apache.commons.math3.ode.nonstiff.ClassicalRungeKuttaIntegratorTest, org.apache.commons.math3.ode.nonstiff.ClassicalRungeKuttaIntegratorTest, org.apache.commons.math3.ode.nonstiff.ClassicalRungeKuttaStepInterpolatorTest, org.apache.commons.math3.ode.nonstiff.ClassicalRungeKuttaStepInterpolatorTest, org.apache.commons.math3.ode.nonstiff.DormandPrince54IntegratorTest, org.apache.commons.math3.ode.nonstiff.DormandPrince54IntegratorTest, org.apache.commons.math3.ode.nonstiff.DormandPrince54StepInterpolatorTest, org.apache.commons.math3.ode.nonstiff.DormandPrince54StepInterpolatorTest, org.apache.commons.math3.ode.nonstiff.DormandPrince853IntegratorTest, org.apache.commons.math3.ode.nonstiff.DormandPrince853IntegratorTest, org.apache.commons.math3.ode.nonstiff.DormandPrince853StepInterpolatorTest, org.apache.commons.math3.ode.nonstiff.DormandPrince853StepInterpolatorTest, org.apache.commons.math3.ode.nonstiff.EulerIntegratorTest, org.apache.commons.math3.ode.nonstiff.EulerIntegratorTest, org.apache.commons.math3.ode.nonstiff.EulerStepInterpolatorTest, org.apache.commons.math3.ode.nonstiff.EulerStepInterpolatorTest, org.apache.commons.math3.ode.nonstiff.GillIntegratorTest, org.apache.commons.math3.ode.nonstiff.GillIntegratorTest, org.apache.commons.math3.ode.nonstiff.GillStepInterpolatorTest, org.apache.commons.math3.ode.nonstiff.GillStepInterpolatorTest, org.apache.commons.math3.ode.nonstiff.GraggBulirschStoerIntegratorTest, org.apache.commons.math3.ode.nonstiff.GraggBulirschStoerIntegratorTest, org.apache.commons.math3.ode.nonstiff.GraggBulirschStoerStepInterpolatorTest, org.apache.commons.math3.ode.nonstiff.GraggBulirschStoerStepInterpolatorTest, org.apache.commons.math3.ode.nonstiff.HighamHall54IntegratorTest, org.apache.commons.math3.ode.nonstiff.HighamHall54IntegratorTest, org.apache.commons.math3.ode.nonstiff.HighamHall54StepInterpolatorTest, org.apache.commons.math3.ode.nonstiff.HighamHall54StepInterpolatorTest, org.apache.commons.math3.ode.nonstiff.MidpointIntegratorTest, org.apache.commons.math3.ode.nonstiff.MidpointIntegratorTest, org.apache.commons.math3.ode.nonstiff.MidpointStepInterpolatorTest, org.apache.commons.math3.ode.nonstiff.MidpointStepInterpolatorTest, org.apache.commons.math3.ode.nonstiff.ThreeEighthesIntegratorTest, org.apache.commons.math3.ode.nonstiff.ThreeEighthesIntegratorTest, org.apache.commons.math3.ode.nonstiff.ThreeEighthesStepInterpolatorTest, org.apache.commons.math3.ode.nonstiff.ThreeEighthesStepInterpolatorTest, org.apache.commons.math3.ode.sampling.DummyStepInterpolatorTest, org.apache.commons.math3.ode.sampling.DummyStepInterpolatorTest, org.apache.commons.math3.ode.sampling.NordsieckStepInterpolatorTest, org.apache.commons.math3.ode.sampling.NordsieckStepInterpolatorTest, org.apache.commons.math3.ode.sampling.StepNormalizerOutputOverlapTest, org.apache.commons.math3.ode.sampling.StepNormalizerOutputOverlapTest, org.apache.commons.math3.ode.sampling.StepNormalizerOutputTest, org.apache.commons.math3.ode.sampling.StepNormalizerOutputTest, org.apache.commons.math3.ode.sampling.StepNormalizerTest, org.apache.commons.math3.ode.sampling.StepNormalizerTest, org.apache.commons.math3.optim.PointValuePairTest, org.apache.commons.math3.optim.PointValuePairTest, org.apache.commons.math3.optim.PointVectorValuePairTest, org.apache.commons.math3.optim.PointVectorValuePairTest, org.apache.commons.math3.optim.SimplePointCheckerTest, org.apache.commons.math3.optim.SimplePointCheckerTest, org.apache.commons.math3.optim.SimpleValueCheckerTest, org.apache.commons.math3.optim.SimpleValueCheckerTest, org.apache.commons.math3.optim.SimpleVectorValueCheckerTest, org.apache.commons.math3.optim.SimpleVectorValueCheckerTest, org.apache.commons.math3.optim.linear.SimplexSolverTest, org.apache.commons.math3.optim.linear.SimplexSolverTest, org.apache.commons.math3.optim.linear.SimplexTableauTest, org.apache.commons.math3.optim.linear.SimplexTableauTest, org.apache.commons.math3.optim.nonlinear.scalar.MultiStartMultivariateOptimizerTest, org.apache.commons.math3.optim.nonlinear.scalar.MultiStartMultivariateOptimizerTest, org.apache.commons.math3.optim.nonlinear.scalar.MultivariateFunctionMappingAdapterTest, org.apache.commons.math3.optim.nonlinear.scalar.MultivariateFunctionMappingAdapterTest, org.apache.commons.math3.optim.nonlinear.scalar.MultivariateFunctionPenaltyAdapterTest, org.apache.commons.math3.optim.nonlinear.scalar.MultivariateFunctionPenaltyAdapterTest, org.apache.commons.math3.optim.nonlinear.scalar.gradient.NonLinearConjugateGradientOptimizerTest, org.apache.commons.math3.optim.nonlinear.scalar.gradient.NonLinearConjugateGradientOptimizerTest, org.apache.commons.math3.optim.nonlinear.scalar.noderiv.BOBYQAOptimizerTest, org.apache.commons.math3.optim.nonlinear.scalar.noderiv.BOBYQAOptimizerTest, org.apache.commons.math3.optim.nonlinear.scalar.noderiv.CMAESOptimizerTest, org.apache.commons.math3.optim.nonlinear.scalar.noderiv.CMAESOptimizerTest, org.apache.commons.math3.optim.nonlinear.scalar.noderiv.PowellOptimizerTest, org.apache.commons.math3.optim.nonlinear.scalar.noderiv.PowellOptimizerTest, org.apache.commons.math3.optim.nonlinear.scalar.noderiv.SimplexOptimizerMultiDirectionalTest, org.apache.commons.math3.optim.nonlinear.scalar.noderiv.SimplexOptimizerMultiDirectionalTest, org.apache.commons.math3.optim.nonlinear.scalar.noderiv.SimplexOptimizerNelderMeadTest, org.apache.commons.math3.optim.nonlinear.scalar.noderiv.SimplexOptimizerNelderMeadTest, org.apache.commons.math3.optim.nonlinear.vector.MultiStartMultivariateVectorOptimizerTest, org.apache.commons.math3.optim.nonlinear.vector.MultiStartMultivariateVectorOptimizerTest, org.apache.commons.math3.optim.nonlinear.vector.jacobian.AbstractLeastSquaresOptimizerTest, org.apache.commons.math3.optim.nonlinear.vector.jacobian.AbstractLeastSquaresOptimizerTest, org.apache.commons.math3.optim.nonlinear.vector.jacobian.AbstractLeastSquaresOptimizerTestValidation, org.apache.commons.math3.optim.nonlinear.vector.jacobian.AbstractLeastSquaresOptimizerTestValidation, org.apache.commons.math3.optim.nonlinear.vector.jacobian.GaussNewtonOptimizerTest, org.apache.commons.math3.optim.nonlinear.vector.jacobian.GaussNewtonOptimizerTest, org.apache.commons.math3.optim.nonlinear.vector.jacobian.LevenbergMarquardtOptimizerTest, org.apache.commons.math3.optim.nonlinear.vector.jacobian.LevenbergMarquardtOptimizerTest, org.apache.commons.math3.optim.nonlinear.vector.jacobian.MinpackTest, org.apache.commons.math3.optim.nonlinear.vector.jacobian.MinpackTest, org.apache.commons.math3.optim.univariate.BracketFinderTest, org.apache.commons.math3.optim.univariate.BracketFinderTest, org.apache.commons.math3.optim.univariate.BrentOptimizerTest, org.apache.commons.math3.optim.univariate.BrentOptimizerTest, org.apache.commons.math3.optim.univariate.MultiStartUnivariateOptimizerTest, org.apache.commons.math3.optim.univariate.MultiStartUnivariateOptimizerTest, org.apache.commons.math3.optim.univariate.SimpleUnivariateValueCheckerTest, org.apache.commons.math3.optim.univariate.SimpleUnivariateValueCheckerTest, org.apache.commons.math3.optimization.MultivariateDifferentiableMultiStartOptimizerTest, org.apache.commons.math3.optimization.MultivariateDifferentiableMultiStartOptimizerTest, org.apache.commons.math3.optimization.MultivariateDifferentiableVectorMultiStartOptimizerTest, org.apache.commons.math3.optimization.MultivariateDifferentiableVectorMultiStartOptimizerTest, org.apache.commons.math3.optimization.MultivariateMultiStartOptimizerTest, org.apache.commons.math3.optimization.MultivariateMultiStartOptimizerTest, org.apache.commons.math3.optimization.PointValuePairTest, org.apache.commons.math3.optimization.PointValuePairTest, org.apache.commons.math3.optimization.PointVectorValuePairTest, org.apache.commons.math3.optimization.PointVectorValuePairTest, org.apache.commons.math3.optimization.SimplePointCheckerTest, org.apache.commons.math3.optimization.SimplePointCheckerTest, org.apache.commons.math3.optimization.SimpleValueCheckerTest, org.apache.commons.math3.optimization.SimpleValueCheckerTest, org.apache.commons.math3.optimization.SimpleVectorValueCheckerTest, org.apache.commons.math3.optimization.SimpleVectorValueCheckerTest, org.apache.commons.math3.optimization.direct.BOBYQAOptimizerTest, org.apache.commons.math3.optimization.direct.BOBYQAOptimizerTest, org.apache.commons.math3.optimization.direct.CMAESOptimizerTest, org.apache.commons.math3.optimization.direct.CMAESOptimizerTest, org.apache.commons.math3.optimization.direct.MultivariateFunctionMappingAdapterTest, org.apache.commons.math3.optimization.direct.MultivariateFunctionMappingAdapterTest, org.apache.commons.math3.optimization.direct.MultivariateFunctionPenaltyAdapterTest, org.apache.commons.math3.optimization.direct.MultivariateFunctionPenaltyAdapterTest, org.apache.commons.math3.optimization.direct.PowellOptimizerTest, org.apache.commons.math3.optimization.direct.PowellOptimizerTest, org.apache.commons.math3.optimization.direct.SimplexOptimizerMultiDirectionalTest, org.apache.commons.math3.optimization.direct.SimplexOptimizerMultiDirectionalTest, org.apache.commons.math3.optimization.direct.SimplexOptimizerNelderMeadTest, org.apache.commons.math3.optimization.direct.SimplexOptimizerNelderMeadTest, org.apache.commons.math3.optimization.fitting.CurveFitterTest, org.apache.commons.math3.optimization.fitting.CurveFitterTest, org.apache.commons.math3.optimization.fitting.GaussianFitterTest, org.apache.commons.math3.optimization.fitting.GaussianFitterTest, org.apache.commons.math3.optimization.fitting.HarmonicFitterTest, org.apache.commons.math3.optimization.fitting.HarmonicFitterTest, org.apache.commons.math3.optimization.fitting.PolynomialFitterTest, org.apache.commons.math3.optimization.fitting.PolynomialFitterTest, org.apache.commons.math3.optimization.general.AbstractLeastSquaresOptimizerTest, org.apache.commons.math3.optimization.general.AbstractLeastSquaresOptimizerTest, org.apache.commons.math3.optimization.general.AbstractLeastSquaresOptimizerTestValidation, org.apache.commons.math3.optimization.general.AbstractLeastSquaresOptimizerTestValidation, org.apache.commons.math3.optimization.general.GaussNewtonOptimizerTest, org.apache.commons.math3.optimization.general.GaussNewtonOptimizerTest, org.apache.commons.math3.optimization.general.LevenbergMarquardtOptimizerTest, org.apache.commons.math3.optimization.general.LevenbergMarquardtOptimizerTest, org.apache.commons.math3.optimization.general.MinpackTest, org.apache.commons.math3.optimization.general.MinpackTest, org.apache.commons.math3.optimization.general.NonLinearConjugateGradientOptimizerTest, org.apache.commons.math3.optimization.general.NonLinearConjugateGradientOptimizerTest, org.apache.commons.math3.optimization.linear.SimplexSolverTest, org.apache.commons.math3.optimization.linear.SimplexSolverTest, org.apache.commons.math3.optimization.linear.SimplexTableauTest, org.apache.commons.math3.optimization.linear.SimplexTableauTest, org.apache.commons.math3.optimization.univariate.BracketFinderTest, org.apache.commons.math3.optimization.univariate.BracketFinderTest, org.apache.commons.math3.optimization.univariate.BrentOptimizerTest, org.apache.commons.math3.optimization.univariate.BrentOptimizerTest, org.apache.commons.math3.optimization.univariate.SimpleUnivariateValueCheckerTest, org.apache.commons.math3.optimization.univariate.SimpleUnivariateValueCheckerTest, org.apache.commons.math3.optimization.univariate.UnivariateMultiStartOptimizerTest, org.apache.commons.math3.optimization.univariate.UnivariateMultiStartOptimizerTest, org.apache.commons.math3.primes.PrimesTest, org.apache.commons.math3.primes.PrimesTest, org.apache.commons.math3.random.AbstractRandomGeneratorTest, org.apache.commons.math3.random.AbstractRandomGeneratorTest, org.apache.commons.math3.random.BitsStreamGeneratorTest, org.apache.commons.math3.random.BitsStreamGeneratorTest, org.apache.commons.math3.random.CorrelatedRandomVectorGeneratorTest, org.apache.commons.math3.random.CorrelatedRandomVectorGeneratorTest, org.apache.commons.math3.random.EmpiricalDistributionTest, org.apache.commons.math3.random.EmpiricalDistributionTest, org.apache.commons.math3.random.GaussianRandomGeneratorTest, org.apache.commons.math3.random.GaussianRandomGeneratorTest, org.apache.commons.math3.random.HaltonSequenceGeneratorTest, org.apache.commons.math3.random.HaltonSequenceGeneratorTest, org.apache.commons.math3.random.ISAACTest, org.apache.commons.math3.random.ISAACTest, org.apache.commons.math3.random.MersenneTwisterTest, org.apache.commons.math3.random.MersenneTwisterTest, org.apache.commons.math3.random.RandomAdaptorTest, org.apache.commons.math3.random.RandomAdaptorTest, org.apache.commons.math3.random.RandomDataGeneratorTest, org.apache.commons.math3.random.RandomDataGeneratorTest, org.apache.commons.math3.random.RandomGeneratorAbstractTest, org.apache.commons.math3.random.RandomGeneratorAbstractTest, org.apache.commons.math3.random.RandomGeneratorFactoryTest, org.apache.commons.math3.random.RandomGeneratorFactoryTest, org.apache.commons.math3.random.SobolSequenceGeneratorTest, org.apache.commons.math3.random.SobolSequenceGeneratorTest, org.apache.commons.math3.random.StableRandomGeneratorTest, org.apache.commons.math3.random.StableRandomGeneratorTest, org.apache.commons.math3.random.SynchronizedRandomGeneratorTest, org.apache.commons.math3.random.SynchronizedRandomGeneratorTest, org.apache.commons.math3.random.UncorrelatedRandomVectorGeneratorTest, org.apache.commons.math3.random.UncorrelatedRandomVectorGeneratorTest, org.apache.commons.math3.random.UniformRandomGeneratorTest, org.apache.commons.math3.random.UniformRandomGeneratorTest, org.apache.commons.math3.random.UnitSphereRandomVectorGeneratorTest, org.apache.commons.math3.random.UnitSphereRandomVectorGeneratorTest, org.apache.commons.math3.random.ValueServerTest, org.apache.commons.math3.random.ValueServerTest, org.apache.commons.math3.random.Well1024aTest, org.apache.commons.math3.random.Well1024aTest, org.apache.commons.math3.random.Well19937aTest, org.apache.commons.math3.random.Well19937aTest, org.apache.commons.math3.random.Well19937cTest, org.apache.commons.math3.random.Well19937cTest, org.apache.commons.math3.random.Well44497aTest, org.apache.commons.math3.random.Well44497aTest, org.apache.commons.math3.random.Well44497bTest, org.apache.commons.math3.random.Well44497bTest, org.apache.commons.math3.random.Well512aTest, org.apache.commons.math3.random.Well512aTest, org.apache.commons.math3.special.BetaTest, org.apache.commons.math3.special.BetaTest, org.apache.commons.math3.special.ErfTest, org.apache.commons.math3.special.ErfTest, org.apache.commons.math3.special.GammaTest, org.apache.commons.math3.special.GammaTest, org.apache.commons.math3.stat.CertifiedDataTest, org.apache.commons.math3.stat.CertifiedDataTest, org.apache.commons.math3.stat.FrequencyTest, org.apache.commons.math3.stat.FrequencyTest, org.apache.commons.math3.stat.StatUtilsTest, org.apache.commons.math3.stat.StatUtilsTest, org.apache.commons.math3.stat.clustering.DBSCANClustererTest, org.apache.commons.math3.stat.clustering.DBSCANClustererTest, org.apache.commons.math3.stat.clustering.EuclideanDoublePointTest, org.apache.commons.math3.stat.clustering.EuclideanDoublePointTest, org.apache.commons.math3.stat.clustering.EuclideanIntegerPointTest, org.apache.commons.math3.stat.clustering.EuclideanIntegerPointTest, org.apache.commons.math3.stat.clustering.KMeansPlusPlusClustererTest, org.apache.commons.math3.stat.clustering.KMeansPlusPlusClustererTest, org.apache.commons.math3.stat.correlation.CovarianceTest, org.apache.commons.math3.stat.correlation.CovarianceTest, org.apache.commons.math3.stat.correlation.PearsonsCorrelationTest, org.apache.commons.math3.stat.correlation.PearsonsCorrelationTest, org.apache.commons.math3.stat.correlation.SpearmansRankCorrelationTest, org.apache.commons.math3.stat.correlation.SpearmansRankCorrelationTest, org.apache.commons.math3.stat.correlation.StorelessCovarianceTest, org.apache.commons.math3.stat.correlation.StorelessCovarianceTest, org.apache.commons.math3.stat.data.LewTest, org.apache.commons.math3.stat.data.LewTest, org.apache.commons.math3.stat.data.LotteryTest, org.apache.commons.math3.stat.data.LotteryTest, org.apache.commons.math3.stat.descriptive.AbstractUnivariateStatisticTest, org.apache.commons.math3.stat.descriptive.AbstractUnivariateStatisticTest, org.apache.commons.math3.stat.descriptive.AggregateSummaryStatisticsTest, org.apache.commons.math3.stat.descriptive.AggregateSummaryStatisticsTest, org.apache.commons.math3.stat.descriptive.DescriptiveStatisticsTest, org.apache.commons.math3.stat.descriptive.DescriptiveStatisticsTest, org.apache.commons.math3.stat.descriptive.ListUnivariateImplTest, org.apache.commons.math3.stat.descriptive.ListUnivariateImplTest, org.apache.commons.math3.stat.descriptive.MixedListUnivariateImplTest, org.apache.commons.math3.stat.descriptive.MixedListUnivariateImplTest, org.apache.commons.math3.stat.descriptive.MultivariateSummaryStatisticsTest, org.apache.commons.math3.stat.descriptive.MultivariateSummaryStatisticsTest, org.apache.commons.math3.stat.descriptive.StatisticalSummaryValuesTest, org.apache.commons.math3.stat.descriptive.StatisticalSummaryValuesTest, org.apache.commons.math3.stat.descriptive.SummaryStatisticsTest, org.apache.commons.math3.stat.descriptive.SummaryStatisticsTest, org.apache.commons.math3.stat.descriptive.SynchronizedDescriptiveStatisticsTest, org.apache.commons.math3.stat.descriptive.SynchronizedDescriptiveStatisticsTest, org.apache.commons.math3.stat.descriptive.SynchronizedMultivariateSummaryStatisticsTest, org.apache.commons.math3.stat.descriptive.SynchronizedMultivariateSummaryStatisticsTest, org.apache.commons.math3.stat.descriptive.SynchronizedSummaryStatisticsTest, org.apache.commons.math3.stat.descriptive.SynchronizedSummaryStatisticsTest, org.apache.commons.math3.stat.descriptive.moment.FirstMomentTest, org.apache.commons.math3.stat.descriptive.moment.FirstMomentTest, org.apache.commons.math3.stat.descriptive.moment.FourthMomentTest, org.apache.commons.math3.stat.descriptive.moment.FourthMomentTest, org.apache.commons.math3.stat.descriptive.moment.GeometricMeanTest, org.apache.commons.math3.stat.descriptive.moment.GeometricMeanTest, org.apache.commons.math3.stat.descriptive.moment.InteractionTest, org.apache.commons.math3.stat.descriptive.moment.InteractionTest, org.apache.commons.math3.stat.descriptive.moment.KurtosisTest, org.apache.commons.math3.stat.descriptive.moment.KurtosisTest, org.apache.commons.math3.stat.descriptive.moment.MeanTest, org.apache.commons.math3.stat.descriptive.moment.MeanTest, org.apache.commons.math3.stat.descriptive.moment.SecondMomentTest, org.apache.commons.math3.stat.descriptive.moment.SecondMomentTest, org.apache.commons.math3.stat.descriptive.moment.SemiVarianceTest, org.apache.commons.math3.stat.descriptive.moment.SemiVarianceTest, org.apache.commons.math3.stat.descriptive.moment.SkewnessTest, org.apache.commons.math3.stat.descriptive.moment.SkewnessTest, org.apache.commons.math3.stat.descriptive.moment.StandardDeviationTest, org.apache.commons.math3.stat.descriptive.moment.StandardDeviationTest, org.apache.commons.math3.stat.descriptive.moment.ThirdMomentTest, org.apache.commons.math3.stat.descriptive.moment.ThirdMomentTest, org.apache.commons.math3.stat.descriptive.moment.VarianceTest, org.apache.commons.math3.stat.descriptive.moment.VarianceTest, org.apache.commons.math3.stat.descriptive.moment.VectorialCovarianceTest, org.apache.commons.math3.stat.descriptive.moment.VectorialCovarianceTest, org.apache.commons.math3.stat.descriptive.moment.VectorialMeanTest, org.apache.commons.math3.stat.descriptive.moment.VectorialMeanTest, org.apache.commons.math3.stat.descriptive.rank.MaxTest, org.apache.commons.math3.stat.descriptive.rank.MaxTest, org.apache.commons.math3.stat.descriptive.rank.MedianTest, org.apache.commons.math3.stat.descriptive.rank.MedianTest, org.apache.commons.math3.stat.descriptive.rank.MinTest, org.apache.commons.math3.stat.descriptive.rank.MinTest, org.apache.commons.math3.stat.descriptive.rank.PercentileTest, org.apache.commons.math3.stat.descriptive.rank.PercentileTest, org.apache.commons.math3.stat.descriptive.summary.ProductTest, org.apache.commons.math3.stat.descriptive.summary.ProductTest, org.apache.commons.math3.stat.descriptive.summary.SumLogTest, org.apache.commons.math3.stat.descriptive.summary.SumLogTest, org.apache.commons.math3.stat.descriptive.summary.SumSqTest, org.apache.commons.math3.stat.descriptive.summary.SumSqTest, org.apache.commons.math3.stat.descriptive.summary.SumTest, org.apache.commons.math3.stat.descriptive.summary.SumTest, org.apache.commons.math3.stat.inference.ChiSquareTestTest, org.apache.commons.math3.stat.inference.ChiSquareTestTest, org.apache.commons.math3.stat.inference.GTestTest, org.apache.commons.math3.stat.inference.GTestTest, org.apache.commons.math3.stat.inference.MannWhitneyUTestTest, org.apache.commons.math3.stat.inference.MannWhitneyUTestTest, org.apache.commons.math3.stat.inference.OneWayAnovaTest, org.apache.commons.math3.stat.inference.OneWayAnovaTest, org.apache.commons.math3.stat.inference.TTestTest, org.apache.commons.math3.stat.inference.TTestTest, org.apache.commons.math3.stat.inference.TestUtilsTest, org.apache.commons.math3.stat.inference.TestUtilsTest, org.apache.commons.math3.stat.inference.WilcoxonSignedRankTestTest, org.apache.commons.math3.stat.inference.WilcoxonSignedRankTestTest, org.apache.commons.math3.stat.ranking.NaturalRankingTest, org.apache.commons.math3.stat.ranking.NaturalRankingTest, org.apache.commons.math3.stat.regression.GLSMultipleLinearRegressionTest, org.apache.commons.math3.stat.regression.GLSMultipleLinearRegressionTest, org.apache.commons.math3.stat.regression.MillerUpdatingRegressionTest, org.apache.commons.math3.stat.regression.MillerUpdatingRegressionTest, org.apache.commons.math3.stat.regression.OLSMultipleLinearRegressionTest, org.apache.commons.math3.stat.regression.OLSMultipleLinearRegressionTest, org.apache.commons.math3.stat.regression.SimpleRegressionTest, org.apache.commons.math3.stat.regression.SimpleRegressionTest, org.apache.commons.math3.transform.FastCosineTransformerTest, org.apache.commons.math3.transform.FastCosineTransformerTest, org.apache.commons.math3.transform.FastFourierTransformerTest, org.apache.commons.math3.transform.FastFourierTransformerTest, org.apache.commons.math3.transform.FastHadamardTransformerTest, org.apache.commons.math3.transform.FastHadamardTransformerTest, org.apache.commons.math3.transform.FastSineTransformerTest, org.apache.commons.math3.transform.FastSineTransformerTest, org.apache.commons.math3.util.ArithmeticUtilsTest, org.apache.commons.math3.util.ArithmeticUtilsTest, org.apache.commons.math3.util.BigRealFieldTest, org.apache.commons.math3.util.BigRealFieldTest, org.apache.commons.math3.util.BigRealTest, org.apache.commons.math3.util.BigRealTest, org.apache.commons.math3.util.ContinuedFractionTest, org.apache.commons.math3.util.ContinuedFractionTest, org.apache.commons.math3.util.Decimal64Test, org.apache.commons.math3.util.Decimal64Test, org.apache.commons.math3.util.DefaultTransformerTest, org.apache.commons.math3.util.DefaultTransformerTest, org.apache.commons.math3.util.FastMathStrictComparisonTest, org.apache.commons.math3.util.FastMathStrictComparisonTest, org.apache.commons.math3.util.FastMathTest, org.apache.commons.math3.util.FastMathTest, org.apache.commons.math3.util.FastMathTestPerformance, org.apache.commons.math3.util.FastMathTestPerformance, org.apache.commons.math3.util.IncrementorTest, org.apache.commons.math3.util.IncrementorTest, org.apache.commons.math3.util.MathArraysTest, org.apache.commons.math3.util.MathArraysTest, org.apache.commons.math3.util.MathUtilsTest, org.apache.commons.math3.util.MathUtilsTest, org.apache.commons.math3.util.MultidimensionalCounterTest, org.apache.commons.math3.util.MultidimensionalCounterTest, org.apache.commons.math3.util.OpenIntToDoubleHashMapTest, org.apache.commons.math3.util.OpenIntToDoubleHashMapTest, org.apache.commons.math3.util.OpenIntToFieldTest, org.apache.commons.math3.util.OpenIntToFieldTest, org.apache.commons.math3.util.PairTest, org.apache.commons.math3.util.PairTest, org.apache.commons.math3.util.PrecisionTest, org.apache.commons.math3.util.PrecisionTest, org.apache.commons.math3.util.ResizableDoubleArrayTest, org.apache.commons.math3.util.ResizableDoubleArrayTest, org.apache.commons.math3.util.TransformerMapTest, org.apache.commons.math3.util.TransformerMapTest]
[3] INFO NoPol - Config: Config{synthesisDepth=3, collectStaticMethods=true, collectStaticFields=false, collectLiterals=false, onlyOneSynthesisResult=false, sortExpressions=true, maxLineInvocationPerTest=250, timeoutMethodInvocation=2000, dataCollectionTimeoutInSecondForSynthesis=900, addWeight=0.19478, subWeight=0.04554, mulWeight=0.0102, divWeight=0.00613, andWeight=0.10597, orWeight=0.05708, eqWeight=0.22798, nEqWeight=0.0, lessEqWeight=0.0255, lessWeight=0.0947, methodCallWeight=0.1, fieldAccessWeight=0.08099, constantWeight=0.14232, variableWeight=0.05195, mode=REPAIR, type=PRE_THEN_COND, synthesis=SMT, oracle=ANGELIC, solver=Z3, solverPath='script/../tools//libs/z3_for_linux', projectSources=[script/workingdir/Nopol/Math_2/src/main/java], projectClasspath='[Ljava.net.URL;@28c97a5', projectTests=[org.apache.commons.math3.RetryRunnerTest, org.apache.commons.math3.RetryRunnerTest, org.apache.commons.math3.analysis.FunctionUtilsTest, org.apache.commons.math3.analysis.FunctionUtilsTest, org.apache.commons.math3.analysis.differentiation.DSCompilerTest, org.apache.commons.math3.analysis.differentiation.DSCompilerTest, org.apache.commons.math3.analysis.differentiation.DerivativeStructureTest, org.apache.commons.math3.analysis.differentiation.DerivativeStructureTest, org.apache.commons.math3.analysis.differentiation.FiniteDifferencesDifferentiatorTest, org.apache.commons.math3.analysis.differentiation.FiniteDifferencesDifferentiatorTest, org.apache.commons.math3.analysis.differentiation.GradientFunctionTest, org.apache.commons.math3.analysis.differentiation.GradientFunctionTest, org.apache.commons.math3.analysis.differentiation.JacobianFunctionTest, org.apache.commons.math3.analysis.differentiation.JacobianFunctionTest, org.apache.commons.math3.analysis.function.GaussianTest, org.apache.commons.math3.analysis.function.GaussianTest, org.apache.commons.math3.analysis.function.HarmonicOscillatorTest, org.apache.commons.math3.analysis.function.HarmonicOscillatorTest, org.apache.commons.math3.analysis.function.LogisticTest, org.apache.commons.math3.analysis.function.LogisticTest, org.apache.commons.math3.analysis.function.LogitTest, org.apache.commons.math3.analysis.function.LogitTest, org.apache.commons.math3.analysis.function.SigmoidTest, org.apache.commons.math3.analysis.function.SigmoidTest, org.apache.commons.math3.analysis.function.SincTest, org.apache.commons.math3.analysis.function.SincTest, org.apache.commons.math3.analysis.function.SqrtTest, org.apache.commons.math3.analysis.function.SqrtTest, org.apache.commons.math3.analysis.function.StepFunctionTest, org.apache.commons.math3.analysis.function.StepFunctionTest, org.apache.commons.math3.analysis.integration.IterativeLegendreGaussIntegratorTest, org.apache.commons.math3.analysis.integration.IterativeLegendreGaussIntegratorTest, org.apache.commons.math3.analysis.integration.LegendreGaussIntegratorTest, org.apache.commons.math3.analysis.integration.LegendreGaussIntegratorTest, org.apache.commons.math3.analysis.integration.MidPointIntegratorTest, org.apache.commons.math3.analysis.integration.MidPointIntegratorTest, org.apache.commons.math3.analysis.integration.RombergIntegratorTest, org.apache.commons.math3.analysis.integration.RombergIntegratorTest, org.apache.commons.math3.analysis.integration.SimpsonIntegratorTest, org.apache.commons.math3.analysis.integration.SimpsonIntegratorTest, org.apache.commons.math3.analysis.integration.TrapezoidIntegratorTest, org.apache.commons.math3.analysis.integration.TrapezoidIntegratorTest, org.apache.commons.math3.analysis.integration.gauss.BaseRuleFactoryTest, org.apache.commons.math3.analysis.integration.gauss.BaseRuleFactoryTest, org.apache.commons.math3.analysis.integration.gauss.GaussIntegratorTest, org.apache.commons.math3.analysis.integration.gauss.GaussIntegratorTest, org.apache.commons.math3.analysis.integration.gauss.HermiteParametricTest, org.apache.commons.math3.analysis.integration.gauss.HermiteParametricTest, org.apache.commons.math3.analysis.integration.gauss.HermiteTest, org.apache.commons.math3.analysis.integration.gauss.HermiteTest, org.apache.commons.math3.analysis.integration.gauss.LegendreHighPrecisionParametricTest, org.apache.commons.math3.analysis.integration.gauss.LegendreHighPrecisionParametricTest, org.apache.commons.math3.analysis.integration.gauss.LegendreHighPrecisionTest, org.apache.commons.math3.analysis.integration.gauss.LegendreHighPrecisionTest, org.apache.commons.math3.analysis.integration.gauss.LegendreParametricTest, org.apache.commons.math3.analysis.integration.gauss.LegendreParametricTest, org.apache.commons.math3.analysis.integration.gauss.LegendreTest, org.apache.commons.math3.analysis.integration.gauss.LegendreTest, org.apache.commons.math3.analysis.interpolation.BicubicSplineInterpolatingFunctionTest, org.apache.commons.math3.analysis.interpolation.BicubicSplineInterpolatingFunctionTest, org.apache.commons.math3.analysis.interpolation.BicubicSplineInterpolatorTest, org.apache.commons.math3.analysis.interpolation.BicubicSplineInterpolatorTest, org.apache.commons.math3.analysis.interpolation.DividedDifferenceInterpolatorTest, org.apache.commons.math3.analysis.interpolation.DividedDifferenceInterpolatorTest, org.apache.commons.math3.analysis.interpolation.FieldHermiteInterpolatorTest, org.apache.commons.math3.analysis.interpolation.FieldHermiteInterpolatorTest, org.apache.commons.math3.analysis.interpolation.HermiteInterpolatorTest, org.apache.commons.math3.analysis.interpolation.HermiteInterpolatorTest, org.apache.commons.math3.analysis.interpolation.LinearInterpolatorTest, org.apache.commons.math3.analysis.interpolation.LinearInterpolatorTest, org.apache.commons.math3.analysis.interpolation.LoessInterpolatorTest, org.apache.commons.math3.analysis.interpolation.LoessInterpolatorTest, org.apache.commons.math3.analysis.interpolation.MicrosphereInterpolatorTest, org.apache.commons.math3.analysis.interpolation.MicrosphereInterpolatorTest, org.apache.commons.math3.analysis.interpolation.NevilleInterpolatorTest, org.apache.commons.math3.analysis.interpolation.NevilleInterpolatorTest, org.apache.commons.math3.analysis.interpolation.SmoothingPolynomialBicubicSplineInterpolatorTest, org.apache.commons.math3.analysis.interpolation.SmoothingPolynomialBicubicSplineInterpolatorTest, org.apache.commons.math3.analysis.interpolation.SplineInterpolatorTest, org.apache.commons.math3.analysis.interpolation.SplineInterpolatorTest, org.apache.commons.math3.analysis.interpolation.TricubicSplineInterpolatingFunctionTest, org.apache.commons.math3.analysis.interpolation.TricubicSplineInterpolatingFunctionTest, org.apache.commons.math3.analysis.interpolation.TricubicSplineInterpolatorTest, org.apache.commons.math3.analysis.interpolation.TricubicSplineInterpolatorTest, org.apache.commons.math3.analysis.interpolation.UnivariatePeriodicInterpolatorTest, org.apache.commons.math3.analysis.interpolation.UnivariatePeriodicInterpolatorTest, org.apache.commons.math3.analysis.polynomials.PolynomialFunctionLagrangeFormTest, org.apache.commons.math3.analysis.polynomials.PolynomialFunctionLagrangeFormTest, org.apache.commons.math3.analysis.polynomials.PolynomialFunctionNewtonFormTest, org.apache.commons.math3.analysis.polynomials.PolynomialFunctionNewtonFormTest, org.apache.commons.math3.analysis.polynomials.PolynomialFunctionTest, org.apache.commons.math3.analysis.polynomials.PolynomialFunctionTest, org.apache.commons.math3.analysis.polynomials.PolynomialSplineFunctionTest, org.apache.commons.math3.analysis.polynomials.PolynomialSplineFunctionTest, org.apache.commons.math3.analysis.polynomials.PolynomialsUtilsTest, org.apache.commons.math3.analysis.polynomials.PolynomialsUtilsTest, org.apache.commons.math3.analysis.solvers.BisectionSolverTest, org.apache.commons.math3.analysis.solvers.BisectionSolverTest, org.apache.commons.math3.analysis.solvers.BracketingNthOrderBrentSolverTest, org.apache.commons.math3.analysis.solvers.BracketingNthOrderBrentSolverTest, org.apache.commons.math3.analysis.solvers.BrentSolverTest, org.apache.commons.math3.analysis.solvers.BrentSolverTest, org.apache.commons.math3.analysis.solvers.IllinoisSolverTest, org.apache.commons.math3.analysis.solvers.IllinoisSolverTest, org.apache.commons.math3.analysis.solvers.LaguerreSolverTest, org.apache.commons.math3.analysis.solvers.LaguerreSolverTest, org.apache.commons.math3.analysis.solvers.MullerSolver2Test, org.apache.commons.math3.analysis.solvers.MullerSolver2Test, org.apache.commons.math3.analysis.solvers.MullerSolverTest, org.apache.commons.math3.analysis.solvers.MullerSolverTest, org.apache.commons.math3.analysis.solvers.NewtonRaphsonSolverTest, org.apache.commons.math3.analysis.solvers.NewtonRaphsonSolverTest, org.apache.commons.math3.analysis.solvers.NewtonSolverTest, org.apache.commons.math3.analysis.solvers.NewtonSolverTest, org.apache.commons.math3.analysis.solvers.PegasusSolverTest, org.apache.commons.math3.analysis.solvers.PegasusSolverTest, org.apache.commons.math3.analysis.solvers.RegulaFalsiSolverTest, org.apache.commons.math3.analysis.solvers.RegulaFalsiSolverTest, org.apache.commons.math3.analysis.solvers.RiddersSolverTest, org.apache.commons.math3.analysis.solvers.RiddersSolverTest, org.apache.commons.math3.analysis.solvers.SecantSolverTest, org.apache.commons.math3.analysis.solvers.SecantSolverTest, org.apache.commons.math3.analysis.solvers.UnivariateSolverUtilsTest, org.apache.commons.math3.analysis.solvers.UnivariateSolverUtilsTest, org.apache.commons.math3.complex.ComplexFieldTest, org.apache.commons.math3.complex.ComplexFieldTest, org.apache.commons.math3.complex.ComplexFormatTest, org.apache.commons.math3.complex.ComplexFormatTest, org.apache.commons.math3.complex.ComplexTest, org.apache.commons.math3.complex.ComplexTest, org.apache.commons.math3.complex.ComplexUtilsTest, org.apache.commons.math3.complex.ComplexUtilsTest, org.apache.commons.math3.complex.FrenchComplexFormatTest, org.apache.commons.math3.complex.FrenchComplexFormatTest, org.apache.commons.math3.complex.QuaternionTest, org.apache.commons.math3.complex.QuaternionTest, org.apache.commons.math3.complex.RootsOfUnityTest, org.apache.commons.math3.complex.RootsOfUnityTest, org.apache.commons.math3.dfp.BracketingNthOrderBrentSolverDFPTest, org.apache.commons.math3.dfp.BracketingNthOrderBrentSolverDFPTest, org.apache.commons.math3.dfp.DfpDecTest, org.apache.commons.math3.dfp.DfpDecTest, org.apache.commons.math3.dfp.DfpMathTest, org.apache.commons.math3.dfp.DfpMathTest, org.apache.commons.math3.dfp.DfpTest, org.apache.commons.math3.dfp.DfpTest, org.apache.commons.math3.distribution.AbstractIntegerDistributionTest, org.apache.commons.math3.distribution.AbstractIntegerDistributionTest, org.apache.commons.math3.distribution.AbstractRealDistributionTest, org.apache.commons.math3.distribution.AbstractRealDistributionTest, org.apache.commons.math3.distribution.BetaDistributionTest, org.apache.commons.math3.distribution.BetaDistributionTest, org.apache.commons.math3.distribution.BinomialDistributionTest, org.apache.commons.math3.distribution.BinomialDistributionTest, org.apache.commons.math3.distribution.CauchyDistributionTest, org.apache.commons.math3.distribution.CauchyDistributionTest, org.apache.commons.math3.distribution.ChiSquaredDistributionTest, org.apache.commons.math3.distribution.ChiSquaredDistributionTest, org.apache.commons.math3.distribution.EnumeratedIntegerDistributionTest, org.apache.commons.math3.distribution.EnumeratedIntegerDistributionTest, org.apache.commons.math3.distribution.EnumeratedRealDistributionTest, org.apache.commons.math3.distribution.EnumeratedRealDistributionTest, org.apache.commons.math3.distribution.ExponentialDistributionTest, org.apache.commons.math3.distribution.ExponentialDistributionTest, org.apache.commons.math3.distribution.FDistributionTest, org.apache.commons.math3.distribution.FDistributionTest, org.apache.commons.math3.distribution.GammaDistributionTest, org.apache.commons.math3.distribution.GammaDistributionTest, org.apache.commons.math3.distribution.GeometricDistributionTest, org.apache.commons.math3.distribution.GeometricDistributionTest, org.apache.commons.math3.distribution.HypergeometricDistributionTest, org.apache.commons.math3.distribution.HypergeometricDistributionTest, org.apache.commons.math3.distribution.KolmogorovSmirnovDistributionTest, org.apache.commons.math3.distribution.KolmogorovSmirnovDistributionTest, org.apache.commons.math3.distribution.LevyDistributionTest, org.apache.commons.math3.distribution.LevyDistributionTest, org.apache.commons.math3.distribution.LogNormalDistributionTest, org.apache.commons.math3.distribution.LogNormalDistributionTest, org.apache.commons.math3.distribution.MultivariateNormalDistributionTest, org.apache.commons.math3.distribution.MultivariateNormalDistributionTest, org.apache.commons.math3.distribution.MultivariateNormalMixtureModelDistributionTest, org.apache.commons.math3.distribution.MultivariateNormalMixtureModelDistributionTest, org.apache.commons.math3.distribution.NormalDistributionTest, org.apache.commons.math3.distribution.NormalDistributionTest, org.apache.commons.math3.distribution.ParetoDistributionTest, org.apache.commons.math3.distribution.ParetoDistributionTest, org.apache.commons.math3.distribution.PascalDistributionTest, org.apache.commons.math3.distribution.PascalDistributionTest, org.apache.commons.math3.distribution.PoissonDistributionTest, org.apache.commons.math3.distribution.PoissonDistributionTest, org.apache.commons.math3.distribution.TDistributionTest, org.apache.commons.math3.distribution.TDistributionTest, org.apache.commons.math3.distribution.TriangularDistributionTest, org.apache.commons.math3.distribution.TriangularDistributionTest, org.apache.commons.math3.distribution.UniformIntegerDistributionTest, org.apache.commons.math3.distribution.UniformIntegerDistributionTest, org.apache.commons.math3.distribution.UniformRealDistributionTest, org.apache.commons.math3.distribution.UniformRealDistributionTest, org.apache.commons.math3.distribution.WeibullDistributionTest, org.apache.commons.math3.distribution.WeibullDistributionTest, org.apache.commons.math3.distribution.ZipfDistributionTest, org.apache.commons.math3.distribution.ZipfDistributionTest, org.apache.commons.math3.distribution.fitting.MultivariateNormalMixtureExpectationMaximizationTest, org.apache.commons.math3.distribution.fitting.MultivariateNormalMixtureExpectationMaximizationTest, org.apache.commons.math3.exception.DimensionMismatchExceptionTest, org.apache.commons.math3.exception.DimensionMismatchExceptionTest, org.apache.commons.math3.exception.MaxCountExceededExceptionTest, org.apache.commons.math3.exception.MaxCountExceededExceptionTest, org.apache.commons.math3.exception.NonMonotonicSequenceExceptionTest, org.apache.commons.math3.exception.NonMonotonicSequenceExceptionTest, org.apache.commons.math3.exception.NotPositiveExceptionTest, org.apache.commons.math3.exception.NotPositiveExceptionTest, org.apache.commons.math3.exception.NotStrictlyPositiveExceptionTest, org.apache.commons.math3.exception.NotStrictlyPositiveExceptionTest, org.apache.commons.math3.exception.NumberIsTooLargeExceptionTest, org.apache.commons.math3.exception.NumberIsTooLargeExceptionTest, org.apache.commons.math3.exception.NumberIsTooSmallExceptionTest, org.apache.commons.math3.exception.NumberIsTooSmallExceptionTest, org.apache.commons.math3.exception.OutOfRangeExceptionTest, org.apache.commons.math3.exception.OutOfRangeExceptionTest, org.apache.commons.math3.exception.TooManyEvaluationsExceptionTest, org.apache.commons.math3.exception.TooManyEvaluationsExceptionTest, org.apache.commons.math3.exception.util.ArgUtilsTest, org.apache.commons.math3.exception.util.ArgUtilsTest, org.apache.commons.math3.exception.util.ExceptionContextTest, org.apache.commons.math3.exception.util.ExceptionContextTest, org.apache.commons.math3.exception.util.LocalizedFormatsTest, org.apache.commons.math3.exception.util.LocalizedFormatsTest, org.apache.commons.math3.filter.KalmanFilterTest, org.apache.commons.math3.filter.KalmanFilterTest, org.apache.commons.math3.fitting.CurveFitterTest, org.apache.commons.math3.fitting.CurveFitterTest, org.apache.commons.math3.fitting.GaussianFitterTest, org.apache.commons.math3.fitting.GaussianFitterTest, org.apache.commons.math3.fitting.HarmonicFitterTest, org.apache.commons.math3.fitting.HarmonicFitterTest, org.apache.commons.math3.fitting.PolynomialFitterTest, org.apache.commons.math3.fitting.PolynomialFitterTest, org.apache.commons.math3.fitting.leastsquares.AbstractLeastSquaresOptimizerTest, org.apache.commons.math3.fitting.leastsquares.AbstractLeastSquaresOptimizerTest, org.apache.commons.math3.fitting.leastsquares.AbstractLeastSquaresOptimizerTestValidation, org.apache.commons.math3.fitting.leastsquares.AbstractLeastSquaresOptimizerTestValidation, org.apache.commons.math3.fitting.leastsquares.GaussNewtonOptimizerTest, org.apache.commons.math3.fitting.leastsquares.GaussNewtonOptimizerTest, org.apache.commons.math3.fitting.leastsquares.LevenbergMarquardtOptimizerTest, org.apache.commons.math3.fitting.leastsquares.LevenbergMarquardtOptimizerTest, org.apache.commons.math3.fitting.leastsquares.MinpackTest, org.apache.commons.math3.fitting.leastsquares.MinpackTest, org.apache.commons.math3.fraction.BigFractionFieldTest, org.apache.commons.math3.fraction.BigFractionFieldTest, org.apache.commons.math3.fraction.BigFractionFormatTest, org.apache.commons.math3.fraction.BigFractionFormatTest, org.apache.commons.math3.fraction.BigFractionTest, org.apache.commons.math3.fraction.BigFractionTest, org.apache.commons.math3.fraction.FractionFieldTest, org.apache.commons.math3.fraction.FractionFieldTest, org.apache.commons.math3.fraction.FractionFormatTest, org.apache.commons.math3.fraction.FractionFormatTest, org.apache.commons.math3.fraction.FractionTest, org.apache.commons.math3.fraction.FractionTest, org.apache.commons.math3.genetics.BinaryChromosomeTest, org.apache.commons.math3.genetics.BinaryChromosomeTest, org.apache.commons.math3.genetics.BinaryMutationTest, org.apache.commons.math3.genetics.BinaryMutationTest, org.apache.commons.math3.genetics.ChromosomeTest, org.apache.commons.math3.genetics.ChromosomeTest, org.apache.commons.math3.genetics.CycleCrossoverTest, org.apache.commons.math3.genetics.CycleCrossoverTest, org.apache.commons.math3.genetics.ElitisticListPopulationTest, org.apache.commons.math3.genetics.ElitisticListPopulationTest, org.apache.commons.math3.genetics.FitnessCachingTest, org.apache.commons.math3.genetics.FitnessCachingTest, org.apache.commons.math3.genetics.FixedElapsedTimeTest, org.apache.commons.math3.genetics.FixedElapsedTimeTest, org.apache.commons.math3.genetics.FixedGenerationCountTest, org.apache.commons.math3.genetics.FixedGenerationCountTest, org.apache.commons.math3.genetics.GeneticAlgorithmTestBinary, org.apache.commons.math3.genetics.GeneticAlgorithmTestBinary, org.apache.commons.math3.genetics.GeneticAlgorithmTestPermutations, org.apache.commons.math3.genetics.GeneticAlgorithmTestPermutations, org.apache.commons.math3.genetics.ListPopulationTest, org.apache.commons.math3.genetics.ListPopulationTest, org.apache.commons.math3.genetics.NPointCrossoverTest, org.apache.commons.math3.genetics.NPointCrossoverTest, org.apache.commons.math3.genetics.OnePointCrossoverTest, org.apache.commons.math3.genetics.OnePointCrossoverTest, org.apache.commons.math3.genetics.OrderedCrossoverTest, org.apache.commons.math3.genetics.OrderedCrossoverTest, org.apache.commons.math3.genetics.RandomKeyMutationTest, org.apache.commons.math3.genetics.RandomKeyMutationTest, org.apache.commons.math3.genetics.RandomKeyTest, org.apache.commons.math3.genetics.RandomKeyTest, org.apache.commons.math3.genetics.TournamentSelectionTest, org.apache.commons.math3.genetics.TournamentSelectionTest, org.apache.commons.math3.genetics.UniformCrossoverTest, org.apache.commons.math3.genetics.UniformCrossoverTest, org.apache.commons.math3.geometry.euclidean.oned.IntervalTest, org.apache.commons.math3.geometry.euclidean.oned.IntervalTest, org.apache.commons.math3.geometry.euclidean.oned.IntervalsSetTest, org.apache.commons.math3.geometry.euclidean.oned.IntervalsSetTest, org.apache.commons.math3.geometry.euclidean.threed.FieldRotationDSTest, org.apache.commons.math3.geometry.euclidean.threed.FieldRotationDSTest, org.apache.commons.math3.geometry.euclidean.threed.FieldRotationDfpTest, org.apache.commons.math3.geometry.euclidean.threed.FieldRotationDfpTest, org.apache.commons.math3.geometry.euclidean.threed.FieldVector3DTest, org.apache.commons.math3.geometry.euclidean.threed.FieldVector3DTest, org.apache.commons.math3.geometry.euclidean.threed.FrenchVector3DFormatTest, org.apache.commons.math3.geometry.euclidean.threed.FrenchVector3DFormatTest, org.apache.commons.math3.geometry.euclidean.threed.LineTest, org.apache.commons.math3.geometry.euclidean.threed.LineTest, org.apache.commons.math3.geometry.euclidean.threed.PlaneTest, org.apache.commons.math3.geometry.euclidean.threed.PlaneTest, org.apache.commons.math3.geometry.euclidean.threed.PolyhedronsSetTest, org.apache.commons.math3.geometry.euclidean.threed.PolyhedronsSetTest, org.apache.commons.math3.geometry.euclidean.threed.RotationOrderTest, org.apache.commons.math3.geometry.euclidean.threed.RotationOrderTest, org.apache.commons.math3.geometry.euclidean.threed.RotationTest, org.apache.commons.math3.geometry.euclidean.threed.RotationTest, org.apache.commons.math3.geometry.euclidean.threed.SphericalCoordinatesTest, org.apache.commons.math3.geometry.euclidean.threed.SphericalCoordinatesTest, org.apache.commons.math3.geometry.euclidean.threed.SubLineTest, org.apache.commons.math3.geometry.euclidean.threed.SubLineTest, org.apache.commons.math3.geometry.euclidean.threed.Vector3DFormatTest, org.apache.commons.math3.geometry.euclidean.threed.Vector3DFormatTest, org.apache.commons.math3.geometry.euclidean.threed.Vector3DTest, org.apache.commons.math3.geometry.euclidean.threed.Vector3DTest, org.apache.commons.math3.geometry.euclidean.twod.LineTest, org.apache.commons.math3.geometry.euclidean.twod.LineTest, org.apache.commons.math3.geometry.euclidean.twod.PolygonsSetTest, org.apache.commons.math3.geometry.euclidean.twod.PolygonsSetTest, org.apache.commons.math3.geometry.euclidean.twod.SegmentTest, org.apache.commons.math3.geometry.euclidean.twod.SegmentTest, org.apache.commons.math3.geometry.euclidean.twod.SubLineTest, org.apache.commons.math3.geometry.euclidean.twod.SubLineTest, org.apache.commons.math3.geometry.partitioning.utilities.AVLTreeTest, org.apache.commons.math3.geometry.partitioning.utilities.AVLTreeTest, org.apache.commons.math3.linear.Array2DRowRealMatrixTest, org.apache.commons.math3.linear.Array2DRowRealMatrixTest, org.apache.commons.math3.linear.ArrayFieldVectorTest, org.apache.commons.math3.linear.ArrayFieldVectorTest, org.apache.commons.math3.linear.ArrayRealVectorTest, org.apache.commons.math3.linear.ArrayRealVectorTest, org.apache.commons.math3.linear.BiDiagonalTransformerTest, org.apache.commons.math3.linear.BiDiagonalTransformerTest, org.apache.commons.math3.linear.BlockFieldMatrixTest, org.apache.commons.math3.linear.BlockFieldMatrixTest, org.apache.commons.math3.linear.BlockRealMatrixTest, org.apache.commons.math3.linear.BlockRealMatrixTest, org.apache.commons.math3.linear.CholeskyDecompositionTest, org.apache.commons.math3.linear.CholeskyDecompositionTest, org.apache.commons.math3.linear.CholeskySolverTest, org.apache.commons.math3.linear.CholeskySolverTest, org.apache.commons.math3.linear.ConjugateGradientTest, org.apache.commons.math3.linear.ConjugateGradientTest, org.apache.commons.math3.linear.DiagonalMatrixTest, org.apache.commons.math3.linear.DiagonalMatrixTest, org.apache.commons.math3.linear.EigenDecompositionTest, org.apache.commons.math3.linear.EigenDecompositionTest, org.apache.commons.math3.linear.EigenSolverTest, org.apache.commons.math3.linear.EigenSolverTest, org.apache.commons.math3.linear.FieldLUDecompositionTest, org.apache.commons.math3.linear.FieldLUDecompositionTest, org.apache.commons.math3.linear.FieldLUSolverTest, org.apache.commons.math3.linear.FieldLUSolverTest, org.apache.commons.math3.linear.FieldMatrixImplTest, org.apache.commons.math3.linear.FieldMatrixImplTest, org.apache.commons.math3.linear.FrenchRealVectorFormatTest, org.apache.commons.math3.linear.FrenchRealVectorFormatTest, org.apache.commons.math3.linear.HessenbergTransformerTest, org.apache.commons.math3.linear.HessenbergTransformerTest, org.apache.commons.math3.linear.LUDecompositionTest, org.apache.commons.math3.linear.LUDecompositionTest, org.apache.commons.math3.linear.LUSolverTest, org.apache.commons.math3.linear.LUSolverTest, org.apache.commons.math3.linear.MatrixDimensionMismatchExceptionTest, org.apache.commons.math3.linear.MatrixDimensionMismatchExceptionTest, org.apache.commons.math3.linear.MatrixUtilsTest, org.apache.commons.math3.linear.MatrixUtilsTest, org.apache.commons.math3.linear.OpenMapRealMatrixTest, org.apache.commons.math3.linear.OpenMapRealMatrixTest, org.apache.commons.math3.linear.QRDecompositionTest, org.apache.commons.math3.linear.QRDecompositionTest, org.apache.commons.math3.linear.QRSolverTest, org.apache.commons.math3.linear.QRSolverTest, org.apache.commons.math3.linear.RRQRDecompositionTest, org.apache.commons.math3.linear.RRQRDecompositionTest, org.apache.commons.math3.linear.RRQRSolverTest, org.apache.commons.math3.linear.RRQRSolverTest, org.apache.commons.math3.linear.RealMatrixFormatTest, org.apache.commons.math3.linear.RealMatrixFormatTest, org.apache.commons.math3.linear.RealVectorFormatTest, org.apache.commons.math3.linear.RealVectorFormatTest, org.apache.commons.math3.linear.RealVectorTest, org.apache.commons.math3.linear.RealVectorTest, org.apache.commons.math3.linear.RectangularCholeskyDecompositionTest, org.apache.commons.math3.linear.RectangularCholeskyDecompositionTest, org.apache.commons.math3.linear.SchurTransformerTest, org.apache.commons.math3.linear.SchurTransformerTest, org.apache.commons.math3.linear.SingularValueDecompositionTest, org.apache.commons.math3.linear.SingularValueDecompositionTest, org.apache.commons.math3.linear.SingularValueSolverTest, org.apache.commons.math3.linear.SingularValueSolverTest, org.apache.commons.math3.linear.SparseFieldMatrixTest, org.apache.commons.math3.linear.SparseFieldMatrixTest, org.apache.commons.math3.linear.SparseFieldVectorTest, org.apache.commons.math3.linear.SparseFieldVectorTest, org.apache.commons.math3.linear.SparseRealMatrixTest, org.apache.commons.math3.linear.SparseRealMatrixTest, org.apache.commons.math3.linear.SparseRealVectorTest, org.apache.commons.math3.linear.SparseRealVectorTest, org.apache.commons.math3.linear.SymmLQTest, org.apache.commons.math3.linear.SymmLQTest, org.apache.commons.math3.linear.TriDiagonalTransformerTest, org.apache.commons.math3.linear.TriDiagonalTransformerTest, org.apache.commons.math3.linear.UnmodifiableArrayRealVectorTest, org.apache.commons.math3.linear.UnmodifiableArrayRealVectorTest, org.apache.commons.math3.linear.UnmodifiableOpenMapRealVectorTest, org.apache.commons.math3.linear.UnmodifiableOpenMapRealVectorTest, org.apache.commons.math3.ml.clustering.DBSCANClustererTest, org.apache.commons.math3.ml.clustering.DBSCANClustererTest, org.apache.commons.math3.ml.clustering.FuzzyKMeansClustererTest, org.apache.commons.math3.ml.clustering.FuzzyKMeansClustererTest, org.apache.commons.math3.ml.clustering.KMeansPlusPlusClustererTest, org.apache.commons.math3.ml.clustering.KMeansPlusPlusClustererTest, org.apache.commons.math3.ml.clustering.MultiKMeansPlusPlusClustererTest, org.apache.commons.math3.ml.clustering.MultiKMeansPlusPlusClustererTest, org.apache.commons.math3.ml.distance.CanberraDistanceTest, org.apache.commons.math3.ml.distance.CanberraDistanceTest, org.apache.commons.math3.ml.distance.ChebyshevDistanceTest, org.apache.commons.math3.ml.distance.ChebyshevDistanceTest, org.apache.commons.math3.ml.distance.EuclideanDistanceTest, org.apache.commons.math3.ml.distance.EuclideanDistanceTest, org.apache.commons.math3.ml.distance.ManhattanDistanceTest, org.apache.commons.math3.ml.distance.ManhattanDistanceTest, org.apache.commons.math3.ode.ContinuousOutputModelTest, org.apache.commons.math3.ode.ContinuousOutputModelTest, org.apache.commons.math3.ode.FirstOrderConverterTest, org.apache.commons.math3.ode.FirstOrderConverterTest, org.apache.commons.math3.ode.JacobianMatricesTest, org.apache.commons.math3.ode.JacobianMatricesTest, org.apache.commons.math3.ode.events.EventFilterTest, org.apache.commons.math3.ode.events.EventFilterTest, org.apache.commons.math3.ode.events.EventStateTest, org.apache.commons.math3.ode.events.EventStateTest, org.apache.commons.math3.ode.events.OverlappingEventsTest, org.apache.commons.math3.ode.events.OverlappingEventsTest, org.apache.commons.math3.ode.events.ReappearingEventTest, org.apache.commons.math3.ode.events.ReappearingEventTest, org.apache.commons.math3.ode.nonstiff.AdamsBashforthIntegratorTest, org.apache.commons.math3.ode.nonstiff.AdamsBashforthIntegratorTest, org.apache.commons.math3.ode.nonstiff.AdamsMoultonIntegratorTest, org.apache.commons.math3.ode.nonstiff.AdamsMoultonIntegratorTest, org.apache.commons.math3.ode.nonstiff.ClassicalRungeKuttaIntegratorTest, org.apache.commons.math3.ode.nonstiff.ClassicalRungeKuttaIntegratorTest, org.apache.commons.math3.ode.nonstiff.ClassicalRungeKuttaStepInterpolatorTest, org.apache.commons.math3.ode.nonstiff.ClassicalRungeKuttaStepInterpolatorTest, org.apache.commons.math3.ode.nonstiff.DormandPrince54IntegratorTest, org.apache.commons.math3.ode.nonstiff.DormandPrince54IntegratorTest, org.apache.commons.math3.ode.nonstiff.DormandPrince54StepInterpolatorTest, org.apache.commons.math3.ode.nonstiff.DormandPrince54StepInterpolatorTest, org.apache.commons.math3.ode.nonstiff.DormandPrince853IntegratorTest, org.apache.commons.math3.ode.nonstiff.DormandPrince853IntegratorTest, org.apache.commons.math3.ode.nonstiff.DormandPrince853StepInterpolatorTest, org.apache.commons.math3.ode.nonstiff.DormandPrince853StepInterpolatorTest, org.apache.commons.math3.ode.nonstiff.EulerIntegratorTest, org.apache.commons.math3.ode.nonstiff.EulerIntegratorTest, org.apache.commons.math3.ode.nonstiff.EulerStepInterpolatorTest, org.apache.commons.math3.ode.nonstiff.EulerStepInterpolatorTest, org.apache.commons.math3.ode.nonstiff.GillIntegratorTest, org.apache.commons.math3.ode.nonstiff.GillIntegratorTest, org.apache.commons.math3.ode.nonstiff.GillStepInterpolatorTest, org.apache.commons.math3.ode.nonstiff.GillStepInterpolatorTest, org.apache.commons.math3.ode.nonstiff.GraggBulirschStoerIntegratorTest, org.apache.commons.math3.ode.nonstiff.GraggBulirschStoerIntegratorTest, org.apache.commons.math3.ode.nonstiff.GraggBulirschStoerStepInterpolatorTest, org.apache.commons.math3.ode.nonstiff.GraggBulirschStoerStepInterpolatorTest, org.apache.commons.math3.ode.nonstiff.HighamHall54IntegratorTest, org.apache.commons.math3.ode.nonstiff.HighamHall54IntegratorTest, org.apache.commons.math3.ode.nonstiff.HighamHall54StepInterpolatorTest, org.apache.commons.math3.ode.nonstiff.HighamHall54StepInterpolatorTest, org.apache.commons.math3.ode.nonstiff.MidpointIntegratorTest, org.apache.commons.math3.ode.nonstiff.MidpointIntegratorTest, org.apache.commons.math3.ode.nonstiff.MidpointStepInterpolatorTest, org.apache.commons.math3.ode.nonstiff.MidpointStepInterpolatorTest, org.apache.commons.math3.ode.nonstiff.ThreeEighthesIntegratorTest, org.apache.commons.math3.ode.nonstiff.ThreeEighthesIntegratorTest, org.apache.commons.math3.ode.nonstiff.ThreeEighthesStepInterpolatorTest, org.apache.commons.math3.ode.nonstiff.ThreeEighthesStepInterpolatorTest, org.apache.commons.math3.ode.sampling.DummyStepInterpolatorTest, org.apache.commons.math3.ode.sampling.DummyStepInterpolatorTest, org.apache.commons.math3.ode.sampling.NordsieckStepInterpolatorTest, org.apache.commons.math3.ode.sampling.NordsieckStepInterpolatorTest, org.apache.commons.math3.ode.sampling.StepNormalizerOutputOverlapTest, org.apache.commons.math3.ode.sampling.StepNormalizerOutputOverlapTest, org.apache.commons.math3.ode.sampling.StepNormalizerOutputTest, org.apache.commons.math3.ode.sampling.StepNormalizerOutputTest, org.apache.commons.math3.ode.sampling.StepNormalizerTest, org.apache.commons.math3.ode.sampling.StepNormalizerTest, org.apache.commons.math3.optim.PointValuePairTest, org.apache.commons.math3.optim.PointValuePairTest, org.apache.commons.math3.optim.PointVectorValuePairTest, org.apache.commons.math3.optim.PointVectorValuePairTest, org.apache.commons.math3.optim.SimplePointCheckerTest, org.apache.commons.math3.optim.SimplePointCheckerTest, org.apache.commons.math3.optim.SimpleValueCheckerTest, org.apache.commons.math3.optim.SimpleValueCheckerTest, org.apache.commons.math3.optim.SimpleVectorValueCheckerTest, org.apache.commons.math3.optim.SimpleVectorValueCheckerTest, org.apache.commons.math3.optim.linear.SimplexSolverTest, org.apache.commons.math3.optim.linear.SimplexSolverTest, org.apache.commons.math3.optim.linear.SimplexTableauTest, org.apache.commons.math3.optim.linear.SimplexTableauTest, org.apache.commons.math3.optim.nonlinear.scalar.MultiStartMultivariateOptimizerTest, org.apache.commons.math3.optim.nonlinear.scalar.MultiStartMultivariateOptimizerTest, org.apache.commons.math3.optim.nonlinear.scalar.MultivariateFunctionMappingAdapterTest, org.apache.commons.math3.optim.nonlinear.scalar.MultivariateFunctionMappingAdapterTest, org.apache.commons.math3.optim.nonlinear.scalar.MultivariateFunctionPenaltyAdapterTest, org.apache.commons.math3.optim.nonlinear.scalar.MultivariateFunctionPenaltyAdapterTest, org.apache.commons.math3.optim.nonlinear.scalar.gradient.NonLinearConjugateGradientOptimizerTest, org.apache.commons.math3.optim.nonlinear.scalar.gradient.NonLinearConjugateGradientOptimizerTest, org.apache.commons.math3.optim.nonlinear.scalar.noderiv.BOBYQAOptimizerTest, org.apache.commons.math3.optim.nonlinear.scalar.noderiv.BOBYQAOptimizerTest, org.apache.commons.math3.optim.nonlinear.scalar.noderiv.CMAESOptimizerTest, org.apache.commons.math3.optim.nonlinear.scalar.noderiv.CMAESOptimizerTest, org.apache.commons.math3.optim.nonlinear.scalar.noderiv.PowellOptimizerTest, org.apache.commons.math3.optim.nonlinear.scalar.noderiv.PowellOptimizerTest, org.apache.commons.math3.optim.nonlinear.scalar.noderiv.SimplexOptimizerMultiDirectionalTest, org.apache.commons.math3.optim.nonlinear.scalar.noderiv.SimplexOptimizerMultiDirectionalTest, org.apache.commons.math3.optim.nonlinear.scalar.noderiv.SimplexOptimizerNelderMeadTest, org.apache.commons.math3.optim.nonlinear.scalar.noderiv.SimplexOptimizerNelderMeadTest, org.apache.commons.math3.optim.nonlinear.vector.MultiStartMultivariateVectorOptimizerTest, org.apache.commons.math3.optim.nonlinear.vector.MultiStartMultivariateVectorOptimizerTest, org.apache.commons.math3.optim.nonlinear.vector.jacobian.AbstractLeastSquaresOptimizerTest, org.apache.commons.math3.optim.nonlinear.vector.jacobian.AbstractLeastSquaresOptimizerTest, org.apache.commons.math3.optim.nonlinear.vector.jacobian.AbstractLeastSquaresOptimizerTestValidation, org.apache.commons.math3.optim.nonlinear.vector.jacobian.AbstractLeastSquaresOptimizerTestValidation, org.apache.commons.math3.optim.nonlinear.vector.jacobian.GaussNewtonOptimizerTest, org.apache.commons.math3.optim.nonlinear.vector.jacobian.GaussNewtonOptimizerTest, org.apache.commons.math3.optim.nonlinear.vector.jacobian.LevenbergMarquardtOptimizerTest, org.apache.commons.math3.optim.nonlinear.vector.jacobian.LevenbergMarquardtOptimizerTest, org.apache.commons.math3.optim.nonlinear.vector.jacobian.MinpackTest, org.apache.commons.math3.optim.nonlinear.vector.jacobian.MinpackTest, org.apache.commons.math3.optim.univariate.BracketFinderTest, org.apache.commons.math3.optim.univariate.BracketFinderTest, org.apache.commons.math3.optim.univariate.BrentOptimizerTest, org.apache.commons.math3.optim.univariate.BrentOptimizerTest, org.apache.commons.math3.optim.univariate.MultiStartUnivariateOptimizerTest, org.apache.commons.math3.optim.univariate.MultiStartUnivariateOptimizerTest, org.apache.commons.math3.optim.univariate.SimpleUnivariateValueCheckerTest, org.apache.commons.math3.optim.univariate.SimpleUnivariateValueCheckerTest, org.apache.commons.math3.optimization.MultivariateDifferentiableMultiStartOptimizerTest, org.apache.commons.math3.optimization.MultivariateDifferentiableMultiStartOptimizerTest, org.apache.commons.math3.optimization.MultivariateDifferentiableVectorMultiStartOptimizerTest, org.apache.commons.math3.optimization.MultivariateDifferentiableVectorMultiStartOptimizerTest, org.apache.commons.math3.optimization.MultivariateMultiStartOptimizerTest, org.apache.commons.math3.optimization.MultivariateMultiStartOptimizerTest, org.apache.commons.math3.optimization.PointValuePairTest, org.apache.commons.math3.optimization.PointValuePairTest, org.apache.commons.math3.optimization.PointVectorValuePairTest, org.apache.commons.math3.optimization.PointVectorValuePairTest, org.apache.commons.math3.optimization.SimplePointCheckerTest, org.apache.commons.math3.optimization.SimplePointCheckerTest, org.apache.commons.math3.optimization.SimpleValueCheckerTest, org.apache.commons.math3.optimization.SimpleValueCheckerTest, org.apache.commons.math3.optimization.SimpleVectorValueCheckerTest, org.apache.commons.math3.optimization.SimpleVectorValueCheckerTest, org.apache.commons.math3.optimization.direct.BOBYQAOptimizerTest, org.apache.commons.math3.optimization.direct.BOBYQAOptimizerTest, org.apache.commons.math3.optimization.direct.CMAESOptimizerTest, org.apache.commons.math3.optimization.direct.CMAESOptimizerTest, org.apache.commons.math3.optimization.direct.MultivariateFunctionMappingAdapterTest, org.apache.commons.math3.optimization.direct.MultivariateFunctionMappingAdapterTest, org.apache.commons.math3.optimization.direct.MultivariateFunctionPenaltyAdapterTest, org.apache.commons.math3.optimization.direct.MultivariateFunctionPenaltyAdapterTest, org.apache.commons.math3.optimization.direct.PowellOptimizerTest, org.apache.commons.math3.optimization.direct.PowellOptimizerTest, org.apache.commons.math3.optimization.direct.SimplexOptimizerMultiDirectionalTest, org.apache.commons.math3.optimization.direct.SimplexOptimizerMultiDirectionalTest, org.apache.commons.math3.optimization.direct.SimplexOptimizerNelderMeadTest, org.apache.commons.math3.optimization.direct.SimplexOptimizerNelderMeadTest, org.apache.commons.math3.optimization.fitting.CurveFitterTest, org.apache.commons.math3.optimization.fitting.CurveFitterTest, org.apache.commons.math3.optimization.fitting.GaussianFitterTest, org.apache.commons.math3.optimization.fitting.GaussianFitterTest, org.apache.commons.math3.optimization.fitting.HarmonicFitterTest, org.apache.commons.math3.optimization.fitting.HarmonicFitterTest, org.apache.commons.math3.optimization.fitting.PolynomialFitterTest, org.apache.commons.math3.optimization.fitting.PolynomialFitterTest, org.apache.commons.math3.optimization.general.AbstractLeastSquaresOptimizerTest, org.apache.commons.math3.optimization.general.AbstractLeastSquaresOptimizerTest, org.apache.commons.math3.optimization.general.AbstractLeastSquaresOptimizerTestValidation, org.apache.commons.math3.optimization.general.AbstractLeastSquaresOptimizerTestValidation, org.apache.commons.math3.optimization.general.GaussNewtonOptimizerTest, org.apache.commons.math3.optimization.general.GaussNewtonOptimizerTest, org.apache.commons.math3.optimization.general.LevenbergMarquardtOptimizerTest, org.apache.commons.math3.optimization.general.LevenbergMarquardtOptimizerTest, org.apache.commons.math3.optimization.general.MinpackTest, org.apache.commons.math3.optimization.general.MinpackTest, org.apache.commons.math3.optimization.general.NonLinearConjugateGradientOptimizerTest, org.apache.commons.math3.optimization.general.NonLinearConjugateGradientOptimizerTest, org.apache.commons.math3.optimization.linear.SimplexSolverTest, org.apache.commons.math3.optimization.linear.SimplexSolverTest, org.apache.commons.math3.optimization.linear.SimplexTableauTest, org.apache.commons.math3.optimization.linear.SimplexTableauTest, org.apache.commons.math3.optimization.univariate.BracketFinderTest, org.apache.commons.math3.optimization.univariate.BracketFinderTest, org.apache.commons.math3.optimization.univariate.BrentOptimizerTest, org.apache.commons.math3.optimization.univariate.BrentOptimizerTest, org.apache.commons.math3.optimization.univariate.SimpleUnivariateValueCheckerTest, org.apache.commons.math3.optimization.univariate.SimpleUnivariateValueCheckerTest, org.apache.commons.math3.optimization.univariate.UnivariateMultiStartOptimizerTest, org.apache.commons.math3.optimization.univariate.UnivariateMultiStartOptimizerTest, org.apache.commons.math3.primes.PrimesTest, org.apache.commons.math3.primes.PrimesTest, org.apache.commons.math3.random.AbstractRandomGeneratorTest, org.apache.commons.math3.random.AbstractRandomGeneratorTest, org.apache.commons.math3.random.BitsStreamGeneratorTest, org.apache.commons.math3.random.BitsStreamGeneratorTest, org.apache.commons.math3.random.CorrelatedRandomVectorGeneratorTest, org.apache.commons.math3.random.CorrelatedRandomVectorGeneratorTest, org.apache.commons.math3.random.EmpiricalDistributionTest, org.apache.commons.math3.random.EmpiricalDistributionTest, org.apache.commons.math3.random.GaussianRandomGeneratorTest, org.apache.commons.math3.random.GaussianRandomGeneratorTest, org.apache.commons.math3.random.HaltonSequenceGeneratorTest, org.apache.commons.math3.random.HaltonSequenceGeneratorTest, org.apache.commons.math3.random.ISAACTest, org.apache.commons.math3.random.ISAACTest, org.apache.commons.math3.random.MersenneTwisterTest, org.apache.commons.math3.random.MersenneTwisterTest, org.apache.commons.math3.random.RandomAdaptorTest, org.apache.commons.math3.random.RandomAdaptorTest, org.apache.commons.math3.random.RandomDataGeneratorTest, org.apache.commons.math3.random.RandomDataGeneratorTest, org.apache.commons.math3.random.RandomGeneratorAbstractTest, org.apache.commons.math3.random.RandomGeneratorAbstractTest, org.apache.commons.math3.random.RandomGeneratorFactoryTest, org.apache.commons.math3.random.RandomGeneratorFactoryTest, org.apache.commons.math3.random.SobolSequenceGeneratorTest, org.apache.commons.math3.random.SobolSequenceGeneratorTest, org.apache.commons.math3.random.StableRandomGeneratorTest, org.apache.commons.math3.random.StableRandomGeneratorTest, org.apache.commons.math3.random.SynchronizedRandomGeneratorTest, org.apache.commons.math3.random.SynchronizedRandomGeneratorTest, org.apache.commons.math3.random.UncorrelatedRandomVectorGeneratorTest, org.apache.commons.math3.random.UncorrelatedRandomVectorGeneratorTest, org.apache.commons.math3.random.UniformRandomGeneratorTest, org.apache.commons.math3.random.UniformRandomGeneratorTest, org.apache.commons.math3.random.UnitSphereRandomVectorGeneratorTest, org.apache.commons.math3.random.UnitSphereRandomVectorGeneratorTest, org.apache.commons.math3.random.ValueServerTest, org.apache.commons.math3.random.ValueServerTest, org.apache.commons.math3.random.Well1024aTest, org.apache.commons.math3.random.Well1024aTest, org.apache.commons.math3.random.Well19937aTest, org.apache.commons.math3.random.Well19937aTest, org.apache.commons.math3.random.Well19937cTest, org.apache.commons.math3.random.Well19937cTest, org.apache.commons.math3.random.Well44497aTest, org.apache.commons.math3.random.Well44497aTest, org.apache.commons.math3.random.Well44497bTest, org.apache.commons.math3.random.Well44497bTest, org.apache.commons.math3.random.Well512aTest, org.apache.commons.math3.random.Well512aTest, org.apache.commons.math3.special.BetaTest, org.apache.commons.math3.special.BetaTest, org.apache.commons.math3.special.ErfTest, org.apache.commons.math3.special.ErfTest, org.apache.commons.math3.special.GammaTest, org.apache.commons.math3.special.GammaTest, org.apache.commons.math3.stat.CertifiedDataTest, org.apache.commons.math3.stat.CertifiedDataTest, org.apache.commons.math3.stat.FrequencyTest, org.apache.commons.math3.stat.FrequencyTest, org.apache.commons.math3.stat.StatUtilsTest, org.apache.commons.math3.stat.StatUtilsTest, org.apache.commons.math3.stat.clustering.DBSCANClustererTest, org.apache.commons.math3.stat.clustering.DBSCANClustererTest, org.apache.commons.math3.stat.clustering.EuclideanDoublePointTest, org.apache.commons.math3.stat.clustering.EuclideanDoublePointTest, org.apache.commons.math3.stat.clustering.EuclideanIntegerPointTest, org.apache.commons.math3.stat.clustering.EuclideanIntegerPointTest, org.apache.commons.math3.stat.clustering.KMeansPlusPlusClustererTest, org.apache.commons.math3.stat.clustering.KMeansPlusPlusClustererTest, org.apache.commons.math3.stat.correlation.CovarianceTest, org.apache.commons.math3.stat.correlation.CovarianceTest, org.apache.commons.math3.stat.correlation.PearsonsCorrelationTest, org.apache.commons.math3.stat.correlation.PearsonsCorrelationTest, org.apache.commons.math3.stat.correlation.SpearmansRankCorrelationTest, org.apache.commons.math3.stat.correlation.SpearmansRankCorrelationTest, org.apache.commons.math3.stat.correlation.StorelessCovarianceTest, org.apache.commons.math3.stat.correlation.StorelessCovarianceTest, org.apache.commons.math3.stat.data.LewTest, org.apache.commons.math3.stat.data.LewTest, org.apache.commons.math3.stat.data.LotteryTest, org.apache.commons.math3.stat.data.LotteryTest, org.apache.commons.math3.stat.descriptive.AbstractUnivariateStatisticTest, org.apache.commons.math3.stat.descriptive.AbstractUnivariateStatisticTest, org.apache.commons.math3.stat.descriptive.AggregateSummaryStatisticsTest, org.apache.commons.math3.stat.descriptive.AggregateSummaryStatisticsTest, org.apache.commons.math3.stat.descriptive.DescriptiveStatisticsTest, org.apache.commons.math3.stat.descriptive.DescriptiveStatisticsTest, org.apache.commons.math3.stat.descriptive.ListUnivariateImplTest, org.apache.commons.math3.stat.descriptive.ListUnivariateImplTest, org.apache.commons.math3.stat.descriptive.MixedListUnivariateImplTest, org.apache.commons.math3.stat.descriptive.MixedListUnivariateImplTest, org.apache.commons.math3.stat.descriptive.MultivariateSummaryStatisticsTest, org.apache.commons.math3.stat.descriptive.MultivariateSummaryStatisticsTest, org.apache.commons.math3.stat.descriptive.StatisticalSummaryValuesTest, org.apache.commons.math3.stat.descriptive.StatisticalSummaryValuesTest, org.apache.commons.math3.stat.descriptive.SummaryStatisticsTest, org.apache.commons.math3.stat.descriptive.SummaryStatisticsTest, org.apache.commons.math3.stat.descriptive.SynchronizedDescriptiveStatisticsTest, org.apache.commons.math3.stat.descriptive.SynchronizedDescriptiveStatisticsTest, org.apache.commons.math3.stat.descriptive.SynchronizedMultivariateSummaryStatisticsTest, org.apache.commons.math3.stat.descriptive.SynchronizedMultivariateSummaryStatisticsTest, org.apache.commons.math3.stat.descriptive.SynchronizedSummaryStatisticsTest, org.apache.commons.math3.stat.descriptive.SynchronizedSummaryStatisticsTest, org.apache.commons.math3.stat.descriptive.moment.FirstMomentTest, org.apache.commons.math3.stat.descriptive.moment.FirstMomentTest, org.apache.commons.math3.stat.descriptive.moment.FourthMomentTest, org.apache.commons.math3.stat.descriptive.moment.FourthMomentTest, org.apache.commons.math3.stat.descriptive.moment.GeometricMeanTest, org.apache.commons.math3.stat.descriptive.moment.GeometricMeanTest, org.apache.commons.math3.stat.descriptive.moment.InteractionTest, org.apache.commons.math3.stat.descriptive.moment.InteractionTest, org.apache.commons.math3.stat.descriptive.moment.KurtosisTest, org.apache.commons.math3.stat.descriptive.moment.KurtosisTest, org.apache.commons.math3.stat.descriptive.moment.MeanTest, org.apache.commons.math3.stat.descriptive.moment.MeanTest, org.apache.commons.math3.stat.descriptive.moment.SecondMomentTest, org.apache.commons.math3.stat.descriptive.moment.SecondMomentTest, org.apache.commons.math3.stat.descriptive.moment.SemiVarianceTest, org.apache.commons.math3.stat.descriptive.moment.SemiVarianceTest, org.apache.commons.math3.stat.descriptive.moment.SkewnessTest, org.apache.commons.math3.stat.descriptive.moment.SkewnessTest, org.apache.commons.math3.stat.descriptive.moment.StandardDeviationTest, org.apache.commons.math3.stat.descriptive.moment.StandardDeviationTest, org.apache.commons.math3.stat.descriptive.moment.ThirdMomentTest, org.apache.commons.math3.stat.descriptive.moment.ThirdMomentTest, org.apache.commons.math3.stat.descriptive.moment.VarianceTest, org.apache.commons.math3.stat.descriptive.moment.VarianceTest, org.apache.commons.math3.stat.descriptive.moment.VectorialCovarianceTest, org.apache.commons.math3.stat.descriptive.moment.VectorialCovarianceTest, org.apache.commons.math3.stat.descriptive.moment.VectorialMeanTest, org.apache.commons.math3.stat.descriptive.moment.VectorialMeanTest, org.apache.commons.math3.stat.descriptive.rank.MaxTest, org.apache.commons.math3.stat.descriptive.rank.MaxTest, org.apache.commons.math3.stat.descriptive.rank.MedianTest, org.apache.commons.math3.stat.descriptive.rank.MedianTest, org.apache.commons.math3.stat.descriptive.rank.MinTest, org.apache.commons.math3.stat.descriptive.rank.MinTest, org.apache.commons.math3.stat.descriptive.rank.PercentileTest, org.apache.commons.math3.stat.descriptive.rank.PercentileTest, org.apache.commons.math3.stat.descriptive.summary.ProductTest, org.apache.commons.math3.stat.descriptive.summary.ProductTest, org.apache.commons.math3.stat.descriptive.summary.SumLogTest, org.apache.commons.math3.stat.descriptive.summary.SumLogTest, org.apache.commons.math3.stat.descriptive.summary.SumSqTest, org.apache.commons.math3.stat.descriptive.summary.SumSqTest, org.apache.commons.math3.stat.descriptive.summary.SumTest, org.apache.commons.math3.stat.descriptive.summary.SumTest, org.apache.commons.math3.stat.inference.ChiSquareTestTest, org.apache.commons.math3.stat.inference.ChiSquareTestTest, org.apache.commons.math3.stat.inference.GTestTest, org.apache.commons.math3.stat.inference.GTestTest, org.apache.commons.math3.stat.inference.MannWhitneyUTestTest, org.apache.commons.math3.stat.inference.MannWhitneyUTestTest, org.apache.commons.math3.stat.inference.OneWayAnovaTest, org.apache.commons.math3.stat.inference.OneWayAnovaTest, org.apache.commons.math3.stat.inference.TTestTest, org.apache.commons.math3.stat.inference.TTestTest, org.apache.commons.math3.stat.inference.TestUtilsTest, org.apache.commons.math3.stat.inference.TestUtilsTest, org.apache.commons.math3.stat.inference.WilcoxonSignedRankTestTest, org.apache.commons.math3.stat.inference.WilcoxonSignedRankTestTest, org.apache.commons.math3.stat.ranking.NaturalRankingTest, org.apache.commons.math3.stat.ranking.NaturalRankingTest, org.apache.commons.math3.stat.regression.GLSMultipleLinearRegressionTest, org.apache.commons.math3.stat.regression.GLSMultipleLinearRegressionTest, org.apache.commons.math3.stat.regression.MillerUpdatingRegressionTest, org.apache.commons.math3.stat.regression.MillerUpdatingRegressionTest, org.apache.commons.math3.stat.regression.OLSMultipleLinearRegressionTest, org.apache.commons.math3.stat.regression.OLSMultipleLinearRegressionTest, org.apache.commons.math3.stat.regression.SimpleRegressionTest, org.apache.commons.math3.stat.regression.SimpleRegressionTest, org.apache.commons.math3.transform.FastCosineTransformerTest, org.apache.commons.math3.transform.FastCosineTransformerTest, org.apache.commons.math3.transform.FastFourierTransformerTest, org.apache.commons.math3.transform.FastFourierTransformerTest, org.apache.commons.math3.transform.FastHadamardTransformerTest, org.apache.commons.math3.transform.FastHadamardTransformerTest, org.apache.commons.math3.transform.FastSineTransformerTest, org.apache.commons.math3.transform.FastSineTransformerTest, org.apache.commons.math3.util.ArithmeticUtilsTest, org.apache.commons.math3.util.ArithmeticUtilsTest, org.apache.commons.math3.util.BigRealFieldTest, org.apache.commons.math3.util.BigRealFieldTest, org.apache.commons.math3.util.BigRealTest, org.apache.commons.math3.util.BigRealTest, org.apache.commons.math3.util.ContinuedFractionTest, org.apache.commons.math3.util.ContinuedFractionTest, org.apache.commons.math3.util.Decimal64Test, org.apache.commons.math3.util.Decimal64Test, org.apache.commons.math3.util.DefaultTransformerTest, org.apache.commons.math3.util.DefaultTransformerTest, org.apache.commons.math3.util.FastMathStrictComparisonTest, org.apache.commons.math3.util.FastMathStrictComparisonTest, org.apache.commons.math3.util.FastMathTest, org.apache.commons.math3.util.FastMathTest, org.apache.commons.math3.util.FastMathTestPerformance, org.apache.commons.math3.util.FastMathTestPerformance, org.apache.commons.math3.util.IncrementorTest, org.apache.commons.math3.util.IncrementorTest, org.apache.commons.math3.util.MathArraysTest, org.apache.commons.math3.util.MathArraysTest, org.apache.commons.math3.util.MathUtilsTest, org.apache.commons.math3.util.MathUtilsTest, org.apache.commons.math3.util.MultidimensionalCounterTest, org.apache.commons.math3.util.MultidimensionalCounterTest, org.apache.commons.math3.util.OpenIntToDoubleHashMapTest, org.apache.commons.math3.util.OpenIntToDoubleHashMapTest, org.apache.commons.math3.util.OpenIntToFieldTest, org.apache.commons.math3.util.OpenIntToFieldTest, org.apache.commons.math3.util.PairTest, org.apache.commons.math3.util.PairTest, org.apache.commons.math3.util.PrecisionTest, org.apache.commons.math3.util.PrecisionTest, org.apache.commons.math3.util.ResizableDoubleArrayTest, org.apache.commons.math3.util.ResizableDoubleArrayTest, org.apache.commons.math3.util.TransformerMapTest, org.apache.commons.math3.util.TransformerMapTest], complianceLevel=7, outputFolder=/experiment_home///results/Nopol/Math/2/seed_260/, json=true}
[4] INFO NoPol - Available processors (cores): 36
[7] INFO NoPol - Free memory: 1 GB
[8] INFO NoPol - Maximum memory: 7 GB
[8] INFO NoPol - Total memory available to JVM: 1 GB
[9] INFO NoPol - Java version: 1.8.0_45
[10] INFO NoPol - JAVA_HOME: /experiment_home/jdk1.8.0_45/
[10] INFO NoPol - PATH: /experiment_home/foo/bin:/experiment_home/perl5/bin:/experiment_home/jdk1.8.0_45//bin:/experiment_home/maven/apache-maven-3.6.0/bin:/experiment_home/commands/:/experiment_home/gradle/gradle-5.4.1/bin/:/usr/local/bin:/usr/bin:/bin:/usr/local/games:/usr/games:/opt/dell/srvadmin/bin:/usr/local/cuda/bin:/opt/rocm/bin:/grid5000/code/bin:/experiment_home/defects4j/framework/bin
GPR[SSUP]-1659871622237
GPR[ESUP]-1659871622237
GPR[SFL]-1659871622237
GPR[EFL]-1659871788174
GPR[SFP]-1659871788174
GPR[SSUN]-1659871788269
1562674061
GPR[ESUN]-1659871789103
GPR[SSUN]-1659871789103
-707765681
GPR[ESUN]-1659871789383
GPR[SSUN]-1659871789383
-707765681
GPR[SPVATF]-1659871789625
GPR[EPVATF]-1659871790150
[171861] ERROR NoPol - Error ExecutionException java.util.concurrent.ExecutionException: java.lang.RuntimeException: failingTestCasesValidated: nothing to repair, no failing test cases
GPR[ESUN]-1659871790150
GPR[SSUN]-1659871790150
-707765681
GPR[ESUN]-1659871790382
GPR[SSUN]-1659871790382
-707765681
GPR[SPVATF]-1659871790663
GPR[EPVATF]-1659871791163
[172874] ERROR NoPol - Error ExecutionException java.util.concurrent.ExecutionException: java.lang.RuntimeException: failingTestCasesValidated: nothing to repair, no failing test cases
GPR[ESUN]-1659871791163
GPR[SSUN]-1659871791163
-707765681
GPR[SPVATF]-1659871791404
GPR[EPVATF]-1659871791879
[173590] ERROR NoPol - Error ExecutionException java.util.concurrent.ExecutionException: java.lang.RuntimeException: failingTestCasesValidated: nothing to repair, no failing test cases
GPR[SPVATF]-1659871791880
GPR[EPVATF]-1659871792362
[174073] ERROR NoPol - Error ExecutionException java.util.concurrent.ExecutionException: java.lang.RuntimeException: failingTestCasesValidated: nothing to repair, no failing test cases
GPR[ESUN]-1659871792362
GPR[SSUN]-1659871792362
-707765681
GPR[SPVATF]-1659871792585
GPR[EPVATF]-1659871793065
[174776] ERROR NoPol - Error ExecutionException java.util.concurrent.ExecutionException: java.lang.RuntimeException: failingTestCasesValidated: nothing to repair, no failing test cases
GPR[ESUN]-1659871793065
GPR[SSUN]-1659871793065
-707765681
GPR[ESUN]-1659871793295
GPR[SSUN]-1659871793295
-707765681
GPR[ESUN]-1659871793509
GPR[SSUN]-1659871793509
-707765681
GPR[SPVATF]-1659871793725
GPR[EPVATF]-1659871794200
[175912] ERROR NoPol - Error ExecutionException java.util.concurrent.ExecutionException: java.lang.RuntimeException: failingTestCasesValidated: nothing to repair, no failing test cases
GPR[ESUN]-1659871794201
GPR[SSUN]-1659871794201
-707765681
GPR[ESUN]-1659871794416
GPR[SSUN]-1659871794416
1562674061
GPR[ESUN]-1659871794619
GPR[SSUN]-1659871794619
-707765681
GPR[SPVATF]-1659871794834
GPR[EPVATF]-1659871795304
[177016] ERROR NoPol - Error ExecutionException java.util.concurrent.ExecutionException: java.lang.RuntimeException: failingTestCasesValidated: nothing to repair, no failing test cases
GPR[ESUN]-1659871795305
GPR[SSUN]-1659871795305
-707765681
GPR[SPVATF]-1659871795525
GPR[EPVATF]-1659871796013
[177725] ERROR NoPol - Error ExecutionException java.util.concurrent.ExecutionException: java.lang.RuntimeException: failingTestCasesValidated: nothing to repair, no failing test cases
GPR[ESUN]-1659871796014
GPR[SSUN]-1659871796014
-707765681
GPR[SPVATF]-1659871796243
GPR[EPVATF]-1659871796754
[178466] ERROR NoPol - Error ExecutionException java.util.concurrent.ExecutionException: java.lang.RuntimeException: failingTestCasesValidated: nothing to repair, no failing test cases
GPR[ESUN]-1659871796755
GPR[SSUN]-1659871796755
-707765681
GPR[SPVATF]-1659871796972
GPR[EPVATF]-1659871797448
[179159] ERROR NoPol - Error ExecutionException java.util.concurrent.ExecutionException: java.lang.RuntimeException: failingTestCasesValidated: nothing to repair, no failing test cases
GPR[ESUN]-1659871797448
GPR[SSUN]-1659871797448
-707765681
GPR[SPVATF]-1659871797664
GPR[EPVATF]-1659871798138
[179849] ERROR NoPol - Error ExecutionException java.util.concurrent.ExecutionException: java.lang.RuntimeException: failingTestCasesValidated: nothing to repair, no failing test cases
GPR[ESUN]-1659871798138
GPR[SSUN]-1659871798138
-707765681
GPR[SPVATF]-1659871798354
GPR[EPVATF]-1659871798829
[180541] ERROR NoPol - Error ExecutionException java.util.concurrent.ExecutionException: java.lang.RuntimeException: failingTestCasesValidated: nothing to repair, no failing test cases
GPR[SPVATF]-1659871798830
GPR[EPVATF]-1659871799307
[181018] ERROR NoPol - Error ExecutionException java.util.concurrent.ExecutionException: java.lang.RuntimeException: failingTestCasesValidated: nothing to repair, no failing test cases
GPR[ESUN]-1659871799307
GPR[SSUN]-1659871799307
-707765681
GPR[SPVATF]-1659871799524
GPR[EPVATF]-1659871800009
[181721] ERROR NoPol - Error ExecutionException java.util.concurrent.ExecutionException: java.lang.RuntimeException: failingTestCasesValidated: nothing to repair, no failing test cases
GPR[SPVATF]-1659871800010
GPR[EPVATF]-1659871800526
[182237] ERROR NoPol - Error ExecutionException java.util.concurrent.ExecutionException: java.lang.RuntimeException: failingTestCasesValidated: nothing to repair, no failing test cases
GPR[ESUN]-1659871800526
GPR[SSUN]-1659871800526
-707765681
GPR[SPVATF]-1659871800752
GPR[EPVATF]-1659871801246
[182958] ERROR NoPol - Error ExecutionException java.util.concurrent.ExecutionException: java.lang.RuntimeException: failingTestCasesValidated: nothing to repair, no failing test cases
GPR[SPVATF]-1659871801247
GPR[EPVATF]-1659871801721
[183432] ERROR NoPol - Error ExecutionException java.util.concurrent.ExecutionException: java.lang.RuntimeException: failingTestCasesValidated: nothing to repair, no failing test cases
GPR[ESUN]-1659871801722
GPR[SSUN]-1659871801722
-707765681
GPR[SPVATF]-1659871801938
GPR[EPVATF]-1659871802407
[184118] ERROR NoPol - Error ExecutionException java.util.concurrent.ExecutionException: java.lang.RuntimeException: failingTestCasesValidated: nothing to repair, no failing test cases
GPR[ESUN]-1659871802407
GPR[SSUN]-1659871802407
-707765681
GPR[SPVATF]-1659871802764
GPR[EPVATF]-1659871803332
[185044] ERROR NoPol - Error ExecutionException java.util.concurrent.ExecutionException: java.lang.RuntimeException: failingTestCasesValidated: nothing to repair, no failing test cases
GPR[ESUN]-1659871803333
GPR[SSUN]-1659871803333
-707765681
GPR[SPVATF]-1659871803595
GPR[EPVATF]-1659871804082
[185793] ERROR NoPol - Error ExecutionException java.util.concurrent.ExecutionException: java.lang.RuntimeException: failingTestCasesValidated: nothing to repair, no failing test cases
GPR[ESUN]-1659871804082
GPR[SSUN]-1659871804082
-707765681
GPR[ESUN]-1659871804305
GPR[SSUN]-1659871804305
1562674061
GPR[ESUN]-1659871805647
GPR[SSUN]-1659871805647
1562674061
GPR[SPVATF]-1659871806197
GPR[EPVATF]-1659871806659
[188370] ERROR NoPol - Error ExecutionException java.util.concurrent.ExecutionException: java.lang.RuntimeException: failingTestCasesValidated: nothing to repair, no failing test cases
GPR[ESUN]-1659871806659
GPR[SSUN]-1659871806659
1562674061
GPR[ESUN]-1659871806860
GPR[SSUN]-1659871806860
1562674061
GPR[SPVATF]-1659871807069
GPR[EPVATF]-1659871807540
[189251] ERROR NoPol - Error ExecutionException java.util.concurrent.ExecutionException: java.lang.RuntimeException: failingTestCasesValidated: nothing to repair, no failing test cases
GPR[ESUN]-1659871807540
GPR[SSUN]-1659871807540
-707765681
GPR[ESUN]-1659871807759
GPR[SSUN]-1659871807759
-707765681
GPR[SPVATF]-1659871807974
GPR[EPVATF]-1659871808454
[190166] ERROR NoPol - Error ExecutionException java.util.concurrent.ExecutionException: java.lang.RuntimeException: failingTestCasesValidated: nothing to repair, no failing test cases
GPR[ESUN]-1659871808455
GPR[SSUN]-1659871808455
-707765681
GPR[SPVATF]-1659871808670
GPR[EPVATF]-1659871809146
[190857] ERROR NoPol - Error ExecutionException java.util.concurrent.ExecutionException: java.lang.RuntimeException: failingTestCasesValidated: nothing to repair, no failing test cases
GPR[ESUN]-1659871809146
GPR[SSUN]-1659871809146
-707765681
GPR[SPVATF]-1659871809359
GPR[EPVATF]-1659871809843
[191555] ERROR NoPol - Error ExecutionException java.util.concurrent.ExecutionException: java.lang.RuntimeException: failingTestCasesValidated: nothing to repair, no failing test cases
GPR[ESUN]-1659871809844
GPR[SSUN]-1659871809844
-707765681
GPR[SPVATF]-1659871810060
GPR[EPVATF]-1659871810541
[192252] ERROR NoPol - Error ExecutionException java.util.concurrent.ExecutionException: java.lang.RuntimeException: failingTestCasesValidated: nothing to repair, no failing test cases
GPR[ESUN]-1659871810541
GPR[SSUN]-1659871810541
-707765681
GPR[SPVATF]-1659871810762
GPR[EPVATF]-1659871811264
[192975] ERROR NoPol - Error ExecutionException java.util.concurrent.ExecutionException: java.lang.RuntimeException: failingTestCasesValidated: nothing to repair, no failing test cases
GPR[ESUN]-1659871811264
GPR[SSUN]-1659871811264
-707765681
GPR[SPVATF]-1659871811482
GPR[EPVATF]-1659871812993
[194705] ERROR NoPol - Error ExecutionException java.util.concurrent.ExecutionException: java.lang.RuntimeException: failingTestCasesValidated: nothing to repair, no failing test cases
GPR[ESUN]-1659871812994
GPR[SSUN]-1659871812994
-707765681
GPR[SPVATF]-1659871813272
GPR[EPVATF]-1659871813750
[195461] ERROR NoPol - Error ExecutionException java.util.concurrent.ExecutionException: java.lang.RuntimeException: failingTestCasesValidated: nothing to repair, no failing test cases
GPR[SPVATF]-1659871813750
GPR[EPVATF]-1659871814229
[195940] ERROR NoPol - Error ExecutionException java.util.concurrent.ExecutionException: java.lang.RuntimeException: failingTestCasesValidated: nothing to repair, no failing test cases
GPR[ESUN]-1659871814229
GPR[SSUN]-1659871814229
-707765681
GPR[SPVATF]-1659871814443
GPR[EPVATF]-1659871814916
[196627] ERROR NoPol - Error ExecutionException java.util.concurrent.ExecutionException: java.lang.RuntimeException: failingTestCasesValidated: nothing to repair, no failing test cases
GPR[ESUN]-1659871814916
GPR[SSUN]-1659871814916
-707765681
GPR[SPVATF]-1659871815127
GPR[EPVATF]-1659871815606
[197317] ERROR NoPol - Error ExecutionException java.util.concurrent.ExecutionException: java.lang.RuntimeException: failingTestCasesValidated: nothing to repair, no failing test cases
GPR[ESUN]-1659871815606
GPR[SSUN]-1659871815606
-707765681
GPR[SPVATF]-1659871815822
GPR[EPVATF]-1659871816301
[198012] ERROR NoPol - Error ExecutionException java.util.concurrent.ExecutionException: java.lang.RuntimeException: failingTestCasesValidated: nothing to repair, no failing test cases
GPR[ESUN]-1659871816301
GPR[SSUN]-1659871816301
-707765681
GPR[ESUN]-1659871816513
GPR[SSUN]-1659871816513
-707765681
GPR[SPVATF]-1659871816724
GPR[EPVATF]-1659871817205
[198917] ERROR NoPol - Error ExecutionException java.util.concurrent.ExecutionException: java.lang.RuntimeException: failingTestCasesValidated: nothing to repair, no failing test cases
GPR[ESUN]-1659871817206
GPR[SSUN]-1659871817206
-707765681
GPR[ESUN]-1659871817429
GPR[SSUN]-1659871817429
-707765681
GPR[ESUN]-1659871817654
GPR[SSUN]-1659871817654
-707765681
GPR[ESUN]-1659871817865
GPR[SSUN]-1659871817865
-707765681
GPR[SPVATF]-1659871818074
GPR[EPVATF]-1659871818552
[200263] ERROR NoPol - Error ExecutionException java.util.concurrent.ExecutionException: java.lang.RuntimeException: failingTestCasesValidated: nothing to repair, no failing test cases
GPR[ESUN]-1659871818552
GPR[SSUN]-1659871818552
-707765681
GPR[SPVATF]-1659871818765
GPR[EPVATF]-1659871819241
[200952] ERROR NoPol - Error ExecutionException java.util.concurrent.ExecutionException: java.lang.RuntimeException: failingTestCasesValidated: nothing to repair, no failing test cases
GPR[ESUN]-1659871819241
GPR[SSUN]-1659871819241
-707765681
GPR[SPVATF]-1659871819454
GPR[EPVATF]-1659871819933
[201644] ERROR NoPol - Error ExecutionException java.util.concurrent.ExecutionException: java.lang.RuntimeException: failingTestCasesValidated: nothing to repair, no failing test cases
GPR[ESUN]-1659871819933
GPR[SSUN]-1659871819933
-707765681
GPR[ESUN]-1659871820146
GPR[SSUN]-1659871820146
-707765681
GPR[ESUN]-1659871820361
GPR[SSUN]-1659871820361
-707765681
GPR[ESUN]-1659871820574
GPR[SSUN]-1659871820574
-707765681
GPR[SPVATF]-1659871820791
GPR[EPVATF]-1659871821268
[202979] ERROR NoPol - Error ExecutionException java.util.concurrent.ExecutionException: java.lang.RuntimeException: failingTestCasesValidated: nothing to repair, no failing test cases
GPR[ESUN]-1659871821268
GPR[SSUN]-1659871821268
-707765681
GPR[ESUN]-1659871821481
GPR[SSUN]-1659871821481
-707765681
GPR[SPVATF]-1659871821699
GPR[EPVATF]-1659871822180
[203891] ERROR NoPol - Error ExecutionException java.util.concurrent.ExecutionException: java.lang.RuntimeException: failingTestCasesValidated: nothing to repair, no failing test cases
GPR[SPVATF]-1659871822181
GPR[EPVATF]-1659871822662
[204373] ERROR NoPol - Error ExecutionException java.util.concurrent.ExecutionException: java.lang.RuntimeException: failingTestCasesValidated: nothing to repair, no failing test cases
GPR[ESUN]-1659871822662
GPR[SSUN]-1659871822662
-707765681
GPR[SPVATF]-1659871822883
GPR[EPVATF]-1659871823371
[205082] ERROR NoPol - Error ExecutionException java.util.concurrent.ExecutionException: java.lang.RuntimeException: failingTestCasesValidated: nothing to repair, no failing test cases
GPR[ESUN]-1659871823371
GPR[SSUN]-1659871823371
-707765681
GPR[ESUN]-1659871823582
GPR[SSUN]-1659871823582
-707765681
GPR[ESUN]-1659871823788
GPR[SSUN]-1659871823788
657357320
GPR[ESUN]-1659871823999
GPR[SSUN]-1659871823999
657357320
GPR[SPVATF]-1659871824198
GPR[EPVATF]-1659871824678
[206389] ERROR NoPol - Error ExecutionException java.util.concurrent.ExecutionException: java.lang.RuntimeException: failingTestCasesValidated: nothing to repair, no failing test cases
GPR[SPVATF]-1659871824678
GPR[EPVATF]-1659871825158
[206869] ERROR NoPol - Error ExecutionException java.util.concurrent.ExecutionException: java.lang.RuntimeException: failingTestCasesValidated: nothing to repair, no failing test cases
GPR[ESUN]-1659871825158
GPR[SSUN]-1659871825158
657357320
GPR[SPVATF]-1659871825358
GPR[EPVATF]-1659871825835
[207546] ERROR NoPol - Error ExecutionException java.util.concurrent.ExecutionException: java.lang.RuntimeException: failingTestCasesValidated: nothing to repair, no failing test cases
GPR[SPVATF]-1659871825835
GPR[EPVATF]-1659871826349
[208060] ERROR NoPol - Error ExecutionException java.util.concurrent.ExecutionException: java.lang.RuntimeException: failingTestCasesValidated: nothing to repair, no failing test cases
GPR[ESUN]-1659871826349
GPR[SSUN]-1659871826349
1512842906
GPR[ESUN]-1659871826553
GPR[SSUN]-1659871826553
1512842906
GPR[ESUN]-1659871826751
GPR[SSUN]-1659871826751
1512842906
GPR[ESUN]-1659871826953
GPR[SSUN]-1659871826953
1512842906
GPR[ESUN]-1659871827155
GPR[SSUN]-1659871827155
1512842906
GPR[ESUN]-1659871827352
GPR[SSUN]-1659871827352
1512842906
GPR[ESUN]-1659871827552
GPR[SSUN]-1659871827552
1512842906
GPR[ESUN]-1659871827751
GPR[SSUN]-1659871827751
1512842906
GPR[SPVATF]-1659871827945
GPR[EPVATF]-1659871827982
GPR[SPS]-1659871827982
[210226] INFO SMTNopolSynthesizer - Not enough specifications: 0. A trivial patch is "true" or "false", please write new tests specifying SourceLocation org.apache.commons.math3.distribution.HypergeometricDistribution:281.
GPR[EPS]-1659871828516
GPR[ESUN]-1659871828516
GPR[SSUN]-1659871828516
1512842906
GPR[SPVATF]-1659871828717
GPR[EPVATF]-1659871828752
GPR[SPS]-1659871828752
GPR[EPS]-1659871829973
GPR[ESUN]-1659871829973
GPR[SSUN]-1659871829973
1512842906
GPR[SPVATF]-1659871830180
GPR[EPVATF]-1659871830213
GPR[SPS]-1659871830213
GPR[EPS]-1659871830938
GPR[SPVATF]-1659871830939
GPR[EPVATF]-1659871830972
GPR[SPS]-1659871830972
GPR[EPS]-1659871831698
GPR[ESUN]-1659871831698
GPR[SSUN]-1659871831698
1512842906
GPR[ESUN]-1659871831900
GPR[SSUN]-1659871831900
1512842906
GPR[ESUN]-1659871832100
GPR[SSUN]-1659871832100
1512842906
GPR[ESUN]-1659871832297
GPR[SSUN]-1659871832297
1512842906
GPR[ESUN]-1659871832500
GPR[SSUN]-1659871832500
-707765681
GPR[ESUN]-1659871832710
GPR[SSUN]-1659871832710
-707765681
GPR[SPVATF]-1659871832918
GPR[EPVATF]-1659871833374
[215085] ERROR NoPol - Error ExecutionException java.util.concurrent.ExecutionException: java.lang.RuntimeException: failingTestCasesValidated: nothing to repair, no failing test cases
GPR[ESUN]-1659871833374
GPR[SSUN]-1659871833374
-707765681
GPR[SPVATF]-1659871834308
GPR[EPVATF]-1659871834834
[216545] ERROR NoPol - Error ExecutionException java.util.concurrent.ExecutionException: java.lang.RuntimeException: failingTestCasesValidated: nothing to repair, no failing test cases
GPR[ESUN]-1659871834834
GPR[SSUN]-1659871834834
-707765681
GPR[ESUN]-1659871835094
GPR[SSUN]-1659871835094
1033054629
GPR[ESUN]-1659871835325
GPR[SSUN]-1659871835325
2045472577
GPR[ESUN]-1659871835575
GPR[SSUN]-1659871835575
-707765681
GPR[SPVATF]-1659871835844
GPR[EPVATF]-1659871836317
[218028] ERROR NoPol - Error ExecutionException java.util.concurrent.ExecutionException: java.lang.RuntimeException: failingTestCasesValidated: nothing to repair, no failing test cases
GPR[ESUN]-1659871836317
GPR[SSUN]-1659871836317
-707765681
GPR[SPVATF]-1659871836578
GPR[EPVATF]-1659871837051
[218762] ERROR NoPol - Error ExecutionException java.util.concurrent.ExecutionException: java.lang.RuntimeException: failingTestCasesValidated: nothing to repair, no failing test cases
GPR[ESUN]-1659871837051
GPR[SSUN]-1659871837051
-707765681
GPR[SPVATF]-1659871837295
GPR[EPVATF]-1659871837772
[219483] ERROR NoPol - Error ExecutionException java.util.concurrent.ExecutionException: java.lang.RuntimeException: failingTestCasesValidated: nothing to repair, no failing test cases
GPR[ESUN]-1659871837772
GPR[SSUN]-1659871837772
-707765681
GPR[SPVATF]-1659871837981
GPR[EPVATF]-1659871838459
[220170] ERROR NoPol - Error ExecutionException java.util.concurrent.ExecutionException: java.lang.RuntimeException: failingTestCasesValidated: nothing to repair, no failing test cases
GPR[ESUN]-1659871838459
GPR[SSUN]-1659871838459
-707765681
GPR[SPVATF]-1659871838668
GPR[EPVATF]-1659871839148
[220859] ERROR NoPol - Error ExecutionException java.util.concurrent.ExecutionException: java.lang.RuntimeException: failingTestCasesValidated: nothing to repair, no failing test cases
GPR[ESUN]-1659871839148
GPR[SSUN]-1659871839148
-707765681
GPR[ESUN]-1659871839359
GPR[SSUN]-1659871839359
-707765681
GPR[ESUN]-1659871839569
GPR[SSUN]-1659871839569
-707765681
GPR[SPVATF]-1659871839778
GPR[EPVATF]-1659871840283
[221995] ERROR NoPol - Error ExecutionException java.util.concurrent.ExecutionException: java.lang.RuntimeException: failingTestCasesValidated: nothing to repair, no failing test cases
GPR[ESUN]-1659871840284
GPR[SSUN]-1659871840284
-707765681
GPR[SPVATF]-1659871840494
GPR[EPVATF]-1659871840996
[222707] ERROR NoPol - Error ExecutionException java.util.concurrent.ExecutionException: java.lang.RuntimeException: failingTestCasesValidated: nothing to repair, no failing test cases
GPR[ESUN]-1659871840996
GPR[SSUN]-1659871840996
-707765681
GPR[ESUN]-1659871841212
GPR[SSUN]-1659871841212
-707765681
GPR[SPVATF]-1659871841425
GPR[EPVATF]-1659871841909
[223620] ERROR NoPol - Error ExecutionException java.util.concurrent.ExecutionException: java.lang.RuntimeException: failingTestCasesValidated: nothing to repair, no failing test cases
GPR[ESUN]-1659871841909
GPR[SSUN]-1659871841909
-707765681
GPR[SPVATF]-1659871842123
GPR[EPVATF]-1659871842799
[224510] ERROR NoPol - Error ExecutionException java.util.concurrent.ExecutionException: java.lang.RuntimeException: failingTestCasesValidated: nothing to repair, no failing test cases
GPR[ESUN]-1659871842799
GPR[SSUN]-1659871842799
-707765681
GPR[ESUN]-1659871843018
GPR[SSUN]-1659871843018
-707765681
GPR[SPVATF]-1659871843227
GPR[EPVATF]-1659871843707
[225418] ERROR NoPol - Error ExecutionException java.util.concurrent.ExecutionException: java.lang.RuntimeException: failingTestCasesValidated: nothing to repair, no failing test cases
GPR[SPVATF]-1659871843708
GPR[EPVATF]-1659871844187
[225898] ERROR NoPol - Error ExecutionException java.util.concurrent.ExecutionException: java.lang.RuntimeException: failingTestCasesValidated: nothing to repair, no failing test cases
GPR[ESUN]-1659871844187
GPR[SSUN]-1659871844187
-707765681
GPR[ESUN]-1659871844396
GPR[SSUN]-1659871844396
-707765681
GPR[SPVATF]-1659871844608
GPR[EPVATF]-1659871845094
[226805] ERROR NoPol - Error ExecutionException java.util.concurrent.ExecutionException: java.lang.RuntimeException: failingTestCasesValidated: nothing to repair, no failing test cases
GPR[SPVATF]-1659871845094
GPR[EPVATF]-1659871845577
[227289] ERROR NoPol - Error ExecutionException java.util.concurrent.ExecutionException: java.lang.RuntimeException: failingTestCasesValidated: nothing to repair, no failing test cases
GPR[ESUN]-1659871845578
GPR[SSUN]-1659871845578
-707765681
GPR[ESUN]-1659871845787
GPR[SSUN]-1659871845787
-707765681
GPR[SPVATF]-1659871845994
GPR[EPVATF]-1659871846478
[228189] ERROR NoPol - Error ExecutionException java.util.concurrent.ExecutionException: java.lang.RuntimeException: failingTestCasesValidated: nothing to repair, no failing test cases
GPR[ESUN]-1659871846478
GPR[SSUN]-1659871846478
-707765681
GPR[SPVATF]-1659871846693
GPR[EPVATF]-1659871847162
[228873] ERROR NoPol - Error ExecutionException java.util.concurrent.ExecutionException: java.lang.RuntimeException: failingTestCasesValidated: nothing to repair, no failing test cases
GPR[ESUN]-1659871847162
GPR[SSUN]-1659871847162
-707765681
GPR[SPVATF]-1659871847375
GPR[EPVATF]-1659871847860
[229572] ERROR NoPol - Error ExecutionException java.util.concurrent.ExecutionException: java.lang.RuntimeException: failingTestCasesValidated: nothing to repair, no failing test cases
GPR[ESUN]-1659871847861
GPR[SSUN]-1659871847861
-707765681
GPR[SPVATF]-1659871848078
GPR[EPVATF]-1659871848554
[230265] ERROR NoPol - Error ExecutionException java.util.concurrent.ExecutionException: java.lang.RuntimeException: failingTestCasesValidated: nothing to repair, no failing test cases
GPR[ESUN]-1659871848554
GPR[SSUN]-1659871848554
-707765681
GPR[ESUN]-1659871848770
GPR[SSUN]-1659871848770
-707765681
GPR[ESUN]-1659871848982
GPR[SSUN]-1659871848982
-707765681
GPR[SPVATF]-1659871849195
GPR[EPVATF]-1659871849672
[231383] ERROR NoPol - Error ExecutionException java.util.concurrent.ExecutionException: java.lang.RuntimeException: failingTestCasesValidated: nothing to repair, no failing test cases
GPR[SPVATF]-1659871849672
GPR[EPVATF]-1659871850165
[231876] ERROR NoPol - Error ExecutionException java.util.concurrent.ExecutionException: java.lang.RuntimeException: failingTestCasesValidated: nothing to repair, no failing test cases
GPR[ESUN]-1659871850165
GPR[SSUN]-1659871850165
-707765681
GPR[ESUN]-1659871850382
GPR[SSUN]-1659871850382
2045472577
GPR[SPVATF]-1659871850583
GPR[EPVATF]-1659871850615
GPR[SPS]-1659871850615
GPR[EPS]-1659871852164
GPR[SPVATR]-1659871852164
[233875] INFO TestPatch - Applying patch: org.apache.commons.math3.distribution.AbstractIntegerDistribution:138: PRECONDITION upper == sigma
[234119] INFO TestPatch - Running test suite to check the patch "upper == sigma" is working
GPR[EPVATR]-1659871852952
[234663] INFO NoPol - ----PATCH FOUND----
GPR[PF]-1659871852952
[234671] INFO NoPol - --- a/src/main/java/org/apache/commons/math3/distribution/AbstractIntegerDistribution.java
+++ b/src/main/java/org/apache/commons/math3/distribution/AbstractIntegerDistribution.java
@@ -137,3 +137,5 @@
             if (tmp < upper) {
-                upper = ((int) Math.ceil(tmp)) - 1;
+                if (upper == sigma) {
+                    upper = ((int) Math.ceil(tmp)) - 1;
+                }
             }

Saving patch at /experiment_home///results/Nopol/Math/2/seed_260/patch_230723_1ts_1659871852960.diff
GPR[ESUN]-1659871852961
GPR[SSUN]-1659871852961
2045472577
GPR[SPVATF]-1659871853163
GPR[EPVATF]-1659871853195
GPR[SPS]-1659871853195
GPR[EPS]-1659871854708
GPR[SPVATR]-1659871854708
[236419] INFO TestPatch - Applying patch: org.apache.commons.math3.distribution.AbstractIntegerDistribution:137: PRECONDITION k == sigma
[236663] INFO TestPatch - Running test suite to check the patch "k == sigma" is working
GPR[EPVATR]-1659871855503
[237214] INFO NoPol - ----PATCH FOUND----
GPR[PF]-1659871855504
[237217] INFO NoPol - --- a/src/main/java/org/apache/commons/math3/distribution/AbstractIntegerDistribution.java
+++ b/src/main/java/org/apache/commons/math3/distribution/AbstractIntegerDistribution.java
@@ -136,4 +136,6 @@
             tmp = mu + k * sigma;
-            if (tmp < upper) {
-                upper = ((int) Math.ceil(tmp)) - 1;
+            if (k == sigma) {
+                if (tmp < upper) {
+                    upper = ((int) Math.ceil(tmp)) - 1;
+                }
             }

Saving patch at /experiment_home///results/Nopol/Math/2/seed_260/patch_233269_2ts_1659871855506.diff
GPR[SPVATF]-1659871855507
GPR[EPVATF]-1659871855541
GPR[SPS]-1659871855541
GPR[EPS]-1659871857059
GPR[SPVATR]-1659871857059
[238770] INFO TestPatch - Applying patch: org.apache.commons.math3.distribution.AbstractIntegerDistribution:137: CONDITIONAL sigma == lower
[239008] INFO TestPatch - Running test suite to check the patch "sigma == lower" is working
GPR[EPVATR]-1659871857833
[239544] INFO NoPol - ----PATCH FOUND----
GPR[PF]-1659871857833
[239545] INFO NoPol - --- a/src/main/java/org/apache/commons/math3/distribution/AbstractIntegerDistribution.java
+++ b/src/main/java/org/apache/commons/math3/distribution/AbstractIntegerDistribution.java
@@ -136,3 +136,3 @@
             tmp = mu + k * sigma;
-            if (tmp < upper) {
+            if (sigma == lower) {
                 upper = ((int) Math.ceil(tmp)) - 1;

Saving patch at /experiment_home///results/Nopol/Math/2/seed_260/patch_235597_3ts_1659871857834.diff
GPR[ESUN]-1659871857835
GPR[SSUN]-1659871857835
2045472577
GPR[SPVATF]-1659871858038
GPR[EPVATF]-1659871858071
GPR[SPS]-1659871858071
[240034] INFO SMTNopolSynthesizer - Not enough specifications: 0. A trivial patch is "true" or "false", please write new tests specifying SourceLocation org.apache.commons.math3.distribution.AbstractIntegerDistribution:136.
GPR[EPS]-1659871858323
GPR[ESUN]-1659871858323
GPR[SSUN]-1659871858323
2045472577
GPR[SPVATF]-1659871858523
GPR[EPVATF]-1659871858556
GPR[SPS]-1659871858556
[240513] INFO SMTNopolSynthesizer - Not enough specifications: 0. A trivial patch is "true" or "false", please write new tests specifying SourceLocation org.apache.commons.math3.distribution.AbstractIntegerDistribution:135.
GPR[EPS]-1659871858803
GPR[ESUN]-1659871858803
GPR[SSUN]-1659871858803
2045472577
GPR[SPVATF]-1659871859009
GPR[EPVATF]-1659871859043
GPR[SPS]-1659871859043
[241009] INFO SMTNopolSynthesizer - Not enough specifications: 0. A trivial patch is "true" or "false", please write new tests specifying SourceLocation org.apache.commons.math3.distribution.AbstractIntegerDistribution:132.
GPR[EPS]-1659871859298
GPR[SPVATF]-1659871859298
GPR[EPVATF]-1659871859331
GPR[SPS]-1659871859331
[241290] INFO SMTNopolSynthesizer - Not enough specifications: 0. A trivial patch is "true" or "false", please write new tests specifying SourceLocation org.apache.commons.math3.distribution.AbstractIntegerDistribution:132.
GPR[EPS]-1659871859579
GPR[ESUN]-1659871859579
GPR[SSUN]-1659871859579
2045472577
GPR[ESUN]-1659871859780
GPR[SSUN]-1659871859780
2045472577
GPR[ESUN]-1659871859978
GPR[SSUN]-1659871859978
1033054629
GPR[ESUN]-1659871860176
GPR[SSUN]-1659871860176
1033054629
GPR[ESUN]-1659871860369
GPR[SSUN]-1659871860369
1033054629
GPR[SPVATF]-1659871860564
GPR[EPVATF]-1659871861048
[242759] ERROR NoPol - Error ExecutionException java.util.concurrent.ExecutionException: java.lang.RuntimeException: failingTestCasesValidated: nothing to repair, no failing test cases
GPR[SPVATF]-1659871861049
GPR[EPVATF]-1659871861530
[243242] ERROR NoPol - Error ExecutionException java.util.concurrent.ExecutionException: java.lang.RuntimeException: failingTestCasesValidated: nothing to repair, no failing test cases
GPR[ESUN]-1659871861531
GPR[SSUN]-1659871861531
1033054629
GPR[SPVATF]-1659871861782
GPR[EPVATF]-1659871862265
[243976] ERROR NoPol - Error ExecutionException java.util.concurrent.ExecutionException: java.lang.RuntimeException: failingTestCasesValidated: nothing to repair, no failing test cases
GPR[ESUN]-1659871862265
GPR[SSUN]-1659871862265
1033054629
GPR[SPVATF]-1659871862462
GPR[EPVATF]-1659871862943
[244655] ERROR NoPol - Error ExecutionException java.util.concurrent.ExecutionException: java.lang.RuntimeException: failingTestCasesValidated: nothing to repair, no failing test cases
GPR[ESUN]-1659871862944
GPR[SSUN]-1659871862944
1033054629
GPR[ESUN]-1659871863141
GPR[SSUN]-1659871863141
1033054629
GPR[SPVATF]-1659871863335
GPR[EPVATF]-1659871863814
[245525] ERROR NoPol - Error ExecutionException java.util.concurrent.ExecutionException: java.lang.RuntimeException: failingTestCasesValidated: nothing to repair, no failing test cases
GPR[ESUN]-1659871863814
GPR[SSUN]-1659871863814
1033054629
GPR[ESUN]-1659871864010
GPR[SSUN]-1659871864010
1033054629
GPR[ESUN]-1659871864204
GPR[SSUN]-1659871864204
1033054629
GPR[ESUN]-1659871864404
GPR[SSUN]-1659871864404
1033054629
GPR[ESUN]-1659871864605
GPR[SSUN]-1659871864605
1033054629
GPR[SPVATF]-1659871864798
GPR[EPVATF]-1659871865278
[246989] ERROR NoPol - Error ExecutionException java.util.concurrent.ExecutionException: java.lang.RuntimeException: failingTestCasesValidated: nothing to repair, no failing test cases
GPR[SPVATF]-1659871865278
GPR[EPVATF]-1659871865765
[247476] ERROR NoPol - Error ExecutionException java.util.concurrent.ExecutionException: java.lang.RuntimeException: failingTestCasesValidated: nothing to repair, no failing test cases
GPR[ESUN]-1659871865765
GPR[SSUN]-1659871865765
1033054629
GPR[ESUN]-1659871865962
GPR[SSUN]-1659871865962
2045472577
GPR[ESUN]-1659871866161
GPR[SSUN]-1659871866161
2045472577
GPR[SPVATF]-1659871866358
GPR[EPVATF]-1659871866391
GPR[SPS]-1659871866392
[248344] INFO SMTNopolSynthesizer - Not enough specifications: 0. A trivial patch is "true" or "false", please write new tests specifying SourceLocation org.apache.commons.math3.distribution.AbstractIntegerDistribution:158.
GPR[EPS]-1659871866633
GPR[ESUN]-1659871866633
GPR[SSUN]-1659871866633
2045472577
GPR[ESUN]-1659871866833
GPR[SSUN]-1659871866833
2045472577
GPR[SPVATF]-1659871867032
GPR[EPVATF]-1659871867065
GPR[SPS]-1659871867065
GPR[EPS]-1659871868567
GPR[SPVATR]-1659871868567
[250279] INFO TestPatch - Applying patch: org.apache.commons.math3.distribution.AbstractIntegerDistribution:129: PRECONDITION sigma == lower
[250514] INFO TestPatch - Running test suite to check the patch "sigma == lower" is working
GPR[EPVATR]-1659871869367
[251078] INFO NoPol - ----PATCH FOUND----
GPR[PF]-1659871869367
[251079] INFO NoPol - --- a/src/main/java/org/apache/commons/math3/distribution/AbstractIntegerDistribution.java
+++ b/src/main/java/org/apache/commons/math3/distribution/AbstractIntegerDistribution.java
@@ -128,13 +128,15 @@
                 Double.isInfinite(sigma) || Double.isNaN(sigma) || sigma == 0.0);
-        if (chebyshevApplies) {
-            double k = FastMath.sqrt((1.0 - p) / p);
-            double tmp = mu - k * sigma;
-            if (tmp > lower) {
-                lower = ((int) Math.ceil(tmp)) - 1;
+        if (sigma == lower) {
+            if (chebyshevApplies) {
+                double k = FastMath.sqrt((1.0 - p) / p);
+                double tmp = mu - k * sigma;
+                if (tmp > lower) {
+                    lower = ((int) Math.ceil(tmp)) - 1;
+                }
+                k = 1.0 / k;
+                tmp = mu + k * sigma;
+                if (tmp < upper) {
+                    upper = ((int) Math.ceil(tmp)) - 1;
+                }
             }
-            k = 1.0 / k;
-            tmp = mu + k * sigma;
-            if (tmp < upper) {
-                upper = ((int) Math.ceil(tmp)) - 1;
-            }
         }

Saving patch at /experiment_home///results/Nopol/Math/2/seed_260/patch_247131_4ts_1659871869368.diff
GPR[SPVATF]-1659871869369
GPR[EPVATF]-1659871869402
GPR[SPS]-1659871869402
GPR[EPS]-1659871870889
GPR[SPVATR]-1659871870889
[252600] INFO TestPatch - Applying patch: org.apache.commons.math3.distribution.AbstractIntegerDistribution:129: CONDITIONAL lower == 0
[252833] INFO TestPatch - Running test suite to check the patch "lower == 0" is working
GPR[EPVATR]-1659871871667
[253378] INFO NoPol - ----PATCH FOUND----
GPR[PF]-1659871871667
[253380] INFO NoPol - --- a/src/main/java/org/apache/commons/math3/distribution/AbstractIntegerDistribution.java
+++ b/src/main/java/org/apache/commons/math3/distribution/AbstractIntegerDistribution.java
@@ -128,3 +128,3 @@
                 Double.isInfinite(sigma) || Double.isNaN(sigma) || sigma == 0.0);
-        if (chebyshevApplies) {
+        if (lower == 0) {
             double k = FastMath.sqrt((1.0 - p) / p);

Saving patch at /experiment_home///results/Nopol/Math/2/seed_260/patch_249432_5ts_1659871871669.diff
GPR[ESUN]-1659871871669
GPR[SSUN]-1659871871669
2045472577
GPR[ESUN]-1659871871877
GPR[SSUN]-1659871871877
2045472577
GPR[ESUN]-1659871872070
GPR[SSUN]-1659871872070
2045472577
GPR[ESUN]-1659871872268
GPR[SSUN]-1659871872268
GPR[ESUN]-1659871872268
GPR[SSUN]-1659871872268
GPR[ESUN]-1659871872268
GPR[SSUN]-1659871872268
GPR[ESUN]-1659871872268
GPR[SSUN]-1659871872268
GPR[ESUN]-1659871872268
GPR[SSUN]-1659871872268
GPR[ESUN]-1659871872268
GPR[SSUN]-1659871872268
GPR[ESUN]-1659871872268
GPR[SSUN]-1659871872268
GPR[ESUN]-1659871872268
GPR[SSUN]-1659871872268
GPR[ESUN]-1659871872268
GPR[SSUN]-1659871872268
GPR[ESUN]-1659871872268
GPR[SSUN]-1659871872268
GPR[ESUN]-1659871872268
GPR[SSUN]-1659871872268
GPR[ESUN]-1659871872268
GPR[SSUN]-1659871872268
GPR[ESUN]-1659871872268
GPR[SSUN]-1659871872268
GPR[ESUN]-1659871872268
GPR[SSUN]-1659871872268
GPR[ESUN]-1659871872268
GPR[SSUN]-1659871872268
GPR[ESUN]-1659871872268
GPR[SSUN]-1659871872268
GPR[ESUN]-1659871872268
GPR[SSUN]-1659871872268
1033054629
GPR[SPVATF]-1659871872463
GPR[EPVATF]-1659871872948
[254659] ERROR NoPol - Error ExecutionException java.util.concurrent.ExecutionException: java.lang.RuntimeException: failingTestCasesValidated: nothing to repair, no failing test cases
GPR[ESUN]-1659871872948
GPR[SSUN]-1659871872948
2045472577
GPR[SPVATF]-1659871873149
GPR[EPVATF]-1659871873181
GPR[SPS]-1659871873181
[255138] INFO SMTNopolSynthesizer - Not enough specifications: 0. A trivial patch is "true" or "false", please write new tests specifying SourceLocation org.apache.commons.math3.distribution.AbstractIntegerDistribution:119.
GPR[EPS]-1659871873427
GPR[SPVATF]-1659871873428
GPR[EPVATF]-1659871873463
GPR[SPS]-1659871873463
[2055142] ERROR NoPol - Timeout: execution time > 30 MINUTES
java.util.concurrent.TimeoutException
	at java.util.concurrent.FutureTask.get(FutureTask.java:205)
	at fr.inria.lille.repair.nopol.NoPol.executeNopolProcessor(NoPol.java:309)
	at fr.inria.lille.repair.nopol.NoPol.runOnStatement(NoPol.java:254)
	at fr.inria.lille.repair.nopol.NoPol.solveWithMultipleBuild(NoPol.java:223)
	at fr.inria.lille.repair.nopol.NoPol.build(NoPol.java:166)
	at fr.inria.lille.repair.Main$1.call(Main.java:103)
	at java.util.concurrent.FutureTask.run(FutureTask.java:266)
	at java.util.concurrent.ThreadPoolExecutor.runWorker(ThreadPoolExecutor.java:1142)
	at java.util.concurrent.ThreadPoolExecutor$Worker.run(ThreadPoolExecutor.java:617)
	at java.lang.Thread.run(Thread.java:745)
GPR[ESUN]-1659873673435
GPR[SSUN]-1659873673435
2045472577
GPR[ESUN]-1659873673756
GPR[SSUN]-1659873673756
2045472577
GPR[SPVATF]-1659873673959
GPR[EPVATF]-1659873673993
GPR[SPS]-1659873673993
[2055955] INFO SMTNopolSynthesizer - Not enough specifications: 0. A trivial patch is "true" or "false", please write new tests specifying SourceLocation org.apache.commons.math3.distribution.AbstractIntegerDistribution:114.
GPR[EPS]-1659873674244
GPR[ESUN]-1659873674244
GPR[SSUN]-1659873674244
2045472577
GPR[SPVATF]-1659873674446
GPR[EPVATF]-1659873674480
GPR[SPS]-1659873674480
[2056440] INFO SMTNopolSynthesizer - Not enough specifications: 0. A trivial patch is "true" or "false", please write new tests specifying SourceLocation org.apache.commons.math3.distribution.AbstractIntegerDistribution:109.
GPR[EPS]-1659873674729
GPR[SPVATF]-1659873674729
GPR[EPVATF]-1659873674762
GPR[SPS]-1659873674762
[2056726] INFO SMTNopolSynthesizer - Not enough specifications: 0. A trivial patch is "true" or "false", please write new tests specifying SourceLocation org.apache.commons.math3.distribution.AbstractIntegerDistribution:109.
GPR[EPS]-1659873675015
GPR[ESUN]-1659873675015
GPR[SSUN]-1659873675015
2045472577
GPR[SPVATF]-1659873675218
GPR[EPVATF]-1659873675251
GPR[SPS]-1659873675251
[2057213] INFO SMTNopolSynthesizer - Not enough specifications: 0. A trivial patch is "true" or "false", please write new tests specifying SourceLocation org.apache.commons.math3.distribution.AbstractIntegerDistribution:106.
GPR[EPS]-1659873675502
GPR[SPVATF]-1659873675502
GPR[EPVATF]-1659873675538
GPR[SPS]-1659873675538
[3857213] ERROR NoPol - Timeout: execution time > 30 MINUTES
java.util.concurrent.TimeoutException
	at java.util.concurrent.FutureTask.get(FutureTask.java:205)
	at fr.inria.lille.repair.nopol.NoPol.executeNopolProcessor(NoPol.java:309)
	at fr.inria.lille.repair.nopol.NoPol.runOnStatement(NoPol.java:254)
	at fr.inria.lille.repair.nopol.NoPol.solveWithMultipleBuild(NoPol.java:223)
	at fr.inria.lille.repair.nopol.NoPol.build(NoPol.java:166)
	at fr.inria.lille.repair.Main$1.call(Main.java:103)
	at java.util.concurrent.FutureTask.run(FutureTask.java:266)
	at java.util.concurrent.ThreadPoolExecutor.runWorker(ThreadPoolExecutor.java:1142)
	at java.util.concurrent.ThreadPoolExecutor$Worker.run(ThreadPoolExecutor.java:617)
	at java.lang.Thread.run(Thread.java:745)
GPR[ESUN]-1659875475503
GPR[SSUN]-1659875475503
2045472577
GPR[ESUN]-1659875475838
GPR[SSUN]-1659875475838
1033054629
GPR[SPVATF]-1659875476037
GPR[EPVATF]-1659875476589
[3858300] ERROR NoPol - Error ExecutionException java.util.concurrent.ExecutionException: java.lang.RuntimeException: failingTestCasesValidated: nothing to repair, no failing test cases
GPR[ESUN]-1659875476589
GPR[SSUN]-1659875476589
1033054629
GPR[SPVATF]-1659875476830
GPR[EPVATF]-1659875477333
[3859044] ERROR NoPol - Error ExecutionException java.util.concurrent.ExecutionException: java.lang.RuntimeException: failingTestCasesValidated: nothing to repair, no failing test cases
GPR[ESUN]-1659875477333
GPR[SSUN]-1659875477333
1033054629
GPR[SPVATF]-1659875477535
GPR[EPVATF]-1659875478035
[3859747] ERROR NoPol - Error ExecutionException java.util.concurrent.ExecutionException: java.lang.RuntimeException: failingTestCasesValidated: nothing to repair, no failing test cases
GPR[ESUN]-1659875478036
GPR[SSUN]-1659875478036
2045472577
GPR[SPVATF]-1659875478241
GPR[EPVATF]-1659875478274
GPR[SPS]-1659875478274
[3860237] INFO SMTNopolSynthesizer - Not enough specifications: 0. A trivial patch is "true" or "false", please write new tests specifying SourceLocation org.apache.commons.math3.distribution.AbstractIntegerDistribution:101.
GPR[EPS]-1659875478526
GPR[SPVATF]-1659875478526
GPR[EPVATF]-1659875478611
GPR[SPS]-1659875478611
[3860579] INFO SMTNopolSynthesizer - Not enough specifications: 0. A trivial patch is "true" or "false", please write new tests specifying SourceLocation org.apache.commons.math3.distribution.AbstractIntegerDistribution:101.
GPR[EPS]-1659875478868
GPR[ESUN]-1659875478868
GPR[SSUN]-1659875478868
1033054629
GPR[SPVATF]-1659875479087
GPR[EPVATF]-1659875479595
[3861306] ERROR NoPol - Error ExecutionException java.util.concurrent.ExecutionException: java.lang.RuntimeException: failingTestCasesValidated: nothing to repair, no failing test cases
GPR[ESUN]-1659875479595
GPR[SSUN]-1659875479595
1033054629
GPR[SPVATF]-1659875479825
GPR[EPVATF]-1659875480334
[3862045] ERROR NoPol - Error ExecutionException java.util.concurrent.ExecutionException: java.lang.RuntimeException: failingTestCasesValidated: nothing to repair, no failing test cases
GPR[SPVATF]-1659875480334
GPR[EPVATF]-1659875480849
[3862561] ERROR NoPol - Error ExecutionException java.util.concurrent.ExecutionException: java.lang.RuntimeException: failingTestCasesValidated: nothing to repair, no failing test cases
GPR[ESUN]-1659875480850
GPR[SSUN]-1659875480850
1033054629
GPR[SPVATF]-1659875481052
GPR[EPVATF]-1659875481563
[3863274] ERROR NoPol - Error ExecutionException java.util.concurrent.ExecutionException: java.lang.RuntimeException: failingTestCasesValidated: nothing to repair, no failing test cases
GPR[SPVATF]-1659875481563
GPR[EPVATF]-1659875482077
[3863788] ERROR NoPol - Error ExecutionException java.util.concurrent.ExecutionException: java.lang.RuntimeException: failingTestCasesValidated: nothing to repair, no failing test cases
GPR[ESUN]-1659875482077
GPR[SSUN]-1659875482077
1033054629
GPR[SPVATF]-1659875482279
GPR[EPVATF]-1659875482791
[3864502] ERROR NoPol - Error ExecutionException java.util.concurrent.ExecutionException: java.lang.RuntimeException: failingTestCasesValidated: nothing to repair, no failing test cases
GPR[SPVATF]-1659875482791
GPR[EPVATF]-1659875483362
[3865073] ERROR NoPol - Error ExecutionException java.util.concurrent.ExecutionException: java.lang.RuntimeException: failingTestCasesValidated: nothing to repair, no failing test cases
GPR[ESUN]-1659875483362
GPR[SSUN]-1659875483362
1033054629
GPR[SPVATF]-1659875483568
GPR[EPVATF]-1659875484079
[3865790] ERROR NoPol - Error ExecutionException java.util.concurrent.ExecutionException: java.lang.RuntimeException: failingTestCasesValidated: nothing to repair, no failing test cases
GPR[SPVATF]-1659875484079
GPR[EPVATF]-1659875484599
[3866311] ERROR NoPol - Error ExecutionException java.util.concurrent.ExecutionException: java.lang.RuntimeException: failingTestCasesValidated: nothing to repair, no failing test cases
GPR[ESUN]-1659875484600
GPR[SSUN]-1659875484600
1033054629
GPR[SPVATF]-1659875484828
GPR[EPVATF]-1659875485346
[3867057] ERROR NoPol - Error ExecutionException java.util.concurrent.ExecutionException: java.lang.RuntimeException: failingTestCasesValidated: nothing to repair, no failing test cases
GPR[SPVATF]-1659875485346
GPR[EPVATF]-1659875485870
[3867581] ERROR NoPol - Error ExecutionException java.util.concurrent.ExecutionException: java.lang.RuntimeException: failingTestCasesValidated: nothing to repair, no failing test cases
GPR[ESUN]-1659875485871
GPR[SSUN]-1659875485871
1033054629
GPR[ESUN]-1659875486067
GPR[SSUN]-1659875486067
1033054629
GPR[SPVATF]-1659875486263
GPR[EPVATF]-1659875486775
[3868486] ERROR NoPol - Error ExecutionException java.util.concurrent.ExecutionException: java.lang.RuntimeException: failingTestCasesValidated: nothing to repair, no failing test cases
GPR[ESUN]-1659875486775
GPR[SSUN]-1659875486775
1033054629
GPR[ESUN]-1659875486973
GPR[SSUN]-1659875486973
1033054629
GPR[SPVATF]-1659875487170
GPR[EPVATF]-1659875487691
[3869402] ERROR NoPol - Error ExecutionException java.util.concurrent.ExecutionException: java.lang.RuntimeException: failingTestCasesValidated: nothing to repair, no failing test cases
GPR[SPVATF]-1659875487691
GPR[EPVATF]-1659875488263
[3869974] ERROR NoPol - Error ExecutionException java.util.concurrent.ExecutionException: java.lang.RuntimeException: failingTestCasesValidated: nothing to repair, no failing test cases
GPR[ESUN]-1659875488263
GPR[SSUN]-1659875488263
1033054629
GPR[SPVATF]-1659875488465
GPR[EPVATF]-1659875488979
[3870690] ERROR NoPol - Error ExecutionException java.util.concurrent.ExecutionException: java.lang.RuntimeException: failingTestCasesValidated: nothing to repair, no failing test cases
GPR[SPVATF]-1659875488979
GPR[EPVATF]-1659875489495
[3871206] ERROR NoPol - Error ExecutionException java.util.concurrent.ExecutionException: java.lang.RuntimeException: failingTestCasesValidated: nothing to repair, no failing test cases
GPR[ESUN]-1659875489495
GPR[SSUN]-1659875489495
1033054629
GPR[SPVATF]-1659875489695
GPR[EPVATF]-1659875490214
[3871925] ERROR NoPol - Error ExecutionException java.util.concurrent.ExecutionException: java.lang.RuntimeException: failingTestCasesValidated: nothing to repair, no failing test cases
GPR[SPVATF]-1659875490214
GPR[EPVATF]-1659875490731
[3872442] ERROR NoPol - Error ExecutionException java.util.concurrent.ExecutionException: java.lang.RuntimeException: failingTestCasesValidated: nothing to repair, no failing test cases
GPR[ESUN]-1659875490731
GPR[SSUN]-1659875490731
1033054629
GPR[SPVATF]-1659875490930
GPR[EPVATF]-1659875491443
[3873154] ERROR NoPol - Error ExecutionException java.util.concurrent.ExecutionException: java.lang.RuntimeException: failingTestCasesValidated: nothing to repair, no failing test cases
GPR[ESUN]-1659875491443
GPR[SSUN]-1659875491443
1033054629
GPR[ESUN]-1659875491642
GPR[SSUN]-1659875491642
1033054629
GPR[ESUN]-1659875491839
GPR[SSUN]-1659875491839
1033054629
GPR[ESUN]-1659875492038
GPR[SSUN]-1659875492038
1033054629
GPR[SPVATF]-1659875492234
GPR[EPVATF]-1659875492804
[3874515] ERROR NoPol - Error ExecutionException java.util.concurrent.ExecutionException: java.lang.RuntimeException: failingTestCasesValidated: nothing to repair, no failing test cases
GPR[ESUN]-1659875492805
GPR[SSUN]-1659875492805
1033054629
GPR[SPVATF]-1659875493003
GPR[EPVATF]-1659875493522
[3875233] ERROR NoPol - Error ExecutionException java.util.concurrent.ExecutionException: java.lang.RuntimeException: failingTestCasesValidated: nothing to repair, no failing test cases
GPR[ESUN]-1659875493522
GPR[SSUN]-1659875493522
1033054629
GPR[SPVATF]-1659875493719
GPR[EPVATF]-1659875494238
[3875949] ERROR NoPol - Error ExecutionException java.util.concurrent.ExecutionException: java.lang.RuntimeException: failingTestCasesValidated: nothing to repair, no failing test cases
GPR[ESUN]-1659875494238
GPR[SSUN]-1659875494238
1033054629
GPR[SPVATF]-1659875494436
GPR[EPVATF]-1659875494960
[3876671] ERROR NoPol - Error ExecutionException java.util.concurrent.ExecutionException: java.lang.RuntimeException: failingTestCasesValidated: nothing to repair, no failing test cases
GPR[ESUN]-1659875494960
GPR[SSUN]-1659875494960
1033054629
GPR[ESUN]-1659875495157
GPR[SSUN]-1659875495157
1033054629
GPR[ESUN]-1659875495355
GPR[SSUN]-1659875495355
1033054629
GPR[ESUN]-1659875495552
GPR[SSUN]-1659875495552
1033054629
GPR[ESUN]-1659875495749
GPR[SSUN]-1659875495749
1033054629
GPR[ESUN]-1659875495946
GPR[SSUN]-1659875495946
1033054629
GPR[ESUN]-1659875496166
GPR[SSUN]-1659875496166
1033054629
GPR[SPVATF]-1659875496364
GPR[EPVATF]-1659875496885
[3878596] ERROR NoPol - Error ExecutionException java.util.concurrent.ExecutionException: java.lang.RuntimeException: failingTestCasesValidated: nothing to repair, no failing test cases
GPR[ESUN]-1659875496885
GPR[SSUN]-1659875496885
1033054629
GPR[SPVATF]-1659875497107
GPR[EPVATF]-1659875497686
[3879397] ERROR NoPol - Error ExecutionException java.util.concurrent.ExecutionException: java.lang.RuntimeException: failingTestCasesValidated: nothing to repair, no failing test cases
GPR[ESUN]-1659875497686
GPR[SSUN]-1659875497686
1033054629
GPR[ESUN]-1659875497885
GPR[SSUN]-1659875497885
1033054629
GPR[ESUN]-1659875498082
GPR[SSUN]-1659875498083
1033054629
GPR[ESUN]-1659875498277
GPR[SSUN]-1659875498277
1033054629
GPR[ESUN]-1659875498473
GPR[SSUN]-1659875498473
1033054629
GPR[ESUN]-1659875498696
GPR[SSUN]-1659875498696
1033054629
GPR[SPVATF]-1659875498893
GPR[EPVATF]-1659875499418
[3881129] ERROR NoPol - Error ExecutionException java.util.concurrent.ExecutionException: java.lang.RuntimeException: failingTestCasesValidated: nothing to repair, no failing test cases
GPR[SPVATF]-1659875499419
GPR[EPVATF]-1659875499947
[3881658] ERROR NoPol - Error ExecutionException java.util.concurrent.ExecutionException: java.lang.RuntimeException: failingTestCasesValidated: nothing to repair, no failing test cases
GPR[ESUN]-1659875499947
GPR[SSUN]-1659875499947
1033054629
GPR[SPVATF]-1659875500166
GPR[EPVATF]-1659875500695
[3882406] ERROR NoPol - Error ExecutionException java.util.concurrent.ExecutionException: java.lang.RuntimeException: failingTestCasesValidated: nothing to repair, no failing test cases
GPR[ESUN]-1659875500695
GPR[SSUN]-1659875500695
1033054629
GPR[ESUN]-1659875500894
GPR[SSUN]-1659875500894
1033054629
GPR[ESUN]-1659875501091
GPR[SSUN]-1659875501091
1033054629
GPR[ESUN]-1659875501289
GPR[SSUN]-1659875501289
1033054629
GPR[ESUN]-1659875501485
GPR[SSUN]-1659875501485
1033054629
GPR[ESUN]-1659875501682
GPR[SSUN]-1659875501682
1033054629
GPR[ESUN]-1659875501878
GPR[SSUN]-1659875501878
1033054629
GPR[ESUN]-1659875502075
GPR[SSUN]-1659875502075
1033054629
GPR[ESUN]-1659875502273
GPR[SSUN]-1659875502273
1033054629
GPR[ESUN]-1659875502523
GPR[SSUN]-1659875502523
1033054629
GPR[SPVATF]-1659875502744
GPR[EPVATF]-1659875503270
[3884981] ERROR NoPol - Error ExecutionException java.util.concurrent.ExecutionException: java.lang.RuntimeException: failingTestCasesValidated: nothing to repair, no failing test cases
GPR[SPVATF]-1659875503270
GPR[EPVATF]-1659875503797
[3885508] ERROR NoPol - Error ExecutionException java.util.concurrent.ExecutionException: java.lang.RuntimeException: failingTestCasesValidated: nothing to repair, no failing test cases
GPR[ESUN]-1659875503797
GPR[SSUN]-1659875503797
1033054629
GPR[SPVATF]-1659875503996
GPR[EPVATF]-1659875504527
[3886238] ERROR NoPol - Error ExecutionException java.util.concurrent.ExecutionException: java.lang.RuntimeException: failingTestCasesValidated: nothing to repair, no failing test cases
GPR[ESUN]-1659875504527
GPR[SSUN]-1659875504527
1033054629
GPR[SPVATF]-1659875504725
GPR[EPVATF]-1659875505678
[3887390] ERROR NoPol - Error ExecutionException java.util.concurrent.ExecutionException: java.lang.RuntimeException: failingTestCasesValidated: nothing to repair, no failing test cases
GPR[ESUN]-1659875505679
GPR[SSUN]-1659875505679
1033054629
GPR[SPVATF]-1659875505887
GPR[EPVATF]-1659875506409
[3888120] ERROR NoPol - Error ExecutionException java.util.concurrent.ExecutionException: java.lang.RuntimeException: failingTestCasesValidated: nothing to repair, no failing test cases
GPR[ESUN]-1659875506409
GPR[SSUN]-1659875506409
1033054629
GPR[ESUN]-1659875506608
GPR[SSUN]-1659875506608
1033054629
GPR[ESUN]-1659875506805
GPR[SSUN]-1659875506805
1033054629
GPR[SPVATF]-1659875507002
GPR[EPVATF]-1659875507543
[3889254] ERROR NoPol - Error ExecutionException java.util.concurrent.ExecutionException: java.lang.RuntimeException: failingTestCasesValidated: nothing to repair, no failing test cases
GPR[ESUN]-1659875507543
GPR[SSUN]-1659875507543
1033054629
GPR[ESUN]-1659875507765
GPR[SSUN]-1659875507765
1033054629
GPR[ESUN]-1659875507964
GPR[SSUN]-1659875507964
1033054629
GPR[SPVATF]-1659875508163
GPR[EPVATF]-1659875508682
[3890393] ERROR NoPol - Error ExecutionException java.util.concurrent.ExecutionException: java.lang.RuntimeException: failingTestCasesValidated: nothing to repair, no failing test cases
GPR[ESUN]-1659875508682
GPR[SSUN]-1659875508682
1033054629
GPR[SPVATF]-1659875508884
GPR[EPVATF]-1659875509404
[3891115] ERROR NoPol - Error ExecutionException java.util.concurrent.ExecutionException: java.lang.RuntimeException: failingTestCasesValidated: nothing to repair, no failing test cases
GPR[ESUN]-1659875509404
GPR[SSUN]-1659875509404
1033054629
GPR[SPVATF]-1659875509610
GPR[EPVATF]-1659875510139
[3891850] ERROR NoPol - Error ExecutionException java.util.concurrent.ExecutionException: java.lang.RuntimeException: failingTestCasesValidated: nothing to repair, no failing test cases
GPR[ESUN]-1659875510139
GPR[SSUN]-1659875510139
1033054629
GPR[SPVATF]-1659875510339
GPR[EPVATF]-1659875510860
[3892571] ERROR NoPol - Error ExecutionException java.util.concurrent.ExecutionException: java.lang.RuntimeException: failingTestCasesValidated: nothing to repair, no failing test cases
GPR[ESUN]-1659875510860
GPR[SSUN]-1659875510860
1033054629
GPR[SPVATF]-1659875511057
GPR[EPVATF]-1659875511578
[3893289] ERROR NoPol - Error ExecutionException java.util.concurrent.ExecutionException: java.lang.RuntimeException: failingTestCasesValidated: nothing to repair, no failing test cases
GPR[ESUN]-1659875511578
GPR[SSUN]-1659875511578
1033054629
GPR[SPVATF]-1659875511775
GPR[EPVATF]-1659875512293
[3894004] ERROR NoPol - Error ExecutionException java.util.concurrent.ExecutionException: java.lang.RuntimeException: failingTestCasesValidated: nothing to repair, no failing test cases
GPR[ESUN]-1659875512293
GPR[SSUN]-1659875512293
1033054629
GPR[SPVATF]-1659875512493
GPR[EPVATF]-1659875513009
[3894720] ERROR NoPol - Error ExecutionException java.util.concurrent.ExecutionException: java.lang.RuntimeException: failingTestCasesValidated: nothing to repair, no failing test cases
GPR[ESUN]-1659875513009
GPR[SSUN]-1659875513009
1033054629
GPR[ESUN]-1659875513208
GPR[SSUN]-1659875513208
1033054629
GPR[ESUN]-1659875513405
GPR[SSUN]-1659875513405
1033054629
GPR[ESUN]-1659875513600
GPR[SSUN]-1659875513600
-707765681
GPR[SPVATF]-1659875513816
GPR[EPVATF]-1659875514334
[3896045] ERROR NoPol - Error ExecutionException java.util.concurrent.ExecutionException: java.lang.RuntimeException: failingTestCasesValidated: nothing to repair, no failing test cases
GPR[ESUN]-1659875514334
GPR[SSUN]-1659875514334
-707765681
GPR[ESUN]-1659875514650
GPR[SSUN]-1659875514650
-707765681
GPR[SPVATF]-1659875515109
GPR[EPVATF]-1659875515686
[3897397] ERROR NoPol - Error ExecutionException java.util.concurrent.ExecutionException: java.lang.RuntimeException: failingTestCasesValidated: nothing to repair, no failing test cases
GPR[ESUN]-1659875515686
GPR[SSUN]-1659875515686
-707765681
GPR[SPVATF]-1659875515970
GPR[EPVATF]-1659875516519
[3898231] ERROR NoPol - Error ExecutionException java.util.concurrent.ExecutionException: java.lang.RuntimeException: failingTestCasesValidated: nothing to repair, no failing test cases
GPR[ESUN]-1659875516520
GPR[SSUN]-1659875516520
-707765681
GPR[SPVATF]-1659875516762
GPR[EPVATF]-1659875517286
[3898997] ERROR NoPol - Error ExecutionException java.util.concurrent.ExecutionException: java.lang.RuntimeException: failingTestCasesValidated: nothing to repair, no failing test cases
GPR[ESUN]-1659875517286
GPR[SSUN]-1659875517286
-707765681
GPR[ESUN]-1659875517525
GPR[SSUN]-1659875517525
-707765681
GPR[ESUN]-1659875517763
GPR[SSUN]-1659875517763
-707765681
GPR[SPVATF]-1659875518009
GPR[EPVATF]-1659875518592
[3900304] ERROR NoPol - Error ExecutionException java.util.concurrent.ExecutionException: java.lang.RuntimeException: failingTestCasesValidated: nothing to repair, no failing test cases
GPR[ESUN]-1659875518593
GPR[SSUN]-1659875518593
-707765681
GPR[ESUN]-1659875518819
GPR[SSUN]-1659875518819
-707765681
GPR[ESUN]-1659875519036
GPR[SSUN]-1659875519036
-707765681
GPR[SPVATF]-1659875519263
GPR[EPVATF]-1659875519779
[3901490] ERROR NoPol - Error ExecutionException java.util.concurrent.ExecutionException: java.lang.RuntimeException: failingTestCasesValidated: nothing to repair, no failing test cases
GPR[ESUN]-1659875519779
GPR[SSUN]-1659875519779
1033054629
GPR[ESUN]-1659875519977
GPR[SSUN]-1659875519977
1033054629
GPR[SPVATF]-1659875520174
GPR[EPVATF]-1659875520698
[3902409] ERROR NoPol - Error ExecutionException java.util.concurrent.ExecutionException: java.lang.RuntimeException: failingTestCasesValidated: nothing to repair, no failing test cases
GPR[SPVATF]-1659875520698
GPR[EPVATF]-1659875521217
[3902928] ERROR NoPol - Error ExecutionException java.util.concurrent.ExecutionException: java.lang.RuntimeException: failingTestCasesValidated: nothing to repair, no failing test cases
GPR[ESUN]-1659875521217
GPR[SSUN]-1659875521217
1033054629
GPR[SPVATF]-1659875521487
GPR[EPVATF]-1659875522050
[3903761] ERROR NoPol - Error ExecutionException java.util.concurrent.ExecutionException: java.lang.RuntimeException: failingTestCasesValidated: nothing to repair, no failing test cases
GPR[SPVATF]-1659875522050
GPR[EPVATF]-1659875522572
[3904283] ERROR NoPol - Error ExecutionException java.util.concurrent.ExecutionException: java.lang.RuntimeException: failingTestCasesValidated: nothing to repair, no failing test cases
GPR[ESUN]-1659875522572
GPR[SSUN]-1659875522573
1033054629
GPR[ESUN]-1659875522771
GPR[SSUN]-1659875522771
1033054629
GPR[ESUN]-1659875522968
GPR[SSUN]-1659875522968
1033054629
GPR[SPVATF]-1659875523167
GPR[EPVATF]-1659875523705
[3905416] ERROR NoPol - Error ExecutionException java.util.concurrent.ExecutionException: java.lang.RuntimeException: failingTestCasesValidated: nothing to repair, no failing test cases
GPR[ESUN]-1659875523705
GPR[SSUN]-1659875523705
1033054629
GPR[SPVATF]-1659875523906
GPR[EPVATF]-1659875524437
[3906148] ERROR NoPol - Error ExecutionException java.util.concurrent.ExecutionException: java.lang.RuntimeException: failingTestCasesValidated: nothing to repair, no failing test cases
GPR[ESUN]-1659875524437
GPR[SSUN]-1659875524437
1033054629
GPR[SPVATF]-1659875524635
GPR[EPVATF]-1659875525148
[3906859] ERROR NoPol - Error ExecutionException java.util.concurrent.ExecutionException: java.lang.RuntimeException: failingTestCasesValidated: nothing to repair, no failing test cases
GPR[ESUN]-1659875525148
GPR[SSUN]-1659875525148
1033054629
GPR[ESUN]-1659875525345
GPR[SSUN]-1659875525345
1033054629
GPR[ESUN]-1659875525547
GPR[SSUN]-1659875525547
1033054629
GPR[SPVATF]-1659875525744
GPR[EPVATF]-1659875526265
[3907976] ERROR NoPol - Error ExecutionException java.util.concurrent.ExecutionException: java.lang.RuntimeException: failingTestCasesValidated: nothing to repair, no failing test cases
GPR[ESUN]-1659875526265
GPR[SSUN]-1659875526265
1033054629
GPR[SPVATF]-1659875526465
GPR[EPVATF]-1659875526985
[3908696] ERROR NoPol - Error ExecutionException java.util.concurrent.ExecutionException: java.lang.RuntimeException: failingTestCasesValidated: nothing to repair, no failing test cases
GPR[ESUN]-1659875526985
GPR[SSUN]-1659875526985
1033054629
GPR[SPVATF]-1659875527183
GPR[EPVATF]-1659875527697
[3909409] ERROR NoPol - Error ExecutionException java.util.concurrent.ExecutionException: java.lang.RuntimeException: failingTestCasesValidated: nothing to repair, no failing test cases
GPR[ESUN]-1659875527698
GPR[SSUN]-1659875527698
1033054629
GPR[SPVATF]-1659875527912
GPR[EPVATF]-1659875528440
[3910151] ERROR NoPol - Error ExecutionException java.util.concurrent.ExecutionException: java.lang.RuntimeException: failingTestCasesValidated: nothing to repair, no failing test cases
GPR[ESUN]-1659875528440
GPR[SSUN]-1659875528440
1033054629
GPR[SPVATF]-1659875528637
GPR[EPVATF]-1659875529161
[3910872] ERROR NoPol - Error ExecutionException java.util.concurrent.ExecutionException: java.lang.RuntimeException: failingTestCasesValidated: nothing to repair, no failing test cases
GPR[ESUN]-1659875529162
GPR[SSUN]-1659875529162
1033054629
GPR[SPVATF]-1659875529359
GPR[EPVATF]-1659875529891
[3911603] ERROR NoPol - Error ExecutionException java.util.concurrent.ExecutionException: java.lang.RuntimeException: failingTestCasesValidated: nothing to repair, no failing test cases
GPR[ESUN]-1659875529892
GPR[SSUN]-1659875529892
1033054629
GPR[SPVATF]-1659875530089
GPR[EPVATF]-1659875530621
[3912332] ERROR NoPol - Error ExecutionException java.util.concurrent.ExecutionException: java.lang.RuntimeException: failingTestCasesValidated: nothing to repair, no failing test cases
GPR[ESUN]-1659875530621
GPR[SSUN]-1659875530621
1033054629
GPR[SPVATF]-1659875530821
GPR[EPVATF]-1659875531373
[3913084] ERROR NoPol - Error ExecutionException java.util.concurrent.ExecutionException: java.lang.RuntimeException: failingTestCasesValidated: nothing to repair, no failing test cases
GPR[ESUN]-1659875531373
GPR[SSUN]-1659875531374
1033054629
GPR[SPVATF]-1659875531574
GPR[EPVATF]-1659875532116
[3913827] ERROR NoPol - Error ExecutionException java.util.concurrent.ExecutionException: java.lang.RuntimeException: failingTestCasesValidated: nothing to repair, no failing test cases
GPR[ESUN]-1659875532116
GPR[SSUN]-1659875532116
1033054629
GPR[SPVATF]-1659875532317
GPR[EPVATF]-1659875532835
[3914546] ERROR NoPol - Error ExecutionException java.util.concurrent.ExecutionException: java.lang.RuntimeException: failingTestCasesValidated: nothing to repair, no failing test cases
GPR[ESUN]-1659875532835
GPR[SSUN]-1659875532835
1033054629
GPR[SPVATF]-1659875533035
GPR[EPVATF]-1659875533557
[3915268] ERROR NoPol - Error ExecutionException java.util.concurrent.ExecutionException: java.lang.RuntimeException: failingTestCasesValidated: nothing to repair, no failing test cases
GPR[ESUN]-1659875533557
GPR[SSUN]-1659875533557
1033054629
GPR[SPVATF]-1659875533756
GPR[EPVATF]-1659875534285
[3915996] ERROR NoPol - Error ExecutionException java.util.concurrent.ExecutionException: java.lang.RuntimeException: failingTestCasesValidated: nothing to repair, no failing test cases
GPR[ESUN]-1659875534285
GPR[SSUN]-1659875534285
1033054629
GPR[ESUN]-1659875534487
GPR[SSUN]-1659875534487
1033054629
GPR[SPVATF]-1659875534687
GPR[EPVATF]-1659875535216
[3916927] ERROR NoPol - Error ExecutionException java.util.concurrent.ExecutionException: java.lang.RuntimeException: failingTestCasesValidated: nothing to repair, no failing test cases
GPR[ESUN]-1659875535216
GPR[SSUN]-1659875535216
1033054629
GPR[SPVATF]-1659875535433
GPR[EPVATF]-1659875535975
[3917686] ERROR NoPol - Error ExecutionException java.util.concurrent.ExecutionException: java.lang.RuntimeException: failingTestCasesValidated: nothing to repair, no failing test cases
GPR[ESUN]-1659875535975
GPR[SSUN]-1659875535975
1033054629
GPR[SPVATF]-1659875536279
GPR[EPVATF]-1659875536826
[3918538] ERROR NoPol - Error ExecutionException java.util.concurrent.ExecutionException: java.lang.RuntimeException: failingTestCasesValidated: nothing to repair, no failing test cases
GPR[SPVATF]-1659875536827
GPR[EPVATF]-1659875537364
[3919075] ERROR NoPol - Error ExecutionException java.util.concurrent.ExecutionException: java.lang.RuntimeException: failingTestCasesValidated: nothing to repair, no failing test cases
GPR[ESUN]-1659875537364
GPR[SSUN]-1659875537364
1033054629
GPR[SPVATF]-1659875537569
GPR[EPVATF]-1659875538105
[3919816] ERROR NoPol - Error ExecutionException java.util.concurrent.ExecutionException: java.lang.RuntimeException: failingTestCasesValidated: nothing to repair, no failing test cases
GPR[ESUN]-1659875538105
GPR[SSUN]-1659875538105
1033054629
GPR[SPVATF]-1659875538309
GPR[EPVATF]-1659875538851
[3920562] ERROR NoPol - Error ExecutionException java.util.concurrent.ExecutionException: java.lang.RuntimeException: failingTestCasesValidated: nothing to repair, no failing test cases
GPR[ESUN]-1659875538851
GPR[SSUN]-1659875538851
1033054629
GPR[ESUN]-1659875539054
GPR[SSUN]-1659875539054
1033054629
GPR[ESUN]-1659875539256
GPR[SSUN]-1659875539256
1033054629
GPR[SPVATF]-1659875539456
GPR[EPVATF]-1659875539996
[3921707] ERROR NoPol - Error ExecutionException java.util.concurrent.ExecutionException: java.lang.RuntimeException: failingTestCasesValidated: nothing to repair, no failing test cases
GPR[ESUN]-1659875539996
GPR[SSUN]-1659875539996
1033054629
GPR[SPVATF]-1659875540199
GPR[EPVATF]-1659875540743
[3922454] ERROR NoPol - Error ExecutionException java.util.concurrent.ExecutionException: java.lang.RuntimeException: failingTestCasesValidated: nothing to repair, no failing test cases
GPR[ESUN]-1659875540743
GPR[SSUN]-1659875540743
1033054629
GPR[SPVATF]-1659875540963
GPR[EPVATF]-1659875541532
[3923243] ERROR NoPol - Error ExecutionException java.util.concurrent.ExecutionException: java.lang.RuntimeException: failingTestCasesValidated: nothing to repair, no failing test cases
GPR[ESUN]-1659875541532
GPR[SSUN]-1659875541532
1033054629
GPR[ESUN]-1659875541732
GPR[SSUN]-1659875541732
1033054629
GPR[SPVATF]-1659875541933
GPR[EPVATF]-1659875542470
[3924181] ERROR NoPol - Error ExecutionException java.util.concurrent.ExecutionException: java.lang.RuntimeException: failingTestCasesValidated: nothing to repair, no failing test cases
GPR[ESUN]-1659875542470
GPR[SSUN]-1659875542470
1033054629
GPR[ESUN]-1659875542671
GPR[SSUN]-1659875542671
1033054629
GPR[ESUN]-1659875542870
GPR[SSUN]-1659875542870
1033054629
GPR[SPVATF]-1659875543068
GPR[EPVATF]-1659875543616
[3925328] ERROR NoPol - Error ExecutionException java.util.concurrent.ExecutionException: java.lang.RuntimeException: failingTestCasesValidated: nothing to repair, no failing test cases
GPR[SPVATF]-1659875543617
GPR[EPVATF]-1659875544164
[3925875] ERROR NoPol - Error ExecutionException java.util.concurrent.ExecutionException: java.lang.RuntimeException: failingTestCasesValidated: nothing to repair, no failing test cases
GPR[ESUN]-1659875544165
GPR[SSUN]-1659875544165
1033054629
GPR[SPVATF]-1659875544363
GPR[EPVATF]-1659875544917
[3926628] ERROR NoPol - Error ExecutionException java.util.concurrent.ExecutionException: java.lang.RuntimeException: failingTestCasesValidated: nothing to repair, no failing test cases
GPR[SPVATF]-1659875544917
GPR[EPVATF]-1659875545488
[3927199] ERROR NoPol - Error ExecutionException java.util.concurrent.ExecutionException: java.lang.RuntimeException: failingTestCasesValidated: nothing to repair, no failing test cases
GPR[ESUN]-1659875545488
GPR[SSUN]-1659875545488
1033054629
GPR[SPVATF]-1659875545708
GPR[EPVATF]-1659875546262
[3927973] ERROR NoPol - Error ExecutionException java.util.concurrent.ExecutionException: java.lang.RuntimeException: failingTestCasesValidated: nothing to repair, no failing test cases
GPR[SPVATF]-1659875546263
GPR[EPVATF]-1659875546826
[3928537] ERROR NoPol - Error ExecutionException java.util.concurrent.ExecutionException: java.lang.RuntimeException: failingTestCasesValidated: nothing to repair, no failing test cases
GPR[ESUN]-1659875546826
GPR[SSUN]-1659875546826
1033054629
GPR[SPVATF]-1659875547024
GPR[EPVATF]-1659875547570
[3929281] ERROR NoPol - Error ExecutionException java.util.concurrent.ExecutionException: java.lang.RuntimeException: failingTestCasesValidated: nothing to repair, no failing test cases
GPR[SPVATF]-1659875547570
GPR[EPVATF]-1659875548125
[3929836] ERROR NoPol - Error ExecutionException java.util.concurrent.ExecutionException: java.lang.RuntimeException: failingTestCasesValidated: nothing to repair, no failing test cases
GPR[ESUN]-1659875548125
GPR[SSUN]-1659875548125
1033054629
GPR[ESUN]-1659875548323
GPR[SSUN]-1659875548323
-707765681
GPR[ESUN]-1659875548537
GPR[SSUN]-1659875548537
-707765681
GPR[SPVATF]-1659875548750
GPR[EPVATF]-1659875549302
[3931013] ERROR NoPol - Error ExecutionException java.util.concurrent.ExecutionException: java.lang.RuntimeException: failingTestCasesValidated: nothing to repair, no failing test cases
GPR[ESUN]-1659875549302
GPR[SSUN]-1659875549302
-707765681
GPR[SPVATF]-1659875549517
GPR[EPVATF]-1659875550094
[3931806] ERROR NoPol - Error ExecutionException java.util.concurrent.ExecutionException: java.lang.RuntimeException: failingTestCasesValidated: nothing to repair, no failing test cases
GPR[ESUN]-1659875550095
GPR[SSUN]-1659875550095
-707765681
GPR[SPVATF]-1659875550309
GPR[EPVATF]-1659875550902
[3932613] ERROR NoPol - Error ExecutionException java.util.concurrent.ExecutionException: java.lang.RuntimeException: failingTestCasesValidated: nothing to repair, no failing test cases
GPR[ESUN]-1659875550902
GPR[SSUN]-1659875550902
-707765681
GPR[ESUN]-1659875551118
GPR[SSUN]-1659875551118
-707765681
GPR[ESUN]-1659875551331
GPR[SSUN]-1659875551331
-707765681
GPR[SPVATF]-1659875551544
GPR[EPVATF]-1659875552101
[3933812] ERROR NoPol - Error ExecutionException java.util.concurrent.ExecutionException: java.lang.RuntimeException: failingTestCasesValidated: nothing to repair, no failing test cases
GPR[ESUN]-1659875552102
GPR[SSUN]-1659875552102
1033054629
GPR[SPVATF]-1659875552302
GPR[EPVATF]-1659875552909
[3934620] ERROR NoPol - Error ExecutionException java.util.concurrent.ExecutionException: java.lang.RuntimeException: failingTestCasesValidated: nothing to repair, no failing test cases
GPR[SPVATF]-1659875552909
GPR[EPVATF]-1659875553477
[3935188] ERROR NoPol - Error ExecutionException java.util.concurrent.ExecutionException: java.lang.RuntimeException: failingTestCasesValidated: nothing to repair, no failing test cases
GPR[ESUN]-1659875553477
GPR[SSUN]-1659875553477
-707765681
GPR[ESUN]-1659875553692
GPR[SSUN]-1659875553692
-707765681
GPR[SPVATF]-1659875553906
GPR[EPVATF]-1659875554474
[3936185] ERROR NoPol - Error ExecutionException java.util.concurrent.ExecutionException: java.lang.RuntimeException: failingTestCasesValidated: nothing to repair, no failing test cases
GPR[ESUN]-1659875554474
GPR[SSUN]-1659875554474
-707765681
GPR[SPVATF]-1659875554711
GPR[EPVATF]-1659875555329
[3937041] ERROR NoPol - Error ExecutionException java.util.concurrent.ExecutionException: java.lang.RuntimeException: failingTestCasesValidated: nothing to repair, no failing test cases
GPR[ESUN]-1659875555330
GPR[SSUN]-1659875555330
-17789891
GPR[ESUN]-1659875555508
GPR[SSUN]-1659875555508
-17789891
GPR[SPVATF]-1659875555684
GPR[EPVATF]-1659875555727
GPR[SPS]-1659875555727
[3937658] INFO SMTNopolSynthesizer - Not enough specifications: 0. A trivial patch is "true" or "false", please write new tests specifying SourceLocation org.apache.commons.math3.random.Well19937c:109.
GPR[EPS]-1659875555947
GPR[ESUN]-1659875555947
GPR[SSUN]-1659875555947
-17789891
GPR[SPVATF]-1659875556127
GPR[EPVATF]-1659875556168
GPR[SPS]-1659875556168
[3938094] INFO SMTNopolSynthesizer - Not enough specifications: 0. A trivial patch is "true" or "false", please write new tests specifying SourceLocation org.apache.commons.math3.random.Well19937c:108.
GPR[EPS]-1659875556383
GPR[ESUN]-1659875556383
GPR[SSUN]-1659875556383
-17789891
GPR[SPVATF]-1659875556564
GPR[EPVATF]-1659875556603
GPR[SPS]-1659875556603
[3938526] INFO SMTNopolSynthesizer - Not enough specifications: 0. A trivial patch is "true" or "false", please write new tests specifying SourceLocation org.apache.commons.math3.random.Well19937c:103.
GPR[EPS]-1659875556815
GPR[ESUN]-1659875556815
GPR[SSUN]-1659875556815
-17789891
GPR[SPVATF]-1659875556996
GPR[EPVATF]-1659875557038
GPR[SPS]-1659875557038
[3938961] INFO SMTNopolSynthesizer - Not enough specifications: 0. A trivial patch is "true" or "false", please write new tests specifying SourceLocation org.apache.commons.math3.random.Well19937c:102.
GPR[EPS]-1659875557250
GPR[ESUN]-1659875557250
GPR[SSUN]-1659875557250
-17789891
GPR[SPVATF]-1659875557429
GPR[EPVATF]-1659875557470
GPR[SPS]-1659875557470
[3939394] INFO SMTNopolSynthesizer - Not enough specifications: 0. A trivial patch is "true" or "false", please write new tests specifying SourceLocation org.apache.commons.math3.random.Well19937c:101.
GPR[EPS]-1659875557683
GPR[ESUN]-1659875557684
GPR[SSUN]-1659875557684
-17789891
GPR[SPVATF]-1659875557865
GPR[EPVATF]-1659875557904
GPR[SPS]-1659875557904
[3939825] INFO SMTNopolSynthesizer - Not enough specifications: 0. A trivial patch is "true" or "false", please write new tests specifying SourceLocation org.apache.commons.math3.random.Well19937c:100.
GPR[EPS]-1659875558114
GPR[ESUN]-1659875558114
GPR[SSUN]-1659875558114
-17789891
GPR[ESUN]-1659875558292
GPR[SSUN]-1659875558292
-17789891
GPR[ESUN]-1659875558469
GPR[SSUN]-1659875558469
-17789891
GPR[ESUN]-1659875558645
GPR[SSUN]-1659875558645
-17789891
GPR[ESUN]-1659875558822
GPR[SSUN]-1659875558822
-17789891
GPR[ESUN]-1659875559000
GPR[SSUN]-1659875559000
-17789891
GPR[ESUN]-1659875559178
GPR[SSUN]-1659875559178
-17789891
GPR[ESUN]-1659875559356
GPR[SSUN]-1659875559356
-17789891
GPR[ESUN]-1659875559535
GPR[SSUN]-1659875559535
-17789891
GPR[ESUN]-1659875559713
GPR[SSUN]-1659875559713
-17789891
GPR[ESUN]-1659875559893
GPR[SSUN]-1659875559893
-17789891
GPR[ESUN]-1659875560073
GPR[SSUN]-1659875560073
-707765681
GPR[ESUN]-1659875560285
GPR[SSUN]-1659875560285
-707765681
GPR[SPVATF]-1659875560497
GPR[EPVATF]-1659875561147
[3942858] ERROR NoPol - Error ExecutionException java.util.concurrent.ExecutionException: java.lang.RuntimeException: failingTestCasesValidated: nothing to repair, no failing test cases
GPR[SPVATF]-1659875561147
GPR[EPVATF]-1659875561711
[3943422] ERROR NoPol - Error ExecutionException java.util.concurrent.ExecutionException: java.lang.RuntimeException: failingTestCasesValidated: nothing to repair, no failing test cases
GPR[ESUN]-1659875561711
GPR[SSUN]-1659875561711
-707765681
GPR[SPVATF]-1659875561925
GPR[EPVATF]-1659875562495
[3944206] ERROR NoPol - Error ExecutionException java.util.concurrent.ExecutionException: java.lang.RuntimeException: failingTestCasesValidated: nothing to repair, no failing test cases
GPR[SPVATF]-1659875562495
GPR[EPVATF]-1659875563079
[3944790] ERROR NoPol - Error ExecutionException java.util.concurrent.ExecutionException: java.lang.RuntimeException: failingTestCasesValidated: nothing to repair, no failing test cases
GPR[ESUN]-1659875563079
GPR[SSUN]-1659875563079
-707765681
GPR[ESUN]-1659875563290
GPR[SSUN]-1659875563290
-707765681
GPR[SPVATF]-1659875563499
GPR[EPVATF]-1659875564091
[3945802] ERROR NoPol - Error ExecutionException java.util.concurrent.ExecutionException: java.lang.RuntimeException: failingTestCasesValidated: nothing to repair, no failing test cases
GPR[ESUN]-1659875564091
GPR[SSUN]-1659875564091
-707765681
GPR[SPVATF]-1659875564302
GPR[EPVATF]-1659875564895
[3946606] ERROR NoPol - Error ExecutionException java.util.concurrent.ExecutionException: java.lang.RuntimeException: failingTestCasesValidated: nothing to repair, no failing test cases
GPR[SPVATF]-1659875564895
GPR[EPVATF]-1659875565492
[3947203] ERROR NoPol - Error ExecutionException java.util.concurrent.ExecutionException: java.lang.RuntimeException: failingTestCasesValidated: nothing to repair, no failing test cases
GPR[ESUN]-1659875565492
GPR[SSUN]-1659875565492
-707765681
GPR[ESUN]-1659875565707
GPR[SSUN]-1659875565707
1033054629
GPR[ESUN]-1659875565909
GPR[SSUN]-1659875565909
936233262
GPR[ESUN]-1659875566124
GPR[SSUN]-1659875566124
936233262
GPR[ESUN]-1659875566311
GPR[SSUN]-1659875566311
936233262
GPR[ESUN]-1659875566497
GPR[SSUN]-1659875566497
1033054629
GPR[ESUN]-1659875566694
GPR[SSUN]-1659875566694
1033054629
GPR[SPVATF]-1659875566894
GPR[EPVATF]-1659875567497
[3949208] ERROR NoPol - Error ExecutionException java.util.concurrent.ExecutionException: java.lang.RuntimeException: failingTestCasesValidated: nothing to repair, no failing test cases
GPR[ESUN]-1659875567497
GPR[SSUN]-1659875567497
-593135567
GPR[SPVATF]-1659875567735
GPR[EPVATF]-1659875567780
GPR[SPS]-1659875567780
[3950201] INFO SMTNopolSynthesizer - Not enough specifications: 0. A trivial patch is "true" or "false", please write new tests specifying SourceLocation org.apache.commons.math3.random.AbstractWell:156.
GPR[EPS]-1659875568490
GPR[ESUN]-1659875568490
GPR[SSUN]-1659875568490
-593135567
GPR[SPVATF]-1659875568676
GPR[EPVATF]-1659875568723
GPR[SPS]-1659875568723
GPR[EPS]-1659875650713
GPR[ESUN]-1659875650713
GPR[SSUN]-1659875650713
1033054629
GPR[SPVATF]-1659875650927
GPR[EPVATF]-1659875651541
[4033252] ERROR NoPol - Error ExecutionException java.util.concurrent.ExecutionException: java.lang.RuntimeException: failingTestCasesValidated: nothing to repair, no failing test cases
GPR[ESUN]-1659875651541
GPR[SSUN]-1659875651541
1033054629
GPR[ESUN]-1659875651746
GPR[SSUN]-1659875651746
1033054629
GPR[SPVATF]-1659875651944
GPR[EPVATF]-1659875652556
[4034267] ERROR NoPol - Error ExecutionException java.util.concurrent.ExecutionException: java.lang.RuntimeException: failingTestCasesValidated: nothing to repair, no failing test cases
GPR[SPVATF]-1659875652556
GPR[EPVATF]-1659875653194
[4034905] ERROR NoPol - Error ExecutionException java.util.concurrent.ExecutionException: java.lang.RuntimeException: failingTestCasesValidated: nothing to repair, no failing test cases
GPR[ESUN]-1659875653194
GPR[SSUN]-1659875653194
1033054629
GPR[SPVATF]-1659875653398
GPR[EPVATF]-1659875654034
[4035746] ERROR NoPol - Error ExecutionException java.util.concurrent.ExecutionException: java.lang.RuntimeException: failingTestCasesValidated: nothing to repair, no failing test cases
GPR[SPVATF]-1659875654035
GPR[EPVATF]-1659875654684
[4036395] ERROR NoPol - Error ExecutionException java.util.concurrent.ExecutionException: java.lang.RuntimeException: failingTestCasesValidated: nothing to repair, no failing test cases
GPR[ESUN]-1659875654685
GPR[SSUN]-1659875654685
-593135567
GPR[ESUN]-1659875654866
GPR[SSUN]-1659875654866
-593135567
GPR[SPVATF]-1659875655043
GPR[EPVATF]-1659875655088
GPR[SPS]-1659875655088
[4262163] ERROR NoPol - Error ExecutionException java.util.concurrent.ExecutionException: java.lang.RuntimeException: java.util.concurrent.TimeoutException
GPR[ESUN]-1659875880452
GPR[SSUN]-1659875880452
-593135567
GPR[ESUN]-1659875880748
GPR[SSUN]-1659875880749
-593135567
GPR[SPVATF]-1659875880934
GPR[EPVATF]-1659875880980
GPR[SPS]-1659875880980
[4263341] INFO SMTNopolSynthesizer - Not enough specifications: 0. A trivial patch is "true" or "false", please write new tests specifying SourceLocation org.apache.commons.math3.random.AbstractWell:169.
GPR[EPS]-1659875881630
GPR[ESUN]-1659875881630
GPR[SSUN]-1659875881630
-593135567
GPR[SPVATF]-1659875881810
GPR[EPVATF]-1659875881855
GPR[SPS]-1659875881855
[4264142] INFO SMTNopolSynthesizer - Not enough specifications: 0. A trivial patch is "true" or "false", please write new tests specifying SourceLocation org.apache.commons.math3.random.AbstractWell:168.
GPR[EPS]-1659875882431
GPR[ESUN]-1659875882431
GPR[SSUN]-1659875882431
-593135567
GPR[SPVATF]-1659875882640
GPR[EPVATF]-1659875882685
GPR[SPS]-1659875882685
[4264989] INFO SMTNopolSynthesizer - Not enough specifications: 0. A trivial patch is "true" or "false", please write new tests specifying SourceLocation org.apache.commons.math3.random.AbstractWell:164.
GPR[EPS]-1659875883278
GPR[ESUN]-1659875883278
GPR[SSUN]-1659875883278
-593135567
GPR[ESUN]-1659875883456
GPR[SSUN]-1659875883456
-593135567
GPR[SPVATF]-1659875883634
GPR[EPVATF]-1659875883678
GPR[SPS]-1659875883678
[4265978] INFO SMTNopolSynthesizer - Not enough specifications: 0. A trivial patch is "true" or "false", please write new tests specifying SourceLocation org.apache.commons.math3.random.AbstractWell:162.
GPR[EPS]-1659875884267
GPR[ESUN]-1659875884267
GPR[SSUN]-1659875884267
-593135567
GPR[SPVATF]-1659875884451
GPR[EPVATF]-1659875884496
GPR[SPS]-1659875884496
[4266784] INFO SMTNopolSynthesizer - Not enough specifications: 0. A trivial patch is "true" or "false", please write new tests specifying SourceLocation org.apache.commons.math3.random.AbstractWell:161.
GPR[EPS]-1659875885073
GPR[SPVATF]-1659875885073
GPR[EPVATF]-1659875885118
GPR[SPS]-1659875885118
[4267536] INFO SMTNopolSynthesizer - Not enough specifications: 0. A trivial patch is "true" or "false", please write new tests specifying SourceLocation org.apache.commons.math3.random.AbstractWell:161.
GPR[EPS]-1659875885825
GPR[ESUN]-1659875885825
GPR[SSUN]-1659875885826
-593135567
GPR[SPVATF]-1659875886003
GPR[EPVATF]-1659875886048
GPR[SPS]-1659875886048
[4268338] INFO SMTNopolSynthesizer - Not enough specifications: 0. A trivial patch is "true" or "false", please write new tests specifying SourceLocation org.apache.commons.math3.random.AbstractWell:159.
GPR[EPS]-1659875886627
GPR[ESUN]-1659875886627
GPR[SSUN]-1659875886627
-593135567
GPR[SPVATF]-1659875886806
GPR[EPVATF]-1659875886850
GPR[SPS]-1659875886850
[4269133] INFO SMTNopolSynthesizer - Not enough specifications: 0. A trivial patch is "true" or "false", please write new tests specifying SourceLocation org.apache.commons.math3.random.AbstractWell:154.
GPR[EPS]-1659875887422
GPR[SPVATF]-1659875887423
GPR[EPVATF]-1659875887467
GPR[SPS]-1659875887467
[4269778] INFO SMTNopolSynthesizer - Not enough specifications: 0. A trivial patch is "true" or "false", please write new tests specifying SourceLocation org.apache.commons.math3.random.AbstractWell:154.
GPR[EPS]-1659875888067
GPR[ESUN]-1659875888067
GPR[SSUN]-1659875888067
936233262
GPR[ESUN]-1659875888253
GPR[SSUN]-1659875888253
936233262
GPR[SPVATF]-1659875888437
GPR[EPVATF]-1659875888483
GPR[SPS]-1659875888483
[4270431] INFO SMTNopolSynthesizer - Not enough specifications: 0. A trivial patch is "true" or "false", please write new tests specifying SourceLocation org.apache.commons.math3.random.BitsStreamGenerator:195.
GPR[EPS]-1659875888720
GPR[ESUN]-1659875888720
GPR[SSUN]-1659875888720
1033054629
GPR[ESUN]-1659875888923
[4270641] INFO NoPol - ----INFORMATION----
[4270881] INFO NoPol - Nb classes : 747
[4270881] INFO NoPol - Nb methods : 4947
[4270881] INFO NoPol - Nb Statements Analyzed : 42
[4270881] INFO NoPol - Nb Statements with Angelic Value Found : 11
[4270881] INFO NoPol - Nb inputs in SMT : 102
[4270881] INFO NoPol - Nb SMT level: 5
[4270881] INFO NoPol - Nb SMT components: [14] [== of arity: 2, != of arity: 2, < of arity: 2, <= of arity: 2, ! of arity: 1, || of arity: 2, && of arity: 2, == of arity: 2, != of arity: 2, < of arity: 2, <= of arity: 2, ! of arity: 1, || of arity: 2, && of arity: 2]
[4270881] INFO NoPol -                   class java.lang.Boolean: 14
[4270881] INFO NoPol - Nb variables in SMT : 14
[4270881] INFO NoPol - NoPol Execution time : 4270642ms
[4270881] INFO NoPol - 
[4270881] INFO NoPol - ----PATCH FOUND----
[4270881] INFO NoPol - upper == sigma
[4271004] INFO NoPol - Nb test that executes the patch: 63
[4271005] INFO NoPol - org.apache.commons.math3.distribution.AbstractIntegerDistribution:138: PRECONDITION
[4271006] INFO NoPol - --- a/src/main/java/org/apache/commons/math3/distribution/AbstractIntegerDistribution.java
+++ b/src/main/java/org/apache/commons/math3/distribution/AbstractIntegerDistribution.java
@@ -137,3 +137,5 @@
             if (tmp < upper) {
-                upper = ((int) Math.ceil(tmp)) - 1;
+                if (upper == sigma) {
+                    upper = ((int) Math.ceil(tmp)) - 1;
+                }
             }

[4271007] INFO NoPol - k == sigma
[4271079] INFO NoPol - Nb test that executes the patch: 63
[4271079] INFO NoPol - org.apache.commons.math3.distribution.AbstractIntegerDistribution:137: PRECONDITION
[4271080] INFO NoPol - --- a/src/main/java/org/apache/commons/math3/distribution/AbstractIntegerDistribution.java
+++ b/src/main/java/org/apache/commons/math3/distribution/AbstractIntegerDistribution.java
@@ -136,4 +136,6 @@
             tmp = mu + k * sigma;
-            if (tmp < upper) {
-                upper = ((int) Math.ceil(tmp)) - 1;
+            if (k == sigma) {
+                if (tmp < upper) {
+                    upper = ((int) Math.ceil(tmp)) - 1;
+                }
             }

[4271080] INFO NoPol - sigma == lower
[4271137] INFO NoPol - Nb test that executes the patch: 63
[4271137] INFO NoPol - org.apache.commons.math3.distribution.AbstractIntegerDistribution:137: CONDITIONAL
[4271138] INFO NoPol - --- a/src/main/java/org/apache/commons/math3/distribution/AbstractIntegerDistribution.java
+++ b/src/main/java/org/apache/commons/math3/distribution/AbstractIntegerDistribution.java
@@ -136,3 +136,3 @@
             tmp = mu + k * sigma;
-            if (tmp < upper) {
+            if (sigma == lower) {
                 upper = ((int) Math.ceil(tmp)) - 1;

[4271138] INFO NoPol - sigma == lower
[4271187] INFO NoPol - Nb test that executes the patch: 70
[4271187] INFO NoPol - org.apache.commons.math3.distribution.AbstractIntegerDistribution:129: PRECONDITION
[4271189] INFO NoPol - --- a/src/main/java/org/apache/commons/math3/distribution/AbstractIntegerDistribution.java
+++ b/src/main/java/org/apache/commons/math3/distribution/AbstractIntegerDistribution.java
@@ -128,13 +128,15 @@
                 Double.isInfinite(sigma) || Double.isNaN(sigma) || sigma == 0.0);
-        if (chebyshevApplies) {
-            double k = FastMath.sqrt((1.0 - p) / p);
-            double tmp = mu - k * sigma;
-            if (tmp > lower) {
-                lower = ((int) Math.ceil(tmp)) - 1;
+        if (sigma == lower) {
+            if (chebyshevApplies) {
+                double k = FastMath.sqrt((1.0 - p) / p);
+                double tmp = mu - k * sigma;
+                if (tmp > lower) {
+                    lower = ((int) Math.ceil(tmp)) - 1;
+                }
+                k = 1.0 / k;
+                tmp = mu + k * sigma;
+                if (tmp < upper) {
+                    upper = ((int) Math.ceil(tmp)) - 1;
+                }
             }
-            k = 1.0 / k;
-            tmp = mu + k * sigma;
-            if (tmp < upper) {
-                upper = ((int) Math.ceil(tmp)) - 1;
-            }
         }

[4271189] INFO NoPol - lower == 0
[4271237] INFO NoPol - Nb test that executes the patch: 70
[4271237] INFO NoPol - org.apache.commons.math3.distribution.AbstractIntegerDistribution:129: CONDITIONAL
[4271239] INFO NoPol - --- a/src/main/java/org/apache/commons/math3/distribution/AbstractIntegerDistribution.java
+++ b/src/main/java/org/apache/commons/math3/distribution/AbstractIntegerDistribution.java
@@ -128,3 +128,3 @@
                 Double.isInfinite(sigma) || Double.isNaN(sigma) || sigma == 0.0);
-        if (chebyshevApplies) {
+        if (lower == 0) {
             double k = FastMath.sqrt((1.0 - p) / p);

GPR[EFP]-1659875889795
PATCH
\n\nNode: host-61\n
\n\nDate: Sun 07 Aug 2022 05:38:10 AM PDT\n
End running Nopol Math/2 results at /experiment_home///results/Nopol/Math/2/seed_260/
Removing checked out dir script/workingdir/Nopol/Math_2
GPR[SSLE]-1659875890511
GPR[ESLE]-1659875950514
