Picked up JAVA_TOOL_OPTIONS: -Dfile.encoding=UTF8 -Duser.language=en-US -Duser.country=US -Duser.language=en
org.apache.commons.math3.geometry.euclidean.threed.PolyhedronsSetTest#testIssue780
.E
Time: 3.056
There was 1 failure:
1) testIssue780(org.apache.commons.math3.geometry.euclidean.threed.PolyhedronsSetTest)
java.lang.ClassCastException: org.apache.commons.math3.geometry.partitioning.BoundaryAttribute cannot be cast to java.lang.Boolean
	at org.apache.commons.math3.geometry.euclidean.twod.PolygonsSet.computeGeometricalProperties(PolygonsSet.java:136)
	at org.apache.commons.math3.geometry.partitioning.AbstractRegion.getSize(AbstractRegion.java:381)
	at org.apache.commons.math3.geometry.euclidean.threed.PolyhedronsSet$FacetsContributionVisitor.addContribution(PolyhedronsSet.java:171)
	at org.apache.commons.math3.geometry.euclidean.threed.PolyhedronsSet$FacetsContributionVisitor.visitInternalNode(PolyhedronsSet.java:153)
	at org.apache.commons.math3.geometry.partitioning.BSPTree.visit(BSPTree.java:263)
	at org.apache.commons.math3.geometry.partitioning.BSPTree.visit(BSPTree.java:262)
	at org.apache.commons.math3.geometry.partitioning.BSPTree.visit(BSPTree.java:262)
	at org.apache.commons.math3.geometry.partitioning.BSPTree.visit(BSPTree.java:264)
	at org.apache.commons.math3.geometry.euclidean.threed.PolyhedronsSet.computeGeometricalProperties(PolyhedronsSet.java:118)
	at org.apache.commons.math3.geometry.partitioning.AbstractRegion.getSize(AbstractRegion.java:381)
	at org.apache.commons.math3.geometry.euclidean.threed.PolyhedronsSetTest.testIssue780(PolyhedronsSetTest.java:281)
	at sun.reflect.NativeMethodAccessorImpl.invoke0(Native Method)
	at sun.reflect.NativeMethodAccessorImpl.invoke(NativeMethodAccessorImpl.java:62)
	at sun.reflect.DelegatingMethodAccessorImpl.invoke(DelegatingMethodAccessorImpl.java:43)
	at java.lang.reflect.Method.invoke(Method.java:497)
	at org.junit.runners.model.FrameworkMethod$1.runReflectiveCall(FrameworkMethod.java:47)
	at org.junit.internal.runners.model.ReflectiveCallable.run(ReflectiveCallable.java:12)
	at org.junit.runners.model.FrameworkMethod.invokeExplosively(FrameworkMethod.java:44)
	at org.junit.internal.runners.statements.InvokeMethod.evaluate(InvokeMethod.java:17)
	at org.junit.runners.ParentRunner.runLeaf(ParentRunner.java:271)
	at org.junit.runners.BlockJUnit4ClassRunner.runChild(BlockJUnit4ClassRunner.java:70)
	at org.junit.runners.BlockJUnit4ClassRunner.runChild(BlockJUnit4ClassRunner.java:50)
	at org.junit.runners.ParentRunner$3.run(ParentRunner.java:238)
	at org.junit.runners.ParentRunner$1.schedule(ParentRunner.java:63)
	at org.junit.runners.ParentRunner.runChildren(ParentRunner.java:236)
	at org.junit.runners.ParentRunner.access$000(ParentRunner.java:53)
	at org.junit.runners.ParentRunner$2.evaluate(ParentRunner.java:229)
	at org.junit.runners.ParentRunner.run(ParentRunner.java:309)
	at org.junit.runner.JUnitCore.run(JUnitCore.java:160)
	at org.junit.runner.JUnitCore.run(JUnitCore.java:138)
	at fr.inria.lille.repair.MethodTestRunner.runTest(MethodTestRunner.java:44)
	at fr.inria.lille.repair.MethodTestRunner.access$0(MethodTestRunner.java:37)
	at fr.inria.lille.repair.MethodTestRunner$1.call(MethodTestRunner.java:20)
	at java.util.concurrent.FutureTask.run(FutureTask.java:266)
	at java.util.concurrent.ThreadPoolExecutor.runWorker(ThreadPoolExecutor.java:1142)
	at java.util.concurrent.ThreadPoolExecutor$Worker.run(ThreadPoolExecutor.java:617)
	at java.lang.Thread.run(Thread.java:745)

FAILURES!!!
Tests run: 1,  Failures: 1

org.apache.commons.math3.geometry.euclidean.twod.PolygonsSetTest#testSimplyConnected
.
Time: 0.578

OK (1 test)

org.apache.commons.math3.geometry.euclidean.twod.PolygonsSetTest#testStair
.
Time: 0.601

OK (1 test)

org.apache.commons.math3.geometry.euclidean.twod.PolygonsSetTest#testSingularPoint
.
Time: 0.345

OK (1 test)

org.apache.commons.math3.geometry.euclidean.twod.PolygonsSetTest#testHole
.
Time: 0.502

OK (1 test)

org.apache.commons.math3.geometry.euclidean.twod.PolygonsSetTest#testUnlimitedSubHyperplane
.
Time: 0.33

OK (1 test)

org.apache.commons.math3.geometry.euclidean.twod.PolygonsSetTest#testDisjointPolygons
.
Time: 0.205

OK (1 test)

org.apache.commons.math3.geometry.euclidean.twod.PolygonsSetTest#testLineIntersection
.
Time: 0.409

OK (1 test)

org.apache.commons.math3.geometry.euclidean.twod.PolygonsSetTest#testOppositeHyperplanes
.
Time: 0.343

OK (1 test)

