Picked up JAVA_TOOL_OPTIONS: -Dfile.encoding=UTF8 -Duser.language=en-US -Duser.country=US -Duser.language=en
org.jfree.data.general.junit.DatasetUtilitiesTests#testSampleFunction2D
.
Time: 0.833

OK (1 test)

org.jfree.data.xy.junit.TableXYDatasetTests#testSerialization
.
Time: 0.239

OK (1 test)

org.jfree.data.statistics.junit.RegressionTests#testPowerRegression1b
.
Time: 0.607

OK (1 test)

org.jfree.data.xy.junit.DefaultTableXYDatasetTests#testSerialization
.
Time: 0.021

OK (1 test)

org.jfree.chart.renderer.xy.junit.XYAreaRenderer2Tests#testDrawWithNullInfo
.
Time: 0.396

OK (1 test)

org.jfree.data.xy.junit.TableXYDatasetTests#testCloning
.
Time: 0.121

OK (1 test)

org.jfree.chart.renderer.xy.junit.StackedXYAreaRendererTests#testBug1593156
.
Time: 0.246

OK (1 test)

org.jfree.data.xy.junit.DefaultTableXYDatasetTests#testCloning
.
Time: 0.075

OK (1 test)

org.jfree.data.xy.junit.XYSeriesTests#testIndexOf
.
Time: 0.099

OK (1 test)

org.jfree.data.xy.junit.XYSeriesTests#testToArray
.
Time: 0.024

OK (1 test)

org.jfree.data.xy.junit.TableXYDatasetTests#testAutoPrune
.
Time: 0.319

OK (1 test)

org.jfree.data.xy.junit.TableXYDatasetTests#testRemoveAllValuesForX
.
Time: 0.495

OK (1 test)

org.jfree.chart.renderer.xy.junit.XYStepRendererTests#testDrawWithNullValue
.
Time: 0.229

OK (1 test)

org.jfree.data.xy.junit.XYSeriesTests#testSetMaximumItemCount
.
Time: 0.068

OK (1 test)

org.jfree.data.xy.junit.XYSeriesTests#testAdditionOfDuplicateXValues
.
Time: 0.242

OK (1 test)

org.jfree.chart.annotations.junit.XYBoxAnnotationTests#testDrawWithNullInfo
.
Time: 0.251

OK (1 test)

org.jfree.data.xy.junit.XYSeriesTests#testSetMaximumItemCount2
.
Time: 0.072

OK (1 test)

org.jfree.data.xy.junit.TableXYDatasetTests#testPrune
.
Time: 0.759

OK (1 test)

org.jfree.data.xy.junit.TableXYDatasetTests#testEquals
.
Time: 0.238

OK (1 test)

org.jfree.chart.renderer.xy.junit.XYStepRendererTests#testDrawWithNullInfo
.
Time: 0.25

OK (1 test)

org.jfree.data.xy.junit.TableXYDatasetTests#testTableXYDataset
.
Time: 0.695

OK (1 test)

org.jfree.data.xy.junit.TableXYDatasetTests#test788597
.
Time: 0.118

OK (1 test)

org.jfree.chart.renderer.xy.junit.XYAreaRendererTests#testDrawWithNullInfo
.
Time: 0.259

OK (1 test)

org.jfree.data.statistics.junit.RegressionTests#testOLSRegression1b
.
Time: 0.674

OK (1 test)

org.jfree.data.xy.junit.XYSeriesTests#testAddOrUpdate
.
Time: 0.048

OK (1 test)

org.jfree.chart.renderer.xy.junit.XYStepAreaRendererTests#testDrawWithNullInfo
.
Time: 0.243

OK (1 test)

org.jfree.data.xy.junit.XYSeriesTests#testBug1955483
.E
Time: 0.035
There was 1 failure:
1) testBug1955483(org.jfree.data.xy.junit.XYSeriesTests)
java.lang.IndexOutOfBoundsException: Index: -1, Size: 1
	at java.util.ArrayList.rangeCheckForAdd(ArrayList.java:661)
	at java.util.ArrayList.add(ArrayList.java:473)
	at org.jfree.data.xy.XYSeries.addOrUpdate(XYSeries.java:564)
	at org.jfree.data.xy.XYSeries.addOrUpdate(XYSeries.java:527)
	at org.jfree.data.xy.junit.XYSeriesTests.testBug1955483(XYSeriesTests.java:479)
	at sun.reflect.NativeMethodAccessorImpl.invoke0(Native Method)
	at sun.reflect.NativeMethodAccessorImpl.invoke(NativeMethodAccessorImpl.java:62)
	at sun.reflect.DelegatingMethodAccessorImpl.invoke(DelegatingMethodAccessorImpl.java:43)
	at java.lang.reflect.Method.invoke(Method.java:497)
	at junit.framework.TestCase.runTest(TestCase.java:176)
	at junit.framework.TestCase.runBare(TestCase.java:141)
	at junit.framework.TestResult$1.protect(TestResult.java:122)
	at junit.framework.TestResult.runProtected(TestResult.java:142)
	at junit.framework.TestResult.run(TestResult.java:125)
	at junit.framework.TestCase.run(TestCase.java:129)
	at junit.framework.TestSuite.runTest(TestSuite.java:255)
	at junit.framework.TestSuite.run(TestSuite.java:250)
	at org.junit.internal.runners.JUnit38ClassRunner.run(JUnit38ClassRunner.java:84)
	at org.junit.runner.JUnitCore.run(JUnitCore.java:160)
	at org.junit.runner.JUnitCore.run(JUnitCore.java:138)
	at fr.inria.lille.repair.MethodTestRunner.runTest(MethodTestRunner.java:44)
	at fr.inria.lille.repair.MethodTestRunner.access$0(MethodTestRunner.java:37)
	at fr.inria.lille.repair.MethodTestRunner$1.call(MethodTestRunner.java:20)
	at java.util.concurrent.FutureTask.run(FutureTask.java:266)
	at java.util.concurrent.ThreadPoolExecutor.runWorker(ThreadPoolExecutor.java:1142)
	at java.util.concurrent.ThreadPoolExecutor$Worker.run(ThreadPoolExecutor.java:617)
	at java.lang.Thread.run(Thread.java:745)

FAILURES!!!
Tests run: 1,  Failures: 1

org.jfree.chart.renderer.xy.junit.StackedXYAreaRendererTests#testDrawWithNullInfo
.
Time: 0.25

OK (1 test)

org.jfree.data.general.junit.DatasetUtilitiesTests#testFindStackedRangeBoundsForTableXYDataset1
.
Time: 0.047

OK (1 test)

org.jfree.data.xy.junit.DefaultTableXYDatasetTests#testEquals
.
Time: 0.142

OK (1 test)

org.jfree.data.xy.junit.XYSeriesTests#testUpdate
.
Time: 0.056

OK (1 test)

org.jfree.data.xy.junit.XYSeriesTests#testToArrayExample
.
Time: 0.119

OK (1 test)

org.jfree.data.xy.junit.DefaultTableXYDatasetTests#testAddSeries
.
Time: 0.171

OK (1 test)

org.jfree.data.xy.junit.XYSeriesTests#testRemove
.
Time: 0.092

OK (1 test)

