Picked up JAVA_TOOL_OPTIONS: -Dfile.encoding=UTF8 -Duser.language=en-US -Duser.country=US -Duser.language=en
com.google.javascript.jscomp.CommandLineRunnerTest#testTransformAMD
.
Time: 1.221

OK (1 test)

com.google.javascript.jscomp.CommandLineRunnerTest#testForwardDeclareDroppedTypes
.
Time: 0.087

OK (1 test)

com.google.javascript.jscomp.JSModuleGraphTest#testManageDependencies3
.
Time: 20.42

OK (1 test)

com.google.javascript.jscomp.JSModuleGraphTest#testManageDependencies4
.
Time: 20.274

OK (1 test)

com.google.javascript.jscomp.CommandLineRunnerTest#testES5ChecksByDefault
.
Time: 0.03

OK (1 test)

com.google.javascript.jscomp.JSModuleGraphTest#testManageDependencies1
.
Time: 20.643

OK (1 test)

com.google.javascript.jscomp.JSModuleGraphTest#testManageDependencies2
.
Time: 20.674

OK (1 test)

com.google.javascript.jscomp.CommandLineRunnerTest#testCheckSymbolsOverrideForQuiet
.
Time: 0.031

OK (1 test)

com.google.javascript.jscomp.CommandLineRunnerTest#testModuleWrapperBaseNameExpansion
.
Time: 0.026

OK (1 test)

com.google.javascript.jscomp.CommandLineRunnerTest#testCheckGlobalThisOff
.
Time: 0.024

OK (1 test)

com.google.javascript.jscomp.SymbolTableTest#testFieldReferencesMissingTypeInfo
.Aug 18, 2022 9:14:12 PM com.google.javascript.jscomp.LoggerErrorManager println
WARNING: externs1:3: WARNING - attempted re-definition of type Function
found   : function (new:Function, *): ?
expected: function (new:Function, ...[*]): ?
 * @param {*} var_args */ function Function(var_args) {}/** @type {!Function} */ Function.prototype.apply;/** @type {!Function} */ Function.prototype.bind;/** @type {!Function} */ Function.prototype.call;/** @constructor 
                          ^

Aug 18, 2022 9:14:12 PM com.google.javascript.jscomp.LoggerErrorManager println
WARNING: externs1:8: WARNING - attempted re-definition of type Array
found   : function (new:Array, *): Array
expected: function (new:Array, ...[*]): Array
 @return {!Array} */function Array(var_args) {}
                    ^

Aug 18, 2022 9:14:12 PM com.google.javascript.jscomp.LoggerErrorManager println
WARNING: in1:3: WARNING - Bad type annotation. Unknown type Missing
 * @extends {Missing}
             ^

Aug 18, 2022 9:14:12 PM com.google.javascript.jscomp.LoggerErrorManager printSummary
WARNING: 0 error(s), 3 warning(s), 78.6% typed
Aug 18, 2022 9:14:12 PM com.google.javascript.jscomp.SymbolTable$JSDocInfoCollector visitTypeNode
WARNING: Could not find symbol for type: number
Aug 18, 2022 9:14:12 PM com.google.javascript.jscomp.SymbolTable$JSDocInfoCollector visitTypeNode
WARNING: Could not find symbol for type: number
Aug 18, 2022 9:14:12 PM com.google.javascript.jscomp.SymbolTable$JSDocInfoCollector visitTypeNode
WARNING: Could not find symbol for type: number
Aug 18, 2022 9:14:12 PM com.google.javascript.jscomp.SymbolTable$JSDocInfoCollector visitTypeNode
WARNING: Could not find symbol for type: number
Aug 18, 2022 9:14:12 PM com.google.javascript.jscomp.SymbolTable$JSDocInfoCollector visitTypeNode
WARNING: Could not find symbol for type: length
Aug 18, 2022 9:14:12 PM com.google.javascript.jscomp.SymbolTable$JSDocInfoCollector visitTypeNode
WARNING: Could not find symbol for type: number
Aug 18, 2022 9:14:12 PM com.google.javascript.jscomp.SymbolTable$JSDocInfoCollector visitTypeNode
WARNING: Could not find symbol for type: T
Aug 18, 2022 9:14:12 PM com.google.javascript.jscomp.SymbolTable$JSDocInfoCollector visitTypeNode
WARNING: Could not find symbol for type: T
Aug 18, 2022 9:14:12 PM com.google.javascript.jscomp.SymbolTable$JSDocInfoCollector visitTypeNode
WARNING: Could not find symbol for type: number
Aug 18, 2022 9:14:12 PM com.google.javascript.jscomp.SymbolTable$JSDocInfoCollector visitTypeNode
WARNING: Could not find symbol for type: Missing
Aug 18, 2022 9:14:12 PM com.google.javascript.jscomp.SymbolTable$JSDocInfoCollector visitTypeNode
WARNING: Could not find symbol for type: number

Time: 0.111

OK (1 test)

com.google.javascript.jscomp.CommandLineRunnerTest#testSimpleModeLeavesUnusedParams
.
Time: 0.01

OK (1 test)

com.google.javascript.jscomp.SymbolTableTest#testNamespaceDefinitionOrder
.Aug 18, 2022 9:14:12 PM com.google.javascript.jscomp.LoggerErrorManager println
WARNING: externs1:3: WARNING - attempted re-definition of type Function
found   : function (new:Function, *): ?
expected: function (new:Function, ...[*]): ?
 * @param {*} var_args */ function Function(var_args) {}/** @type {!Function} */ Function.prototype.apply;/** @type {!Function} */ Function.prototype.bind;/** @type {!Function} */ Function.prototype.call;/** @constructor 
                          ^

Aug 18, 2022 9:14:12 PM com.google.javascript.jscomp.LoggerErrorManager println
WARNING: externs1:8: WARNING - attempted re-definition of type Array
found   : function (new:Array, *): Array
expected: function (new:Array, ...[*]): Array
 @return {!Array} */function Array(var_args) {}
                    ^

Aug 18, 2022 9:14:12 PM com.google.javascript.jscomp.LoggerErrorManager println
WARNING: in1:2: WARNING - goog.dom.Foo defined before its owner. goog.dom is defined at in1:3
/** @constructor */ goog.dom.Foo = function() {};
                    ^

Aug 18, 2022 9:14:12 PM com.google.javascript.jscomp.LoggerErrorManager printSummary
WARNING: 0 error(s), 3 warning(s), 100% typed
Aug 18, 2022 9:14:12 PM com.google.javascript.jscomp.SymbolTable$JSDocInfoCollector visitTypeNode
WARNING: Could not find symbol for type: number
Aug 18, 2022 9:14:12 PM com.google.javascript.jscomp.SymbolTable$JSDocInfoCollector visitTypeNode
WARNING: Could not find symbol for type: number
Aug 18, 2022 9:14:12 PM com.google.javascript.jscomp.SymbolTable$JSDocInfoCollector visitTypeNode
WARNING: Could not find symbol for type: number
Aug 18, 2022 9:14:12 PM com.google.javascript.jscomp.SymbolTable$JSDocInfoCollector visitTypeNode
WARNING: Could not find symbol for type: number
Aug 18, 2022 9:14:12 PM com.google.javascript.jscomp.SymbolTable$JSDocInfoCollector visitTypeNode
WARNING: Could not find symbol for type: length
Aug 18, 2022 9:14:12 PM com.google.javascript.jscomp.SymbolTable$JSDocInfoCollector visitTypeNode
WARNING: Could not find symbol for type: number
Aug 18, 2022 9:14:12 PM com.google.javascript.jscomp.SymbolTable$JSDocInfoCollector visitTypeNode
WARNING: Could not find symbol for type: T
Aug 18, 2022 9:14:12 PM com.google.javascript.jscomp.SymbolTable$JSDocInfoCollector visitTypeNode
WARNING: Could not find symbol for type: T
Aug 18, 2022 9:14:12 PM com.google.javascript.jscomp.SymbolTable$JSDocInfoCollector visitTypeNode
WARNING: Could not find symbol for type: number

Time: 0.017

OK (1 test)

com.google.javascript.jscomp.ProcessCommonJSModulesTest#testSortInputs
.
Time: 0.031

OK (1 test)

com.google.javascript.jscomp.CommandLineRunnerTest#testGetMsgWiring
.
Time: 0.343

OK (1 test)

com.google.javascript.jscomp.CommandLineRunnerTest#testSourcePruningOn7
.
Time: 0.008

OK (1 test)

com.google.javascript.jscomp.CommandLineRunnerTest#testDebugFlag3
.
Time: 0.092

OK (1 test)

com.google.javascript.jscomp.CommandLineRunnerTest#testSourcePruningOn6
.
Time: 0.009

OK (1 test)

com.google.javascript.jscomp.CommandLineRunnerTest#testDebugFlag2
.
Time: 0.028

OK (1 test)

com.google.javascript.jscomp.CommandLineRunnerTest#testBooleanFlag1
.
Time: 0.009

OK (1 test)

com.google.javascript.jscomp.CommandLineRunnerTest#testSourcePruningOn8
.
Time: 0.01

OK (1 test)

com.google.javascript.jscomp.CommandLineRunnerTest#testBooleanFlag2
.
Time: 0.007

OK (1 test)

com.google.javascript.jscomp.CommandLineRunnerTest#testDebugFlag4
.
Time: 0.012

OK (1 test)

com.google.javascript.jscomp.CommandLineRunnerTest#testSourcePruningOn3
.
Time: 0.007

OK (1 test)

com.google.javascript.jscomp.CommandLineRunnerTest#testSourcePruningOn2
.
Time: 0.006

OK (1 test)

com.google.javascript.jscomp.SymbolTableTest#testSuperClassReference
.Aug 18, 2022 9:14:13 PM com.google.javascript.jscomp.LoggerErrorManager println
WARNING: externs1:3: WARNING - attempted re-definition of type Function
found   : function (new:Function, *): ?
expected: function (new:Function, ...[*]): ?
 * @param {*} var_args */ function Function(var_args) {}/** @type {!Function} */ Function.prototype.apply;/** @type {!Function} */ Function.prototype.bind;/** @type {!Function} */ Function.prototype.call;/** @constructor 
                          ^

Aug 18, 2022 9:14:13 PM com.google.javascript.jscomp.LoggerErrorManager println
WARNING: externs1:8: WARNING - attempted re-definition of type Array
found   : function (new:Array, *): Array
expected: function (new:Array, ...[*]): Array
 @return {!Array} */function Array(var_args) {}
                    ^

Aug 18, 2022 9:14:13 PM com.google.javascript.jscomp.LoggerErrorManager println
WARNING: in1:12: WARNING - Property inherits never defined on goog
goog.inherits(a.b.DerivedClass, a.b.BaseClass);
^

Aug 18, 2022 9:14:13 PM com.google.javascript.jscomp.LoggerErrorManager println
SEVERE: in1:5: ERROR - variable alert is undeclared
  alert('hi');
  ^

Aug 18, 2022 9:14:13 PM com.google.javascript.jscomp.LoggerErrorManager println
SEVERE: in1:12: ERROR - variable goog is undeclared
goog.inherits(a.b.DerivedClass, a.b.BaseClass);
^

Aug 18, 2022 9:14:13 PM com.google.javascript.jscomp.LoggerErrorManager printSummary
WARNING: 2 error(s), 3 warning(s), 92.6% typed
Aug 18, 2022 9:14:13 PM com.google.javascript.jscomp.SymbolTable$JSDocInfoCollector visitTypeNode
WARNING: Could not find symbol for type: number
Aug 18, 2022 9:14:13 PM com.google.javascript.jscomp.SymbolTable$JSDocInfoCollector visitTypeNode
WARNING: Could not find symbol for type: number
Aug 18, 2022 9:14:13 PM com.google.javascript.jscomp.SymbolTable$JSDocInfoCollector visitTypeNode
WARNING: Could not find symbol for type: number
Aug 18, 2022 9:14:13 PM com.google.javascript.jscomp.SymbolTable$JSDocInfoCollector visitTypeNode
WARNING: Could not find symbol for type: number
Aug 18, 2022 9:14:13 PM com.google.javascript.jscomp.SymbolTable$JSDocInfoCollector visitTypeNode
WARNING: Could not find symbol for type: length
Aug 18, 2022 9:14:13 PM com.google.javascript.jscomp.SymbolTable$JSDocInfoCollector visitTypeNode
WARNING: Could not find symbol for type: number
Aug 18, 2022 9:14:13 PM com.google.javascript.jscomp.SymbolTable$JSDocInfoCollector visitTypeNode
WARNING: Could not find symbol for type: T
Aug 18, 2022 9:14:13 PM com.google.javascript.jscomp.SymbolTable$JSDocInfoCollector visitTypeNode
WARNING: Could not find symbol for type: T
Aug 18, 2022 9:14:13 PM com.google.javascript.jscomp.SymbolTable$JSDocInfoCollector visitTypeNode
WARNING: Could not find symbol for type: number

Time: 0.017

OK (1 test)

com.google.javascript.jscomp.CommandLineRunnerTest#testExternsLifting2
.
Time: 0.011

OK (1 test)

com.google.javascript.jscomp.CommandLineRunnerTest#testTypeCheckOverride1
.
Time: 0.008

OK (1 test)

com.google.javascript.jscomp.CommandLineRunnerTest#testDebugFlag1
.
Time: 0.007

OK (1 test)

com.google.javascript.jscomp.SymbolTableTest#testGlobalRichObjectReference
.Aug 18, 2022 9:14:13 PM com.google.javascript.jscomp.LoggerErrorManager println
WARNING: externs1:3: WARNING - attempted re-definition of type Function
found   : function (new:Function, *): ?
expected: function (new:Function, ...[*]): ?
 * @param {*} var_args */ function Function(var_args) {}/** @type {!Function} */ Function.prototype.apply;/** @type {!Function} */ Function.prototype.bind;/** @type {!Function} */ Function.prototype.call;/** @constructor 
                          ^

Aug 18, 2022 9:14:13 PM com.google.javascript.jscomp.LoggerErrorManager println
WARNING: externs1:8: WARNING - attempted re-definition of type Array
found   : function (new:Array, *): Array
expected: function (new:Array, ...[*]): Array
 @return {!Array} */function Array(var_args) {}
                    ^

Aug 18, 2022 9:14:13 PM com.google.javascript.jscomp.LoggerErrorManager println
WARNING: in1:9: WARNING - Property c never defined on A.prototype.b
  var x; if (x) { x = a.b.b; } else { x = a.b.c; }
                                          ^

Aug 18, 2022 9:14:13 PM com.google.javascript.jscomp.LoggerErrorManager printSummary
WARNING: 0 error(s), 3 warning(s), 86.7% typed
Aug 18, 2022 9:14:13 PM com.google.javascript.jscomp.SymbolTable$JSDocInfoCollector visitTypeNode
WARNING: Could not find symbol for type: number
Aug 18, 2022 9:14:13 PM com.google.javascript.jscomp.SymbolTable$JSDocInfoCollector visitTypeNode
WARNING: Could not find symbol for type: number
Aug 18, 2022 9:14:13 PM com.google.javascript.jscomp.SymbolTable$JSDocInfoCollector visitTypeNode
WARNING: Could not find symbol for type: number
Aug 18, 2022 9:14:13 PM com.google.javascript.jscomp.SymbolTable$JSDocInfoCollector visitTypeNode
WARNING: Could not find symbol for type: number
Aug 18, 2022 9:14:13 PM com.google.javascript.jscomp.SymbolTable$JSDocInfoCollector visitTypeNode
WARNING: Could not find symbol for type: length
Aug 18, 2022 9:14:13 PM com.google.javascript.jscomp.SymbolTable$JSDocInfoCollector visitTypeNode
WARNING: Could not find symbol for type: number
Aug 18, 2022 9:14:13 PM com.google.javascript.jscomp.SymbolTable$JSDocInfoCollector visitTypeNode
WARNING: Could not find symbol for type: T
Aug 18, 2022 9:14:13 PM com.google.javascript.jscomp.SymbolTable$JSDocInfoCollector visitTypeNode
WARNING: Could not find symbol for type: T
Aug 18, 2022 9:14:13 PM com.google.javascript.jscomp.SymbolTable$JSDocInfoCollector visitTypeNode
WARNING: Could not find symbol for type: number

Time: 0.015

OK (1 test)

com.google.javascript.jscomp.CommandLineRunnerTest#testSourcePruningOn4
.
Time: 0.008

OK (1 test)

com.google.javascript.jscomp.CommandLineRunnerTest#testTypeCheckOverride2
.
Time: 0.017

OK (1 test)

com.google.javascript.jscomp.CommandLineRunnerTest#testCheckSymbolsOnForVerbose
.
Time: 0.007

OK (1 test)

com.google.javascript.jscomp.SymbolTableTest#testRemovalOfNamespacedReferencesOfProperties
.Aug 18, 2022 9:14:13 PM com.google.javascript.jscomp.LoggerErrorManager println
WARNING: externs1:3: WARNING - attempted re-definition of type Function
found   : function (new:Function, *): ?
expected: function (new:Function, ...[*]): ?
 * @param {*} var_args */ function Function(var_args) {}/** @type {!Function} */ Function.prototype.apply;/** @type {!Function} */ Function.prototype.bind;/** @type {!Function} */ Function.prototype.call;/** @constructor 
                          ^

Aug 18, 2022 9:14:13 PM com.google.javascript.jscomp.LoggerErrorManager println
WARNING: externs1:8: WARNING - attempted re-definition of type Array
found   : function (new:Array, *): Array
expected: function (new:Array, ...[*]): Array
 @return {!Array} */function Array(var_args) {}
                    ^

Aug 18, 2022 9:14:13 PM com.google.javascript.jscomp.LoggerErrorManager printSummary
WARNING: 0 error(s), 2 warning(s), 100% typed
Aug 18, 2022 9:14:13 PM com.google.javascript.jscomp.SymbolTable$JSDocInfoCollector visitTypeNode
WARNING: Could not find symbol for type: number
Aug 18, 2022 9:14:13 PM com.google.javascript.jscomp.SymbolTable$JSDocInfoCollector visitTypeNode
WARNING: Could not find symbol for type: number
Aug 18, 2022 9:14:13 PM com.google.javascript.jscomp.SymbolTable$JSDocInfoCollector visitTypeNode
WARNING: Could not find symbol for type: number
Aug 18, 2022 9:14:13 PM com.google.javascript.jscomp.SymbolTable$JSDocInfoCollector visitTypeNode
WARNING: Could not find symbol for type: number
Aug 18, 2022 9:14:13 PM com.google.javascript.jscomp.SymbolTable$JSDocInfoCollector visitTypeNode
WARNING: Could not find symbol for type: length
Aug 18, 2022 9:14:13 PM com.google.javascript.jscomp.SymbolTable$JSDocInfoCollector visitTypeNode
WARNING: Could not find symbol for type: number
Aug 18, 2022 9:14:13 PM com.google.javascript.jscomp.SymbolTable$JSDocInfoCollector visitTypeNode
WARNING: Could not find symbol for type: T
Aug 18, 2022 9:14:13 PM com.google.javascript.jscomp.SymbolTable$JSDocInfoCollector visitTypeNode
WARNING: Could not find symbol for type: T
Aug 18, 2022 9:14:13 PM com.google.javascript.jscomp.SymbolTable$JSDocInfoCollector visitTypeNode
WARNING: Could not find symbol for type: number

Time: 0.01

OK (1 test)

com.google.javascript.jscomp.CommandLineRunnerTest#testSourcePruningOn1
.
Time: 0.006

OK (1 test)

com.google.javascript.jscomp.SymbolTableTest#testDeclarationDisagreement
.Aug 18, 2022 9:14:13 PM com.google.javascript.jscomp.LoggerErrorManager println
WARNING: externs1:3: WARNING - attempted re-definition of type Function
found   : function (new:Function, *): ?
expected: function (new:Function, ...[*]): ?
 * @param {*} var_args */ function Function(var_args) {}/** @type {!Function} */ Function.prototype.apply;/** @type {!Function} */ Function.prototype.bind;/** @type {!Function} */ Function.prototype.call;/** @constructor 
                          ^

Aug 18, 2022 9:14:13 PM com.google.javascript.jscomp.LoggerErrorManager println
WARNING: externs1:8: WARNING - attempted re-definition of type Array
found   : function (new:Array, *): Array
expected: function (new:Array, ...[*]): Array
 @return {!Array} */function Array(var_args) {}
                    ^

Aug 18, 2022 9:14:13 PM com.google.javascript.jscomp.LoggerErrorManager printSummary
WARNING: 0 error(s), 2 warning(s), 100% typed
Aug 18, 2022 9:14:13 PM com.google.javascript.jscomp.SymbolTable$JSDocInfoCollector visitTypeNode
WARNING: Could not find symbol for type: number
Aug 18, 2022 9:14:13 PM com.google.javascript.jscomp.SymbolTable$JSDocInfoCollector visitTypeNode
WARNING: Could not find symbol for type: number
Aug 18, 2022 9:14:13 PM com.google.javascript.jscomp.SymbolTable$JSDocInfoCollector visitTypeNode
WARNING: Could not find symbol for type: number
Aug 18, 2022 9:14:13 PM com.google.javascript.jscomp.SymbolTable$JSDocInfoCollector visitTypeNode
WARNING: Could not find symbol for type: number
Aug 18, 2022 9:14:13 PM com.google.javascript.jscomp.SymbolTable$JSDocInfoCollector visitTypeNode
WARNING: Could not find symbol for type: length
Aug 18, 2022 9:14:13 PM com.google.javascript.jscomp.SymbolTable$JSDocInfoCollector visitTypeNode
WARNING: Could not find symbol for type: number
Aug 18, 2022 9:14:13 PM com.google.javascript.jscomp.SymbolTable$JSDocInfoCollector visitTypeNode
WARNING: Could not find symbol for type: T
Aug 18, 2022 9:14:13 PM com.google.javascript.jscomp.SymbolTable$JSDocInfoCollector visitTypeNode
WARNING: Could not find symbol for type: T
Aug 18, 2022 9:14:13 PM com.google.javascript.jscomp.SymbolTable$JSDocInfoCollector visitTypeNode
WARNING: Could not find symbol for type: number

Time: 0.01

OK (1 test)

com.google.javascript.jscomp.CommandLineRunnerTest#testCheckGlobalThisOnWithErrorFlag
.
Time: 0.004

OK (1 test)

com.google.javascript.jscomp.CommandLineRunnerTest#testProcessCJS
.
Time: 0.007

OK (1 test)

com.google.javascript.jscomp.SymbolTableTest#testMethodReferencesMissingTypeInfo
.Aug 18, 2022 9:14:13 PM com.google.javascript.jscomp.LoggerErrorManager println
WARNING: externs1:3: WARNING - attempted re-definition of type Function
found   : function (new:Function, *): ?
expected: function (new:Function, ...[*]): ?
 * @param {*} var_args */ function Function(var_args) {}/** @type {!Function} */ Function.prototype.apply;/** @type {!Function} */ Function.prototype.bind;/** @type {!Function} */ Function.prototype.call;/** @constructor 
                          ^

Aug 18, 2022 9:14:13 PM com.google.javascript.jscomp.LoggerErrorManager println
WARNING: externs1:8: WARNING - attempted re-definition of type Array
found   : function (new:Array, *): Array
expected: function (new:Array, ...[*]): Array
 @return {!Array} */function Array(var_args) {}
                    ^

Aug 18, 2022 9:14:13 PM com.google.javascript.jscomp.LoggerErrorManager println
WARNING: in1:3: WARNING - Bad type annotation. Unknown type Missing
 * @extends {Missing}
             ^

Aug 18, 2022 9:14:13 PM com.google.javascript.jscomp.LoggerErrorManager printSummary
WARNING: 0 error(s), 3 warning(s), 78.6% typed
Aug 18, 2022 9:14:13 PM com.google.javascript.jscomp.SymbolTable$JSDocInfoCollector visitTypeNode
WARNING: Could not find symbol for type: number
Aug 18, 2022 9:14:13 PM com.google.javascript.jscomp.SymbolTable$JSDocInfoCollector visitTypeNode
WARNING: Could not find symbol for type: number
Aug 18, 2022 9:14:13 PM com.google.javascript.jscomp.SymbolTable$JSDocInfoCollector visitTypeNode
WARNING: Could not find symbol for type: number
Aug 18, 2022 9:14:13 PM com.google.javascript.jscomp.SymbolTable$JSDocInfoCollector visitTypeNode
WARNING: Could not find symbol for type: number
Aug 18, 2022 9:14:13 PM com.google.javascript.jscomp.SymbolTable$JSDocInfoCollector visitTypeNode
WARNING: Could not find symbol for type: length
Aug 18, 2022 9:14:13 PM com.google.javascript.jscomp.SymbolTable$JSDocInfoCollector visitTypeNode
WARNING: Could not find symbol for type: number
Aug 18, 2022 9:14:13 PM com.google.javascript.jscomp.SymbolTable$JSDocInfoCollector visitTypeNode
WARNING: Could not find symbol for type: T
Aug 18, 2022 9:14:13 PM com.google.javascript.jscomp.SymbolTable$JSDocInfoCollector visitTypeNode
WARNING: Could not find symbol for type: T
Aug 18, 2022 9:14:13 PM com.google.javascript.jscomp.SymbolTable$JSDocInfoCollector visitTypeNode
WARNING: Could not find symbol for type: number
Aug 18, 2022 9:14:13 PM com.google.javascript.jscomp.SymbolTable$JSDocInfoCollector visitTypeNode
WARNING: Could not find symbol for type: Missing

Time: 0.01

OK (1 test)

com.google.javascript.jscomp.CommandLineRunnerTest#testTypeParsingOffByDefault
.
Time: 0.006

OK (1 test)

com.google.javascript.jscomp.SymbolTableTest#testJSDocOnlySymbol
.Aug 18, 2022 9:14:13 PM com.google.javascript.jscomp.LoggerErrorManager println
WARNING: externs1:3: WARNING - attempted re-definition of type Function
found   : function (new:Function, *): ?
expected: function (new:Function, ...[*]): ?
 * @param {*} var_args */ function Function(var_args) {}/** @type {!Function} */ Function.prototype.apply;/** @type {!Function} */ Function.prototype.bind;/** @type {!Function} */ Function.prototype.call;/** @constructor 
                          ^

Aug 18, 2022 9:14:13 PM com.google.javascript.jscomp.LoggerErrorManager println
WARNING: externs1:8: WARNING - attempted re-definition of type Array
found   : function (new:Array, *): Array
expected: function (new:Array, ...[*]): Array
 @return {!Array} */function Array(var_args) {}
                    ^

Aug 18, 2022 9:14:13 PM com.google.javascript.jscomp.LoggerErrorManager printSummary
WARNING: 0 error(s), 2 warning(s)
Aug 18, 2022 9:14:13 PM com.google.javascript.jscomp.SymbolTable$JSDocInfoCollector visitTypeNode
WARNING: Could not find symbol for type: number
Aug 18, 2022 9:14:13 PM com.google.javascript.jscomp.SymbolTable$JSDocInfoCollector visitTypeNode
WARNING: Could not find symbol for type: number
Aug 18, 2022 9:14:13 PM com.google.javascript.jscomp.SymbolTable$JSDocInfoCollector visitTypeNode
WARNING: Could not find symbol for type: number
Aug 18, 2022 9:14:13 PM com.google.javascript.jscomp.SymbolTable$JSDocInfoCollector visitTypeNode
WARNING: Could not find symbol for type: number
Aug 18, 2022 9:14:13 PM com.google.javascript.jscomp.SymbolTable$JSDocInfoCollector visitTypeNode
WARNING: Could not find symbol for type: length
Aug 18, 2022 9:14:13 PM com.google.javascript.jscomp.SymbolTable$JSDocInfoCollector visitTypeNode
WARNING: Could not find symbol for type: number
Aug 18, 2022 9:14:13 PM com.google.javascript.jscomp.SymbolTable$JSDocInfoCollector visitTypeNode
WARNING: Could not find symbol for type: T
Aug 18, 2022 9:14:13 PM com.google.javascript.jscomp.SymbolTable$JSDocInfoCollector visitTypeNode
WARNING: Could not find symbol for type: T
Aug 18, 2022 9:14:13 PM com.google.javascript.jscomp.SymbolTable$JSDocInfoCollector visitTypeNode
WARNING: Could not find symbol for type: number
Aug 18, 2022 9:14:13 PM com.google.javascript.jscomp.SymbolTable$JSDocInfoCollector visitTypeNode
WARNING: Could not find symbol for type: number

Time: 0.007

OK (1 test)

com.google.javascript.jscomp.SymbolTableTest#testReferencesInJSDocType
.Aug 18, 2022 9:14:13 PM com.google.javascript.jscomp.LoggerErrorManager println
WARNING: externs1:3: WARNING - attempted re-definition of type Function
found   : function (new:Function, *): ?
expected: function (new:Function, ...[*]): ?
 * @param {*} var_args */ function Function(var_args) {}/** @type {!Function} */ Function.prototype.apply;/** @type {!Function} */ Function.prototype.bind;/** @type {!Function} */ Function.prototype.call;/** @constructor 
                          ^

Aug 18, 2022 9:14:13 PM com.google.javascript.jscomp.LoggerErrorManager println
WARNING: externs1:8: WARNING - attempted re-definition of type Array
found   : function (new:Array, *): Array
expected: function (new:Array, ...[*]): Array
 @return {!Array} */function Array(var_args) {}
                    ^

Aug 18, 2022 9:14:13 PM com.google.javascript.jscomp.LoggerErrorManager printSummary
WARNING: 0 error(s), 2 warning(s), 100% typed
Aug 18, 2022 9:14:13 PM com.google.javascript.jscomp.SymbolTable$JSDocInfoCollector visitTypeNode
WARNING: Could not find symbol for type: number
Aug 18, 2022 9:14:13 PM com.google.javascript.jscomp.SymbolTable$JSDocInfoCollector visitTypeNode
WARNING: Could not find symbol for type: number
Aug 18, 2022 9:14:13 PM com.google.javascript.jscomp.SymbolTable$JSDocInfoCollector visitTypeNode
WARNING: Could not find symbol for type: number
Aug 18, 2022 9:14:13 PM com.google.javascript.jscomp.SymbolTable$JSDocInfoCollector visitTypeNode
WARNING: Could not find symbol for type: number
Aug 18, 2022 9:14:13 PM com.google.javascript.jscomp.SymbolTable$JSDocInfoCollector visitTypeNode
WARNING: Could not find symbol for type: length
Aug 18, 2022 9:14:13 PM com.google.javascript.jscomp.SymbolTable$JSDocInfoCollector visitTypeNode
WARNING: Could not find symbol for type: number
Aug 18, 2022 9:14:13 PM com.google.javascript.jscomp.SymbolTable$JSDocInfoCollector visitTypeNode
WARNING: Could not find symbol for type: T
Aug 18, 2022 9:14:13 PM com.google.javascript.jscomp.SymbolTable$JSDocInfoCollector visitTypeNode
WARNING: Could not find symbol for type: T
Aug 18, 2022 9:14:13 PM com.google.javascript.jscomp.SymbolTable$JSDocInfoCollector visitTypeNode
WARNING: Could not find symbol for type: number

Time: 0.009

OK (1 test)

com.google.javascript.jscomp.CommandLineRunnerTest#testNoCompile
.
Time: 0.008

OK (1 test)

com.google.javascript.jscomp.SymbolTableTest#testNamespacedReferences
.Aug 18, 2022 9:14:13 PM com.google.javascript.jscomp.LoggerErrorManager println
WARNING: externs1:3: WARNING - attempted re-definition of type Function
found   : function (new:Function, *): ?
expected: function (new:Function, ...[*]): ?
 * @param {*} var_args */ function Function(var_args) {}/** @type {!Function} */ Function.prototype.apply;/** @type {!Function} */ Function.prototype.bind;/** @type {!Function} */ Function.prototype.call;/** @constructor 
                          ^

Aug 18, 2022 9:14:13 PM com.google.javascript.jscomp.LoggerErrorManager println
WARNING: externs1:8: WARNING - attempted re-definition of type Array
found   : function (new:Array, *): Array
expected: function (new:Array, ...[*]): Array
 @return {!Array} */function Array(var_args) {}
                    ^

Aug 18, 2022 9:14:13 PM com.google.javascript.jscomp.LoggerErrorManager printSummary
WARNING: 0 error(s), 2 warning(s), 100% typed
Aug 18, 2022 9:14:13 PM com.google.javascript.jscomp.SymbolTable$JSDocInfoCollector visitTypeNode
WARNING: Could not find symbol for type: number
Aug 18, 2022 9:14:13 PM com.google.javascript.jscomp.SymbolTable$JSDocInfoCollector visitTypeNode
WARNING: Could not find symbol for type: number
Aug 18, 2022 9:14:13 PM com.google.javascript.jscomp.SymbolTable$JSDocInfoCollector visitTypeNode
WARNING: Could not find symbol for type: number
Aug 18, 2022 9:14:13 PM com.google.javascript.jscomp.SymbolTable$JSDocInfoCollector visitTypeNode
WARNING: Could not find symbol for type: number
Aug 18, 2022 9:14:13 PM com.google.javascript.jscomp.SymbolTable$JSDocInfoCollector visitTypeNode
WARNING: Could not find symbol for type: length
Aug 18, 2022 9:14:13 PM com.google.javascript.jscomp.SymbolTable$JSDocInfoCollector visitTypeNode
WARNING: Could not find symbol for type: number
Aug 18, 2022 9:14:13 PM com.google.javascript.jscomp.SymbolTable$JSDocInfoCollector visitTypeNode
WARNING: Could not find symbol for type: T
Aug 18, 2022 9:14:13 PM com.google.javascript.jscomp.SymbolTable$JSDocInfoCollector visitTypeNode
WARNING: Could not find symbol for type: T
Aug 18, 2022 9:14:13 PM com.google.javascript.jscomp.SymbolTable$JSDocInfoCollector visitTypeNode
WARNING: Could not find symbol for type: number

Time: 0.008

OK (1 test)

com.google.javascript.jscomp.IntegrationTest#testCheckConstants2
.Aug 18, 2022 9:14:13 PM com.google.javascript.jscomp.LoggerErrorManager println
SEVERE: i0:3: ERROR - constant x assigned a value more than once
var x = 1; foo(); x = 2;
                  ^

Aug 18, 2022 9:14:13 PM com.google.javascript.jscomp.LoggerErrorManager printSummary
WARNING: 1 error(s), 0 warning(s)

Time: 0.005

OK (1 test)

com.google.javascript.jscomp.SymbolTableTest#testGlobalVarInExterns
.Aug 18, 2022 9:14:13 PM com.google.javascript.jscomp.LoggerErrorManager println
WARNING: externs1:3: WARNING - attempted re-definition of type Function
found   : function (new:Function, *): ?
expected: function (new:Function, ...[*]): ?
 * @param {*} var_args */ function Function(var_args) {}/** @type {!Function} */ Function.prototype.apply;/** @type {!Function} */ Function.prototype.bind;/** @type {!Function} */ Function.prototype.call;/** @constructor 
                          ^

Aug 18, 2022 9:14:13 PM com.google.javascript.jscomp.LoggerErrorManager println
WARNING: externs1:8: WARNING - attempted re-definition of type Array
found   : function (new:Array, *): Array
expected: function (new:Array, ...[*]): Array
 @return {!Array} */function Array(var_args) {}
                    ^

Aug 18, 2022 9:14:13 PM com.google.javascript.jscomp.LoggerErrorManager printSummary
WARNING: 0 error(s), 2 warning(s), 100% typed
Aug 18, 2022 9:14:13 PM com.google.javascript.jscomp.SymbolTable$JSDocInfoCollector visitTypeNode
WARNING: Could not find symbol for type: number
Aug 18, 2022 9:14:13 PM com.google.javascript.jscomp.SymbolTable$JSDocInfoCollector visitTypeNode
WARNING: Could not find symbol for type: number
Aug 18, 2022 9:14:13 PM com.google.javascript.jscomp.SymbolTable$JSDocInfoCollector visitTypeNode
WARNING: Could not find symbol for type: number
Aug 18, 2022 9:14:13 PM com.google.javascript.jscomp.SymbolTable$JSDocInfoCollector visitTypeNode
WARNING: Could not find symbol for type: number
Aug 18, 2022 9:14:13 PM com.google.javascript.jscomp.SymbolTable$JSDocInfoCollector visitTypeNode
WARNING: Could not find symbol for type: length
Aug 18, 2022 9:14:13 PM com.google.javascript.jscomp.SymbolTable$JSDocInfoCollector visitTypeNode
WARNING: Could not find symbol for type: number
Aug 18, 2022 9:14:13 PM com.google.javascript.jscomp.SymbolTable$JSDocInfoCollector visitTypeNode
WARNING: Could not find symbol for type: T
Aug 18, 2022 9:14:13 PM com.google.javascript.jscomp.SymbolTable$JSDocInfoCollector visitTypeNode
WARNING: Could not find symbol for type: T
Aug 18, 2022 9:14:13 PM com.google.javascript.jscomp.SymbolTable$JSDocInfoCollector visitTypeNode
WARNING: Could not find symbol for type: number

Time: 0.007

OK (1 test)

com.google.javascript.jscomp.SymbolTableTest#testIncompleteNamespacedReferences
.Aug 18, 2022 9:14:13 PM com.google.javascript.jscomp.LoggerErrorManager println
WARNING: externs1:3: WARNING - attempted re-definition of type Function
found   : function (new:Function, *): ?
expected: function (new:Function, ...[*]): ?
 * @param {*} var_args */ function Function(var_args) {}/** @type {!Function} */ Function.prototype.apply;/** @type {!Function} */ Function.prototype.bind;/** @type {!Function} */ Function.prototype.call;/** @constructor 
                          ^

Aug 18, 2022 9:14:13 PM com.google.javascript.jscomp.LoggerErrorManager println
WARNING: externs1:8: WARNING - attempted re-definition of type Array
found   : function (new:Array, *): Array
expected: function (new:Array, ...[*]): Array
 @return {!Array} */function Array(var_args) {}
                    ^

Aug 18, 2022 9:14:13 PM com.google.javascript.jscomp.LoggerErrorManager println
WARNING: in1:2: WARNING - Property dom never defined on goog
goog.dom.DomHelper = function(){};
^

Aug 18, 2022 9:14:13 PM com.google.javascript.jscomp.LoggerErrorManager println
WARNING: in1:3: WARNING - Property dom never defined on goog
var y = goog.dom.DomHelper;
        ^

Aug 18, 2022 9:14:13 PM com.google.javascript.jscomp.LoggerErrorManager println
SEVERE: in1:2: ERROR - variable goog is undeclared
goog.dom.DomHelper = function(){};
^

Aug 18, 2022 9:14:13 PM com.google.javascript.jscomp.LoggerErrorManager printSummary
WARNING: 1 error(s), 4 warning(s), 60% typed
Aug 18, 2022 9:14:13 PM com.google.javascript.jscomp.SymbolTable$JSDocInfoCollector visitTypeNode
WARNING: Could not find symbol for type: number
Aug 18, 2022 9:14:13 PM com.google.javascript.jscomp.SymbolTable$JSDocInfoCollector visitTypeNode
WARNING: Could not find symbol for type: number
Aug 18, 2022 9:14:13 PM com.google.javascript.jscomp.SymbolTable$JSDocInfoCollector visitTypeNode
WARNING: Could not find symbol for type: number
Aug 18, 2022 9:14:13 PM com.google.javascript.jscomp.SymbolTable$JSDocInfoCollector visitTypeNode
WARNING: Could not find symbol for type: number
Aug 18, 2022 9:14:13 PM com.google.javascript.jscomp.SymbolTable$JSDocInfoCollector visitTypeNode
WARNING: Could not find symbol for type: length
Aug 18, 2022 9:14:13 PM com.google.javascript.jscomp.SymbolTable$JSDocInfoCollector visitTypeNode
WARNING: Could not find symbol for type: number
Aug 18, 2022 9:14:13 PM com.google.javascript.jscomp.SymbolTable$JSDocInfoCollector visitTypeNode
WARNING: Could not find symbol for type: T
Aug 18, 2022 9:14:13 PM com.google.javascript.jscomp.SymbolTable$JSDocInfoCollector visitTypeNode
WARNING: Could not find symbol for type: T
Aug 18, 2022 9:14:13 PM com.google.javascript.jscomp.SymbolTable$JSDocInfoCollector visitTypeNode
WARNING: Could not find symbol for type: number

Time: 0.009

OK (1 test)

com.google.javascript.jscomp.CommandLineRunnerTest#testGenerateExports
.
Time: 0.01

OK (1 test)

com.google.javascript.jscomp.SymbolTableTest#testSuperClassMethodReferences
.Aug 18, 2022 9:14:13 PM com.google.javascript.jscomp.LoggerErrorManager println
WARNING: externs1:3: WARNING - attempted re-definition of type Function
found   : function (new:Function, *): ?
expected: function (new:Function, ...[*]): ?
 * @param {*} var_args */ function Function(var_args) {}/** @type {!Function} */ Function.prototype.apply;/** @type {!Function} */ Function.prototype.bind;/** @type {!Function} */ Function.prototype.call;/** @constructor 
                          ^

Aug 18, 2022 9:14:13 PM com.google.javascript.jscomp.LoggerErrorManager println
WARNING: externs1:8: WARNING - attempted re-definition of type Array
found   : function (new:Array, *): Array
expected: function (new:Array, ...[*]): Array
 @return {!Array} */function Array(var_args) {}
                    ^

Aug 18, 2022 9:14:13 PM com.google.javascript.jscomp.LoggerErrorManager printSummary
WARNING: 0 error(s), 2 warning(s), 100% typed
Aug 18, 2022 9:14:13 PM com.google.javascript.jscomp.SymbolTable$JSDocInfoCollector visitTypeNode
WARNING: Could not find symbol for type: number
Aug 18, 2022 9:14:13 PM com.google.javascript.jscomp.SymbolTable$JSDocInfoCollector visitTypeNode
WARNING: Could not find symbol for type: number
Aug 18, 2022 9:14:13 PM com.google.javascript.jscomp.SymbolTable$JSDocInfoCollector visitTypeNode
WARNING: Could not find symbol for type: number
Aug 18, 2022 9:14:13 PM com.google.javascript.jscomp.SymbolTable$JSDocInfoCollector visitTypeNode
WARNING: Could not find symbol for type: number
Aug 18, 2022 9:14:13 PM com.google.javascript.jscomp.SymbolTable$JSDocInfoCollector visitTypeNode
WARNING: Could not find symbol for type: length
Aug 18, 2022 9:14:13 PM com.google.javascript.jscomp.SymbolTable$JSDocInfoCollector visitTypeNode
WARNING: Could not find symbol for type: number
Aug 18, 2022 9:14:13 PM com.google.javascript.jscomp.SymbolTable$JSDocInfoCollector visitTypeNode
WARNING: Could not find symbol for type: T
Aug 18, 2022 9:14:13 PM com.google.javascript.jscomp.SymbolTable$JSDocInfoCollector visitTypeNode
WARNING: Could not find symbol for type: T
Aug 18, 2022 9:14:13 PM com.google.javascript.jscomp.SymbolTable$JSDocInfoCollector visitTypeNode
WARNING: Could not find symbol for type: number

Time: 0.008

OK (1 test)

com.google.javascript.jscomp.CommandLineRunnerTest#testDepreciationWithVerbose
.
Time: 0.007

OK (1 test)

com.google.javascript.jscomp.CommandLineRunnerTest#testIssue846
.
Time: 0.008

OK (1 test)

com.google.javascript.jscomp.SymbolTableTest#testMethodReferences
.Aug 18, 2022 9:14:13 PM com.google.javascript.jscomp.LoggerErrorManager println
WARNING: externs1:3: WARNING - attempted re-definition of type Function
found   : function (new:Function, *): ?
expected: function (new:Function, ...[*]): ?
 * @param {*} var_args */ function Function(var_args) {}/** @type {!Function} */ Function.prototype.apply;/** @type {!Function} */ Function.prototype.bind;/** @type {!Function} */ Function.prototype.call;/** @constructor 
                          ^

Aug 18, 2022 9:14:13 PM com.google.javascript.jscomp.LoggerErrorManager println
WARNING: externs1:8: WARNING - attempted re-definition of type Array
found   : function (new:Array, *): Array
expected: function (new:Array, ...[*]): Array
 @return {!Array} */function Array(var_args) {}
                    ^

Aug 18, 2022 9:14:13 PM com.google.javascript.jscomp.LoggerErrorManager printSummary
WARNING: 0 error(s), 2 warning(s), 100% typed
Aug 18, 2022 9:14:13 PM com.google.javascript.jscomp.SymbolTable$JSDocInfoCollector visitTypeNode
WARNING: Could not find symbol for type: number
Aug 18, 2022 9:14:13 PM com.google.javascript.jscomp.SymbolTable$JSDocInfoCollector visitTypeNode
WARNING: Could not find symbol for type: number
Aug 18, 2022 9:14:13 PM com.google.javascript.jscomp.SymbolTable$JSDocInfoCollector visitTypeNode
WARNING: Could not find symbol for type: number
Aug 18, 2022 9:14:13 PM com.google.javascript.jscomp.SymbolTable$JSDocInfoCollector visitTypeNode
WARNING: Could not find symbol for type: number
Aug 18, 2022 9:14:13 PM com.google.javascript.jscomp.SymbolTable$JSDocInfoCollector visitTypeNode
WARNING: Could not find symbol for type: length
Aug 18, 2022 9:14:13 PM com.google.javascript.jscomp.SymbolTable$JSDocInfoCollector visitTypeNode
WARNING: Could not find symbol for type: number
Aug 18, 2022 9:14:13 PM com.google.javascript.jscomp.SymbolTable$JSDocInfoCollector visitTypeNode
WARNING: Could not find symbol for type: T
Aug 18, 2022 9:14:13 PM com.google.javascript.jscomp.SymbolTable$JSDocInfoCollector visitTypeNode
WARNING: Could not find symbol for type: T
Aug 18, 2022 9:14:13 PM com.google.javascript.jscomp.SymbolTable$JSDocInfoCollector visitTypeNode
WARNING: Could not find symbol for type: number

Time: 0.008

OK (1 test)

com.google.javascript.jscomp.IntegrationTest#testGoogDefineClass3
.Aug 18, 2022 9:14:13 PM com.google.javascript.jscomp.LoggerErrorManager println
WARNING: i0:9: WARNING - actual parameter 1 of C.prototype.someMethod does not match formal parameter
found   : number
required: string
x.someMethod(x.someProperty);
             ^

Aug 18, 2022 9:14:13 PM com.google.javascript.jscomp.LoggerErrorManager printSummary
WARNING: 0 error(s), 1 warning(s), 100% typed

Time: 0.069

OK (1 test)

com.google.javascript.jscomp.SymbolTableTest#testGoogRequireReferences2
.Aug 18, 2022 9:14:13 PM com.google.javascript.jscomp.LoggerErrorManager println
WARNING: externs1:3: WARNING - attempted re-definition of type Function
found   : function (new:Function, *): ?
expected: function (new:Function, ...[*]): ?
 * @param {*} var_args */ function Function(var_args) {}/** @type {!Function} */ Function.prototype.apply;/** @type {!Function} */ Function.prototype.bind;/** @type {!Function} */ Function.prototype.call;/** @constructor 
                          ^

Aug 18, 2022 9:14:13 PM com.google.javascript.jscomp.LoggerErrorManager println
WARNING: externs1:8: WARNING - attempted re-definition of type Array
found   : function (new:Array, *): Array
expected: function (new:Array, ...[*]): Array
 @return {!Array} */function Array(var_args) {}
                    ^

Aug 18, 2022 9:14:13 PM com.google.javascript.jscomp.LoggerErrorManager println
WARNING: in1:2: WARNING - Property require never defined on goog
goog.require('foo.bar')
^

Aug 18, 2022 9:14:13 PM com.google.javascript.jscomp.LoggerErrorManager println
SEVERE: in1:1: ERROR - variable foo is undeclared
foo.bar = function(){};  // definition
^

Aug 18, 2022 9:14:13 PM com.google.javascript.jscomp.LoggerErrorManager println
SEVERE: in1:2: ERROR - variable goog is undeclared
goog.require('foo.bar')
^

Aug 18, 2022 9:14:13 PM com.google.javascript.jscomp.LoggerErrorManager printSummary
WARNING: 2 error(s), 3 warning(s), 57.1% typed
Aug 18, 2022 9:14:13 PM com.google.javascript.jscomp.SymbolTable$JSDocInfoCollector visitTypeNode
WARNING: Could not find symbol for type: number
Aug 18, 2022 9:14:13 PM com.google.javascript.jscomp.SymbolTable$JSDocInfoCollector visitTypeNode
WARNING: Could not find symbol for type: number
Aug 18, 2022 9:14:13 PM com.google.javascript.jscomp.SymbolTable$JSDocInfoCollector visitTypeNode
WARNING: Could not find symbol for type: number
Aug 18, 2022 9:14:13 PM com.google.javascript.jscomp.SymbolTable$JSDocInfoCollector visitTypeNode
WARNING: Could not find symbol for type: number
Aug 18, 2022 9:14:13 PM com.google.javascript.jscomp.SymbolTable$JSDocInfoCollector visitTypeNode
WARNING: Could not find symbol for type: length
Aug 18, 2022 9:14:13 PM com.google.javascript.jscomp.SymbolTable$JSDocInfoCollector visitTypeNode
WARNING: Could not find symbol for type: number
Aug 18, 2022 9:14:13 PM com.google.javascript.jscomp.SymbolTable$JSDocInfoCollector visitTypeNode
WARNING: Could not find symbol for type: T
Aug 18, 2022 9:14:13 PM com.google.javascript.jscomp.SymbolTable$JSDocInfoCollector visitTypeNode
WARNING: Could not find symbol for type: T
Aug 18, 2022 9:14:13 PM com.google.javascript.jscomp.SymbolTable$JSDocInfoCollector visitTypeNode
WARNING: Could not find symbol for type: number

Time: 0.016

OK (1 test)

com.google.javascript.jscomp.CommandLineRunnerTest#testScriptStrictModeNoWarning
.
Time: 0.008

OK (1 test)

com.google.javascript.jscomp.SymbolTableTest#testMultipleExtends
.Aug 18, 2022 9:14:13 PM com.google.javascript.jscomp.LoggerErrorManager println
WARNING: externs1:3: WARNING - attempted re-definition of type Function
found   : function (new:Function, *): ?
expected: function (new:Function, ...[*]): ?
 * @param {*} var_args */ function Function(var_args) {}/** @type {!Function} */ Function.prototype.apply;/** @type {!Function} */ Function.prototype.bind;/** @type {!Function} */ Function.prototype.call;/** @constructor 
                          ^

Aug 18, 2022 9:14:13 PM com.google.javascript.jscomp.LoggerErrorManager println
WARNING: externs1:8: WARNING - attempted re-definition of type Array
found   : function (new:Array, *): Array
expected: function (new:Array, ...[*]): Array
 @return {!Array} */function Array(var_args) {}
                    ^

Aug 18, 2022 9:14:13 PM com.google.javascript.jscomp.LoggerErrorManager printSummary
WARNING: 0 error(s), 2 warning(s), 99.1% typed
Aug 18, 2022 9:14:13 PM com.google.javascript.jscomp.SymbolTable$JSDocInfoCollector visitTypeNode
WARNING: Could not find symbol for type: number
Aug 18, 2022 9:14:13 PM com.google.javascript.jscomp.SymbolTable$JSDocInfoCollector visitTypeNode
WARNING: Could not find symbol for type: number
Aug 18, 2022 9:14:13 PM com.google.javascript.jscomp.SymbolTable$JSDocInfoCollector visitTypeNode
WARNING: Could not find symbol for type: number
Aug 18, 2022 9:14:13 PM com.google.javascript.jscomp.SymbolTable$JSDocInfoCollector visitTypeNode
WARNING: Could not find symbol for type: number
Aug 18, 2022 9:14:13 PM com.google.javascript.jscomp.SymbolTable$JSDocInfoCollector visitTypeNode
WARNING: Could not find symbol for type: length
Aug 18, 2022 9:14:13 PM com.google.javascript.jscomp.SymbolTable$JSDocInfoCollector visitTypeNode
WARNING: Could not find symbol for type: number
Aug 18, 2022 9:14:13 PM com.google.javascript.jscomp.SymbolTable$JSDocInfoCollector visitTypeNode
WARNING: Could not find symbol for type: T
Aug 18, 2022 9:14:13 PM com.google.javascript.jscomp.SymbolTable$JSDocInfoCollector visitTypeNode
WARNING: Could not find symbol for type: T
Aug 18, 2022 9:14:13 PM com.google.javascript.jscomp.SymbolTable$JSDocInfoCollector visitTypeNode
WARNING: Could not find symbol for type: number
Aug 18, 2022 9:14:13 PM com.google.javascript.jscomp.SymbolTable$JSDocInfoCollector visitTypeNode
WARNING: Could not find symbol for type: void
Aug 18, 2022 9:14:13 PM com.google.javascript.jscomp.SymbolTable$JSDocInfoCollector visitTypeNode
WARNING: Could not find symbol for type: void
Aug 18, 2022 9:14:13 PM com.google.javascript.jscomp.SymbolTable$JSDocInfoCollector visitTypeNode
WARNING: Could not find symbol for type: void
Aug 18, 2022 9:14:13 PM com.google.javascript.jscomp.SymbolTable$JSDocInfoCollector visitTypeNode
WARNING: Could not find symbol for type: void

Time: 0.011

OK (1 test)

com.google.javascript.jscomp.SymbolTableTest#testLocalThisReferences
.Aug 18, 2022 9:14:13 PM com.google.javascript.jscomp.LoggerErrorManager println
WARNING: externs1:3: WARNING - attempted re-definition of type Function
found   : function (new:Function, *): ?
expected: function (new:Function, ...[*]): ?
 * @param {*} var_args */ function Function(var_args) {}/** @type {!Function} */ Function.prototype.apply;/** @type {!Function} */ Function.prototype.bind;/** @type {!Function} */ Function.prototype.call;/** @constructor 
                          ^

Aug 18, 2022 9:14:13 PM com.google.javascript.jscomp.LoggerErrorManager println
WARNING: externs1:8: WARNING - attempted re-definition of type Array
found   : function (new:Array, *): Array
expected: function (new:Array, ...[*]): Array
 @return {!Array} */function Array(var_args) {}
                    ^

Aug 18, 2022 9:14:13 PM com.google.javascript.jscomp.LoggerErrorManager printSummary
WARNING: 0 error(s), 2 warning(s), 100% typed
Aug 18, 2022 9:14:13 PM com.google.javascript.jscomp.SymbolTable$JSDocInfoCollector visitTypeNode
WARNING: Could not find symbol for type: number
Aug 18, 2022 9:14:13 PM com.google.javascript.jscomp.SymbolTable$JSDocInfoCollector visitTypeNode
WARNING: Could not find symbol for type: number
Aug 18, 2022 9:14:13 PM com.google.javascript.jscomp.SymbolTable$JSDocInfoCollector visitTypeNode
WARNING: Could not find symbol for type: number
Aug 18, 2022 9:14:13 PM com.google.javascript.jscomp.SymbolTable$JSDocInfoCollector visitTypeNode
WARNING: Could not find symbol for type: number
Aug 18, 2022 9:14:13 PM com.google.javascript.jscomp.SymbolTable$JSDocInfoCollector visitTypeNode
WARNING: Could not find symbol for type: length
Aug 18, 2022 9:14:13 PM com.google.javascript.jscomp.SymbolTable$JSDocInfoCollector visitTypeNode
WARNING: Could not find symbol for type: number
Aug 18, 2022 9:14:13 PM com.google.javascript.jscomp.SymbolTable$JSDocInfoCollector visitTypeNode
WARNING: Could not find symbol for type: T
Aug 18, 2022 9:14:13 PM com.google.javascript.jscomp.SymbolTable$JSDocInfoCollector visitTypeNode
WARNING: Could not find symbol for type: T
Aug 18, 2022 9:14:13 PM com.google.javascript.jscomp.SymbolTable$JSDocInfoCollector visitTypeNode
WARNING: Could not find symbol for type: number

Time: 0.007

OK (1 test)

com.google.javascript.jscomp.SymbolTableTest#testLocalThisReferences2
.Aug 18, 2022 9:14:13 PM com.google.javascript.jscomp.LoggerErrorManager println
WARNING: externs1:3: WARNING - attempted re-definition of type Function
found   : function (new:Function, *): ?
expected: function (new:Function, ...[*]): ?
 * @param {*} var_args */ function Function(var_args) {}/** @type {!Function} */ Function.prototype.apply;/** @type {!Function} */ Function.prototype.bind;/** @type {!Function} */ Function.prototype.call;/** @constructor 
                          ^

Aug 18, 2022 9:14:13 PM com.google.javascript.jscomp.LoggerErrorManager println
WARNING: externs1:8: WARNING - attempted re-definition of type Array
found   : function (new:Array, *): Array
expected: function (new:Array, ...[*]): Array
 @return {!Array} */function Array(var_args) {}
                    ^

Aug 18, 2022 9:14:13 PM com.google.javascript.jscomp.LoggerErrorManager printSummary
WARNING: 0 error(s), 2 warning(s), 100% typed
Aug 18, 2022 9:14:13 PM com.google.javascript.jscomp.SymbolTable$JSDocInfoCollector visitTypeNode
WARNING: Could not find symbol for type: number
Aug 18, 2022 9:14:13 PM com.google.javascript.jscomp.SymbolTable$JSDocInfoCollector visitTypeNode
WARNING: Could not find symbol for type: number
Aug 18, 2022 9:14:13 PM com.google.javascript.jscomp.SymbolTable$JSDocInfoCollector visitTypeNode
WARNING: Could not find symbol for type: number
Aug 18, 2022 9:14:13 PM com.google.javascript.jscomp.SymbolTable$JSDocInfoCollector visitTypeNode
WARNING: Could not find symbol for type: number
Aug 18, 2022 9:14:13 PM com.google.javascript.jscomp.SymbolTable$JSDocInfoCollector visitTypeNode
WARNING: Could not find symbol for type: length
Aug 18, 2022 9:14:13 PM com.google.javascript.jscomp.SymbolTable$JSDocInfoCollector visitTypeNode
WARNING: Could not find symbol for type: number
Aug 18, 2022 9:14:13 PM com.google.javascript.jscomp.SymbolTable$JSDocInfoCollector visitTypeNode
WARNING: Could not find symbol for type: T
Aug 18, 2022 9:14:13 PM com.google.javascript.jscomp.SymbolTable$JSDocInfoCollector visitTypeNode
WARNING: Could not find symbol for type: T
Aug 18, 2022 9:14:13 PM com.google.javascript.jscomp.SymbolTable$JSDocInfoCollector visitTypeNode
WARNING: Could not find symbol for type: number

Time: 0.007

OK (1 test)

com.google.javascript.jscomp.CommandLineRunnerTest#testChainModuleManifest
.
Time: 0.006

OK (1 test)

com.google.javascript.jscomp.SymbolTableTest#testLocalThisReferences3
.Aug 18, 2022 9:14:13 PM com.google.javascript.jscomp.LoggerErrorManager println
WARNING: externs1:3: WARNING - attempted re-definition of type Function
found   : function (new:Function, *): ?
expected: function (new:Function, ...[*]): ?
 * @param {*} var_args */ function Function(var_args) {}/** @type {!Function} */ Function.prototype.apply;/** @type {!Function} */ Function.prototype.bind;/** @type {!Function} */ Function.prototype.call;/** @constructor 
                          ^

Aug 18, 2022 9:14:13 PM com.google.javascript.jscomp.LoggerErrorManager println
WARNING: externs1:8: WARNING - attempted re-definition of type Array
found   : function (new:Array, *): Array
expected: function (new:Array, ...[*]): Array
 @return {!Array} */function Array(var_args) {}
                    ^

Aug 18, 2022 9:14:13 PM com.google.javascript.jscomp.LoggerErrorManager printSummary
WARNING: 0 error(s), 2 warning(s), 100% typed
Aug 18, 2022 9:14:13 PM com.google.javascript.jscomp.SymbolTable$JSDocInfoCollector visitTypeNode
WARNING: Could not find symbol for type: number
Aug 18, 2022 9:14:13 PM com.google.javascript.jscomp.SymbolTable$JSDocInfoCollector visitTypeNode
WARNING: Could not find symbol for type: number
Aug 18, 2022 9:14:13 PM com.google.javascript.jscomp.SymbolTable$JSDocInfoCollector visitTypeNode
WARNING: Could not find symbol for type: number
Aug 18, 2022 9:14:13 PM com.google.javascript.jscomp.SymbolTable$JSDocInfoCollector visitTypeNode
WARNING: Could not find symbol for type: number
Aug 18, 2022 9:14:13 PM com.google.javascript.jscomp.SymbolTable$JSDocInfoCollector visitTypeNode
WARNING: Could not find symbol for type: length
Aug 18, 2022 9:14:13 PM com.google.javascript.jscomp.SymbolTable$JSDocInfoCollector visitTypeNode
WARNING: Could not find symbol for type: number
Aug 18, 2022 9:14:13 PM com.google.javascript.jscomp.SymbolTable$JSDocInfoCollector visitTypeNode
WARNING: Could not find symbol for type: T
Aug 18, 2022 9:14:13 PM com.google.javascript.jscomp.SymbolTable$JSDocInfoCollector visitTypeNode
WARNING: Could not find symbol for type: T
Aug 18, 2022 9:14:13 PM com.google.javascript.jscomp.SymbolTable$JSDocInfoCollector visitTypeNode
WARNING: Could not find symbol for type: number

Time: 0.006

OK (1 test)

com.google.javascript.jscomp.CommandLineRunnerTest#testCheckGlobalThisOffByDefault
.
Time: 0.006

OK (1 test)

com.google.javascript.jscomp.SymbolTableTest#testMissingConstructorTag
.Aug 18, 2022 9:14:13 PM com.google.javascript.jscomp.LoggerErrorManager println
WARNING: externs1:3: WARNING - attempted re-definition of type Function
found   : function (new:Function, *): ?
expected: function (new:Function, ...[*]): ?
 * @param {*} var_args */ function Function(var_args) {}/** @type {!Function} */ Function.prototype.apply;/** @type {!Function} */ Function.prototype.bind;/** @type {!Function} */ Function.prototype.call;/** @constructor 
                          ^

Aug 18, 2022 9:14:13 PM com.google.javascript.jscomp.LoggerErrorManager println
WARNING: externs1:8: WARNING - attempted re-definition of type Array
found   : function (new:Array, *): Array
expected: function (new:Array, ...[*]): Array
 @return {!Array} */function Array(var_args) {}
                    ^

Aug 18, 2022 9:14:13 PM com.google.javascript.jscomp.LoggerErrorManager println
WARNING: in1:1: WARNING - dangerous use of the global this object
function F() {  this.field1 = 3;}F.prototype.method1 = function() {  this.field1 = 5;};(new F()).method1();
                ^

Aug 18, 2022 9:14:13 PM com.google.javascript.jscomp.LoggerErrorManager println
WARNING: in1:1: WARNING - cannot instantiate non-constructor
function F() {  this.field1 = 3;}F.prototype.method1 = function() {  this.field1 = 5;};(new F()).method1();
                                                                                        ^

Aug 18, 2022 9:14:13 PM com.google.javascript.jscomp.LoggerErrorManager printSummary
WARNING: 0 error(s), 4 warning(s), 75% typed
Aug 18, 2022 9:14:13 PM com.google.javascript.jscomp.SymbolTable$JSDocInfoCollector visitTypeNode
WARNING: Could not find symbol for type: number
Aug 18, 2022 9:14:13 PM com.google.javascript.jscomp.SymbolTable$JSDocInfoCollector visitTypeNode
WARNING: Could not find symbol for type: number
Aug 18, 2022 9:14:13 PM com.google.javascript.jscomp.SymbolTable$JSDocInfoCollector visitTypeNode
WARNING: Could not find symbol for type: number
Aug 18, 2022 9:14:13 PM com.google.javascript.jscomp.SymbolTable$JSDocInfoCollector visitTypeNode
WARNING: Could not find symbol for type: number
Aug 18, 2022 9:14:13 PM com.google.javascript.jscomp.SymbolTable$JSDocInfoCollector visitTypeNode
WARNING: Could not find symbol for type: length
Aug 18, 2022 9:14:13 PM com.google.javascript.jscomp.SymbolTable$JSDocInfoCollector visitTypeNode
WARNING: Could not find symbol for type: number
Aug 18, 2022 9:14:13 PM com.google.javascript.jscomp.SymbolTable$JSDocInfoCollector visitTypeNode
WARNING: Could not find symbol for type: T
Aug 18, 2022 9:14:13 PM com.google.javascript.jscomp.SymbolTable$JSDocInfoCollector visitTypeNode
WARNING: Could not find symbol for type: T
Aug 18, 2022 9:14:13 PM com.google.javascript.jscomp.SymbolTable$JSDocInfoCollector visitTypeNode
WARNING: Could not find symbol for type: number

Time: 0.006

OK (1 test)

com.google.javascript.jscomp.CommandLineRunnerTest#testSourceMapExpansion1
.
Time: 0.08

OK (1 test)

com.google.javascript.jscomp.SymbolTableTest#testMethodInAnonObject1
.Aug 18, 2022 9:14:13 PM com.google.javascript.jscomp.LoggerErrorManager println
WARNING: externs1:3: WARNING - attempted re-definition of type Function
found   : function (new:Function, *): ?
expected: function (new:Function, ...[*]): ?
 * @param {*} var_args */ function Function(var_args) {}/** @type {!Function} */ Function.prototype.apply;/** @type {!Function} */ Function.prototype.bind;/** @type {!Function} */ Function.prototype.call;/** @constructor 
                          ^

Aug 18, 2022 9:14:13 PM com.google.javascript.jscomp.LoggerErrorManager println
WARNING: externs1:8: WARNING - attempted re-definition of type Array
found   : function (new:Array, *): Array
expected: function (new:Array, ...[*]): Array
 @return {!Array} */function Array(var_args) {}
                    ^

Aug 18, 2022 9:14:13 PM com.google.javascript.jscomp.LoggerErrorManager printSummary
WARNING: 0 error(s), 2 warning(s), 100% typed
Aug 18, 2022 9:14:13 PM com.google.javascript.jscomp.SymbolTable$JSDocInfoCollector visitTypeNode
WARNING: Could not find symbol for type: number
Aug 18, 2022 9:14:13 PM com.google.javascript.jscomp.SymbolTable$JSDocInfoCollector visitTypeNode
WARNING: Could not find symbol for type: number
Aug 18, 2022 9:14:13 PM com.google.javascript.jscomp.SymbolTable$JSDocInfoCollector visitTypeNode
WARNING: Could not find symbol for type: number
Aug 18, 2022 9:14:13 PM com.google.javascript.jscomp.SymbolTable$JSDocInfoCollector visitTypeNode
WARNING: Could not find symbol for type: number
Aug 18, 2022 9:14:13 PM com.google.javascript.jscomp.SymbolTable$JSDocInfoCollector visitTypeNode
WARNING: Could not find symbol for type: length
Aug 18, 2022 9:14:13 PM com.google.javascript.jscomp.SymbolTable$JSDocInfoCollector visitTypeNode
WARNING: Could not find symbol for type: number
Aug 18, 2022 9:14:13 PM com.google.javascript.jscomp.SymbolTable$JSDocInfoCollector visitTypeNode
WARNING: Could not find symbol for type: T
Aug 18, 2022 9:14:13 PM com.google.javascript.jscomp.SymbolTable$JSDocInfoCollector visitTypeNode
WARNING: Could not find symbol for type: T
Aug 18, 2022 9:14:13 PM com.google.javascript.jscomp.SymbolTable$JSDocInfoCollector visitTypeNode
WARNING: Could not find symbol for type: number

Time: 0.007

OK (1 test)

com.google.javascript.jscomp.CommandLineRunnerTest#testSourceMapExpansion2
.
Time: 0.006

OK (1 test)

com.google.javascript.jscomp.SymbolTableTest#testMethodInAnonObject2
.Aug 18, 2022 9:14:13 PM com.google.javascript.jscomp.LoggerErrorManager println
WARNING: externs1:3: WARNING - attempted re-definition of type Function
found   : function (new:Function, *): ?
expected: function (new:Function, ...[*]): ?
 * @param {*} var_args */ function Function(var_args) {}/** @type {!Function} */ Function.prototype.apply;/** @type {!Function} */ Function.prototype.bind;/** @type {!Function} */ Function.prototype.call;/** @constructor 
                          ^

Aug 18, 2022 9:14:13 PM com.google.javascript.jscomp.LoggerErrorManager println
WARNING: externs1:8: WARNING - attempted re-definition of type Array
found   : function (new:Array, *): Array
expected: function (new:Array, ...[*]): Array
 @return {!Array} */function Array(var_args) {}
                    ^

Aug 18, 2022 9:14:13 PM com.google.javascript.jscomp.LoggerErrorManager printSummary
WARNING: 0 error(s), 2 warning(s), 100% typed
Aug 18, 2022 9:14:13 PM com.google.javascript.jscomp.SymbolTable$JSDocInfoCollector visitTypeNode
WARNING: Could not find symbol for type: number
Aug 18, 2022 9:14:13 PM com.google.javascript.jscomp.SymbolTable$JSDocInfoCollector visitTypeNode
WARNING: Could not find symbol for type: number
Aug 18, 2022 9:14:13 PM com.google.javascript.jscomp.SymbolTable$JSDocInfoCollector visitTypeNode
WARNING: Could not find symbol for type: number
Aug 18, 2022 9:14:13 PM com.google.javascript.jscomp.SymbolTable$JSDocInfoCollector visitTypeNode
WARNING: Could not find symbol for type: number
Aug 18, 2022 9:14:13 PM com.google.javascript.jscomp.SymbolTable$JSDocInfoCollector visitTypeNode
WARNING: Could not find symbol for type: length
Aug 18, 2022 9:14:13 PM com.google.javascript.jscomp.SymbolTable$JSDocInfoCollector visitTypeNode
WARNING: Could not find symbol for type: number
Aug 18, 2022 9:14:13 PM com.google.javascript.jscomp.SymbolTable$JSDocInfoCollector visitTypeNode
WARNING: Could not find symbol for type: T
Aug 18, 2022 9:14:13 PM com.google.javascript.jscomp.SymbolTable$JSDocInfoCollector visitTypeNode
WARNING: Could not find symbol for type: T
Aug 18, 2022 9:14:13 PM com.google.javascript.jscomp.SymbolTable$JSDocInfoCollector visitTypeNode
WARNING: Could not find symbol for type: number

Time: 0.007

OK (1 test)

com.google.javascript.jscomp.CommandLineRunnerTest#testSourceMapExpansion3
.
Time: 0.006

OK (1 test)

com.google.javascript.jscomp.CommandLineRunnerTest#testHiddenSideEffect
.
Time: 0.006

OK (1 test)

com.google.javascript.jscomp.CommandLineRunnerTest#testInlineVariables
.
Time: 0.031

OK (1 test)

com.google.javascript.jscomp.CommandLineRunnerTest#testGoogAssertStripping
.
Time: 0.013

OK (1 test)

com.google.javascript.jscomp.CommandLineRunnerTest#testAdvancedModeRemovesUnusedParams
.
Time: 0.006

OK (1 test)

com.google.javascript.jscomp.SymbolTableTest#testGlobalThisReferences3
.Aug 18, 2022 9:14:13 PM com.google.javascript.jscomp.LoggerErrorManager println
WARNING: externs1:3: WARNING - attempted re-definition of type Function
found   : function (new:Function, *): ?
expected: function (new:Function, ...[*]): ?
 * @param {*} var_args */ function Function(var_args) {}/** @type {!Function} */ Function.prototype.apply;/** @type {!Function} */ Function.prototype.bind;/** @type {!Function} */ Function.prototype.call;/** @constructor 
                          ^

Aug 18, 2022 9:14:13 PM com.google.javascript.jscomp.LoggerErrorManager println
WARNING: externs1:8: WARNING - attempted re-definition of type Array
found   : function (new:Array, *): Array
expected: function (new:Array, ...[*]): Array
 @return {!Array} */function Array(var_args) {}
                    ^

Aug 18, 2022 9:14:13 PM com.google.javascript.jscomp.LoggerErrorManager println
WARNING: in1:1: WARNING - dangerous use of the global this object
this.foo = {}; this.foo.bar = {};
^

Aug 18, 2022 9:14:13 PM com.google.javascript.jscomp.LoggerErrorManager println
WARNING: in1:1: WARNING - dangerous use of the global this object
this.foo = {}; this.foo.bar = {};
               ^

Aug 18, 2022 9:14:13 PM com.google.javascript.jscomp.LoggerErrorManager printSummary
WARNING: 0 error(s), 4 warning(s), 87.5% typed
Aug 18, 2022 9:14:13 PM com.google.javascript.jscomp.SymbolTable$JSDocInfoCollector visitTypeNode
WARNING: Could not find symbol for type: number
Aug 18, 2022 9:14:13 PM com.google.javascript.jscomp.SymbolTable$JSDocInfoCollector visitTypeNode
WARNING: Could not find symbol for type: number
Aug 18, 2022 9:14:13 PM com.google.javascript.jscomp.SymbolTable$JSDocInfoCollector visitTypeNode
WARNING: Could not find symbol for type: number
Aug 18, 2022 9:14:13 PM com.google.javascript.jscomp.SymbolTable$JSDocInfoCollector visitTypeNode
WARNING: Could not find symbol for type: number
Aug 18, 2022 9:14:13 PM com.google.javascript.jscomp.SymbolTable$JSDocInfoCollector visitTypeNode
WARNING: Could not find symbol for type: length
Aug 18, 2022 9:14:13 PM com.google.javascript.jscomp.SymbolTable$JSDocInfoCollector visitTypeNode
WARNING: Could not find symbol for type: number
Aug 18, 2022 9:14:13 PM com.google.javascript.jscomp.SymbolTable$JSDocInfoCollector visitTypeNode
WARNING: Could not find symbol for type: T
Aug 18, 2022 9:14:13 PM com.google.javascript.jscomp.SymbolTable$JSDocInfoCollector visitTypeNode
WARNING: Could not find symbol for type: T
Aug 18, 2022 9:14:13 PM com.google.javascript.jscomp.SymbolTable$JSDocInfoCollector visitTypeNode
WARNING: Could not find symbol for type: number

Time: 0.007

OK (1 test)

com.google.javascript.jscomp.CommandLineRunnerTest#testSourceSortingOn
.
Time: 0.006

OK (1 test)

com.google.javascript.jscomp.SymbolTableTest#testGlobalThisPropertyReferences
.Aug 18, 2022 9:14:13 PM com.google.javascript.jscomp.LoggerErrorManager println
WARNING: externs1:3: WARNING - attempted re-definition of type Function
found   : function (new:Function, *): ?
expected: function (new:Function, ...[*]): ?
 * @param {*} var_args */ function Function(var_args) {}/** @type {!Function} */ Function.prototype.apply;/** @type {!Function} */ Function.prototype.bind;/** @type {!Function} */ Function.prototype.call;/** @constructor 
                          ^

Aug 18, 2022 9:14:13 PM com.google.javascript.jscomp.LoggerErrorManager println
WARNING: externs1:8: WARNING - attempted re-definition of type Array
found   : function (new:Array, *): Array
expected: function (new:Array, ...[*]): Array
 @return {!Array} */function Array(var_args) {}
                    ^

Aug 18, 2022 9:14:13 PM com.google.javascript.jscomp.LoggerErrorManager println
WARNING: in1:1: WARNING - Suspicious code. The result of the 'getprop' operator is not being used.
/** @constructor */ function Foo() {} this.Foo;
                                      ^

Aug 18, 2022 9:14:13 PM com.google.javascript.jscomp.LoggerErrorManager println
WARNING: in1:1: WARNING - dangerous use of the global this object
/** @constructor */ function Foo() {} this.Foo;
                                      ^

Aug 18, 2022 9:14:13 PM com.google.javascript.jscomp.LoggerErrorManager printSummary
WARNING: 0 error(s), 4 warning(s), 100% typed
Aug 18, 2022 9:14:13 PM com.google.javascript.jscomp.SymbolTable$JSDocInfoCollector visitTypeNode
WARNING: Could not find symbol for type: number
Aug 18, 2022 9:14:13 PM com.google.javascript.jscomp.SymbolTable$JSDocInfoCollector visitTypeNode
WARNING: Could not find symbol for type: number
Aug 18, 2022 9:14:13 PM com.google.javascript.jscomp.SymbolTable$JSDocInfoCollector visitTypeNode
WARNING: Could not find symbol for type: number
Aug 18, 2022 9:14:13 PM com.google.javascript.jscomp.SymbolTable$JSDocInfoCollector visitTypeNode
WARNING: Could not find symbol for type: number
Aug 18, 2022 9:14:13 PM com.google.javascript.jscomp.SymbolTable$JSDocInfoCollector visitTypeNode
WARNING: Could not find symbol for type: length
Aug 18, 2022 9:14:13 PM com.google.javascript.jscomp.SymbolTable$JSDocInfoCollector visitTypeNode
WARNING: Could not find symbol for type: number
Aug 18, 2022 9:14:13 PM com.google.javascript.jscomp.SymbolTable$JSDocInfoCollector visitTypeNode
WARNING: Could not find symbol for type: T
Aug 18, 2022 9:14:13 PM com.google.javascript.jscomp.SymbolTable$JSDocInfoCollector visitTypeNode
WARNING: Could not find symbol for type: T
Aug 18, 2022 9:14:13 PM com.google.javascript.jscomp.SymbolTable$JSDocInfoCollector visitTypeNode
WARNING: Could not find symbol for type: number

Time: 0.006

OK (1 test)

com.google.javascript.jscomp.SymbolTableTest#testFieldReferences
.Aug 18, 2022 9:14:13 PM com.google.javascript.jscomp.LoggerErrorManager println
WARNING: externs1:3: WARNING - attempted re-definition of type Function
found   : function (new:Function, *): ?
expected: function (new:Function, ...[*]): ?
 * @param {*} var_args */ function Function(var_args) {}/** @type {!Function} */ Function.prototype.apply;/** @type {!Function} */ Function.prototype.bind;/** @type {!Function} */ Function.prototype.call;/** @constructor 
                          ^

Aug 18, 2022 9:14:13 PM com.google.javascript.jscomp.LoggerErrorManager println
WARNING: externs1:8: WARNING - attempted re-definition of type Array
found   : function (new:Array, *): Array
expected: function (new:Array, ...[*]): Array
 @return {!Array} */function Array(var_args) {}
                    ^

Aug 18, 2022 9:14:13 PM com.google.javascript.jscomp.LoggerErrorManager printSummary
WARNING: 0 error(s), 2 warning(s), 100% typed
Aug 18, 2022 9:14:13 PM com.google.javascript.jscomp.SymbolTable$JSDocInfoCollector visitTypeNode
WARNING: Could not find symbol for type: number
Aug 18, 2022 9:14:13 PM com.google.javascript.jscomp.SymbolTable$JSDocInfoCollector visitTypeNode
WARNING: Could not find symbol for type: number
Aug 18, 2022 9:14:13 PM com.google.javascript.jscomp.SymbolTable$JSDocInfoCollector visitTypeNode
WARNING: Could not find symbol for type: number
Aug 18, 2022 9:14:13 PM com.google.javascript.jscomp.SymbolTable$JSDocInfoCollector visitTypeNode
WARNING: Could not find symbol for type: number
Aug 18, 2022 9:14:13 PM com.google.javascript.jscomp.SymbolTable$JSDocInfoCollector visitTypeNode
WARNING: Could not find symbol for type: length
Aug 18, 2022 9:14:13 PM com.google.javascript.jscomp.SymbolTable$JSDocInfoCollector visitTypeNode
WARNING: Could not find symbol for type: number
Aug 18, 2022 9:14:13 PM com.google.javascript.jscomp.SymbolTable$JSDocInfoCollector visitTypeNode
WARNING: Could not find symbol for type: T
Aug 18, 2022 9:14:13 PM com.google.javascript.jscomp.SymbolTable$JSDocInfoCollector visitTypeNode
WARNING: Could not find symbol for type: T
Aug 18, 2022 9:14:13 PM com.google.javascript.jscomp.SymbolTable$JSDocInfoCollector visitTypeNode
WARNING: Could not find symbol for type: number
Aug 18, 2022 9:14:13 PM com.google.javascript.jscomp.SymbolTable$JSDocInfoCollector visitTypeNode
WARNING: Could not find symbol for type: number

Time: 0.008

OK (1 test)

com.google.javascript.jscomp.CommandLineRunnerTest#testFormattingSingleQuote
.
Time: 0.011

OK (1 test)

com.google.javascript.jscomp.CommandLineRunnerTest#testOutputSameAsInput
.
Time: 0.003

OK (1 test)

com.google.javascript.jscomp.CommandLineRunnerTest#testWarningGuardOrdering4
.
Time: 0.004

OK (1 test)

com.google.javascript.jscomp.CommandLineRunnerTest#testWarningGuardOrdering3
.
Time: 0.004

OK (1 test)

com.google.javascript.jscomp.CommandLineRunnerTest#testQuietMode
.
Time: 0.008

OK (1 test)

com.google.javascript.jscomp.CommandLineRunnerTest#testWarningGuardOrdering2
.
Time: 0.004

OK (1 test)

com.google.javascript.jscomp.CommandLineRunnerTest#testWarningGuardOrdering1
.
Time: 0.005

OK (1 test)

com.google.javascript.jscomp.CommandLineRunnerTest#testOutputModuleGraphJson
.
Time: 0.007

OK (1 test)

com.google.javascript.jscomp.CommandLineRunnerTest#testWithKeywordWithEs5ChecksOff
.
Time: 0.005

OK (1 test)

com.google.javascript.jscomp.SymbolTableTest#testReferencesInJSDocType2
.Aug 18, 2022 9:14:13 PM com.google.javascript.jscomp.LoggerErrorManager println
WARNING: externs1:3: WARNING - attempted re-definition of type Function
found   : function (new:Function, *): ?
expected: function (new:Function, ...[*]): ?
 * @param {*} var_args */ function Function(var_args) {}/** @type {!Function} */ Function.prototype.apply;/** @type {!Function} */ Function.prototype.bind;/** @type {!Function} */ Function.prototype.call;/** @constructor 
                          ^

Aug 18, 2022 9:14:13 PM com.google.javascript.jscomp.LoggerErrorManager println
WARNING: externs1:8: WARNING - attempted re-definition of type Array
found   : function (new:Array, *): Array
expected: function (new:Array, ...[*]): Array
 @return {!Array} */function Array(var_args) {}
                    ^

Aug 18, 2022 9:14:13 PM com.google.javascript.jscomp.LoggerErrorManager printSummary
WARNING: 0 error(s), 2 warning(s), 100% typed
Aug 18, 2022 9:14:13 PM com.google.javascript.jscomp.SymbolTable$JSDocInfoCollector visitTypeNode
WARNING: Could not find symbol for type: number
Aug 18, 2022 9:14:13 PM com.google.javascript.jscomp.SymbolTable$JSDocInfoCollector visitTypeNode
WARNING: Could not find symbol for type: number
Aug 18, 2022 9:14:13 PM com.google.javascript.jscomp.SymbolTable$JSDocInfoCollector visitTypeNode
WARNING: Could not find symbol for type: number
Aug 18, 2022 9:14:13 PM com.google.javascript.jscomp.SymbolTable$JSDocInfoCollector visitTypeNode
WARNING: Could not find symbol for type: number
Aug 18, 2022 9:14:13 PM com.google.javascript.jscomp.SymbolTable$JSDocInfoCollector visitTypeNode
WARNING: Could not find symbol for type: length
Aug 18, 2022 9:14:13 PM com.google.javascript.jscomp.SymbolTable$JSDocInfoCollector visitTypeNode
WARNING: Could not find symbol for type: number
Aug 18, 2022 9:14:13 PM com.google.javascript.jscomp.SymbolTable$JSDocInfoCollector visitTypeNode
WARNING: Could not find symbol for type: T
Aug 18, 2022 9:14:13 PM com.google.javascript.jscomp.SymbolTable$JSDocInfoCollector visitTypeNode
WARNING: Could not find symbol for type: T
Aug 18, 2022 9:14:13 PM com.google.javascript.jscomp.SymbolTable$JSDocInfoCollector visitTypeNode
WARNING: Could not find symbol for type: number

Time: 0.006

OK (1 test)

com.google.javascript.jscomp.CommandLineRunnerTest#testCssNameWiring
.
Time: 0.012

OK (1 test)

com.google.javascript.jscomp.SymbolTableTest#testJSDocAssociationWithBadNamespace
.Aug 18, 2022 9:14:13 PM com.google.javascript.jscomp.LoggerErrorManager println
WARNING: externs1:3: WARNING - attempted re-definition of type Function
found   : function (new:Function, *): ?
expected: function (new:Function, ...[*]): ?
 * @param {*} var_args */ function Function(var_args) {}/** @type {!Function} */ Function.prototype.apply;/** @type {!Function} */ Function.prototype.bind;/** @type {!Function} */ Function.prototype.call;/** @constructor 
                          ^

Aug 18, 2022 9:14:13 PM com.google.javascript.jscomp.LoggerErrorManager println
WARNING: externs1:8: WARNING - attempted re-definition of type Array
found   : function (new:Array, *): Array
expected: function (new:Array, ...[*]): Array
 @return {!Array} */function Array(var_args) {}
                    ^

Aug 18, 2022 9:14:13 PM com.google.javascript.jscomp.LoggerErrorManager println
SEVERE: in1:1: ERROR - variable goog is undeclared
/** @constructor */ goog.Foo = function(){};
                    ^

Aug 18, 2022 9:14:13 PM com.google.javascript.jscomp.LoggerErrorManager printSummary
WARNING: 1 error(s), 2 warning(s), 66.7% typed
Aug 18, 2022 9:14:13 PM com.google.javascript.jscomp.SymbolTable$JSDocInfoCollector visitTypeNode
WARNING: Could not find symbol for type: number
Aug 18, 2022 9:14:13 PM com.google.javascript.jscomp.SymbolTable$JSDocInfoCollector visitTypeNode
WARNING: Could not find symbol for type: number
Aug 18, 2022 9:14:13 PM com.google.javascript.jscomp.SymbolTable$JSDocInfoCollector visitTypeNode
WARNING: Could not find symbol for type: number
Aug 18, 2022 9:14:13 PM com.google.javascript.jscomp.SymbolTable$JSDocInfoCollector visitTypeNode
WARNING: Could not find symbol for type: number
Aug 18, 2022 9:14:13 PM com.google.javascript.jscomp.SymbolTable$JSDocInfoCollector visitTypeNode
WARNING: Could not find symbol for type: length
Aug 18, 2022 9:14:13 PM com.google.javascript.jscomp.SymbolTable$JSDocInfoCollector visitTypeNode
WARNING: Could not find symbol for type: number
Aug 18, 2022 9:14:13 PM com.google.javascript.jscomp.SymbolTable$JSDocInfoCollector visitTypeNode
WARNING: Could not find symbol for type: T
Aug 18, 2022 9:14:13 PM com.google.javascript.jscomp.SymbolTable$JSDocInfoCollector visitTypeNode
WARNING: Could not find symbol for type: T
Aug 18, 2022 9:14:13 PM com.google.javascript.jscomp.SymbolTable$JSDocInfoCollector visitTypeNode
WARNING: Could not find symbol for type: number

Time: 0.006

OK (1 test)

com.google.javascript.jscomp.CommandLineRunnerTest#testSyntheticExterns
.
Time: 0.011

OK (1 test)

com.google.javascript.jscomp.CommandLineRunnerTest#testMissingReturnCheckOnWithVerbose
.
Time: 0.009

OK (1 test)

com.google.javascript.jscomp.CommandLineRunnerTest#testCheckUndefinedProperties1
.
Time: 0.005

OK (1 test)

com.google.javascript.jscomp.CommandLineRunnerTest#testCheckUndefinedProperties3
.
Time: 0.006

OK (1 test)

com.google.javascript.jscomp.CommandLineRunnerTest#testCheckUndefinedProperties2
.
Time: 0.006

OK (1 test)

com.google.javascript.jscomp.SymbolTableTest#testPrototypeReferences
.Aug 18, 2022 9:14:14 PM com.google.javascript.jscomp.LoggerErrorManager println
WARNING: externs1:3: WARNING - attempted re-definition of type Function
found   : function (new:Function, *): ?
expected: function (new:Function, ...[*]): ?
 * @param {*} var_args */ function Function(var_args) {}/** @type {!Function} */ Function.prototype.apply;/** @type {!Function} */ Function.prototype.bind;/** @type {!Function} */ Function.prototype.call;/** @constructor 
                          ^

Aug 18, 2022 9:14:14 PM com.google.javascript.jscomp.LoggerErrorManager println
WARNING: externs1:8: WARNING - attempted re-definition of type Array
found   : function (new:Array, *): Array
expected: function (new:Array, ...[*]): Array
 @return {!Array} */function Array(var_args) {}
                    ^

Aug 18, 2022 9:14:14 PM com.google.javascript.jscomp.LoggerErrorManager printSummary
WARNING: 0 error(s), 2 warning(s), 100% typed
Aug 18, 2022 9:14:14 PM com.google.javascript.jscomp.SymbolTable$JSDocInfoCollector visitTypeNode
WARNING: Could not find symbol for type: number
Aug 18, 2022 9:14:14 PM com.google.javascript.jscomp.SymbolTable$JSDocInfoCollector visitTypeNode
WARNING: Could not find symbol for type: number
Aug 18, 2022 9:14:14 PM com.google.javascript.jscomp.SymbolTable$JSDocInfoCollector visitTypeNode
WARNING: Could not find symbol for type: number
Aug 18, 2022 9:14:14 PM com.google.javascript.jscomp.SymbolTable$JSDocInfoCollector visitTypeNode
WARNING: Could not find symbol for type: number
Aug 18, 2022 9:14:14 PM com.google.javascript.jscomp.SymbolTable$JSDocInfoCollector visitTypeNode
WARNING: Could not find symbol for type: length
Aug 18, 2022 9:14:14 PM com.google.javascript.jscomp.SymbolTable$JSDocInfoCollector visitTypeNode
WARNING: Could not find symbol for type: number
Aug 18, 2022 9:14:14 PM com.google.javascript.jscomp.SymbolTable$JSDocInfoCollector visitTypeNode
WARNING: Could not find symbol for type: T
Aug 18, 2022 9:14:14 PM com.google.javascript.jscomp.SymbolTable$JSDocInfoCollector visitTypeNode
WARNING: Could not find symbol for type: T
Aug 18, 2022 9:14:14 PM com.google.javascript.jscomp.SymbolTable$JSDocInfoCollector visitTypeNode
WARNING: Could not find symbol for type: number

Time: 0.006

OK (1 test)

com.google.javascript.jscomp.CommandLineRunnerTest#testSourceSortingOn3
.
Time: 0.006

OK (1 test)

com.google.javascript.jscomp.SymbolTableTest#testPrototypeReferences4
.Aug 18, 2022 9:14:14 PM com.google.javascript.jscomp.LoggerErrorManager println
WARNING: externs1:3: WARNING - attempted re-definition of type Function
found   : function (new:Function, *): ?
expected: function (new:Function, ...[*]): ?
 * @param {*} var_args */ function Function(var_args) {}/** @type {!Function} */ Function.prototype.apply;/** @type {!Function} */ Function.prototype.bind;/** @type {!Function} */ Function.prototype.call;/** @constructor 
                          ^

Aug 18, 2022 9:14:14 PM com.google.javascript.jscomp.LoggerErrorManager println
WARNING: externs1:8: WARNING - attempted re-definition of type Array
found   : function (new:Array, *): Array
expected: function (new:Array, ...[*]): Array
 @return {!Array} */function Array(var_args) {}
                    ^

Aug 18, 2022 9:14:14 PM com.google.javascript.jscomp.LoggerErrorManager printSummary
WARNING: 0 error(s), 2 warning(s), 100% typed
Aug 18, 2022 9:14:14 PM com.google.javascript.jscomp.SymbolTable$JSDocInfoCollector visitTypeNode
WARNING: Could not find symbol for type: number
Aug 18, 2022 9:14:14 PM com.google.javascript.jscomp.SymbolTable$JSDocInfoCollector visitTypeNode
WARNING: Could not find symbol for type: number
Aug 18, 2022 9:14:14 PM com.google.javascript.jscomp.SymbolTable$JSDocInfoCollector visitTypeNode
WARNING: Could not find symbol for type: number
Aug 18, 2022 9:14:14 PM com.google.javascript.jscomp.SymbolTable$JSDocInfoCollector visitTypeNode
WARNING: Could not find symbol for type: number
Aug 18, 2022 9:14:14 PM com.google.javascript.jscomp.SymbolTable$JSDocInfoCollector visitTypeNode
WARNING: Could not find symbol for type: length
Aug 18, 2022 9:14:14 PM com.google.javascript.jscomp.SymbolTable$JSDocInfoCollector visitTypeNode
WARNING: Could not find symbol for type: number
Aug 18, 2022 9:14:14 PM com.google.javascript.jscomp.SymbolTable$JSDocInfoCollector visitTypeNode
WARNING: Could not find symbol for type: T
Aug 18, 2022 9:14:14 PM com.google.javascript.jscomp.SymbolTable$JSDocInfoCollector visitTypeNode
WARNING: Could not find symbol for type: T
Aug 18, 2022 9:14:14 PM com.google.javascript.jscomp.SymbolTable$JSDocInfoCollector visitTypeNode
WARNING: Could not find symbol for type: number

Time: 0.006

OK (1 test)

com.google.javascript.jscomp.CommandLineRunnerTest#testIssue504
.
Time: 0.01

OK (1 test)

com.google.javascript.jscomp.SymbolTableTest#testPrototypeReferences5
.Aug 18, 2022 9:14:14 PM com.google.javascript.jscomp.LoggerErrorManager println
WARNING: externs1:3: WARNING - attempted re-definition of type Function
found   : function (new:Function, *): ?
expected: function (new:Function, ...[*]): ?
 * @param {*} var_args */ function Function(var_args) {}/** @type {!Function} */ Function.prototype.apply;/** @type {!Function} */ Function.prototype.bind;/** @type {!Function} */ Function.prototype.call;/** @constructor 
                          ^

Aug 18, 2022 9:14:14 PM com.google.javascript.jscomp.LoggerErrorManager println
WARNING: externs1:8: WARNING - attempted re-definition of type Array
found   : function (new:Array, *): Array
expected: function (new:Array, ...[*]): Array
 @return {!Array} */function Array(var_args) {}
                    ^

Aug 18, 2022 9:14:14 PM com.google.javascript.jscomp.LoggerErrorManager printSummary
WARNING: 0 error(s), 2 warning(s), 100% typed
Aug 18, 2022 9:14:14 PM com.google.javascript.jscomp.SymbolTable$JSDocInfoCollector visitTypeNode
WARNING: Could not find symbol for type: number
Aug 18, 2022 9:14:14 PM com.google.javascript.jscomp.SymbolTable$JSDocInfoCollector visitTypeNode
WARNING: Could not find symbol for type: number
Aug 18, 2022 9:14:14 PM com.google.javascript.jscomp.SymbolTable$JSDocInfoCollector visitTypeNode
WARNING: Could not find symbol for type: number
Aug 18, 2022 9:14:14 PM com.google.javascript.jscomp.SymbolTable$JSDocInfoCollector visitTypeNode
WARNING: Could not find symbol for type: number
Aug 18, 2022 9:14:14 PM com.google.javascript.jscomp.SymbolTable$JSDocInfoCollector visitTypeNode
WARNING: Could not find symbol for type: length
Aug 18, 2022 9:14:14 PM com.google.javascript.jscomp.SymbolTable$JSDocInfoCollector visitTypeNode
WARNING: Could not find symbol for type: number
Aug 18, 2022 9:14:14 PM com.google.javascript.jscomp.SymbolTable$JSDocInfoCollector visitTypeNode
WARNING: Could not find symbol for type: T
Aug 18, 2022 9:14:14 PM com.google.javascript.jscomp.SymbolTable$JSDocInfoCollector visitTypeNode
WARNING: Could not find symbol for type: T
Aug 18, 2022 9:14:14 PM com.google.javascript.jscomp.SymbolTable$JSDocInfoCollector visitTypeNode
WARNING: Could not find symbol for type: number

Time: 0.016

OK (1 test)

com.google.javascript.jscomp.SymbolTableTest#testPrototypeReferences2
.Aug 18, 2022 9:14:14 PM com.google.javascript.jscomp.LoggerErrorManager println
WARNING: externs1:3: WARNING - attempted re-definition of type Function
found   : function (new:Function, *): ?
expected: function (new:Function, ...[*]): ?
 * @param {*} var_args */ function Function(var_args) {}/** @type {!Function} */ Function.prototype.apply;/** @type {!Function} */ Function.prototype.bind;/** @type {!Function} */ Function.prototype.call;/** @constructor 
                          ^

Aug 18, 2022 9:14:14 PM com.google.javascript.jscomp.LoggerErrorManager println
WARNING: externs1:8: WARNING - attempted re-definition of type Array
found   : function (new:Array, *): Array
expected: function (new:Array, ...[*]): Array
 @return {!Array} */function Array(var_args) {}
                    ^

Aug 18, 2022 9:14:14 PM com.google.javascript.jscomp.LoggerErrorManager printSummary
WARNING: 0 error(s), 2 warning(s), 100% typed
Aug 18, 2022 9:14:14 PM com.google.javascript.jscomp.SymbolTable$JSDocInfoCollector visitTypeNode
WARNING: Could not find symbol for type: number
Aug 18, 2022 9:14:14 PM com.google.javascript.jscomp.SymbolTable$JSDocInfoCollector visitTypeNode
WARNING: Could not find symbol for type: number
Aug 18, 2022 9:14:14 PM com.google.javascript.jscomp.SymbolTable$JSDocInfoCollector visitTypeNode
WARNING: Could not find symbol for type: number
Aug 18, 2022 9:14:14 PM com.google.javascript.jscomp.SymbolTable$JSDocInfoCollector visitTypeNode
WARNING: Could not find symbol for type: number
Aug 18, 2022 9:14:14 PM com.google.javascript.jscomp.SymbolTable$JSDocInfoCollector visitTypeNode
WARNING: Could not find symbol for type: length
Aug 18, 2022 9:14:14 PM com.google.javascript.jscomp.SymbolTable$JSDocInfoCollector visitTypeNode
WARNING: Could not find symbol for type: number
Aug 18, 2022 9:14:14 PM com.google.javascript.jscomp.SymbolTable$JSDocInfoCollector visitTypeNode
WARNING: Could not find symbol for type: T
Aug 18, 2022 9:14:14 PM com.google.javascript.jscomp.SymbolTable$JSDocInfoCollector visitTypeNode
WARNING: Could not find symbol for type: T
Aug 18, 2022 9:14:14 PM com.google.javascript.jscomp.SymbolTable$JSDocInfoCollector visitTypeNode
WARNING: Could not find symbol for type: number

Time: 0.006

OK (1 test)

com.google.javascript.jscomp.CommandLineRunnerTest#testSourceSortingOn2
.
Time: 0.005

OK (1 test)

com.google.javascript.jscomp.SymbolTableTest#testStaticMethodReferences
.Aug 18, 2022 9:14:14 PM com.google.javascript.jscomp.LoggerErrorManager println
WARNING: externs1:3: WARNING - attempted re-definition of type Function
found   : function (new:Function, *): ?
expected: function (new:Function, ...[*]): ?
 * @param {*} var_args */ function Function(var_args) {}/** @type {!Function} */ Function.prototype.apply;/** @type {!Function} */ Function.prototype.bind;/** @type {!Function} */ Function.prototype.call;/** @constructor 
                          ^

Aug 18, 2022 9:14:14 PM com.google.javascript.jscomp.LoggerErrorManager println
WARNING: externs1:8: WARNING - attempted re-definition of type Array
found   : function (new:Array, *): Array
expected: function (new:Array, ...[*]): Array
 @return {!Array} */function Array(var_args) {}
                    ^

Aug 18, 2022 9:14:14 PM com.google.javascript.jscomp.LoggerErrorManager println
WARNING: in1:1: WARNING - Suspicious code. The result of the 'add' operator is not being used.
/** @constructor */ var DomHelper = function(){};/** method */ DomHelper.method = function() {};function f() { var x = DomHelper; x.method() + x.method(); }
                                                                                                                                  ^

Aug 18, 2022 9:14:14 PM com.google.javascript.jscomp.LoggerErrorManager printSummary
WARNING: 0 error(s), 3 warning(s), 100% typed
Aug 18, 2022 9:14:14 PM com.google.javascript.jscomp.SymbolTable$JSDocInfoCollector visitTypeNode
WARNING: Could not find symbol for type: number
Aug 18, 2022 9:14:14 PM com.google.javascript.jscomp.SymbolTable$JSDocInfoCollector visitTypeNode
WARNING: Could not find symbol for type: number
Aug 18, 2022 9:14:14 PM com.google.javascript.jscomp.SymbolTable$JSDocInfoCollector visitTypeNode
WARNING: Could not find symbol for type: number
Aug 18, 2022 9:14:14 PM com.google.javascript.jscomp.SymbolTable$JSDocInfoCollector visitTypeNode
WARNING: Could not find symbol for type: number
Aug 18, 2022 9:14:14 PM com.google.javascript.jscomp.SymbolTable$JSDocInfoCollector visitTypeNode
WARNING: Could not find symbol for type: length
Aug 18, 2022 9:14:14 PM com.google.javascript.jscomp.SymbolTable$JSDocInfoCollector visitTypeNode
WARNING: Could not find symbol for type: number
Aug 18, 2022 9:14:14 PM com.google.javascript.jscomp.SymbolTable$JSDocInfoCollector visitTypeNode
WARNING: Could not find symbol for type: T
Aug 18, 2022 9:14:14 PM com.google.javascript.jscomp.SymbolTable$JSDocInfoCollector visitTypeNode
WARNING: Could not find symbol for type: T
Aug 18, 2022 9:14:14 PM com.google.javascript.jscomp.SymbolTable$JSDocInfoCollector visitTypeNode
WARNING: Could not find symbol for type: number

Time: 0.006

OK (1 test)

com.google.javascript.jscomp.SymbolTableTest#testPrototypeReferences3
.Aug 18, 2022 9:14:14 PM com.google.javascript.jscomp.LoggerErrorManager println
WARNING: externs1:3: WARNING - attempted re-definition of type Function
found   : function (new:Function, *): ?
expected: function (new:Function, ...[*]): ?
 * @param {*} var_args */ function Function(var_args) {}/** @type {!Function} */ Function.prototype.apply;/** @type {!Function} */ Function.prototype.bind;/** @type {!Function} */ Function.prototype.call;/** @constructor 
                          ^

Aug 18, 2022 9:14:14 PM com.google.javascript.jscomp.LoggerErrorManager println
WARNING: externs1:8: WARNING - attempted re-definition of type Array
found   : function (new:Array, *): Array
expected: function (new:Array, ...[*]): Array
 @return {!Array} */function Array(var_args) {}
                    ^

Aug 18, 2022 9:14:14 PM com.google.javascript.jscomp.LoggerErrorManager printSummary
WARNING: 0 error(s), 2 warning(s), 100% typed
Aug 18, 2022 9:14:14 PM com.google.javascript.jscomp.SymbolTable$JSDocInfoCollector visitTypeNode
WARNING: Could not find symbol for type: number
Aug 18, 2022 9:14:14 PM com.google.javascript.jscomp.SymbolTable$JSDocInfoCollector visitTypeNode
WARNING: Could not find symbol for type: number
Aug 18, 2022 9:14:14 PM com.google.javascript.jscomp.SymbolTable$JSDocInfoCollector visitTypeNode
WARNING: Could not find symbol for type: number
Aug 18, 2022 9:14:14 PM com.google.javascript.jscomp.SymbolTable$JSDocInfoCollector visitTypeNode
WARNING: Could not find symbol for type: number
Aug 18, 2022 9:14:14 PM com.google.javascript.jscomp.SymbolTable$JSDocInfoCollector visitTypeNode
WARNING: Could not find symbol for type: length
Aug 18, 2022 9:14:14 PM com.google.javascript.jscomp.SymbolTable$JSDocInfoCollector visitTypeNode
WARNING: Could not find symbol for type: number
Aug 18, 2022 9:14:14 PM com.google.javascript.jscomp.SymbolTable$JSDocInfoCollector visitTypeNode
WARNING: Could not find symbol for type: T
Aug 18, 2022 9:14:14 PM com.google.javascript.jscomp.SymbolTable$JSDocInfoCollector visitTypeNode
WARNING: Could not find symbol for type: T
Aug 18, 2022 9:14:14 PM com.google.javascript.jscomp.SymbolTable$JSDocInfoCollector visitTypeNode
WARNING: Could not find symbol for type: number

Time: 0.005

OK (1 test)

com.google.javascript.jscomp.CommandLineRunnerTest#testFunctionStrictModeNoWarning
.
Time: 0.009

OK (1 test)

com.google.javascript.jscomp.CommandLineRunnerTest#testCheckGlobalThisOnWithAdvancedMode
.
Time: 0.005

OK (1 test)

com.google.javascript.jscomp.SymbolTableTest#testLocalVarReferences
.Aug 18, 2022 9:14:14 PM com.google.javascript.jscomp.LoggerErrorManager println
WARNING: externs1:3: WARNING - attempted re-definition of type Function
found   : function (new:Function, *): ?
expected: function (new:Function, ...[*]): ?
 * @param {*} var_args */ function Function(var_args) {}/** @type {!Function} */ Function.prototype.apply;/** @type {!Function} */ Function.prototype.bind;/** @type {!Function} */ Function.prototype.call;/** @constructor 
                          ^

Aug 18, 2022 9:14:14 PM com.google.javascript.jscomp.LoggerErrorManager println
WARNING: externs1:8: WARNING - attempted re-definition of type Array
found   : function (new:Array, *): Array
expected: function (new:Array, ...[*]): Array
 @return {!Array} */function Array(var_args) {}
                    ^

Aug 18, 2022 9:14:14 PM com.google.javascript.jscomp.LoggerErrorManager printSummary
WARNING: 0 error(s), 2 warning(s), 50% typed
Aug 18, 2022 9:14:14 PM com.google.javascript.jscomp.SymbolTable$JSDocInfoCollector visitTypeNode
WARNING: Could not find symbol for type: number
Aug 18, 2022 9:14:14 PM com.google.javascript.jscomp.SymbolTable$JSDocInfoCollector visitTypeNode
WARNING: Could not find symbol for type: number
Aug 18, 2022 9:14:14 PM com.google.javascript.jscomp.SymbolTable$JSDocInfoCollector visitTypeNode
WARNING: Could not find symbol for type: number
Aug 18, 2022 9:14:14 PM com.google.javascript.jscomp.SymbolTable$JSDocInfoCollector visitTypeNode
WARNING: Could not find symbol for type: number
Aug 18, 2022 9:14:14 PM com.google.javascript.jscomp.SymbolTable$JSDocInfoCollector visitTypeNode
WARNING: Could not find symbol for type: length
Aug 18, 2022 9:14:14 PM com.google.javascript.jscomp.SymbolTable$JSDocInfoCollector visitTypeNode
WARNING: Could not find symbol for type: number
Aug 18, 2022 9:14:14 PM com.google.javascript.jscomp.SymbolTable$JSDocInfoCollector visitTypeNode
WARNING: Could not find symbol for type: T
Aug 18, 2022 9:14:14 PM com.google.javascript.jscomp.SymbolTable$JSDocInfoCollector visitTypeNode
WARNING: Could not find symbol for type: T
Aug 18, 2022 9:14:14 PM com.google.javascript.jscomp.SymbolTable$JSDocInfoCollector visitTypeNode
WARNING: Could not find symbol for type: number

Time: 0.005

OK (1 test)

com.google.javascript.jscomp.CommandLineRunnerTest#testProcessClosurePrimitives
.
Time: 0.008

OK (1 test)

com.google.javascript.jscomp.SymbolTableTest#testSymbolsForType
.Aug 18, 2022 9:14:14 PM com.google.javascript.jscomp.LoggerErrorManager println
WARNING: externs1:3: WARNING - attempted re-definition of type Function
found   : function (new:Function, *): ?
expected: function (new:Function, ...[*]): ?
 * @param {*} var_args */ function Function(var_args) {}/** @type {!Function} */ Function.prototype.apply;/** @type {!Function} */ Function.prototype.bind;/** @type {!Function} */ Function.prototype.call;/** @constructor 
                          ^

Aug 18, 2022 9:14:14 PM com.google.javascript.jscomp.LoggerErrorManager println
WARNING: externs1:8: WARNING - attempted re-definition of type Array
found   : function (new:Array, *): Array
expected: function (new:Array, ...[*]): Array
 @return {!Array} */function Array(var_args) {}
                    ^

Aug 18, 2022 9:14:14 PM com.google.javascript.jscomp.LoggerErrorManager printSummary
WARNING: 0 error(s), 2 warning(s), 90.9% typed
Aug 18, 2022 9:14:14 PM com.google.javascript.jscomp.SymbolTable$JSDocInfoCollector visitTypeNode
WARNING: Could not find symbol for type: number
Aug 18, 2022 9:14:14 PM com.google.javascript.jscomp.SymbolTable$JSDocInfoCollector visitTypeNode
WARNING: Could not find symbol for type: number
Aug 18, 2022 9:14:14 PM com.google.javascript.jscomp.SymbolTable$JSDocInfoCollector visitTypeNode
WARNING: Could not find symbol for type: number
Aug 18, 2022 9:14:14 PM com.google.javascript.jscomp.SymbolTable$JSDocInfoCollector visitTypeNode
WARNING: Could not find symbol for type: number
Aug 18, 2022 9:14:14 PM com.google.javascript.jscomp.SymbolTable$JSDocInfoCollector visitTypeNode
WARNING: Could not find symbol for type: length
Aug 18, 2022 9:14:14 PM com.google.javascript.jscomp.SymbolTable$JSDocInfoCollector visitTypeNode
WARNING: Could not find symbol for type: number
Aug 18, 2022 9:14:14 PM com.google.javascript.jscomp.SymbolTable$JSDocInfoCollector visitTypeNode
WARNING: Could not find symbol for type: T
Aug 18, 2022 9:14:14 PM com.google.javascript.jscomp.SymbolTable$JSDocInfoCollector visitTypeNode
WARNING: Could not find symbol for type: T
Aug 18, 2022 9:14:14 PM com.google.javascript.jscomp.SymbolTable$JSDocInfoCollector visitTypeNode
WARNING: Could not find symbol for type: number

Time: 0.005

OK (1 test)

com.google.javascript.jscomp.SymbolTableTest#testReferencesInJSDocName
.Aug 18, 2022 9:14:14 PM com.google.javascript.jscomp.LoggerErrorManager println
WARNING: externs1:3: WARNING - attempted re-definition of type Function
found   : function (new:Function, *): ?
expected: function (new:Function, ...[*]): ?
 * @param {*} var_args */ function Function(var_args) {}/** @type {!Function} */ Function.prototype.apply;/** @type {!Function} */ Function.prototype.bind;/** @type {!Function} */ Function.prototype.call;/** @constructor 
                          ^

Aug 18, 2022 9:14:14 PM com.google.javascript.jscomp.LoggerErrorManager println
WARNING: externs1:8: WARNING - attempted re-definition of type Array
found   : function (new:Array, *): Array
expected: function (new:Array, ...[*]): Array
 @return {!Array} */function Array(var_args) {}
                    ^

Aug 18, 2022 9:14:14 PM com.google.javascript.jscomp.LoggerErrorManager printSummary
WARNING: 0 error(s), 2 warning(s), 100% typed
Aug 18, 2022 9:14:14 PM com.google.javascript.jscomp.SymbolTable$JSDocInfoCollector visitTypeNode
WARNING: Could not find symbol for type: number
Aug 18, 2022 9:14:14 PM com.google.javascript.jscomp.SymbolTable$JSDocInfoCollector visitTypeNode
WARNING: Could not find symbol for type: number
Aug 18, 2022 9:14:14 PM com.google.javascript.jscomp.SymbolTable$JSDocInfoCollector visitTypeNode
WARNING: Could not find symbol for type: number
Aug 18, 2022 9:14:14 PM com.google.javascript.jscomp.SymbolTable$JSDocInfoCollector visitTypeNode
WARNING: Could not find symbol for type: number
Aug 18, 2022 9:14:14 PM com.google.javascript.jscomp.SymbolTable$JSDocInfoCollector visitTypeNode
WARNING: Could not find symbol for type: length
Aug 18, 2022 9:14:14 PM com.google.javascript.jscomp.SymbolTable$JSDocInfoCollector visitTypeNode
WARNING: Could not find symbol for type: number
Aug 18, 2022 9:14:14 PM com.google.javascript.jscomp.SymbolTable$JSDocInfoCollector visitTypeNode
WARNING: Could not find symbol for type: T
Aug 18, 2022 9:14:14 PM com.google.javascript.jscomp.SymbolTable$JSDocInfoCollector visitTypeNode
WARNING: Could not find symbol for type: T
Aug 18, 2022 9:14:14 PM com.google.javascript.jscomp.SymbolTable$JSDocInfoCollector visitTypeNode
WARNING: Could not find symbol for type: number

Time: 0.005

OK (1 test)

com.google.javascript.jscomp.CommandLineRunnerTest#testProcessCJSWithModuleOutput
.
Time: 0.007

OK (1 test)

com.google.javascript.jscomp.CommandLineRunnerTest#testTransformAMDAndProcessCJS
.
Time: 0.006

OK (1 test)

com.google.javascript.jscomp.IntegrationTest#testIssue937
.E
Time: 24.282
There was 1 failure:
1) testIssue937(com.google.javascript.jscomp.IntegrationTest)
junit.framework.AssertionFailedError: 
Expected: console.log((new x).abc())
Result: console.log((0,(new x).abc)())
Node tree inequality:
Tree1:
BLOCK [synthetic: 1]
    SCRIPT 1 [synthetic: 1] [source_file: input0] [input_id: InputId: input0]
        EXPR_RESULT 1 [source_file: input0]
            CALL 1 [source_file: input0]
                GETPROP 1 [source_file: input0]
                    NAME console 1 [source_file: input0]
                    STRING log 1 [source_file: input0]
                CALL 1 [source_file: input0]
                    GETPROP 1 [source_file: input0]
                        NEW 1 [source_file: input0]
                            NAME x 1 [source_file: input0]
                        STRING abc 1 [source_file: input0]


Tree2:
BLOCK [synthetic: 1]
    SCRIPT 1 [synthetic: 1] [source_file: i0] [input_id: InputId: i0]
        EXPR_RESULT 1 [source_file: i0]
            CALL 1 [source_file: i0]
                GETPROP 1 [source_file: i0]
                    NAME console 1 [source_file: i0]
                    STRING log 1 [source_file: i0]
                CALL 1 [free_call: 1] [source_file: i0]
                    GETPROP 1 [source_file: i0]
                        NEW 1 [source_file: i0]
                            NAME x 1 [source_file: i0]
                        STRING abc 1 [source_file: i0]


Subtree1: CALL 1 [source_file: input0]
    GETPROP 1 [source_file: input0]
        NEW 1 [source_file: input0]
            NAME x 1 [source_file: input0]
        STRING abc 1 [source_file: input0]


Subtree2: CALL 1 [free_call: 1] [source_file: i0]
    GETPROP 1 [source_file: i0]
        NEW 1 [source_file: i0]
            NAME x 1 [source_file: i0]
        STRING abc 1 [source_file: i0]

	at junit.framework.Assert.fail(Assert.java:50)
	at junit.framework.Assert.assertTrue(Assert.java:20)
	at junit.framework.Assert.assertNull(Assert.java:237)
	at com.google.javascript.jscomp.IntegrationTestCase.test(IntegrationTestCase.java:97)
	at com.google.javascript.jscomp.IntegrationTestCase.test(IntegrationTestCase.java:79)
	at com.google.javascript.jscomp.IntegrationTest.testIssue937(IntegrationTest.java:2430)
	at sun.reflect.NativeMethodAccessorImpl.invoke0(Native Method)
	at sun.reflect.NativeMethodAccessorImpl.invoke(NativeMethodAccessorImpl.java:62)
	at sun.reflect.DelegatingMethodAccessorImpl.invoke(DelegatingMethodAccessorImpl.java:43)
	at java.lang.reflect.Method.invoke(Method.java:497)
	at junit.framework.TestCase.runTest(TestCase.java:168)
	at junit.framework.TestCase.runBare(TestCase.java:134)
	at junit.framework.TestResult$1.protect(TestResult.java:110)
	at junit.framework.TestResult.runProtected(TestResult.java:128)
	at junit.framework.TestResult.run(TestResult.java:113)
	at junit.framework.TestCase.run(TestCase.java:124)
	at junit.framework.TestSuite.runTest(TestSuite.java:243)
	at junit.framework.TestSuite.run(TestSuite.java:238)
	at org.junit.internal.runners.JUnit38ClassRunner.run(JUnit38ClassRunner.java:83)
	at org.junit.runner.JUnitCore.run(JUnitCore.java:157)
	at org.junit.runner.JUnitCore.run(JUnitCore.java:136)
	at fr.inria.lille.repair.MethodTestRunner.runTest(MethodTestRunner.java:44)
	at fr.inria.lille.repair.MethodTestRunner.access$0(MethodTestRunner.java:37)
	at fr.inria.lille.repair.MethodTestRunner$1.call(MethodTestRunner.java:20)
	at java.util.concurrent.FutureTask.run(FutureTask.java:266)
	at java.util.concurrent.ThreadPoolExecutor.runWorker(ThreadPoolExecutor.java:1142)
	at java.util.concurrent.ThreadPoolExecutor$Worker.run(ThreadPoolExecutor.java:617)
	at java.lang.Thread.run(Thread.java:745)

FAILURES!!!
Tests run: 1,  Failures: 1

com.google.javascript.jscomp.CommandLineRunnerTest#testTypeParsingOnWithVerbose
.
Time: 0.01

OK (1 test)

com.google.javascript.jscomp.SymbolTableTest#testGlobalVar
.Aug 18, 2022 9:14:38 PM com.google.javascript.jscomp.LoggerErrorManager println
WARNING: externs1:3: WARNING - attempted re-definition of type Function
found   : function (new:Function, *): ?
expected: function (new:Function, ...[*]): ?
 * @param {*} var_args */ function Function(var_args) {}/** @type {!Function} */ Function.prototype.apply;/** @type {!Function} */ Function.prototype.bind;/** @type {!Function} */ Function.prototype.call;/** @constructor 
                          ^

Aug 18, 2022 9:14:38 PM com.google.javascript.jscomp.LoggerErrorManager println
WARNING: externs1:8: WARNING - attempted re-definition of type Array
found   : function (new:Array, *): Array
expected: function (new:Array, ...[*]): Array
 @return {!Array} */function Array(var_args) {}
                    ^

Aug 18, 2022 9:14:38 PM com.google.javascript.jscomp.LoggerErrorManager printSummary
WARNING: 0 error(s), 2 warning(s), 100% typed
Aug 18, 2022 9:14:38 PM com.google.javascript.jscomp.SymbolTable$JSDocInfoCollector visitTypeNode
WARNING: Could not find symbol for type: number
Aug 18, 2022 9:14:38 PM com.google.javascript.jscomp.SymbolTable$JSDocInfoCollector visitTypeNode
WARNING: Could not find symbol for type: number
Aug 18, 2022 9:14:38 PM com.google.javascript.jscomp.SymbolTable$JSDocInfoCollector visitTypeNode
WARNING: Could not find symbol for type: number
Aug 18, 2022 9:14:38 PM com.google.javascript.jscomp.SymbolTable$JSDocInfoCollector visitTypeNode
WARNING: Could not find symbol for type: number
Aug 18, 2022 9:14:38 PM com.google.javascript.jscomp.SymbolTable$JSDocInfoCollector visitTypeNode
WARNING: Could not find symbol for type: length
Aug 18, 2022 9:14:38 PM com.google.javascript.jscomp.SymbolTable$JSDocInfoCollector visitTypeNode
WARNING: Could not find symbol for type: number
Aug 18, 2022 9:14:38 PM com.google.javascript.jscomp.SymbolTable$JSDocInfoCollector visitTypeNode
WARNING: Could not find symbol for type: T
Aug 18, 2022 9:14:38 PM com.google.javascript.jscomp.SymbolTable$JSDocInfoCollector visitTypeNode
WARNING: Could not find symbol for type: T
Aug 18, 2022 9:14:38 PM com.google.javascript.jscomp.SymbolTable$JSDocInfoCollector visitTypeNode
WARNING: Could not find symbol for type: number
Aug 18, 2022 9:14:38 PM com.google.javascript.jscomp.SymbolTable$JSDocInfoCollector visitTypeNode
WARNING: Could not find symbol for type: number

Time: 0.005

OK (1 test)

com.google.javascript.jscomp.CommandLineRunnerTest#testModuleJSON
.
Time: 0.005

OK (1 test)

com.google.javascript.jscomp.CommandLineRunnerTest#testES5ChecksInVerbose
.
Time: 0.004

OK (1 test)

com.google.javascript.jscomp.CommandLineRunnerTest#testReflectedMethods
.
Time: 0.009

OK (1 test)

com.google.javascript.jscomp.SymbolTableTest#testNaturalSymbolOrdering
.Aug 18, 2022 9:14:38 PM com.google.javascript.jscomp.LoggerErrorManager println
WARNING: externs1:3: WARNING - attempted re-definition of type Function
found   : function (new:Function, *): ?
expected: function (new:Function, ...[*]): ?
 * @param {*} var_args */ function Function(var_args) {}/** @type {!Function} */ Function.prototype.apply;/** @type {!Function} */ Function.prototype.bind;/** @type {!Function} */ Function.prototype.call;/** @constructor 
                          ^

Aug 18, 2022 9:14:38 PM com.google.javascript.jscomp.LoggerErrorManager println
WARNING: externs1:8: WARNING - attempted re-definition of type Array
found   : function (new:Array, *): Array
expected: function (new:Array, ...[*]): Array
 @return {!Array} */function Array(var_args) {}
                    ^

Aug 18, 2022 9:14:38 PM com.google.javascript.jscomp.LoggerErrorManager printSummary
WARNING: 0 error(s), 2 warning(s), 100% typed
Aug 18, 2022 9:14:38 PM com.google.javascript.jscomp.SymbolTable$JSDocInfoCollector visitTypeNode
WARNING: Could not find symbol for type: number
Aug 18, 2022 9:14:38 PM com.google.javascript.jscomp.SymbolTable$JSDocInfoCollector visitTypeNode
WARNING: Could not find symbol for type: number
Aug 18, 2022 9:14:38 PM com.google.javascript.jscomp.SymbolTable$JSDocInfoCollector visitTypeNode
WARNING: Could not find symbol for type: number
Aug 18, 2022 9:14:38 PM com.google.javascript.jscomp.SymbolTable$JSDocInfoCollector visitTypeNode
WARNING: Could not find symbol for type: number
Aug 18, 2022 9:14:38 PM com.google.javascript.jscomp.SymbolTable$JSDocInfoCollector visitTypeNode
WARNING: Could not find symbol for type: length
Aug 18, 2022 9:14:38 PM com.google.javascript.jscomp.SymbolTable$JSDocInfoCollector visitTypeNode
WARNING: Could not find symbol for type: number
Aug 18, 2022 9:14:38 PM com.google.javascript.jscomp.SymbolTable$JSDocInfoCollector visitTypeNode
WARNING: Could not find symbol for type: T
Aug 18, 2022 9:14:38 PM com.google.javascript.jscomp.SymbolTable$JSDocInfoCollector visitTypeNode
WARNING: Could not find symbol for type: T
Aug 18, 2022 9:14:38 PM com.google.javascript.jscomp.SymbolTable$JSDocInfoCollector visitTypeNode
WARNING: Could not find symbol for type: number
Aug 18, 2022 9:14:38 PM com.google.javascript.jscomp.SymbolTable$JSDocInfoCollector visitTypeNode
WARNING: Could not find symbol for type: number

Time: 0.006

OK (1 test)

com.google.javascript.jscomp.CompilerTest#testCommonJSProvidesAndRequire
.E
Time: 24.543
There was 1 failure:
1) testCommonJSProvidesAndRequire(com.google.javascript.jscomp.CompilerTest)
com.google.javascript.jscomp.deps.SortedDependencies$MissingProvideException: module$mix
	at com.google.javascript.jscomp.deps.SortedDependencies.getInputProviding(SortedDependencies.java:120)
	at com.google.javascript.jscomp.JSModuleGraph.createEntryPointInputs(JSModuleGraph.java:466)
	at com.google.javascript.jscomp.JSModuleGraph.manageDependencies(JSModuleGraph.java:375)
	at com.google.javascript.jscomp.JSModuleGraph.manageDependencies(JSModuleGraph.java:351)
	at com.google.javascript.jscomp.CompilerTest.testCommonJSProvidesAndRequire(CompilerTest.java:117)
	at sun.reflect.NativeMethodAccessorImpl.invoke0(Native Method)
	at sun.reflect.NativeMethodAccessorImpl.invoke(NativeMethodAccessorImpl.java:62)
	at sun.reflect.DelegatingMethodAccessorImpl.invoke(DelegatingMethodAccessorImpl.java:43)
	at java.lang.reflect.Method.invoke(Method.java:497)
	at junit.framework.TestCase.runTest(TestCase.java:168)
	at junit.framework.TestCase.runBare(TestCase.java:134)
	at junit.framework.TestResult$1.protect(TestResult.java:110)
	at junit.framework.TestResult.runProtected(TestResult.java:128)
	at junit.framework.TestResult.run(TestResult.java:113)
	at junit.framework.TestCase.run(TestCase.java:124)
	at junit.framework.TestSuite.runTest(TestSuite.java:243)
	at junit.framework.TestSuite.run(TestSuite.java:238)
	at org.junit.internal.runners.JUnit38ClassRunner.run(JUnit38ClassRunner.java:83)
	at org.junit.runner.JUnitCore.run(JUnitCore.java:157)
	at org.junit.runner.JUnitCore.run(JUnitCore.java:136)
	at fr.inria.lille.repair.MethodTestRunner.runTest(MethodTestRunner.java:44)
	at fr.inria.lille.repair.MethodTestRunner.access$0(MethodTestRunner.java:37)
	at fr.inria.lille.repair.MethodTestRunner$1.call(MethodTestRunner.java:20)
	at java.util.concurrent.FutureTask.run(FutureTask.java:266)
	at java.util.concurrent.ThreadPoolExecutor.runWorker(ThreadPoolExecutor.java:1142)
	at java.util.concurrent.ThreadPoolExecutor$Worker.run(ThreadPoolExecutor.java:617)
	at java.lang.Thread.run(Thread.java:745)

FAILURES!!!
Tests run: 1,  Failures: 1

com.google.javascript.jscomp.CommandLineRunnerTest#testOnlyClosureDependenciesOneEntryPoint
.
Time: 0.005

OK (1 test)

com.google.javascript.jscomp.CommandLineRunnerTest#testES5
.
Time: 0.009

OK (1 test)

com.google.javascript.jscomp.CommandLineRunnerTest#testCheckSymbolsOverrideForVerbose
.
Time: 0.005

OK (1 test)

com.google.javascript.jscomp.CommandLineRunnerTest#testWithKeywordDefault
.
Time: 0.003

OK (1 test)

com.google.javascript.jscomp.CommandLineRunnerTest#testIssue297
.
Time: 0.007

OK (1 test)

com.google.javascript.jscomp.CommandLineRunnerTest#testDefineFlag
.
Time: 0.008

OK (1 test)

com.google.javascript.jscomp.CommandLineRunnerTest#testStarModuleManifest
.
Time: 0.005

OK (1 test)

com.google.javascript.jscomp.CommandLineRunnerTest#testIssue601c
.
Time: 0.006

OK (1 test)

com.google.javascript.jscomp.CommandLineRunnerTest#testModuleEntryPoint
.
Time: 0.004

OK (1 test)

com.google.javascript.jscomp.CommandLineRunnerTest#testIssue601b
.
Time: 0.006

OK (1 test)

com.google.javascript.jscomp.CommandLineRunnerTest#testTypeCheckingOffByDefault
.
Time: 0.004

OK (1 test)

com.google.javascript.jscomp.SymbolTableTest#testDottedReferencesInJSDocType
.Aug 18, 2022 9:15:03 PM com.google.javascript.jscomp.LoggerErrorManager println
WARNING: externs1:3: WARNING - attempted re-definition of type Function
found   : function (new:Function, *): ?
expected: function (new:Function, ...[*]): ?
 * @param {*} var_args */ function Function(var_args) {}/** @type {!Function} */ Function.prototype.apply;/** @type {!Function} */ Function.prototype.bind;/** @type {!Function} */ Function.prototype.call;/** @constructor 
                          ^

Aug 18, 2022 9:15:03 PM com.google.javascript.jscomp.LoggerErrorManager println
WARNING: externs1:8: WARNING - attempted re-definition of type Array
found   : function (new:Array, *): Array
expected: function (new:Array, ...[*]): Array
 @return {!Array} */function Array(var_args) {}
                    ^

Aug 18, 2022 9:15:03 PM com.google.javascript.jscomp.LoggerErrorManager printSummary
WARNING: 0 error(s), 2 warning(s), 100% typed
Aug 18, 2022 9:15:03 PM com.google.javascript.jscomp.SymbolTable$JSDocInfoCollector visitTypeNode
WARNING: Could not find symbol for type: number
Aug 18, 2022 9:15:03 PM com.google.javascript.jscomp.SymbolTable$JSDocInfoCollector visitTypeNode
WARNING: Could not find symbol for type: number
Aug 18, 2022 9:15:03 PM com.google.javascript.jscomp.SymbolTable$JSDocInfoCollector visitTypeNode
WARNING: Could not find symbol for type: number
Aug 18, 2022 9:15:03 PM com.google.javascript.jscomp.SymbolTable$JSDocInfoCollector visitTypeNode
WARNING: Could not find symbol for type: number
Aug 18, 2022 9:15:03 PM com.google.javascript.jscomp.SymbolTable$JSDocInfoCollector visitTypeNode
WARNING: Could not find symbol for type: length
Aug 18, 2022 9:15:03 PM com.google.javascript.jscomp.SymbolTable$JSDocInfoCollector visitTypeNode
WARNING: Could not find symbol for type: number
Aug 18, 2022 9:15:03 PM com.google.javascript.jscomp.SymbolTable$JSDocInfoCollector visitTypeNode
WARNING: Could not find symbol for type: T
Aug 18, 2022 9:15:03 PM com.google.javascript.jscomp.SymbolTable$JSDocInfoCollector visitTypeNode
WARNING: Could not find symbol for type: T
Aug 18, 2022 9:15:03 PM com.google.javascript.jscomp.SymbolTable$JSDocInfoCollector visitTypeNode
WARNING: Could not find symbol for type: number

Time: 0.006

OK (1 test)

com.google.javascript.jscomp.SymbolTableTest#testGlobalVarReferences
.Aug 18, 2022 9:15:03 PM com.google.javascript.jscomp.LoggerErrorManager println
WARNING: externs1:3: WARNING - attempted re-definition of type Function
found   : function (new:Function, *): ?
expected: function (new:Function, ...[*]): ?
 * @param {*} var_args */ function Function(var_args) {}/** @type {!Function} */ Function.prototype.apply;/** @type {!Function} */ Function.prototype.bind;/** @type {!Function} */ Function.prototype.call;/** @constructor 
                          ^

Aug 18, 2022 9:15:03 PM com.google.javascript.jscomp.LoggerErrorManager println
WARNING: externs1:8: WARNING - attempted re-definition of type Array
found   : function (new:Array, *): Array
expected: function (new:Array, ...[*]): Array
 @return {!Array} */function Array(var_args) {}
                    ^

Aug 18, 2022 9:15:03 PM com.google.javascript.jscomp.LoggerErrorManager printSummary
WARNING: 0 error(s), 2 warning(s), 100% typed
Aug 18, 2022 9:15:03 PM com.google.javascript.jscomp.SymbolTable$JSDocInfoCollector visitTypeNode
WARNING: Could not find symbol for type: number
Aug 18, 2022 9:15:03 PM com.google.javascript.jscomp.SymbolTable$JSDocInfoCollector visitTypeNode
WARNING: Could not find symbol for type: number
Aug 18, 2022 9:15:03 PM com.google.javascript.jscomp.SymbolTable$JSDocInfoCollector visitTypeNode
WARNING: Could not find symbol for type: number
Aug 18, 2022 9:15:03 PM com.google.javascript.jscomp.SymbolTable$JSDocInfoCollector visitTypeNode
WARNING: Could not find symbol for type: number
Aug 18, 2022 9:15:03 PM com.google.javascript.jscomp.SymbolTable$JSDocInfoCollector visitTypeNode
WARNING: Could not find symbol for type: length
Aug 18, 2022 9:15:03 PM com.google.javascript.jscomp.SymbolTable$JSDocInfoCollector visitTypeNode
WARNING: Could not find symbol for type: number
Aug 18, 2022 9:15:03 PM com.google.javascript.jscomp.SymbolTable$JSDocInfoCollector visitTypeNode
WARNING: Could not find symbol for type: T
Aug 18, 2022 9:15:03 PM com.google.javascript.jscomp.SymbolTable$JSDocInfoCollector visitTypeNode
WARNING: Could not find symbol for type: T
Aug 18, 2022 9:15:03 PM com.google.javascript.jscomp.SymbolTable$JSDocInfoCollector visitTypeNode
WARNING: Could not find symbol for type: number
Aug 18, 2022 9:15:03 PM com.google.javascript.jscomp.SymbolTable$JSDocInfoCollector visitTypeNode
WARNING: Could not find symbol for type: number

Time: 0.005

OK (1 test)

com.google.javascript.jscomp.CommandLineRunnerTest#testTypeCheckingOnWithVerbose
.
Time: 0.005

OK (1 test)

com.google.javascript.jscomp.CommandLineRunnerTest#testSourceMapFormat2
.
Time: 0.004

OK (1 test)

com.google.javascript.jscomp.CommandLineRunnerTest#testSourceMapFormat1
.
Time: 0.004

OK (1 test)

com.google.javascript.jscomp.CommandLineRunnerTest#testUnknownAnnotation
.
Time: 0.009

OK (1 test)

com.google.javascript.jscomp.CommandLineRunnerTest#testTypedAdvanced
.
Time: 0.018

OK (1 test)

com.google.javascript.jscomp.SymbolTableTest#testGlobalThisReferences
.Aug 18, 2022 9:15:03 PM com.google.javascript.jscomp.LoggerErrorManager println
WARNING: externs1:3: WARNING - attempted re-definition of type Function
found   : function (new:Function, *): ?
expected: function (new:Function, ...[*]): ?
 * @param {*} var_args */ function Function(var_args) {}/** @type {!Function} */ Function.prototype.apply;/** @type {!Function} */ Function.prototype.bind;/** @type {!Function} */ Function.prototype.call;/** @constructor 
                          ^

Aug 18, 2022 9:15:03 PM com.google.javascript.jscomp.LoggerErrorManager println
WARNING: externs1:8: WARNING - attempted re-definition of type Array
found   : function (new:Array, *): Array
expected: function (new:Array, ...[*]): Array
 @return {!Array} */function Array(var_args) {}
                    ^

Aug 18, 2022 9:15:03 PM com.google.javascript.jscomp.LoggerErrorManager printSummary
WARNING: 0 error(s), 2 warning(s), 28.6% typed
Aug 18, 2022 9:15:03 PM com.google.javascript.jscomp.SymbolTable$JSDocInfoCollector visitTypeNode
WARNING: Could not find symbol for type: number
Aug 18, 2022 9:15:03 PM com.google.javascript.jscomp.SymbolTable$JSDocInfoCollector visitTypeNode
WARNING: Could not find symbol for type: number
Aug 18, 2022 9:15:03 PM com.google.javascript.jscomp.SymbolTable$JSDocInfoCollector visitTypeNode
WARNING: Could not find symbol for type: number
Aug 18, 2022 9:15:03 PM com.google.javascript.jscomp.SymbolTable$JSDocInfoCollector visitTypeNode
WARNING: Could not find symbol for type: number
Aug 18, 2022 9:15:03 PM com.google.javascript.jscomp.SymbolTable$JSDocInfoCollector visitTypeNode
WARNING: Could not find symbol for type: length
Aug 18, 2022 9:15:03 PM com.google.javascript.jscomp.SymbolTable$JSDocInfoCollector visitTypeNode
WARNING: Could not find symbol for type: number
Aug 18, 2022 9:15:03 PM com.google.javascript.jscomp.SymbolTable$JSDocInfoCollector visitTypeNode
WARNING: Could not find symbol for type: T
Aug 18, 2022 9:15:03 PM com.google.javascript.jscomp.SymbolTable$JSDocInfoCollector visitTypeNode
WARNING: Could not find symbol for type: T
Aug 18, 2022 9:15:03 PM com.google.javascript.jscomp.SymbolTable$JSDocInfoCollector visitTypeNode
WARNING: Could not find symbol for type: number

Time: 0.006

OK (1 test)

com.google.javascript.jscomp.SymbolTableTest#testGoogScopeReferences
.Aug 18, 2022 9:15:03 PM com.google.javascript.jscomp.LoggerErrorManager println
WARNING: externs1:3: WARNING - attempted re-definition of type Function
found   : function (new:Function, *): ?
expected: function (new:Function, ...[*]): ?
 * @param {*} var_args */ function Function(var_args) {}/** @type {!Function} */ Function.prototype.apply;/** @type {!Function} */ Function.prototype.bind;/** @type {!Function} */ Function.prototype.call;/** @constructor 
                          ^

Aug 18, 2022 9:15:03 PM com.google.javascript.jscomp.LoggerErrorManager println
WARNING: externs1:8: WARNING - attempted re-definition of type Array
found   : function (new:Array, *): Array
expected: function (new:Array, ...[*]): Array
 @return {!Array} */function Array(var_args) {}
                    ^

Aug 18, 2022 9:15:03 PM com.google.javascript.jscomp.LoggerErrorManager printSummary
WARNING: 0 error(s), 2 warning(s), 100% typed
Aug 18, 2022 9:15:03 PM com.google.javascript.jscomp.SymbolTable$JSDocInfoCollector visitTypeNode
WARNING: Could not find symbol for type: number
Aug 18, 2022 9:15:03 PM com.google.javascript.jscomp.SymbolTable$JSDocInfoCollector visitTypeNode
WARNING: Could not find symbol for type: number
Aug 18, 2022 9:15:03 PM com.google.javascript.jscomp.SymbolTable$JSDocInfoCollector visitTypeNode
WARNING: Could not find symbol for type: number
Aug 18, 2022 9:15:03 PM com.google.javascript.jscomp.SymbolTable$JSDocInfoCollector visitTypeNode
WARNING: Could not find symbol for type: number
Aug 18, 2022 9:15:03 PM com.google.javascript.jscomp.SymbolTable$JSDocInfoCollector visitTypeNode
WARNING: Could not find symbol for type: length
Aug 18, 2022 9:15:03 PM com.google.javascript.jscomp.SymbolTable$JSDocInfoCollector visitTypeNode
WARNING: Could not find symbol for type: number
Aug 18, 2022 9:15:03 PM com.google.javascript.jscomp.SymbolTable$JSDocInfoCollector visitTypeNode
WARNING: Could not find symbol for type: T
Aug 18, 2022 9:15:03 PM com.google.javascript.jscomp.SymbolTable$JSDocInfoCollector visitTypeNode
WARNING: Could not find symbol for type: T
Aug 18, 2022 9:15:03 PM com.google.javascript.jscomp.SymbolTable$JSDocInfoCollector visitTypeNode
WARNING: Could not find symbol for type: number

Time: 0.006

OK (1 test)

com.google.javascript.jscomp.SymbolTableTest#testGoogRequireReferences
.Aug 18, 2022 9:15:03 PM com.google.javascript.jscomp.LoggerErrorManager println
WARNING: externs1:3: WARNING - attempted re-definition of type Function
found   : function (new:Function, *): ?
expected: function (new:Function, ...[*]): ?
 * @param {*} var_args */ function Function(var_args) {}/** @type {!Function} */ Function.prototype.apply;/** @type {!Function} */ Function.prototype.bind;/** @type {!Function} */ Function.prototype.call;/** @constructor 
                          ^

Aug 18, 2022 9:15:03 PM com.google.javascript.jscomp.LoggerErrorManager println
WARNING: externs1:8: WARNING - attempted re-definition of type Array
found   : function (new:Array, *): Array
expected: function (new:Array, ...[*]): Array
 @return {!Array} */function Array(var_args) {}
                    ^

Aug 18, 2022 9:15:03 PM com.google.javascript.jscomp.LoggerErrorManager printSummary
WARNING: 0 error(s), 2 warning(s), 100% typed
Aug 18, 2022 9:15:03 PM com.google.javascript.jscomp.SymbolTable$JSDocInfoCollector visitTypeNode
WARNING: Could not find symbol for type: number
Aug 18, 2022 9:15:03 PM com.google.javascript.jscomp.SymbolTable$JSDocInfoCollector visitTypeNode
WARNING: Could not find symbol for type: number
Aug 18, 2022 9:15:03 PM com.google.javascript.jscomp.SymbolTable$JSDocInfoCollector visitTypeNode
WARNING: Could not find symbol for type: number
Aug 18, 2022 9:15:03 PM com.google.javascript.jscomp.SymbolTable$JSDocInfoCollector visitTypeNode
WARNING: Could not find symbol for type: number
Aug 18, 2022 9:15:03 PM com.google.javascript.jscomp.SymbolTable$JSDocInfoCollector visitTypeNode
WARNING: Could not find symbol for type: length
Aug 18, 2022 9:15:03 PM com.google.javascript.jscomp.SymbolTable$JSDocInfoCollector visitTypeNode
WARNING: Could not find symbol for type: number
Aug 18, 2022 9:15:03 PM com.google.javascript.jscomp.SymbolTable$JSDocInfoCollector visitTypeNode
WARNING: Could not find symbol for type: T
Aug 18, 2022 9:15:03 PM com.google.javascript.jscomp.SymbolTable$JSDocInfoCollector visitTypeNode
WARNING: Could not find symbol for type: T
Aug 18, 2022 9:15:03 PM com.google.javascript.jscomp.SymbolTable$JSDocInfoCollector visitTypeNode
WARNING: Could not find symbol for type: number

Time: 0.006

OK (1 test)

com.google.javascript.jscomp.CompilerTest#testCommonJSMissingRequire
.E
Time: 24.71
There was 1 failure:
1) testCommonJSMissingRequire(com.google.javascript.jscomp.CompilerTest)
java.lang.RuntimeException: com.google.javascript.jscomp.deps.SortedDependencies$MissingProvideException: module$gin
	at com.google.common.base.Throwables.propagate(Throwables.java:160)
	at com.google.javascript.jscomp.Compiler.processAMDAndCommonJSModules(Compiler.java:1561)
	at com.google.javascript.jscomp.CompilerTest.testCommonJSMissingRequire(CompilerTest.java:132)
	at sun.reflect.NativeMethodAccessorImpl.invoke0(Native Method)
	at sun.reflect.NativeMethodAccessorImpl.invoke(NativeMethodAccessorImpl.java:62)
	at sun.reflect.DelegatingMethodAccessorImpl.invoke(DelegatingMethodAccessorImpl.java:43)
	at java.lang.reflect.Method.invoke(Method.java:497)
	at junit.framework.TestCase.runTest(TestCase.java:168)
	at junit.framework.TestCase.runBare(TestCase.java:134)
	at junit.framework.TestResult$1.protect(TestResult.java:110)
	at junit.framework.TestResult.runProtected(TestResult.java:128)
	at junit.framework.TestResult.run(TestResult.java:113)
	at junit.framework.TestCase.run(TestCase.java:124)
	at junit.framework.TestSuite.runTest(TestSuite.java:243)
	at junit.framework.TestSuite.run(TestSuite.java:238)
	at org.junit.internal.runners.JUnit38ClassRunner.run(JUnit38ClassRunner.java:83)
	at org.junit.runner.JUnitCore.run(JUnitCore.java:157)
	at org.junit.runner.JUnitCore.run(JUnitCore.java:136)
	at fr.inria.lille.repair.MethodTestRunner.runTest(MethodTestRunner.java:44)
	at fr.inria.lille.repair.MethodTestRunner.access$0(MethodTestRunner.java:37)
	at fr.inria.lille.repair.MethodTestRunner$1.call(MethodTestRunner.java:20)
	at java.util.concurrent.FutureTask.run(FutureTask.java:266)
	at java.util.concurrent.ThreadPoolExecutor.runWorker(ThreadPoolExecutor.java:1142)
	at java.util.concurrent.ThreadPoolExecutor$Worker.run(ThreadPoolExecutor.java:617)
	at java.lang.Thread.run(Thread.java:745)
Caused by: com.google.javascript.jscomp.deps.SortedDependencies$MissingProvideException: module$gin
	at com.google.javascript.jscomp.deps.SortedDependencies.getInputProviding(SortedDependencies.java:120)
	at com.google.javascript.jscomp.JSModuleGraph.createEntryPointInputs(JSModuleGraph.java:466)
	at com.google.javascript.jscomp.JSModuleGraph.manageDependencies(JSModuleGraph.java:375)
	at com.google.javascript.jscomp.Compiler.processAMDAndCommonJSModules(Compiler.java:1545)
	... 23 more

FAILURES!!!
Tests run: 1,  Failures: 1

com.google.javascript.jscomp.CommandLineRunnerTest#testDependencySortingWhitespaceMode
.
Time: 0.004

OK (1 test)

com.google.javascript.jscomp.SymbolTableTest#testInnerEnum
.Aug 18, 2022 9:15:27 PM com.google.javascript.jscomp.LoggerErrorManager println
WARNING: externs1:3: WARNING - attempted re-definition of type Function
found   : function (new:Function, *): ?
expected: function (new:Function, ...[*]): ?
 * @param {*} var_args */ function Function(var_args) {}/** @type {!Function} */ Function.prototype.apply;/** @type {!Function} */ Function.prototype.bind;/** @type {!Function} */ Function.prototype.call;/** @constructor 
                          ^

Aug 18, 2022 9:15:27 PM com.google.javascript.jscomp.LoggerErrorManager println
WARNING: externs1:8: WARNING - attempted re-definition of type Array
found   : function (new:Array, *): Array
expected: function (new:Array, ...[*]): Array
 @return {!Array} */function Array(var_args) {}
                    ^

Aug 18, 2022 9:15:27 PM com.google.javascript.jscomp.LoggerErrorManager printSummary
WARNING: 0 error(s), 2 warning(s), 100% typed
Aug 18, 2022 9:15:27 PM com.google.javascript.jscomp.SymbolTable$JSDocInfoCollector visitTypeNode
WARNING: Could not find symbol for type: number
Aug 18, 2022 9:15:27 PM com.google.javascript.jscomp.SymbolTable$JSDocInfoCollector visitTypeNode
WARNING: Could not find symbol for type: number
Aug 18, 2022 9:15:27 PM com.google.javascript.jscomp.SymbolTable$JSDocInfoCollector visitTypeNode
WARNING: Could not find symbol for type: number
Aug 18, 2022 9:15:27 PM com.google.javascript.jscomp.SymbolTable$JSDocInfoCollector visitTypeNode
WARNING: Could not find symbol for type: number
Aug 18, 2022 9:15:27 PM com.google.javascript.jscomp.SymbolTable$JSDocInfoCollector visitTypeNode
WARNING: Could not find symbol for type: length
Aug 18, 2022 9:15:27 PM com.google.javascript.jscomp.SymbolTable$JSDocInfoCollector visitTypeNode
WARNING: Could not find symbol for type: number
Aug 18, 2022 9:15:27 PM com.google.javascript.jscomp.SymbolTable$JSDocInfoCollector visitTypeNode
WARNING: Could not find symbol for type: T
Aug 18, 2022 9:15:27 PM com.google.javascript.jscomp.SymbolTable$JSDocInfoCollector visitTypeNode
WARNING: Could not find symbol for type: T
Aug 18, 2022 9:15:27 PM com.google.javascript.jscomp.SymbolTable$JSDocInfoCollector visitTypeNode
WARNING: Could not find symbol for type: number

Time: 0.006

OK (1 test)

com.google.javascript.jscomp.IntegrationTest#testDependencySorting
.
Time: 24.963

OK (1 test)

com.google.javascript.jscomp.CommandLineRunnerTest#testDefineFlag3
.
Time: 0.005

OK (1 test)

com.google.javascript.jscomp.SymbolTableTest#testConstructorAlias
.Aug 18, 2022 9:15:52 PM com.google.javascript.jscomp.LoggerErrorManager println
WARNING: externs1:3: WARNING - attempted re-definition of type Function
found   : function (new:Function, *): ?
expected: function (new:Function, ...[*]): ?
 * @param {*} var_args */ function Function(var_args) {}/** @type {!Function} */ Function.prototype.apply;/** @type {!Function} */ Function.prototype.bind;/** @type {!Function} */ Function.prototype.call;/** @constructor 
                          ^

Aug 18, 2022 9:15:52 PM com.google.javascript.jscomp.LoggerErrorManager println
WARNING: externs1:8: WARNING - attempted re-definition of type Array
found   : function (new:Array, *): Array
expected: function (new:Array, ...[*]): Array
 @return {!Array} */function Array(var_args) {}
                    ^

Aug 18, 2022 9:15:52 PM com.google.javascript.jscomp.LoggerErrorManager printSummary
WARNING: 0 error(s), 2 warning(s), 100% typed
Aug 18, 2022 9:15:52 PM com.google.javascript.jscomp.SymbolTable$JSDocInfoCollector visitTypeNode
WARNING: Could not find symbol for type: number
Aug 18, 2022 9:15:52 PM com.google.javascript.jscomp.SymbolTable$JSDocInfoCollector visitTypeNode
WARNING: Could not find symbol for type: number
Aug 18, 2022 9:15:52 PM com.google.javascript.jscomp.SymbolTable$JSDocInfoCollector visitTypeNode
WARNING: Could not find symbol for type: number
Aug 18, 2022 9:15:52 PM com.google.javascript.jscomp.SymbolTable$JSDocInfoCollector visitTypeNode
WARNING: Could not find symbol for type: number
Aug 18, 2022 9:15:52 PM com.google.javascript.jscomp.SymbolTable$JSDocInfoCollector visitTypeNode
WARNING: Could not find symbol for type: length
Aug 18, 2022 9:15:52 PM com.google.javascript.jscomp.SymbolTable$JSDocInfoCollector visitTypeNode
WARNING: Could not find symbol for type: number
Aug 18, 2022 9:15:52 PM com.google.javascript.jscomp.SymbolTable$JSDocInfoCollector visitTypeNode
WARNING: Could not find symbol for type: T
Aug 18, 2022 9:15:52 PM com.google.javascript.jscomp.SymbolTable$JSDocInfoCollector visitTypeNode
WARNING: Could not find symbol for type: T
Aug 18, 2022 9:15:52 PM com.google.javascript.jscomp.SymbolTable$JSDocInfoCollector visitTypeNode
WARNING: Could not find symbol for type: number

Time: 0.006

OK (1 test)

com.google.javascript.jscomp.SymbolTableTest#testLocalQualifiedNamesInLocalScopes
.Aug 18, 2022 9:15:52 PM com.google.javascript.jscomp.LoggerErrorManager println
WARNING: externs1:3: WARNING - attempted re-definition of type Function
found   : function (new:Function, *): ?
expected: function (new:Function, ...[*]): ?
 * @param {*} var_args */ function Function(var_args) {}/** @type {!Function} */ Function.prototype.apply;/** @type {!Function} */ Function.prototype.bind;/** @type {!Function} */ Function.prototype.call;/** @constructor 
                          ^

Aug 18, 2022 9:15:52 PM com.google.javascript.jscomp.LoggerErrorManager println
WARNING: externs1:8: WARNING - attempted re-definition of type Array
found   : function (new:Array, *): Array
expected: function (new:Array, ...[*]): Array
 @return {!Array} */function Array(var_args) {}
                    ^

Aug 18, 2022 9:15:52 PM com.google.javascript.jscomp.LoggerErrorManager printSummary
WARNING: 0 error(s), 2 warning(s), 100% typed
Aug 18, 2022 9:15:52 PM com.google.javascript.jscomp.SymbolTable$JSDocInfoCollector visitTypeNode
WARNING: Could not find symbol for type: number
Aug 18, 2022 9:15:52 PM com.google.javascript.jscomp.SymbolTable$JSDocInfoCollector visitTypeNode
WARNING: Could not find symbol for type: number
Aug 18, 2022 9:15:52 PM com.google.javascript.jscomp.SymbolTable$JSDocInfoCollector visitTypeNode
WARNING: Could not find symbol for type: number
Aug 18, 2022 9:15:52 PM com.google.javascript.jscomp.SymbolTable$JSDocInfoCollector visitTypeNode
WARNING: Could not find symbol for type: number
Aug 18, 2022 9:15:52 PM com.google.javascript.jscomp.SymbolTable$JSDocInfoCollector visitTypeNode
WARNING: Could not find symbol for type: length
Aug 18, 2022 9:15:52 PM com.google.javascript.jscomp.SymbolTable$JSDocInfoCollector visitTypeNode
WARNING: Could not find symbol for type: number
Aug 18, 2022 9:15:52 PM com.google.javascript.jscomp.SymbolTable$JSDocInfoCollector visitTypeNode
WARNING: Could not find symbol for type: T
Aug 18, 2022 9:15:52 PM com.google.javascript.jscomp.SymbolTable$JSDocInfoCollector visitTypeNode
WARNING: Could not find symbol for type: T
Aug 18, 2022 9:15:52 PM com.google.javascript.jscomp.SymbolTable$JSDocInfoCollector visitTypeNode
WARNING: Could not find symbol for type: number

Time: 0.005

OK (1 test)

com.google.javascript.jscomp.CommandLineRunnerTest#testDefineFlag2
.
Time: 0.012

OK (1 test)

com.google.javascript.jscomp.CommandLineRunnerTest#testES5Strict
.
Time: 0.009

OK (1 test)

com.google.javascript.jscomp.CommandLineRunnerTest#testIssue81
.
Time: 0.006

OK (1 test)

com.google.javascript.jscomp.CommandLineRunnerTest#testCheckSymbolsOffForDefault
.
Time: 0.003

OK (1 test)

com.google.javascript.jscomp.CommandLineRunnerTest#testIssue115
.
Time: 0.005

OK (1 test)

