Picked up JAVA_TOOL_OPTIONS: -Dfile.encoding=UTF8 -Duser.language=en-US -Duser.country=US -Duser.language=en
org.apache.commons.math.ode.nonstiff.ThreeEighthesIntegratorTest#testSmallStep
.
Time: 0.488

OK (1 test)

org.apache.commons.math.distribution.GammaDistributionTest#testValues
.
Time: 0.051

OK (1 test)

org.apache.commons.math.ode.jacobians.FirstOrderIntegratorWithJacobiansTest#testEventHandler
.
Time: 0.048

OK (1 test)

org.apache.commons.math.ode.nonstiff.ThreeEighthesStepInterpolatorTest#derivativesConsistency
.
Time: 0.03

OK (1 test)

org.apache.commons.math.stat.regression.SimpleRegressionTest#testRemoveMultiple
.
Time: 0.016

OK (1 test)

org.apache.commons.math.optimization.general.NonLinearConjugateGradientOptimizerTest#testTwoSets
.
Time: 0.05

OK (1 test)

org.apache.commons.math.ode.nonstiff.GillIntegratorTest#testSmallStep
.
Time: 0.049

OK (1 test)

org.apache.commons.math.analysis.solvers.UnivariateRealSolverUtilsTest#testSolveAccuracySin
.
Time: 0.032

OK (1 test)

org.apache.commons.math.distribution.BetaDistributionTest#testCumulative
.
Time: 2.421

OK (1 test)

org.apache.commons.math.distribution.ChiSquareDistributionTest#testInverseCumulativeProbabilities
.
Time: 0.123

OK (1 test)

org.apache.commons.math.ode.nonstiff.DormandPrince54StepInterpolatorTest#derivativesConsistency
.
Time: 0.018

OK (1 test)

org.apache.commons.math.ode.jacobians.FirstOrderIntegratorWithJacobiansTest#testStepHandlerResult
.
Time: 0.034

OK (1 test)

org.apache.commons.math.distribution.NormalDistributionTest#testInverseCumulativeProbabilities
.
Time: 0.159

OK (1 test)

org.apache.commons.math.ode.nonstiff.ClassicalRungeKuttaStepInterpolatorTest#serialization
.
Time: 0.112

OK (1 test)

org.apache.commons.math.ode.nonstiff.ClassicalRungeKuttaIntegratorTest#testBackward
.
Time: 0.055

OK (1 test)

org.apache.commons.math.ode.nonstiff.GillIntegratorTest#testDecreasingSteps
.
Time: 1.233

OK (1 test)

org.apache.commons.math.ode.nonstiff.MidpointIntegratorTest#testBigStep
.
Time: 0.02

OK (1 test)

org.apache.commons.math.ode.nonstiff.DormandPrince54IntegratorTest#testEvents
.
Time: 0.189

OK (1 test)

org.apache.commons.math.optimization.general.NonLinearConjugateGradientOptimizerTest#testIllConditioned
.
Time: 0.112

OK (1 test)

org.apache.commons.math.optimization.general.NonLinearConjugateGradientOptimizerTest#testColumnsPermutation
.
Time: 0.029

OK (1 test)

org.apache.commons.math.analysis.solvers.UnivariateRealSolverUtilsTest#testSolveSin
.
Time: 0.026

OK (1 test)

org.apache.commons.math.ode.sampling.NordsieckStepInterpolatorTest#derivativesConsistency
.
Time: 0.076

OK (1 test)

org.apache.commons.math.ode.nonstiff.EulerIntegratorTest#testSmallStep
.
Time: 0.037

OK (1 test)

org.apache.commons.math.ode.jacobians.FirstOrderIntegratorWithJacobiansTest#testAnalyticalDifferentiation
.
Time: 3.126

OK (1 test)

org.apache.commons.math.ode.nonstiff.EulerStepInterpolatorTest#derivativesConsistency
.
Time: 0.019

OK (1 test)

org.apache.commons.math.ode.nonstiff.EulerStepInterpolatorTest#serialization
.
Time: 0.038

OK (1 test)

org.apache.commons.math.ode.nonstiff.HighamHall54IntegratorTest#testKepler
.
Time: 0.029

OK (1 test)

org.apache.commons.math.analysis.solvers.BrentSolverTest#testDeprecated
.
Time: 0.052

OK (1 test)

org.apache.commons.math.ode.nonstiff.EulerIntegratorTest#testBackward
.
Time: 0.035

OK (1 test)

org.apache.commons.math.ode.nonstiff.ClassicalRungeKuttaIntegratorTest#testBigStep
.
Time: 0.016

OK (1 test)

org.apache.commons.math.ode.nonstiff.DormandPrince853StepInterpolatorTest#checklone
.
Time: 0.03

OK (1 test)

org.apache.commons.math.analysis.solvers.BrentSolverTest#testQuinticZero
.
Time: 0.677

OK (1 test)

org.apache.commons.math.ode.nonstiff.DormandPrince54StepInterpolatorTest#checkClone
.
Time: 0.023

OK (1 test)

org.apache.commons.math.ode.nonstiff.MidpointIntegratorTest#testDecreasingSteps
.
Time: 1.201

OK (1 test)

org.apache.commons.math.optimization.general.NonLinearConjugateGradientOptimizerTest#testInconsistentEquations
.
Time: 0.015

OK (1 test)

org.apache.commons.math.ode.nonstiff.MidpointIntegratorTest#testBackward
.
Time: 0.034

OK (1 test)

org.apache.commons.math.ode.nonstiff.DormandPrince853StepInterpolatorTest#serialization
.
Time: 0.025

OK (1 test)

org.apache.commons.math.optimization.general.NonLinearConjugateGradientOptimizerTest#testMoreEstimatedParametersUnsorted
.
Time: 0.029

OK (1 test)

org.apache.commons.math.ode.nonstiff.DormandPrince853IntegratorTest#testVariableSteps
.
Time: 0.017

OK (1 test)

org.apache.commons.math.ode.events.EventStateTest#closeEvents
.
Time: 0.042

OK (1 test)

org.apache.commons.math.ode.nonstiff.ClassicalRungeKuttaIntegratorTest#testKepler
.
Time: 0.028

OK (1 test)

org.apache.commons.math.distribution.TDistributionTest#testInverseCumulativeProbabilities
.
Time: 0.06

OK (1 test)

org.apache.commons.math.ode.nonstiff.HighamHall54IntegratorTest#testEvents
.
Time: 0.135

OK (1 test)

org.apache.commons.math.ode.ContinuousOutputModelTest#testRandomAccess
.
Time: 0.018

OK (1 test)

org.apache.commons.math.ode.sampling.StepNormalizerTest#testBoundaries
.
Time: 0.018

OK (1 test)

org.apache.commons.math.distribution.FDistributionTest#testInverseCumulativeProbabilities
.
Time: 0.125

OK (1 test)

org.apache.commons.math.ode.nonstiff.DormandPrince54IntegratorTest#testKepler
.
Time: 0.021

OK (1 test)

org.apache.commons.math.analysis.solvers.BrentSolverTest#testSinZero
.
Time: 0.051

OK (1 test)

org.apache.commons.math.optimization.general.NonLinearConjugateGradientOptimizerTest#testNonInversible
.
Time: 0.028

OK (1 test)

org.apache.commons.math.ode.nonstiff.GillIntegratorTest#testUnstableDerivative
.
Time: 0.018

OK (1 test)

org.apache.commons.math.ode.nonstiff.ClassicalRungeKuttaIntegratorTest#testMissedEndEvent
.E
Time: 0.048
There was 1 failure:
1) testMissedEndEvent(org.apache.commons.math.ode.nonstiff.ClassicalRungeKuttaIntegratorTest)
junit.framework.AssertionFailedError: expected:<1.8782503799999986E9> but was:<1.878250439999994E9>
	at junit.framework.Assert.fail(Assert.java:57)
	at junit.framework.Assert.failNotEquals(Assert.java:329)
	at junit.framework.Assert.assertEquals(Assert.java:120)
	at junit.framework.Assert.assertEquals(Assert.java:129)
	at org.apache.commons.math.ode.nonstiff.ClassicalRungeKuttaIntegratorTest.testMissedEndEvent(ClassicalRungeKuttaIntegratorTest.java:70)
	at sun.reflect.NativeMethodAccessorImpl.invoke0(Native Method)
	at sun.reflect.NativeMethodAccessorImpl.invoke(NativeMethodAccessorImpl.java:62)
	at sun.reflect.DelegatingMethodAccessorImpl.invoke(DelegatingMethodAccessorImpl.java:43)
	at java.lang.reflect.Method.invoke(Method.java:497)
	at junit.framework.TestCase.runTest(TestCase.java:176)
	at junit.framework.TestCase.runBare(TestCase.java:141)
	at junit.framework.TestResult$1.protect(TestResult.java:122)
	at junit.framework.TestResult.runProtected(TestResult.java:142)
	at junit.framework.TestResult.run(TestResult.java:125)
	at junit.framework.TestCase.run(TestCase.java:129)
	at junit.framework.TestSuite.runTest(TestSuite.java:255)
	at junit.framework.TestSuite.run(TestSuite.java:250)
	at org.junit.internal.runners.JUnit38ClassRunner.run(JUnit38ClassRunner.java:84)
	at org.junit.runner.JUnitCore.run(JUnitCore.java:160)
	at org.junit.runner.JUnitCore.run(JUnitCore.java:138)
	at fr.inria.lille.repair.MethodTestRunner.runTest(MethodTestRunner.java:44)
	at fr.inria.lille.repair.MethodTestRunner.access$0(MethodTestRunner.java:37)
	at fr.inria.lille.repair.MethodTestRunner$1.call(MethodTestRunner.java:20)
	at java.util.concurrent.FutureTask.run(FutureTask.java:266)
	at java.util.concurrent.ThreadPoolExecutor.runWorker(ThreadPoolExecutor.java:1142)
	at java.util.concurrent.ThreadPoolExecutor$Worker.run(ThreadPoolExecutor.java:617)
	at java.lang.Thread.run(Thread.java:745)

FAILURES!!!
Tests run: 1,  Failures: 1

org.apache.commons.math.ode.nonstiff.ThreeEighthesIntegratorTest#testBigStep
.
Time: 0.015

OK (1 test)

org.apache.commons.math.ode.nonstiff.HighamHall54StepInterpolatorTest#checkClone
.
Time: 0.024

OK (1 test)

org.apache.commons.math.stat.regression.SimpleRegressionTest#testInference
.
Time: 0.071

OK (1 test)

org.apache.commons.math.distribution.FDistributionTest#testLargeDegreesOfFreedom
.
Time: 0.016

OK (1 test)

org.apache.commons.math.ode.nonstiff.ThreeEighthesIntegratorTest#testKepler
.
Time: 0.026

OK (1 test)

org.apache.commons.math.optimization.MultiStartDifferentiableMultivariateRealOptimizerTest#testCircleFitting
.
Time: 0.971

OK (1 test)

org.apache.commons.math.ode.nonstiff.MidpointStepInterpolatorTest#serialization
.
Time: 0.039

OK (1 test)

org.apache.commons.math.distribution.TDistributionTest#testSmallDf
.
Time: 0.128

OK (1 test)

org.apache.commons.math.optimization.general.NonLinearConjugateGradientOptimizerTest#testRedundantEquations
.
Time: 0.016

OK (1 test)

org.apache.commons.math.distribution.GammaDistributionTest#testInverseCumulativeProbabilities
.
Time: 0.156

OK (1 test)

org.apache.commons.math.ode.nonstiff.DormandPrince54StepInterpolatorTest#serialization
.
Time: 0.023

OK (1 test)

org.apache.commons.math.ode.jacobians.FirstOrderIntegratorWithJacobiansTest#testHighAccuracyExternalDifferentiation
.
Time: 4.283

OK (1 test)

org.apache.commons.math.ode.jacobians.FirstOrderIntegratorWithJacobiansTest#testLowAccuracyExternalDifferentiation
.
Time: 0.021

OK (1 test)

org.apache.commons.math.stat.regression.SimpleRegressionTest#testRemoveSingle
.
Time: 0.001

OK (1 test)

org.apache.commons.math.distribution.FDistributionTest#testSmallDegreesOfFreedom
.
Time: 0.001

OK (1 test)

org.apache.commons.math.ode.nonstiff.ThreeEighthesIntegratorTest#testDecreasingSteps
.
Time: 0.035

OK (1 test)

org.apache.commons.math.ode.nonstiff.DormandPrince853StepInterpolatorTest#derivativesConsistency
.
Time: 0

OK (1 test)

org.apache.commons.math.ode.nonstiff.GillStepInterpolatorTest#testDerivativesConsistency
.
Time: 0.004

OK (1 test)

org.apache.commons.math.ode.nonstiff.DormandPrince853IntegratorTest#testMissedEndEvent
.E
Time: 0.001
There was 1 failure:
1) testMissedEndEvent(org.apache.commons.math.ode.nonstiff.DormandPrince853IntegratorTest)
junit.framework.AssertionFailedError: expected:<1.8782503799999986E9> but was:<1.878250479999994E9>
	at junit.framework.Assert.fail(Assert.java:57)
	at junit.framework.Assert.failNotEquals(Assert.java:329)
	at junit.framework.Assert.assertEquals(Assert.java:120)
	at junit.framework.Assert.assertEquals(Assert.java:129)
	at org.apache.commons.math.ode.nonstiff.DormandPrince853IntegratorTest.testMissedEndEvent(DormandPrince853IntegratorTest.java:72)
	at sun.reflect.NativeMethodAccessorImpl.invoke0(Native Method)
	at sun.reflect.NativeMethodAccessorImpl.invoke(NativeMethodAccessorImpl.java:62)
	at sun.reflect.DelegatingMethodAccessorImpl.invoke(DelegatingMethodAccessorImpl.java:43)
	at java.lang.reflect.Method.invoke(Method.java:497)
	at junit.framework.TestCase.runTest(TestCase.java:176)
	at junit.framework.TestCase.runBare(TestCase.java:141)
	at junit.framework.TestResult$1.protect(TestResult.java:122)
	at junit.framework.TestResult.runProtected(TestResult.java:142)
	at junit.framework.TestResult.run(TestResult.java:125)
	at junit.framework.TestCase.run(TestCase.java:129)
	at junit.framework.TestSuite.runTest(TestSuite.java:255)
	at junit.framework.TestSuite.run(TestSuite.java:250)
	at org.junit.internal.runners.JUnit38ClassRunner.run(JUnit38ClassRunner.java:84)
	at org.junit.runner.JUnitCore.run(JUnitCore.java:160)
	at org.junit.runner.JUnitCore.run(JUnitCore.java:138)
	at fr.inria.lille.repair.MethodTestRunner.runTest(MethodTestRunner.java:44)
	at fr.inria.lille.repair.MethodTestRunner.access$0(MethodTestRunner.java:37)
	at fr.inria.lille.repair.MethodTestRunner$1.call(MethodTestRunner.java:20)
	at java.util.concurrent.FutureTask.run(FutureTask.java:266)
	at java.util.concurrent.ThreadPoolExecutor.runWorker(ThreadPoolExecutor.java:1142)
	at java.util.concurrent.ThreadPoolExecutor$Worker.run(ThreadPoolExecutor.java:617)
	at java.lang.Thread.run(Thread.java:745)

FAILURES!!!
Tests run: 1,  Failures: 1

org.apache.commons.math.ode.nonstiff.HighamHall54StepInterpolatorTest#serialization
.
Time: 0.008

OK (1 test)

org.apache.commons.math.ode.nonstiff.DormandPrince853IntegratorTest#testKepler
.
Time: 0.004

OK (1 test)

org.apache.commons.math.ode.sampling.StepNormalizerTest#testBeforeEnd
.
Time: 0.002

OK (1 test)

org.apache.commons.math.optimization.general.NonLinearConjugateGradientOptimizerTest#testCircleFitting
.
Time: 0.001

OK (1 test)

org.apache.commons.math.ode.nonstiff.ClassicalRungeKuttaStepInterpolatorTest#derivativesConsistency
.
Time: 0.002

OK (1 test)

org.apache.commons.math.ode.nonstiff.MidpointIntegratorTest#testSmallStep
.
Time: 0.004

OK (1 test)

org.apache.commons.math.ode.nonstiff.DormandPrince54IntegratorTest#testVariableSteps
.
Time: 0.002

OK (1 test)

org.apache.commons.math.ode.nonstiff.GillIntegratorTest#testBackward
.
Time: 0.005

OK (1 test)

org.apache.commons.math.distribution.ChiSquareDistributionTest#testSmallDf
.
Time: 0

OK (1 test)

org.apache.commons.math.ode.nonstiff.GillIntegratorTest#testBigStep
.
Time: 0

OK (1 test)

org.apache.commons.math.ode.nonstiff.ClassicalRungeKuttaIntegratorTest#testDecreasingSteps
.
Time: 0.049

OK (1 test)

org.apache.commons.math.distribution.NormalDistributionTest#testMath280
.
Time: 0

OK (1 test)

org.apache.commons.math.analysis.solvers.BrentSolverTest#testInitialGuess
.
Time: 0.001

OK (1 test)

org.apache.commons.math.ode.jacobians.FirstOrderIntegratorWithJacobiansTest#testFinalResult
.
Time: 0.002

OK (1 test)

org.apache.commons.math.ode.nonstiff.ThreeEighthesIntegratorTest#testBackward
.
Time: 0.004

OK (1 test)

org.apache.commons.math.ode.nonstiff.MidpointStepInterpolatorTest#testDerivativesConsistency
.
Time: 0.002

OK (1 test)

org.apache.commons.math.stat.regression.SimpleRegressionTest#testRemoveXY
.
Time: 0

OK (1 test)

org.apache.commons.math.ode.nonstiff.GillIntegratorTest#testKepler
.
Time: 0.008

OK (1 test)

org.apache.commons.math.ode.ContinuousOutputModelTest#testBoundaries
.
Time: 0.001

OK (1 test)

org.apache.commons.math.ode.nonstiff.ClassicalRungeKuttaIntegratorTest#testSmallStep
.
Time: 0.004

OK (1 test)

org.apache.commons.math.ode.nonstiff.DormandPrince853IntegratorTest#testUnstableDerivative
.
Time: 0

OK (1 test)

org.apache.commons.math.ode.nonstiff.ThreeEighthesStepInterpolatorTest#serialization
.
Time: 0.022

OK (1 test)

org.apache.commons.math.ode.nonstiff.EulerIntegratorTest#testDecreasingSteps
.
Time: 0.043

OK (1 test)

org.apache.commons.math.optimization.general.NonLinearConjugateGradientOptimizerTest#testMoreEstimatedParametersSimple
.
Time: 0

OK (1 test)

org.apache.commons.math.ode.nonstiff.EulerIntegratorTest#testBigStep
.
Time: 0

OK (1 test)

org.apache.commons.math.ode.nonstiff.HighamHall54StepInterpolatorTest#derivativesConsistency
.
Time: 0.001

OK (1 test)

org.apache.commons.math.ode.nonstiff.GraggBulirschStoerIntegratorTest#testEvents
.
Time: 0.005

OK (1 test)

org.apache.commons.math.ode.nonstiff.DormandPrince853IntegratorTest#testEvents
.
Time: 0.001

OK (1 test)

org.apache.commons.math.ode.nonstiff.GillStepInterpolatorTest#serialization
.
Time: 0.011

OK (1 test)

