Picked up JAVA_TOOL_OPTIONS: -Dfile.encoding=UTF8 -Duser.language=en-US -Duser.country=US -Duser.language=en
org.jfree.chart.block.junit.BorderArrangementTests#testSizingWithWidthConstraint
.E
Time: 0.823
There was 1 failure:
1) testSizingWithWidthConstraint(org.jfree.chart.block.junit.BorderArrangementTests)
java.lang.IllegalArgumentException: Range(double, double): require lower (0.0) <= upper (-2.3000000000000007).
	at org.jfree.data.Range.<init>(Range.java:87)
	at org.jfree.chart.block.BorderArrangement.arrangeFF(BorderArrangement.java:454)
	at org.jfree.chart.block.BorderArrangement.arrange(BorderArrangement.java:152)
	at org.jfree.chart.block.BorderArrangement.arrangeFN(BorderArrangement.java:323)
	at org.jfree.chart.block.BorderArrangement.arrange(BorderArrangement.java:149)
	at org.jfree.chart.block.BlockContainer.arrange(BlockContainer.java:182)
	at org.jfree.chart.block.junit.BorderArrangementTests.testSizingWithWidthConstraint(BorderArrangementTests.java:560)
	at sun.reflect.NativeMethodAccessorImpl.invoke0(Native Method)
	at sun.reflect.NativeMethodAccessorImpl.invoke(NativeMethodAccessorImpl.java:62)
	at sun.reflect.DelegatingMethodAccessorImpl.invoke(DelegatingMethodAccessorImpl.java:43)
	at java.lang.reflect.Method.invoke(Method.java:497)
	at junit.framework.TestCase.runTest(TestCase.java:176)
	at junit.framework.TestCase.runBare(TestCase.java:141)
	at junit.framework.TestResult$1.protect(TestResult.java:122)
	at junit.framework.TestResult.runProtected(TestResult.java:142)
	at junit.framework.TestResult.run(TestResult.java:125)
	at junit.framework.TestCase.run(TestCase.java:129)
	at junit.framework.TestSuite.runTest(TestSuite.java:255)
	at junit.framework.TestSuite.run(TestSuite.java:250)
	at org.junit.internal.runners.JUnit38ClassRunner.run(JUnit38ClassRunner.java:84)
	at org.junit.runner.JUnitCore.run(JUnitCore.java:160)
	at org.junit.runner.JUnitCore.run(JUnitCore.java:138)
	at fr.inria.lille.repair.MethodTestRunner.runTest(MethodTestRunner.java:44)
	at fr.inria.lille.repair.MethodTestRunner.access$0(MethodTestRunner.java:37)
	at fr.inria.lille.repair.MethodTestRunner$1.call(MethodTestRunner.java:20)
	at java.util.concurrent.FutureTask.run(FutureTask.java:266)
	at java.util.concurrent.ThreadPoolExecutor.runWorker(ThreadPoolExecutor.java:1142)
	at java.util.concurrent.ThreadPoolExecutor$Worker.run(ThreadPoolExecutor.java:617)
	at java.lang.Thread.run(Thread.java:745)

FAILURES!!!
Tests run: 1,  Failures: 1

org.jfree.chart.block.junit.AbstractBlockTests#testEquals
.
Time: 0.078

OK (1 test)

org.jfree.chart.block.junit.BorderArrangementTests#testSizing
.
Time: 0.755

OK (1 test)

org.jfree.chart.block.junit.GridArrangementTests#testNN
.
Time: 0.026

OK (1 test)

org.jfree.chart.block.junit.ColorBlockTests#testEquals
.
Time: 0.076

OK (1 test)

org.jfree.chart.title.junit.ImageTitleTests#testWidthAndHeight
.
Time: 0.039

OK (1 test)

org.jfree.chart.block.junit.EmptyBlockTests#testEquals
.
Time: 0.046

OK (1 test)

