Picked up JAVA_TOOL_OPTIONS: -Dfile.encoding=UTF8 -Duser.language=en-US -Duser.country=US -Duser.language=en
com.google.javascript.jscomp.TypeCheckTest#testMethodInference6
.E
Time: 2.835
There was 1 failure:
1) testMethodInference6(com.google.javascript.jscomp.TypeCheckTest)
java.lang.RuntimeException: INTERNAL COMPILER ERROR.
Please report this problem.
null
  Node(ASSIGN): [testcode]:2:69
 * @extends {F} */ function G() {}/** @override */ G.prototype.foo = function() { };(new G()).foo(1);
  Parent: NULL
	at com.google.javascript.jscomp.TypedScopeCreator$AbstractScopeBuilder.defineSlot(TypedScopeCreator.java:1062)
	at com.google.javascript.jscomp.TypedScopeCreator$AbstractScopeBuilder.defineSlot(TypedScopeCreator.java:1046)
	at com.google.javascript.jscomp.TypedScopeCreator$AbstractScopeBuilder.maybeDeclareQualifiedName(TypedScopeCreator.java:1545)
	at com.google.javascript.jscomp.TypedScopeCreator$GlobalScopeBuilder.maybeDeclareQualifiedName(TypedScopeCreator.java:1721)
	at com.google.javascript.jscomp.TypedScopeCreator$AbstractScopeBuilder.visit(TypedScopeCreator.java:513)
	at com.google.javascript.jscomp.TypedScopeCreator$GlobalScopeBuilder.visit(TypedScopeCreator.java:1703)
	at com.google.javascript.jscomp.NodeTraversal.traverseBranch(NodeTraversal.java:498)
	at com.google.javascript.jscomp.NodeTraversal.traverseBranch(NodeTraversal.java:491)
	at com.google.javascript.jscomp.NodeTraversal.traverseBranch(NodeTraversal.java:491)
	at com.google.javascript.jscomp.NodeTraversal.traverseBranch(NodeTraversal.java:491)
	at com.google.javascript.jscomp.NodeTraversal.traverse(NodeTraversal.java:277)
	at com.google.javascript.jscomp.NodeTraversal.traverse(NodeTraversal.java:455)
	at com.google.javascript.jscomp.TypedScopeCreator.createScope(TypedScopeCreator.java:208)
	at com.google.javascript.jscomp.MemoizedScopeCreator.createScope(MemoizedScopeCreator.java:82)
	at com.google.javascript.jscomp.TypeCheck.processForTesting(TypeCheck.java:370)
	at com.google.javascript.jscomp.TypeCheckTest.parseAndTypeCheckWithScope(TypeCheckTest.java:9437)
	at com.google.javascript.jscomp.TypeCheckTest.parseAndTypeCheck(TypeCheckTest.java:9409)
	at com.google.javascript.jscomp.TypeCheckTest.testTypes(TypeCheckTest.java:9376)
	at com.google.javascript.jscomp.TypeCheckTest.testTypes(TypeCheckTest.java:9371)
	at com.google.javascript.jscomp.TypeCheckTest.testTypes(TypeCheckTest.java:9309)
	at com.google.javascript.jscomp.TypeCheckTest.testMethodInference6(TypeCheckTest.java:2027)
	at sun.reflect.NativeMethodAccessorImpl.invoke0(Native Method)
	at sun.reflect.NativeMethodAccessorImpl.invoke(NativeMethodAccessorImpl.java:62)
	at sun.reflect.DelegatingMethodAccessorImpl.invoke(DelegatingMethodAccessorImpl.java:43)
	at java.lang.reflect.Method.invoke(Method.java:497)
	at junit.framework.TestCase.runTest(TestCase.java:168)
	at junit.framework.TestCase.runBare(TestCase.java:134)
	at junit.framework.TestResult$1.protect(TestResult.java:110)
	at junit.framework.TestResult.runProtected(TestResult.java:128)
	at junit.framework.TestResult.run(TestResult.java:113)
	at junit.framework.TestCase.run(TestCase.java:124)
	at junit.framework.TestSuite.runTest(TestSuite.java:243)
	at junit.framework.TestSuite.run(TestSuite.java:238)
	at org.junit.internal.runners.JUnit38ClassRunner.run(JUnit38ClassRunner.java:83)
	at org.junit.runner.JUnitCore.run(JUnitCore.java:157)
	at org.junit.runner.JUnitCore.run(JUnitCore.java:136)
	at fr.inria.lille.repair.MethodTestRunner.runTest(MethodTestRunner.java:44)
	at fr.inria.lille.repair.MethodTestRunner.access$0(MethodTestRunner.java:37)
	at fr.inria.lille.repair.MethodTestRunner$1.call(MethodTestRunner.java:20)
	at java.util.concurrent.FutureTask.run(FutureTask.java:266)
	at java.util.concurrent.ThreadPoolExecutor.runWorker(ThreadPoolExecutor.java:1142)
	at java.util.concurrent.ThreadPoolExecutor$Worker.run(ThreadPoolExecutor.java:617)
	at java.lang.Thread.run(Thread.java:745)
Caused by: java.lang.NullPointerException
	... 43 more

FAILURES!!!
Tests run: 1,  Failures: 1

com.google.javascript.jscomp.TypeCheckTest#testDuplicateInstanceMethod2
.E
Time: 1.278
There was 1 failure:
1) testDuplicateInstanceMethod2(com.google.javascript.jscomp.TypeCheckTest)
java.lang.RuntimeException: INTERNAL COMPILER ERROR.
Please report this problem.
null
  Node(ASSIGN): [testcode]:1:66
/** @constructor */ function F() {}/** jsdoc */ F.prototype.bar = function() {};/** jsdoc */ F.prototype.bar = function() {};
  Parent: NULL
	at com.google.javascript.jscomp.TypedScopeCreator$AbstractScopeBuilder.defineSlot(TypedScopeCreator.java:1062)
	at com.google.javascript.jscomp.TypedScopeCreator$AbstractScopeBuilder.defineSlot(TypedScopeCreator.java:1046)
	at com.google.javascript.jscomp.TypedScopeCreator$AbstractScopeBuilder.maybeDeclareQualifiedName(TypedScopeCreator.java:1545)
	at com.google.javascript.jscomp.TypedScopeCreator$GlobalScopeBuilder.maybeDeclareQualifiedName(TypedScopeCreator.java:1721)
	at com.google.javascript.jscomp.TypedScopeCreator$AbstractScopeBuilder.visit(TypedScopeCreator.java:513)
	at com.google.javascript.jscomp.TypedScopeCreator$GlobalScopeBuilder.visit(TypedScopeCreator.java:1703)
	at com.google.javascript.jscomp.NodeTraversal.traverseBranch(NodeTraversal.java:498)
	at com.google.javascript.jscomp.NodeTraversal.traverseBranch(NodeTraversal.java:491)
	at com.google.javascript.jscomp.NodeTraversal.traverseBranch(NodeTraversal.java:491)
	at com.google.javascript.jscomp.NodeTraversal.traverseBranch(NodeTraversal.java:491)
	at com.google.javascript.jscomp.NodeTraversal.traverse(NodeTraversal.java:277)
	at com.google.javascript.jscomp.NodeTraversal.traverse(NodeTraversal.java:455)
	at com.google.javascript.jscomp.TypedScopeCreator.createScope(TypedScopeCreator.java:208)
	at com.google.javascript.jscomp.MemoizedScopeCreator.createScope(MemoizedScopeCreator.java:82)
	at com.google.javascript.jscomp.TypeCheck.processForTesting(TypeCheck.java:370)
	at com.google.javascript.jscomp.TypeCheckTest.parseAndTypeCheckWithScope(TypeCheckTest.java:9437)
	at com.google.javascript.jscomp.TypeCheckTest.parseAndTypeCheck(TypeCheckTest.java:9409)
	at com.google.javascript.jscomp.TypeCheckTest.testTypes(TypeCheckTest.java:9376)
	at com.google.javascript.jscomp.TypeCheckTest.testTypes(TypeCheckTest.java:9371)
	at com.google.javascript.jscomp.TypeCheckTest.testTypes(TypeCheckTest.java:9309)
	at com.google.javascript.jscomp.TypeCheckTest.testDuplicateInstanceMethod2(TypeCheckTest.java:2253)
	at sun.reflect.NativeMethodAccessorImpl.invoke0(Native Method)
	at sun.reflect.NativeMethodAccessorImpl.invoke(NativeMethodAccessorImpl.java:62)
	at sun.reflect.DelegatingMethodAccessorImpl.invoke(DelegatingMethodAccessorImpl.java:43)
	at java.lang.reflect.Method.invoke(Method.java:497)
	at junit.framework.TestCase.runTest(TestCase.java:168)
	at junit.framework.TestCase.runBare(TestCase.java:134)
	at junit.framework.TestResult$1.protect(TestResult.java:110)
	at junit.framework.TestResult.runProtected(TestResult.java:128)
	at junit.framework.TestResult.run(TestResult.java:113)
	at junit.framework.TestCase.run(TestCase.java:124)
	at junit.framework.TestSuite.runTest(TestSuite.java:243)
	at junit.framework.TestSuite.run(TestSuite.java:238)
	at org.junit.internal.runners.JUnit38ClassRunner.run(JUnit38ClassRunner.java:83)
	at org.junit.runner.JUnitCore.run(JUnitCore.java:157)
	at org.junit.runner.JUnitCore.run(JUnitCore.java:136)
	at fr.inria.lille.repair.MethodTestRunner.runTest(MethodTestRunner.java:44)
	at fr.inria.lille.repair.MethodTestRunner.access$0(MethodTestRunner.java:37)
	at fr.inria.lille.repair.MethodTestRunner$1.call(MethodTestRunner.java:20)
	at java.util.concurrent.FutureTask.run(FutureTask.java:266)
	at java.util.concurrent.ThreadPoolExecutor.runWorker(ThreadPoolExecutor.java:1142)
	at java.util.concurrent.ThreadPoolExecutor$Worker.run(ThreadPoolExecutor.java:617)
	at java.lang.Thread.run(Thread.java:745)
Caused by: java.lang.NullPointerException
	... 43 more

FAILURES!!!
Tests run: 1,  Failures: 1

com.google.javascript.jscomp.TypeCheckTest#testMethodInference7
.E
Time: 1.181
There was 1 failure:
1) testMethodInference7(com.google.javascript.jscomp.TypeCheckTest)
java.lang.RuntimeException: INTERNAL COMPILER ERROR.
Please report this problem.
null
  Node(ASSIGN): [testcode]:1:53
/** @constructor */ function F() {}F.prototype.foo = function() { };/** @constructor 
  Parent: NULL
	at com.google.javascript.jscomp.TypedScopeCreator$AbstractScopeBuilder.defineSlot(TypedScopeCreator.java:1062)
	at com.google.javascript.jscomp.TypedScopeCreator$AbstractScopeBuilder.defineSlot(TypedScopeCreator.java:1046)
	at com.google.javascript.jscomp.TypedScopeCreator$AbstractScopeBuilder.maybeDeclareQualifiedName(TypedScopeCreator.java:1545)
	at com.google.javascript.jscomp.TypedScopeCreator$GlobalScopeBuilder.maybeDeclareQualifiedName(TypedScopeCreator.java:1721)
	at com.google.javascript.jscomp.TypedScopeCreator$AbstractScopeBuilder.visit(TypedScopeCreator.java:513)
	at com.google.javascript.jscomp.TypedScopeCreator$GlobalScopeBuilder.visit(TypedScopeCreator.java:1703)
	at com.google.javascript.jscomp.NodeTraversal.traverseBranch(NodeTraversal.java:498)
	at com.google.javascript.jscomp.NodeTraversal.traverseBranch(NodeTraversal.java:491)
	at com.google.javascript.jscomp.NodeTraversal.traverseBranch(NodeTraversal.java:491)
	at com.google.javascript.jscomp.NodeTraversal.traverseBranch(NodeTraversal.java:491)
	at com.google.javascript.jscomp.NodeTraversal.traverse(NodeTraversal.java:277)
	at com.google.javascript.jscomp.NodeTraversal.traverse(NodeTraversal.java:455)
	at com.google.javascript.jscomp.TypedScopeCreator.createScope(TypedScopeCreator.java:208)
	at com.google.javascript.jscomp.MemoizedScopeCreator.createScope(MemoizedScopeCreator.java:82)
	at com.google.javascript.jscomp.TypeCheck.processForTesting(TypeCheck.java:370)
	at com.google.javascript.jscomp.TypeCheckTest.parseAndTypeCheckWithScope(TypeCheckTest.java:9437)
	at com.google.javascript.jscomp.TypeCheckTest.parseAndTypeCheck(TypeCheckTest.java:9409)
	at com.google.javascript.jscomp.TypeCheckTest.testTypes(TypeCheckTest.java:9376)
	at com.google.javascript.jscomp.TypeCheckTest.testTypes(TypeCheckTest.java:9371)
	at com.google.javascript.jscomp.TypeCheckTest.testTypes(TypeCheckTest.java:9309)
	at com.google.javascript.jscomp.TypeCheckTest.testMethodInference7(TypeCheckTest.java:2040)
	at sun.reflect.NativeMethodAccessorImpl.invoke0(Native Method)
	at sun.reflect.NativeMethodAccessorImpl.invoke(NativeMethodAccessorImpl.java:62)
	at sun.reflect.DelegatingMethodAccessorImpl.invoke(DelegatingMethodAccessorImpl.java:43)
	at java.lang.reflect.Method.invoke(Method.java:497)
	at junit.framework.TestCase.runTest(TestCase.java:168)
	at junit.framework.TestCase.runBare(TestCase.java:134)
	at junit.framework.TestResult$1.protect(TestResult.java:110)
	at junit.framework.TestResult.runProtected(TestResult.java:128)
	at junit.framework.TestResult.run(TestResult.java:113)
	at junit.framework.TestCase.run(TestCase.java:124)
	at junit.framework.TestSuite.runTest(TestSuite.java:243)
	at junit.framework.TestSuite.run(TestSuite.java:238)
	at org.junit.internal.runners.JUnit38ClassRunner.run(JUnit38ClassRunner.java:83)
	at org.junit.runner.JUnitCore.run(JUnitCore.java:157)
	at org.junit.runner.JUnitCore.run(JUnitCore.java:136)
	at fr.inria.lille.repair.MethodTestRunner.runTest(MethodTestRunner.java:44)
	at fr.inria.lille.repair.MethodTestRunner.access$0(MethodTestRunner.java:37)
	at fr.inria.lille.repair.MethodTestRunner$1.call(MethodTestRunner.java:20)
	at java.util.concurrent.FutureTask.run(FutureTask.java:266)
	at java.util.concurrent.ThreadPoolExecutor.runWorker(ThreadPoolExecutor.java:1142)
	at java.util.concurrent.ThreadPoolExecutor$Worker.run(ThreadPoolExecutor.java:617)
	at java.lang.Thread.run(Thread.java:745)
Caused by: java.lang.NullPointerException
	... 43 more

FAILURES!!!
Tests run: 1,  Failures: 1

com.google.javascript.jscomp.TypeCheckTest#testMethodInference8
.E
Time: 1.154
There was 1 failure:
1) testMethodInference8(com.google.javascript.jscomp.TypeCheckTest)
java.lang.RuntimeException: INTERNAL COMPILER ERROR.
Please report this problem.
null
  Node(ASSIGN): [testcode]:1:53
/** @constructor */ function F() {}F.prototype.foo = function() { };/** @constructor 
  Parent: NULL
	at com.google.javascript.jscomp.TypedScopeCreator$AbstractScopeBuilder.defineSlot(TypedScopeCreator.java:1062)
	at com.google.javascript.jscomp.TypedScopeCreator$AbstractScopeBuilder.defineSlot(TypedScopeCreator.java:1046)
	at com.google.javascript.jscomp.TypedScopeCreator$AbstractScopeBuilder.maybeDeclareQualifiedName(TypedScopeCreator.java:1545)
	at com.google.javascript.jscomp.TypedScopeCreator$GlobalScopeBuilder.maybeDeclareQualifiedName(TypedScopeCreator.java:1721)
	at com.google.javascript.jscomp.TypedScopeCreator$AbstractScopeBuilder.visit(TypedScopeCreator.java:513)
	at com.google.javascript.jscomp.TypedScopeCreator$GlobalScopeBuilder.visit(TypedScopeCreator.java:1703)
	at com.google.javascript.jscomp.NodeTraversal.traverseBranch(NodeTraversal.java:498)
	at com.google.javascript.jscomp.NodeTraversal.traverseBranch(NodeTraversal.java:491)
	at com.google.javascript.jscomp.NodeTraversal.traverseBranch(NodeTraversal.java:491)
	at com.google.javascript.jscomp.NodeTraversal.traverseBranch(NodeTraversal.java:491)
	at com.google.javascript.jscomp.NodeTraversal.traverse(NodeTraversal.java:277)
	at com.google.javascript.jscomp.NodeTraversal.traverse(NodeTraversal.java:455)
	at com.google.javascript.jscomp.TypedScopeCreator.createScope(TypedScopeCreator.java:208)
	at com.google.javascript.jscomp.MemoizedScopeCreator.createScope(MemoizedScopeCreator.java:82)
	at com.google.javascript.jscomp.TypeCheck.processForTesting(TypeCheck.java:370)
	at com.google.javascript.jscomp.TypeCheckTest.parseAndTypeCheckWithScope(TypeCheckTest.java:9437)
	at com.google.javascript.jscomp.TypeCheckTest.parseAndTypeCheck(TypeCheckTest.java:9409)
	at com.google.javascript.jscomp.TypeCheckTest.testTypes(TypeCheckTest.java:9376)
	at com.google.javascript.jscomp.TypeCheckTest.testTypes(TypeCheckTest.java:9371)
	at com.google.javascript.jscomp.TypeCheckTest.testTypes(TypeCheckTest.java:9309)
	at com.google.javascript.jscomp.TypeCheckTest.testMethodInference8(TypeCheckTest.java:2053)
	at sun.reflect.NativeMethodAccessorImpl.invoke0(Native Method)
	at sun.reflect.NativeMethodAccessorImpl.invoke(NativeMethodAccessorImpl.java:62)
	at sun.reflect.DelegatingMethodAccessorImpl.invoke(DelegatingMethodAccessorImpl.java:43)
	at java.lang.reflect.Method.invoke(Method.java:497)
	at junit.framework.TestCase.runTest(TestCase.java:168)
	at junit.framework.TestCase.runBare(TestCase.java:134)
	at junit.framework.TestResult$1.protect(TestResult.java:110)
	at junit.framework.TestResult.runProtected(TestResult.java:128)
	at junit.framework.TestResult.run(TestResult.java:113)
	at junit.framework.TestCase.run(TestCase.java:124)
	at junit.framework.TestSuite.runTest(TestSuite.java:243)
	at junit.framework.TestSuite.run(TestSuite.java:238)
	at org.junit.internal.runners.JUnit38ClassRunner.run(JUnit38ClassRunner.java:83)
	at org.junit.runner.JUnitCore.run(JUnitCore.java:157)
	at org.junit.runner.JUnitCore.run(JUnitCore.java:136)
	at fr.inria.lille.repair.MethodTestRunner.runTest(MethodTestRunner.java:44)
	at fr.inria.lille.repair.MethodTestRunner.access$0(MethodTestRunner.java:37)
	at fr.inria.lille.repair.MethodTestRunner$1.call(MethodTestRunner.java:20)
	at java.util.concurrent.FutureTask.run(FutureTask.java:266)
	at java.util.concurrent.ThreadPoolExecutor.runWorker(ThreadPoolExecutor.java:1142)
	at java.util.concurrent.ThreadPoolExecutor$Worker.run(ThreadPoolExecutor.java:617)
	at java.lang.Thread.run(Thread.java:745)
Caused by: java.lang.NullPointerException
	... 43 more

FAILURES!!!
Tests run: 1,  Failures: 1

com.google.javascript.jscomp.TypeCheckTest#testValueOfComparison3
.E
Time: 1.207
There was 1 failure:
1) testValueOfComparison3(com.google.javascript.jscomp.TypeCheckTest)
java.lang.RuntimeException: INTERNAL COMPILER ERROR.
Please report this problem.
null
  Node(ASSIGN): [testcode]:1:72
/** @constructor */function O() {};/**@override*/O.prototype.toString = function() { return 'o'; };/**@param {!O} a
  Parent: NULL
	at com.google.javascript.jscomp.TypedScopeCreator$AbstractScopeBuilder.defineSlot(TypedScopeCreator.java:1062)
	at com.google.javascript.jscomp.TypedScopeCreator$AbstractScopeBuilder.defineSlot(TypedScopeCreator.java:1046)
	at com.google.javascript.jscomp.TypedScopeCreator$AbstractScopeBuilder.maybeDeclareQualifiedName(TypedScopeCreator.java:1545)
	at com.google.javascript.jscomp.TypedScopeCreator$GlobalScopeBuilder.maybeDeclareQualifiedName(TypedScopeCreator.java:1721)
	at com.google.javascript.jscomp.TypedScopeCreator$AbstractScopeBuilder.visit(TypedScopeCreator.java:513)
	at com.google.javascript.jscomp.TypedScopeCreator$GlobalScopeBuilder.visit(TypedScopeCreator.java:1703)
	at com.google.javascript.jscomp.NodeTraversal.traverseBranch(NodeTraversal.java:498)
	at com.google.javascript.jscomp.NodeTraversal.traverseBranch(NodeTraversal.java:491)
	at com.google.javascript.jscomp.NodeTraversal.traverseBranch(NodeTraversal.java:491)
	at com.google.javascript.jscomp.NodeTraversal.traverseBranch(NodeTraversal.java:491)
	at com.google.javascript.jscomp.NodeTraversal.traverse(NodeTraversal.java:277)
	at com.google.javascript.jscomp.NodeTraversal.traverse(NodeTraversal.java:455)
	at com.google.javascript.jscomp.TypedScopeCreator.createScope(TypedScopeCreator.java:208)
	at com.google.javascript.jscomp.MemoizedScopeCreator.createScope(MemoizedScopeCreator.java:82)
	at com.google.javascript.jscomp.TypeCheck.processForTesting(TypeCheck.java:370)
	at com.google.javascript.jscomp.TypeCheckTest.parseAndTypeCheckWithScope(TypeCheckTest.java:9437)
	at com.google.javascript.jscomp.TypeCheckTest.parseAndTypeCheck(TypeCheckTest.java:9409)
	at com.google.javascript.jscomp.TypeCheckTest.testTypes(TypeCheckTest.java:9376)
	at com.google.javascript.jscomp.TypeCheckTest.testTypes(TypeCheckTest.java:9371)
	at com.google.javascript.jscomp.TypeCheckTest.testTypes(TypeCheckTest.java:9309)
	at com.google.javascript.jscomp.TypeCheckTest.testTypes(TypeCheckTest.java:9305)
	at com.google.javascript.jscomp.TypeCheckTest.testValueOfComparison3(TypeCheckTest.java:1305)
	at sun.reflect.NativeMethodAccessorImpl.invoke0(Native Method)
	at sun.reflect.NativeMethodAccessorImpl.invoke(NativeMethodAccessorImpl.java:62)
	at sun.reflect.DelegatingMethodAccessorImpl.invoke(DelegatingMethodAccessorImpl.java:43)
	at java.lang.reflect.Method.invoke(Method.java:497)
	at junit.framework.TestCase.runTest(TestCase.java:168)
	at junit.framework.TestCase.runBare(TestCase.java:134)
	at junit.framework.TestResult$1.protect(TestResult.java:110)
	at junit.framework.TestResult.runProtected(TestResult.java:128)
	at junit.framework.TestResult.run(TestResult.java:113)
	at junit.framework.TestCase.run(TestCase.java:124)
	at junit.framework.TestSuite.runTest(TestSuite.java:243)
	at junit.framework.TestSuite.run(TestSuite.java:238)
	at org.junit.internal.runners.JUnit38ClassRunner.run(JUnit38ClassRunner.java:83)
	at org.junit.runner.JUnitCore.run(JUnitCore.java:157)
	at org.junit.runner.JUnitCore.run(JUnitCore.java:136)
	at fr.inria.lille.repair.MethodTestRunner.runTest(MethodTestRunner.java:44)
	at fr.inria.lille.repair.MethodTestRunner.access$0(MethodTestRunner.java:37)
	at fr.inria.lille.repair.MethodTestRunner$1.call(MethodTestRunner.java:20)
	at java.util.concurrent.FutureTask.run(FutureTask.java:266)
	at java.util.concurrent.ThreadPoolExecutor.runWorker(ThreadPoolExecutor.java:1142)
	at java.util.concurrent.ThreadPoolExecutor$Worker.run(ThreadPoolExecutor.java:617)
	at java.lang.Thread.run(Thread.java:745)
Caused by: java.lang.NullPointerException
	... 44 more

FAILURES!!!
Tests run: 1,  Failures: 1

com.google.javascript.jscomp.LooseTypeCheckTest#testDuplicateStaticMethodDecl5
.E
Time: 1.156
There was 1 failure:
1) testDuplicateStaticMethodDecl5(com.google.javascript.jscomp.LooseTypeCheckTest)
java.lang.RuntimeException: INTERNAL COMPILER ERROR.
Please report this problem.
null
  Node(ASSIGN): [testcode]:1:33
var goog = goog || {};goog.foo = function(x) {};/** @return {undefined} */ goog.foo = function(x) {};
  Parent: NULL
	at com.google.javascript.jscomp.TypedScopeCreator$AbstractScopeBuilder.defineSlot(TypedScopeCreator.java:1062)
	at com.google.javascript.jscomp.TypedScopeCreator$AbstractScopeBuilder.defineSlot(TypedScopeCreator.java:1046)
	at com.google.javascript.jscomp.TypedScopeCreator$AbstractScopeBuilder.maybeDeclareQualifiedName(TypedScopeCreator.java:1545)
	at com.google.javascript.jscomp.TypedScopeCreator$GlobalScopeBuilder.maybeDeclareQualifiedName(TypedScopeCreator.java:1721)
	at com.google.javascript.jscomp.TypedScopeCreator$AbstractScopeBuilder.visit(TypedScopeCreator.java:513)
	at com.google.javascript.jscomp.TypedScopeCreator$GlobalScopeBuilder.visit(TypedScopeCreator.java:1703)
	at com.google.javascript.jscomp.NodeTraversal.traverseBranch(NodeTraversal.java:498)
	at com.google.javascript.jscomp.NodeTraversal.traverseBranch(NodeTraversal.java:491)
	at com.google.javascript.jscomp.NodeTraversal.traverseBranch(NodeTraversal.java:491)
	at com.google.javascript.jscomp.NodeTraversal.traverseBranch(NodeTraversal.java:491)
	at com.google.javascript.jscomp.NodeTraversal.traverse(NodeTraversal.java:277)
	at com.google.javascript.jscomp.NodeTraversal.traverse(NodeTraversal.java:455)
	at com.google.javascript.jscomp.TypedScopeCreator.createScope(TypedScopeCreator.java:208)
	at com.google.javascript.jscomp.MemoizedScopeCreator.createScope(MemoizedScopeCreator.java:82)
	at com.google.javascript.jscomp.TypeCheck.processForTesting(TypeCheck.java:370)
	at com.google.javascript.jscomp.LooseTypeCheckTest.parseAndTypeCheckWithScope(LooseTypeCheckTest.java:7078)
	at com.google.javascript.jscomp.LooseTypeCheckTest.parseAndTypeCheck(LooseTypeCheckTest.java:7050)
	at com.google.javascript.jscomp.LooseTypeCheckTest.testTypes(LooseTypeCheckTest.java:7017)
	at com.google.javascript.jscomp.LooseTypeCheckTest.testTypes(LooseTypeCheckTest.java:7012)
	at com.google.javascript.jscomp.LooseTypeCheckTest.testTypes(LooseTypeCheckTest.java:6956)
	at com.google.javascript.jscomp.LooseTypeCheckTest.testDuplicateStaticMethodDecl5(LooseTypeCheckTest.java:1880)
	at sun.reflect.NativeMethodAccessorImpl.invoke0(Native Method)
	at sun.reflect.NativeMethodAccessorImpl.invoke(NativeMethodAccessorImpl.java:62)
	at sun.reflect.DelegatingMethodAccessorImpl.invoke(DelegatingMethodAccessorImpl.java:43)
	at java.lang.reflect.Method.invoke(Method.java:497)
	at junit.framework.TestCase.runTest(TestCase.java:168)
	at junit.framework.TestCase.runBare(TestCase.java:134)
	at junit.framework.TestResult$1.protect(TestResult.java:110)
	at junit.framework.TestResult.runProtected(TestResult.java:128)
	at junit.framework.TestResult.run(TestResult.java:113)
	at junit.framework.TestCase.run(TestCase.java:124)
	at junit.framework.TestSuite.runTest(TestSuite.java:243)
	at junit.framework.TestSuite.run(TestSuite.java:238)
	at org.junit.internal.runners.JUnit38ClassRunner.run(JUnit38ClassRunner.java:83)
	at org.junit.runner.JUnitCore.run(JUnitCore.java:157)
	at org.junit.runner.JUnitCore.run(JUnitCore.java:136)
	at fr.inria.lille.repair.MethodTestRunner.runTest(MethodTestRunner.java:44)
	at fr.inria.lille.repair.MethodTestRunner.access$0(MethodTestRunner.java:37)
	at fr.inria.lille.repair.MethodTestRunner$1.call(MethodTestRunner.java:20)
	at java.util.concurrent.FutureTask.run(FutureTask.java:266)
	at java.util.concurrent.ThreadPoolExecutor.runWorker(ThreadPoolExecutor.java:1142)
	at java.util.concurrent.ThreadPoolExecutor$Worker.run(ThreadPoolExecutor.java:617)
	at java.lang.Thread.run(Thread.java:745)
Caused by: java.lang.NullPointerException
	... 43 more

FAILURES!!!
Tests run: 1,  Failures: 1

com.google.javascript.jscomp.TypeCheckTest#testValueOfComparison2
.E
Time: 1.206
There was 1 failure:
1) testValueOfComparison2(com.google.javascript.jscomp.TypeCheckTest)
java.lang.RuntimeException: INTERNAL COMPILER ERROR.
Please report this problem.
null
  Node(ASSIGN): [testcode]:1:71
/** @constructor */function O() {};/**@override*/O.prototype.valueOf = function() { return 1; };/**@param {!O} a
  Parent: NULL
	at com.google.javascript.jscomp.TypedScopeCreator$AbstractScopeBuilder.defineSlot(TypedScopeCreator.java:1062)
	at com.google.javascript.jscomp.TypedScopeCreator$AbstractScopeBuilder.defineSlot(TypedScopeCreator.java:1046)
	at com.google.javascript.jscomp.TypedScopeCreator$AbstractScopeBuilder.maybeDeclareQualifiedName(TypedScopeCreator.java:1545)
	at com.google.javascript.jscomp.TypedScopeCreator$GlobalScopeBuilder.maybeDeclareQualifiedName(TypedScopeCreator.java:1721)
	at com.google.javascript.jscomp.TypedScopeCreator$AbstractScopeBuilder.visit(TypedScopeCreator.java:513)
	at com.google.javascript.jscomp.TypedScopeCreator$GlobalScopeBuilder.visit(TypedScopeCreator.java:1703)
	at com.google.javascript.jscomp.NodeTraversal.traverseBranch(NodeTraversal.java:498)
	at com.google.javascript.jscomp.NodeTraversal.traverseBranch(NodeTraversal.java:491)
	at com.google.javascript.jscomp.NodeTraversal.traverseBranch(NodeTraversal.java:491)
	at com.google.javascript.jscomp.NodeTraversal.traverseBranch(NodeTraversal.java:491)
	at com.google.javascript.jscomp.NodeTraversal.traverse(NodeTraversal.java:277)
	at com.google.javascript.jscomp.NodeTraversal.traverse(NodeTraversal.java:455)
	at com.google.javascript.jscomp.TypedScopeCreator.createScope(TypedScopeCreator.java:208)
	at com.google.javascript.jscomp.MemoizedScopeCreator.createScope(MemoizedScopeCreator.java:82)
	at com.google.javascript.jscomp.TypeCheck.processForTesting(TypeCheck.java:370)
	at com.google.javascript.jscomp.TypeCheckTest.parseAndTypeCheckWithScope(TypeCheckTest.java:9437)
	at com.google.javascript.jscomp.TypeCheckTest.parseAndTypeCheck(TypeCheckTest.java:9409)
	at com.google.javascript.jscomp.TypeCheckTest.testTypes(TypeCheckTest.java:9376)
	at com.google.javascript.jscomp.TypeCheckTest.testTypes(TypeCheckTest.java:9371)
	at com.google.javascript.jscomp.TypeCheckTest.testTypes(TypeCheckTest.java:9309)
	at com.google.javascript.jscomp.TypeCheckTest.testTypes(TypeCheckTest.java:9305)
	at com.google.javascript.jscomp.TypeCheckTest.testValueOfComparison2(TypeCheckTest.java:1298)
	at sun.reflect.NativeMethodAccessorImpl.invoke0(Native Method)
	at sun.reflect.NativeMethodAccessorImpl.invoke(NativeMethodAccessorImpl.java:62)
	at sun.reflect.DelegatingMethodAccessorImpl.invoke(DelegatingMethodAccessorImpl.java:43)
	at java.lang.reflect.Method.invoke(Method.java:497)
	at junit.framework.TestCase.runTest(TestCase.java:168)
	at junit.framework.TestCase.runBare(TestCase.java:134)
	at junit.framework.TestResult$1.protect(TestResult.java:110)
	at junit.framework.TestResult.runProtected(TestResult.java:128)
	at junit.framework.TestResult.run(TestResult.java:113)
	at junit.framework.TestCase.run(TestCase.java:124)
	at junit.framework.TestSuite.runTest(TestSuite.java:243)
	at junit.framework.TestSuite.run(TestSuite.java:238)
	at org.junit.internal.runners.JUnit38ClassRunner.run(JUnit38ClassRunner.java:83)
	at org.junit.runner.JUnitCore.run(JUnitCore.java:157)
	at org.junit.runner.JUnitCore.run(JUnitCore.java:136)
	at fr.inria.lille.repair.MethodTestRunner.runTest(MethodTestRunner.java:44)
	at fr.inria.lille.repair.MethodTestRunner.access$0(MethodTestRunner.java:37)
	at fr.inria.lille.repair.MethodTestRunner$1.call(MethodTestRunner.java:20)
	at java.util.concurrent.FutureTask.run(FutureTask.java:266)
	at java.util.concurrent.ThreadPoolExecutor.runWorker(ThreadPoolExecutor.java:1142)
	at java.util.concurrent.ThreadPoolExecutor$Worker.run(ThreadPoolExecutor.java:617)
	at java.lang.Thread.run(Thread.java:745)
Caused by: java.lang.NullPointerException
	... 44 more

FAILURES!!!
Tests run: 1,  Failures: 1

com.google.javascript.jscomp.TypeCheckTest#testDuplicateStaticMethodDecl5
.E
Time: 1.191
There was 1 failure:
1) testDuplicateStaticMethodDecl5(com.google.javascript.jscomp.TypeCheckTest)
java.lang.RuntimeException: INTERNAL COMPILER ERROR.
Please report this problem.
null
  Node(ASSIGN): [testcode]:1:33
var goog = goog || {};goog.foo = function(x) {};/** @return {undefined} */ goog.foo = function(x) {};
  Parent: NULL
	at com.google.javascript.jscomp.TypedScopeCreator$AbstractScopeBuilder.defineSlot(TypedScopeCreator.java:1062)
	at com.google.javascript.jscomp.TypedScopeCreator$AbstractScopeBuilder.defineSlot(TypedScopeCreator.java:1046)
	at com.google.javascript.jscomp.TypedScopeCreator$AbstractScopeBuilder.maybeDeclareQualifiedName(TypedScopeCreator.java:1545)
	at com.google.javascript.jscomp.TypedScopeCreator$GlobalScopeBuilder.maybeDeclareQualifiedName(TypedScopeCreator.java:1721)
	at com.google.javascript.jscomp.TypedScopeCreator$AbstractScopeBuilder.visit(TypedScopeCreator.java:513)
	at com.google.javascript.jscomp.TypedScopeCreator$GlobalScopeBuilder.visit(TypedScopeCreator.java:1703)
	at com.google.javascript.jscomp.NodeTraversal.traverseBranch(NodeTraversal.java:498)
	at com.google.javascript.jscomp.NodeTraversal.traverseBranch(NodeTraversal.java:491)
	at com.google.javascript.jscomp.NodeTraversal.traverseBranch(NodeTraversal.java:491)
	at com.google.javascript.jscomp.NodeTraversal.traverseBranch(NodeTraversal.java:491)
	at com.google.javascript.jscomp.NodeTraversal.traverse(NodeTraversal.java:277)
	at com.google.javascript.jscomp.NodeTraversal.traverse(NodeTraversal.java:455)
	at com.google.javascript.jscomp.TypedScopeCreator.createScope(TypedScopeCreator.java:208)
	at com.google.javascript.jscomp.MemoizedScopeCreator.createScope(MemoizedScopeCreator.java:82)
	at com.google.javascript.jscomp.TypeCheck.processForTesting(TypeCheck.java:370)
	at com.google.javascript.jscomp.TypeCheckTest.parseAndTypeCheckWithScope(TypeCheckTest.java:9437)
	at com.google.javascript.jscomp.TypeCheckTest.parseAndTypeCheck(TypeCheckTest.java:9409)
	at com.google.javascript.jscomp.TypeCheckTest.testTypes(TypeCheckTest.java:9376)
	at com.google.javascript.jscomp.TypeCheckTest.testTypes(TypeCheckTest.java:9371)
	at com.google.javascript.jscomp.TypeCheckTest.testTypes(TypeCheckTest.java:9309)
	at com.google.javascript.jscomp.TypeCheckTest.testDuplicateStaticMethodDecl5(TypeCheckTest.java:2135)
	at sun.reflect.NativeMethodAccessorImpl.invoke0(Native Method)
	at sun.reflect.NativeMethodAccessorImpl.invoke(NativeMethodAccessorImpl.java:62)
	at sun.reflect.DelegatingMethodAccessorImpl.invoke(DelegatingMethodAccessorImpl.java:43)
	at java.lang.reflect.Method.invoke(Method.java:497)
	at junit.framework.TestCase.runTest(TestCase.java:168)
	at junit.framework.TestCase.runBare(TestCase.java:134)
	at junit.framework.TestResult$1.protect(TestResult.java:110)
	at junit.framework.TestResult.runProtected(TestResult.java:128)
	at junit.framework.TestResult.run(TestResult.java:113)
	at junit.framework.TestCase.run(TestCase.java:124)
	at junit.framework.TestSuite.runTest(TestSuite.java:243)
	at junit.framework.TestSuite.run(TestSuite.java:238)
	at org.junit.internal.runners.JUnit38ClassRunner.run(JUnit38ClassRunner.java:83)
	at org.junit.runner.JUnitCore.run(JUnitCore.java:157)
	at org.junit.runner.JUnitCore.run(JUnitCore.java:136)
	at fr.inria.lille.repair.MethodTestRunner.runTest(MethodTestRunner.java:44)
	at fr.inria.lille.repair.MethodTestRunner.access$0(MethodTestRunner.java:37)
	at fr.inria.lille.repair.MethodTestRunner$1.call(MethodTestRunner.java:20)
	at java.util.concurrent.FutureTask.run(FutureTask.java:266)
	at java.util.concurrent.ThreadPoolExecutor.runWorker(ThreadPoolExecutor.java:1142)
	at java.util.concurrent.ThreadPoolExecutor$Worker.run(ThreadPoolExecutor.java:617)
	at java.lang.Thread.run(Thread.java:745)
Caused by: java.lang.NullPointerException
	... 43 more

FAILURES!!!
Tests run: 1,  Failures: 1

com.google.javascript.jscomp.TypeCheckTest#testValueOfComparison1
.E
Time: 1.204
There was 1 failure:
1) testValueOfComparison1(com.google.javascript.jscomp.TypeCheckTest)
java.lang.RuntimeException: INTERNAL COMPILER ERROR.
Please report this problem.
null
  Node(ASSIGN): [testcode]:1:71
/** @constructor */function O() {};/**@override*/O.prototype.valueOf = function() { return 1; };/**@param {!O} a
  Parent: NULL
	at com.google.javascript.jscomp.TypedScopeCreator$AbstractScopeBuilder.defineSlot(TypedScopeCreator.java:1062)
	at com.google.javascript.jscomp.TypedScopeCreator$AbstractScopeBuilder.defineSlot(TypedScopeCreator.java:1046)
	at com.google.javascript.jscomp.TypedScopeCreator$AbstractScopeBuilder.maybeDeclareQualifiedName(TypedScopeCreator.java:1545)
	at com.google.javascript.jscomp.TypedScopeCreator$GlobalScopeBuilder.maybeDeclareQualifiedName(TypedScopeCreator.java:1721)
	at com.google.javascript.jscomp.TypedScopeCreator$AbstractScopeBuilder.visit(TypedScopeCreator.java:513)
	at com.google.javascript.jscomp.TypedScopeCreator$GlobalScopeBuilder.visit(TypedScopeCreator.java:1703)
	at com.google.javascript.jscomp.NodeTraversal.traverseBranch(NodeTraversal.java:498)
	at com.google.javascript.jscomp.NodeTraversal.traverseBranch(NodeTraversal.java:491)
	at com.google.javascript.jscomp.NodeTraversal.traverseBranch(NodeTraversal.java:491)
	at com.google.javascript.jscomp.NodeTraversal.traverseBranch(NodeTraversal.java:491)
	at com.google.javascript.jscomp.NodeTraversal.traverse(NodeTraversal.java:277)
	at com.google.javascript.jscomp.NodeTraversal.traverse(NodeTraversal.java:455)
	at com.google.javascript.jscomp.TypedScopeCreator.createScope(TypedScopeCreator.java:208)
	at com.google.javascript.jscomp.MemoizedScopeCreator.createScope(MemoizedScopeCreator.java:82)
	at com.google.javascript.jscomp.TypeCheck.processForTesting(TypeCheck.java:370)
	at com.google.javascript.jscomp.TypeCheckTest.parseAndTypeCheckWithScope(TypeCheckTest.java:9437)
	at com.google.javascript.jscomp.TypeCheckTest.parseAndTypeCheck(TypeCheckTest.java:9409)
	at com.google.javascript.jscomp.TypeCheckTest.testTypes(TypeCheckTest.java:9376)
	at com.google.javascript.jscomp.TypeCheckTest.testTypes(TypeCheckTest.java:9371)
	at com.google.javascript.jscomp.TypeCheckTest.testTypes(TypeCheckTest.java:9309)
	at com.google.javascript.jscomp.TypeCheckTest.testTypes(TypeCheckTest.java:9305)
	at com.google.javascript.jscomp.TypeCheckTest.testValueOfComparison1(TypeCheckTest.java:1292)
	at sun.reflect.NativeMethodAccessorImpl.invoke0(Native Method)
	at sun.reflect.NativeMethodAccessorImpl.invoke(NativeMethodAccessorImpl.java:62)
	at sun.reflect.DelegatingMethodAccessorImpl.invoke(DelegatingMethodAccessorImpl.java:43)
	at java.lang.reflect.Method.invoke(Method.java:497)
	at junit.framework.TestCase.runTest(TestCase.java:168)
	at junit.framework.TestCase.runBare(TestCase.java:134)
	at junit.framework.TestResult$1.protect(TestResult.java:110)
	at junit.framework.TestResult.runProtected(TestResult.java:128)
	at junit.framework.TestResult.run(TestResult.java:113)
	at junit.framework.TestCase.run(TestCase.java:124)
	at junit.framework.TestSuite.runTest(TestSuite.java:243)
	at junit.framework.TestSuite.run(TestSuite.java:238)
	at org.junit.internal.runners.JUnit38ClassRunner.run(JUnit38ClassRunner.java:83)
	at org.junit.runner.JUnitCore.run(JUnitCore.java:157)
	at org.junit.runner.JUnitCore.run(JUnitCore.java:136)
	at fr.inria.lille.repair.MethodTestRunner.runTest(MethodTestRunner.java:44)
	at fr.inria.lille.repair.MethodTestRunner.access$0(MethodTestRunner.java:37)
	at fr.inria.lille.repair.MethodTestRunner$1.call(MethodTestRunner.java:20)
	at java.util.concurrent.FutureTask.run(FutureTask.java:266)
	at java.util.concurrent.ThreadPoolExecutor.runWorker(ThreadPoolExecutor.java:1142)
	at java.util.concurrent.ThreadPoolExecutor$Worker.run(ThreadPoolExecutor.java:617)
	at java.lang.Thread.run(Thread.java:745)
Caused by: java.lang.NullPointerException
	... 44 more

FAILURES!!!
Tests run: 1,  Failures: 1

com.google.javascript.jscomp.LooseTypeCheckTest#testStaticMethodDeclaration3
.E
Time: 1.147
There was 1 failure:
1) testStaticMethodDeclaration3(com.google.javascript.jscomp.LooseTypeCheckTest)
java.lang.RuntimeException: INTERNAL COMPILER ERROR.
Please report this problem.
null
  Node(ASSIGN): [testcode]:1:66
var goog = goog || {}; function f() { goog.foo(true); }goog.foo = function() {};
  Parent: NULL
	at com.google.javascript.jscomp.TypedScopeCreator$AbstractScopeBuilder.defineSlot(TypedScopeCreator.java:1062)
	at com.google.javascript.jscomp.TypedScopeCreator$AbstractScopeBuilder.defineSlot(TypedScopeCreator.java:1046)
	at com.google.javascript.jscomp.TypedScopeCreator$AbstractScopeBuilder.maybeDeclareQualifiedName(TypedScopeCreator.java:1545)
	at com.google.javascript.jscomp.TypedScopeCreator$GlobalScopeBuilder.maybeDeclareQualifiedName(TypedScopeCreator.java:1721)
	at com.google.javascript.jscomp.TypedScopeCreator$AbstractScopeBuilder.visit(TypedScopeCreator.java:513)
	at com.google.javascript.jscomp.TypedScopeCreator$GlobalScopeBuilder.visit(TypedScopeCreator.java:1703)
	at com.google.javascript.jscomp.NodeTraversal.traverseBranch(NodeTraversal.java:498)
	at com.google.javascript.jscomp.NodeTraversal.traverseBranch(NodeTraversal.java:491)
	at com.google.javascript.jscomp.NodeTraversal.traverseBranch(NodeTraversal.java:491)
	at com.google.javascript.jscomp.NodeTraversal.traverseBranch(NodeTraversal.java:491)
	at com.google.javascript.jscomp.NodeTraversal.traverse(NodeTraversal.java:277)
	at com.google.javascript.jscomp.NodeTraversal.traverse(NodeTraversal.java:455)
	at com.google.javascript.jscomp.TypedScopeCreator.createScope(TypedScopeCreator.java:208)
	at com.google.javascript.jscomp.MemoizedScopeCreator.createScope(MemoizedScopeCreator.java:82)
	at com.google.javascript.jscomp.TypeCheck.processForTesting(TypeCheck.java:370)
	at com.google.javascript.jscomp.LooseTypeCheckTest.parseAndTypeCheckWithScope(LooseTypeCheckTest.java:7078)
	at com.google.javascript.jscomp.LooseTypeCheckTest.parseAndTypeCheck(LooseTypeCheckTest.java:7050)
	at com.google.javascript.jscomp.LooseTypeCheckTest.testTypes(LooseTypeCheckTest.java:7017)
	at com.google.javascript.jscomp.LooseTypeCheckTest.testTypes(LooseTypeCheckTest.java:7012)
	at com.google.javascript.jscomp.LooseTypeCheckTest.testTypes(LooseTypeCheckTest.java:6956)
	at com.google.javascript.jscomp.LooseTypeCheckTest.testStaticMethodDeclaration3(LooseTypeCheckTest.java:1840)
	at sun.reflect.NativeMethodAccessorImpl.invoke0(Native Method)
	at sun.reflect.NativeMethodAccessorImpl.invoke(NativeMethodAccessorImpl.java:62)
	at sun.reflect.DelegatingMethodAccessorImpl.invoke(DelegatingMethodAccessorImpl.java:43)
	at java.lang.reflect.Method.invoke(Method.java:497)
	at junit.framework.TestCase.runTest(TestCase.java:168)
	at junit.framework.TestCase.runBare(TestCase.java:134)
	at junit.framework.TestResult$1.protect(TestResult.java:110)
	at junit.framework.TestResult.runProtected(TestResult.java:128)
	at junit.framework.TestResult.run(TestResult.java:113)
	at junit.framework.TestCase.run(TestCase.java:124)
	at junit.framework.TestSuite.runTest(TestSuite.java:243)
	at junit.framework.TestSuite.run(TestSuite.java:238)
	at org.junit.internal.runners.JUnit38ClassRunner.run(JUnit38ClassRunner.java:83)
	at org.junit.runner.JUnitCore.run(JUnitCore.java:157)
	at org.junit.runner.JUnitCore.run(JUnitCore.java:136)
	at fr.inria.lille.repair.MethodTestRunner.runTest(MethodTestRunner.java:44)
	at fr.inria.lille.repair.MethodTestRunner.access$0(MethodTestRunner.java:37)
	at fr.inria.lille.repair.MethodTestRunner$1.call(MethodTestRunner.java:20)
	at java.util.concurrent.FutureTask.run(FutureTask.java:266)
	at java.util.concurrent.ThreadPoolExecutor.runWorker(ThreadPoolExecutor.java:1142)
	at java.util.concurrent.ThreadPoolExecutor$Worker.run(ThreadPoolExecutor.java:617)
	at java.lang.Thread.run(Thread.java:745)
Caused by: java.lang.NullPointerException
	... 43 more

FAILURES!!!
Tests run: 1,  Failures: 1

com.google.javascript.jscomp.TypeCheckTest#testDuplicateInstanceMethod3
.E
Time: 1.14
There was 1 failure:
1) testDuplicateInstanceMethod3(com.google.javascript.jscomp.TypeCheckTest)
java.lang.RuntimeException: INTERNAL COMPILER ERROR.
Please report this problem.
null
  Node(ASSIGN): [testcode]:1:53
/** @constructor */ function F() {}F.prototype.bar = function() {};/** jsdoc */ F.prototype.bar = function() {};
  Parent: NULL
	at com.google.javascript.jscomp.TypedScopeCreator$AbstractScopeBuilder.defineSlot(TypedScopeCreator.java:1062)
	at com.google.javascript.jscomp.TypedScopeCreator$AbstractScopeBuilder.defineSlot(TypedScopeCreator.java:1046)
	at com.google.javascript.jscomp.TypedScopeCreator$AbstractScopeBuilder.maybeDeclareQualifiedName(TypedScopeCreator.java:1545)
	at com.google.javascript.jscomp.TypedScopeCreator$GlobalScopeBuilder.maybeDeclareQualifiedName(TypedScopeCreator.java:1721)
	at com.google.javascript.jscomp.TypedScopeCreator$AbstractScopeBuilder.visit(TypedScopeCreator.java:513)
	at com.google.javascript.jscomp.TypedScopeCreator$GlobalScopeBuilder.visit(TypedScopeCreator.java:1703)
	at com.google.javascript.jscomp.NodeTraversal.traverseBranch(NodeTraversal.java:498)
	at com.google.javascript.jscomp.NodeTraversal.traverseBranch(NodeTraversal.java:491)
	at com.google.javascript.jscomp.NodeTraversal.traverseBranch(NodeTraversal.java:491)
	at com.google.javascript.jscomp.NodeTraversal.traverseBranch(NodeTraversal.java:491)
	at com.google.javascript.jscomp.NodeTraversal.traverse(NodeTraversal.java:277)
	at com.google.javascript.jscomp.NodeTraversal.traverse(NodeTraversal.java:455)
	at com.google.javascript.jscomp.TypedScopeCreator.createScope(TypedScopeCreator.java:208)
	at com.google.javascript.jscomp.MemoizedScopeCreator.createScope(MemoizedScopeCreator.java:82)
	at com.google.javascript.jscomp.TypeCheck.processForTesting(TypeCheck.java:370)
	at com.google.javascript.jscomp.TypeCheckTest.parseAndTypeCheckWithScope(TypeCheckTest.java:9437)
	at com.google.javascript.jscomp.TypeCheckTest.parseAndTypeCheck(TypeCheckTest.java:9409)
	at com.google.javascript.jscomp.TypeCheckTest.testTypes(TypeCheckTest.java:9376)
	at com.google.javascript.jscomp.TypeCheckTest.testTypes(TypeCheckTest.java:9371)
	at com.google.javascript.jscomp.TypeCheckTest.testTypes(TypeCheckTest.java:9309)
	at com.google.javascript.jscomp.TypeCheckTest.testDuplicateInstanceMethod3(TypeCheckTest.java:2263)
	at sun.reflect.NativeMethodAccessorImpl.invoke0(Native Method)
	at sun.reflect.NativeMethodAccessorImpl.invoke(NativeMethodAccessorImpl.java:62)
	at sun.reflect.DelegatingMethodAccessorImpl.invoke(DelegatingMethodAccessorImpl.java:43)
	at java.lang.reflect.Method.invoke(Method.java:497)
	at junit.framework.TestCase.runTest(TestCase.java:168)
	at junit.framework.TestCase.runBare(TestCase.java:134)
	at junit.framework.TestResult$1.protect(TestResult.java:110)
	at junit.framework.TestResult.runProtected(TestResult.java:128)
	at junit.framework.TestResult.run(TestResult.java:113)
	at junit.framework.TestCase.run(TestCase.java:124)
	at junit.framework.TestSuite.runTest(TestSuite.java:243)
	at junit.framework.TestSuite.run(TestSuite.java:238)
	at org.junit.internal.runners.JUnit38ClassRunner.run(JUnit38ClassRunner.java:83)
	at org.junit.runner.JUnitCore.run(JUnitCore.java:157)
	at org.junit.runner.JUnitCore.run(JUnitCore.java:136)
	at fr.inria.lille.repair.MethodTestRunner.runTest(MethodTestRunner.java:44)
	at fr.inria.lille.repair.MethodTestRunner.access$0(MethodTestRunner.java:37)
	at fr.inria.lille.repair.MethodTestRunner$1.call(MethodTestRunner.java:20)
	at java.util.concurrent.FutureTask.run(FutureTask.java:266)
	at java.util.concurrent.ThreadPoolExecutor.runWorker(ThreadPoolExecutor.java:1142)
	at java.util.concurrent.ThreadPoolExecutor$Worker.run(ThreadPoolExecutor.java:617)
	at java.lang.Thread.run(Thread.java:745)
Caused by: java.lang.NullPointerException
	... 43 more

FAILURES!!!
Tests run: 1,  Failures: 1

com.google.javascript.jscomp.SymbolTableTest#testLocalThisReferences2
.Jun 03, 2022 11:40:26 AM com.google.javascript.jscomp.PhaseOptimizer$NamedPass process
INFO: processGoogScopeAliases
Jun 03, 2022 11:40:26 AM com.google.javascript.jscomp.PhaseOptimizer$NamedPass process
INFO: suspiciousCode
Jun 03, 2022 11:40:26 AM com.google.javascript.jscomp.PhaseOptimizer$NamedPass process
INFO: checkControlStructures
Jun 03, 2022 11:40:26 AM com.google.javascript.jscomp.PhaseOptimizer$NamedPass process
INFO: processProvidesAndRequires
Jun 03, 2022 11:40:26 AM com.google.javascript.jscomp.PhaseOptimizer$NamedPass process
INFO: checkVars
Jun 03, 2022 11:40:26 AM com.google.javascript.jscomp.PhaseOptimizer$NamedPass process
INFO: checkVariableReferences
Jun 03, 2022 11:40:26 AM com.google.javascript.jscomp.PhaseOptimizer$NamedPass process
INFO: resolveTypes
Jun 03, 2022 11:40:26 AM com.google.javascript.jscomp.PhaseOptimizer$NamedPass process
INFO: inferTypes
Jun 03, 2022 11:40:26 AM com.google.javascript.jscomp.PhaseOptimizer$NamedPass process
INFO: checkTypes
Jun 03, 2022 11:40:26 AM com.google.javascript.jscomp.PhaseOptimizer$NamedPass process
INFO: checkControlFlow
Jun 03, 2022 11:40:26 AM com.google.javascript.jscomp.PhaseOptimizer$NamedPass process
INFO: checkAccessControls
Jun 03, 2022 11:40:26 AM com.google.javascript.jscomp.PhaseOptimizer$NamedPass process
INFO: checkGlobalNames
Jun 03, 2022 11:40:26 AM com.google.javascript.jscomp.PhaseOptimizer$NamedPass process
INFO: renameCssNames
Jun 03, 2022 11:40:26 AM com.google.javascript.jscomp.PhaseOptimizer$NamedPass process
INFO: replaceMessages
Jun 03, 2022 11:40:26 AM com.google.javascript.jscomp.PhaseOptimizer$NamedPass process
INFO: processDefines
Jun 03, 2022 11:40:26 AM com.google.javascript.jscomp.LoggerErrorManager printSummary
INFO: 0 error(s), 0 warning(s), 100% typed

Time: 0.522

OK (1 test)

com.google.javascript.jscomp.TypedScopeCreatorTest#testMethodBeforeFunction1
.E
Time: 1.328
There was 1 failure:
1) testMethodBeforeFunction1(com.google.javascript.jscomp.TypedScopeCreatorTest)
java.lang.RuntimeException: INTERNAL COMPILER ERROR.
Please report this problem.
null
  Node(ASSIGN): testcode:1:50
var y = Window.prototype;Window.prototype.alert = function(message) {};/** @constructor */ function Window() {}
  Parent: NULL
	at com.google.javascript.jscomp.TypedScopeCreator$AbstractScopeBuilder.defineSlot(TypedScopeCreator.java:1062)
	at com.google.javascript.jscomp.TypedScopeCreator$AbstractScopeBuilder.defineSlot(TypedScopeCreator.java:1046)
	at com.google.javascript.jscomp.TypedScopeCreator$AbstractScopeBuilder.maybeDeclareQualifiedName(TypedScopeCreator.java:1545)
	at com.google.javascript.jscomp.TypedScopeCreator$GlobalScopeBuilder.maybeDeclareQualifiedName(TypedScopeCreator.java:1721)
	at com.google.javascript.jscomp.TypedScopeCreator$AbstractScopeBuilder.visit(TypedScopeCreator.java:513)
	at com.google.javascript.jscomp.TypedScopeCreator$GlobalScopeBuilder.visit(TypedScopeCreator.java:1703)
	at com.google.javascript.jscomp.NodeTraversal.traverseBranch(NodeTraversal.java:498)
	at com.google.javascript.jscomp.NodeTraversal.traverseBranch(NodeTraversal.java:491)
	at com.google.javascript.jscomp.NodeTraversal.traverseBranch(NodeTraversal.java:491)
	at com.google.javascript.jscomp.NodeTraversal.traverseBranch(NodeTraversal.java:491)
	at com.google.javascript.jscomp.NodeTraversal.traverseBranch(NodeTraversal.java:491)
	at com.google.javascript.jscomp.NodeTraversal.traverse(NodeTraversal.java:277)
	at com.google.javascript.jscomp.NodeTraversal.traverse(NodeTraversal.java:455)
	at com.google.javascript.jscomp.TypedScopeCreator.createScope(TypedScopeCreator.java:208)
	at com.google.javascript.jscomp.MemoizedScopeCreator.createScope(MemoizedScopeCreator.java:82)
	at com.google.javascript.jscomp.TypedScopeCreatorTest$2.process(TypedScopeCreatorTest.java:80)
	at com.google.javascript.jscomp.CompilerTestCase.test(CompilerTestCase.java:765)
	at com.google.javascript.jscomp.CompilerTestCase.test(CompilerTestCase.java:423)
	at com.google.javascript.jscomp.CompilerTestCase.test(CompilerTestCase.java:348)
	at com.google.javascript.jscomp.CompilerTestCase.test(CompilerTestCase.java:317)
	at com.google.javascript.jscomp.CompilerTestCase.test(CompilerTestCase.java:305)
	at com.google.javascript.jscomp.CompilerTestCase.testSame(CompilerTestCase.java:537)
	at com.google.javascript.jscomp.TypedScopeCreatorTest.testMethodBeforeFunction1(TypedScopeCreatorTest.java:396)
	at sun.reflect.NativeMethodAccessorImpl.invoke0(Native Method)
	at sun.reflect.NativeMethodAccessorImpl.invoke(NativeMethodAccessorImpl.java:62)
	at sun.reflect.DelegatingMethodAccessorImpl.invoke(DelegatingMethodAccessorImpl.java:43)
	at java.lang.reflect.Method.invoke(Method.java:497)
	at junit.framework.TestCase.runTest(TestCase.java:168)
	at junit.framework.TestCase.runBare(TestCase.java:134)
	at junit.framework.TestResult$1.protect(TestResult.java:110)
	at junit.framework.TestResult.runProtected(TestResult.java:128)
	at junit.framework.TestResult.run(TestResult.java:113)
	at junit.framework.TestCase.run(TestCase.java:124)
	at junit.framework.TestSuite.runTest(TestSuite.java:243)
	at junit.framework.TestSuite.run(TestSuite.java:238)
	at org.junit.internal.runners.JUnit38ClassRunner.run(JUnit38ClassRunner.java:83)
	at org.junit.runner.JUnitCore.run(JUnitCore.java:157)
	at org.junit.runner.JUnitCore.run(JUnitCore.java:136)
	at fr.inria.lille.repair.MethodTestRunner.runTest(MethodTestRunner.java:44)
	at fr.inria.lille.repair.MethodTestRunner.access$0(MethodTestRunner.java:37)
	at fr.inria.lille.repair.MethodTestRunner$1.call(MethodTestRunner.java:20)
	at java.util.concurrent.FutureTask.run(FutureTask.java:266)
	at java.util.concurrent.ThreadPoolExecutor.runWorker(ThreadPoolExecutor.java:1142)
	at java.util.concurrent.ThreadPoolExecutor$Worker.run(ThreadPoolExecutor.java:617)
	at java.lang.Thread.run(Thread.java:745)
Caused by: java.lang.NullPointerException
	... 45 more

FAILURES!!!
Tests run: 1,  Failures: 1

com.google.javascript.jscomp.LooseTypeCheckTest#testMethodInference8
.E
Time: 1.279
There was 1 failure:
1) testMethodInference8(com.google.javascript.jscomp.LooseTypeCheckTest)
java.lang.RuntimeException: INTERNAL COMPILER ERROR.
Please report this problem.
null
  Node(ASSIGN): [testcode]:1:53
/** @constructor */ function F() {}F.prototype.foo = function() { };/** @constructor 
  Parent: NULL
	at com.google.javascript.jscomp.TypedScopeCreator$AbstractScopeBuilder.defineSlot(TypedScopeCreator.java:1062)
	at com.google.javascript.jscomp.TypedScopeCreator$AbstractScopeBuilder.defineSlot(TypedScopeCreator.java:1046)
	at com.google.javascript.jscomp.TypedScopeCreator$AbstractScopeBuilder.maybeDeclareQualifiedName(TypedScopeCreator.java:1545)
	at com.google.javascript.jscomp.TypedScopeCreator$GlobalScopeBuilder.maybeDeclareQualifiedName(TypedScopeCreator.java:1721)
	at com.google.javascript.jscomp.TypedScopeCreator$AbstractScopeBuilder.visit(TypedScopeCreator.java:513)
	at com.google.javascript.jscomp.TypedScopeCreator$GlobalScopeBuilder.visit(TypedScopeCreator.java:1703)
	at com.google.javascript.jscomp.NodeTraversal.traverseBranch(NodeTraversal.java:498)
	at com.google.javascript.jscomp.NodeTraversal.traverseBranch(NodeTraversal.java:491)
	at com.google.javascript.jscomp.NodeTraversal.traverseBranch(NodeTraversal.java:491)
	at com.google.javascript.jscomp.NodeTraversal.traverseBranch(NodeTraversal.java:491)
	at com.google.javascript.jscomp.NodeTraversal.traverse(NodeTraversal.java:277)
	at com.google.javascript.jscomp.NodeTraversal.traverse(NodeTraversal.java:455)
	at com.google.javascript.jscomp.TypedScopeCreator.createScope(TypedScopeCreator.java:208)
	at com.google.javascript.jscomp.MemoizedScopeCreator.createScope(MemoizedScopeCreator.java:82)
	at com.google.javascript.jscomp.TypeCheck.processForTesting(TypeCheck.java:370)
	at com.google.javascript.jscomp.LooseTypeCheckTest.parseAndTypeCheckWithScope(LooseTypeCheckTest.java:7078)
	at com.google.javascript.jscomp.LooseTypeCheckTest.parseAndTypeCheck(LooseTypeCheckTest.java:7050)
	at com.google.javascript.jscomp.LooseTypeCheckTest.testTypes(LooseTypeCheckTest.java:7017)
	at com.google.javascript.jscomp.LooseTypeCheckTest.testTypes(LooseTypeCheckTest.java:7012)
	at com.google.javascript.jscomp.LooseTypeCheckTest.testTypes(LooseTypeCheckTest.java:6956)
	at com.google.javascript.jscomp.LooseTypeCheckTest.testMethodInference8(LooseTypeCheckTest.java:1798)
	at sun.reflect.NativeMethodAccessorImpl.invoke0(Native Method)
	at sun.reflect.NativeMethodAccessorImpl.invoke(NativeMethodAccessorImpl.java:62)
	at sun.reflect.DelegatingMethodAccessorImpl.invoke(DelegatingMethodAccessorImpl.java:43)
	at java.lang.reflect.Method.invoke(Method.java:497)
	at junit.framework.TestCase.runTest(TestCase.java:168)
	at junit.framework.TestCase.runBare(TestCase.java:134)
	at junit.framework.TestResult$1.protect(TestResult.java:110)
	at junit.framework.TestResult.runProtected(TestResult.java:128)
	at junit.framework.TestResult.run(TestResult.java:113)
	at junit.framework.TestCase.run(TestCase.java:124)
	at junit.framework.TestSuite.runTest(TestSuite.java:243)
	at junit.framework.TestSuite.run(TestSuite.java:238)
	at org.junit.internal.runners.JUnit38ClassRunner.run(JUnit38ClassRunner.java:83)
	at org.junit.runner.JUnitCore.run(JUnitCore.java:157)
	at org.junit.runner.JUnitCore.run(JUnitCore.java:136)
	at fr.inria.lille.repair.MethodTestRunner.runTest(MethodTestRunner.java:44)
	at fr.inria.lille.repair.MethodTestRunner.access$0(MethodTestRunner.java:37)
	at fr.inria.lille.repair.MethodTestRunner$1.call(MethodTestRunner.java:20)
	at java.util.concurrent.FutureTask.run(FutureTask.java:266)
	at java.util.concurrent.ThreadPoolExecutor.runWorker(ThreadPoolExecutor.java:1142)
	at java.util.concurrent.ThreadPoolExecutor$Worker.run(ThreadPoolExecutor.java:617)
	at java.lang.Thread.run(Thread.java:745)
Caused by: java.lang.NullPointerException
	... 43 more

FAILURES!!!
Tests run: 1,  Failures: 1

com.google.javascript.jscomp.LooseTypeCheckTest#testMethodInference6
.E
Time: 1.33
There was 1 failure:
1) testMethodInference6(com.google.javascript.jscomp.LooseTypeCheckTest)
java.lang.RuntimeException: INTERNAL COMPILER ERROR.
Please report this problem.
null
  Node(ASSIGN): [testcode]:2:69
 * @extends {F} */ function G() {}/** @override */ G.prototype.foo = function() { };(new G()).foo(1);
  Parent: NULL
	at com.google.javascript.jscomp.TypedScopeCreator$AbstractScopeBuilder.defineSlot(TypedScopeCreator.java:1062)
	at com.google.javascript.jscomp.TypedScopeCreator$AbstractScopeBuilder.defineSlot(TypedScopeCreator.java:1046)
	at com.google.javascript.jscomp.TypedScopeCreator$AbstractScopeBuilder.maybeDeclareQualifiedName(TypedScopeCreator.java:1545)
	at com.google.javascript.jscomp.TypedScopeCreator$GlobalScopeBuilder.maybeDeclareQualifiedName(TypedScopeCreator.java:1721)
	at com.google.javascript.jscomp.TypedScopeCreator$AbstractScopeBuilder.visit(TypedScopeCreator.java:513)
	at com.google.javascript.jscomp.TypedScopeCreator$GlobalScopeBuilder.visit(TypedScopeCreator.java:1703)
	at com.google.javascript.jscomp.NodeTraversal.traverseBranch(NodeTraversal.java:498)
	at com.google.javascript.jscomp.NodeTraversal.traverseBranch(NodeTraversal.java:491)
	at com.google.javascript.jscomp.NodeTraversal.traverseBranch(NodeTraversal.java:491)
	at com.google.javascript.jscomp.NodeTraversal.traverseBranch(NodeTraversal.java:491)
	at com.google.javascript.jscomp.NodeTraversal.traverse(NodeTraversal.java:277)
	at com.google.javascript.jscomp.NodeTraversal.traverse(NodeTraversal.java:455)
	at com.google.javascript.jscomp.TypedScopeCreator.createScope(TypedScopeCreator.java:208)
	at com.google.javascript.jscomp.MemoizedScopeCreator.createScope(MemoizedScopeCreator.java:82)
	at com.google.javascript.jscomp.TypeCheck.processForTesting(TypeCheck.java:370)
	at com.google.javascript.jscomp.LooseTypeCheckTest.parseAndTypeCheckWithScope(LooseTypeCheckTest.java:7078)
	at com.google.javascript.jscomp.LooseTypeCheckTest.parseAndTypeCheck(LooseTypeCheckTest.java:7050)
	at com.google.javascript.jscomp.LooseTypeCheckTest.testTypes(LooseTypeCheckTest.java:7017)
	at com.google.javascript.jscomp.LooseTypeCheckTest.testTypes(LooseTypeCheckTest.java:7012)
	at com.google.javascript.jscomp.LooseTypeCheckTest.testTypes(LooseTypeCheckTest.java:6956)
	at com.google.javascript.jscomp.LooseTypeCheckTest.testMethodInference6(LooseTypeCheckTest.java:1772)
	at sun.reflect.NativeMethodAccessorImpl.invoke0(Native Method)
	at sun.reflect.NativeMethodAccessorImpl.invoke(NativeMethodAccessorImpl.java:62)
	at sun.reflect.DelegatingMethodAccessorImpl.invoke(DelegatingMethodAccessorImpl.java:43)
	at java.lang.reflect.Method.invoke(Method.java:497)
	at junit.framework.TestCase.runTest(TestCase.java:168)
	at junit.framework.TestCase.runBare(TestCase.java:134)
	at junit.framework.TestResult$1.protect(TestResult.java:110)
	at junit.framework.TestResult.runProtected(TestResult.java:128)
	at junit.framework.TestResult.run(TestResult.java:113)
	at junit.framework.TestCase.run(TestCase.java:124)
	at junit.framework.TestSuite.runTest(TestSuite.java:243)
	at junit.framework.TestSuite.run(TestSuite.java:238)
	at org.junit.internal.runners.JUnit38ClassRunner.run(JUnit38ClassRunner.java:83)
	at org.junit.runner.JUnitCore.run(JUnitCore.java:157)
	at org.junit.runner.JUnitCore.run(JUnitCore.java:136)
	at fr.inria.lille.repair.MethodTestRunner.runTest(MethodTestRunner.java:44)
	at fr.inria.lille.repair.MethodTestRunner.access$0(MethodTestRunner.java:37)
	at fr.inria.lille.repair.MethodTestRunner$1.call(MethodTestRunner.java:20)
	at java.util.concurrent.FutureTask.run(FutureTask.java:266)
	at java.util.concurrent.ThreadPoolExecutor.runWorker(ThreadPoolExecutor.java:1142)
	at java.util.concurrent.ThreadPoolExecutor$Worker.run(ThreadPoolExecutor.java:617)
	at java.lang.Thread.run(Thread.java:745)
Caused by: java.lang.NullPointerException
	... 43 more

FAILURES!!!
Tests run: 1,  Failures: 1

com.google.javascript.jscomp.LooseTypeCheckTest#testMethodInference7
.E
Time: 1.285
There was 1 failure:
1) testMethodInference7(com.google.javascript.jscomp.LooseTypeCheckTest)
java.lang.RuntimeException: INTERNAL COMPILER ERROR.
Please report this problem.
null
  Node(ASSIGN): [testcode]:1:53
/** @constructor */ function F() {}F.prototype.foo = function() { };/** @constructor 
  Parent: NULL
	at com.google.javascript.jscomp.TypedScopeCreator$AbstractScopeBuilder.defineSlot(TypedScopeCreator.java:1062)
	at com.google.javascript.jscomp.TypedScopeCreator$AbstractScopeBuilder.defineSlot(TypedScopeCreator.java:1046)
	at com.google.javascript.jscomp.TypedScopeCreator$AbstractScopeBuilder.maybeDeclareQualifiedName(TypedScopeCreator.java:1545)
	at com.google.javascript.jscomp.TypedScopeCreator$GlobalScopeBuilder.maybeDeclareQualifiedName(TypedScopeCreator.java:1721)
	at com.google.javascript.jscomp.TypedScopeCreator$AbstractScopeBuilder.visit(TypedScopeCreator.java:513)
	at com.google.javascript.jscomp.TypedScopeCreator$GlobalScopeBuilder.visit(TypedScopeCreator.java:1703)
	at com.google.javascript.jscomp.NodeTraversal.traverseBranch(NodeTraversal.java:498)
	at com.google.javascript.jscomp.NodeTraversal.traverseBranch(NodeTraversal.java:491)
	at com.google.javascript.jscomp.NodeTraversal.traverseBranch(NodeTraversal.java:491)
	at com.google.javascript.jscomp.NodeTraversal.traverseBranch(NodeTraversal.java:491)
	at com.google.javascript.jscomp.NodeTraversal.traverse(NodeTraversal.java:277)
	at com.google.javascript.jscomp.NodeTraversal.traverse(NodeTraversal.java:455)
	at com.google.javascript.jscomp.TypedScopeCreator.createScope(TypedScopeCreator.java:208)
	at com.google.javascript.jscomp.MemoizedScopeCreator.createScope(MemoizedScopeCreator.java:82)
	at com.google.javascript.jscomp.TypeCheck.processForTesting(TypeCheck.java:370)
	at com.google.javascript.jscomp.LooseTypeCheckTest.parseAndTypeCheckWithScope(LooseTypeCheckTest.java:7078)
	at com.google.javascript.jscomp.LooseTypeCheckTest.parseAndTypeCheck(LooseTypeCheckTest.java:7050)
	at com.google.javascript.jscomp.LooseTypeCheckTest.testTypes(LooseTypeCheckTest.java:7017)
	at com.google.javascript.jscomp.LooseTypeCheckTest.testTypes(LooseTypeCheckTest.java:7012)
	at com.google.javascript.jscomp.LooseTypeCheckTest.testTypes(LooseTypeCheckTest.java:6956)
	at com.google.javascript.jscomp.LooseTypeCheckTest.testMethodInference7(LooseTypeCheckTest.java:1785)
	at sun.reflect.NativeMethodAccessorImpl.invoke0(Native Method)
	at sun.reflect.NativeMethodAccessorImpl.invoke(NativeMethodAccessorImpl.java:62)
	at sun.reflect.DelegatingMethodAccessorImpl.invoke(DelegatingMethodAccessorImpl.java:43)
	at java.lang.reflect.Method.invoke(Method.java:497)
	at junit.framework.TestCase.runTest(TestCase.java:168)
	at junit.framework.TestCase.runBare(TestCase.java:134)
	at junit.framework.TestResult$1.protect(TestResult.java:110)
	at junit.framework.TestResult.runProtected(TestResult.java:128)
	at junit.framework.TestResult.run(TestResult.java:113)
	at junit.framework.TestCase.run(TestCase.java:124)
	at junit.framework.TestSuite.runTest(TestSuite.java:243)
	at junit.framework.TestSuite.run(TestSuite.java:238)
	at org.junit.internal.runners.JUnit38ClassRunner.run(JUnit38ClassRunner.java:83)
	at org.junit.runner.JUnitCore.run(JUnitCore.java:157)
	at org.junit.runner.JUnitCore.run(JUnitCore.java:136)
	at fr.inria.lille.repair.MethodTestRunner.runTest(MethodTestRunner.java:44)
	at fr.inria.lille.repair.MethodTestRunner.access$0(MethodTestRunner.java:37)
	at fr.inria.lille.repair.MethodTestRunner$1.call(MethodTestRunner.java:20)
	at java.util.concurrent.FutureTask.run(FutureTask.java:266)
	at java.util.concurrent.ThreadPoolExecutor.runWorker(ThreadPoolExecutor.java:1142)
	at java.util.concurrent.ThreadPoolExecutor$Worker.run(ThreadPoolExecutor.java:617)
	at java.lang.Thread.run(Thread.java:745)
Caused by: java.lang.NullPointerException
	... 43 more

FAILURES!!!
Tests run: 1,  Failures: 1

com.google.javascript.jscomp.SymbolTableTest#testMissingConstructorTag
.Jun 03, 2022 11:40:32 AM com.google.javascript.jscomp.PhaseOptimizer$NamedPass process
INFO: processGoogScopeAliases
Jun 03, 2022 11:40:32 AM com.google.javascript.jscomp.PhaseOptimizer$NamedPass process
INFO: suspiciousCode
Jun 03, 2022 11:40:32 AM com.google.javascript.jscomp.PhaseOptimizer$NamedPass process
INFO: checkControlStructures
Jun 03, 2022 11:40:32 AM com.google.javascript.jscomp.PhaseOptimizer$NamedPass process
INFO: processProvidesAndRequires
Jun 03, 2022 11:40:32 AM com.google.javascript.jscomp.PhaseOptimizer$NamedPass process
INFO: checkVars
Jun 03, 2022 11:40:32 AM com.google.javascript.jscomp.PhaseOptimizer$NamedPass process
INFO: checkVariableReferences
Jun 03, 2022 11:40:32 AM com.google.javascript.jscomp.PhaseOptimizer$NamedPass process
INFO: resolveTypes
Jun 03, 2022 11:40:32 AM com.google.javascript.jscomp.PhaseOptimizer$NamedPass process
INFO: inferTypes
Jun 03, 2022 11:40:32 AM com.google.javascript.jscomp.PhaseOptimizer$NamedPass process
INFO: checkTypes
Jun 03, 2022 11:40:32 AM com.google.javascript.jscomp.PhaseOptimizer$NamedPass process
INFO: checkControlFlow
Jun 03, 2022 11:40:32 AM com.google.javascript.jscomp.PhaseOptimizer$NamedPass process
INFO: checkAccessControls
Jun 03, 2022 11:40:32 AM com.google.javascript.jscomp.PhaseOptimizer$NamedPass process
INFO: checkGlobalNames
Jun 03, 2022 11:40:32 AM com.google.javascript.jscomp.PhaseOptimizer$NamedPass process
INFO: renameCssNames
Jun 03, 2022 11:40:32 AM com.google.javascript.jscomp.PhaseOptimizer$NamedPass process
INFO: replaceMessages
Jun 03, 2022 11:40:32 AM com.google.javascript.jscomp.PhaseOptimizer$NamedPass process
INFO: processDefines
Jun 03, 2022 11:40:32 AM com.google.javascript.jscomp.LoggerErrorManager println
WARNING: in1:1: WARNING - dangerous use of the global this object
function F() {  this.field1 = 3;}F.prototype.method1 = function() {  this.field1 = 5;};(new F()).method1();
                ^

Jun 03, 2022 11:40:32 AM com.google.javascript.jscomp.LoggerErrorManager println
WARNING: in1:1: WARNING - cannot instantiate non-constructor
function F() {  this.field1 = 3;}F.prototype.method1 = function() {  this.field1 = 5;};(new F()).method1();
                                                                                             ^

Jun 03, 2022 11:40:32 AM com.google.javascript.jscomp.LoggerErrorManager printSummary
WARNING: 0 error(s), 2 warning(s), 75% typed

Time: 0.041

OK (1 test)

com.google.javascript.jscomp.LooseTypeCheckTest#testValueOfComparison2
.E
Time: 1.355
There was 1 failure:
1) testValueOfComparison2(com.google.javascript.jscomp.LooseTypeCheckTest)
java.lang.RuntimeException: INTERNAL COMPILER ERROR.
Please report this problem.
null
  Node(ASSIGN): [testcode]:1:71
/** @constructor */function O() {};/**@override*/O.prototype.valueOf = function() { return 1; };/**@param {!O} a
  Parent: NULL
	at com.google.javascript.jscomp.TypedScopeCreator$AbstractScopeBuilder.defineSlot(TypedScopeCreator.java:1062)
	at com.google.javascript.jscomp.TypedScopeCreator$AbstractScopeBuilder.defineSlot(TypedScopeCreator.java:1046)
	at com.google.javascript.jscomp.TypedScopeCreator$AbstractScopeBuilder.maybeDeclareQualifiedName(TypedScopeCreator.java:1545)
	at com.google.javascript.jscomp.TypedScopeCreator$GlobalScopeBuilder.maybeDeclareQualifiedName(TypedScopeCreator.java:1721)
	at com.google.javascript.jscomp.TypedScopeCreator$AbstractScopeBuilder.visit(TypedScopeCreator.java:513)
	at com.google.javascript.jscomp.TypedScopeCreator$GlobalScopeBuilder.visit(TypedScopeCreator.java:1703)
	at com.google.javascript.jscomp.NodeTraversal.traverseBranch(NodeTraversal.java:498)
	at com.google.javascript.jscomp.NodeTraversal.traverseBranch(NodeTraversal.java:491)
	at com.google.javascript.jscomp.NodeTraversal.traverseBranch(NodeTraversal.java:491)
	at com.google.javascript.jscomp.NodeTraversal.traverseBranch(NodeTraversal.java:491)
	at com.google.javascript.jscomp.NodeTraversal.traverse(NodeTraversal.java:277)
	at com.google.javascript.jscomp.NodeTraversal.traverse(NodeTraversal.java:455)
	at com.google.javascript.jscomp.TypedScopeCreator.createScope(TypedScopeCreator.java:208)
	at com.google.javascript.jscomp.MemoizedScopeCreator.createScope(MemoizedScopeCreator.java:82)
	at com.google.javascript.jscomp.TypeCheck.processForTesting(TypeCheck.java:370)
	at com.google.javascript.jscomp.LooseTypeCheckTest.parseAndTypeCheckWithScope(LooseTypeCheckTest.java:7078)
	at com.google.javascript.jscomp.LooseTypeCheckTest.parseAndTypeCheck(LooseTypeCheckTest.java:7050)
	at com.google.javascript.jscomp.LooseTypeCheckTest.testTypes(LooseTypeCheckTest.java:7017)
	at com.google.javascript.jscomp.LooseTypeCheckTest.testTypes(LooseTypeCheckTest.java:7012)
	at com.google.javascript.jscomp.LooseTypeCheckTest.testTypes(LooseTypeCheckTest.java:6956)
	at com.google.javascript.jscomp.LooseTypeCheckTest.testTypes(LooseTypeCheckTest.java:6952)
	at com.google.javascript.jscomp.LooseTypeCheckTest.testValueOfComparison2(LooseTypeCheckTest.java:1104)
	at sun.reflect.NativeMethodAccessorImpl.invoke0(Native Method)
	at sun.reflect.NativeMethodAccessorImpl.invoke(NativeMethodAccessorImpl.java:62)
	at sun.reflect.DelegatingMethodAccessorImpl.invoke(DelegatingMethodAccessorImpl.java:43)
	at java.lang.reflect.Method.invoke(Method.java:497)
	at junit.framework.TestCase.runTest(TestCase.java:168)
	at junit.framework.TestCase.runBare(TestCase.java:134)
	at junit.framework.TestResult$1.protect(TestResult.java:110)
	at junit.framework.TestResult.runProtected(TestResult.java:128)
	at junit.framework.TestResult.run(TestResult.java:113)
	at junit.framework.TestCase.run(TestCase.java:124)
	at junit.framework.TestSuite.runTest(TestSuite.java:243)
	at junit.framework.TestSuite.run(TestSuite.java:238)
	at org.junit.internal.runners.JUnit38ClassRunner.run(JUnit38ClassRunner.java:83)
	at org.junit.runner.JUnitCore.run(JUnitCore.java:157)
	at org.junit.runner.JUnitCore.run(JUnitCore.java:136)
	at fr.inria.lille.repair.MethodTestRunner.runTest(MethodTestRunner.java:44)
	at fr.inria.lille.repair.MethodTestRunner.access$0(MethodTestRunner.java:37)
	at fr.inria.lille.repair.MethodTestRunner$1.call(MethodTestRunner.java:20)
	at java.util.concurrent.FutureTask.run(FutureTask.java:266)
	at java.util.concurrent.ThreadPoolExecutor.runWorker(ThreadPoolExecutor.java:1142)
	at java.util.concurrent.ThreadPoolExecutor$Worker.run(ThreadPoolExecutor.java:617)
	at java.lang.Thread.run(Thread.java:745)
Caused by: java.lang.NullPointerException
	... 44 more

FAILURES!!!
Tests run: 1,  Failures: 1

com.google.javascript.jscomp.LooseTypeCheckTest#testValueOfComparison1
.E
Time: 1.326
There was 1 failure:
1) testValueOfComparison1(com.google.javascript.jscomp.LooseTypeCheckTest)
java.lang.RuntimeException: INTERNAL COMPILER ERROR.
Please report this problem.
null
  Node(ASSIGN): [testcode]:1:71
/** @constructor */function O() {};/**@override*/O.prototype.valueOf = function() { return 1; };/**@param {!O} a
  Parent: NULL
	at com.google.javascript.jscomp.TypedScopeCreator$AbstractScopeBuilder.defineSlot(TypedScopeCreator.java:1062)
	at com.google.javascript.jscomp.TypedScopeCreator$AbstractScopeBuilder.defineSlot(TypedScopeCreator.java:1046)
	at com.google.javascript.jscomp.TypedScopeCreator$AbstractScopeBuilder.maybeDeclareQualifiedName(TypedScopeCreator.java:1545)
	at com.google.javascript.jscomp.TypedScopeCreator$GlobalScopeBuilder.maybeDeclareQualifiedName(TypedScopeCreator.java:1721)
	at com.google.javascript.jscomp.TypedScopeCreator$AbstractScopeBuilder.visit(TypedScopeCreator.java:513)
	at com.google.javascript.jscomp.TypedScopeCreator$GlobalScopeBuilder.visit(TypedScopeCreator.java:1703)
	at com.google.javascript.jscomp.NodeTraversal.traverseBranch(NodeTraversal.java:498)
	at com.google.javascript.jscomp.NodeTraversal.traverseBranch(NodeTraversal.java:491)
	at com.google.javascript.jscomp.NodeTraversal.traverseBranch(NodeTraversal.java:491)
	at com.google.javascript.jscomp.NodeTraversal.traverseBranch(NodeTraversal.java:491)
	at com.google.javascript.jscomp.NodeTraversal.traverse(NodeTraversal.java:277)
	at com.google.javascript.jscomp.NodeTraversal.traverse(NodeTraversal.java:455)
	at com.google.javascript.jscomp.TypedScopeCreator.createScope(TypedScopeCreator.java:208)
	at com.google.javascript.jscomp.MemoizedScopeCreator.createScope(MemoizedScopeCreator.java:82)
	at com.google.javascript.jscomp.TypeCheck.processForTesting(TypeCheck.java:370)
	at com.google.javascript.jscomp.LooseTypeCheckTest.parseAndTypeCheckWithScope(LooseTypeCheckTest.java:7078)
	at com.google.javascript.jscomp.LooseTypeCheckTest.parseAndTypeCheck(LooseTypeCheckTest.java:7050)
	at com.google.javascript.jscomp.LooseTypeCheckTest.testTypes(LooseTypeCheckTest.java:7017)
	at com.google.javascript.jscomp.LooseTypeCheckTest.testTypes(LooseTypeCheckTest.java:7012)
	at com.google.javascript.jscomp.LooseTypeCheckTest.testTypes(LooseTypeCheckTest.java:6956)
	at com.google.javascript.jscomp.LooseTypeCheckTest.testTypes(LooseTypeCheckTest.java:6952)
	at com.google.javascript.jscomp.LooseTypeCheckTest.testValueOfComparison1(LooseTypeCheckTest.java:1098)
	at sun.reflect.NativeMethodAccessorImpl.invoke0(Native Method)
	at sun.reflect.NativeMethodAccessorImpl.invoke(NativeMethodAccessorImpl.java:62)
	at sun.reflect.DelegatingMethodAccessorImpl.invoke(DelegatingMethodAccessorImpl.java:43)
	at java.lang.reflect.Method.invoke(Method.java:497)
	at junit.framework.TestCase.runTest(TestCase.java:168)
	at junit.framework.TestCase.runBare(TestCase.java:134)
	at junit.framework.TestResult$1.protect(TestResult.java:110)
	at junit.framework.TestResult.runProtected(TestResult.java:128)
	at junit.framework.TestResult.run(TestResult.java:113)
	at junit.framework.TestCase.run(TestCase.java:124)
	at junit.framework.TestSuite.runTest(TestSuite.java:243)
	at junit.framework.TestSuite.run(TestSuite.java:238)
	at org.junit.internal.runners.JUnit38ClassRunner.run(JUnit38ClassRunner.java:83)
	at org.junit.runner.JUnitCore.run(JUnitCore.java:157)
	at org.junit.runner.JUnitCore.run(JUnitCore.java:136)
	at fr.inria.lille.repair.MethodTestRunner.runTest(MethodTestRunner.java:44)
	at fr.inria.lille.repair.MethodTestRunner.access$0(MethodTestRunner.java:37)
	at fr.inria.lille.repair.MethodTestRunner$1.call(MethodTestRunner.java:20)
	at java.util.concurrent.FutureTask.run(FutureTask.java:266)
	at java.util.concurrent.ThreadPoolExecutor.runWorker(ThreadPoolExecutor.java:1142)
	at java.util.concurrent.ThreadPoolExecutor$Worker.run(ThreadPoolExecutor.java:617)
	at java.lang.Thread.run(Thread.java:745)
Caused by: java.lang.NullPointerException
	... 44 more

FAILURES!!!
Tests run: 1,  Failures: 1

com.google.javascript.jscomp.TypeCheckTest#testIssue586
.E
Time: 1.258
There was 1 failure:
1) testIssue586(com.google.javascript.jscomp.TypeCheckTest)
java.lang.RuntimeException: INTERNAL COMPILER ERROR.
Please report this problem.
null
  Node(ASSIGN): [testcode]:1:147
/** @constructor */var MyClass = function() {};/** @param {boolean} success */MyClass.prototype.fn = function(success) {};MyClass.prototype.test = function() {  this.fn();  this.fn = function() {};};
  Parent: NULL
	at com.google.javascript.jscomp.TypedScopeCreator$AbstractScopeBuilder.defineSlot(TypedScopeCreator.java:1062)
	at com.google.javascript.jscomp.TypedScopeCreator$AbstractScopeBuilder.defineSlot(TypedScopeCreator.java:1046)
	at com.google.javascript.jscomp.TypedScopeCreator$AbstractScopeBuilder.maybeDeclareQualifiedName(TypedScopeCreator.java:1545)
	at com.google.javascript.jscomp.TypedScopeCreator$GlobalScopeBuilder.maybeDeclareQualifiedName(TypedScopeCreator.java:1721)
	at com.google.javascript.jscomp.TypedScopeCreator$AbstractScopeBuilder.visit(TypedScopeCreator.java:513)
	at com.google.javascript.jscomp.TypedScopeCreator$GlobalScopeBuilder.visit(TypedScopeCreator.java:1703)
	at com.google.javascript.jscomp.NodeTraversal.traverseBranch(NodeTraversal.java:498)
	at com.google.javascript.jscomp.NodeTraversal.traverseBranch(NodeTraversal.java:491)
	at com.google.javascript.jscomp.NodeTraversal.traverseBranch(NodeTraversal.java:491)
	at com.google.javascript.jscomp.NodeTraversal.traverseBranch(NodeTraversal.java:491)
	at com.google.javascript.jscomp.NodeTraversal.traverse(NodeTraversal.java:277)
	at com.google.javascript.jscomp.NodeTraversal.traverse(NodeTraversal.java:455)
	at com.google.javascript.jscomp.TypedScopeCreator.createScope(TypedScopeCreator.java:208)
	at com.google.javascript.jscomp.MemoizedScopeCreator.createScope(MemoizedScopeCreator.java:82)
	at com.google.javascript.jscomp.TypeCheck.processForTesting(TypeCheck.java:370)
	at com.google.javascript.jscomp.TypeCheckTest.parseAndTypeCheckWithScope(TypeCheckTest.java:9437)
	at com.google.javascript.jscomp.TypeCheckTest.parseAndTypeCheck(TypeCheckTest.java:9409)
	at com.google.javascript.jscomp.TypeCheckTest.testTypes(TypeCheckTest.java:9376)
	at com.google.javascript.jscomp.TypeCheckTest.testTypes(TypeCheckTest.java:9371)
	at com.google.javascript.jscomp.TypeCheckTest.testTypes(TypeCheckTest.java:9309)
	at com.google.javascript.jscomp.TypeCheckTest.testIssue586(TypeCheckTest.java:5443)
	at sun.reflect.NativeMethodAccessorImpl.invoke0(Native Method)
	at sun.reflect.NativeMethodAccessorImpl.invoke(NativeMethodAccessorImpl.java:62)
	at sun.reflect.DelegatingMethodAccessorImpl.invoke(DelegatingMethodAccessorImpl.java:43)
	at java.lang.reflect.Method.invoke(Method.java:497)
	at junit.framework.TestCase.runTest(TestCase.java:168)
	at junit.framework.TestCase.runBare(TestCase.java:134)
	at junit.framework.TestResult$1.protect(TestResult.java:110)
	at junit.framework.TestResult.runProtected(TestResult.java:128)
	at junit.framework.TestResult.run(TestResult.java:113)
	at junit.framework.TestCase.run(TestCase.java:124)
	at junit.framework.TestSuite.runTest(TestSuite.java:243)
	at junit.framework.TestSuite.run(TestSuite.java:238)
	at org.junit.internal.runners.JUnit38ClassRunner.run(JUnit38ClassRunner.java:83)
	at org.junit.runner.JUnitCore.run(JUnitCore.java:157)
	at org.junit.runner.JUnitCore.run(JUnitCore.java:136)
	at fr.inria.lille.repair.MethodTestRunner.runTest(MethodTestRunner.java:44)
	at fr.inria.lille.repair.MethodTestRunner.access$0(MethodTestRunner.java:37)
	at fr.inria.lille.repair.MethodTestRunner$1.call(MethodTestRunner.java:20)
	at java.util.concurrent.FutureTask.run(FutureTask.java:266)
	at java.util.concurrent.ThreadPoolExecutor.runWorker(ThreadPoolExecutor.java:1142)
	at java.util.concurrent.ThreadPoolExecutor$Worker.run(ThreadPoolExecutor.java:617)
	at java.lang.Thread.run(Thread.java:745)
Caused by: java.lang.NullPointerException
	... 43 more

FAILURES!!!
Tests run: 1,  Failures: 1

com.google.javascript.jscomp.TypeCheckTest#testStaticMethodDeclaration3
.E
Time: 1.272
There was 1 failure:
1) testStaticMethodDeclaration3(com.google.javascript.jscomp.TypeCheckTest)
java.lang.RuntimeException: INTERNAL COMPILER ERROR.
Please report this problem.
null
  Node(ASSIGN): [testcode]:1:66
var goog = goog || {}; function f() { goog.foo(true); }goog.foo = function() {};
  Parent: NULL
	at com.google.javascript.jscomp.TypedScopeCreator$AbstractScopeBuilder.defineSlot(TypedScopeCreator.java:1062)
	at com.google.javascript.jscomp.TypedScopeCreator$AbstractScopeBuilder.defineSlot(TypedScopeCreator.java:1046)
	at com.google.javascript.jscomp.TypedScopeCreator$AbstractScopeBuilder.maybeDeclareQualifiedName(TypedScopeCreator.java:1545)
	at com.google.javascript.jscomp.TypedScopeCreator$GlobalScopeBuilder.maybeDeclareQualifiedName(TypedScopeCreator.java:1721)
	at com.google.javascript.jscomp.TypedScopeCreator$AbstractScopeBuilder.visit(TypedScopeCreator.java:513)
	at com.google.javascript.jscomp.TypedScopeCreator$GlobalScopeBuilder.visit(TypedScopeCreator.java:1703)
	at com.google.javascript.jscomp.NodeTraversal.traverseBranch(NodeTraversal.java:498)
	at com.google.javascript.jscomp.NodeTraversal.traverseBranch(NodeTraversal.java:491)
	at com.google.javascript.jscomp.NodeTraversal.traverseBranch(NodeTraversal.java:491)
	at com.google.javascript.jscomp.NodeTraversal.traverseBranch(NodeTraversal.java:491)
	at com.google.javascript.jscomp.NodeTraversal.traverse(NodeTraversal.java:277)
	at com.google.javascript.jscomp.NodeTraversal.traverse(NodeTraversal.java:455)
	at com.google.javascript.jscomp.TypedScopeCreator.createScope(TypedScopeCreator.java:208)
	at com.google.javascript.jscomp.MemoizedScopeCreator.createScope(MemoizedScopeCreator.java:82)
	at com.google.javascript.jscomp.TypeCheck.processForTesting(TypeCheck.java:370)
	at com.google.javascript.jscomp.TypeCheckTest.parseAndTypeCheckWithScope(TypeCheckTest.java:9437)
	at com.google.javascript.jscomp.TypeCheckTest.parseAndTypeCheck(TypeCheckTest.java:9409)
	at com.google.javascript.jscomp.TypeCheckTest.testTypes(TypeCheckTest.java:9376)
	at com.google.javascript.jscomp.TypeCheckTest.testTypes(TypeCheckTest.java:9371)
	at com.google.javascript.jscomp.TypeCheckTest.testTypes(TypeCheckTest.java:9309)
	at com.google.javascript.jscomp.TypeCheckTest.testStaticMethodDeclaration3(TypeCheckTest.java:2095)
	at sun.reflect.NativeMethodAccessorImpl.invoke0(Native Method)
	at sun.reflect.NativeMethodAccessorImpl.invoke(NativeMethodAccessorImpl.java:62)
	at sun.reflect.DelegatingMethodAccessorImpl.invoke(DelegatingMethodAccessorImpl.java:43)
	at java.lang.reflect.Method.invoke(Method.java:497)
	at junit.framework.TestCase.runTest(TestCase.java:168)
	at junit.framework.TestCase.runBare(TestCase.java:134)
	at junit.framework.TestResult$1.protect(TestResult.java:110)
	at junit.framework.TestResult.runProtected(TestResult.java:128)
	at junit.framework.TestResult.run(TestResult.java:113)
	at junit.framework.TestCase.run(TestCase.java:124)
	at junit.framework.TestSuite.runTest(TestSuite.java:243)
	at junit.framework.TestSuite.run(TestSuite.java:238)
	at org.junit.internal.runners.JUnit38ClassRunner.run(JUnit38ClassRunner.java:83)
	at org.junit.runner.JUnitCore.run(JUnitCore.java:157)
	at org.junit.runner.JUnitCore.run(JUnitCore.java:136)
	at fr.inria.lille.repair.MethodTestRunner.runTest(MethodTestRunner.java:44)
	at fr.inria.lille.repair.MethodTestRunner.access$0(MethodTestRunner.java:37)
	at fr.inria.lille.repair.MethodTestRunner$1.call(MethodTestRunner.java:20)
	at java.util.concurrent.FutureTask.run(FutureTask.java:266)
	at java.util.concurrent.ThreadPoolExecutor.runWorker(ThreadPoolExecutor.java:1142)
	at java.util.concurrent.ThreadPoolExecutor$Worker.run(ThreadPoolExecutor.java:617)
	at java.lang.Thread.run(Thread.java:745)
Caused by: java.lang.NullPointerException
	... 43 more

FAILURES!!!
Tests run: 1,  Failures: 1

com.google.javascript.jscomp.LooseTypeCheckTest#testValueOfComparison3
.E
Time: 1.332
There was 1 failure:
1) testValueOfComparison3(com.google.javascript.jscomp.LooseTypeCheckTest)
java.lang.RuntimeException: INTERNAL COMPILER ERROR.
Please report this problem.
null
  Node(ASSIGN): [testcode]:1:72
/** @constructor */function O() {};/**@override*/O.prototype.toString = function() { return 'o'; };/**@param {!O} a
  Parent: NULL
	at com.google.javascript.jscomp.TypedScopeCreator$AbstractScopeBuilder.defineSlot(TypedScopeCreator.java:1062)
	at com.google.javascript.jscomp.TypedScopeCreator$AbstractScopeBuilder.defineSlot(TypedScopeCreator.java:1046)
	at com.google.javascript.jscomp.TypedScopeCreator$AbstractScopeBuilder.maybeDeclareQualifiedName(TypedScopeCreator.java:1545)
	at com.google.javascript.jscomp.TypedScopeCreator$GlobalScopeBuilder.maybeDeclareQualifiedName(TypedScopeCreator.java:1721)
	at com.google.javascript.jscomp.TypedScopeCreator$AbstractScopeBuilder.visit(TypedScopeCreator.java:513)
	at com.google.javascript.jscomp.TypedScopeCreator$GlobalScopeBuilder.visit(TypedScopeCreator.java:1703)
	at com.google.javascript.jscomp.NodeTraversal.traverseBranch(NodeTraversal.java:498)
	at com.google.javascript.jscomp.NodeTraversal.traverseBranch(NodeTraversal.java:491)
	at com.google.javascript.jscomp.NodeTraversal.traverseBranch(NodeTraversal.java:491)
	at com.google.javascript.jscomp.NodeTraversal.traverseBranch(NodeTraversal.java:491)
	at com.google.javascript.jscomp.NodeTraversal.traverse(NodeTraversal.java:277)
	at com.google.javascript.jscomp.NodeTraversal.traverse(NodeTraversal.java:455)
	at com.google.javascript.jscomp.TypedScopeCreator.createScope(TypedScopeCreator.java:208)
	at com.google.javascript.jscomp.MemoizedScopeCreator.createScope(MemoizedScopeCreator.java:82)
	at com.google.javascript.jscomp.TypeCheck.processForTesting(TypeCheck.java:370)
	at com.google.javascript.jscomp.LooseTypeCheckTest.parseAndTypeCheckWithScope(LooseTypeCheckTest.java:7078)
	at com.google.javascript.jscomp.LooseTypeCheckTest.parseAndTypeCheck(LooseTypeCheckTest.java:7050)
	at com.google.javascript.jscomp.LooseTypeCheckTest.testTypes(LooseTypeCheckTest.java:7017)
	at com.google.javascript.jscomp.LooseTypeCheckTest.testTypes(LooseTypeCheckTest.java:7012)
	at com.google.javascript.jscomp.LooseTypeCheckTest.testTypes(LooseTypeCheckTest.java:6956)
	at com.google.javascript.jscomp.LooseTypeCheckTest.testTypes(LooseTypeCheckTest.java:6952)
	at com.google.javascript.jscomp.LooseTypeCheckTest.testValueOfComparison3(LooseTypeCheckTest.java:1111)
	at sun.reflect.NativeMethodAccessorImpl.invoke0(Native Method)
	at sun.reflect.NativeMethodAccessorImpl.invoke(NativeMethodAccessorImpl.java:62)
	at sun.reflect.DelegatingMethodAccessorImpl.invoke(DelegatingMethodAccessorImpl.java:43)
	at java.lang.reflect.Method.invoke(Method.java:497)
	at junit.framework.TestCase.runTest(TestCase.java:168)
	at junit.framework.TestCase.runBare(TestCase.java:134)
	at junit.framework.TestResult$1.protect(TestResult.java:110)
	at junit.framework.TestResult.runProtected(TestResult.java:128)
	at junit.framework.TestResult.run(TestResult.java:113)
	at junit.framework.TestCase.run(TestCase.java:124)
	at junit.framework.TestSuite.runTest(TestSuite.java:243)
	at junit.framework.TestSuite.run(TestSuite.java:238)
	at org.junit.internal.runners.JUnit38ClassRunner.run(JUnit38ClassRunner.java:83)
	at org.junit.runner.JUnitCore.run(JUnitCore.java:157)
	at org.junit.runner.JUnitCore.run(JUnitCore.java:136)
	at fr.inria.lille.repair.MethodTestRunner.runTest(MethodTestRunner.java:44)
	at fr.inria.lille.repair.MethodTestRunner.access$0(MethodTestRunner.java:37)
	at fr.inria.lille.repair.MethodTestRunner$1.call(MethodTestRunner.java:20)
	at java.util.concurrent.FutureTask.run(FutureTask.java:266)
	at java.util.concurrent.ThreadPoolExecutor.runWorker(ThreadPoolExecutor.java:1142)
	at java.util.concurrent.ThreadPoolExecutor$Worker.run(ThreadPoolExecutor.java:617)
	at java.lang.Thread.run(Thread.java:745)
Caused by: java.lang.NullPointerException
	... 44 more

FAILURES!!!
Tests run: 1,  Failures: 1

com.google.javascript.jscomp.PureFunctionIdentifierTest#testAnnotationInExternStubs4
.E
Time: 1.282
There was 1 failure:
1) testAnnotationInExternStubs4(com.google.javascript.jscomp.PureFunctionIdentifierTest)
java.lang.RuntimeException: INTERNAL COMPILER ERROR.
Please report this problem.
null
  Node(ASSIGN): externs:2:50
externObj5.prototype.propWithAnnotatedStubAfter = function(s) {};
  Parent: NULL
	at com.google.javascript.jscomp.TypedScopeCreator$AbstractScopeBuilder.defineSlot(TypedScopeCreator.java:1062)
	at com.google.javascript.jscomp.TypedScopeCreator$AbstractScopeBuilder.defineSlot(TypedScopeCreator.java:1046)
	at com.google.javascript.jscomp.TypedScopeCreator$AbstractScopeBuilder.maybeDeclareQualifiedName(TypedScopeCreator.java:1545)
	at com.google.javascript.jscomp.TypedScopeCreator$GlobalScopeBuilder.maybeDeclareQualifiedName(TypedScopeCreator.java:1721)
	at com.google.javascript.jscomp.TypedScopeCreator$AbstractScopeBuilder.visit(TypedScopeCreator.java:513)
	at com.google.javascript.jscomp.TypedScopeCreator$GlobalScopeBuilder.visit(TypedScopeCreator.java:1703)
	at com.google.javascript.jscomp.NodeTraversal.traverseBranch(NodeTraversal.java:498)
	at com.google.javascript.jscomp.NodeTraversal.traverseBranch(NodeTraversal.java:491)
	at com.google.javascript.jscomp.NodeTraversal.traverseBranch(NodeTraversal.java:491)
	at com.google.javascript.jscomp.NodeTraversal.traverseBranch(NodeTraversal.java:491)
	at com.google.javascript.jscomp.NodeTraversal.traverseBranch(NodeTraversal.java:491)
	at com.google.javascript.jscomp.NodeTraversal.traverse(NodeTraversal.java:277)
	at com.google.javascript.jscomp.NodeTraversal.traverse(NodeTraversal.java:455)
	at com.google.javascript.jscomp.TypedScopeCreator.createScope(TypedScopeCreator.java:208)
	at com.google.javascript.jscomp.MemoizedScopeCreator.createScope(MemoizedScopeCreator.java:82)
	at com.google.javascript.jscomp.TypeCheck.processForTesting(TypeCheck.java:370)
	at com.google.javascript.jscomp.CompilerTestCase.test(CompilerTestCase.java:750)
	at com.google.javascript.jscomp.CompilerTestCase.test(CompilerTestCase.java:423)
	at com.google.javascript.jscomp.CompilerTestCase.test(CompilerTestCase.java:387)
	at com.google.javascript.jscomp.CompilerTestCase.test(CompilerTestCase.java:364)
	at com.google.javascript.jscomp.CompilerTestCase.testSame(CompilerTestCase.java:593)
	at com.google.javascript.jscomp.PureFunctionIdentifierTest.testAnnotationInExternStubs4(PureFunctionIdentifierTest.java:501)
	at sun.reflect.NativeMethodAccessorImpl.invoke0(Native Method)
	at sun.reflect.NativeMethodAccessorImpl.invoke(NativeMethodAccessorImpl.java:62)
	at sun.reflect.DelegatingMethodAccessorImpl.invoke(DelegatingMethodAccessorImpl.java:43)
	at java.lang.reflect.Method.invoke(Method.java:497)
	at junit.framework.TestCase.runTest(TestCase.java:168)
	at junit.framework.TestCase.runBare(TestCase.java:134)
	at junit.framework.TestResult$1.protect(TestResult.java:110)
	at junit.framework.TestResult.runProtected(TestResult.java:128)
	at junit.framework.TestResult.run(TestResult.java:113)
	at junit.framework.TestCase.run(TestCase.java:124)
	at junit.framework.TestSuite.runTest(TestSuite.java:243)
	at junit.framework.TestSuite.run(TestSuite.java:238)
	at org.junit.internal.runners.JUnit38ClassRunner.run(JUnit38ClassRunner.java:83)
	at org.junit.runner.JUnitCore.run(JUnitCore.java:157)
	at org.junit.runner.JUnitCore.run(JUnitCore.java:136)
	at fr.inria.lille.repair.MethodTestRunner.runTest(MethodTestRunner.java:44)
	at fr.inria.lille.repair.MethodTestRunner.access$0(MethodTestRunner.java:37)
	at fr.inria.lille.repair.MethodTestRunner$1.call(MethodTestRunner.java:20)
	at java.util.concurrent.FutureTask.run(FutureTask.java:266)
	at java.util.concurrent.ThreadPoolExecutor.runWorker(ThreadPoolExecutor.java:1142)
	at java.util.concurrent.ThreadPoolExecutor$Worker.run(ThreadPoolExecutor.java:617)
	at java.lang.Thread.run(Thread.java:745)
Caused by: java.lang.NullPointerException
	... 44 more

FAILURES!!!
Tests run: 1,  Failures: 1

