Sleep 1m start
GPR[SSLI]-1658668717831
GPR[ESLI]-1658668777837
Running Nopol Closure 129b with approach: smt
Timezone: America/Los_Angeles
Seed 252
OS: linux
Creating out dir /experiment_home///results/Nopol/Closure/129/seed_252/
The file script/workingdir/Nopol/Closure_129 does not exist!
script/workingdir/Nopol/Closure_129
script/workingdir/Nopol/Closure_129
classpath:  script/workingdir/Nopol/Closure_129/build/classes:script/workingdir/Nopol/Closure_129/lib/args4j.jar:script/workingdir/Nopol/Closure_129/lib/guava.jar:script/workingdir/Nopol/Closure_129/lib/json.jar:script/workingdir/Nopol/Closure_129/lib/jsr305.jar:script/workingdir/Nopol/Closure_129/lib/protobuf-java.jar:script/workingdir/Nopol/Closure_129/build/lib/rhino.jar:script/workingdir/Nopol/Closure_129/lib/ant.jar:script/workingdir/Nopol/Closure_129/lib/ant-launcher.jar:script/workingdir/Nopol/Closure_129/lib/caja-r4314.jar:script/workingdir/Nopol/Closure_129/lib/jarjar.jar:script/workingdir/Nopol/Closure_129/lib/junit.jar:script/workingdir/Nopol/Closure_129/build/test
Src java:  /src
Classes Java:  /build/classes
Src Test:  /test
Classes Test:  /build/test
GPR[SSLB]-1658668797157
GPR[ESLB]-1658668857163
Calling Nopol:
Classpath to pass script/workingdir/Nopol/Closure_129//build/classes:script/workingdir/Nopol/Closure_129//build/test:script/workingdir/Nopol/Closure_129/build/classes:script/workingdir/Nopol/Closure_129/lib/args4j.jar:script/workingdir/Nopol/Closure_129/lib/guava.jar:script/workingdir/Nopol/Closure_129/lib/json.jar:script/workingdir/Nopol/Closure_129/lib/jsr305.jar:script/workingdir/Nopol/Closure_129/lib/protobuf-java.jar:script/workingdir/Nopol/Closure_129/build/lib/rhino.jar:script/workingdir/Nopol/Closure_129/lib/ant.jar:script/workingdir/Nopol/Closure_129/lib/ant-launcher.jar:script/workingdir/Nopol/Closure_129/lib/caja-r4314.jar:script/workingdir/Nopol/Closure_129/lib/jarjar.jar:script/workingdir/Nopol/Closure_129/lib/junit.jar:script/workingdir/Nopol/Closure_129/build/test
Node: host-47
Date init: Sun 24 Jul 2022 06:20:57 AM PDT
OAR_JOB_ID: 3695161
[0] INFO NoPol - Source files: [script/workingdir/Nopol/Closure_129/src]
[1] INFO NoPol - Classpath: [file:script/workingdir/Nopol/Closure_129/build/classes/, file:script/workingdir/Nopol/Closure_129/build/test/, file:script/workingdir/Nopol/Closure_129/build/classes/, file:script/workingdir/Nopol/Closure_129/lib/args4j.jar, file:script/workingdir/Nopol/Closure_129/lib/guava.jar, file:script/workingdir/Nopol/Closure_129/lib/json.jar, file:script/workingdir/Nopol/Closure_129/lib/jsr305.jar, file:script/workingdir/Nopol/Closure_129/lib/protobuf-java.jar, file:script/workingdir/Nopol/Closure_129/build/lib/rhino.jar, file:script/workingdir/Nopol/Closure_129/lib/ant.jar, file:script/workingdir/Nopol/Closure_129/lib/ant-launcher.jar, file:script/workingdir/Nopol/Closure_129/lib/caja-r4314.jar, file:script/workingdir/Nopol/Closure_129/lib/jarjar.jar, file:script/workingdir/Nopol/Closure_129/lib/junit.jar, file:script/workingdir/Nopol/Closure_129/build/test/]
[1] INFO NoPol - Statement type: PRE_THEN_COND
[1] INFO NoPol - Args: [com.google.debugging.sourcemap.Base64Test, com.google.debugging.sourcemap.Base64Test, com.google.debugging.sourcemap.Base64VLQTest, com.google.debugging.sourcemap.Base64VLQTest, com.google.debugging.sourcemap.SourceMapConsumerV1Test, com.google.debugging.sourcemap.SourceMapConsumerV1Test, com.google.debugging.sourcemap.SourceMapConsumerV2Test, com.google.debugging.sourcemap.SourceMapConsumerV2Test, com.google.debugging.sourcemap.SourceMapGeneratorV1Test, com.google.debugging.sourcemap.SourceMapGeneratorV1Test, com.google.debugging.sourcemap.SourceMapGeneratorV2Test, com.google.debugging.sourcemap.SourceMapGeneratorV2Test, com.google.debugging.sourcemap.SourceMapGeneratorV3Test, com.google.debugging.sourcemap.SourceMapGeneratorV3Test, com.google.javascript.jscomp.AliasExternalsTest, com.google.javascript.jscomp.AliasExternalsTest, com.google.javascript.jscomp.AliasKeywordsTest, com.google.javascript.jscomp.AliasKeywordsTest, com.google.javascript.jscomp.AliasStringsTest, com.google.javascript.jscomp.AliasStringsTest, com.google.javascript.jscomp.AmbiguatePropertiesTest, com.google.javascript.jscomp.AmbiguatePropertiesTest, com.google.javascript.jscomp.AngularPassTest, com.google.javascript.jscomp.AngularPassTest, com.google.javascript.jscomp.AstParallelizerTest, com.google.javascript.jscomp.AstParallelizerTest, com.google.javascript.jscomp.AstValidatorTest, com.google.javascript.jscomp.AstValidatorTest, com.google.javascript.jscomp.BasicErrorManagerTest, com.google.javascript.jscomp.BasicErrorManagerTest, com.google.javascript.jscomp.CallGraphTest, com.google.javascript.jscomp.CallGraphTest, com.google.javascript.jscomp.ChainCallsTest, com.google.javascript.jscomp.ChainCallsTest, com.google.javascript.jscomp.CheckAccessControlsTest, com.google.javascript.jscomp.CheckAccessControlsTest, com.google.javascript.jscomp.CheckDebuggerStatementTest, com.google.javascript.jscomp.CheckDebuggerStatementTest, com.google.javascript.jscomp.CheckGlobalNamesTest, com.google.javascript.jscomp.CheckGlobalNamesTest, com.google.javascript.jscomp.CheckGlobalThisTest, com.google.javascript.jscomp.CheckGlobalThisTest, com.google.javascript.jscomp.CheckMissingGetCssNameTest, com.google.javascript.jscomp.CheckMissingGetCssNameTest, com.google.javascript.jscomp.CheckMissingReturnTest, com.google.javascript.jscomp.CheckMissingReturnTest, com.google.javascript.jscomp.CheckPathsBetweenNodesTest, com.google.javascript.jscomp.CheckPathsBetweenNodesTest, com.google.javascript.jscomp.CheckProvidesTest, com.google.javascript.jscomp.CheckProvidesTest, com.google.javascript.jscomp.CheckRegExpTest, com.google.javascript.jscomp.CheckRegExpTest, com.google.javascript.jscomp.CheckRequiresForConstructorsTest, com.google.javascript.jscomp.CheckRequiresForConstructorsTest, com.google.javascript.jscomp.CheckSideEffectsTest, com.google.javascript.jscomp.CheckSideEffectsTest, com.google.javascript.jscomp.CheckSuspiciousCodeTest, com.google.javascript.jscomp.CheckSuspiciousCodeTest, com.google.javascript.jscomp.CheckUnreachableCodeTest, com.google.javascript.jscomp.CheckUnreachableCodeTest, com.google.javascript.jscomp.CleanupPassesTest, com.google.javascript.jscomp.CleanupPassesTest, com.google.javascript.jscomp.ClosureCodeRemovalTest, com.google.javascript.jscomp.ClosureCodeRemovalTest, com.google.javascript.jscomp.ClosureCodingConventionTest, com.google.javascript.jscomp.ClosureCodingConventionTest, com.google.javascript.jscomp.ClosureOptimizePrimitivesTest, com.google.javascript.jscomp.ClosureOptimizePrimitivesTest, com.google.javascript.jscomp.ClosureReverseAbstractInterpreterTest, com.google.javascript.jscomp.ClosureReverseAbstractInterpreterTest, com.google.javascript.jscomp.ClosureRewriteClassTest, com.google.javascript.jscomp.ClosureRewriteClassTest, com.google.javascript.jscomp.CoalesceVariableNamesTest, com.google.javascript.jscomp.CoalesceVariableNamesTest, com.google.javascript.jscomp.CodePrinterTest, com.google.javascript.jscomp.CodePrinterTest, com.google.javascript.jscomp.CollapseAnonymousFunctionsTest, com.google.javascript.jscomp.CollapseAnonymousFunctionsTest, com.google.javascript.jscomp.CollapsePropertiesTest, com.google.javascript.jscomp.CollapsePropertiesTest, com.google.javascript.jscomp.CollapseVariableDeclarationsTest, com.google.javascript.jscomp.CollapseVariableDeclarationsTest, com.google.javascript.jscomp.CombinedCompilerPassTest, com.google.javascript.jscomp.CombinedCompilerPassTest, com.google.javascript.jscomp.CommandLineRunnerTest, com.google.javascript.jscomp.CommandLineRunnerTest, com.google.javascript.jscomp.CompilerOptionsTest, com.google.javascript.jscomp.CompilerOptionsTest, com.google.javascript.jscomp.CompilerTest, com.google.javascript.jscomp.CompilerTest, com.google.javascript.jscomp.ConcreteTypeTest, com.google.javascript.jscomp.ConcreteTypeTest, com.google.javascript.jscomp.ConstCheckTest, com.google.javascript.jscomp.ConstCheckTest, com.google.javascript.jscomp.ControlFlowAnalysisTest, com.google.javascript.jscomp.ControlFlowAnalysisTest, com.google.javascript.jscomp.ControlStructureCheckTest, com.google.javascript.jscomp.ControlStructureCheckTest, com.google.javascript.jscomp.ConvertToDottedPropertiesTest, com.google.javascript.jscomp.ConvertToDottedPropertiesTest, com.google.javascript.jscomp.CreateSyntheticBlocksTest, com.google.javascript.jscomp.CreateSyntheticBlocksTest, com.google.javascript.jscomp.CrossModuleCodeMotionTest, com.google.javascript.jscomp.CrossModuleCodeMotionTest, com.google.javascript.jscomp.CrossModuleMethodMotionTest, com.google.javascript.jscomp.CrossModuleMethodMotionTest, com.google.javascript.jscomp.DataFlowAnalysisTest, com.google.javascript.jscomp.DataFlowAnalysisTest, com.google.javascript.jscomp.DeadAssignmentsEliminationTest, com.google.javascript.jscomp.DeadAssignmentsEliminationTest, com.google.javascript.jscomp.DefaultCodingConventionTest, com.google.javascript.jscomp.DefaultCodingConventionTest, com.google.javascript.jscomp.DefinitionsRemoverTest, com.google.javascript.jscomp.DefinitionsRemoverTest, com.google.javascript.jscomp.DenormalizeTest, com.google.javascript.jscomp.DenormalizeTest, com.google.javascript.jscomp.DevirtualizePrototypeMethodsTest, com.google.javascript.jscomp.DevirtualizePrototypeMethodsTest, com.google.javascript.jscomp.DiagnosticGroupTest, com.google.javascript.jscomp.DiagnosticGroupTest, com.google.javascript.jscomp.DisambiguatePropertiesTest, com.google.javascript.jscomp.DisambiguatePropertiesTest, com.google.javascript.jscomp.DotFormatterTest, com.google.javascript.jscomp.DotFormatterTest, com.google.javascript.jscomp.ExpandJqueryAliasesTest, com.google.javascript.jscomp.ExpandJqueryAliasesTest, com.google.javascript.jscomp.ExploitAssignsTest, com.google.javascript.jscomp.ExploitAssignsTest, com.google.javascript.jscomp.ExportTestFunctionsTest, com.google.javascript.jscomp.ExportTestFunctionsTest, com.google.javascript.jscomp.ExpressionDecomposerTest, com.google.javascript.jscomp.ExpressionDecomposerTest, com.google.javascript.jscomp.ExternExportsPassTest, com.google.javascript.jscomp.ExternExportsPassTest, com.google.javascript.jscomp.ExtractPrototypeMemberDeclarationsTest, com.google.javascript.jscomp.ExtractPrototypeMemberDeclarationsTest, com.google.javascript.jscomp.FixedPointGraphTraversalTest, com.google.javascript.jscomp.FixedPointGraphTraversalTest, com.google.javascript.jscomp.FlowSensitiveInlineVariablesTest, com.google.javascript.jscomp.FlowSensitiveInlineVariablesTest, com.google.javascript.jscomp.FunctionArgumentInjectorTest, com.google.javascript.jscomp.FunctionArgumentInjectorTest, com.google.javascript.jscomp.FunctionInjectorTest, com.google.javascript.jscomp.FunctionInjectorTest, com.google.javascript.jscomp.FunctionNamesTest, com.google.javascript.jscomp.FunctionNamesTest, com.google.javascript.jscomp.FunctionRewriterTest, com.google.javascript.jscomp.FunctionRewriterTest, com.google.javascript.jscomp.FunctionToBlockMutatorTest, com.google.javascript.jscomp.FunctionToBlockMutatorTest, com.google.javascript.jscomp.FunctionTypeBuilderTest, com.google.javascript.jscomp.FunctionTypeBuilderTest, com.google.javascript.jscomp.GatherRawExportsTest, com.google.javascript.jscomp.GatherRawExportsTest, com.google.javascript.jscomp.GatherSideEffectSubexpressionsCallbackTest, com.google.javascript.jscomp.GatherSideEffectSubexpressionsCallbackTest, com.google.javascript.jscomp.GenerateExportsTest, com.google.javascript.jscomp.GenerateExportsTest, com.google.javascript.jscomp.GlobalNamespaceTest, com.google.javascript.jscomp.GlobalNamespaceTest, com.google.javascript.jscomp.GlobalVarReferenceMapTest, com.google.javascript.jscomp.GlobalVarReferenceMapTest, com.google.javascript.jscomp.GoogleCodingConventionTest, com.google.javascript.jscomp.GoogleCodingConventionTest, com.google.javascript.jscomp.GroupVariableDeclarationsTest, com.google.javascript.jscomp.GroupVariableDeclarationsTest, com.google.javascript.jscomp.IgnoreCajaPropertiesTest, com.google.javascript.jscomp.IgnoreCajaPropertiesTest, com.google.javascript.jscomp.InferJSDocInfoTest, com.google.javascript.jscomp.InferJSDocInfoTest, com.google.javascript.jscomp.InlineCostEstimatorTest, com.google.javascript.jscomp.InlineCostEstimatorTest, com.google.javascript.jscomp.InlineFunctionsTest, com.google.javascript.jscomp.InlineFunctionsTest, com.google.javascript.jscomp.InlineObjectLiteralsTest, com.google.javascript.jscomp.InlineObjectLiteralsTest, com.google.javascript.jscomp.InlinePropertiesTest, com.google.javascript.jscomp.InlinePropertiesTest, com.google.javascript.jscomp.InlineSimpleMethodsTest, com.google.javascript.jscomp.InlineSimpleMethodsTest, com.google.javascript.jscomp.InlineVariablesConstantsTest, com.google.javascript.jscomp.InlineVariablesConstantsTest, com.google.javascript.jscomp.InlineVariablesTest, com.google.javascript.jscomp.InlineVariablesTest, com.google.javascript.jscomp.InstrumentFunctionsTest, com.google.javascript.jscomp.InstrumentFunctionsTest, com.google.javascript.jscomp.IntegrationTest, com.google.javascript.jscomp.IntegrationTest, com.google.javascript.jscomp.JSCompilerSourceExcerptProviderTest, com.google.javascript.jscomp.JSCompilerSourceExcerptProviderTest, com.google.javascript.jscomp.JSModuleGraphTest, com.google.javascript.jscomp.JSModuleGraphTest, com.google.javascript.jscomp.JSModuleTest, com.google.javascript.jscomp.JSModuleTest, com.google.javascript.jscomp.JsMessageExtractorTest, com.google.javascript.jscomp.JsMessageExtractorTest, com.google.javascript.jscomp.JsMessageTest, com.google.javascript.jscomp.JsMessageTest, com.google.javascript.jscomp.JsMessageVisitorTest, com.google.javascript.jscomp.JsMessageVisitorTest, com.google.javascript.jscomp.LightweightMessageFormatterTest, com.google.javascript.jscomp.LightweightMessageFormatterTest, com.google.javascript.jscomp.LinkedFlowScopeTest, com.google.javascript.jscomp.LinkedFlowScopeTest, com.google.javascript.jscomp.LiveVariableAnalysisTest, com.google.javascript.jscomp.LiveVariableAnalysisTest, com.google.javascript.jscomp.LooseTypeCheckTest, com.google.javascript.jscomp.LooseTypeCheckTest, com.google.javascript.jscomp.MakeDeclaredNamesUniqueTest, com.google.javascript.jscomp.MakeDeclaredNamesUniqueTest, com.google.javascript.jscomp.MarkNoSideEffectCallsTest, com.google.javascript.jscomp.MarkNoSideEffectCallsTest, com.google.javascript.jscomp.MaybeReachingVariableUseTest, com.google.javascript.jscomp.MaybeReachingVariableUseTest, com.google.javascript.jscomp.MemoizedScopeCreatorTest, com.google.javascript.jscomp.MemoizedScopeCreatorTest, com.google.javascript.jscomp.MinimizeExitPointsTest, com.google.javascript.jscomp.MinimizeExitPointsTest, com.google.javascript.jscomp.MoveFunctionDeclarationsTest, com.google.javascript.jscomp.MoveFunctionDeclarationsTest, com.google.javascript.jscomp.MultiPassTest, com.google.javascript.jscomp.MultiPassTest, com.google.javascript.jscomp.MustBeReachingVariableDefTest, com.google.javascript.jscomp.MustBeReachingVariableDefTest, com.google.javascript.jscomp.NameAnalyzerTest, com.google.javascript.jscomp.NameAnalyzerTest, com.google.javascript.jscomp.NameAnonymousFunctionsMappedTest, com.google.javascript.jscomp.NameAnonymousFunctionsMappedTest, com.google.javascript.jscomp.NameAnonymousFunctionsTest, com.google.javascript.jscomp.NameAnonymousFunctionsTest, com.google.javascript.jscomp.NodeIteratorsTest, com.google.javascript.jscomp.NodeIteratorsTest, com.google.javascript.jscomp.NodeTraversalTest, com.google.javascript.jscomp.NodeTraversalTest, com.google.javascript.jscomp.NodeUtilTest, com.google.javascript.jscomp.NodeUtilTest, com.google.javascript.jscomp.NormalizeTest, com.google.javascript.jscomp.NormalizeTest, com.google.javascript.jscomp.ObjectPropertyStringPostprocessTest, com.google.javascript.jscomp.ObjectPropertyStringPostprocessTest, com.google.javascript.jscomp.ObjectPropertyStringPreprocessTest, com.google.javascript.jscomp.ObjectPropertyStringPreprocessTest, com.google.javascript.jscomp.OptimizeArgumentsArrayTest, com.google.javascript.jscomp.OptimizeArgumentsArrayTest, com.google.javascript.jscomp.OptimizeCallsTest, com.google.javascript.jscomp.OptimizeCallsTest, com.google.javascript.jscomp.OptimizeParametersTest, com.google.javascript.jscomp.OptimizeParametersTest, com.google.javascript.jscomp.OptimizeReturnsTest, com.google.javascript.jscomp.OptimizeReturnsTest, com.google.javascript.jscomp.PeepholeCollectPropertyAssignmentsTest, com.google.javascript.jscomp.PeepholeCollectPropertyAssignmentsTest, com.google.javascript.jscomp.PeepholeFoldConstantsTest, com.google.javascript.jscomp.PeepholeFoldConstantsTest, com.google.javascript.jscomp.PeepholeFoldWithTypesTest, com.google.javascript.jscomp.PeepholeFoldWithTypesTest, com.google.javascript.jscomp.PeepholeIntegrationTest, com.google.javascript.jscomp.PeepholeIntegrationTest, com.google.javascript.jscomp.PeepholeOptimizationsPassTest, com.google.javascript.jscomp.PeepholeOptimizationsPassTest, com.google.javascript.jscomp.PeepholeRemoveDeadCodeTest, com.google.javascript.jscomp.PeepholeRemoveDeadCodeTest, com.google.javascript.jscomp.PeepholeReplaceKnownMethodsTest, com.google.javascript.jscomp.PeepholeReplaceKnownMethodsTest, com.google.javascript.jscomp.PeepholeSimplifyRegExpTest, com.google.javascript.jscomp.PeepholeSimplifyRegExpTest, com.google.javascript.jscomp.PeepholeSubstituteAlternateSyntaxTest, com.google.javascript.jscomp.PeepholeSubstituteAlternateSyntaxTest, com.google.javascript.jscomp.PhaseOptimizerTest, com.google.javascript.jscomp.PhaseOptimizerTest, com.google.javascript.jscomp.PrepareAstTest, com.google.javascript.jscomp.PrepareAstTest, com.google.javascript.jscomp.ProcessClosurePrimitivesTest, com.google.javascript.jscomp.ProcessClosurePrimitivesTest, com.google.javascript.jscomp.ProcessCommonJSModulesTest, com.google.javascript.jscomp.ProcessCommonJSModulesTest, com.google.javascript.jscomp.ProcessDefinesTest, com.google.javascript.jscomp.ProcessDefinesTest, com.google.javascript.jscomp.ProcessTweaksTest, com.google.javascript.jscomp.ProcessTweaksTest, com.google.javascript.jscomp.PureFunctionIdentifierTest, com.google.javascript.jscomp.PureFunctionIdentifierTest, com.google.javascript.jscomp.RecordFunctionInformationTest, com.google.javascript.jscomp.RecordFunctionInformationTest, com.google.javascript.jscomp.RemoveTryCatchTest, com.google.javascript.jscomp.RemoveTryCatchTest, com.google.javascript.jscomp.RemoveUnusedClassPropertiesTest, com.google.javascript.jscomp.RemoveUnusedClassPropertiesTest, com.google.javascript.jscomp.RemoveUnusedNamesTest, com.google.javascript.jscomp.RemoveUnusedNamesTest, com.google.javascript.jscomp.RemoveUnusedPrototypePropertiesTest, com.google.javascript.jscomp.RemoveUnusedPrototypePropertiesTest, com.google.javascript.jscomp.RemoveUnusedVarsTest, com.google.javascript.jscomp.RemoveUnusedVarsTest, com.google.javascript.jscomp.RenameLabelsTest, com.google.javascript.jscomp.RenameLabelsTest, com.google.javascript.jscomp.RenameLocalVarsTest, com.google.javascript.jscomp.RenameLocalVarsTest, com.google.javascript.jscomp.RenamePropertiesTest, com.google.javascript.jscomp.RenamePropertiesTest, com.google.javascript.jscomp.RenamePrototypesTest, com.google.javascript.jscomp.RenamePrototypesTest, com.google.javascript.jscomp.RenameVarsTest, com.google.javascript.jscomp.RenameVarsTest, com.google.javascript.jscomp.ReorderConstantExpressionTest, com.google.javascript.jscomp.ReorderConstantExpressionTest, com.google.javascript.jscomp.ReplaceCssNamesTest, com.google.javascript.jscomp.ReplaceCssNamesTest, com.google.javascript.jscomp.ReplaceIdGeneratorsTest, com.google.javascript.jscomp.ReplaceIdGeneratorsTest, com.google.javascript.jscomp.ReplaceMessagesForChromeTest, com.google.javascript.jscomp.ReplaceMessagesForChromeTest, com.google.javascript.jscomp.ReplaceMessagesTest, com.google.javascript.jscomp.ReplaceMessagesTest, com.google.javascript.jscomp.ReplaceStringsTest, com.google.javascript.jscomp.ReplaceStringsTest, com.google.javascript.jscomp.RescopeGlobalSymbolsTest, com.google.javascript.jscomp.RescopeGlobalSymbolsTest, com.google.javascript.jscomp.RhinoErrorReporterTest, com.google.javascript.jscomp.RhinoErrorReporterTest, com.google.javascript.jscomp.RuntimeTypeCheckTest, com.google.javascript.jscomp.RuntimeTypeCheckTest, com.google.javascript.jscomp.SanityCheckTest, com.google.javascript.jscomp.SanityCheckTest, com.google.javascript.jscomp.ScopedAliasesTest, com.google.javascript.jscomp.ScopedAliasesTest, com.google.javascript.jscomp.SemanticReverseAbstractInterpreterTest, com.google.javascript.jscomp.SemanticReverseAbstractInterpreterTest, com.google.javascript.jscomp.ShadowVariablesTest, com.google.javascript.jscomp.ShadowVariablesTest, com.google.javascript.jscomp.SideEffectsAnalysisTest, com.google.javascript.jscomp.SideEffectsAnalysisTest, com.google.javascript.jscomp.SimpleDefinitionFinderTest, com.google.javascript.jscomp.SimpleDefinitionFinderTest, com.google.javascript.jscomp.SimpleFunctionAliasAnalysisTest, com.google.javascript.jscomp.SimpleFunctionAliasAnalysisTest, com.google.javascript.jscomp.SourceInformationAnnotatorTest, com.google.javascript.jscomp.SourceInformationAnnotatorTest, com.google.javascript.jscomp.SourceMapTest, com.google.javascript.jscomp.SourceMapTest, com.google.javascript.jscomp.SpecializeModuleTest, com.google.javascript.jscomp.SpecializeModuleTest, com.google.javascript.jscomp.StatementFusionTest, com.google.javascript.jscomp.StatementFusionTest, com.google.javascript.jscomp.StrictModeCheckTest, com.google.javascript.jscomp.StrictModeCheckTest, com.google.javascript.jscomp.StripCodeTest, com.google.javascript.jscomp.StripCodeTest, com.google.javascript.jscomp.SymbolTableTest, com.google.javascript.jscomp.SymbolTableTest, com.google.javascript.jscomp.SyntacticScopeCreatorTest, com.google.javascript.jscomp.SyntacticScopeCreatorTest, com.google.javascript.jscomp.TightenTypesTest, com.google.javascript.jscomp.TightenTypesTest, com.google.javascript.jscomp.TransformAMDToCJSModuleTest, com.google.javascript.jscomp.TransformAMDToCJSModuleTest, com.google.javascript.jscomp.TypeCheckFunctionCheckTest, com.google.javascript.jscomp.TypeCheckFunctionCheckTest, com.google.javascript.jscomp.TypeCheckTest, com.google.javascript.jscomp.TypeCheckTest, com.google.javascript.jscomp.TypeInferenceTest, com.google.javascript.jscomp.TypeInferenceTest, com.google.javascript.jscomp.TypeValidatorTest, com.google.javascript.jscomp.TypeValidatorTest, com.google.javascript.jscomp.TypedScopeCreatorTest, com.google.javascript.jscomp.TypedScopeCreatorTest, com.google.javascript.jscomp.UnreachableCodeEliminationTest, com.google.javascript.jscomp.UnreachableCodeEliminationTest, com.google.javascript.jscomp.VarCheckTest, com.google.javascript.jscomp.VarCheckTest, com.google.javascript.jscomp.VariableMapTest, com.google.javascript.jscomp.VariableMapTest, com.google.javascript.jscomp.VariableReferenceCheckTest, com.google.javascript.jscomp.VariableReferenceCheckTest, com.google.javascript.jscomp.VariableVisibilityAnalysisTest, com.google.javascript.jscomp.VariableVisibilityAnalysisTest, com.google.javascript.jscomp.XtbMessageBundleTest, com.google.javascript.jscomp.XtbMessageBundleTest, com.google.javascript.jscomp.deps.DepsFileParserTest, com.google.javascript.jscomp.deps.DepsFileParserTest, com.google.javascript.jscomp.deps.JsFileLineParserTest, com.google.javascript.jscomp.deps.JsFileLineParserTest, com.google.javascript.jscomp.deps.JsFileParserTest, com.google.javascript.jscomp.deps.JsFileParserTest, com.google.javascript.jscomp.deps.JsFunctionParserTest, com.google.javascript.jscomp.deps.JsFunctionParserTest, com.google.javascript.jscomp.deps.SortedDependenciesTest, com.google.javascript.jscomp.deps.SortedDependenciesTest, com.google.javascript.jscomp.graph.GraphColoringTest, com.google.javascript.jscomp.graph.GraphColoringTest, com.google.javascript.jscomp.graph.GraphPrunerTest, com.google.javascript.jscomp.graph.GraphPrunerTest, com.google.javascript.jscomp.graph.GraphReachabilityTest, com.google.javascript.jscomp.graph.GraphReachabilityTest, com.google.javascript.jscomp.graph.GraphTest, com.google.javascript.jscomp.graph.GraphTest, com.google.javascript.jscomp.graph.StandardUnionFindTest, com.google.javascript.jscomp.graph.StandardUnionFindTest, com.google.javascript.jscomp.jsonml.JsonMLConversionTest, com.google.javascript.jscomp.jsonml.JsonMLConversionTest, com.google.javascript.jscomp.jsonml.JsonMLValidationTest, com.google.javascript.jscomp.jsonml.JsonMLValidationTest, com.google.javascript.jscomp.jsonml.SecureCompilerTest, com.google.javascript.jscomp.jsonml.SecureCompilerTest, com.google.javascript.jscomp.parsing.IRFactoryTest, com.google.javascript.jscomp.parsing.IRFactoryTest, com.google.javascript.jscomp.parsing.JsDocInfoParserTest, com.google.javascript.jscomp.parsing.JsDocInfoParserTest, com.google.javascript.jscomp.parsing.JsDocTokenStreamTest, com.google.javascript.jscomp.parsing.JsDocTokenStreamTest, com.google.javascript.jscomp.parsing.ParserTest, com.google.javascript.jscomp.parsing.ParserTest, com.google.javascript.jscomp.regex.CharRangesTest, com.google.javascript.jscomp.regex.CharRangesTest, com.google.javascript.rhino.IRTest, com.google.javascript.rhino.IRTest, com.google.javascript.rhino.JSDocInfoTest, com.google.javascript.rhino.JSDocInfoTest, com.google.javascript.rhino.NodeTest, com.google.javascript.rhino.NodeTest, com.google.javascript.rhino.jstype.BooleanLiteralSetTest, com.google.javascript.rhino.jstype.BooleanLiteralSetTest, com.google.javascript.rhino.jstype.EnumElementTypeTest, com.google.javascript.rhino.jstype.EnumElementTypeTest, com.google.javascript.rhino.jstype.FunctionParamBuilderTest, com.google.javascript.rhino.jstype.FunctionParamBuilderTest, com.google.javascript.rhino.jstype.FunctionTypeTest, com.google.javascript.rhino.jstype.FunctionTypeTest, com.google.javascript.rhino.jstype.JSTypeRegistryTest, com.google.javascript.rhino.jstype.JSTypeRegistryTest, com.google.javascript.rhino.jstype.JSTypeTest, com.google.javascript.rhino.jstype.JSTypeTest, com.google.javascript.rhino.jstype.NamedTypeTest, com.google.javascript.rhino.jstype.NamedTypeTest, com.google.javascript.rhino.jstype.PrototypeObjectTypeTest, com.google.javascript.rhino.jstype.PrototypeObjectTypeTest, com.google.javascript.rhino.jstype.RecordTypeTest, com.google.javascript.rhino.jstype.RecordTypeTest, com.google.javascript.rhino.jstype.TemplatizedTypeTest, com.google.javascript.rhino.jstype.TemplatizedTypeTest, com.google.javascript.rhino.jstype.TernaryValueTest, com.google.javascript.rhino.jstype.TernaryValueTest, com.google.javascript.rhino.jstype.UnionTypeBuilderTest, com.google.javascript.rhino.jstype.UnionTypeBuilderTest, com.google.javascript.rhino.jstype.UnionTypeTest, com.google.javascript.rhino.jstype.UnionTypeTest]
[3] INFO NoPol - Config: Config{synthesisDepth=3, collectStaticMethods=true, collectStaticFields=false, collectLiterals=false, onlyOneSynthesisResult=false, sortExpressions=true, maxLineInvocationPerTest=250, timeoutMethodInvocation=2000, dataCollectionTimeoutInSecondForSynthesis=900, addWeight=0.19478, subWeight=0.04554, mulWeight=0.0102, divWeight=0.00613, andWeight=0.10597, orWeight=0.05708, eqWeight=0.22798, nEqWeight=0.0, lessEqWeight=0.0255, lessWeight=0.0947, methodCallWeight=0.1, fieldAccessWeight=0.08099, constantWeight=0.14232, variableWeight=0.05195, mode=REPAIR, type=PRE_THEN_COND, synthesis=SMT, oracle=ANGELIC, solver=Z3, solverPath='script/../tools//libs/z3_for_linux', projectSources=[script/workingdir/Nopol/Closure_129/src], projectClasspath='[Ljava.net.URL;@28c97a5', projectTests=[com.google.debugging.sourcemap.Base64Test, com.google.debugging.sourcemap.Base64Test, com.google.debugging.sourcemap.Base64VLQTest, com.google.debugging.sourcemap.Base64VLQTest, com.google.debugging.sourcemap.SourceMapConsumerV1Test, com.google.debugging.sourcemap.SourceMapConsumerV1Test, com.google.debugging.sourcemap.SourceMapConsumerV2Test, com.google.debugging.sourcemap.SourceMapConsumerV2Test, com.google.debugging.sourcemap.SourceMapGeneratorV1Test, com.google.debugging.sourcemap.SourceMapGeneratorV1Test, com.google.debugging.sourcemap.SourceMapGeneratorV2Test, com.google.debugging.sourcemap.SourceMapGeneratorV2Test, com.google.debugging.sourcemap.SourceMapGeneratorV3Test, com.google.debugging.sourcemap.SourceMapGeneratorV3Test, com.google.javascript.jscomp.AliasExternalsTest, com.google.javascript.jscomp.AliasExternalsTest, com.google.javascript.jscomp.AliasKeywordsTest, com.google.javascript.jscomp.AliasKeywordsTest, com.google.javascript.jscomp.AliasStringsTest, com.google.javascript.jscomp.AliasStringsTest, com.google.javascript.jscomp.AmbiguatePropertiesTest, com.google.javascript.jscomp.AmbiguatePropertiesTest, com.google.javascript.jscomp.AngularPassTest, com.google.javascript.jscomp.AngularPassTest, com.google.javascript.jscomp.AstParallelizerTest, com.google.javascript.jscomp.AstParallelizerTest, com.google.javascript.jscomp.AstValidatorTest, com.google.javascript.jscomp.AstValidatorTest, com.google.javascript.jscomp.BasicErrorManagerTest, com.google.javascript.jscomp.BasicErrorManagerTest, com.google.javascript.jscomp.CallGraphTest, com.google.javascript.jscomp.CallGraphTest, com.google.javascript.jscomp.ChainCallsTest, com.google.javascript.jscomp.ChainCallsTest, com.google.javascript.jscomp.CheckAccessControlsTest, com.google.javascript.jscomp.CheckAccessControlsTest, com.google.javascript.jscomp.CheckDebuggerStatementTest, com.google.javascript.jscomp.CheckDebuggerStatementTest, com.google.javascript.jscomp.CheckGlobalNamesTest, com.google.javascript.jscomp.CheckGlobalNamesTest, com.google.javascript.jscomp.CheckGlobalThisTest, com.google.javascript.jscomp.CheckGlobalThisTest, com.google.javascript.jscomp.CheckMissingGetCssNameTest, com.google.javascript.jscomp.CheckMissingGetCssNameTest, com.google.javascript.jscomp.CheckMissingReturnTest, com.google.javascript.jscomp.CheckMissingReturnTest, com.google.javascript.jscomp.CheckPathsBetweenNodesTest, com.google.javascript.jscomp.CheckPathsBetweenNodesTest, com.google.javascript.jscomp.CheckProvidesTest, com.google.javascript.jscomp.CheckProvidesTest, com.google.javascript.jscomp.CheckRegExpTest, com.google.javascript.jscomp.CheckRegExpTest, com.google.javascript.jscomp.CheckRequiresForConstructorsTest, com.google.javascript.jscomp.CheckRequiresForConstructorsTest, com.google.javascript.jscomp.CheckSideEffectsTest, com.google.javascript.jscomp.CheckSideEffectsTest, com.google.javascript.jscomp.CheckSuspiciousCodeTest, com.google.javascript.jscomp.CheckSuspiciousCodeTest, com.google.javascript.jscomp.CheckUnreachableCodeTest, com.google.javascript.jscomp.CheckUnreachableCodeTest, com.google.javascript.jscomp.CleanupPassesTest, com.google.javascript.jscomp.CleanupPassesTest, com.google.javascript.jscomp.ClosureCodeRemovalTest, com.google.javascript.jscomp.ClosureCodeRemovalTest, com.google.javascript.jscomp.ClosureCodingConventionTest, com.google.javascript.jscomp.ClosureCodingConventionTest, com.google.javascript.jscomp.ClosureOptimizePrimitivesTest, com.google.javascript.jscomp.ClosureOptimizePrimitivesTest, com.google.javascript.jscomp.ClosureReverseAbstractInterpreterTest, com.google.javascript.jscomp.ClosureReverseAbstractInterpreterTest, com.google.javascript.jscomp.ClosureRewriteClassTest, com.google.javascript.jscomp.ClosureRewriteClassTest, com.google.javascript.jscomp.CoalesceVariableNamesTest, com.google.javascript.jscomp.CoalesceVariableNamesTest, com.google.javascript.jscomp.CodePrinterTest, com.google.javascript.jscomp.CodePrinterTest, com.google.javascript.jscomp.CollapseAnonymousFunctionsTest, com.google.javascript.jscomp.CollapseAnonymousFunctionsTest, com.google.javascript.jscomp.CollapsePropertiesTest, com.google.javascript.jscomp.CollapsePropertiesTest, com.google.javascript.jscomp.CollapseVariableDeclarationsTest, com.google.javascript.jscomp.CollapseVariableDeclarationsTest, com.google.javascript.jscomp.CombinedCompilerPassTest, com.google.javascript.jscomp.CombinedCompilerPassTest, com.google.javascript.jscomp.CommandLineRunnerTest, com.google.javascript.jscomp.CommandLineRunnerTest, com.google.javascript.jscomp.CompilerOptionsTest, com.google.javascript.jscomp.CompilerOptionsTest, com.google.javascript.jscomp.CompilerTest, com.google.javascript.jscomp.CompilerTest, com.google.javascript.jscomp.ConcreteTypeTest, com.google.javascript.jscomp.ConcreteTypeTest, com.google.javascript.jscomp.ConstCheckTest, com.google.javascript.jscomp.ConstCheckTest, com.google.javascript.jscomp.ControlFlowAnalysisTest, com.google.javascript.jscomp.ControlFlowAnalysisTest, com.google.javascript.jscomp.ControlStructureCheckTest, com.google.javascript.jscomp.ControlStructureCheckTest, com.google.javascript.jscomp.ConvertToDottedPropertiesTest, com.google.javascript.jscomp.ConvertToDottedPropertiesTest, com.google.javascript.jscomp.CreateSyntheticBlocksTest, com.google.javascript.jscomp.CreateSyntheticBlocksTest, com.google.javascript.jscomp.CrossModuleCodeMotionTest, com.google.javascript.jscomp.CrossModuleCodeMotionTest, com.google.javascript.jscomp.CrossModuleMethodMotionTest, com.google.javascript.jscomp.CrossModuleMethodMotionTest, com.google.javascript.jscomp.DataFlowAnalysisTest, com.google.javascript.jscomp.DataFlowAnalysisTest, com.google.javascript.jscomp.DeadAssignmentsEliminationTest, com.google.javascript.jscomp.DeadAssignmentsEliminationTest, com.google.javascript.jscomp.DefaultCodingConventionTest, com.google.javascript.jscomp.DefaultCodingConventionTest, com.google.javascript.jscomp.DefinitionsRemoverTest, com.google.javascript.jscomp.DefinitionsRemoverTest, com.google.javascript.jscomp.DenormalizeTest, com.google.javascript.jscomp.DenormalizeTest, com.google.javascript.jscomp.DevirtualizePrototypeMethodsTest, com.google.javascript.jscomp.DevirtualizePrototypeMethodsTest, com.google.javascript.jscomp.DiagnosticGroupTest, com.google.javascript.jscomp.DiagnosticGroupTest, com.google.javascript.jscomp.DisambiguatePropertiesTest, com.google.javascript.jscomp.DisambiguatePropertiesTest, com.google.javascript.jscomp.DotFormatterTest, com.google.javascript.jscomp.DotFormatterTest, com.google.javascript.jscomp.ExpandJqueryAliasesTest, com.google.javascript.jscomp.ExpandJqueryAliasesTest, com.google.javascript.jscomp.ExploitAssignsTest, com.google.javascript.jscomp.ExploitAssignsTest, com.google.javascript.jscomp.ExportTestFunctionsTest, com.google.javascript.jscomp.ExportTestFunctionsTest, com.google.javascript.jscomp.ExpressionDecomposerTest, com.google.javascript.jscomp.ExpressionDecomposerTest, com.google.javascript.jscomp.ExternExportsPassTest, com.google.javascript.jscomp.ExternExportsPassTest, com.google.javascript.jscomp.ExtractPrototypeMemberDeclarationsTest, com.google.javascript.jscomp.ExtractPrototypeMemberDeclarationsTest, com.google.javascript.jscomp.FixedPointGraphTraversalTest, com.google.javascript.jscomp.FixedPointGraphTraversalTest, com.google.javascript.jscomp.FlowSensitiveInlineVariablesTest, com.google.javascript.jscomp.FlowSensitiveInlineVariablesTest, com.google.javascript.jscomp.FunctionArgumentInjectorTest, com.google.javascript.jscomp.FunctionArgumentInjectorTest, com.google.javascript.jscomp.FunctionInjectorTest, com.google.javascript.jscomp.FunctionInjectorTest, com.google.javascript.jscomp.FunctionNamesTest, com.google.javascript.jscomp.FunctionNamesTest, com.google.javascript.jscomp.FunctionRewriterTest, com.google.javascript.jscomp.FunctionRewriterTest, com.google.javascript.jscomp.FunctionToBlockMutatorTest, com.google.javascript.jscomp.FunctionToBlockMutatorTest, com.google.javascript.jscomp.FunctionTypeBuilderTest, com.google.javascript.jscomp.FunctionTypeBuilderTest, com.google.javascript.jscomp.GatherRawExportsTest, com.google.javascript.jscomp.GatherRawExportsTest, com.google.javascript.jscomp.GatherSideEffectSubexpressionsCallbackTest, com.google.javascript.jscomp.GatherSideEffectSubexpressionsCallbackTest, com.google.javascript.jscomp.GenerateExportsTest, com.google.javascript.jscomp.GenerateExportsTest, com.google.javascript.jscomp.GlobalNamespaceTest, com.google.javascript.jscomp.GlobalNamespaceTest, com.google.javascript.jscomp.GlobalVarReferenceMapTest, com.google.javascript.jscomp.GlobalVarReferenceMapTest, com.google.javascript.jscomp.GoogleCodingConventionTest, com.google.javascript.jscomp.GoogleCodingConventionTest, com.google.javascript.jscomp.GroupVariableDeclarationsTest, com.google.javascript.jscomp.GroupVariableDeclarationsTest, com.google.javascript.jscomp.IgnoreCajaPropertiesTest, com.google.javascript.jscomp.IgnoreCajaPropertiesTest, com.google.javascript.jscomp.InferJSDocInfoTest, com.google.javascript.jscomp.InferJSDocInfoTest, com.google.javascript.jscomp.InlineCostEstimatorTest, com.google.javascript.jscomp.InlineCostEstimatorTest, com.google.javascript.jscomp.InlineFunctionsTest, com.google.javascript.jscomp.InlineFunctionsTest, com.google.javascript.jscomp.InlineObjectLiteralsTest, com.google.javascript.jscomp.InlineObjectLiteralsTest, com.google.javascript.jscomp.InlinePropertiesTest, com.google.javascript.jscomp.InlinePropertiesTest, com.google.javascript.jscomp.InlineSimpleMethodsTest, com.google.javascript.jscomp.InlineSimpleMethodsTest, com.google.javascript.jscomp.InlineVariablesConstantsTest, com.google.javascript.jscomp.InlineVariablesConstantsTest, com.google.javascript.jscomp.InlineVariablesTest, com.google.javascript.jscomp.InlineVariablesTest, com.google.javascript.jscomp.InstrumentFunctionsTest, com.google.javascript.jscomp.InstrumentFunctionsTest, com.google.javascript.jscomp.IntegrationTest, com.google.javascript.jscomp.IntegrationTest, com.google.javascript.jscomp.JSCompilerSourceExcerptProviderTest, com.google.javascript.jscomp.JSCompilerSourceExcerptProviderTest, com.google.javascript.jscomp.JSModuleGraphTest, com.google.javascript.jscomp.JSModuleGraphTest, com.google.javascript.jscomp.JSModuleTest, com.google.javascript.jscomp.JSModuleTest, com.google.javascript.jscomp.JsMessageExtractorTest, com.google.javascript.jscomp.JsMessageExtractorTest, com.google.javascript.jscomp.JsMessageTest, com.google.javascript.jscomp.JsMessageTest, com.google.javascript.jscomp.JsMessageVisitorTest, com.google.javascript.jscomp.JsMessageVisitorTest, com.google.javascript.jscomp.LightweightMessageFormatterTest, com.google.javascript.jscomp.LightweightMessageFormatterTest, com.google.javascript.jscomp.LinkedFlowScopeTest, com.google.javascript.jscomp.LinkedFlowScopeTest, com.google.javascript.jscomp.LiveVariableAnalysisTest, com.google.javascript.jscomp.LiveVariableAnalysisTest, com.google.javascript.jscomp.LooseTypeCheckTest, com.google.javascript.jscomp.LooseTypeCheckTest, com.google.javascript.jscomp.MakeDeclaredNamesUniqueTest, com.google.javascript.jscomp.MakeDeclaredNamesUniqueTest, com.google.javascript.jscomp.MarkNoSideEffectCallsTest, com.google.javascript.jscomp.MarkNoSideEffectCallsTest, com.google.javascript.jscomp.MaybeReachingVariableUseTest, com.google.javascript.jscomp.MaybeReachingVariableUseTest, com.google.javascript.jscomp.MemoizedScopeCreatorTest, com.google.javascript.jscomp.MemoizedScopeCreatorTest, com.google.javascript.jscomp.MinimizeExitPointsTest, com.google.javascript.jscomp.MinimizeExitPointsTest, com.google.javascript.jscomp.MoveFunctionDeclarationsTest, com.google.javascript.jscomp.MoveFunctionDeclarationsTest, com.google.javascript.jscomp.MultiPassTest, com.google.javascript.jscomp.MultiPassTest, com.google.javascript.jscomp.MustBeReachingVariableDefTest, com.google.javascript.jscomp.MustBeReachingVariableDefTest, com.google.javascript.jscomp.NameAnalyzerTest, com.google.javascript.jscomp.NameAnalyzerTest, com.google.javascript.jscomp.NameAnonymousFunctionsMappedTest, com.google.javascript.jscomp.NameAnonymousFunctionsMappedTest, com.google.javascript.jscomp.NameAnonymousFunctionsTest, com.google.javascript.jscomp.NameAnonymousFunctionsTest, com.google.javascript.jscomp.NodeIteratorsTest, com.google.javascript.jscomp.NodeIteratorsTest, com.google.javascript.jscomp.NodeTraversalTest, com.google.javascript.jscomp.NodeTraversalTest, com.google.javascript.jscomp.NodeUtilTest, com.google.javascript.jscomp.NodeUtilTest, com.google.javascript.jscomp.NormalizeTest, com.google.javascript.jscomp.NormalizeTest, com.google.javascript.jscomp.ObjectPropertyStringPostprocessTest, com.google.javascript.jscomp.ObjectPropertyStringPostprocessTest, com.google.javascript.jscomp.ObjectPropertyStringPreprocessTest, com.google.javascript.jscomp.ObjectPropertyStringPreprocessTest, com.google.javascript.jscomp.OptimizeArgumentsArrayTest, com.google.javascript.jscomp.OptimizeArgumentsArrayTest, com.google.javascript.jscomp.OptimizeCallsTest, com.google.javascript.jscomp.OptimizeCallsTest, com.google.javascript.jscomp.OptimizeParametersTest, com.google.javascript.jscomp.OptimizeParametersTest, com.google.javascript.jscomp.OptimizeReturnsTest, com.google.javascript.jscomp.OptimizeReturnsTest, com.google.javascript.jscomp.PeepholeCollectPropertyAssignmentsTest, com.google.javascript.jscomp.PeepholeCollectPropertyAssignmentsTest, com.google.javascript.jscomp.PeepholeFoldConstantsTest, com.google.javascript.jscomp.PeepholeFoldConstantsTest, com.google.javascript.jscomp.PeepholeFoldWithTypesTest, com.google.javascript.jscomp.PeepholeFoldWithTypesTest, com.google.javascript.jscomp.PeepholeIntegrationTest, com.google.javascript.jscomp.PeepholeIntegrationTest, com.google.javascript.jscomp.PeepholeOptimizationsPassTest, com.google.javascript.jscomp.PeepholeOptimizationsPassTest, com.google.javascript.jscomp.PeepholeRemoveDeadCodeTest, com.google.javascript.jscomp.PeepholeRemoveDeadCodeTest, com.google.javascript.jscomp.PeepholeReplaceKnownMethodsTest, com.google.javascript.jscomp.PeepholeReplaceKnownMethodsTest, com.google.javascript.jscomp.PeepholeSimplifyRegExpTest, com.google.javascript.jscomp.PeepholeSimplifyRegExpTest, com.google.javascript.jscomp.PeepholeSubstituteAlternateSyntaxTest, com.google.javascript.jscomp.PeepholeSubstituteAlternateSyntaxTest, com.google.javascript.jscomp.PhaseOptimizerTest, com.google.javascript.jscomp.PhaseOptimizerTest, com.google.javascript.jscomp.PrepareAstTest, com.google.javascript.jscomp.PrepareAstTest, com.google.javascript.jscomp.ProcessClosurePrimitivesTest, com.google.javascript.jscomp.ProcessClosurePrimitivesTest, com.google.javascript.jscomp.ProcessCommonJSModulesTest, com.google.javascript.jscomp.ProcessCommonJSModulesTest, com.google.javascript.jscomp.ProcessDefinesTest, com.google.javascript.jscomp.ProcessDefinesTest, com.google.javascript.jscomp.ProcessTweaksTest, com.google.javascript.jscomp.ProcessTweaksTest, com.google.javascript.jscomp.PureFunctionIdentifierTest, com.google.javascript.jscomp.PureFunctionIdentifierTest, com.google.javascript.jscomp.RecordFunctionInformationTest, com.google.javascript.jscomp.RecordFunctionInformationTest, com.google.javascript.jscomp.RemoveTryCatchTest, com.google.javascript.jscomp.RemoveTryCatchTest, com.google.javascript.jscomp.RemoveUnusedClassPropertiesTest, com.google.javascript.jscomp.RemoveUnusedClassPropertiesTest, com.google.javascript.jscomp.RemoveUnusedNamesTest, com.google.javascript.jscomp.RemoveUnusedNamesTest, com.google.javascript.jscomp.RemoveUnusedPrototypePropertiesTest, com.google.javascript.jscomp.RemoveUnusedPrototypePropertiesTest, com.google.javascript.jscomp.RemoveUnusedVarsTest, com.google.javascript.jscomp.RemoveUnusedVarsTest, com.google.javascript.jscomp.RenameLabelsTest, com.google.javascript.jscomp.RenameLabelsTest, com.google.javascript.jscomp.RenameLocalVarsTest, com.google.javascript.jscomp.RenameLocalVarsTest, com.google.javascript.jscomp.RenamePropertiesTest, com.google.javascript.jscomp.RenamePropertiesTest, com.google.javascript.jscomp.RenamePrototypesTest, com.google.javascript.jscomp.RenamePrototypesTest, com.google.javascript.jscomp.RenameVarsTest, com.google.javascript.jscomp.RenameVarsTest, com.google.javascript.jscomp.ReorderConstantExpressionTest, com.google.javascript.jscomp.ReorderConstantExpressionTest, com.google.javascript.jscomp.ReplaceCssNamesTest, com.google.javascript.jscomp.ReplaceCssNamesTest, com.google.javascript.jscomp.ReplaceIdGeneratorsTest, com.google.javascript.jscomp.ReplaceIdGeneratorsTest, com.google.javascript.jscomp.ReplaceMessagesForChromeTest, com.google.javascript.jscomp.ReplaceMessagesForChromeTest, com.google.javascript.jscomp.ReplaceMessagesTest, com.google.javascript.jscomp.ReplaceMessagesTest, com.google.javascript.jscomp.ReplaceStringsTest, com.google.javascript.jscomp.ReplaceStringsTest, com.google.javascript.jscomp.RescopeGlobalSymbolsTest, com.google.javascript.jscomp.RescopeGlobalSymbolsTest, com.google.javascript.jscomp.RhinoErrorReporterTest, com.google.javascript.jscomp.RhinoErrorReporterTest, com.google.javascript.jscomp.RuntimeTypeCheckTest, com.google.javascript.jscomp.RuntimeTypeCheckTest, com.google.javascript.jscomp.SanityCheckTest, com.google.javascript.jscomp.SanityCheckTest, com.google.javascript.jscomp.ScopedAliasesTest, com.google.javascript.jscomp.ScopedAliasesTest, com.google.javascript.jscomp.SemanticReverseAbstractInterpreterTest, com.google.javascript.jscomp.SemanticReverseAbstractInterpreterTest, com.google.javascript.jscomp.ShadowVariablesTest, com.google.javascript.jscomp.ShadowVariablesTest, com.google.javascript.jscomp.SideEffectsAnalysisTest, com.google.javascript.jscomp.SideEffectsAnalysisTest, com.google.javascript.jscomp.SimpleDefinitionFinderTest, com.google.javascript.jscomp.SimpleDefinitionFinderTest, com.google.javascript.jscomp.SimpleFunctionAliasAnalysisTest, com.google.javascript.jscomp.SimpleFunctionAliasAnalysisTest, com.google.javascript.jscomp.SourceInformationAnnotatorTest, com.google.javascript.jscomp.SourceInformationAnnotatorTest, com.google.javascript.jscomp.SourceMapTest, com.google.javascript.jscomp.SourceMapTest, com.google.javascript.jscomp.SpecializeModuleTest, com.google.javascript.jscomp.SpecializeModuleTest, com.google.javascript.jscomp.StatementFusionTest, com.google.javascript.jscomp.StatementFusionTest, com.google.javascript.jscomp.StrictModeCheckTest, com.google.javascript.jscomp.StrictModeCheckTest, com.google.javascript.jscomp.StripCodeTest, com.google.javascript.jscomp.StripCodeTest, com.google.javascript.jscomp.SymbolTableTest, com.google.javascript.jscomp.SymbolTableTest, com.google.javascript.jscomp.SyntacticScopeCreatorTest, com.google.javascript.jscomp.SyntacticScopeCreatorTest, com.google.javascript.jscomp.TightenTypesTest, com.google.javascript.jscomp.TightenTypesTest, com.google.javascript.jscomp.TransformAMDToCJSModuleTest, com.google.javascript.jscomp.TransformAMDToCJSModuleTest, com.google.javascript.jscomp.TypeCheckFunctionCheckTest, com.google.javascript.jscomp.TypeCheckFunctionCheckTest, com.google.javascript.jscomp.TypeCheckTest, com.google.javascript.jscomp.TypeCheckTest, com.google.javascript.jscomp.TypeInferenceTest, com.google.javascript.jscomp.TypeInferenceTest, com.google.javascript.jscomp.TypeValidatorTest, com.google.javascript.jscomp.TypeValidatorTest, com.google.javascript.jscomp.TypedScopeCreatorTest, com.google.javascript.jscomp.TypedScopeCreatorTest, com.google.javascript.jscomp.UnreachableCodeEliminationTest, com.google.javascript.jscomp.UnreachableCodeEliminationTest, com.google.javascript.jscomp.VarCheckTest, com.google.javascript.jscomp.VarCheckTest, com.google.javascript.jscomp.VariableMapTest, com.google.javascript.jscomp.VariableMapTest, com.google.javascript.jscomp.VariableReferenceCheckTest, com.google.javascript.jscomp.VariableReferenceCheckTest, com.google.javascript.jscomp.VariableVisibilityAnalysisTest, com.google.javascript.jscomp.VariableVisibilityAnalysisTest, com.google.javascript.jscomp.XtbMessageBundleTest, com.google.javascript.jscomp.XtbMessageBundleTest, com.google.javascript.jscomp.deps.DepsFileParserTest, com.google.javascript.jscomp.deps.DepsFileParserTest, com.google.javascript.jscomp.deps.JsFileLineParserTest, com.google.javascript.jscomp.deps.JsFileLineParserTest, com.google.javascript.jscomp.deps.JsFileParserTest, com.google.javascript.jscomp.deps.JsFileParserTest, com.google.javascript.jscomp.deps.JsFunctionParserTest, com.google.javascript.jscomp.deps.JsFunctionParserTest, com.google.javascript.jscomp.deps.SortedDependenciesTest, com.google.javascript.jscomp.deps.SortedDependenciesTest, com.google.javascript.jscomp.graph.GraphColoringTest, com.google.javascript.jscomp.graph.GraphColoringTest, com.google.javascript.jscomp.graph.GraphPrunerTest, com.google.javascript.jscomp.graph.GraphPrunerTest, com.google.javascript.jscomp.graph.GraphReachabilityTest, com.google.javascript.jscomp.graph.GraphReachabilityTest, com.google.javascript.jscomp.graph.GraphTest, com.google.javascript.jscomp.graph.GraphTest, com.google.javascript.jscomp.graph.StandardUnionFindTest, com.google.javascript.jscomp.graph.StandardUnionFindTest, com.google.javascript.jscomp.jsonml.JsonMLConversionTest, com.google.javascript.jscomp.jsonml.JsonMLConversionTest, com.google.javascript.jscomp.jsonml.JsonMLValidationTest, com.google.javascript.jscomp.jsonml.JsonMLValidationTest, com.google.javascript.jscomp.jsonml.SecureCompilerTest, com.google.javascript.jscomp.jsonml.SecureCompilerTest, com.google.javascript.jscomp.parsing.IRFactoryTest, com.google.javascript.jscomp.parsing.IRFactoryTest, com.google.javascript.jscomp.parsing.JsDocInfoParserTest, com.google.javascript.jscomp.parsing.JsDocInfoParserTest, com.google.javascript.jscomp.parsing.JsDocTokenStreamTest, com.google.javascript.jscomp.parsing.JsDocTokenStreamTest, com.google.javascript.jscomp.parsing.ParserTest, com.google.javascript.jscomp.parsing.ParserTest, com.google.javascript.jscomp.regex.CharRangesTest, com.google.javascript.jscomp.regex.CharRangesTest, com.google.javascript.rhino.IRTest, com.google.javascript.rhino.IRTest, com.google.javascript.rhino.JSDocInfoTest, com.google.javascript.rhino.JSDocInfoTest, com.google.javascript.rhino.NodeTest, com.google.javascript.rhino.NodeTest, com.google.javascript.rhino.jstype.BooleanLiteralSetTest, com.google.javascript.rhino.jstype.BooleanLiteralSetTest, com.google.javascript.rhino.jstype.EnumElementTypeTest, com.google.javascript.rhino.jstype.EnumElementTypeTest, com.google.javascript.rhino.jstype.FunctionParamBuilderTest, com.google.javascript.rhino.jstype.FunctionParamBuilderTest, com.google.javascript.rhino.jstype.FunctionTypeTest, com.google.javascript.rhino.jstype.FunctionTypeTest, com.google.javascript.rhino.jstype.JSTypeRegistryTest, com.google.javascript.rhino.jstype.JSTypeRegistryTest, com.google.javascript.rhino.jstype.JSTypeTest, com.google.javascript.rhino.jstype.JSTypeTest, com.google.javascript.rhino.jstype.NamedTypeTest, com.google.javascript.rhino.jstype.NamedTypeTest, com.google.javascript.rhino.jstype.PrototypeObjectTypeTest, com.google.javascript.rhino.jstype.PrototypeObjectTypeTest, com.google.javascript.rhino.jstype.RecordTypeTest, com.google.javascript.rhino.jstype.RecordTypeTest, com.google.javascript.rhino.jstype.TemplatizedTypeTest, com.google.javascript.rhino.jstype.TemplatizedTypeTest, com.google.javascript.rhino.jstype.TernaryValueTest, com.google.javascript.rhino.jstype.TernaryValueTest, com.google.javascript.rhino.jstype.UnionTypeBuilderTest, com.google.javascript.rhino.jstype.UnionTypeBuilderTest, com.google.javascript.rhino.jstype.UnionTypeTest, com.google.javascript.rhino.jstype.UnionTypeTest], complianceLevel=7, outputFolder=/experiment_home///results/Nopol/Closure/129/seed_252/, json=true}
[3] INFO NoPol - Available processors (cores): 36
[7] INFO NoPol - Free memory: 1 GB
[7] INFO NoPol - Maximum memory: 7 GB
[7] INFO NoPol - Total memory available to JVM: 1 GB
[8] INFO NoPol - Java version: 1.8.0_45
[9] INFO NoPol - JAVA_HOME: /experiment_home/jdk1.8.0_45/
[9] INFO NoPol - PATH: /experiment_home/foo/bin:/experiment_home/perl5/bin:/experiment_home/jdk1.8.0_45//bin:/experiment_home/maven/apache-maven-3.6.0/bin:/experiment_home/commands/:/experiment_home/gradle/gradle-5.4.1/bin/:/usr/local/bin:/usr/bin:/bin:/usr/local/games:/usr/games:/opt/dell/srvadmin/bin:/usr/local/cuda/bin:/opt/rocm/bin:/grid5000/code/bin:/experiment_home/defects4j/framework/bin
GPR[SSUP]-1658668862686
GPR[ESUP]-1658668862686
GPR[SFL]-1658668862686
GPR[EFL]-1658668906630
GPR[SFP]-1658668906630
GPR[SSUN]-1658668909094
-283827935
GPR[SPVATF]-1658668909580
GPR[EPVATF]-1658668909636
[51683] ERROR NoPol - Error ExecutionException java.util.concurrent.ExecutionException: java.lang.RuntimeException: failingTestCasesValidated: nothing to repair, no failing test cases
GPR[ESUN]-1658668909636
GPR[SSUN]-1658668909636
-283827935
GPR[ESUN]-1658668909837
GPR[SSUN]-1658668909837
-283827935
GPR[ESUN]-1658668910044
GPR[SSUN]-1658668910044
-283827935
GPR[ESUN]-1658668910240
GPR[SSUN]-1658668910240
-283827935
GPR[SPVATF]-1658668910437
GPR[EPVATF]-1658668910463
[52510] ERROR NoPol - Error ExecutionException java.util.concurrent.ExecutionException: java.lang.RuntimeException: failingTestCasesValidated: nothing to repair, no failing test cases
GPR[ESUN]-1658668910463
GPR[SSUN]-1658668910463
-283827935
GPR[ESUN]-1658668910661
GPR[SSUN]-1658668910662
-283827935
GPR[SPVATF]-1658668910862
GPR[EPVATF]-1658668910889
[52936] ERROR NoPol - Error ExecutionException java.util.concurrent.ExecutionException: java.lang.RuntimeException: failingTestCasesValidated: nothing to repair, no failing test cases
GPR[ESUN]-1658668910890
GPR[SSUN]-1658668910890
-283827935
GPR[SPVATF]-1658668911089
GPR[EPVATF]-1658668911113
[53160] ERROR NoPol - Error ExecutionException java.util.concurrent.ExecutionException: java.lang.RuntimeException: failingTestCasesValidated: nothing to repair, no failing test cases
GPR[ESUN]-1658668911113
GPR[SSUN]-1658668911113
-283827935
GPR[SPVATF]-1658668913687
GPR[EPVATF]-1658668913715
[55762] ERROR NoPol - Error ExecutionException java.util.concurrent.ExecutionException: java.lang.RuntimeException: failingTestCasesValidated: nothing to repair, no failing test cases
GPR[ESUN]-1658668913715
GPR[SSUN]-1658668913715
-283827935
GPR[SPVATF]-1658668913904
GPR[EPVATF]-1658668913926
[55974] ERROR NoPol - Error ExecutionException java.util.concurrent.ExecutionException: java.lang.RuntimeException: failingTestCasesValidated: nothing to repair, no failing test cases
GPR[ESUN]-1658668913927
GPR[SSUN]-1658668913927
-283827935
GPR[SPVATF]-1658668914120
GPR[EPVATF]-1658668914144
[56191] ERROR NoPol - Error ExecutionException java.util.concurrent.ExecutionException: java.lang.RuntimeException: failingTestCasesValidated: nothing to repair, no failing test cases
GPR[ESUN]-1658668914144
GPR[SSUN]-1658668914144
-283827935
GPR[ESUN]-1658668914337
GPR[SSUN]-1658668914337
-283827935
GPR[ESUN]-1658668914526
GPR[SSUN]-1658668914526
-1966087783
GPR[ESUN]-1658668914725
GPR[SSUN]-1658668914725
-1966087783
GPR[SPVATF]-1658668914922
GPR[EPVATF]-1658668914950
[56997] ERROR NoPol - Error ExecutionException java.util.concurrent.ExecutionException: java.lang.RuntimeException: failingTestCasesValidated: nothing to repair, no failing test cases
GPR[ESUN]-1658668914950
GPR[SSUN]-1658668914950
-1659631726
GPR[ESUN]-1658668915142
GPR[SSUN]-1658668915142
130004992
GPR[ESUN]-1658668915325
GPR[SSUN]-1658668915325
130004992
GPR[SPVATF]-1658668915506
GPR[EPVATF]-1658668915532
[57579] ERROR NoPol - Error ExecutionException java.util.concurrent.ExecutionException: java.lang.RuntimeException: failingTestCasesValidated: nothing to repair, no failing test cases
GPR[ESUN]-1658668915532
GPR[SSUN]-1658668915532
130004992
GPR[ESUN]-1658668915723
GPR[SSUN]-1658668915723
-1966087783
GPR[SPVATF]-1658668915919
GPR[EPVATF]-1658668915941
[57988] ERROR NoPol - Error ExecutionException java.util.concurrent.ExecutionException: java.lang.RuntimeException: failingTestCasesValidated: nothing to repair, no failing test cases
GPR[ESUN]-1658668915941
GPR[SSUN]-1658668915941
-1966087783
GPR[SPVATF]-1658668916139
GPR[EPVATF]-1658668916160
[58207] ERROR NoPol - Error ExecutionException java.util.concurrent.ExecutionException: java.lang.RuntimeException: failingTestCasesValidated: nothing to repair, no failing test cases
GPR[ESUN]-1658668916160
GPR[SSUN]-1658668916160
890942016
GPR[ESUN]-1658668916361
GPR[SSUN]-1658668916361
890942016
GPR[SPVATF]-1658668916572
GPR[EPVATF]-1658668916592
[58639] ERROR NoPol - Error ExecutionException java.util.concurrent.ExecutionException: java.lang.RuntimeException: failingTestCasesValidated: nothing to repair, no failing test cases
GPR[ESUN]-1658668916592
GPR[SSUN]-1658668916592
890942016
GPR[SPVATF]-1658668916791
GPR[EPVATF]-1658668916813
[58860] ERROR NoPol - Error ExecutionException java.util.concurrent.ExecutionException: java.lang.RuntimeException: failingTestCasesValidated: nothing to repair, no failing test cases
GPR[SPVATF]-1658668916813
GPR[EPVATF]-1658668916831
[58878] ERROR NoPol - Error ExecutionException java.util.concurrent.ExecutionException: java.lang.RuntimeException: failingTestCasesValidated: nothing to repair, no failing test cases
GPR[ESUN]-1658668916831
GPR[SSUN]-1658668916831
890942016
GPR[ESUN]-1658668917032
GPR[SSUN]-1658668917032
890942016
GPR[ESUN]-1658668917226
GPR[SSUN]-1658668917227
-1966087783
GPR[ESUN]-1658668917422
GPR[SSUN]-1658668917422
-1966087783
GPR[SPVATF]-1658668917624
GPR[EPVATF]-1658668917643
[59690] ERROR NoPol - Error ExecutionException java.util.concurrent.ExecutionException: java.lang.RuntimeException: failingTestCasesValidated: nothing to repair, no failing test cases
GPR[SPVATF]-1658668917644
GPR[EPVATF]-1658668917662
[59710] ERROR NoPol - Error ExecutionException java.util.concurrent.ExecutionException: java.lang.RuntimeException: failingTestCasesValidated: nothing to repair, no failing test cases
GPR[ESUN]-1658668917663
GPR[SSUN]-1658668917663
-1966087783
GPR[ESUN]-1658668917860
GPR[SSUN]-1658668917860
-1966087783
GPR[SPVATF]-1658668918059
GPR[EPVATF]-1658668918079
[60126] ERROR NoPol - Error ExecutionException java.util.concurrent.ExecutionException: java.lang.RuntimeException: failingTestCasesValidated: nothing to repair, no failing test cases
GPR[SPVATF]-1658668918080
GPR[EPVATF]-1658668918101
[60148] ERROR NoPol - Error ExecutionException java.util.concurrent.ExecutionException: java.lang.RuntimeException: failingTestCasesValidated: nothing to repair, no failing test cases
GPR[ESUN]-1658668918101
GPR[SSUN]-1658668918101
-1966087783
GPR[ESUN]-1658668918303
GPR[SSUN]-1658668918303
-1966087783
GPR[ESUN]-1658668918499
GPR[SSUN]-1658668918499
-1966087783
GPR[ESUN]-1658668918694
GPR[SSUN]-1658668918694
2433571
GPR[SPVATF]-1658668918953
GPR[EPVATF]-1658668919881
GPR[SPS]-1658668919882
[64240] INFO SMTNopolSynthesizer - Not enough specifications: 1. A trivial patch is "true" or "false", please write new tests specifying SourceLocation com.google.javascript.rhino.Node:1546.
GPR[EPS]-1658668922193
GPR[ESUN]-1658668922193
GPR[SSUN]-1658668922193
1613130706
GPR[ESUN]-1658668922433
GPR[SSUN]-1658668922433
1613130706
GPR[ESUN]-1658668922649
GPR[SSUN]-1658668922649
1613130706
GPR[SPVATF]-1658668922859
GPR[EPVATF]-1658668923040
[65087] ERROR NoPol - Error ExecutionException java.util.concurrent.ExecutionException: java.lang.RuntimeException: failingTestCasesValidated: nothing to repair, no failing test cases
GPR[ESUN]-1658668923040
GPR[SSUN]-1658668923040
1187751237
GPR[ESUN]-1658668923344
GPR[SSUN]-1658668923344
234947553
GPR[ESUN]-1658668923544
GPR[SSUN]-1658668923544
234947553
GPR[SPVATF]-1658668923738
GPR[EPVATF]-1658668923753
[65800] ERROR NoPol - Error ExecutionException java.util.concurrent.ExecutionException: java.lang.RuntimeException: failingTestCasesValidated: nothing to repair, no failing test cases
GPR[SPVATF]-1658668923753
GPR[EPVATF]-1658668923768
[65815] ERROR NoPol - Error ExecutionException java.util.concurrent.ExecutionException: java.lang.RuntimeException: failingTestCasesValidated: nothing to repair, no failing test cases
GPR[ESUN]-1658668923768
GPR[SSUN]-1658668923768
234947553
GPR[ESUN]-1658668923962
GPR[SSUN]-1658668923962
234947553
GPR[SPVATF]-1658668924154
GPR[EPVATF]-1658668924169
[66217] ERROR NoPol - Error ExecutionException java.util.concurrent.ExecutionException: java.lang.RuntimeException: failingTestCasesValidated: nothing to repair, no failing test cases
GPR[SPVATF]-1658668924170
GPR[EPVATF]-1658668924185
[66232] ERROR NoPol - Error ExecutionException java.util.concurrent.ExecutionException: java.lang.RuntimeException: failingTestCasesValidated: nothing to repair, no failing test cases
GPR[ESUN]-1658668924185
GPR[SSUN]-1658668924185
234947553
GPR[SPVATF]-1658668924381
GPR[EPVATF]-1658668924396
[66443] ERROR NoPol - Error ExecutionException java.util.concurrent.ExecutionException: java.lang.RuntimeException: failingTestCasesValidated: nothing to repair, no failing test cases
GPR[ESUN]-1658668924396
GPR[SSUN]-1658668924396
234947553
GPR[ESUN]-1658668924589
GPR[SSUN]-1658668924589
234947553
GPR[ESUN]-1658668924797
GPR[SSUN]-1658668924797
234947553
GPR[SPVATF]-1658668924992
GPR[EPVATF]-1658668925010
[67057] ERROR NoPol - Error ExecutionException java.util.concurrent.ExecutionException: java.lang.RuntimeException: failingTestCasesValidated: nothing to repair, no failing test cases
GPR[ESUN]-1658668925010
GPR[SSUN]-1658668925010
234947553
GPR[SPVATF]-1658668925207
GPR[EPVATF]-1658668925223
[67270] ERROR NoPol - Error ExecutionException java.util.concurrent.ExecutionException: java.lang.RuntimeException: failingTestCasesValidated: nothing to repair, no failing test cases
GPR[ESUN]-1658668925223
GPR[SSUN]-1658668925223
234947553
GPR[SPVATF]-1658668925417
GPR[EPVATF]-1658668925433
[67480] ERROR NoPol - Error ExecutionException java.util.concurrent.ExecutionException: java.lang.RuntimeException: failingTestCasesValidated: nothing to repair, no failing test cases
GPR[ESUN]-1658668925433
GPR[SSUN]-1658668925433
234947553
GPR[ESUN]-1658668925621
GPR[SSUN]-1658668925621
234947553
GPR[ESUN]-1658668925816
GPR[SSUN]-1658668925816
234947553
GPR[SPVATF]-1658668926008
GPR[EPVATF]-1658668926023
[68070] ERROR NoPol - Error ExecutionException java.util.concurrent.ExecutionException: java.lang.RuntimeException: failingTestCasesValidated: nothing to repair, no failing test cases
GPR[ESUN]-1658668926023
GPR[SSUN]-1658668926023
234947553
GPR[SPVATF]-1658668926217
GPR[EPVATF]-1658668926232
[68279] ERROR NoPol - Error ExecutionException java.util.concurrent.ExecutionException: java.lang.RuntimeException: failingTestCasesValidated: nothing to repair, no failing test cases
GPR[ESUN]-1658668926232
GPR[SSUN]-1658668926232
234947553
GPR[ESUN]-1658668926425
GPR[SSUN]-1658668926425
234947553
GPR[SPVATF]-1658668926619
GPR[EPVATF]-1658668926633
[68681] ERROR NoPol - Error ExecutionException java.util.concurrent.ExecutionException: java.lang.RuntimeException: failingTestCasesValidated: nothing to repair, no failing test cases
GPR[ESUN]-1658668926634
GPR[SSUN]-1658668926634
234947553
GPR[SPVATF]-1658668926825
GPR[EPVATF]-1658668926841
[68888] ERROR NoPol - Error ExecutionException java.util.concurrent.ExecutionException: java.lang.RuntimeException: failingTestCasesValidated: nothing to repair, no failing test cases
GPR[ESUN]-1658668926841
GPR[SSUN]-1658668926841
234947553
GPR[ESUN]-1658668927028
GPR[SSUN]-1658668927028
890942016
GPR[SPVATF]-1658668927229
GPR[EPVATF]-1658668927248
[69295] ERROR NoPol - Error ExecutionException java.util.concurrent.ExecutionException: java.lang.RuntimeException: failingTestCasesValidated: nothing to repair, no failing test cases
GPR[SPVATF]-1658668927248
GPR[EPVATF]-1658668927267
[69314] ERROR NoPol - Error ExecutionException java.util.concurrent.ExecutionException: java.lang.RuntimeException: failingTestCasesValidated: nothing to repair, no failing test cases
GPR[ESUN]-1658668927267
GPR[SSUN]-1658668927267
890942016
GPR[SPVATF]-1658668927473
GPR[EPVATF]-1658668927493
[69540] ERROR NoPol - Error ExecutionException java.util.concurrent.ExecutionException: java.lang.RuntimeException: failingTestCasesValidated: nothing to repair, no failing test cases
GPR[ESUN]-1658668927493
GPR[SSUN]-1658668927493
890942016
GPR[ESUN]-1658668927683
GPR[SSUN]-1658668927683
890942016
GPR[SPVATF]-1658668927868
GPR[EPVATF]-1658668927888
[69935] ERROR NoPol - Error ExecutionException java.util.concurrent.ExecutionException: java.lang.RuntimeException: failingTestCasesValidated: nothing to repair, no failing test cases
GPR[ESUN]-1658668927888
GPR[SSUN]-1658668927888
890942016
GPR[SPVATF]-1658668928083
GPR[EPVATF]-1658668928101
[70148] ERROR NoPol - Error ExecutionException java.util.concurrent.ExecutionException: java.lang.RuntimeException: failingTestCasesValidated: nothing to repair, no failing test cases
GPR[SPVATF]-1658668928101
GPR[EPVATF]-1658668928120
[70167] ERROR NoPol - Error ExecutionException java.util.concurrent.ExecutionException: java.lang.RuntimeException: failingTestCasesValidated: nothing to repair, no failing test cases
GPR[ESUN]-1658668928120
GPR[SSUN]-1658668928120
890942016
GPR[SPVATF]-1658668928317
GPR[EPVATF]-1658668928336
[70383] ERROR NoPol - Error ExecutionException java.util.concurrent.ExecutionException: java.lang.RuntimeException: failingTestCasesValidated: nothing to repair, no failing test cases
GPR[ESUN]-1658668928336
GPR[SSUN]-1658668928336
890942016
GPR[SPVATF]-1658668928537
GPR[EPVATF]-1658668928555
[70602] ERROR NoPol - Error ExecutionException java.util.concurrent.ExecutionException: java.lang.RuntimeException: failingTestCasesValidated: nothing to repair, no failing test cases
GPR[SPVATF]-1658668928556
GPR[EPVATF]-1658668928574
[70621] ERROR NoPol - Error ExecutionException java.util.concurrent.ExecutionException: java.lang.RuntimeException: failingTestCasesValidated: nothing to repair, no failing test cases
GPR[ESUN]-1658668928574
GPR[SSUN]-1658668928574
890942016
GPR[ESUN]-1658668928762
GPR[SSUN]-1658668928762
890942016
GPR[SPVATF]-1658668928953
GPR[EPVATF]-1658668928971
[71018] ERROR NoPol - Error ExecutionException java.util.concurrent.ExecutionException: java.lang.RuntimeException: failingTestCasesValidated: nothing to repair, no failing test cases
GPR[ESUN]-1658668928971
GPR[SSUN]-1658668928971
890942016
GPR[SPVATF]-1658668929167
GPR[EPVATF]-1658668929186
[71233] ERROR NoPol - Error ExecutionException java.util.concurrent.ExecutionException: java.lang.RuntimeException: failingTestCasesValidated: nothing to repair, no failing test cases
GPR[ESUN]-1658668929187
GPR[SSUN]-1658668929187
890942016
GPR[SPVATF]-1658668929380
GPR[EPVATF]-1658668929399
[71446] ERROR NoPol - Error ExecutionException java.util.concurrent.ExecutionException: java.lang.RuntimeException: failingTestCasesValidated: nothing to repair, no failing test cases
GPR[ESUN]-1658668929399
GPR[SSUN]-1658668929399
890942016
GPR[ESUN]-1658668929590
GPR[SSUN]-1658668929590
1613130706
GPR[SPVATF]-1658668929798
GPR[EPVATF]-1658668929984
[72031] ERROR NoPol - Error ExecutionException java.util.concurrent.ExecutionException: java.lang.RuntimeException: failingTestCasesValidated: nothing to repair, no failing test cases
GPR[SPVATF]-1658668929985
GPR[EPVATF]-1658668930173
[72220] ERROR NoPol - Error ExecutionException java.util.concurrent.ExecutionException: java.lang.RuntimeException: failingTestCasesValidated: nothing to repair, no failing test cases
GPR[ESUN]-1658668930173
GPR[SSUN]-1658668930174
2433571
GPR[ESUN]-1658668930449
GPR[SSUN]-1658668930449
1613130706
GPR[SPVATF]-1658668930665
GPR[EPVATF]-1658668930850
[72897] ERROR NoPol - Error ExecutionException java.util.concurrent.ExecutionException: java.lang.RuntimeException: failingTestCasesValidated: nothing to repair, no failing test cases
GPR[SPVATF]-1658668930850
GPR[EPVATF]-1658668931036
[73084] ERROR NoPol - Error ExecutionException java.util.concurrent.ExecutionException: java.lang.RuntimeException: failingTestCasesValidated: nothing to repair, no failing test cases
GPR[ESUN]-1658668931037
GPR[SSUN]-1658668931037
1613130706
GPR[SPVATF]-1658668931246
GPR[EPVATF]-1658668931431
[73478] ERROR NoPol - Error ExecutionException java.util.concurrent.ExecutionException: java.lang.RuntimeException: failingTestCasesValidated: nothing to repair, no failing test cases
GPR[ESUN]-1658668931431
GPR[SSUN]-1658668931431
-718432441
GPR[SPVATF]-1658668931659
GPR[EPVATF]-1658668933179
GPR[SPS]-1658668933179
[76201] INFO SMTNopolSynthesizer - Not enough specifications: 0. A trivial patch is "true" or "false", please write new tests specifying SourceLocation com.google.javascript.jscomp.CodeGenerator:532.
GPR[EPS]-1658668934154
GPR[ESUN]-1658668934154
GPR[SSUN]-1658668934154
-718432441
GPR[SPVATF]-1658668934379
GPR[EPVATF]-1658668935280
GPR[SPS]-1658668935280
[78083] INFO SMTNopolSynthesizer - Not enough specifications: 0. A trivial patch is "true" or "false", please write new tests specifying SourceLocation com.google.javascript.jscomp.CodeGenerator:531.
GPR[EPS]-1658668936037
GPR[ESUN]-1658668936037
GPR[SSUN]-1658668936037
-718432441
GPR[SPVATF]-1658668936274
GPR[EPVATF]-1658668937197
GPR[SPS]-1658668937197
[80001] INFO SMTNopolSynthesizer - Not enough specifications: 0. A trivial patch is "true" or "false", please write new tests specifying SourceLocation com.google.javascript.jscomp.CodeGenerator:530.
GPR[EPS]-1658668937954
GPR[ESUN]-1658668937954
GPR[SSUN]-1658668937954
2433571
GPR[SPVATF]-1658668938202
GPR[EPVATF]-1658668939107
GPR[SPS]-1658668939107
[81941] INFO SMTNopolSynthesizer - Not enough specifications: 0. A trivial patch is "true" or "false", please write new tests specifying SourceLocation com.google.javascript.rhino.Node:1457.
GPR[EPS]-1658668939894
GPR[ESUN]-1658668939894
GPR[SSUN]-1658668939894
2433571
GPR[SPVATF]-1658668940139
GPR[EPVATF]-1658668941055
GPR[SPS]-1658668941055
GPR[EPS]-1658668942265
GPR[SPVATR]-1658668942265
[84313] INFO TestPatch - Applying patch: com.google.javascript.rhino.Node:1428: PRECONDITION node2.type <= com.google.javascript.rhino.Node.CHANGE_TIME
[84751] INFO TestPatch - Running test suite to check the patch "node2.type <= com.google.javascript.rhino.Node.CHANGE_TIME" is working
GPR[EPVATR]-1658668942993
[85040] INFO NoPol - ----PATCH FOUND----
GPR[PF]-1658668942993
[85069] INFO NoPol - --- a/src/com/google/javascript/rhino/Node.java
+++ b/src/com/google/javascript/rhino/Node.java
@@ -1427,7 +1427,9 @@
       if (diff != null) {
-        return "Node tree inequality:" +
-            "\nTree1:\n" + toStringTree() +
-            "\n\nTree2:\n" + node2.toStringTree() +
-            "\n\nSubtree1: " + diff.nodeA.toStringTree() +
-            "\n\nSubtree2: " + diff.nodeB.toStringTree();
+        if (node2.type <= com.google.javascript.rhino.Node.CHANGE_TIME) {
+          return "Node tree inequality:" +
+          "\nTree1:\n" + toStringTree() +
+          "\n\nTree2:\n" + node2.toStringTree() +
+          "\n\nSubtree1: " + diff.nodeA.toStringTree() +
+          "\n\nSubtree2: " + diff.nodeB.toStringTree();
+        }
       }

Saving patch at /experiment_home///results/Nopol/Closure/129/seed_252/patch_80336_1ts_1658668943022.diff
GPR[ESUN]-1658668943023
GPR[SSUN]-1658668943023
-1966087783
GPR[SPVATF]-1658668943220
GPR[EPVATF]-1658668944789
GPR[SPS]-1658668944789
[87388] INFO SMTNopolSynthesizer - Not enough specifications: 0. A trivial patch is "true" or "false", please write new tests specifying SourceLocation com.google.javascript.jscomp.deps.JsFileLineParser:176.
GPR[EPS]-1658668945341
GPR[SPVATF]-1658668945342
GPR[EPVATF]-1658668946242
GPR[SPS]-1658668946242
[88598] ERROR ConstraintModelBuilder - Unable to compile the change: 
public abstract class JsFileLineParser {
    static final com.google.javascript.jscomp.DiagnosticType PARSE_WARNING = com.google.javascript.jscomp.DiagnosticType.warning("DEPS_PARSE_WARNING", "{0}\n{1}");

    static final com.google.javascript.jscomp.DiagnosticType PARSE_ERROR = com.google.javascript.jscomp.DiagnosticType.error("DEPS_PARSE_ERROR", "{0}\n{1}");

    boolean shortcutMode = false;

    static class ParseException extends java.lang.Exception {
        public static final long serialVersionUID = 1L;

        private boolean fatal;

        public ParseException(java.lang.String message, boolean fatal) {
            super(message);
            this.fatal = fatal;
        }

        public boolean isFatal() {
            return fatal;
        }
    }

    private static final java.util.regex.Pattern STRING_LITERAL_PATTERN = java.util.regex.Pattern.compile("\\s*(?:\'((?:\\\\\'|[^\'])*?)\'|\"((?:\\\\\"|[^\"])*?)\")\\s*");

    private java.util.regex.Matcher valueMatcher = com.google.javascript.jscomp.deps.JsFileLineParser.STRING_LITERAL_PATTERN.matcher("");

    java.lang.String filePath;

    int lineNum;

    com.google.javascript.jscomp.ErrorManager errorManager;

    boolean parseSucceeded;

    public JsFileLineParser(com.google.javascript.jscomp.ErrorManager errorManager) {
        this.errorManager = errorManager;
    }

    public void setShortcutMode(boolean mode) {
        this.shortcutMode = mode;
    }

    public boolean didParseSucceed() {
        return parseSucceeded;
    }

    void doParse(java.lang.String filePath, java.io.Reader fileContents) {
        this.filePath = filePath;
        parseSucceeded = true;
        java.io.BufferedReader lineBuffer = new java.io.BufferedReader(fileContents);
        java.lang.String line = null;
        lineNum = 0;
        boolean inMultilineComment = false;
        try {
            while (null != (line = lineBuffer.readLine())) {
                ++lineNum;
                try {
                    java.lang.String revisedLine = line;
                    if (inMultilineComment) {
                        int endOfComment = revisedLine.indexOf("*/");
                        if (endOfComment != (-1)) {
                            revisedLine = revisedLine.substring(endOfComment + 2);
                            inMultilineComment = false;
                        } else {
                            revisedLine = "";
                        }
                    }
                    if (!inMultilineComment) {
                        while (true) {
                            int startOfLineComment = revisedLine.indexOf("//");
                            int startOfMultilineComment = revisedLine.indexOf("/*");
                            if ((startOfLineComment != (-1)) && ((startOfMultilineComment == (-1)) || (startOfLineComment < startOfMultilineComment))) {
                                revisedLine = revisedLine.substring(0, startOfLineComment);
                                break;
                            } else if (startOfMultilineComment != (-1)) {
                                int endOfMultilineComment = revisedLine.indexOf("*/", startOfMultilineComment + 2);
                                if (endOfMultilineComment == (-1)) {
                                    revisedLine = revisedLine.substring(0, startOfMultilineComment);
                                    inMultilineComment = true;
                                    break;
                                } else {
                                    revisedLine = revisedLine.substring(0, startOfMultilineComment) + revisedLine.substring(endOfMultilineComment + 2);
                                }
                            } else {
                                break;
                            }
                        } 
                    }
                    if (!revisedLine.isEmpty()) {
                        boolean spoonDefaultValue = false;
                        try {
                            spoonDefaultValue = (!parseLine(revisedLine)) && shortcutMode;
                        } catch (java.lang.Exception __NopolProcessorException) {
                        }
                        boolean runtimeAngelicValue = fr.inria.lille.repair.nopol.synth.AngelicExecution.angelicValue(spoonDefaultValue);
                        if (fr.inria.lille.commons.trace.RuntimeValues.instance(7).isEnabled()) {
                            fr.inria.lille.commons.trace.RuntimeValues.instance(7).collectionStarts();
                            try{fr.inria.lille.commons.trace.RuntimeValues.instance(7).collectInput("com.google.javascript.jscomp.deps.JsFileLineParser.this.filePath",com.google.javascript.jscomp.deps.JsFileLineParser.this.filePath);} catch (Exception ex1) {ex1.printStackTrace();};
                            try{fr.inria.lille.commons.trace.RuntimeValues.instance(7).collectInput("revisedLine",revisedLine);} catch (Exception ex1) {ex1.printStackTrace();};
                            try{fr.inria.lille.commons.trace.RuntimeValues.instance(7).collectInput("line",line);} catch (Exception ex1) {ex1.printStackTrace();};
                            try{fr.inria.lille.commons.trace.RuntimeValues.instance(7).collectInput("filePath",filePath);} catch (Exception ex1) {ex1.printStackTrace();};
                            try{fr.inria.lille.commons.trace.RuntimeValues.instance(7).collectInput("inMultilineComment",inMultilineComment);} catch (Exception ex1) {ex1.printStackTrace();};
                            try{fr.inria.lille.commons.trace.RuntimeValues.instance(7).collectInput("fileContents",fileContents);} catch (Exception ex1) {ex1.printStackTrace();};
                            try{fr.inria.lille.commons.trace.RuntimeValues.instance(7).collectInput("com.google.javascript.jscomp.deps.JsFileLineParser.STRING_LITERAL_PATTERN",com.google.javascript.jscomp.deps.JsFileLineParser.STRING_LITERAL_PATTERN);} catch (Exception ex1) {ex1.printStackTrace();};
                            try{fr.inria.lille.commons.trace.RuntimeValues.instance(7).collectInput("com.google.javascript.jscomp.deps.JsFileLineParser.this.lineNum",com.google.javascript.jscomp.deps.JsFileLineParser.this.lineNum);} catch (Exception ex1) {ex1.printStackTrace();};
                            try{fr.inria.lille.commons.trace.RuntimeValues.instance(7).collectInput("lineBuffer",lineBuffer);} catch (Exception ex1) {ex1.printStackTrace();};
                            try{fr.inria.lille.commons.trace.RuntimeValues.instance(7).collectInput("com.google.javascript.jscomp.deps.JsFileLineParser.PARSE_WARNING",com.google.javascript.jscomp.deps.JsFileLineParser.PARSE_WARNING);} catch (Exception ex1) {ex1.printStackTrace();};
                            try{fr.inria.lille.commons.trace.RuntimeValues.instance(7).collectInput("com.google.javascript.jscomp.deps.JsFileLineParser.this.errorManager",com.google.javascript.jscomp.deps.JsFileLineParser.this.errorManager);} catch (Exception ex1) {ex1.printStackTrace();};
                            try{fr.inria.lille.commons.trace.RuntimeValues.instance(7).collectInput("com.google.javascript.jscomp.deps.JsFileLineParser.this.valueMatcher",com.google.javascript.jscomp.deps.JsFileLineParser.this.valueMatcher);} catch (Exception ex1) {ex1.printStackTrace();};
                            try{fr.inria.lille.commons.trace.RuntimeValues.instance(7).collectInput("com.google.javascript.jscomp.deps.JsFileLineParser.PARSE_ERROR",com.google.javascript.jscomp.deps.JsFileLineParser.PARSE_ERROR);} catch (Exception ex1) {ex1.printStackTrace();};
                            try{fr.inria.lille.commons.trace.RuntimeValues.instance(7).collectInput("com.google.javascript.jscomp.deps.JsFileLineParser.this.parseSucceeded",com.google.javascript.jscomp.deps.JsFileLineParser.this.parseSucceeded);} catch (Exception ex1) {ex1.printStackTrace();};
                            try{fr.inria.lille.commons.trace.RuntimeValues.instance(7).collectInput("com.google.javascript.jscomp.deps.JsFileLineParser.this.shortcutMode",com.google.javascript.jscomp.deps.JsFileLineParser.this.shortcutMode);} catch (Exception ex1) {ex1.printStackTrace();};
                            fr.inria.lille.commons.trace.RuntimeValues.instance(7).collectOutput(runtimeAngelicValue);
                            fr.inria.lille.commons.trace.RuntimeValues.instance(7).collectionEnds();
                        }
                        if (runtimeAngelicValue) {
                            break;
                        }
                    }
                } catch (com.google.javascript.jscomp.deps.JsFileLineParser.ParseException e) {
                    errorManager.report(e.isFatal() ? com.google.javascript.jscomp.CheckLevel.ERROR : com.google.javascript.jscomp.CheckLevel.WARNING, com.google.javascript.jscomp.JSError.make(filePath, lineNum, 0, e.isFatal() ? com.google.javascript.jscomp.deps.JsFileLineParser.PARSE_ERROR : com.google.javascript.jscomp.deps.JsFileLineParser.PARSE_WARNING, e.getMessage(), line));
                    parseSucceeded = parseSucceeded && (!e.isFatal());
                }
            } 
        } catch (java.io.IOException e) {
            errorManager.report(com.google.javascript.jscomp.CheckLevel.ERROR, com.google.javascript.jscomp.JSError.make(filePath, 0, 0, com.google.javascript.jscomp.deps.JsFileLineParser.PARSE_ERROR, "Error reading file: " + filePath));
            parseSucceeded = false;
        }
    }

    abstract boolean parseLine(java.lang.String line) throws com.google.javascript.jscomp.deps.JsFileLineParser.ParseException;

    java.lang.String parseJsString(java.lang.String jsStringLiteral) throws com.google.javascript.jscomp.deps.JsFileLineParser.ParseException {
        valueMatcher.reset(jsStringLiteral);
        if (!valueMatcher.matches()) {
            throw new com.google.javascript.jscomp.deps.JsFileLineParser.ParseException("Syntax error in JS String literal", true);
        }
        return valueMatcher.group(1) != null ? valueMatcher.group(1) : valueMatcher.group(2);
    }

    java.util.List<java.lang.String> parseJsStringArray(java.lang.String input) throws com.google.javascript.jscomp.deps.JsFileLineParser.ParseException {
        java.util.List<java.lang.String> results = com.google.common.collect.Lists.newArrayList();
        int indexStart = input.indexOf('[');
        int indexEnd = input.lastIndexOf(']');
        if ((indexStart == (-1)) || (indexEnd == (-1))) {
            throw new com.google.javascript.jscomp.deps.JsFileLineParser.ParseException("Syntax error when parsing JS array", true);
        }
        java.lang.String innerValues = input.substring(indexStart + 1, indexEnd);
        if (!innerValues.trim().isEmpty()) {
            valueMatcher.reset(innerValues);
            for (; ;) {
                if (!valueMatcher.lookingAt()) {
                    throw new com.google.javascript.jscomp.deps.JsFileLineParser.ParseException("Syntax error in JS String literal", true);
                }
                results.add(valueMatcher.group(1) != null ? valueMatcher.group(1) : valueMatcher.group(2));
                if (valueMatcher.hitEnd()) {
                    break;
                }
                if (innerValues.charAt(valueMatcher.end()) != ',') {
                    throw new com.google.javascript.jscomp.deps.JsFileLineParser.ParseException("Missing comma in string array", true);
                }
                valueMatcher.region(valueMatcher.end() + 1, valueMatcher.regionEnd());
            }
        }
        return results;
    }
}
[88598] ERROR NoPol - Error ExecutionException java.util.concurrent.ExecutionException: xxl.java.compiler.DynamicCompilationException: Aborting: dynamic compilation failed
GPR[ESUN]-1658668946551
GPR[SSUN]-1658668946551
-1966087783
GPR[SPVATF]-1658668946746
GPR[EPVATF]-1658668947699
GPR[SPS]-1658668947699
[90275] INFO SMTNopolSynthesizer - Not enough specifications: 0. A trivial patch is "true" or "false", please write new tests specifying SourceLocation com.google.javascript.jscomp.deps.JsFileLineParser:173.
GPR[EPS]-1658668948228
GPR[SPVATF]-1658668948229
GPR[EPVATF]-1658668949162
GPR[SPS]-1658668949162
[91741] INFO SMTNopolSynthesizer - Not enough specifications: 0. A trivial patch is "true" or "false", please write new tests specifying SourceLocation com.google.javascript.jscomp.deps.JsFileLineParser:173.
GPR[EPS]-1658668949694
GPR[ESUN]-1658668949694
GPR[SSUN]-1658668949694
-1966087783
GPR[SPVATF]-1658668949887
GPR[EPVATF]-1658668950799
GPR[SPS]-1658668950799
[459275] ERROR NoPol - Error ExecutionException java.util.concurrent.ExecutionException: java.lang.RuntimeException: java.util.concurrent.TimeoutException
GPR[SPVATF]-1658669317228
GPR[EPVATF]-1658669318506
GPR[SPS]-1658669318506
[461185] INFO SMTNopolSynthesizer - Not enough specifications: 0. A trivial patch is "true" or "false", please write new tests specifying SourceLocation com.google.javascript.jscomp.deps.JsFileLineParser:149.
GPR[EPS]-1658669319138
GPR[ESUN]-1658669319138
GPR[SSUN]-1658669319138
-1966087783
GPR[ESUN]-1658669319339
GPR[SSUN]-1658669319339
-1966087783
GPR[ESUN]-1658669319532
GPR[SSUN]-1658669319532
-1966087783
GPR[SPVATF]-1658669319724
GPR[EPVATF]-1658669320618
GPR[SPS]-1658669320618
[463181] INFO SMTNopolSynthesizer - Not enough specifications: 0. A trivial patch is "true" or "false", please write new tests specifying SourceLocation com.google.javascript.jscomp.deps.JsFileLineParser:145.
GPR[EPS]-1658669321134
GPR[SPVATF]-1658669321135
GPR[EPVATF]-1658669322040
GPR[SPS]-1658669322040
[464613] INFO SMTNopolSynthesizer - Not enough specifications: 0. A trivial patch is "true" or "false", please write new tests specifying SourceLocation com.google.javascript.jscomp.deps.JsFileLineParser:145.
GPR[EPS]-1658669322566
GPR[ESUN]-1658669322566
GPR[SSUN]-1658669322566
-1966087783
GPR[SPVATF]-1658669322765
GPR[EPVATF]-1658669323617
GPR[SPS]-1658669323617
[466190] INFO SMTNopolSynthesizer - Not enough specifications: 0. A trivial patch is "true" or "false", please write new tests specifying SourceLocation com.google.javascript.jscomp.deps.JsFileLineParser:135.
GPR[EPS]-1658669324143
GPR[SPVATF]-1658669324144
GPR[EPVATF]-1658669325052
GPR[SPS]-1658669325052
[467648] INFO SMTNopolSynthesizer - Not enough specifications: 0. A trivial patch is "true" or "false", please write new tests specifying SourceLocation com.google.javascript.jscomp.deps.JsFileLineParser:135.
GPR[EPS]-1658669325601
GPR[ESUN]-1658669325601
GPR[SSUN]-1658669325601
-1966087783
GPR[ESUN]-1658669325798
GPR[SSUN]-1658669325798
-1966087783
GPR[SPVATF]-1658669325990
GPR[EPVATF]-1658669326934
GPR[SPS]-1658669326934
[469511] INFO SMTNopolSynthesizer - Not enough specifications: 0. A trivial patch is "true" or "false", please write new tests specifying SourceLocation com.google.javascript.jscomp.deps.JsFileLineParser:132.
GPR[EPS]-1658669327464
GPR[ESUN]-1658669327464
GPR[SSUN]-1658669327464
-1966087783
GPR[SPVATF]-1658669327667
GPR[EPVATF]-1658669328576
GPR[SPS]-1658669328576
[471160] INFO SMTNopolSynthesizer - Not enough specifications: 0. A trivial patch is "true" or "false", please write new tests specifying SourceLocation com.google.javascript.jscomp.deps.JsFileLineParser:131.
GPR[EPS]-1658669329113
GPR[ESUN]-1658669329113
GPR[SSUN]-1658669329113
-1966087783
GPR[ESUN]-1658669329313
GPR[SSUN]-1658669329313
-1966087783
GPR[SPVATF]-1658669329504
GPR[EPVATF]-1658669330380
GPR[SPS]-1658669330380
[472997] INFO SMTNopolSynthesizer - Not enough specifications: 0. A trivial patch is "true" or "false", please write new tests specifying SourceLocation com.google.javascript.jscomp.deps.JsFileLineParser:127.
GPR[EPS]-1658669330950
GPR[ESUN]-1658669330950
GPR[SSUN]-1658669330950
-1966087783
GPR[ESUN]-1658669331157
GPR[SSUN]-1658669331157
-1966087783
GPR[ESUN]-1658669331348
GPR[SSUN]-1658669331348
-1966087783
GPR[SPVATF]-1658669331538
GPR[EPVATF]-1658669332459
GPR[SPS]-1658669332459
[475050] INFO SMTNopolSynthesizer - Not enough specifications: 0. A trivial patch is "true" or "false", please write new tests specifying SourceLocation com.google.javascript.jscomp.deps.JsFileLineParser:121.
GPR[EPS]-1658669333003
GPR[ESUN]-1658669333003
GPR[SSUN]-1658669333003
-1966087783
GPR[SPVATF]-1658669333202
GPR[EPVATF]-1658669334168
GPR[SPS]-1658669334168
[476745] INFO SMTNopolSynthesizer - Not enough specifications: 0. A trivial patch is "true" or "false", please write new tests specifying SourceLocation com.google.javascript.jscomp.deps.JsFileLineParser:120.
GPR[EPS]-1658669334698
GPR[ESUN]-1658669334698
GPR[SSUN]-1658669334698
1613130706
GPR[SPVATF]-1658669334914
GPR[EPVATF]-1658669335098
[477145] ERROR NoPol - Error ExecutionException java.util.concurrent.ExecutionException: java.lang.RuntimeException: failingTestCasesValidated: nothing to repair, no failing test cases
GPR[SPVATF]-1658669335098
GPR[EPVATF]-1658669335317
[477364] ERROR NoPol - Error ExecutionException java.util.concurrent.ExecutionException: java.lang.RuntimeException: failingTestCasesValidated: nothing to repair, no failing test cases
GPR[ESUN]-1658669335317
GPR[SSUN]-1658669335317
1613130706
GPR[SPVATF]-1658669335534
GPR[EPVATF]-1658669335714
[477761] ERROR NoPol - Error ExecutionException java.util.concurrent.ExecutionException: java.lang.RuntimeException: failingTestCasesValidated: nothing to repair, no failing test cases
GPR[SPVATF]-1658669335715
GPR[EPVATF]-1658669335895
[477942] ERROR NoPol - Error ExecutionException java.util.concurrent.ExecutionException: java.lang.RuntimeException: failingTestCasesValidated: nothing to repair, no failing test cases
GPR[ESUN]-1658669335895
GPR[SSUN]-1658669335895
1613130706
GPR[ESUN]-1658669336111
GPR[SSUN]-1658669336111
1613130706
GPR[ESUN]-1658669336320
GPR[SSUN]-1658669336320
1613130706
GPR[ESUN]-1658669336529
GPR[SSUN]-1658669336529
1613130706
GPR[ESUN]-1658669336739
GPR[SSUN]-1658669336739
1613130706
GPR[SPVATF]-1658669336950
GPR[EPVATF]-1658669337135
[479182] ERROR NoPol - Error ExecutionException java.util.concurrent.ExecutionException: java.lang.RuntimeException: failingTestCasesValidated: nothing to repair, no failing test cases
GPR[SPVATF]-1658669337135
GPR[EPVATF]-1658669337321
[479368] ERROR NoPol - Error ExecutionException java.util.concurrent.ExecutionException: java.lang.RuntimeException: failingTestCasesValidated: nothing to repair, no failing test cases
GPR[ESUN]-1658669337321
GPR[SSUN]-1658669337321
1211422348
GPR[SPVATF]-1658669337532
GPR[EPVATF]-1658669338501
GPR[SPS]-1658669338502
[481072] INFO SMTNopolSynthesizer - Not enough specifications: 0. A trivial patch is "true" or "false", please write new tests specifying SourceLocation com.google.javascript.jscomp.ConvertToDottedProperties:64.
GPR[EPS]-1658669339025
GPR[ESUN]-1658669339025
GPR[SSUN]-1658669339025
1211422348
GPR[SPVATF]-1658669339264
GPR[EPVATF]-1658669340184
GPR[SPS]-1658669340184
[482753] INFO SMTNopolSynthesizer - Not enough specifications: 0. A trivial patch is "true" or "false", please write new tests specifying SourceLocation com.google.javascript.jscomp.ConvertToDottedProperties:63.
GPR[EPS]-1658669340706
GPR[ESUN]-1658669340706
GPR[SSUN]-1658669340706
1211422348
GPR[SPVATF]-1658669340912
GPR[EPVATF]-1658669341856
GPR[SPS]-1658669341856
[484426] INFO SMTNopolSynthesizer - Not enough specifications: 0. A trivial patch is "true" or "false", please write new tests specifying SourceLocation com.google.javascript.jscomp.ConvertToDottedProperties:62.
GPR[EPS]-1658669342379
GPR[ESUN]-1658669342379
GPR[SSUN]-1658669342379
1211422348
GPR[SPVATF]-1658669342585
GPR[EPVATF]-1658669343600
GPR[SPS]-1658669343600
[486196] INFO SMTNopolSynthesizer - Not enough specifications: 0. A trivial patch is "true" or "false", please write new tests specifying SourceLocation com.google.javascript.jscomp.ConvertToDottedProperties:61.
GPR[EPS]-1658669344149
GPR[ESUN]-1658669344149
GPR[SSUN]-1658669344149
1613130706
GPR[SPVATF]-1658669344362
GPR[EPVATF]-1658669344555
[486602] ERROR NoPol - Error ExecutionException java.util.concurrent.ExecutionException: java.lang.RuntimeException: failingTestCasesValidated: nothing to repair, no failing test cases
GPR[ESUN]-1658669344555
GPR[SSUN]-1658669344555
1613130706
GPR[ESUN]-1658669344769
GPR[SSUN]-1658669344769
1613130706
GPR[SPVATF]-1658669344979
GPR[EPVATF]-1658669345171
[487219] ERROR NoPol - Error ExecutionException java.util.concurrent.ExecutionException: java.lang.RuntimeException: failingTestCasesValidated: nothing to repair, no failing test cases
GPR[SPVATF]-1658669345172
GPR[EPVATF]-1658669345364
[487411] ERROR NoPol - Error ExecutionException java.util.concurrent.ExecutionException: java.lang.RuntimeException: failingTestCasesValidated: nothing to repair, no failing test cases
GPR[ESUN]-1658669345364
GPR[SSUN]-1658669345364
1613130706
GPR[ESUN]-1658669345579
GPR[SSUN]-1658669345579
1613130706
GPR[SPVATF]-1658669345795
GPR[EPVATF]-1658669346007
[488054] ERROR NoPol - Error ExecutionException java.util.concurrent.ExecutionException: java.lang.RuntimeException: failingTestCasesValidated: nothing to repair, no failing test cases
GPR[SPVATF]-1658669346007
GPR[EPVATF]-1658669346200
[488247] ERROR NoPol - Error ExecutionException java.util.concurrent.ExecutionException: java.lang.RuntimeException: failingTestCasesValidated: nothing to repair, no failing test cases
GPR[ESUN]-1658669346200
GPR[SSUN]-1658669346200
-1966087783
GPR[ESUN]-1658669346396
GPR[SSUN]-1658669346396
-1966087783
GPR[SPVATF]-1658669346590
GPR[EPVATF]-1658669346612
[488659] ERROR NoPol - Error ExecutionException java.util.concurrent.ExecutionException: java.lang.RuntimeException: failingTestCasesValidated: nothing to repair, no failing test cases
GPR[SPVATF]-1658669346613
GPR[EPVATF]-1658669346632
[488679] ERROR NoPol - Error ExecutionException java.util.concurrent.ExecutionException: java.lang.RuntimeException: failingTestCasesValidated: nothing to repair, no failing test cases
GPR[ESUN]-1658669346632
GPR[SSUN]-1658669346632
-1966087783
GPR[SPVATF]-1658669346827
GPR[EPVATF]-1658669346847
[488894] ERROR NoPol - Error ExecutionException java.util.concurrent.ExecutionException: java.lang.RuntimeException: failingTestCasesValidated: nothing to repair, no failing test cases
GPR[ESUN]-1658669346847
GPR[SSUN]-1658669346847
-2054390034
GPR[SPVATF]-1658669347119
GPR[EPVATF]-1658669348117
GPR[SPS]-1658669348117
[490822] INFO SMTNopolSynthesizer - Not enough specifications: 0. A trivial patch is "true" or "false", please write new tests specifying SourceLocation com.google.javascript.jscomp.Normalize$NormalizeStatements:414.
GPR[EPS]-1658669348775
GPR[ESUN]-1658669348776
GPR[SSUN]-1658669348776
2433571
GPR[SPVATF]-1658669349030
GPR[EPVATF]-1658669350062
GPR[SPS]-1658669350062
GPR[EPS]-1658669351319
GPR[SPVATR]-1658669351319
[493366] INFO TestPatch - Applying patch: com.google.javascript.rhino.Node:1444: PRECONDITION com.google.javascript.rhino.Node.this.sourcePosition == -1
[493783] INFO TestPatch - Running test suite to check the patch "com.google.javascript.rhino.Node.this.sourcePosition == -1" is working
GPR[EPVATR]-1658669352013
[494060] INFO NoPol - ----PATCH FOUND----
GPR[PF]-1658669352013
[494076] INFO NoPol - --- a/src/com/google/javascript/rhino/Node.java
+++ b/src/com/google/javascript/rhino/Node.java
@@ -1443,3 +1443,5 @@
     if (!isEquivalentTo(node2, false, false, false)) {
-      return new NodeMismatch(this, node2);
+      if (com.google.javascript.rhino.Node.this.sourcePosition == -1) {
+        return new NodeMismatch(this, node2);
+      }
     }

Saving patch at /experiment_home///results/Nopol/Closure/129/seed_252/patch_489344_2ts_1658669352030.diff
GPR[ESUN]-1658669352031
GPR[SSUN]-1658669352031
1211422348
GPR[SPVATF]-1658669352237
GPR[EPVATF]-1658669362867
GPR[SPS]-1658669362868
[505449] INFO SMTNopolSynthesizer - Not enough specifications: 0. A trivial patch is "true" or "false", please write new tests specifying SourceLocation com.google.javascript.jscomp.ConvertToDottedProperties:59.
GPR[EPS]-1658669363402
GPR[SPVATF]-1658669363402
GPR[EPVATF]-1658669364496
GPR[SPS]-1658669364496
[507124] INFO SMTNopolSynthesizer - Not enough specifications: 0. A trivial patch is "true" or "false", please write new tests specifying SourceLocation com.google.javascript.jscomp.ConvertToDottedProperties:59.
GPR[EPS]-1658669365077
GPR[ESUN]-1658669365077
GPR[SSUN]-1658669365077
1211422348
GPR[ESUN]-1658669365286
GPR[SSUN]-1658669365286
1211422348
GPR[ESUN]-1658669365490
GPR[SSUN]-1658669365490
944853999
GPR[ESUN]-1658669365747
GPR[SSUN]-1658669365747
944853999
GPR[SPVATF]-1658669366002
GPR[EPVATF]-1658669367134
GPR[SPS]-1658669367134
[509792] INFO SMTNopolSynthesizer - Not enough specifications: 0. A trivial patch is "true" or "false", please write new tests specifying SourceLocation com.google.javascript.jscomp.PeepholeFoldConstants:1329.
GPR[EPS]-1658669367745
GPR[SPVATF]-1658669367745
GPR[EPVATF]-1658669368912
GPR[SPS]-1658669368912
[511563] INFO SMTNopolSynthesizer - Not enough specifications: 0. A trivial patch is "true" or "false", please write new tests specifying SourceLocation com.google.javascript.jscomp.PeepholeFoldConstants:1329.
GPR[EPS]-1658669369516
GPR[ESUN]-1658669369517
GPR[SSUN]-1658669369517
-372286108
GPR[SPVATF]-1658669369729
GPR[EPVATF]-1658669370939
GPR[SPS]-1658669370939
[513583] INFO SMTNopolSynthesizer - Not enough specifications: 0. A trivial patch is "true" or "false", please write new tests specifying SourceLocation com.google.javascript.jscomp.PeepholeReplaceKnownMethods:403.
GPR[EPS]-1658669371536
GPR[ESUN]-1658669371537
GPR[SSUN]-1658669371537
944853999
GPR[SPVATF]-1658669371795
GPR[EPVATF]-1658669373003
GPR[SPS]-1658669373003
[515659] INFO SMTNopolSynthesizer - Not enough specifications: 0. A trivial patch is "true" or "false", please write new tests specifying SourceLocation com.google.javascript.jscomp.PeepholeFoldConstants:1325.
GPR[EPS]-1658669373612
GPR[SPVATF]-1658669373612
GPR[EPVATF]-1658669374870
GPR[SPS]-1658669374870
[517538] INFO SMTNopolSynthesizer - Not enough specifications: 0. A trivial patch is "true" or "false", please write new tests specifying SourceLocation com.google.javascript.jscomp.PeepholeFoldConstants:1325.
GPR[EPS]-1658669375491
GPR[ESUN]-1658669375491
GPR[SSUN]-1658669375491
944853999
GPR[SPVATF]-1658669375750
GPR[EPVATF]-1658669377025
GPR[SPS]-1658669377025
[519681] INFO SMTNopolSynthesizer - Not enough specifications: 0. A trivial patch is "true" or "false", please write new tests specifying SourceLocation com.google.javascript.jscomp.PeepholeFoldConstants:1323.
GPR[EPS]-1658669377634
GPR[ESUN]-1658669377634
GPR[SSUN]-1658669377634
944853999
GPR[ESUN]-1658669377891
GPR[SSUN]-1658669377891
944853999
GPR[ESUN]-1658669378145
GPR[SSUN]-1658669378145
944853999
GPR[SPVATF]-1658669378419
GPR[EPVATF]-1658669379715
GPR[SPS]-1658669379715
[522478] INFO SMTNopolSynthesizer - Not enough specifications: 0. A trivial patch is "true" or "false", please write new tests specifying SourceLocation com.google.javascript.jscomp.PeepholeFoldConstants:1275.
GPR[EPS]-1658669380431
GPR[SPVATF]-1658669380432
GPR[EPVATF]-1658669381702
GPR[SPS]-1658669381702
[524359] INFO SMTNopolSynthesizer - Not enough specifications: 0. A trivial patch is "true" or "false", please write new tests specifying SourceLocation com.google.javascript.jscomp.PeepholeFoldConstants:1275.
GPR[EPS]-1658669382312
GPR[ESUN]-1658669382312
GPR[SSUN]-1658669382312
944853999
GPR[SPVATF]-1658669382570
GPR[EPVATF]-1658669383916
GPR[SPS]-1658669383916
[526565] INFO SMTNopolSynthesizer - Not enough specifications: 0. A trivial patch is "true" or "false", please write new tests specifying SourceLocation com.google.javascript.jscomp.PeepholeFoldConstants:1269.
GPR[EPS]-1658669384518
GPR[SPVATF]-1658669384518
GPR[EPVATF]-1658669385796
GPR[SPS]-1658669385796
[528444] INFO SMTNopolSynthesizer - Not enough specifications: 0. A trivial patch is "true" or "false", please write new tests specifying SourceLocation com.google.javascript.jscomp.PeepholeFoldConstants:1269.
GPR[EPS]-1658669386397
GPR[ESUN]-1658669386397
GPR[SSUN]-1658669386397
944853999
GPR[ESUN]-1658669386652
GPR[SSUN]-1658669386652
944853999
GPR[SPVATF]-1658669386907
GPR[EPVATF]-1658669388204
GPR[SPS]-1658669388204
[530859] INFO SMTNopolSynthesizer - Not enough specifications: 0. A trivial patch is "true" or "false", please write new tests specifying SourceLocation com.google.javascript.jscomp.PeepholeFoldConstants:1261.
GPR[EPS]-1658669388812
GPR[SPVATF]-1658669388813
GPR[EPVATF]-1658669390080
GPR[SPS]-1658669390080
[532732] INFO SMTNopolSynthesizer - Not enough specifications: 0. A trivial patch is "true" or "false", please write new tests specifying SourceLocation com.google.javascript.jscomp.PeepholeFoldConstants:1261.
GPR[EPS]-1658669390685
GPR[ESUN]-1658669390685
GPR[SSUN]-1658669390685
944853999
GPR[SPVATF]-1658669390944
GPR[EPVATF]-1658669392231
GPR[SPS]-1658669392231
[534902] INFO SMTNopolSynthesizer - Not enough specifications: 0. A trivial patch is "true" or "false", please write new tests specifying SourceLocation com.google.javascript.jscomp.PeepholeFoldConstants:1258.
GPR[EPS]-1658669392855
GPR[ESUN]-1658669392855
GPR[SSUN]-1658669392855
944853999
GPR[ESUN]-1658669393109
GPR[SSUN]-1658669393109
-132053243
GPR[SPVATF]-1658669393309
GPR[EPVATF]-1658669394593
GPR[SPS]-1658669394594
[537176] INFO SMTNopolSynthesizer - Not enough specifications: 0. A trivial patch is "true" or "false", please write new tests specifying SourceLocation com.google.javascript.jscomp.deps.JsFileParser:178.
GPR[EPS]-1658669395129
GPR[SPVATF]-1658669395129
GPR[EPVATF]-1658669396409
GPR[SPS]-1658669396409
[539016] INFO SMTNopolSynthesizer - Not enough specifications: 0. A trivial patch is "true" or "false", please write new tests specifying SourceLocation com.google.javascript.jscomp.deps.JsFileParser:178.
GPR[EPS]-1658669396969
GPR[ESUN]-1658669396969
GPR[SSUN]-1658669396969
-1966087783
GPR[SPVATF]-1658669397167
GPR[EPVATF]-1658669397188
[539235] ERROR NoPol - Error ExecutionException java.util.concurrent.ExecutionException: java.lang.RuntimeException: failingTestCasesValidated: nothing to repair, no failing test cases
GPR[ESUN]-1658669397188
GPR[SSUN]-1658669397188
214953636
GPR[SPVATF]-1658669397416
GPR[EPVATF]-1658669404529
GPR[SPS]-1658669404529
[547292] INFO SMTNopolSynthesizer - Not enough specifications: 0. A trivial patch is "true" or "false", please write new tests specifying SourceLocation com.google.javascript.jscomp.PeepholeSubstituteAlternateSyntax:140.
GPR[EPS]-1658669405245
GPR[ESUN]-1658669405246
GPR[SSUN]-1658669405246
-1966087783
GPR[SPVATF]-1658669405457
GPR[EPVATF]-1658669406725
GPR[SPS]-1658669406725
[843370] ERROR NoPol - Error ExecutionException java.util.concurrent.ExecutionException: java.lang.RuntimeException: java.util.concurrent.TimeoutException
GPR[SPVATF]-1658669876376
[1316110] ERROR NoPol - Error ExecutionException java.util.concurrent.ExecutionException: java.lang.RuntimeException: java.util.concurrent.TimeoutException
GPR[ESUN]-1658670174063
GPR[SSUN]-1658670174063
\n\nNode: host-47\n
\n\nDate: Sun 24 Jul 2022 07:32:29 AM PDT\n
End running Nopol Closure/129 results at /experiment_home///results/Nopol/Closure/129/seed_252/
Removing checked out dir script/workingdir/Nopol/Closure_129
GPR[SSLE]-1658673150306
GPR[ESLE]-1658673210309
