Picked up JAVA_TOOL_OPTIONS: -Dfile.encoding=UTF8 -Duser.language=en-US -Duser.country=US -Duser.language=en
com.google.javascript.rhino.jstype.JSTypeTest#testRecordAndObjectChain3
.
Time: 0.891

OK (1 test)

com.google.javascript.rhino.jstype.JSTypeTest#testRecordAndObjectChain2
.
Time: 0.228

OK (1 test)

com.google.javascript.rhino.jstype.RecordTypeTest#testRecursiveRecord
.
Time: 0.672

OK (1 test)

com.google.javascript.rhino.jstype.RecordTypeTest#testSupAndInf
.E
Time: 0.596
There was 1 failure:
1) testSupAndInf(com.google.javascript.rhino.jstype.RecordTypeTest)
junit.framework.AssertionFailedError: Expected: ({a: number, b: number}|{b: number, c: number})
Actual  : {b: number}
	at junit.framework.Assert.fail(Assert.java:47)
	at junit.framework.Assert.assertTrue(Assert.java:20)
	at com.google.javascript.rhino.testing.Asserts.assertTypeEquals(Asserts.java:99)
	at com.google.javascript.rhino.testing.Asserts.assertTypeEquals(Asserts.java:95)
	at com.google.javascript.rhino.jstype.RecordTypeTest.testSupAndInf(RecordTypeTest.java:98)
	at sun.reflect.NativeMethodAccessorImpl.invoke0(Native Method)
	at sun.reflect.NativeMethodAccessorImpl.invoke(NativeMethodAccessorImpl.java:62)
	at sun.reflect.DelegatingMethodAccessorImpl.invoke(DelegatingMethodAccessorImpl.java:43)
	at java.lang.reflect.Method.invoke(Method.java:497)
	at junit.framework.TestCase.runTest(TestCase.java:168)
	at junit.framework.TestCase.runBare(TestCase.java:134)
	at junit.framework.TestResult$1.protect(TestResult.java:110)
	at junit.framework.TestResult.runProtected(TestResult.java:128)
	at junit.framework.TestResult.run(TestResult.java:113)
	at junit.framework.TestCase.run(TestCase.java:124)
	at junit.framework.TestSuite.runTest(TestSuite.java:243)
	at junit.framework.TestSuite.run(TestSuite.java:238)
	at org.junit.internal.runners.JUnit38ClassRunner.run(JUnit38ClassRunner.java:83)
	at org.junit.runner.JUnitCore.run(JUnitCore.java:157)
	at org.junit.runner.JUnitCore.run(JUnitCore.java:136)
	at fr.inria.lille.repair.MethodTestRunner.runTest(MethodTestRunner.java:44)
	at fr.inria.lille.repair.MethodTestRunner.access$0(MethodTestRunner.java:37)
	at fr.inria.lille.repair.MethodTestRunner$1.call(MethodTestRunner.java:20)
	at java.util.concurrent.FutureTask.run(FutureTask.java:266)
	at java.util.concurrent.ThreadPoolExecutor.runWorker(ThreadPoolExecutor.java:1142)
	at java.util.concurrent.ThreadPoolExecutor$Worker.run(ThreadPoolExecutor.java:617)
	at java.lang.Thread.run(Thread.java:745)

FAILURES!!!
Tests run: 1,  Failures: 1

com.google.javascript.rhino.jstype.RecordTypeTest#testLongToString
.
Time: 0.313

OK (1 test)

com.google.javascript.jscomp.TypeCheckTest#testTypeInferenceWithNoEntry2
.E
Time: 1.086
There was 1 failure:
1) testTypeInferenceWithNoEntry2(com.google.javascript.jscomp.TypeCheckTest)
java.lang.NullPointerException
	at com.google.javascript.rhino.jstype.JSTypeRegistry.createRecordTypeFromNodes(JSTypeRegistry.java:1633)
	at com.google.javascript.rhino.jstype.JSTypeRegistry.createFromTypeNodesInternal(JSTypeRegistry.java:1456)
	at com.google.javascript.rhino.jstype.JSTypeRegistry.createFromTypeNodesInternal(JSTypeRegistry.java:1469)
	at com.google.javascript.rhino.jstype.JSTypeRegistry.createFromTypeNodes(JSTypeRegistry.java:1433)
	at com.google.javascript.rhino.JSTypeExpression.evaluate(JSTypeExpression.java:100)
	at com.google.javascript.jscomp.TypeInference.traverse(TypeInference.java:394)
	at com.google.javascript.jscomp.TypeInference.traverseChildren(TypeInference.java:994)
	at com.google.javascript.jscomp.TypeInference.traverse(TypeInference.java:371)
	at com.google.javascript.jscomp.TypeInference.flowThrough(TypeInference.java:131)
	at com.google.javascript.jscomp.TypeInference.branchedFlowThrough(TypeInference.java:143)
	at com.google.javascript.jscomp.TypeInference.branchedFlowThrough(TypeInference.java:56)
	at com.google.javascript.jscomp.DataFlowAnalysis$BranchedForwardDataFlowAnalysis.flow(DataFlowAnalysis.java:445)
	at com.google.javascript.jscomp.DataFlowAnalysis.analyze(DataFlowAnalysis.java:210)
	at com.google.javascript.jscomp.DataFlowAnalysis.analyze(DataFlowAnalysis.java:178)
	at com.google.javascript.jscomp.TypeInferencePass.inferTypes(TypeInferencePass.java:88)
	at com.google.javascript.jscomp.TypeInferencePass$TypeInferringCallback.exitScope(TypeInferencePass.java:113)
	at com.google.javascript.jscomp.NodeTraversal.popScope(NodeTraversal.java:584)
	at com.google.javascript.jscomp.NodeTraversal.traverseFunction(NodeTraversal.java:544)
	at com.google.javascript.jscomp.NodeTraversal.traverseBranch(NodeTraversal.java:489)
	at com.google.javascript.jscomp.NodeTraversal.traverseBranch(NodeTraversal.java:497)
	at com.google.javascript.jscomp.NodeTraversal.traverseBranch(NodeTraversal.java:497)
	at com.google.javascript.jscomp.NodeTraversal.traverseBranch(NodeTraversal.java:497)
	at com.google.javascript.jscomp.NodeTraversal.traverseBranch(NodeTraversal.java:497)
	at com.google.javascript.jscomp.NodeTraversal.traverseWithScope(NodeTraversal.java:342)
	at com.google.javascript.jscomp.TypeInferencePass.inferTypes(TypeInferencePass.java:79)
	at com.google.javascript.jscomp.TypeInferencePass.process(TypeInferencePass.java:72)
	at com.google.javascript.jscomp.TypeCheck.processForTesting(TypeCheck.java:375)
	at com.google.javascript.jscomp.TypeCheckTest.testClosureTypesMultipleWarnings(TypeCheckTest.java:9338)
	at com.google.javascript.jscomp.TypeCheckTest.testClosureTypes(TypeCheckTest.java:9318)
	at com.google.javascript.jscomp.TypeCheckTest.testTypeInferenceWithNoEntry2(TypeCheckTest.java:7975)
	at sun.reflect.NativeMethodAccessorImpl.invoke0(Native Method)
	at sun.reflect.NativeMethodAccessorImpl.invoke(NativeMethodAccessorImpl.java:62)
	at sun.reflect.DelegatingMethodAccessorImpl.invoke(DelegatingMethodAccessorImpl.java:43)
	at java.lang.reflect.Method.invoke(Method.java:497)
	at junit.framework.TestCase.runTest(TestCase.java:168)
	at junit.framework.TestCase.runBare(TestCase.java:134)
	at junit.framework.TestResult$1.protect(TestResult.java:110)
	at junit.framework.TestResult.runProtected(TestResult.java:128)
	at junit.framework.TestResult.run(TestResult.java:113)
	at junit.framework.TestCase.run(TestCase.java:124)
	at junit.framework.TestSuite.runTest(TestSuite.java:243)
	at junit.framework.TestSuite.run(TestSuite.java:238)
	at org.junit.internal.runners.JUnit38ClassRunner.run(JUnit38ClassRunner.java:83)
	at org.junit.runner.JUnitCore.run(JUnitCore.java:157)
	at org.junit.runner.JUnitCore.run(JUnitCore.java:136)
	at fr.inria.lille.repair.MethodTestRunner.runTest(MethodTestRunner.java:44)
	at fr.inria.lille.repair.MethodTestRunner.access$0(MethodTestRunner.java:37)
	at fr.inria.lille.repair.MethodTestRunner$1.call(MethodTestRunner.java:20)
	at java.util.concurrent.FutureTask.run(FutureTask.java:266)
	at java.util.concurrent.ThreadPoolExecutor.runWorker(ThreadPoolExecutor.java:1142)
	at java.util.concurrent.ThreadPoolExecutor$Worker.run(ThreadPoolExecutor.java:617)
	at java.lang.Thread.run(Thread.java:745)

FAILURES!!!
Tests run: 1,  Failures: 1

com.google.javascript.jscomp.TypeCheckTest#testTypeInferenceWithNoEntry1
.E
Time: 0.365
There was 1 failure:
1) testTypeInferenceWithNoEntry1(com.google.javascript.jscomp.TypeCheckTest)
java.lang.NullPointerException
	at com.google.javascript.rhino.jstype.JSTypeRegistry.createRecordTypeFromNodes(JSTypeRegistry.java:1633)
	at com.google.javascript.rhino.jstype.JSTypeRegistry.createFromTypeNodesInternal(JSTypeRegistry.java:1456)
	at com.google.javascript.rhino.jstype.JSTypeRegistry.createFromTypeNodesInternal(JSTypeRegistry.java:1469)
	at com.google.javascript.rhino.jstype.JSTypeRegistry.createFromTypeNodes(JSTypeRegistry.java:1433)
	at com.google.javascript.rhino.JSTypeExpression.evaluate(JSTypeExpression.java:100)
	at com.google.javascript.jscomp.TypeInference.traverse(TypeInference.java:394)
	at com.google.javascript.jscomp.TypeInference.traverseChildren(TypeInference.java:994)
	at com.google.javascript.jscomp.TypeInference.traverse(TypeInference.java:371)
	at com.google.javascript.jscomp.TypeInference.flowThrough(TypeInference.java:131)
	at com.google.javascript.jscomp.TypeInference.branchedFlowThrough(TypeInference.java:143)
	at com.google.javascript.jscomp.TypeInference.branchedFlowThrough(TypeInference.java:56)
	at com.google.javascript.jscomp.DataFlowAnalysis$BranchedForwardDataFlowAnalysis.flow(DataFlowAnalysis.java:445)
	at com.google.javascript.jscomp.DataFlowAnalysis.analyze(DataFlowAnalysis.java:210)
	at com.google.javascript.jscomp.DataFlowAnalysis.analyze(DataFlowAnalysis.java:178)
	at com.google.javascript.jscomp.TypeInferencePass.inferTypes(TypeInferencePass.java:88)
	at com.google.javascript.jscomp.TypeInferencePass$TypeInferringCallback.exitScope(TypeInferencePass.java:113)
	at com.google.javascript.jscomp.NodeTraversal.popScope(NodeTraversal.java:584)
	at com.google.javascript.jscomp.NodeTraversal.traverseFunction(NodeTraversal.java:544)
	at com.google.javascript.jscomp.NodeTraversal.traverseBranch(NodeTraversal.java:489)
	at com.google.javascript.jscomp.NodeTraversal.traverseBranch(NodeTraversal.java:497)
	at com.google.javascript.jscomp.NodeTraversal.traverseBranch(NodeTraversal.java:497)
	at com.google.javascript.jscomp.NodeTraversal.traverseBranch(NodeTraversal.java:497)
	at com.google.javascript.jscomp.NodeTraversal.traverseBranch(NodeTraversal.java:497)
	at com.google.javascript.jscomp.NodeTraversal.traverseWithScope(NodeTraversal.java:342)
	at com.google.javascript.jscomp.TypeInferencePass.inferTypes(TypeInferencePass.java:79)
	at com.google.javascript.jscomp.TypeInferencePass.process(TypeInferencePass.java:72)
	at com.google.javascript.jscomp.TypeCheck.processForTesting(TypeCheck.java:375)
	at com.google.javascript.jscomp.TypeCheckTest.parseAndTypeCheckWithScope(TypeCheckTest.java:9437)
	at com.google.javascript.jscomp.TypeCheckTest.parseAndTypeCheck(TypeCheckTest.java:9409)
	at com.google.javascript.jscomp.TypeCheckTest.testTypes(TypeCheckTest.java:9376)
	at com.google.javascript.jscomp.TypeCheckTest.testTypes(TypeCheckTest.java:9371)
	at com.google.javascript.jscomp.TypeCheckTest.testTypes(TypeCheckTest.java:9309)
	at com.google.javascript.jscomp.TypeCheckTest.testTypeInferenceWithNoEntry1(TypeCheckTest.java:7951)
	at sun.reflect.NativeMethodAccessorImpl.invoke0(Native Method)
	at sun.reflect.NativeMethodAccessorImpl.invoke(NativeMethodAccessorImpl.java:62)
	at sun.reflect.DelegatingMethodAccessorImpl.invoke(DelegatingMethodAccessorImpl.java:43)
	at java.lang.reflect.Method.invoke(Method.java:497)
	at junit.framework.TestCase.runTest(TestCase.java:168)
	at junit.framework.TestCase.runBare(TestCase.java:134)
	at junit.framework.TestResult$1.protect(TestResult.java:110)
	at junit.framework.TestResult.runProtected(TestResult.java:128)
	at junit.framework.TestResult.run(TestResult.java:113)
	at junit.framework.TestCase.run(TestCase.java:124)
	at junit.framework.TestSuite.runTest(TestSuite.java:243)
	at junit.framework.TestSuite.run(TestSuite.java:238)
	at org.junit.internal.runners.JUnit38ClassRunner.run(JUnit38ClassRunner.java:83)
	at org.junit.runner.JUnitCore.run(JUnitCore.java:157)
	at org.junit.runner.JUnitCore.run(JUnitCore.java:136)
	at fr.inria.lille.repair.MethodTestRunner.runTest(MethodTestRunner.java:44)
	at fr.inria.lille.repair.MethodTestRunner.access$0(MethodTestRunner.java:37)
	at fr.inria.lille.repair.MethodTestRunner$1.call(MethodTestRunner.java:20)
	at java.util.concurrent.FutureTask.run(FutureTask.java:266)
	at java.util.concurrent.ThreadPoolExecutor.runWorker(ThreadPoolExecutor.java:1142)
	at java.util.concurrent.ThreadPoolExecutor$Worker.run(ThreadPoolExecutor.java:617)
	at java.lang.Thread.run(Thread.java:745)

FAILURES!!!
Tests run: 1,  Failures: 1

com.google.javascript.rhino.jstype.JSTypeTest#testRecordType
.
Time: 0.004

OK (1 test)

com.google.javascript.rhino.jstype.JSTypeTest#testRecordSubtypeChain
.
Time: 1.519

OK (1 test)

com.google.javascript.jscomp.TypedScopeCreatorTest#testPropertyDeclarationOnRecordType
.
Time: 0.416

OK (1 test)

com.google.javascript.rhino.jstype.JSTypeTest#testRecordTypeGreatestSubType5
.
Time: 0.075

OK (1 test)

com.google.javascript.rhino.jstype.JSTypeTest#testRecordTypeGreatestSubType4
.
Time: 0.211

OK (1 test)

com.google.javascript.rhino.jstype.JSTypeTest#testRecordTypeGreatestSubType7
.
Time: 0.071

OK (1 test)

com.google.javascript.rhino.jstype.JSTypeTest#testRecordTypeLeastSuperType3
.E
Time: 0.209
There was 1 failure:
1) testRecordTypeLeastSuperType3(com.google.javascript.rhino.jstype.JSTypeTest)
junit.framework.AssertionFailedError: Expected: ({a: number, b: string}|{d: number, e: string, f: string})
Actual  : Object
	at junit.framework.Assert.fail(Assert.java:47)
	at junit.framework.Assert.assertTrue(Assert.java:20)
	at com.google.javascript.rhino.testing.Asserts.assertTypeEquals(Asserts.java:99)
	at com.google.javascript.rhino.testing.Asserts.assertTypeEquals(Asserts.java:95)
	at com.google.javascript.rhino.testing.BaseJSTypeTestCase.assertTypeEquals(BaseJSTypeTestCase.java:573)
	at com.google.javascript.rhino.jstype.JSTypeTest.testRecordTypeLeastSuperType3(JSTypeTest.java:2733)
	at sun.reflect.NativeMethodAccessorImpl.invoke0(Native Method)
	at sun.reflect.NativeMethodAccessorImpl.invoke(NativeMethodAccessorImpl.java:62)
	at sun.reflect.DelegatingMethodAccessorImpl.invoke(DelegatingMethodAccessorImpl.java:43)
	at java.lang.reflect.Method.invoke(Method.java:497)
	at junit.framework.TestCase.runTest(TestCase.java:168)
	at junit.framework.TestCase.runBare(TestCase.java:134)
	at junit.framework.TestResult$1.protect(TestResult.java:110)
	at junit.framework.TestResult.runProtected(TestResult.java:128)
	at junit.framework.TestResult.run(TestResult.java:113)
	at junit.framework.TestCase.run(TestCase.java:124)
	at junit.framework.TestSuite.runTest(TestSuite.java:243)
	at junit.framework.TestSuite.run(TestSuite.java:238)
	at org.junit.internal.runners.JUnit38ClassRunner.run(JUnit38ClassRunner.java:83)
	at org.junit.runner.JUnitCore.run(JUnitCore.java:157)
	at org.junit.runner.JUnitCore.run(JUnitCore.java:136)
	at fr.inria.lille.repair.MethodTestRunner.runTest(MethodTestRunner.java:44)
	at fr.inria.lille.repair.MethodTestRunner.access$0(MethodTestRunner.java:37)
	at fr.inria.lille.repair.MethodTestRunner$1.call(MethodTestRunner.java:20)
	at java.util.concurrent.FutureTask.run(FutureTask.java:266)
	at java.util.concurrent.ThreadPoolExecutor.runWorker(ThreadPoolExecutor.java:1142)
	at java.util.concurrent.ThreadPoolExecutor$Worker.run(ThreadPoolExecutor.java:617)
	at java.lang.Thread.run(Thread.java:745)

FAILURES!!!
Tests run: 1,  Failures: 1

com.google.javascript.rhino.jstype.JSTypeTest#testRecordTypeGreatestSubType6
.
Time: 0.128

OK (1 test)

com.google.javascript.rhino.jstype.JSTypeTest#testRecordTypeGreatestSubType8
.
Time: 0.123

OK (1 test)

com.google.javascript.rhino.jstype.JSTypeTest#testRecordTypeLeastSuperType2
.E
Time: 0.313
There was 1 failure:
1) testRecordTypeLeastSuperType2(com.google.javascript.rhino.jstype.JSTypeTest)
junit.framework.AssertionFailedError: Expected: ({a: number, b: string}|{b: string, c: string, e: number})
Actual  : {b: string}
	at junit.framework.Assert.fail(Assert.java:47)
	at junit.framework.Assert.assertTrue(Assert.java:20)
	at com.google.javascript.rhino.testing.Asserts.assertTypeEquals(Asserts.java:99)
	at com.google.javascript.rhino.testing.Asserts.assertTypeEquals(Asserts.java:95)
	at com.google.javascript.rhino.testing.BaseJSTypeTestCase.assertTypeEquals(BaseJSTypeTestCase.java:573)
	at com.google.javascript.rhino.jstype.JSTypeTest.testRecordTypeLeastSuperType2(JSTypeTest.java:2721)
	at sun.reflect.NativeMethodAccessorImpl.invoke0(Native Method)
	at sun.reflect.NativeMethodAccessorImpl.invoke(NativeMethodAccessorImpl.java:62)
	at sun.reflect.DelegatingMethodAccessorImpl.invoke(DelegatingMethodAccessorImpl.java:43)
	at java.lang.reflect.Method.invoke(Method.java:497)
	at junit.framework.TestCase.runTest(TestCase.java:168)
	at junit.framework.TestCase.runBare(TestCase.java:134)
	at junit.framework.TestResult$1.protect(TestResult.java:110)
	at junit.framework.TestResult.runProtected(TestResult.java:128)
	at junit.framework.TestResult.run(TestResult.java:113)
	at junit.framework.TestCase.run(TestCase.java:124)
	at junit.framework.TestSuite.runTest(TestSuite.java:243)
	at junit.framework.TestSuite.run(TestSuite.java:238)
	at org.junit.internal.runners.JUnit38ClassRunner.run(JUnit38ClassRunner.java:83)
	at org.junit.runner.JUnitCore.run(JUnitCore.java:157)
	at org.junit.runner.JUnitCore.run(JUnitCore.java:136)
	at fr.inria.lille.repair.MethodTestRunner.runTest(MethodTestRunner.java:44)
	at fr.inria.lille.repair.MethodTestRunner.access$0(MethodTestRunner.java:37)
	at fr.inria.lille.repair.MethodTestRunner$1.call(MethodTestRunner.java:20)
	at java.util.concurrent.FutureTask.run(FutureTask.java:266)
	at java.util.concurrent.ThreadPoolExecutor.runWorker(ThreadPoolExecutor.java:1142)
	at java.util.concurrent.ThreadPoolExecutor$Worker.run(ThreadPoolExecutor.java:617)
	at java.lang.Thread.run(Thread.java:745)

FAILURES!!!
Tests run: 1,  Failures: 1

com.google.javascript.rhino.jstype.JSTypeTest#testTheObjectType
.
Time: 0.004

OK (1 test)

com.google.javascript.rhino.jstype.JSTypeTest#testRecordTypeSubtypingWithInferredProperties
.
Time: 0.124

OK (1 test)

com.google.javascript.rhino.jstype.JSTypeTest#testArrayType
.
Time: 0.005

OK (1 test)

com.google.javascript.rhino.jstype.JSTypeTest#testRecordTypeSubtyping
.
Time: 0.412

OK (1 test)

com.google.javascript.rhino.jstype.JSTypeTest#testUniversalConstructorType
.
Time: 0.005

OK (1 test)

com.google.javascript.jscomp.TypeCheckTest#testRecordType4
.
Time: 0.378

OK (1 test)

com.google.javascript.jscomp.TypeCheckTest#testRecordType3
.
Time: 0.194

OK (1 test)

com.google.javascript.jscomp.TypeCheckTest#testRecordType1
.
Time: 0.192

OK (1 test)

