Picked up JAVA_TOOL_OPTIONS: -Dfile.encoding=UTF8 -Duser.language=en-US -Duser.country=US -Duser.language=en
org.apache.commons.math3.optimization.linear.SimplexSolverTest#testModelWithNoArtificialVars
.
Time: 0.731

OK (1 test)

org.apache.commons.math3.optimization.linear.SimplexTableauTest#testTableauWithNoArtificialVars
.E
Time: 0.125
There was 1 failure:
1) testTableauWithNoArtificialVars(org.apache.commons.math3.optimization.linear.SimplexTableauTest)
java.lang.AssertionError: Wrong value at position [0,1] expected:<-15.0> but was:<-14.999999999999996>
	at org.junit.Assert.fail(Assert.java:88)
	at org.junit.Assert.failNotEquals(Assert.java:743)
	at org.junit.Assert.assertEquals(Assert.java:494)
	at org.apache.commons.math3.optimization.linear.SimplexTableauTest.assertMatrixEquals(SimplexTableauTest.java:106)
	at org.apache.commons.math3.optimization.linear.SimplexTableauTest.testTableauWithNoArtificialVars(SimplexTableauTest.java:77)
	at sun.reflect.NativeMethodAccessorImpl.invoke0(Native Method)
	at sun.reflect.NativeMethodAccessorImpl.invoke(NativeMethodAccessorImpl.java:62)
	at sun.reflect.DelegatingMethodAccessorImpl.invoke(DelegatingMethodAccessorImpl.java:43)
	at java.lang.reflect.Method.invoke(Method.java:497)
	at org.junit.runners.model.FrameworkMethod$1.runReflectiveCall(FrameworkMethod.java:47)
	at org.junit.internal.runners.model.ReflectiveCallable.run(ReflectiveCallable.java:12)
	at org.junit.runners.model.FrameworkMethod.invokeExplosively(FrameworkMethod.java:44)
	at org.junit.internal.runners.statements.InvokeMethod.evaluate(InvokeMethod.java:17)
	at org.junit.runners.ParentRunner.runLeaf(ParentRunner.java:271)
	at org.junit.runners.BlockJUnit4ClassRunner.runChild(BlockJUnit4ClassRunner.java:70)
	at org.junit.runners.BlockJUnit4ClassRunner.runChild(BlockJUnit4ClassRunner.java:50)
	at org.junit.runners.ParentRunner$3.run(ParentRunner.java:238)
	at org.junit.runners.ParentRunner$1.schedule(ParentRunner.java:63)
	at org.junit.runners.ParentRunner.runChildren(ParentRunner.java:236)
	at org.junit.runners.ParentRunner.access$000(ParentRunner.java:53)
	at org.junit.runners.ParentRunner$2.evaluate(ParentRunner.java:229)
	at org.junit.runners.ParentRunner.run(ParentRunner.java:309)
	at org.junit.runner.JUnitCore.run(JUnitCore.java:160)
	at org.junit.runner.JUnitCore.run(JUnitCore.java:138)
	at fr.inria.lille.repair.MethodTestRunner.runTest(MethodTestRunner.java:44)
	at fr.inria.lille.repair.MethodTestRunner.access$0(MethodTestRunner.java:37)
	at fr.inria.lille.repair.MethodTestRunner$1.call(MethodTestRunner.java:20)
	at java.util.concurrent.FutureTask.run(FutureTask.java:266)
	at java.util.concurrent.ThreadPoolExecutor.runWorker(ThreadPoolExecutor.java:1142)
	at java.util.concurrent.ThreadPoolExecutor$Worker.run(ThreadPoolExecutor.java:617)
	at java.lang.Thread.run(Thread.java:745)

FAILURES!!!
Tests run: 1,  Failures: 1

org.apache.commons.math3.optimization.linear.SimplexSolverTest#testMinimization
.
Time: 0.134

OK (1 test)

org.apache.commons.math3.optimization.linear.SimplexSolverTest#testMath828Cycle
.E
Time: 0.138
There was 1 failure:
1) testMath828Cycle(org.apache.commons.math3.optimization.linear.SimplexSolverTest)
org.apache.commons.math3.exception.MaxCountExceededException: illegal state: maximal count (100) exceeded
	at org.apache.commons.math3.optimization.linear.AbstractLinearOptimizer.incrementIterationsCounter(AbstractLinearOptimizer.java:128)
	at org.apache.commons.math3.optimization.linear.SimplexSolver.doIteration(SimplexSolver.java:165)
	at org.apache.commons.math3.optimization.linear.SimplexSolver.doOptimize(SimplexSolver.java:227)
	at org.apache.commons.math3.optimization.linear.AbstractLinearOptimizer.optimize(AbstractLinearOptimizer.java:147)
	at org.apache.commons.math3.optimization.linear.SimplexSolverTest.testMath828Cycle(SimplexSolverTest.java:70)
	at sun.reflect.NativeMethodAccessorImpl.invoke0(Native Method)
	at sun.reflect.NativeMethodAccessorImpl.invoke(NativeMethodAccessorImpl.java:62)
	at sun.reflect.DelegatingMethodAccessorImpl.invoke(DelegatingMethodAccessorImpl.java:43)
	at java.lang.reflect.Method.invoke(Method.java:497)
	at org.junit.runners.model.FrameworkMethod$1.runReflectiveCall(FrameworkMethod.java:47)
	at org.junit.internal.runners.model.ReflectiveCallable.run(ReflectiveCallable.java:12)
	at org.junit.runners.model.FrameworkMethod.invokeExplosively(FrameworkMethod.java:44)
	at org.junit.internal.runners.statements.InvokeMethod.evaluate(InvokeMethod.java:17)
	at org.junit.runners.ParentRunner.runLeaf(ParentRunner.java:271)
	at org.junit.runners.BlockJUnit4ClassRunner.runChild(BlockJUnit4ClassRunner.java:70)
	at org.junit.runners.BlockJUnit4ClassRunner.runChild(BlockJUnit4ClassRunner.java:50)
	at org.junit.runners.ParentRunner$3.run(ParentRunner.java:238)
	at org.junit.runners.ParentRunner$1.schedule(ParentRunner.java:63)
	at org.junit.runners.ParentRunner.runChildren(ParentRunner.java:236)
	at org.junit.runners.ParentRunner.access$000(ParentRunner.java:53)
	at org.junit.runners.ParentRunner$2.evaluate(ParentRunner.java:229)
	at org.junit.runners.ParentRunner.run(ParentRunner.java:309)
	at org.junit.runner.JUnitCore.run(JUnitCore.java:160)
	at org.junit.runner.JUnitCore.run(JUnitCore.java:138)
	at fr.inria.lille.repair.MethodTestRunner.runTest(MethodTestRunner.java:44)
	at fr.inria.lille.repair.MethodTestRunner.access$0(MethodTestRunner.java:37)
	at fr.inria.lille.repair.MethodTestRunner$1.call(MethodTestRunner.java:20)
	at java.util.concurrent.FutureTask.run(FutureTask.java:266)
	at java.util.concurrent.ThreadPoolExecutor.runWorker(ThreadPoolExecutor.java:1142)
	at java.util.concurrent.ThreadPoolExecutor$Worker.run(ThreadPoolExecutor.java:617)
	at java.lang.Thread.run(Thread.java:745)

FAILURES!!!
Tests run: 1,  Failures: 1

org.apache.commons.math3.optimization.linear.SimplexSolverTest#testMath434PivotRowSelection2
.
Time: 0.132

OK (1 test)

org.apache.commons.math3.optimization.linear.SimplexSolverTest#testUnboundedSolution
.
Time: 0.125

OK (1 test)

org.apache.commons.math3.optimization.linear.SimplexSolverTest#testMath293
.
Time: 0.262

OK (1 test)

org.apache.commons.math3.optimization.linear.SimplexSolverTest#testMath434NegativeVariable
.
Time: 0.127

OK (1 test)

org.apache.commons.math3.optimization.linear.SimplexTableauTest#testDropPhase1Objective
.E
Time: 0.131
There was 1 failure:
1) testDropPhase1Objective(org.apache.commons.math3.optimization.linear.SimplexTableauTest)
java.lang.AssertionError: Wrong value at position [0,1] expected:<-15.0> but was:<-14.999999999999996>
	at org.junit.Assert.fail(Assert.java:88)
	at org.junit.Assert.failNotEquals(Assert.java:743)
	at org.junit.Assert.assertEquals(Assert.java:494)
	at org.apache.commons.math3.optimization.linear.SimplexTableauTest.assertMatrixEquals(SimplexTableauTest.java:106)
	at org.apache.commons.math3.optimization.linear.SimplexTableauTest.testDropPhase1Objective(SimplexTableauTest.java:59)
	at sun.reflect.NativeMethodAccessorImpl.invoke0(Native Method)
	at sun.reflect.NativeMethodAccessorImpl.invoke(NativeMethodAccessorImpl.java:62)
	at sun.reflect.DelegatingMethodAccessorImpl.invoke(DelegatingMethodAccessorImpl.java:43)
	at java.lang.reflect.Method.invoke(Method.java:497)
	at org.junit.runners.model.FrameworkMethod$1.runReflectiveCall(FrameworkMethod.java:47)
	at org.junit.internal.runners.model.ReflectiveCallable.run(ReflectiveCallable.java:12)
	at org.junit.runners.model.FrameworkMethod.invokeExplosively(FrameworkMethod.java:44)
	at org.junit.internal.runners.statements.InvokeMethod.evaluate(InvokeMethod.java:17)
	at org.junit.runners.ParentRunner.runLeaf(ParentRunner.java:271)
	at org.junit.runners.BlockJUnit4ClassRunner.runChild(BlockJUnit4ClassRunner.java:70)
	at org.junit.runners.BlockJUnit4ClassRunner.runChild(BlockJUnit4ClassRunner.java:50)
	at org.junit.runners.ParentRunner$3.run(ParentRunner.java:238)
	at org.junit.runners.ParentRunner$1.schedule(ParentRunner.java:63)
	at org.junit.runners.ParentRunner.runChildren(ParentRunner.java:236)
	at org.junit.runners.ParentRunner.access$000(ParentRunner.java:53)
	at org.junit.runners.ParentRunner$2.evaluate(ParentRunner.java:229)
	at org.junit.runners.ParentRunner.run(ParentRunner.java:309)
	at org.junit.runner.JUnitCore.run(JUnitCore.java:160)
	at org.junit.runner.JUnitCore.run(JUnitCore.java:138)
	at fr.inria.lille.repair.MethodTestRunner.runTest(MethodTestRunner.java:44)
	at fr.inria.lille.repair.MethodTestRunner.access$0(MethodTestRunner.java:37)
	at fr.inria.lille.repair.MethodTestRunner$1.call(MethodTestRunner.java:20)
	at java.util.concurrent.FutureTask.run(FutureTask.java:266)
	at java.util.concurrent.ThreadPoolExecutor.runWorker(ThreadPoolExecutor.java:1142)
	at java.util.concurrent.ThreadPoolExecutor$Worker.run(ThreadPoolExecutor.java:617)
	at java.lang.Thread.run(Thread.java:745)

FAILURES!!!
Tests run: 1,  Failures: 1

org.apache.commons.math3.optimization.linear.SimplexSolverTest#testRestrictVariablesToNonNegative
.
Time: 0.135

OK (1 test)

org.apache.commons.math3.optimization.linear.SimplexSolverTest#testMath286
.
Time: 0.131

OK (1 test)

org.apache.commons.math3.optimization.linear.SimplexSolverTest#testSolutionWithNegativeDecisionVariable
.
Time: 0.13

OK (1 test)

org.apache.commons.math3.optimization.linear.SimplexSolverTest#testMath434PivotRowSelection
.
Time: 0.13

OK (1 test)

org.apache.commons.math3.optimization.linear.SimplexTableauTest#testInitialization
.E
Time: 0.128
There was 1 failure:
1) testInitialization(org.apache.commons.math3.optimization.linear.SimplexTableauTest)
java.lang.AssertionError: Wrong value at position [1,2] expected:<-15.0> but was:<-14.999999999999996>
	at org.junit.Assert.fail(Assert.java:88)
	at org.junit.Assert.failNotEquals(Assert.java:743)
	at org.junit.Assert.assertEquals(Assert.java:494)
	at org.apache.commons.math3.optimization.linear.SimplexTableauTest.assertMatrixEquals(SimplexTableauTest.java:106)
	at org.apache.commons.math3.optimization.linear.SimplexTableauTest.testInitialization(SimplexTableauTest.java:43)
	at sun.reflect.NativeMethodAccessorImpl.invoke0(Native Method)
	at sun.reflect.NativeMethodAccessorImpl.invoke(NativeMethodAccessorImpl.java:62)
	at sun.reflect.DelegatingMethodAccessorImpl.invoke(DelegatingMethodAccessorImpl.java:43)
	at java.lang.reflect.Method.invoke(Method.java:497)
	at org.junit.runners.model.FrameworkMethod$1.runReflectiveCall(FrameworkMethod.java:47)
	at org.junit.internal.runners.model.ReflectiveCallable.run(ReflectiveCallable.java:12)
	at org.junit.runners.model.FrameworkMethod.invokeExplosively(FrameworkMethod.java:44)
	at org.junit.internal.runners.statements.InvokeMethod.evaluate(InvokeMethod.java:17)
	at org.junit.runners.ParentRunner.runLeaf(ParentRunner.java:271)
	at org.junit.runners.BlockJUnit4ClassRunner.runChild(BlockJUnit4ClassRunner.java:70)
	at org.junit.runners.BlockJUnit4ClassRunner.runChild(BlockJUnit4ClassRunner.java:50)
	at org.junit.runners.ParentRunner$3.run(ParentRunner.java:238)
	at org.junit.runners.ParentRunner$1.schedule(ParentRunner.java:63)
	at org.junit.runners.ParentRunner.runChildren(ParentRunner.java:236)
	at org.junit.runners.ParentRunner.access$000(ParentRunner.java:53)
	at org.junit.runners.ParentRunner$2.evaluate(ParentRunner.java:229)
	at org.junit.runners.ParentRunner.run(ParentRunner.java:309)
	at org.junit.runner.JUnitCore.run(JUnitCore.java:160)
	at org.junit.runner.JUnitCore.run(JUnitCore.java:138)
	at fr.inria.lille.repair.MethodTestRunner.runTest(MethodTestRunner.java:44)
	at fr.inria.lille.repair.MethodTestRunner.access$0(MethodTestRunner.java:37)
	at fr.inria.lille.repair.MethodTestRunner$1.call(MethodTestRunner.java:20)
	at java.util.concurrent.FutureTask.run(FutureTask.java:266)
	at java.util.concurrent.ThreadPoolExecutor.runWorker(ThreadPoolExecutor.java:1142)
	at java.util.concurrent.ThreadPoolExecutor$Worker.run(ThreadPoolExecutor.java:617)
	at java.lang.Thread.run(Thread.java:745)

FAILURES!!!
Tests run: 1,  Failures: 1

org.apache.commons.math3.optimization.linear.SimplexSolverTest#testMath288
.
Time: 0.122

OK (1 test)

