Sleep 1m start
GPR[SSLI]-1659848512871
GPR[ESLI]-1659848572877
Running Nopol Closure 124b with approach: smt
Timezone: America/Los_Angeles
Seed 260
OS: linux
Creating out dir /experiment_home///results/Nopol/Closure/124/seed_260/
The file script/workingdir/Nopol/Closure_124 does not exist!
script/workingdir/Nopol/Closure_124
script/workingdir/Nopol/Closure_124
classpath:  script/workingdir/Nopol/Closure_124/build/classes:script/workingdir/Nopol/Closure_124/lib/args4j.jar:script/workingdir/Nopol/Closure_124/lib/guava.jar:script/workingdir/Nopol/Closure_124/lib/json.jar:script/workingdir/Nopol/Closure_124/lib/jsr305.jar:script/workingdir/Nopol/Closure_124/lib/protobuf-java.jar:script/workingdir/Nopol/Closure_124/build/lib/rhino.jar:script/workingdir/Nopol/Closure_124/lib/ant.jar:script/workingdir/Nopol/Closure_124/lib/ant-launcher.jar:script/workingdir/Nopol/Closure_124/lib/caja-r4314.jar:script/workingdir/Nopol/Closure_124/lib/jarjar.jar:script/workingdir/Nopol/Closure_124/lib/junit.jar:script/workingdir/Nopol/Closure_124/build/test
Src java:  /src
Classes Java:  /build/classes
Src Test:  /test
Classes Test:  /build/test
GPR[SSLB]-1659848595001
GPR[ESLB]-1659848655034
Calling Nopol:
Classpath to pass script/workingdir/Nopol/Closure_124//build/classes:script/workingdir/Nopol/Closure_124//build/test:script/workingdir/Nopol/Closure_124/build/classes:script/workingdir/Nopol/Closure_124/lib/args4j.jar:script/workingdir/Nopol/Closure_124/lib/guava.jar:script/workingdir/Nopol/Closure_124/lib/json.jar:script/workingdir/Nopol/Closure_124/lib/jsr305.jar:script/workingdir/Nopol/Closure_124/lib/protobuf-java.jar:script/workingdir/Nopol/Closure_124/build/lib/rhino.jar:script/workingdir/Nopol/Closure_124/lib/ant.jar:script/workingdir/Nopol/Closure_124/lib/ant-launcher.jar:script/workingdir/Nopol/Closure_124/lib/caja-r4314.jar:script/workingdir/Nopol/Closure_124/lib/jarjar.jar:script/workingdir/Nopol/Closure_124/lib/junit.jar:script/workingdir/Nopol/Closure_124/build/test
Node: host-46
Date init: Sat 06 Aug 2022 10:04:15 PM PDT
OAR_JOB_ID: 3720517
[0] INFO NoPol - Source files: [script/workingdir/Nopol/Closure_124/src]
[1] INFO NoPol - Classpath: [file:script/workingdir/Nopol/Closure_124/build/classes/, file:script/workingdir/Nopol/Closure_124/build/test/, file:script/workingdir/Nopol/Closure_124/build/classes/, file:script/workingdir/Nopol/Closure_124/lib/args4j.jar, file:script/workingdir/Nopol/Closure_124/lib/guava.jar, file:script/workingdir/Nopol/Closure_124/lib/json.jar, file:script/workingdir/Nopol/Closure_124/lib/jsr305.jar, file:script/workingdir/Nopol/Closure_124/lib/protobuf-java.jar, file:script/workingdir/Nopol/Closure_124/build/lib/rhino.jar, file:script/workingdir/Nopol/Closure_124/lib/ant.jar, file:script/workingdir/Nopol/Closure_124/lib/ant-launcher.jar, file:script/workingdir/Nopol/Closure_124/lib/caja-r4314.jar, file:script/workingdir/Nopol/Closure_124/lib/jarjar.jar, file:script/workingdir/Nopol/Closure_124/lib/junit.jar, file:script/workingdir/Nopol/Closure_124/build/test/]
[1] INFO NoPol - Statement type: PRE_THEN_COND
[1] INFO NoPol - Args: [com.google.debugging.sourcemap.Base64Test, com.google.debugging.sourcemap.Base64Test, com.google.debugging.sourcemap.Base64VLQTest, com.google.debugging.sourcemap.Base64VLQTest, com.google.debugging.sourcemap.SourceMapConsumerV1Test, com.google.debugging.sourcemap.SourceMapConsumerV1Test, com.google.debugging.sourcemap.SourceMapConsumerV2Test, com.google.debugging.sourcemap.SourceMapConsumerV2Test, com.google.debugging.sourcemap.SourceMapGeneratorV1Test, com.google.debugging.sourcemap.SourceMapGeneratorV1Test, com.google.debugging.sourcemap.SourceMapGeneratorV2Test, com.google.debugging.sourcemap.SourceMapGeneratorV2Test, com.google.debugging.sourcemap.SourceMapGeneratorV3Test, com.google.debugging.sourcemap.SourceMapGeneratorV3Test, com.google.javascript.jscomp.AliasExternalsTest, com.google.javascript.jscomp.AliasExternalsTest, com.google.javascript.jscomp.AliasKeywordsTest, com.google.javascript.jscomp.AliasKeywordsTest, com.google.javascript.jscomp.AliasStringsTest, com.google.javascript.jscomp.AliasStringsTest, com.google.javascript.jscomp.AmbiguatePropertiesTest, com.google.javascript.jscomp.AmbiguatePropertiesTest, com.google.javascript.jscomp.AngularPassTest, com.google.javascript.jscomp.AngularPassTest, com.google.javascript.jscomp.AstParallelizerTest, com.google.javascript.jscomp.AstParallelizerTest, com.google.javascript.jscomp.AstValidatorTest, com.google.javascript.jscomp.AstValidatorTest, com.google.javascript.jscomp.BasicErrorManagerTest, com.google.javascript.jscomp.BasicErrorManagerTest, com.google.javascript.jscomp.CallGraphTest, com.google.javascript.jscomp.CallGraphTest, com.google.javascript.jscomp.ChainCallsTest, com.google.javascript.jscomp.ChainCallsTest, com.google.javascript.jscomp.CheckAccessControlsTest, com.google.javascript.jscomp.CheckAccessControlsTest, com.google.javascript.jscomp.CheckDebuggerStatementTest, com.google.javascript.jscomp.CheckDebuggerStatementTest, com.google.javascript.jscomp.CheckEventfulObjectDisposalTest, com.google.javascript.jscomp.CheckEventfulObjectDisposalTest, com.google.javascript.jscomp.CheckGlobalNamesTest, com.google.javascript.jscomp.CheckGlobalNamesTest, com.google.javascript.jscomp.CheckGlobalThisTest, com.google.javascript.jscomp.CheckGlobalThisTest, com.google.javascript.jscomp.CheckMissingGetCssNameTest, com.google.javascript.jscomp.CheckMissingGetCssNameTest, com.google.javascript.jscomp.CheckMissingReturnTest, com.google.javascript.jscomp.CheckMissingReturnTest, com.google.javascript.jscomp.CheckPathsBetweenNodesTest, com.google.javascript.jscomp.CheckPathsBetweenNodesTest, com.google.javascript.jscomp.CheckProvidesTest, com.google.javascript.jscomp.CheckProvidesTest, com.google.javascript.jscomp.CheckRegExpTest, com.google.javascript.jscomp.CheckRegExpTest, com.google.javascript.jscomp.CheckRequiresForConstructorsTest, com.google.javascript.jscomp.CheckRequiresForConstructorsTest, com.google.javascript.jscomp.CheckSideEffectsTest, com.google.javascript.jscomp.CheckSideEffectsTest, com.google.javascript.jscomp.CheckSuspiciousCodeTest, com.google.javascript.jscomp.CheckSuspiciousCodeTest, com.google.javascript.jscomp.CheckUnreachableCodeTest, com.google.javascript.jscomp.CheckUnreachableCodeTest, com.google.javascript.jscomp.CleanupPassesTest, com.google.javascript.jscomp.CleanupPassesTest, com.google.javascript.jscomp.ClosureCodeRemovalTest, com.google.javascript.jscomp.ClosureCodeRemovalTest, com.google.javascript.jscomp.ClosureCodingConventionTest, com.google.javascript.jscomp.ClosureCodingConventionTest, com.google.javascript.jscomp.ClosureOptimizePrimitivesTest, com.google.javascript.jscomp.ClosureOptimizePrimitivesTest, com.google.javascript.jscomp.ClosureReverseAbstractInterpreterTest, com.google.javascript.jscomp.ClosureReverseAbstractInterpreterTest, com.google.javascript.jscomp.ClosureRewriteClassTest, com.google.javascript.jscomp.ClosureRewriteClassTest, com.google.javascript.jscomp.CoalesceVariableNamesTest, com.google.javascript.jscomp.CoalesceVariableNamesTest, com.google.javascript.jscomp.CodePrinterTest, com.google.javascript.jscomp.CodePrinterTest, com.google.javascript.jscomp.CollapseAnonymousFunctionsTest, com.google.javascript.jscomp.CollapseAnonymousFunctionsTest, com.google.javascript.jscomp.CollapsePropertiesTest, com.google.javascript.jscomp.CollapsePropertiesTest, com.google.javascript.jscomp.CollapseVariableDeclarationsTest, com.google.javascript.jscomp.CollapseVariableDeclarationsTest, com.google.javascript.jscomp.CombinedCompilerPassTest, com.google.javascript.jscomp.CombinedCompilerPassTest, com.google.javascript.jscomp.CommandLineRunnerTest, com.google.javascript.jscomp.CommandLineRunnerTest, com.google.javascript.jscomp.CompilerOptionsTest, com.google.javascript.jscomp.CompilerOptionsTest, com.google.javascript.jscomp.CompilerTest, com.google.javascript.jscomp.CompilerTest, com.google.javascript.jscomp.ConcreteTypeTest, com.google.javascript.jscomp.ConcreteTypeTest, com.google.javascript.jscomp.ConstCheckTest, com.google.javascript.jscomp.ConstCheckTest, com.google.javascript.jscomp.ControlFlowAnalysisTest, com.google.javascript.jscomp.ControlFlowAnalysisTest, com.google.javascript.jscomp.ControlStructureCheckTest, com.google.javascript.jscomp.ControlStructureCheckTest, com.google.javascript.jscomp.ConvertToDottedPropertiesTest, com.google.javascript.jscomp.ConvertToDottedPropertiesTest, com.google.javascript.jscomp.CreateSyntheticBlocksTest, com.google.javascript.jscomp.CreateSyntheticBlocksTest, com.google.javascript.jscomp.CrossModuleCodeMotionTest, com.google.javascript.jscomp.CrossModuleCodeMotionTest, com.google.javascript.jscomp.CrossModuleMethodMotionTest, com.google.javascript.jscomp.CrossModuleMethodMotionTest, com.google.javascript.jscomp.DataFlowAnalysisTest, com.google.javascript.jscomp.DataFlowAnalysisTest, com.google.javascript.jscomp.DeadAssignmentsEliminationTest, com.google.javascript.jscomp.DeadAssignmentsEliminationTest, com.google.javascript.jscomp.DefaultCodingConventionTest, com.google.javascript.jscomp.DefaultCodingConventionTest, com.google.javascript.jscomp.DefinitionsRemoverTest, com.google.javascript.jscomp.DefinitionsRemoverTest, com.google.javascript.jscomp.DenormalizeTest, com.google.javascript.jscomp.DenormalizeTest, com.google.javascript.jscomp.DevirtualizePrototypeMethodsTest, com.google.javascript.jscomp.DevirtualizePrototypeMethodsTest, com.google.javascript.jscomp.DiagnosticGroupTest, com.google.javascript.jscomp.DiagnosticGroupTest, com.google.javascript.jscomp.DisambiguatePrivatePropertiesTest, com.google.javascript.jscomp.DisambiguatePrivatePropertiesTest, com.google.javascript.jscomp.DisambiguatePropertiesTest, com.google.javascript.jscomp.DisambiguatePropertiesTest, com.google.javascript.jscomp.DotFormatterTest, com.google.javascript.jscomp.DotFormatterTest, com.google.javascript.jscomp.ExpandJqueryAliasesTest, com.google.javascript.jscomp.ExpandJqueryAliasesTest, com.google.javascript.jscomp.ExploitAssignsTest, com.google.javascript.jscomp.ExploitAssignsTest, com.google.javascript.jscomp.ExportTestFunctionsTest, com.google.javascript.jscomp.ExportTestFunctionsTest, com.google.javascript.jscomp.ExpressionDecomposerTest, com.google.javascript.jscomp.ExpressionDecomposerTest, com.google.javascript.jscomp.ExternExportsPassTest, com.google.javascript.jscomp.ExternExportsPassTest, com.google.javascript.jscomp.ExtractPrototypeMemberDeclarationsTest, com.google.javascript.jscomp.ExtractPrototypeMemberDeclarationsTest, com.google.javascript.jscomp.FixedPointGraphTraversalTest, com.google.javascript.jscomp.FixedPointGraphTraversalTest, com.google.javascript.jscomp.FlowSensitiveInlineVariablesTest, com.google.javascript.jscomp.FlowSensitiveInlineVariablesTest, com.google.javascript.jscomp.FunctionArgumentInjectorTest, com.google.javascript.jscomp.FunctionArgumentInjectorTest, com.google.javascript.jscomp.FunctionInjectorTest, com.google.javascript.jscomp.FunctionInjectorTest, com.google.javascript.jscomp.FunctionNamesTest, com.google.javascript.jscomp.FunctionNamesTest, com.google.javascript.jscomp.FunctionRewriterTest, com.google.javascript.jscomp.FunctionRewriterTest, com.google.javascript.jscomp.FunctionToBlockMutatorTest, com.google.javascript.jscomp.FunctionToBlockMutatorTest, com.google.javascript.jscomp.FunctionTypeBuilderTest, com.google.javascript.jscomp.FunctionTypeBuilderTest, com.google.javascript.jscomp.GatherCharacterEncodingBiasTest, com.google.javascript.jscomp.GatherCharacterEncodingBiasTest, com.google.javascript.jscomp.GatherRawExportsTest, com.google.javascript.jscomp.GatherRawExportsTest, com.google.javascript.jscomp.GatherSideEffectSubexpressionsCallbackTest, com.google.javascript.jscomp.GatherSideEffectSubexpressionsCallbackTest, com.google.javascript.jscomp.GenerateExportsTest, com.google.javascript.jscomp.GenerateExportsTest, com.google.javascript.jscomp.GlobalNamespaceTest, com.google.javascript.jscomp.GlobalNamespaceTest, com.google.javascript.jscomp.GlobalVarReferenceMapTest, com.google.javascript.jscomp.GlobalVarReferenceMapTest, com.google.javascript.jscomp.GoogleCodingConventionTest, com.google.javascript.jscomp.GoogleCodingConventionTest, com.google.javascript.jscomp.GroupVariableDeclarationsTest, com.google.javascript.jscomp.GroupVariableDeclarationsTest, com.google.javascript.jscomp.IgnoreCajaPropertiesTest, com.google.javascript.jscomp.IgnoreCajaPropertiesTest, com.google.javascript.jscomp.InferJSDocInfoTest, com.google.javascript.jscomp.InferJSDocInfoTest, com.google.javascript.jscomp.InlineCostEstimatorTest, com.google.javascript.jscomp.InlineCostEstimatorTest, com.google.javascript.jscomp.InlineFunctionsTest, com.google.javascript.jscomp.InlineFunctionsTest, com.google.javascript.jscomp.InlineObjectLiteralsTest, com.google.javascript.jscomp.InlineObjectLiteralsTest, com.google.javascript.jscomp.InlinePropertiesTest, com.google.javascript.jscomp.InlinePropertiesTest, com.google.javascript.jscomp.InlineSimpleMethodsTest, com.google.javascript.jscomp.InlineSimpleMethodsTest, com.google.javascript.jscomp.InlineVariablesConstantsTest, com.google.javascript.jscomp.InlineVariablesConstantsTest, com.google.javascript.jscomp.InlineVariablesTest, com.google.javascript.jscomp.InlineVariablesTest, com.google.javascript.jscomp.InstrumentFunctionsTest, com.google.javascript.jscomp.InstrumentFunctionsTest, com.google.javascript.jscomp.InstrumentMemoryAllocPassTest, com.google.javascript.jscomp.InstrumentMemoryAllocPassTest, com.google.javascript.jscomp.IntegrationTest, com.google.javascript.jscomp.IntegrationTest, com.google.javascript.jscomp.JSCompilerSourceExcerptProviderTest, com.google.javascript.jscomp.JSCompilerSourceExcerptProviderTest, com.google.javascript.jscomp.JSModuleGraphTest, com.google.javascript.jscomp.JSModuleGraphTest, com.google.javascript.jscomp.JSModuleTest, com.google.javascript.jscomp.JSModuleTest, com.google.javascript.jscomp.JsMessageExtractorTest, com.google.javascript.jscomp.JsMessageExtractorTest, com.google.javascript.jscomp.JsMessageTest, com.google.javascript.jscomp.JsMessageTest, com.google.javascript.jscomp.JsMessageVisitorTest, com.google.javascript.jscomp.JsMessageVisitorTest, com.google.javascript.jscomp.LightweightMessageFormatterTest, com.google.javascript.jscomp.LightweightMessageFormatterTest, com.google.javascript.jscomp.LinkedFlowScopeTest, com.google.javascript.jscomp.LinkedFlowScopeTest, com.google.javascript.jscomp.LiveVariableAnalysisTest, com.google.javascript.jscomp.LiveVariableAnalysisTest, com.google.javascript.jscomp.LooseTypeCheckTest, com.google.javascript.jscomp.LooseTypeCheckTest, com.google.javascript.jscomp.MakeDeclaredNamesUniqueTest, com.google.javascript.jscomp.MakeDeclaredNamesUniqueTest, com.google.javascript.jscomp.MarkNoSideEffectCallsTest, com.google.javascript.jscomp.MarkNoSideEffectCallsTest, com.google.javascript.jscomp.MaybeReachingVariableUseTest, com.google.javascript.jscomp.MaybeReachingVariableUseTest, com.google.javascript.jscomp.MemoizedScopeCreatorTest, com.google.javascript.jscomp.MemoizedScopeCreatorTest, com.google.javascript.jscomp.MinimizeExitPointsTest, com.google.javascript.jscomp.MinimizeExitPointsTest, com.google.javascript.jscomp.MoveFunctionDeclarationsTest, com.google.javascript.jscomp.MoveFunctionDeclarationsTest, com.google.javascript.jscomp.MultiPassTest, com.google.javascript.jscomp.MultiPassTest, com.google.javascript.jscomp.MustBeReachingVariableDefTest, com.google.javascript.jscomp.MustBeReachingVariableDefTest, com.google.javascript.jscomp.NameAnalyzerTest, com.google.javascript.jscomp.NameAnalyzerTest, com.google.javascript.jscomp.NameAnonymousFunctionsMappedTest, com.google.javascript.jscomp.NameAnonymousFunctionsMappedTest, com.google.javascript.jscomp.NameAnonymousFunctionsTest, com.google.javascript.jscomp.NameAnonymousFunctionsTest, com.google.javascript.jscomp.NodeIteratorsTest, com.google.javascript.jscomp.NodeIteratorsTest, com.google.javascript.jscomp.NodeTraversalTest, com.google.javascript.jscomp.NodeTraversalTest, com.google.javascript.jscomp.NodeUtilTest, com.google.javascript.jscomp.NodeUtilTest, com.google.javascript.jscomp.NormalizeTest, com.google.javascript.jscomp.NormalizeTest, com.google.javascript.jscomp.ObjectPropertyStringPostprocessTest, com.google.javascript.jscomp.ObjectPropertyStringPostprocessTest, com.google.javascript.jscomp.ObjectPropertyStringPreprocessTest, com.google.javascript.jscomp.ObjectPropertyStringPreprocessTest, com.google.javascript.jscomp.OptimizeArgumentsArrayTest, com.google.javascript.jscomp.OptimizeArgumentsArrayTest, com.google.javascript.jscomp.OptimizeCallsTest, com.google.javascript.jscomp.OptimizeCallsTest, com.google.javascript.jscomp.OptimizeParametersTest, com.google.javascript.jscomp.OptimizeParametersTest, com.google.javascript.jscomp.OptimizeReturnsTest, com.google.javascript.jscomp.OptimizeReturnsTest, com.google.javascript.jscomp.PeepholeCollectPropertyAssignmentsTest, com.google.javascript.jscomp.PeepholeCollectPropertyAssignmentsTest, com.google.javascript.jscomp.PeepholeFoldConstantsTest, com.google.javascript.jscomp.PeepholeFoldConstantsTest, com.google.javascript.jscomp.PeepholeFoldWithTypesTest, com.google.javascript.jscomp.PeepholeFoldWithTypesTest, com.google.javascript.jscomp.PeepholeIntegrationTest, com.google.javascript.jscomp.PeepholeIntegrationTest, com.google.javascript.jscomp.PeepholeMinimizeConditionsTest, com.google.javascript.jscomp.PeepholeMinimizeConditionsTest, com.google.javascript.jscomp.PeepholeOptimizationsPassTest, com.google.javascript.jscomp.PeepholeOptimizationsPassTest, com.google.javascript.jscomp.PeepholeRemoveDeadCodeTest, com.google.javascript.jscomp.PeepholeRemoveDeadCodeTest, com.google.javascript.jscomp.PeepholeReplaceKnownMethodsTest, com.google.javascript.jscomp.PeepholeReplaceKnownMethodsTest, com.google.javascript.jscomp.PeepholeSimplifyRegExpTest, com.google.javascript.jscomp.PeepholeSimplifyRegExpTest, com.google.javascript.jscomp.PeepholeSubstituteAlternateSyntaxTest, com.google.javascript.jscomp.PeepholeSubstituteAlternateSyntaxTest, com.google.javascript.jscomp.PhaseOptimizerTest, com.google.javascript.jscomp.PhaseOptimizerTest, com.google.javascript.jscomp.PrepareAstTest, com.google.javascript.jscomp.PrepareAstTest, com.google.javascript.jscomp.ProcessClosurePrimitivesTest, com.google.javascript.jscomp.ProcessClosurePrimitivesTest, com.google.javascript.jscomp.ProcessCommonJSModulesTest, com.google.javascript.jscomp.ProcessCommonJSModulesTest, com.google.javascript.jscomp.ProcessDefinesTest, com.google.javascript.jscomp.ProcessDefinesTest, com.google.javascript.jscomp.ProcessTweaksTest, com.google.javascript.jscomp.ProcessTweaksTest, com.google.javascript.jscomp.PureFunctionIdentifierTest, com.google.javascript.jscomp.PureFunctionIdentifierTest, com.google.javascript.jscomp.RecordFunctionInformationTest, com.google.javascript.jscomp.RecordFunctionInformationTest, com.google.javascript.jscomp.RemoveTryCatchTest, com.google.javascript.jscomp.RemoveTryCatchTest, com.google.javascript.jscomp.RemoveUnusedClassPropertiesTest, com.google.javascript.jscomp.RemoveUnusedClassPropertiesTest, com.google.javascript.jscomp.RemoveUnusedNamesTest, com.google.javascript.jscomp.RemoveUnusedNamesTest, com.google.javascript.jscomp.RemoveUnusedPrototypePropertiesTest, com.google.javascript.jscomp.RemoveUnusedPrototypePropertiesTest, com.google.javascript.jscomp.RemoveUnusedVarsTest, com.google.javascript.jscomp.RemoveUnusedVarsTest, com.google.javascript.jscomp.RenameLabelsTest, com.google.javascript.jscomp.RenameLabelsTest, com.google.javascript.jscomp.RenameLocalVarsTest, com.google.javascript.jscomp.RenameLocalVarsTest, com.google.javascript.jscomp.RenamePropertiesTest, com.google.javascript.jscomp.RenamePropertiesTest, com.google.javascript.jscomp.RenamePrototypesTest, com.google.javascript.jscomp.RenamePrototypesTest, com.google.javascript.jscomp.RenameVars2Test, com.google.javascript.jscomp.RenameVars2Test, com.google.javascript.jscomp.RenameVarsTest, com.google.javascript.jscomp.RenameVarsTest, com.google.javascript.jscomp.ReorderConstantExpressionTest, com.google.javascript.jscomp.ReorderConstantExpressionTest, com.google.javascript.jscomp.ReplaceCssNamesTest, com.google.javascript.jscomp.ReplaceCssNamesTest, com.google.javascript.jscomp.ReplaceIdGeneratorsTest, com.google.javascript.jscomp.ReplaceIdGeneratorsTest, com.google.javascript.jscomp.ReplaceMessagesForChromeTest, com.google.javascript.jscomp.ReplaceMessagesForChromeTest, com.google.javascript.jscomp.ReplaceMessagesTest, com.google.javascript.jscomp.ReplaceMessagesTest, com.google.javascript.jscomp.ReplaceStringsTest, com.google.javascript.jscomp.ReplaceStringsTest, com.google.javascript.jscomp.RescopeGlobalSymbolsTest, com.google.javascript.jscomp.RescopeGlobalSymbolsTest, com.google.javascript.jscomp.RhinoErrorReporterTest, com.google.javascript.jscomp.RhinoErrorReporterTest, com.google.javascript.jscomp.RuntimeTypeCheckTest, com.google.javascript.jscomp.RuntimeTypeCheckTest, com.google.javascript.jscomp.SanityCheckTest, com.google.javascript.jscomp.SanityCheckTest, com.google.javascript.jscomp.ScopedAliasesTest, com.google.javascript.jscomp.ScopedAliasesTest, com.google.javascript.jscomp.SemanticReverseAbstractInterpreterTest, com.google.javascript.jscomp.SemanticReverseAbstractInterpreterTest, com.google.javascript.jscomp.ShadowVariables2Test, com.google.javascript.jscomp.ShadowVariables2Test, com.google.javascript.jscomp.ShadowVariablesTest, com.google.javascript.jscomp.ShadowVariablesTest, com.google.javascript.jscomp.SideEffectsAnalysisTest, com.google.javascript.jscomp.SideEffectsAnalysisTest, com.google.javascript.jscomp.SimpleDefinitionFinderTest, com.google.javascript.jscomp.SimpleDefinitionFinderTest, com.google.javascript.jscomp.SimpleFunctionAliasAnalysisTest, com.google.javascript.jscomp.SimpleFunctionAliasAnalysisTest, com.google.javascript.jscomp.SourceInformationAnnotatorTest, com.google.javascript.jscomp.SourceInformationAnnotatorTest, com.google.javascript.jscomp.SourceMapTest, com.google.javascript.jscomp.SourceMapTest, com.google.javascript.jscomp.SpecializeModuleTest, com.google.javascript.jscomp.SpecializeModuleTest, com.google.javascript.jscomp.StatementFusionTest, com.google.javascript.jscomp.StatementFusionTest, com.google.javascript.jscomp.StrictModeCheckTest, com.google.javascript.jscomp.StrictModeCheckTest, com.google.javascript.jscomp.StripCodeTest, com.google.javascript.jscomp.StripCodeTest, com.google.javascript.jscomp.SymbolTableTest, com.google.javascript.jscomp.SymbolTableTest, com.google.javascript.jscomp.SyntacticScopeCreatorTest, com.google.javascript.jscomp.SyntacticScopeCreatorTest, com.google.javascript.jscomp.TightenTypesTest, com.google.javascript.jscomp.TightenTypesTest, com.google.javascript.jscomp.TransformAMDToCJSModuleTest, com.google.javascript.jscomp.TransformAMDToCJSModuleTest, com.google.javascript.jscomp.TypeCheckFunctionCheckTest, com.google.javascript.jscomp.TypeCheckFunctionCheckTest, com.google.javascript.jscomp.TypeCheckTest, com.google.javascript.jscomp.TypeCheckTest, com.google.javascript.jscomp.TypeInferenceTest, com.google.javascript.jscomp.TypeInferenceTest, com.google.javascript.jscomp.TypeValidatorTest, com.google.javascript.jscomp.TypeValidatorTest, com.google.javascript.jscomp.TypedScopeCreatorTest, com.google.javascript.jscomp.TypedScopeCreatorTest, com.google.javascript.jscomp.UnreachableCodeEliminationTest, com.google.javascript.jscomp.UnreachableCodeEliminationTest, com.google.javascript.jscomp.VarCheckTest, com.google.javascript.jscomp.VarCheckTest, com.google.javascript.jscomp.VariableMapTest, com.google.javascript.jscomp.VariableMapTest, com.google.javascript.jscomp.VariableReferenceCheckTest, com.google.javascript.jscomp.VariableReferenceCheckTest, com.google.javascript.jscomp.VariableVisibilityAnalysisTest, com.google.javascript.jscomp.VariableVisibilityAnalysisTest, com.google.javascript.jscomp.XtbMessageBundleTest, com.google.javascript.jscomp.XtbMessageBundleTest, com.google.javascript.jscomp.deps.DepsFileParserTest, com.google.javascript.jscomp.deps.DepsFileParserTest, com.google.javascript.jscomp.deps.JsFileLineParserTest, com.google.javascript.jscomp.deps.JsFileLineParserTest, com.google.javascript.jscomp.deps.JsFileParserTest, com.google.javascript.jscomp.deps.JsFileParserTest, com.google.javascript.jscomp.deps.JsFunctionParserTest, com.google.javascript.jscomp.deps.JsFunctionParserTest, com.google.javascript.jscomp.deps.SortedDependenciesTest, com.google.javascript.jscomp.deps.SortedDependenciesTest, com.google.javascript.jscomp.graph.GraphColoringTest, com.google.javascript.jscomp.graph.GraphColoringTest, com.google.javascript.jscomp.graph.GraphPrunerTest, com.google.javascript.jscomp.graph.GraphPrunerTest, com.google.javascript.jscomp.graph.GraphReachabilityTest, com.google.javascript.jscomp.graph.GraphReachabilityTest, com.google.javascript.jscomp.graph.GraphTest, com.google.javascript.jscomp.graph.GraphTest, com.google.javascript.jscomp.graph.StandardUnionFindTest, com.google.javascript.jscomp.graph.StandardUnionFindTest, com.google.javascript.jscomp.jsonml.JsonMLConversionTest, com.google.javascript.jscomp.jsonml.JsonMLConversionTest, com.google.javascript.jscomp.jsonml.JsonMLValidationTest, com.google.javascript.jscomp.jsonml.JsonMLValidationTest, com.google.javascript.jscomp.jsonml.SecureCompilerTest, com.google.javascript.jscomp.jsonml.SecureCompilerTest, com.google.javascript.jscomp.parsing.IRFactoryTest, com.google.javascript.jscomp.parsing.IRFactoryTest, com.google.javascript.jscomp.parsing.JsDocInfoParserTest, com.google.javascript.jscomp.parsing.JsDocInfoParserTest, com.google.javascript.jscomp.parsing.JsDocTokenStreamTest, com.google.javascript.jscomp.parsing.JsDocTokenStreamTest, com.google.javascript.jscomp.parsing.ParserTest, com.google.javascript.jscomp.parsing.ParserTest, com.google.javascript.jscomp.regex.CharRangesTest, com.google.javascript.jscomp.regex.CharRangesTest, com.google.javascript.rhino.IRTest, com.google.javascript.rhino.IRTest, com.google.javascript.rhino.JSDocInfoTest, com.google.javascript.rhino.JSDocInfoTest, com.google.javascript.rhino.NodeTest, com.google.javascript.rhino.NodeTest, com.google.javascript.rhino.jstype.BooleanLiteralSetTest, com.google.javascript.rhino.jstype.BooleanLiteralSetTest, com.google.javascript.rhino.jstype.EnumElementTypeTest, com.google.javascript.rhino.jstype.EnumElementTypeTest, com.google.javascript.rhino.jstype.FunctionParamBuilderTest, com.google.javascript.rhino.jstype.FunctionParamBuilderTest, com.google.javascript.rhino.jstype.FunctionTypeTest, com.google.javascript.rhino.jstype.FunctionTypeTest, com.google.javascript.rhino.jstype.JSTypeRegistryTest, com.google.javascript.rhino.jstype.JSTypeRegistryTest, com.google.javascript.rhino.jstype.JSTypeTest, com.google.javascript.rhino.jstype.JSTypeTest, com.google.javascript.rhino.jstype.NamedTypeTest, com.google.javascript.rhino.jstype.NamedTypeTest, com.google.javascript.rhino.jstype.PrototypeObjectTypeTest, com.google.javascript.rhino.jstype.PrototypeObjectTypeTest, com.google.javascript.rhino.jstype.RecordTypeTest, com.google.javascript.rhino.jstype.RecordTypeTest, com.google.javascript.rhino.jstype.TemplatizedTypeTest, com.google.javascript.rhino.jstype.TemplatizedTypeTest, com.google.javascript.rhino.jstype.TernaryValueTest, com.google.javascript.rhino.jstype.TernaryValueTest, com.google.javascript.rhino.jstype.UnionTypeBuilderTest, com.google.javascript.rhino.jstype.UnionTypeBuilderTest, com.google.javascript.rhino.jstype.UnionTypeTest, com.google.javascript.rhino.jstype.UnionTypeTest]
[3] INFO NoPol - Config: Config{synthesisDepth=3, collectStaticMethods=true, collectStaticFields=false, collectLiterals=false, onlyOneSynthesisResult=false, sortExpressions=true, maxLineInvocationPerTest=250, timeoutMethodInvocation=2000, dataCollectionTimeoutInSecondForSynthesis=900, addWeight=0.19478, subWeight=0.04554, mulWeight=0.0102, divWeight=0.00613, andWeight=0.10597, orWeight=0.05708, eqWeight=0.22798, nEqWeight=0.0, lessEqWeight=0.0255, lessWeight=0.0947, methodCallWeight=0.1, fieldAccessWeight=0.08099, constantWeight=0.14232, variableWeight=0.05195, mode=REPAIR, type=PRE_THEN_COND, synthesis=SMT, oracle=ANGELIC, solver=Z3, solverPath='script/../tools//libs/z3_for_linux', projectSources=[script/workingdir/Nopol/Closure_124/src], projectClasspath='[Ljava.net.URL;@28c97a5', projectTests=[com.google.debugging.sourcemap.Base64Test, com.google.debugging.sourcemap.Base64Test, com.google.debugging.sourcemap.Base64VLQTest, com.google.debugging.sourcemap.Base64VLQTest, com.google.debugging.sourcemap.SourceMapConsumerV1Test, com.google.debugging.sourcemap.SourceMapConsumerV1Test, com.google.debugging.sourcemap.SourceMapConsumerV2Test, com.google.debugging.sourcemap.SourceMapConsumerV2Test, com.google.debugging.sourcemap.SourceMapGeneratorV1Test, com.google.debugging.sourcemap.SourceMapGeneratorV1Test, com.google.debugging.sourcemap.SourceMapGeneratorV2Test, com.google.debugging.sourcemap.SourceMapGeneratorV2Test, com.google.debugging.sourcemap.SourceMapGeneratorV3Test, com.google.debugging.sourcemap.SourceMapGeneratorV3Test, com.google.javascript.jscomp.AliasExternalsTest, com.google.javascript.jscomp.AliasExternalsTest, com.google.javascript.jscomp.AliasKeywordsTest, com.google.javascript.jscomp.AliasKeywordsTest, com.google.javascript.jscomp.AliasStringsTest, com.google.javascript.jscomp.AliasStringsTest, com.google.javascript.jscomp.AmbiguatePropertiesTest, com.google.javascript.jscomp.AmbiguatePropertiesTest, com.google.javascript.jscomp.AngularPassTest, com.google.javascript.jscomp.AngularPassTest, com.google.javascript.jscomp.AstParallelizerTest, com.google.javascript.jscomp.AstParallelizerTest, com.google.javascript.jscomp.AstValidatorTest, com.google.javascript.jscomp.AstValidatorTest, com.google.javascript.jscomp.BasicErrorManagerTest, com.google.javascript.jscomp.BasicErrorManagerTest, com.google.javascript.jscomp.CallGraphTest, com.google.javascript.jscomp.CallGraphTest, com.google.javascript.jscomp.ChainCallsTest, com.google.javascript.jscomp.ChainCallsTest, com.google.javascript.jscomp.CheckAccessControlsTest, com.google.javascript.jscomp.CheckAccessControlsTest, com.google.javascript.jscomp.CheckDebuggerStatementTest, com.google.javascript.jscomp.CheckDebuggerStatementTest, com.google.javascript.jscomp.CheckEventfulObjectDisposalTest, com.google.javascript.jscomp.CheckEventfulObjectDisposalTest, com.google.javascript.jscomp.CheckGlobalNamesTest, com.google.javascript.jscomp.CheckGlobalNamesTest, com.google.javascript.jscomp.CheckGlobalThisTest, com.google.javascript.jscomp.CheckGlobalThisTest, com.google.javascript.jscomp.CheckMissingGetCssNameTest, com.google.javascript.jscomp.CheckMissingGetCssNameTest, com.google.javascript.jscomp.CheckMissingReturnTest, com.google.javascript.jscomp.CheckMissingReturnTest, com.google.javascript.jscomp.CheckPathsBetweenNodesTest, com.google.javascript.jscomp.CheckPathsBetweenNodesTest, com.google.javascript.jscomp.CheckProvidesTest, com.google.javascript.jscomp.CheckProvidesTest, com.google.javascript.jscomp.CheckRegExpTest, com.google.javascript.jscomp.CheckRegExpTest, com.google.javascript.jscomp.CheckRequiresForConstructorsTest, com.google.javascript.jscomp.CheckRequiresForConstructorsTest, com.google.javascript.jscomp.CheckSideEffectsTest, com.google.javascript.jscomp.CheckSideEffectsTest, com.google.javascript.jscomp.CheckSuspiciousCodeTest, com.google.javascript.jscomp.CheckSuspiciousCodeTest, com.google.javascript.jscomp.CheckUnreachableCodeTest, com.google.javascript.jscomp.CheckUnreachableCodeTest, com.google.javascript.jscomp.CleanupPassesTest, com.google.javascript.jscomp.CleanupPassesTest, com.google.javascript.jscomp.ClosureCodeRemovalTest, com.google.javascript.jscomp.ClosureCodeRemovalTest, com.google.javascript.jscomp.ClosureCodingConventionTest, com.google.javascript.jscomp.ClosureCodingConventionTest, com.google.javascript.jscomp.ClosureOptimizePrimitivesTest, com.google.javascript.jscomp.ClosureOptimizePrimitivesTest, com.google.javascript.jscomp.ClosureReverseAbstractInterpreterTest, com.google.javascript.jscomp.ClosureReverseAbstractInterpreterTest, com.google.javascript.jscomp.ClosureRewriteClassTest, com.google.javascript.jscomp.ClosureRewriteClassTest, com.google.javascript.jscomp.CoalesceVariableNamesTest, com.google.javascript.jscomp.CoalesceVariableNamesTest, com.google.javascript.jscomp.CodePrinterTest, com.google.javascript.jscomp.CodePrinterTest, com.google.javascript.jscomp.CollapseAnonymousFunctionsTest, com.google.javascript.jscomp.CollapseAnonymousFunctionsTest, com.google.javascript.jscomp.CollapsePropertiesTest, com.google.javascript.jscomp.CollapsePropertiesTest, com.google.javascript.jscomp.CollapseVariableDeclarationsTest, com.google.javascript.jscomp.CollapseVariableDeclarationsTest, com.google.javascript.jscomp.CombinedCompilerPassTest, com.google.javascript.jscomp.CombinedCompilerPassTest, com.google.javascript.jscomp.CommandLineRunnerTest, com.google.javascript.jscomp.CommandLineRunnerTest, com.google.javascript.jscomp.CompilerOptionsTest, com.google.javascript.jscomp.CompilerOptionsTest, com.google.javascript.jscomp.CompilerTest, com.google.javascript.jscomp.CompilerTest, com.google.javascript.jscomp.ConcreteTypeTest, com.google.javascript.jscomp.ConcreteTypeTest, com.google.javascript.jscomp.ConstCheckTest, com.google.javascript.jscomp.ConstCheckTest, com.google.javascript.jscomp.ControlFlowAnalysisTest, com.google.javascript.jscomp.ControlFlowAnalysisTest, com.google.javascript.jscomp.ControlStructureCheckTest, com.google.javascript.jscomp.ControlStructureCheckTest, com.google.javascript.jscomp.ConvertToDottedPropertiesTest, com.google.javascript.jscomp.ConvertToDottedPropertiesTest, com.google.javascript.jscomp.CreateSyntheticBlocksTest, com.google.javascript.jscomp.CreateSyntheticBlocksTest, com.google.javascript.jscomp.CrossModuleCodeMotionTest, com.google.javascript.jscomp.CrossModuleCodeMotionTest, com.google.javascript.jscomp.CrossModuleMethodMotionTest, com.google.javascript.jscomp.CrossModuleMethodMotionTest, com.google.javascript.jscomp.DataFlowAnalysisTest, com.google.javascript.jscomp.DataFlowAnalysisTest, com.google.javascript.jscomp.DeadAssignmentsEliminationTest, com.google.javascript.jscomp.DeadAssignmentsEliminationTest, com.google.javascript.jscomp.DefaultCodingConventionTest, com.google.javascript.jscomp.DefaultCodingConventionTest, com.google.javascript.jscomp.DefinitionsRemoverTest, com.google.javascript.jscomp.DefinitionsRemoverTest, com.google.javascript.jscomp.DenormalizeTest, com.google.javascript.jscomp.DenormalizeTest, com.google.javascript.jscomp.DevirtualizePrototypeMethodsTest, com.google.javascript.jscomp.DevirtualizePrototypeMethodsTest, com.google.javascript.jscomp.DiagnosticGroupTest, com.google.javascript.jscomp.DiagnosticGroupTest, com.google.javascript.jscomp.DisambiguatePrivatePropertiesTest, com.google.javascript.jscomp.DisambiguatePrivatePropertiesTest, com.google.javascript.jscomp.DisambiguatePropertiesTest, com.google.javascript.jscomp.DisambiguatePropertiesTest, com.google.javascript.jscomp.DotFormatterTest, com.google.javascript.jscomp.DotFormatterTest, com.google.javascript.jscomp.ExpandJqueryAliasesTest, com.google.javascript.jscomp.ExpandJqueryAliasesTest, com.google.javascript.jscomp.ExploitAssignsTest, com.google.javascript.jscomp.ExploitAssignsTest, com.google.javascript.jscomp.ExportTestFunctionsTest, com.google.javascript.jscomp.ExportTestFunctionsTest, com.google.javascript.jscomp.ExpressionDecomposerTest, com.google.javascript.jscomp.ExpressionDecomposerTest, com.google.javascript.jscomp.ExternExportsPassTest, com.google.javascript.jscomp.ExternExportsPassTest, com.google.javascript.jscomp.ExtractPrototypeMemberDeclarationsTest, com.google.javascript.jscomp.ExtractPrototypeMemberDeclarationsTest, com.google.javascript.jscomp.FixedPointGraphTraversalTest, com.google.javascript.jscomp.FixedPointGraphTraversalTest, com.google.javascript.jscomp.FlowSensitiveInlineVariablesTest, com.google.javascript.jscomp.FlowSensitiveInlineVariablesTest, com.google.javascript.jscomp.FunctionArgumentInjectorTest, com.google.javascript.jscomp.FunctionArgumentInjectorTest, com.google.javascript.jscomp.FunctionInjectorTest, com.google.javascript.jscomp.FunctionInjectorTest, com.google.javascript.jscomp.FunctionNamesTest, com.google.javascript.jscomp.FunctionNamesTest, com.google.javascript.jscomp.FunctionRewriterTest, com.google.javascript.jscomp.FunctionRewriterTest, com.google.javascript.jscomp.FunctionToBlockMutatorTest, com.google.javascript.jscomp.FunctionToBlockMutatorTest, com.google.javascript.jscomp.FunctionTypeBuilderTest, com.google.javascript.jscomp.FunctionTypeBuilderTest, com.google.javascript.jscomp.GatherCharacterEncodingBiasTest, com.google.javascript.jscomp.GatherCharacterEncodingBiasTest, com.google.javascript.jscomp.GatherRawExportsTest, com.google.javascript.jscomp.GatherRawExportsTest, com.google.javascript.jscomp.GatherSideEffectSubexpressionsCallbackTest, com.google.javascript.jscomp.GatherSideEffectSubexpressionsCallbackTest, com.google.javascript.jscomp.GenerateExportsTest, com.google.javascript.jscomp.GenerateExportsTest, com.google.javascript.jscomp.GlobalNamespaceTest, com.google.javascript.jscomp.GlobalNamespaceTest, com.google.javascript.jscomp.GlobalVarReferenceMapTest, com.google.javascript.jscomp.GlobalVarReferenceMapTest, com.google.javascript.jscomp.GoogleCodingConventionTest, com.google.javascript.jscomp.GoogleCodingConventionTest, com.google.javascript.jscomp.GroupVariableDeclarationsTest, com.google.javascript.jscomp.GroupVariableDeclarationsTest, com.google.javascript.jscomp.IgnoreCajaPropertiesTest, com.google.javascript.jscomp.IgnoreCajaPropertiesTest, com.google.javascript.jscomp.InferJSDocInfoTest, com.google.javascript.jscomp.InferJSDocInfoTest, com.google.javascript.jscomp.InlineCostEstimatorTest, com.google.javascript.jscomp.InlineCostEstimatorTest, com.google.javascript.jscomp.InlineFunctionsTest, com.google.javascript.jscomp.InlineFunctionsTest, com.google.javascript.jscomp.InlineObjectLiteralsTest, com.google.javascript.jscomp.InlineObjectLiteralsTest, com.google.javascript.jscomp.InlinePropertiesTest, com.google.javascript.jscomp.InlinePropertiesTest, com.google.javascript.jscomp.InlineSimpleMethodsTest, com.google.javascript.jscomp.InlineSimpleMethodsTest, com.google.javascript.jscomp.InlineVariablesConstantsTest, com.google.javascript.jscomp.InlineVariablesConstantsTest, com.google.javascript.jscomp.InlineVariablesTest, com.google.javascript.jscomp.InlineVariablesTest, com.google.javascript.jscomp.InstrumentFunctionsTest, com.google.javascript.jscomp.InstrumentFunctionsTest, com.google.javascript.jscomp.InstrumentMemoryAllocPassTest, com.google.javascript.jscomp.InstrumentMemoryAllocPassTest, com.google.javascript.jscomp.IntegrationTest, com.google.javascript.jscomp.IntegrationTest, com.google.javascript.jscomp.JSCompilerSourceExcerptProviderTest, com.google.javascript.jscomp.JSCompilerSourceExcerptProviderTest, com.google.javascript.jscomp.JSModuleGraphTest, com.google.javascript.jscomp.JSModuleGraphTest, com.google.javascript.jscomp.JSModuleTest, com.google.javascript.jscomp.JSModuleTest, com.google.javascript.jscomp.JsMessageExtractorTest, com.google.javascript.jscomp.JsMessageExtractorTest, com.google.javascript.jscomp.JsMessageTest, com.google.javascript.jscomp.JsMessageTest, com.google.javascript.jscomp.JsMessageVisitorTest, com.google.javascript.jscomp.JsMessageVisitorTest, com.google.javascript.jscomp.LightweightMessageFormatterTest, com.google.javascript.jscomp.LightweightMessageFormatterTest, com.google.javascript.jscomp.LinkedFlowScopeTest, com.google.javascript.jscomp.LinkedFlowScopeTest, com.google.javascript.jscomp.LiveVariableAnalysisTest, com.google.javascript.jscomp.LiveVariableAnalysisTest, com.google.javascript.jscomp.LooseTypeCheckTest, com.google.javascript.jscomp.LooseTypeCheckTest, com.google.javascript.jscomp.MakeDeclaredNamesUniqueTest, com.google.javascript.jscomp.MakeDeclaredNamesUniqueTest, com.google.javascript.jscomp.MarkNoSideEffectCallsTest, com.google.javascript.jscomp.MarkNoSideEffectCallsTest, com.google.javascript.jscomp.MaybeReachingVariableUseTest, com.google.javascript.jscomp.MaybeReachingVariableUseTest, com.google.javascript.jscomp.MemoizedScopeCreatorTest, com.google.javascript.jscomp.MemoizedScopeCreatorTest, com.google.javascript.jscomp.MinimizeExitPointsTest, com.google.javascript.jscomp.MinimizeExitPointsTest, com.google.javascript.jscomp.MoveFunctionDeclarationsTest, com.google.javascript.jscomp.MoveFunctionDeclarationsTest, com.google.javascript.jscomp.MultiPassTest, com.google.javascript.jscomp.MultiPassTest, com.google.javascript.jscomp.MustBeReachingVariableDefTest, com.google.javascript.jscomp.MustBeReachingVariableDefTest, com.google.javascript.jscomp.NameAnalyzerTest, com.google.javascript.jscomp.NameAnalyzerTest, com.google.javascript.jscomp.NameAnonymousFunctionsMappedTest, com.google.javascript.jscomp.NameAnonymousFunctionsMappedTest, com.google.javascript.jscomp.NameAnonymousFunctionsTest, com.google.javascript.jscomp.NameAnonymousFunctionsTest, com.google.javascript.jscomp.NodeIteratorsTest, com.google.javascript.jscomp.NodeIteratorsTest, com.google.javascript.jscomp.NodeTraversalTest, com.google.javascript.jscomp.NodeTraversalTest, com.google.javascript.jscomp.NodeUtilTest, com.google.javascript.jscomp.NodeUtilTest, com.google.javascript.jscomp.NormalizeTest, com.google.javascript.jscomp.NormalizeTest, com.google.javascript.jscomp.ObjectPropertyStringPostprocessTest, com.google.javascript.jscomp.ObjectPropertyStringPostprocessTest, com.google.javascript.jscomp.ObjectPropertyStringPreprocessTest, com.google.javascript.jscomp.ObjectPropertyStringPreprocessTest, com.google.javascript.jscomp.OptimizeArgumentsArrayTest, com.google.javascript.jscomp.OptimizeArgumentsArrayTest, com.google.javascript.jscomp.OptimizeCallsTest, com.google.javascript.jscomp.OptimizeCallsTest, com.google.javascript.jscomp.OptimizeParametersTest, com.google.javascript.jscomp.OptimizeParametersTest, com.google.javascript.jscomp.OptimizeReturnsTest, com.google.javascript.jscomp.OptimizeReturnsTest, com.google.javascript.jscomp.PeepholeCollectPropertyAssignmentsTest, com.google.javascript.jscomp.PeepholeCollectPropertyAssignmentsTest, com.google.javascript.jscomp.PeepholeFoldConstantsTest, com.google.javascript.jscomp.PeepholeFoldConstantsTest, com.google.javascript.jscomp.PeepholeFoldWithTypesTest, com.google.javascript.jscomp.PeepholeFoldWithTypesTest, com.google.javascript.jscomp.PeepholeIntegrationTest, com.google.javascript.jscomp.PeepholeIntegrationTest, com.google.javascript.jscomp.PeepholeMinimizeConditionsTest, com.google.javascript.jscomp.PeepholeMinimizeConditionsTest, com.google.javascript.jscomp.PeepholeOptimizationsPassTest, com.google.javascript.jscomp.PeepholeOptimizationsPassTest, com.google.javascript.jscomp.PeepholeRemoveDeadCodeTest, com.google.javascript.jscomp.PeepholeRemoveDeadCodeTest, com.google.javascript.jscomp.PeepholeReplaceKnownMethodsTest, com.google.javascript.jscomp.PeepholeReplaceKnownMethodsTest, com.google.javascript.jscomp.PeepholeSimplifyRegExpTest, com.google.javascript.jscomp.PeepholeSimplifyRegExpTest, com.google.javascript.jscomp.PeepholeSubstituteAlternateSyntaxTest, com.google.javascript.jscomp.PeepholeSubstituteAlternateSyntaxTest, com.google.javascript.jscomp.PhaseOptimizerTest, com.google.javascript.jscomp.PhaseOptimizerTest, com.google.javascript.jscomp.PrepareAstTest, com.google.javascript.jscomp.PrepareAstTest, com.google.javascript.jscomp.ProcessClosurePrimitivesTest, com.google.javascript.jscomp.ProcessClosurePrimitivesTest, com.google.javascript.jscomp.ProcessCommonJSModulesTest, com.google.javascript.jscomp.ProcessCommonJSModulesTest, com.google.javascript.jscomp.ProcessDefinesTest, com.google.javascript.jscomp.ProcessDefinesTest, com.google.javascript.jscomp.ProcessTweaksTest, com.google.javascript.jscomp.ProcessTweaksTest, com.google.javascript.jscomp.PureFunctionIdentifierTest, com.google.javascript.jscomp.PureFunctionIdentifierTest, com.google.javascript.jscomp.RecordFunctionInformationTest, com.google.javascript.jscomp.RecordFunctionInformationTest, com.google.javascript.jscomp.RemoveTryCatchTest, com.google.javascript.jscomp.RemoveTryCatchTest, com.google.javascript.jscomp.RemoveUnusedClassPropertiesTest, com.google.javascript.jscomp.RemoveUnusedClassPropertiesTest, com.google.javascript.jscomp.RemoveUnusedNamesTest, com.google.javascript.jscomp.RemoveUnusedNamesTest, com.google.javascript.jscomp.RemoveUnusedPrototypePropertiesTest, com.google.javascript.jscomp.RemoveUnusedPrototypePropertiesTest, com.google.javascript.jscomp.RemoveUnusedVarsTest, com.google.javascript.jscomp.RemoveUnusedVarsTest, com.google.javascript.jscomp.RenameLabelsTest, com.google.javascript.jscomp.RenameLabelsTest, com.google.javascript.jscomp.RenameLocalVarsTest, com.google.javascript.jscomp.RenameLocalVarsTest, com.google.javascript.jscomp.RenamePropertiesTest, com.google.javascript.jscomp.RenamePropertiesTest, com.google.javascript.jscomp.RenamePrototypesTest, com.google.javascript.jscomp.RenamePrototypesTest, com.google.javascript.jscomp.RenameVars2Test, com.google.javascript.jscomp.RenameVars2Test, com.google.javascript.jscomp.RenameVarsTest, com.google.javascript.jscomp.RenameVarsTest, com.google.javascript.jscomp.ReorderConstantExpressionTest, com.google.javascript.jscomp.ReorderConstantExpressionTest, com.google.javascript.jscomp.ReplaceCssNamesTest, com.google.javascript.jscomp.ReplaceCssNamesTest, com.google.javascript.jscomp.ReplaceIdGeneratorsTest, com.google.javascript.jscomp.ReplaceIdGeneratorsTest, com.google.javascript.jscomp.ReplaceMessagesForChromeTest, com.google.javascript.jscomp.ReplaceMessagesForChromeTest, com.google.javascript.jscomp.ReplaceMessagesTest, com.google.javascript.jscomp.ReplaceMessagesTest, com.google.javascript.jscomp.ReplaceStringsTest, com.google.javascript.jscomp.ReplaceStringsTest, com.google.javascript.jscomp.RescopeGlobalSymbolsTest, com.google.javascript.jscomp.RescopeGlobalSymbolsTest, com.google.javascript.jscomp.RhinoErrorReporterTest, com.google.javascript.jscomp.RhinoErrorReporterTest, com.google.javascript.jscomp.RuntimeTypeCheckTest, com.google.javascript.jscomp.RuntimeTypeCheckTest, com.google.javascript.jscomp.SanityCheckTest, com.google.javascript.jscomp.SanityCheckTest, com.google.javascript.jscomp.ScopedAliasesTest, com.google.javascript.jscomp.ScopedAliasesTest, com.google.javascript.jscomp.SemanticReverseAbstractInterpreterTest, com.google.javascript.jscomp.SemanticReverseAbstractInterpreterTest, com.google.javascript.jscomp.ShadowVariables2Test, com.google.javascript.jscomp.ShadowVariables2Test, com.google.javascript.jscomp.ShadowVariablesTest, com.google.javascript.jscomp.ShadowVariablesTest, com.google.javascript.jscomp.SideEffectsAnalysisTest, com.google.javascript.jscomp.SideEffectsAnalysisTest, com.google.javascript.jscomp.SimpleDefinitionFinderTest, com.google.javascript.jscomp.SimpleDefinitionFinderTest, com.google.javascript.jscomp.SimpleFunctionAliasAnalysisTest, com.google.javascript.jscomp.SimpleFunctionAliasAnalysisTest, com.google.javascript.jscomp.SourceInformationAnnotatorTest, com.google.javascript.jscomp.SourceInformationAnnotatorTest, com.google.javascript.jscomp.SourceMapTest, com.google.javascript.jscomp.SourceMapTest, com.google.javascript.jscomp.SpecializeModuleTest, com.google.javascript.jscomp.SpecializeModuleTest, com.google.javascript.jscomp.StatementFusionTest, com.google.javascript.jscomp.StatementFusionTest, com.google.javascript.jscomp.StrictModeCheckTest, com.google.javascript.jscomp.StrictModeCheckTest, com.google.javascript.jscomp.StripCodeTest, com.google.javascript.jscomp.StripCodeTest, com.google.javascript.jscomp.SymbolTableTest, com.google.javascript.jscomp.SymbolTableTest, com.google.javascript.jscomp.SyntacticScopeCreatorTest, com.google.javascript.jscomp.SyntacticScopeCreatorTest, com.google.javascript.jscomp.TightenTypesTest, com.google.javascript.jscomp.TightenTypesTest, com.google.javascript.jscomp.TransformAMDToCJSModuleTest, com.google.javascript.jscomp.TransformAMDToCJSModuleTest, com.google.javascript.jscomp.TypeCheckFunctionCheckTest, com.google.javascript.jscomp.TypeCheckFunctionCheckTest, com.google.javascript.jscomp.TypeCheckTest, com.google.javascript.jscomp.TypeCheckTest, com.google.javascript.jscomp.TypeInferenceTest, com.google.javascript.jscomp.TypeInferenceTest, com.google.javascript.jscomp.TypeValidatorTest, com.google.javascript.jscomp.TypeValidatorTest, com.google.javascript.jscomp.TypedScopeCreatorTest, com.google.javascript.jscomp.TypedScopeCreatorTest, com.google.javascript.jscomp.UnreachableCodeEliminationTest, com.google.javascript.jscomp.UnreachableCodeEliminationTest, com.google.javascript.jscomp.VarCheckTest, com.google.javascript.jscomp.VarCheckTest, com.google.javascript.jscomp.VariableMapTest, com.google.javascript.jscomp.VariableMapTest, com.google.javascript.jscomp.VariableReferenceCheckTest, com.google.javascript.jscomp.VariableReferenceCheckTest, com.google.javascript.jscomp.VariableVisibilityAnalysisTest, com.google.javascript.jscomp.VariableVisibilityAnalysisTest, com.google.javascript.jscomp.XtbMessageBundleTest, com.google.javascript.jscomp.XtbMessageBundleTest, com.google.javascript.jscomp.deps.DepsFileParserTest, com.google.javascript.jscomp.deps.DepsFileParserTest, com.google.javascript.jscomp.deps.JsFileLineParserTest, com.google.javascript.jscomp.deps.JsFileLineParserTest, com.google.javascript.jscomp.deps.JsFileParserTest, com.google.javascript.jscomp.deps.JsFileParserTest, com.google.javascript.jscomp.deps.JsFunctionParserTest, com.google.javascript.jscomp.deps.JsFunctionParserTest, com.google.javascript.jscomp.deps.SortedDependenciesTest, com.google.javascript.jscomp.deps.SortedDependenciesTest, com.google.javascript.jscomp.graph.GraphColoringTest, com.google.javascript.jscomp.graph.GraphColoringTest, com.google.javascript.jscomp.graph.GraphPrunerTest, com.google.javascript.jscomp.graph.GraphPrunerTest, com.google.javascript.jscomp.graph.GraphReachabilityTest, com.google.javascript.jscomp.graph.GraphReachabilityTest, com.google.javascript.jscomp.graph.GraphTest, com.google.javascript.jscomp.graph.GraphTest, com.google.javascript.jscomp.graph.StandardUnionFindTest, com.google.javascript.jscomp.graph.StandardUnionFindTest, com.google.javascript.jscomp.jsonml.JsonMLConversionTest, com.google.javascript.jscomp.jsonml.JsonMLConversionTest, com.google.javascript.jscomp.jsonml.JsonMLValidationTest, com.google.javascript.jscomp.jsonml.JsonMLValidationTest, com.google.javascript.jscomp.jsonml.SecureCompilerTest, com.google.javascript.jscomp.jsonml.SecureCompilerTest, com.google.javascript.jscomp.parsing.IRFactoryTest, com.google.javascript.jscomp.parsing.IRFactoryTest, com.google.javascript.jscomp.parsing.JsDocInfoParserTest, com.google.javascript.jscomp.parsing.JsDocInfoParserTest, com.google.javascript.jscomp.parsing.JsDocTokenStreamTest, com.google.javascript.jscomp.parsing.JsDocTokenStreamTest, com.google.javascript.jscomp.parsing.ParserTest, com.google.javascript.jscomp.parsing.ParserTest, com.google.javascript.jscomp.regex.CharRangesTest, com.google.javascript.jscomp.regex.CharRangesTest, com.google.javascript.rhino.IRTest, com.google.javascript.rhino.IRTest, com.google.javascript.rhino.JSDocInfoTest, com.google.javascript.rhino.JSDocInfoTest, com.google.javascript.rhino.NodeTest, com.google.javascript.rhino.NodeTest, com.google.javascript.rhino.jstype.BooleanLiteralSetTest, com.google.javascript.rhino.jstype.BooleanLiteralSetTest, com.google.javascript.rhino.jstype.EnumElementTypeTest, com.google.javascript.rhino.jstype.EnumElementTypeTest, com.google.javascript.rhino.jstype.FunctionParamBuilderTest, com.google.javascript.rhino.jstype.FunctionParamBuilderTest, com.google.javascript.rhino.jstype.FunctionTypeTest, com.google.javascript.rhino.jstype.FunctionTypeTest, com.google.javascript.rhino.jstype.JSTypeRegistryTest, com.google.javascript.rhino.jstype.JSTypeRegistryTest, com.google.javascript.rhino.jstype.JSTypeTest, com.google.javascript.rhino.jstype.JSTypeTest, com.google.javascript.rhino.jstype.NamedTypeTest, com.google.javascript.rhino.jstype.NamedTypeTest, com.google.javascript.rhino.jstype.PrototypeObjectTypeTest, com.google.javascript.rhino.jstype.PrototypeObjectTypeTest, com.google.javascript.rhino.jstype.RecordTypeTest, com.google.javascript.rhino.jstype.RecordTypeTest, com.google.javascript.rhino.jstype.TemplatizedTypeTest, com.google.javascript.rhino.jstype.TemplatizedTypeTest, com.google.javascript.rhino.jstype.TernaryValueTest, com.google.javascript.rhino.jstype.TernaryValueTest, com.google.javascript.rhino.jstype.UnionTypeBuilderTest, com.google.javascript.rhino.jstype.UnionTypeBuilderTest, com.google.javascript.rhino.jstype.UnionTypeTest, com.google.javascript.rhino.jstype.UnionTypeTest], complianceLevel=7, outputFolder=/experiment_home///results/Nopol/Closure/124/seed_260/, json=true}
[3] INFO NoPol - Available processors (cores): 36
[7] INFO NoPol - Free memory: 1 GB
[7] INFO NoPol - Maximum memory: 7 GB
[7] INFO NoPol - Total memory available to JVM: 1 GB
[8] INFO NoPol - Java version: 1.8.0_45
[9] INFO NoPol - JAVA_HOME: /experiment_home/jdk1.8.0_45/
[9] INFO NoPol - PATH: /experiment_home/foo/bin:/experiment_home/perl5/bin:/experiment_home/jdk1.8.0_45//bin:/experiment_home/maven/apache-maven-3.6.0/bin:/experiment_home/commands/:/experiment_home/gradle/gradle-5.4.1/bin/:/usr/local/bin:/usr/bin:/bin:/usr/local/games:/usr/games:/opt/dell/srvadmin/bin:/usr/local/cuda/bin:/opt/rocm/bin:/grid5000/code/bin:/experiment_home/defects4j/framework/bin
GPR[SSUP]-1659848661597
GPR[ESUP]-1659848661597
GPR[SFL]-1659848661597
GPR[EFL]-1659848715059
GPR[SFP]-1659848715059
GPR[SSUN]-1659848717045
-283827935
GPR[SPVATF]-1659848717572
GPR[EPVATF]-1659848717628
[60913] ERROR NoPol - Error ExecutionException java.util.concurrent.ExecutionException: java.lang.RuntimeException: failingTestCasesValidated: nothing to repair, no failing test cases
GPR[ESUN]-1659848717628
GPR[SSUN]-1659848717628
-283827935
GPR[ESUN]-1659848717841
GPR[SSUN]-1659848717841
-283827935
GPR[ESUN]-1659848718048
GPR[SSUN]-1659848718048
-283827935
GPR[ESUN]-1659848718244
GPR[SSUN]-1659848718244
-283827935
GPR[SPVATF]-1659848718440
GPR[EPVATF]-1659848718466
[61751] ERROR NoPol - Error ExecutionException java.util.concurrent.ExecutionException: java.lang.RuntimeException: failingTestCasesValidated: nothing to repair, no failing test cases
GPR[ESUN]-1659848718466
GPR[SSUN]-1659848718466
-283827935
GPR[ESUN]-1659848718665
GPR[SSUN]-1659848718665
-283827935
GPR[SPVATF]-1659848718989
GPR[EPVATF]-1659848719016
[62301] ERROR NoPol - Error ExecutionException java.util.concurrent.ExecutionException: java.lang.RuntimeException: failingTestCasesValidated: nothing to repair, no failing test cases
GPR[ESUN]-1659848719016
GPR[SSUN]-1659848719016
-283827935
GPR[SPVATF]-1659848719215
GPR[EPVATF]-1659848719239
[62524] ERROR NoPol - Error ExecutionException java.util.concurrent.ExecutionException: java.lang.RuntimeException: failingTestCasesValidated: nothing to repair, no failing test cases
GPR[ESUN]-1659848719239
GPR[SSUN]-1659848719239
-283827935
GPR[SPVATF]-1659848719433
GPR[EPVATF]-1659848719456
[62741] ERROR NoPol - Error ExecutionException java.util.concurrent.ExecutionException: java.lang.RuntimeException: failingTestCasesValidated: nothing to repair, no failing test cases
GPR[ESUN]-1659848719456
GPR[SSUN]-1659848719456
-283827935
GPR[SPVATF]-1659848719653
GPR[EPVATF]-1659848719675
[62960] ERROR NoPol - Error ExecutionException java.util.concurrent.ExecutionException: java.lang.RuntimeException: failingTestCasesValidated: nothing to repair, no failing test cases
GPR[ESUN]-1659848719676
GPR[SSUN]-1659848719676
-283827935
GPR[SPVATF]-1659848719873
GPR[EPVATF]-1659848719897
[63182] ERROR NoPol - Error ExecutionException java.util.concurrent.ExecutionException: java.lang.RuntimeException: failingTestCasesValidated: nothing to repair, no failing test cases
GPR[ESUN]-1659848719897
GPR[SSUN]-1659848719897
-283827935
GPR[ESUN]-1659848720096
GPR[SSUN]-1659848720096
-283827935
GPR[ESUN]-1659848720296
GPR[SSUN]-1659848720296
-1966087783
GPR[ESUN]-1659848720521
GPR[SSUN]-1659848720521
-1966087783
GPR[SPVATF]-1659848720725
GPR[EPVATF]-1659848720752
[64037] ERROR NoPol - Error ExecutionException java.util.concurrent.ExecutionException: java.lang.RuntimeException: failingTestCasesValidated: nothing to repair, no failing test cases
GPR[ESUN]-1659848720752
GPR[SSUN]-1659848720753
-1659631726
GPR[ESUN]-1659848720944
GPR[SSUN]-1659848720944
130004992
GPR[ESUN]-1659848721130
GPR[SSUN]-1659848721130
130004992
GPR[SPVATF]-1659848721317
GPR[EPVATF]-1659848721343
[64628] ERROR NoPol - Error ExecutionException java.util.concurrent.ExecutionException: java.lang.RuntimeException: failingTestCasesValidated: nothing to repair, no failing test cases
GPR[ESUN]-1659848721343
GPR[SSUN]-1659848721343
130004992
GPR[ESUN]-1659848721534
GPR[SSUN]-1659848721534
-1966087783
GPR[SPVATF]-1659848721733
GPR[EPVATF]-1659848721755
[65040] ERROR NoPol - Error ExecutionException java.util.concurrent.ExecutionException: java.lang.RuntimeException: failingTestCasesValidated: nothing to repair, no failing test cases
GPR[ESUN]-1659848721755
GPR[SSUN]-1659848721755
-1966087783
GPR[SPVATF]-1659848722029
GPR[EPVATF]-1659848722051
[65336] ERROR NoPol - Error ExecutionException java.util.concurrent.ExecutionException: java.lang.RuntimeException: failingTestCasesValidated: nothing to repair, no failing test cases
GPR[ESUN]-1659848722051
GPR[SSUN]-1659848722051
890942016
GPR[ESUN]-1659848722255
GPR[SSUN]-1659848722255
890942016
GPR[SPVATF]-1659848722458
GPR[EPVATF]-1659848722478
[65764] ERROR NoPol - Error ExecutionException java.util.concurrent.ExecutionException: java.lang.RuntimeException: failingTestCasesValidated: nothing to repair, no failing test cases
GPR[ESUN]-1659848722479
GPR[SSUN]-1659848722479
890942016
GPR[SPVATF]-1659848722677
GPR[EPVATF]-1659848722698
[65983] ERROR NoPol - Error ExecutionException java.util.concurrent.ExecutionException: java.lang.RuntimeException: failingTestCasesValidated: nothing to repair, no failing test cases
GPR[SPVATF]-1659848722698
GPR[EPVATF]-1659848722716
[66001] ERROR NoPol - Error ExecutionException java.util.concurrent.ExecutionException: java.lang.RuntimeException: failingTestCasesValidated: nothing to repair, no failing test cases
GPR[ESUN]-1659848722717
GPR[SSUN]-1659848722717
890942016
GPR[ESUN]-1659848722911
GPR[SSUN]-1659848722911
890942016
GPR[ESUN]-1659848723105
GPR[SSUN]-1659848723105
-1966087783
GPR[ESUN]-1659848723301
GPR[SSUN]-1659848723301
-1966087783
GPR[SPVATF]-1659848723497
GPR[EPVATF]-1659848723516
[66801] ERROR NoPol - Error ExecutionException java.util.concurrent.ExecutionException: java.lang.RuntimeException: failingTestCasesValidated: nothing to repair, no failing test cases
GPR[SPVATF]-1659848723517
GPR[EPVATF]-1659848723536
[66821] ERROR NoPol - Error ExecutionException java.util.concurrent.ExecutionException: java.lang.RuntimeException: failingTestCasesValidated: nothing to repair, no failing test cases
GPR[ESUN]-1659848723536
GPR[SSUN]-1659848723536
-1966087783
GPR[ESUN]-1659848723733
GPR[SSUN]-1659848723733
-1966087783
GPR[SPVATF]-1659848723929
GPR[EPVATF]-1659848723951
[67236] ERROR NoPol - Error ExecutionException java.util.concurrent.ExecutionException: java.lang.RuntimeException: failingTestCasesValidated: nothing to repair, no failing test cases
GPR[SPVATF]-1659848723951
GPR[EPVATF]-1659848723977
[67262] ERROR NoPol - Error ExecutionException java.util.concurrent.ExecutionException: java.lang.RuntimeException: failingTestCasesValidated: nothing to repair, no failing test cases
GPR[ESUN]-1659848723977
GPR[SSUN]-1659848723977
-1966087783
GPR[ESUN]-1659848724185
GPR[SSUN]-1659848724185
-1966087783
GPR[ESUN]-1659848724383
GPR[SSUN]-1659848724383
-1966087783
GPR[ESUN]-1659848724576
GPR[SSUN]-1659848724576
1613130706
GPR[ESUN]-1659848724802
GPR[SSUN]-1659848724803
1613130706
GPR[ESUN]-1659848725013
GPR[SSUN]-1659848725013
1613130706
GPR[SPVATF]-1659848725231
GPR[EPVATF]-1659848725437
[68722] ERROR NoPol - Error ExecutionException java.util.concurrent.ExecutionException: java.lang.RuntimeException: failingTestCasesValidated: nothing to repair, no failing test cases
GPR[ESUN]-1659848725437
GPR[SSUN]-1659848725437
-477084294
GPR[ESUN]-1659848725647
GPR[SSUN]-1659848725647
-477084294
GPR[SPVATF]-1659848725851
GPR[EPVATF]-1659848726087
GPR[SPS]-1659848726087
[73782] INFO SMTNopolSynthesizer - Not enough specifications: 0. A trivial patch is "true" or "false", please write new tests specifying SourceLocation com.google.javascript.jscomp.ExploitAssigns:214.
GPR[EPS]-1659848730497
GPR[SPVATF]-1659848730498
GPR[EPVATF]-1659848730731
GPR[SPS]-1659848730731
GPR[EPS]-1659848744905
GPR[ESUN]-1659848744905
GPR[SSUN]-1659848744905
-477084294
GPR[SPVATF]-1659848745253
GPR[EPVATF]-1659848745487
GPR[SPS]-1659848745487
[89236] INFO SMTNopolSynthesizer - Not enough specifications: 0. A trivial patch is "true" or "false", please write new tests specifying SourceLocation com.google.javascript.jscomp.ExploitAssigns:213.
GPR[EPS]-1659848745951
GPR[ESUN]-1659848745952
GPR[SSUN]-1659848745952
-477084294
GPR[SPVATF]-1659848746156
GPR[EPVATF]-1659848746383
GPR[SPS]-1659848746383
[90126] INFO SMTNopolSynthesizer - Not enough specifications: 0. A trivial patch is "true" or "false", please write new tests specifying SourceLocation com.google.javascript.jscomp.ExploitAssigns:211.
GPR[EPS]-1659848746841
GPR[ESUN]-1659848746841
GPR[SSUN]-1659848746841
-477084294
GPR[ESUN]-1659848747042
GPR[SSUN]-1659848747042
234947553
GPR[ESUN]-1659848747242
GPR[SSUN]-1659848747242
234947553
GPR[SPVATF]-1659848747436
GPR[EPVATF]-1659848747452
[90737] ERROR NoPol - Error ExecutionException java.util.concurrent.ExecutionException: java.lang.RuntimeException: failingTestCasesValidated: nothing to repair, no failing test cases
GPR[SPVATF]-1659848747452
GPR[EPVATF]-1659848747468
[90753] ERROR NoPol - Error ExecutionException java.util.concurrent.ExecutionException: java.lang.RuntimeException: failingTestCasesValidated: nothing to repair, no failing test cases
GPR[ESUN]-1659848747468
GPR[SSUN]-1659848747468
234947553
GPR[ESUN]-1659848747665
GPR[SSUN]-1659848747665
234947553
GPR[SPVATF]-1659848747859
GPR[EPVATF]-1659848747874
[91159] ERROR NoPol - Error ExecutionException java.util.concurrent.ExecutionException: java.lang.RuntimeException: failingTestCasesValidated: nothing to repair, no failing test cases
GPR[SPVATF]-1659848747874
GPR[EPVATF]-1659848747889
[91174] ERROR NoPol - Error ExecutionException java.util.concurrent.ExecutionException: java.lang.RuntimeException: failingTestCasesValidated: nothing to repair, no failing test cases
GPR[ESUN]-1659848747889
GPR[SSUN]-1659848747889
234947553
GPR[SPVATF]-1659848748090
GPR[EPVATF]-1659848748105
[91390] ERROR NoPol - Error ExecutionException java.util.concurrent.ExecutionException: java.lang.RuntimeException: failingTestCasesValidated: nothing to repair, no failing test cases
GPR[ESUN]-1659848748105
GPR[SSUN]-1659848748105
234947553
GPR[ESUN]-1659848748304
GPR[SSUN]-1659848748304
234947553
GPR[ESUN]-1659848748498
GPR[SSUN]-1659848748498
234947553
GPR[SPVATF]-1659848748688
GPR[EPVATF]-1659848748703
[91988] ERROR NoPol - Error ExecutionException java.util.concurrent.ExecutionException: java.lang.RuntimeException: failingTestCasesValidated: nothing to repair, no failing test cases
GPR[ESUN]-1659848748703
GPR[SSUN]-1659848748703
234947553
GPR[SPVATF]-1659848748900
GPR[EPVATF]-1659848748915
[92200] ERROR NoPol - Error ExecutionException java.util.concurrent.ExecutionException: java.lang.RuntimeException: failingTestCasesValidated: nothing to repair, no failing test cases
GPR[ESUN]-1659848748915
GPR[SSUN]-1659848748915
234947553
GPR[SPVATF]-1659848749116
GPR[EPVATF]-1659848749131
[92416] ERROR NoPol - Error ExecutionException java.util.concurrent.ExecutionException: java.lang.RuntimeException: failingTestCasesValidated: nothing to repair, no failing test cases
GPR[ESUN]-1659848749131
GPR[SSUN]-1659848749131
234947553
GPR[ESUN]-1659848749349
GPR[SSUN]-1659848749349
234947553
GPR[ESUN]-1659848749542
GPR[SSUN]-1659848749542
234947553
GPR[SPVATF]-1659848749734
GPR[EPVATF]-1659848749749
[93034] ERROR NoPol - Error ExecutionException java.util.concurrent.ExecutionException: java.lang.RuntimeException: failingTestCasesValidated: nothing to repair, no failing test cases
GPR[ESUN]-1659848749749
GPR[SSUN]-1659848749749
234947553
GPR[SPVATF]-1659848749948
GPR[EPVATF]-1659848749962
[93248] ERROR NoPol - Error ExecutionException java.util.concurrent.ExecutionException: java.lang.RuntimeException: failingTestCasesValidated: nothing to repair, no failing test cases
GPR[ESUN]-1659848749963
GPR[SSUN]-1659848749963
234947553
GPR[ESUN]-1659848750161
GPR[SSUN]-1659848750161
234947553
GPR[SPVATF]-1659848750360
GPR[EPVATF]-1659848750374
[93659] ERROR NoPol - Error ExecutionException java.util.concurrent.ExecutionException: java.lang.RuntimeException: failingTestCasesValidated: nothing to repair, no failing test cases
GPR[ESUN]-1659848750374
GPR[SSUN]-1659848750374
234947553
GPR[SPVATF]-1659848750575
GPR[EPVATF]-1659848750589
[93874] ERROR NoPol - Error ExecutionException java.util.concurrent.ExecutionException: java.lang.RuntimeException: failingTestCasesValidated: nothing to repair, no failing test cases
GPR[ESUN]-1659848750589
GPR[SSUN]-1659848750589
234947553
GPR[ESUN]-1659848750788
GPR[SSUN]-1659848750788
890942016
GPR[SPVATF]-1659848750985
GPR[EPVATF]-1659848751005
[94290] ERROR NoPol - Error ExecutionException java.util.concurrent.ExecutionException: java.lang.RuntimeException: failingTestCasesValidated: nothing to repair, no failing test cases
GPR[SPVATF]-1659848751005
GPR[EPVATF]-1659848751025
[94310] ERROR NoPol - Error ExecutionException java.util.concurrent.ExecutionException: java.lang.RuntimeException: failingTestCasesValidated: nothing to repair, no failing test cases
GPR[ESUN]-1659848751025
GPR[SSUN]-1659848751025
890942016
GPR[SPVATF]-1659848751222
GPR[EPVATF]-1659848751241
[94526] ERROR NoPol - Error ExecutionException java.util.concurrent.ExecutionException: java.lang.RuntimeException: failingTestCasesValidated: nothing to repair, no failing test cases
GPR[ESUN]-1659848751241
GPR[SSUN]-1659848751241
890942016
GPR[ESUN]-1659848751438
GPR[SSUN]-1659848751438
890942016
GPR[SPVATF]-1659848751635
GPR[EPVATF]-1659848751653
[94938] ERROR NoPol - Error ExecutionException java.util.concurrent.ExecutionException: java.lang.RuntimeException: failingTestCasesValidated: nothing to repair, no failing test cases
GPR[ESUN]-1659848751653
GPR[SSUN]-1659848751653
890942016
GPR[SPVATF]-1659848751860
GPR[EPVATF]-1659848751880
[95165] ERROR NoPol - Error ExecutionException java.util.concurrent.ExecutionException: java.lang.RuntimeException: failingTestCasesValidated: nothing to repair, no failing test cases
GPR[SPVATF]-1659848751881
GPR[EPVATF]-1659848751900
[95185] ERROR NoPol - Error ExecutionException java.util.concurrent.ExecutionException: java.lang.RuntimeException: failingTestCasesValidated: nothing to repair, no failing test cases
GPR[ESUN]-1659848751900
GPR[SSUN]-1659848751900
890942016
GPR[SPVATF]-1659848752098
GPR[EPVATF]-1659848752117
[95402] ERROR NoPol - Error ExecutionException java.util.concurrent.ExecutionException: java.lang.RuntimeException: failingTestCasesValidated: nothing to repair, no failing test cases
GPR[ESUN]-1659848752117
GPR[SSUN]-1659848752117
890942016
GPR[SPVATF]-1659848752322
GPR[EPVATF]-1659848752341
[95626] ERROR NoPol - Error ExecutionException java.util.concurrent.ExecutionException: java.lang.RuntimeException: failingTestCasesValidated: nothing to repair, no failing test cases
GPR[SPVATF]-1659848752341
GPR[EPVATF]-1659848752360
[95645] ERROR NoPol - Error ExecutionException java.util.concurrent.ExecutionException: java.lang.RuntimeException: failingTestCasesValidated: nothing to repair, no failing test cases
GPR[ESUN]-1659848752360
GPR[SSUN]-1659848752360
890942016
GPR[ESUN]-1659848752555
GPR[SSUN]-1659848752555
890942016
GPR[SPVATF]-1659848752753
GPR[EPVATF]-1659848752771
[96057] ERROR NoPol - Error ExecutionException java.util.concurrent.ExecutionException: java.lang.RuntimeException: failingTestCasesValidated: nothing to repair, no failing test cases
GPR[ESUN]-1659848752772
GPR[SSUN]-1659848752772
890942016
GPR[SPVATF]-1659848752970
GPR[EPVATF]-1659848752988
[96273] ERROR NoPol - Error ExecutionException java.util.concurrent.ExecutionException: java.lang.RuntimeException: failingTestCasesValidated: nothing to repair, no failing test cases
GPR[ESUN]-1659848752988
GPR[SSUN]-1659848752988
890942016
GPR[SPVATF]-1659848753187
GPR[EPVATF]-1659848753205
[96490] ERROR NoPol - Error ExecutionException java.util.concurrent.ExecutionException: java.lang.RuntimeException: failingTestCasesValidated: nothing to repair, no failing test cases
GPR[ESUN]-1659848753205
GPR[SSUN]-1659848753205
890942016
GPR[ESUN]-1659848753409
GPR[SSUN]-1659848753409
1613130706
GPR[SPVATF]-1659848753622
GPR[EPVATF]-1659848753815
[97100] ERROR NoPol - Error ExecutionException java.util.concurrent.ExecutionException: java.lang.RuntimeException: failingTestCasesValidated: nothing to repair, no failing test cases
GPR[SPVATF]-1659848753815
GPR[EPVATF]-1659848754738
[98023] ERROR NoPol - Error ExecutionException java.util.concurrent.ExecutionException: java.lang.RuntimeException: failingTestCasesValidated: nothing to repair, no failing test cases
GPR[ESUN]-1659848754738
GPR[SSUN]-1659848754738
1613130706
GPR[SPVATF]-1659848754969
GPR[EPVATF]-1659848755163
[98448] ERROR NoPol - Error ExecutionException java.util.concurrent.ExecutionException: java.lang.RuntimeException: failingTestCasesValidated: nothing to repair, no failing test cases
GPR[SPVATF]-1659848755164
GPR[EPVATF]-1659848755353
[98638] ERROR NoPol - Error ExecutionException java.util.concurrent.ExecutionException: java.lang.RuntimeException: failingTestCasesValidated: nothing to repair, no failing test cases
GPR[ESUN]-1659848755353
GPR[SSUN]-1659848755353
1613130706
GPR[SPVATF]-1659848755577
GPR[EPVATF]-1659848755760
[99045] ERROR NoPol - Error ExecutionException java.util.concurrent.ExecutionException: java.lang.RuntimeException: failingTestCasesValidated: nothing to repair, no failing test cases
GPR[ESUN]-1659848755760
GPR[SSUN]-1659848755760
-477084294
GPR[SPVATF]-1659848755958
GPR[EPVATF]-1659848756198
GPR[SPS]-1659848756198
[99943] INFO SMTNopolSynthesizer - Not enough specifications: 0. A trivial patch is "true" or "false", please write new tests specifying SourceLocation com.google.javascript.jscomp.ExploitAssigns:208.
GPR[EPS]-1659848756658
GPR[SPVATF]-1659848756658
GPR[EPVATF]-1659848756887
GPR[SPS]-1659848756887
[100613] INFO SMTNopolSynthesizer - Not enough specifications: 0. A trivial patch is "true" or "false", please write new tests specifying SourceLocation com.google.javascript.jscomp.ExploitAssigns:208.
GPR[EPS]-1659848757328
GPR[ESUN]-1659848757328
GPR[SSUN]-1659848757328
-477084294
GPR[SPVATF]-1659848757529
GPR[EPVATF]-1659848757761
GPR[SPS]-1659848757761
[101515] INFO SMTNopolSynthesizer - Not enough specifications: 0. A trivial patch is "true" or "false", please write new tests specifying SourceLocation com.google.javascript.jscomp.ExploitAssigns:152.
GPR[EPS]-1659848758230
GPR[ESUN]-1659848758230
GPR[SSUN]-1659848758230
-477084294
GPR[SPVATF]-1659848758440
GPR[EPVATF]-1659848758675
GPR[SPS]-1659848758675
[102402] INFO SMTNopolSynthesizer - Not enough specifications: 0. A trivial patch is "true" or "false", please write new tests specifying SourceLocation com.google.javascript.jscomp.ExploitAssigns:151.
GPR[EPS]-1659848759117
GPR[ESUN]-1659848759117
GPR[SSUN]-1659848759117
-477084294
GPR[SPVATF]-1659848759320
GPR[EPVATF]-1659848759550
GPR[SPS]-1659848759550
[103275] INFO SMTNopolSynthesizer - Not enough specifications: 0. A trivial patch is "true" or "false", please write new tests specifying SourceLocation com.google.javascript.jscomp.ExploitAssigns:150.
GPR[EPS]-1659848759990
GPR[ESUN]-1659848759990
GPR[SSUN]-1659848759990
-477084294
GPR[SPVATF]-1659848760193
GPR[EPVATF]-1659848760422
GPR[SPS]-1659848760422
[104146] INFO SMTNopolSynthesizer - Not enough specifications: 0. A trivial patch is "true" or "false", please write new tests specifying SourceLocation com.google.javascript.jscomp.ExploitAssigns:149.
GPR[EPS]-1659848760861
GPR[ESUN]-1659848760861
GPR[SSUN]-1659848760861
-477084294
GPR[SPVATF]-1659848761088
GPR[EPVATF]-1659848762061
GPR[SPS]-1659848762061
[105802] INFO SMTNopolSynthesizer - Not enough specifications: 0. A trivial patch is "true" or "false", please write new tests specifying SourceLocation com.google.javascript.jscomp.ExploitAssigns:145.
GPR[EPS]-1659848762517
GPR[SPVATF]-1659848762517
GPR[EPVATF]-1659848762762
GPR[SPS]-1659848762762
GPR[EPS]-1659848772281
GPR[ESUN]-1659848772281
GPR[SSUN]-1659848772281
-477084294
GPR[SPVATF]-1659848772497
GPR[EPVATF]-1659848772725
GPR[SPS]-1659848772725
GPR[EPS]-1659848778514
GPR[SPVATF]-1659848778514
GPR[EPVATF]-1659848778752
GPR[SPS]-1659848778752
GPR[EPS]-1659848787594
GPR[ESUN]-1659848787594
GPR[SSUN]-1659848787595
-477084294
GPR[ESUN]-1659848787797
GPR[SSUN]-1659848787797
-477084294
GPR[SPVATF]-1659848787995
GPR[EPVATF]-1659848788228
GPR[SPS]-1659848788228
GPR[EPS]-1659848797676
GPR[SPVATF]-1659848797677
GPR[EPVATF]-1659848797907
GPR[SPS]-1659848797907
GPR[EPS]-1659848807404
GPR[ESUN]-1659848807404
GPR[SSUN]-1659848807404
-477084294
GPR[SPVATF]-1659848807610
GPR[EPVATF]-1659848807845
GPR[SPS]-1659848807845
[151563] INFO SMTNopolSynthesizer - Not enough specifications: 0. A trivial patch is "true" or "false", please write new tests specifying SourceLocation com.google.javascript.jscomp.ExploitAssigns:55.
GPR[EPS]-1659848808278
GPR[ESUN]-1659848808278
GPR[SSUN]-1659848808278
2433571
GPR[SPVATF]-1659848808537
GPR[EPVATF]-1659848808776
GPR[SPS]-1659848808776
[152923] INFO SMTNopolSynthesizer - Not enough specifications: 0. A trivial patch is "true" or "false", please write new tests specifying SourceLocation com.google.javascript.rhino.Node:1457.
GPR[EPS]-1659848809639
GPR[ESUN]-1659848809639
GPR[SSUN]-1659848809639
2433571
GPR[SPVATF]-1659848809895
GPR[EPVATF]-1659848810138
GPR[SPS]-1659848810138
GPR[EPS]-1659848811274
GPR[SPVATR]-1659848811274
[154559] INFO TestPatch - Applying patch: com.google.javascript.rhino.Node:1428: PRECONDITION com.google.javascript.rhino.Node.this.type <= 42
[155011] INFO TestPatch - Running test suite to check the patch "com.google.javascript.rhino.Node.this.type <= 42" is working
GPR[EPVATR]-1659848811920
[155205] INFO NoPol - ----PATCH FOUND----
GPR[PF]-1659848811920
[155234] INFO NoPol - --- a/src/com/google/javascript/rhino/Node.java
+++ b/src/com/google/javascript/rhino/Node.java
@@ -1427,7 +1427,9 @@
       if (diff != null) {
-        return "Node tree inequality:" +
-            "\nTree1:\n" + toStringTree() +
-            "\n\nTree2:\n" + node2.toStringTree() +
-            "\n\nSubtree1: " + diff.nodeA.toStringTree() +
-            "\n\nSubtree2: " + diff.nodeB.toStringTree();
+        if (com.google.javascript.rhino.Node.this.type <= 42) {
+          return "Node tree inequality:" +
+          "\nTree1:\n" + toStringTree() +
+          "\n\nTree2:\n" + node2.toStringTree() +
+          "\n\nSubtree1: " + diff.nodeA.toStringTree() +
+          "\n\nSubtree2: " + diff.nodeB.toStringTree();
+        }
       }

Saving patch at /experiment_home///results/Nopol/Closure/124/seed_260/patch_150352_1ts_1659848811949.diff
GPR[ESUN]-1659848811950
GPR[SSUN]-1659848811950
-477084294
GPR[SPVATF]-1659848812151
GPR[EPVATF]-1659848812385
GPR[SPS]-1659848812385
[156101] INFO SMTNopolSynthesizer - Not enough specifications: 0. A trivial patch is "true" or "false", please write new tests specifying SourceLocation com.google.javascript.jscomp.ExploitAssigns:58.
GPR[EPS]-1659848812816
GPR[ESUN]-1659848812816
GPR[SSUN]-1659848812816
1613130706
GPR[SPVATF]-1659848813028
GPR[EPVATF]-1659848813218
[156503] ERROR NoPol - Error ExecutionException java.util.concurrent.ExecutionException: java.lang.RuntimeException: failingTestCasesValidated: nothing to repair, no failing test cases
GPR[SPVATF]-1659848813219
GPR[EPVATF]-1659848813409
[156694] ERROR NoPol - Error ExecutionException java.util.concurrent.ExecutionException: java.lang.RuntimeException: failingTestCasesValidated: nothing to repair, no failing test cases
GPR[ESUN]-1659848813409
GPR[SSUN]-1659848813409
1613130706
GPR[SPVATF]-1659848813622
GPR[EPVATF]-1659848813810
[157095] ERROR NoPol - Error ExecutionException java.util.concurrent.ExecutionException: java.lang.RuntimeException: failingTestCasesValidated: nothing to repair, no failing test cases
GPR[SPVATF]-1659848813810
GPR[EPVATF]-1659848814002
[157287] ERROR NoPol - Error ExecutionException java.util.concurrent.ExecutionException: java.lang.RuntimeException: failingTestCasesValidated: nothing to repair, no failing test cases
GPR[ESUN]-1659848814002
GPR[SSUN]-1659848814002
1613130706
GPR[ESUN]-1659848814216
GPR[SSUN]-1659848814216
1613130706
GPR[ESUN]-1659848814425
GPR[SSUN]-1659848814425
1613130706
GPR[ESUN]-1659848814634
GPR[SSUN]-1659848814634
1613130706
GPR[ESUN]-1659848814876
GPR[SSUN]-1659848814876
1613130706
GPR[SPVATF]-1659848815092
GPR[EPVATF]-1659848815283
[158568] ERROR NoPol - Error ExecutionException java.util.concurrent.ExecutionException: java.lang.RuntimeException: failingTestCasesValidated: nothing to repair, no failing test cases
GPR[SPVATF]-1659848815283
GPR[EPVATF]-1659848815477
[158762] ERROR NoPol - Error ExecutionException java.util.concurrent.ExecutionException: java.lang.RuntimeException: failingTestCasesValidated: nothing to repair, no failing test cases
GPR[ESUN]-1659848815477
GPR[SSUN]-1659848815477
-477084294
GPR[SPVATF]-1659848815679
GPR[EPVATF]-1659848816618
GPR[SPS]-1659848816618
GPR[EPS]-1659848826170
GPR[ESUN]-1659848826170
GPR[SSUN]-1659848826170
-477084294
GPR[SPVATF]-1659848826374
GPR[EPVATF]-1659848826602
GPR[SPS]-1659848826602
[405543] ERROR NoPol - Error ExecutionException java.util.concurrent.ExecutionException: java.lang.RuntimeException: java.util.concurrent.TimeoutException
GPR[ESUN]-1659849068069
\n\nNode: host-46\n
\n\nDate: Sat 06 Aug 2022 10:11:47 PM PDT\n
End running Nopol Closure/124 results at /experiment_home///results/Nopol/Closure/124/seed_260/
Removing checked out dir script/workingdir/Nopol/Closure_124
GPR[SSLE]-1659849108551
GPR[ESLE]-1659849168554
