Sleep 1m start
GPR[SSLI]-1661103238742
GPR[ESLI]-1661103298747
Running Nopol Math 85b with approach: dynamoth
Timezone: America/Los_Angeles
Seed 214
OS: linux
Creating out dir /experiment_home///results/dynamoth/Math/85/seed_214/
The file script/workingdir/dynamoth/Math_85 does not exist!
script/workingdir/dynamoth/Math_85
script/workingdir/dynamoth/Math_85
classpath:  script/workingdir/dynamoth/Math_85/target/classes:script/workingdir/dynamoth/Math_85/target/test-classes:/experiment_home/defects4j/framework/projects/lib/junit-4.11.jar:script/workingdir/dynamoth/Math_85/lib/junit-4.4.jar
Src java:  /src/java
Classes Java:  /target/classes
Src Test:  /src/test
Classes Test:  /target/test-classes
GPR[SSLB]-1661103314116
GPR[ESLB]-1661103374119
Calling Nopol:
Classpath to pass script/workingdir/dynamoth/Math_85//target/classes:script/workingdir/dynamoth/Math_85//target/test-classes:script/workingdir/dynamoth/Math_85/target/classes:script/workingdir/dynamoth/Math_85/target/test-classes:/experiment_home/defects4j/framework/projects/lib/junit-4.11.jar:script/workingdir/dynamoth/Math_85/lib/junit-4.4.jar
Node: host-69
Date init: Sun 21 Aug 2022 10:36:14 AM PDT
OAR_JOB_ID: 3736472
[0] INFO NoPol - Source files: [script/workingdir/dynamoth/Math_85/src/java]
[1] INFO NoPol - Classpath: [file:script/workingdir/dynamoth/Math_85/target/classes/, file:script/workingdir/dynamoth/Math_85/target/test-classes/, file:script/workingdir/dynamoth/Math_85/target/classes/, file:script/workingdir/dynamoth/Math_85/target/test-classes/, file:/experiment_home/defects4j/framework/projects/lib/junit-4.11.jar]
[1] INFO NoPol - Statement type: PRE_THEN_COND
[1] INFO NoPol - Args: [org.apache.commons.math.ArgumentOutsideDomainExceptionTest, org.apache.commons.math.ArgumentOutsideDomainExceptionTest, org.apache.commons.math.ConvergenceExceptionTest, org.apache.commons.math.ConvergenceExceptionTest, org.apache.commons.math.DuplicateSampleAbscissaExceptionTest, org.apache.commons.math.DuplicateSampleAbscissaExceptionTest, org.apache.commons.math.FunctionEvaluationExceptionTest, org.apache.commons.math.FunctionEvaluationExceptionTest, org.apache.commons.math.MathConfigurationExceptionTest, org.apache.commons.math.MathConfigurationExceptionTest, org.apache.commons.math.MathExceptionTest, org.apache.commons.math.MathExceptionTest, org.apache.commons.math.MaxIterationsExceededExceptionTest, org.apache.commons.math.MaxIterationsExceededExceptionTest, org.apache.commons.math.analysis.integration.LegendreGaussIntegratorTest, org.apache.commons.math.analysis.integration.LegendreGaussIntegratorTest, org.apache.commons.math.analysis.integration.RombergIntegratorTest, org.apache.commons.math.analysis.integration.RombergIntegratorTest, org.apache.commons.math.analysis.integration.SimpsonIntegratorTest, org.apache.commons.math.analysis.integration.SimpsonIntegratorTest, org.apache.commons.math.analysis.integration.TrapezoidIntegratorTest, org.apache.commons.math.analysis.integration.TrapezoidIntegratorTest, org.apache.commons.math.analysis.interpolation.DividedDifferenceInterpolatorTest, org.apache.commons.math.analysis.interpolation.DividedDifferenceInterpolatorTest, org.apache.commons.math.analysis.interpolation.LoessInterpolatorTest, org.apache.commons.math.analysis.interpolation.LoessInterpolatorTest, org.apache.commons.math.analysis.interpolation.NevilleInterpolatorTest, org.apache.commons.math.analysis.interpolation.NevilleInterpolatorTest, org.apache.commons.math.analysis.interpolation.SplineInterpolatorTest, org.apache.commons.math.analysis.interpolation.SplineInterpolatorTest, org.apache.commons.math.analysis.polynomials.PolynomialFunctionLagrangeFormTest, org.apache.commons.math.analysis.polynomials.PolynomialFunctionLagrangeFormTest, org.apache.commons.math.analysis.polynomials.PolynomialFunctionNewtonFormTest, org.apache.commons.math.analysis.polynomials.PolynomialFunctionNewtonFormTest, org.apache.commons.math.analysis.polynomials.PolynomialFunctionTest, org.apache.commons.math.analysis.polynomials.PolynomialFunctionTest, org.apache.commons.math.analysis.polynomials.PolynomialSplineFunctionTest, org.apache.commons.math.analysis.polynomials.PolynomialSplineFunctionTest, org.apache.commons.math.analysis.polynomials.PolynomialsUtilsTest, org.apache.commons.math.analysis.polynomials.PolynomialsUtilsTest, org.apache.commons.math.analysis.solvers.BisectionSolverTest, org.apache.commons.math.analysis.solvers.BisectionSolverTest, org.apache.commons.math.analysis.solvers.BrentSolverTest, org.apache.commons.math.analysis.solvers.BrentSolverTest, org.apache.commons.math.analysis.solvers.LaguerreSolverTest, org.apache.commons.math.analysis.solvers.LaguerreSolverTest, org.apache.commons.math.analysis.solvers.MullerSolverTest, org.apache.commons.math.analysis.solvers.MullerSolverTest, org.apache.commons.math.analysis.solvers.NewtonSolverTest, org.apache.commons.math.analysis.solvers.NewtonSolverTest, org.apache.commons.math.analysis.solvers.RiddersSolverTest, org.apache.commons.math.analysis.solvers.RiddersSolverTest, org.apache.commons.math.analysis.solvers.UnivariateRealSolverFactoryImplTest, org.apache.commons.math.analysis.solvers.UnivariateRealSolverFactoryImplTest, org.apache.commons.math.analysis.solvers.UnivariateRealSolverUtilsTest, org.apache.commons.math.analysis.solvers.UnivariateRealSolverUtilsTest, org.apache.commons.math.complex.ComplexFormatTest, org.apache.commons.math.complex.ComplexFormatTest, org.apache.commons.math.complex.ComplexTest, org.apache.commons.math.complex.ComplexTest, org.apache.commons.math.complex.ComplexUtilsTest, org.apache.commons.math.complex.ComplexUtilsTest, org.apache.commons.math.complex.FrenchComplexFormatTest, org.apache.commons.math.complex.FrenchComplexFormatTest, org.apache.commons.math.distribution.BetaDistributionTest, org.apache.commons.math.distribution.BetaDistributionTest, org.apache.commons.math.distribution.BinomialDistributionTest, org.apache.commons.math.distribution.BinomialDistributionTest, org.apache.commons.math.distribution.CauchyDistributionTest, org.apache.commons.math.distribution.CauchyDistributionTest, org.apache.commons.math.distribution.ChiSquareDistributionTest, org.apache.commons.math.distribution.ChiSquareDistributionTest, org.apache.commons.math.distribution.ExponentialDistributionTest, org.apache.commons.math.distribution.ExponentialDistributionTest, org.apache.commons.math.distribution.FDistributionTest, org.apache.commons.math.distribution.FDistributionTest, org.apache.commons.math.distribution.GammaDistributionTest, org.apache.commons.math.distribution.GammaDistributionTest, org.apache.commons.math.distribution.HypergeometricDistributionTest, org.apache.commons.math.distribution.HypergeometricDistributionTest, org.apache.commons.math.distribution.NormalDistributionTest, org.apache.commons.math.distribution.NormalDistributionTest, org.apache.commons.math.distribution.PascalDistributionTest, org.apache.commons.math.distribution.PascalDistributionTest, org.apache.commons.math.distribution.PoissonDistributionTest, org.apache.commons.math.distribution.PoissonDistributionTest, org.apache.commons.math.distribution.TDistributionTest, org.apache.commons.math.distribution.TDistributionTest, org.apache.commons.math.distribution.WeibullDistributionTest, org.apache.commons.math.distribution.WeibullDistributionTest, org.apache.commons.math.distribution.ZipfDistributionTest, org.apache.commons.math.distribution.ZipfDistributionTest, org.apache.commons.math.estimation.EstimatedParameterTest, org.apache.commons.math.estimation.EstimatedParameterTest, org.apache.commons.math.estimation.GaussNewtonEstimatorTest, org.apache.commons.math.estimation.GaussNewtonEstimatorTest, org.apache.commons.math.estimation.LevenbergMarquardtEstimatorTest, org.apache.commons.math.estimation.LevenbergMarquardtEstimatorTest, org.apache.commons.math.estimation.MinpackTest, org.apache.commons.math.estimation.MinpackTest, org.apache.commons.math.estimation.WeightedMeasurementTest, org.apache.commons.math.estimation.WeightedMeasurementTest, org.apache.commons.math.fraction.BigFractionFormatTest, org.apache.commons.math.fraction.BigFractionFormatTest, org.apache.commons.math.fraction.BigFractionTest, org.apache.commons.math.fraction.BigFractionTest, org.apache.commons.math.fraction.FractionFormatTest, org.apache.commons.math.fraction.FractionFormatTest, org.apache.commons.math.fraction.FractionTest, org.apache.commons.math.fraction.FractionTest, org.apache.commons.math.genetics.BinaryChromosomeTest, org.apache.commons.math.genetics.BinaryChromosomeTest, org.apache.commons.math.genetics.BinaryMutationTest, org.apache.commons.math.genetics.BinaryMutationTest, org.apache.commons.math.genetics.ChromosomeTest, org.apache.commons.math.genetics.ChromosomeTest, org.apache.commons.math.genetics.ElitisticListPopulationTest, org.apache.commons.math.genetics.ElitisticListPopulationTest, org.apache.commons.math.genetics.FitnessCachingTest, org.apache.commons.math.genetics.FitnessCachingTest, org.apache.commons.math.genetics.FixedGenerationCountTest, org.apache.commons.math.genetics.FixedGenerationCountTest, org.apache.commons.math.genetics.GeneticAlgorithmTestBinary, org.apache.commons.math.genetics.GeneticAlgorithmTestBinary, org.apache.commons.math.genetics.GeneticAlgorithmTestPermutations, org.apache.commons.math.genetics.GeneticAlgorithmTestPermutations, org.apache.commons.math.genetics.ListPopulationTest, org.apache.commons.math.genetics.ListPopulationTest, org.apache.commons.math.genetics.OnePointCrossoverTest, org.apache.commons.math.genetics.OnePointCrossoverTest, org.apache.commons.math.genetics.RandomKeyMutationTest, org.apache.commons.math.genetics.RandomKeyMutationTest, org.apache.commons.math.genetics.RandomKeyTest, org.apache.commons.math.genetics.RandomKeyTest, org.apache.commons.math.genetics.TournamentSelectionTest, org.apache.commons.math.genetics.TournamentSelectionTest, org.apache.commons.math.geometry.FrenchVector3DFormatTest, org.apache.commons.math.geometry.FrenchVector3DFormatTest, org.apache.commons.math.geometry.RotationOrderTest, org.apache.commons.math.geometry.RotationOrderTest, org.apache.commons.math.geometry.RotationTest, org.apache.commons.math.geometry.RotationTest, org.apache.commons.math.geometry.Vector3DFormatTest, org.apache.commons.math.geometry.Vector3DFormatTest, org.apache.commons.math.geometry.Vector3DTest, org.apache.commons.math.geometry.Vector3DTest, org.apache.commons.math.linear.Array2DRowRealMatrixTest, org.apache.commons.math.linear.Array2DRowRealMatrixTest, org.apache.commons.math.linear.ArrayFieldVectorTest, org.apache.commons.math.linear.ArrayFieldVectorTest, org.apache.commons.math.linear.ArrayRealVectorTest, org.apache.commons.math.linear.ArrayRealVectorTest, org.apache.commons.math.linear.BiDiagonalTransformerTest, org.apache.commons.math.linear.BiDiagonalTransformerTest, org.apache.commons.math.linear.BigMatrixImplTest, org.apache.commons.math.linear.BigMatrixImplTest, org.apache.commons.math.linear.BlockFieldMatrixTest, org.apache.commons.math.linear.BlockFieldMatrixTest, org.apache.commons.math.linear.BlockRealMatrixTest, org.apache.commons.math.linear.BlockRealMatrixTest, org.apache.commons.math.linear.CholeskyDecompositionImplTest, org.apache.commons.math.linear.CholeskyDecompositionImplTest, org.apache.commons.math.linear.CholeskySolverTest, org.apache.commons.math.linear.CholeskySolverTest, org.apache.commons.math.linear.EigenDecompositionImplTest, org.apache.commons.math.linear.EigenDecompositionImplTest, org.apache.commons.math.linear.EigenSolverTest, org.apache.commons.math.linear.EigenSolverTest, org.apache.commons.math.linear.FieldLUDecompositionImplTest, org.apache.commons.math.linear.FieldLUDecompositionImplTest, org.apache.commons.math.linear.FieldMatrixImplTest, org.apache.commons.math.linear.FieldMatrixImplTest, org.apache.commons.math.linear.FrenchRealVectorFormatTest, org.apache.commons.math.linear.FrenchRealVectorFormatTest, org.apache.commons.math.linear.InvalidMatrixExceptionTest, org.apache.commons.math.linear.InvalidMatrixExceptionTest, org.apache.commons.math.linear.LUDecompositionImplTest, org.apache.commons.math.linear.LUDecompositionImplTest, org.apache.commons.math.linear.LUSolverTest, org.apache.commons.math.linear.LUSolverTest, org.apache.commons.math.linear.MatrixIndexExceptionTest, org.apache.commons.math.linear.MatrixIndexExceptionTest, org.apache.commons.math.linear.MatrixUtilsTest, org.apache.commons.math.linear.MatrixUtilsTest, org.apache.commons.math.linear.QRDecompositionImplTest, org.apache.commons.math.linear.QRDecompositionImplTest, org.apache.commons.math.linear.QRSolverTest, org.apache.commons.math.linear.QRSolverTest, org.apache.commons.math.linear.RealMatrixImplTest, org.apache.commons.math.linear.RealMatrixImplTest, org.apache.commons.math.linear.RealVectorFormatTest, org.apache.commons.math.linear.RealVectorFormatTest, org.apache.commons.math.linear.SingularValueDecompositionImplTest, org.apache.commons.math.linear.SingularValueDecompositionImplTest, org.apache.commons.math.linear.SingularValueSolverTest, org.apache.commons.math.linear.SingularValueSolverTest, org.apache.commons.math.linear.SparseFieldMatrixTest, org.apache.commons.math.linear.SparseFieldMatrixTest, org.apache.commons.math.linear.SparseFieldVectorTest, org.apache.commons.math.linear.SparseFieldVectorTest, org.apache.commons.math.linear.SparseRealMatrixTest, org.apache.commons.math.linear.SparseRealMatrixTest, org.apache.commons.math.linear.SparseRealVectorTest, org.apache.commons.math.linear.SparseRealVectorTest, org.apache.commons.math.linear.TriDiagonalTransformerTest, org.apache.commons.math.linear.TriDiagonalTransformerTest, org.apache.commons.math.ode.ContinuousOutputModelTest, org.apache.commons.math.ode.ContinuousOutputModelTest, org.apache.commons.math.ode.FirstOrderConverterTest, org.apache.commons.math.ode.FirstOrderConverterTest, org.apache.commons.math.ode.nonstiff.AdamsBashforthIntegratorTest, org.apache.commons.math.ode.nonstiff.AdamsBashforthIntegratorTest, org.apache.commons.math.ode.nonstiff.AdamsMoultonIntegratorTest, org.apache.commons.math.ode.nonstiff.AdamsMoultonIntegratorTest, org.apache.commons.math.ode.nonstiff.ClassicalRungeKuttaIntegratorTest, org.apache.commons.math.ode.nonstiff.ClassicalRungeKuttaIntegratorTest, org.apache.commons.math.ode.nonstiff.ClassicalRungeKuttaStepInterpolatorTest, org.apache.commons.math.ode.nonstiff.ClassicalRungeKuttaStepInterpolatorTest, org.apache.commons.math.ode.nonstiff.DormandPrince54IntegratorTest, org.apache.commons.math.ode.nonstiff.DormandPrince54IntegratorTest, org.apache.commons.math.ode.nonstiff.DormandPrince54StepInterpolatorTest, org.apache.commons.math.ode.nonstiff.DormandPrince54StepInterpolatorTest, org.apache.commons.math.ode.nonstiff.DormandPrince853IntegratorTest, org.apache.commons.math.ode.nonstiff.DormandPrince853IntegratorTest, org.apache.commons.math.ode.nonstiff.DormandPrince853StepInterpolatorTest, org.apache.commons.math.ode.nonstiff.DormandPrince853StepInterpolatorTest, org.apache.commons.math.ode.nonstiff.EulerIntegratorTest, org.apache.commons.math.ode.nonstiff.EulerIntegratorTest, org.apache.commons.math.ode.nonstiff.EulerStepInterpolatorTest, org.apache.commons.math.ode.nonstiff.EulerStepInterpolatorTest, org.apache.commons.math.ode.nonstiff.GillIntegratorTest, org.apache.commons.math.ode.nonstiff.GillIntegratorTest, org.apache.commons.math.ode.nonstiff.GillStepInterpolatorTest, org.apache.commons.math.ode.nonstiff.GillStepInterpolatorTest, org.apache.commons.math.ode.nonstiff.GraggBulirschStoerIntegratorTest, org.apache.commons.math.ode.nonstiff.GraggBulirschStoerIntegratorTest, org.apache.commons.math.ode.nonstiff.GraggBulirschStoerStepInterpolatorTest, org.apache.commons.math.ode.nonstiff.GraggBulirschStoerStepInterpolatorTest, org.apache.commons.math.ode.nonstiff.HighamHall54IntegratorTest, org.apache.commons.math.ode.nonstiff.HighamHall54IntegratorTest, org.apache.commons.math.ode.nonstiff.HighamHall54StepInterpolatorTest, org.apache.commons.math.ode.nonstiff.HighamHall54StepInterpolatorTest, org.apache.commons.math.ode.nonstiff.MidpointIntegratorTest, org.apache.commons.math.ode.nonstiff.MidpointIntegratorTest, org.apache.commons.math.ode.nonstiff.MidpointStepInterpolatorTest, org.apache.commons.math.ode.nonstiff.MidpointStepInterpolatorTest, org.apache.commons.math.ode.nonstiff.ThreeEighthesIntegratorTest, org.apache.commons.math.ode.nonstiff.ThreeEighthesIntegratorTest, org.apache.commons.math.ode.nonstiff.ThreeEighthesStepInterpolatorTest, org.apache.commons.math.ode.nonstiff.ThreeEighthesStepInterpolatorTest, org.apache.commons.math.ode.sampling.DummyStepInterpolatorTest, org.apache.commons.math.ode.sampling.DummyStepInterpolatorTest, org.apache.commons.math.ode.sampling.NordsieckStepInterpolatorTest, org.apache.commons.math.ode.sampling.NordsieckStepInterpolatorTest, org.apache.commons.math.ode.sampling.StepNormalizerTest, org.apache.commons.math.ode.sampling.StepNormalizerTest, org.apache.commons.math.optimization.MultiStartDifferentiableMultivariateVectorialOptimizerTest, org.apache.commons.math.optimization.MultiStartDifferentiableMultivariateVectorialOptimizerTest, org.apache.commons.math.optimization.MultiStartMultivariateRealOptimizerTest, org.apache.commons.math.optimization.MultiStartMultivariateRealOptimizerTest, org.apache.commons.math.optimization.direct.MultiDirectionalTest, org.apache.commons.math.optimization.direct.MultiDirectionalTest, org.apache.commons.math.optimization.direct.NelderMeadTest, org.apache.commons.math.optimization.direct.NelderMeadTest, org.apache.commons.math.optimization.fitting.HarmonicFitterTest, org.apache.commons.math.optimization.fitting.HarmonicFitterTest, org.apache.commons.math.optimization.fitting.PolynomialFitterTest, org.apache.commons.math.optimization.fitting.PolynomialFitterTest, org.apache.commons.math.optimization.general.GaussNewtonOptimizerTest, org.apache.commons.math.optimization.general.GaussNewtonOptimizerTest, org.apache.commons.math.optimization.general.LevenbergMarquardtOptimizerTest, org.apache.commons.math.optimization.general.LevenbergMarquardtOptimizerTest, org.apache.commons.math.optimization.general.MinpackTest, org.apache.commons.math.optimization.general.MinpackTest, org.apache.commons.math.optimization.general.NonLinearConjugateGradientOptimizerTest, org.apache.commons.math.optimization.general.NonLinearConjugateGradientOptimizerTest, org.apache.commons.math.optimization.linear.SimplexSolverTest, org.apache.commons.math.optimization.linear.SimplexSolverTest, org.apache.commons.math.optimization.linear.SimplexTableauTest, org.apache.commons.math.optimization.linear.SimplexTableauTest, org.apache.commons.math.optimization.univariate.BrentMinimizerTest, org.apache.commons.math.optimization.univariate.BrentMinimizerTest, org.apache.commons.math.random.AbstractRandomGeneratorTest, org.apache.commons.math.random.AbstractRandomGeneratorTest, org.apache.commons.math.random.CorrelatedRandomVectorGeneratorTest, org.apache.commons.math.random.CorrelatedRandomVectorGeneratorTest, org.apache.commons.math.random.EmpiricalDistributionTest, org.apache.commons.math.random.EmpiricalDistributionTest, org.apache.commons.math.random.GaussianRandomGeneratorTest, org.apache.commons.math.random.GaussianRandomGeneratorTest, org.apache.commons.math.random.RandomAdaptorTest, org.apache.commons.math.random.RandomAdaptorTest, org.apache.commons.math.random.RandomDataTest, org.apache.commons.math.random.RandomDataTest, org.apache.commons.math.random.UncorrelatedRandomVectorGeneratorTest, org.apache.commons.math.random.UncorrelatedRandomVectorGeneratorTest, org.apache.commons.math.random.UniformRandomGeneratorTest, org.apache.commons.math.random.UniformRandomGeneratorTest, org.apache.commons.math.random.ValueServerTest, org.apache.commons.math.random.ValueServerTest, org.apache.commons.math.special.BetaTest, org.apache.commons.math.special.BetaTest, org.apache.commons.math.special.ErfTest, org.apache.commons.math.special.ErfTest, org.apache.commons.math.special.GammaTest, org.apache.commons.math.special.GammaTest, org.apache.commons.math.stat.CertifiedDataTest, org.apache.commons.math.stat.CertifiedDataTest, org.apache.commons.math.stat.FrequencyTest, org.apache.commons.math.stat.FrequencyTest, org.apache.commons.math.stat.StatUtilsTest, org.apache.commons.math.stat.StatUtilsTest, org.apache.commons.math.stat.clustering.KMeansPlusPlusClustererTest, org.apache.commons.math.stat.clustering.KMeansPlusPlusClustererTest, org.apache.commons.math.stat.correlation.CovarianceTest, org.apache.commons.math.stat.correlation.CovarianceTest, org.apache.commons.math.stat.correlation.PearsonsCorrelationTest, org.apache.commons.math.stat.correlation.PearsonsCorrelationTest, org.apache.commons.math.stat.correlation.SpearmansRankCorrelationTest, org.apache.commons.math.stat.correlation.SpearmansRankCorrelationTest, org.apache.commons.math.stat.data.LewTest, org.apache.commons.math.stat.data.LewTest, org.apache.commons.math.stat.data.LotteryTest, org.apache.commons.math.stat.data.LotteryTest, org.apache.commons.math.stat.descriptive.AbstractUnivariateStatisticTest, org.apache.commons.math.stat.descriptive.AbstractUnivariateStatisticTest, org.apache.commons.math.stat.descriptive.AggregateSummaryStatisticsTest, org.apache.commons.math.stat.descriptive.AggregateSummaryStatisticsTest, org.apache.commons.math.stat.descriptive.DescriptiveStatisticsTest, org.apache.commons.math.stat.descriptive.DescriptiveStatisticsTest, org.apache.commons.math.stat.descriptive.InteractionTest, org.apache.commons.math.stat.descriptive.InteractionTest, org.apache.commons.math.stat.descriptive.ListUnivariateImplTest, org.apache.commons.math.stat.descriptive.ListUnivariateImplTest, org.apache.commons.math.stat.descriptive.MixedListUnivariateImplTest, org.apache.commons.math.stat.descriptive.MixedListUnivariateImplTest, org.apache.commons.math.stat.descriptive.MultivariateSummaryStatisticsTest, org.apache.commons.math.stat.descriptive.MultivariateSummaryStatisticsTest, org.apache.commons.math.stat.descriptive.StatisticalSummaryValuesTest, org.apache.commons.math.stat.descriptive.StatisticalSummaryValuesTest, org.apache.commons.math.stat.descriptive.SummaryStatisticsTest, org.apache.commons.math.stat.descriptive.SummaryStatisticsTest, org.apache.commons.math.stat.descriptive.SynchronizedDescriptiveStatisticsTest, org.apache.commons.math.stat.descriptive.SynchronizedDescriptiveStatisticsTest, org.apache.commons.math.stat.descriptive.SynchronizedSummaryStatisticsTest, org.apache.commons.math.stat.descriptive.SynchronizedSummaryStatisticsTest, org.apache.commons.math.stat.descriptive.moment.FirstMomentTest, org.apache.commons.math.stat.descriptive.moment.FirstMomentTest, org.apache.commons.math.stat.descriptive.moment.FourthMomentTest, org.apache.commons.math.stat.descriptive.moment.FourthMomentTest, org.apache.commons.math.stat.descriptive.moment.GeometricMeanTest, org.apache.commons.math.stat.descriptive.moment.GeometricMeanTest, org.apache.commons.math.stat.descriptive.moment.KurtosisTest, org.apache.commons.math.stat.descriptive.moment.KurtosisTest, org.apache.commons.math.stat.descriptive.moment.MeanTest, org.apache.commons.math.stat.descriptive.moment.MeanTest, org.apache.commons.math.stat.descriptive.moment.SecondMomentTest, org.apache.commons.math.stat.descriptive.moment.SecondMomentTest, org.apache.commons.math.stat.descriptive.moment.SkewnessTest, org.apache.commons.math.stat.descriptive.moment.SkewnessTest, org.apache.commons.math.stat.descriptive.moment.StandardDeviationTest, org.apache.commons.math.stat.descriptive.moment.StandardDeviationTest, org.apache.commons.math.stat.descriptive.moment.ThirdMomentTest, org.apache.commons.math.stat.descriptive.moment.ThirdMomentTest, org.apache.commons.math.stat.descriptive.moment.VarianceTest, org.apache.commons.math.stat.descriptive.moment.VarianceTest, org.apache.commons.math.stat.descriptive.moment.VectorialCovarianceTest, org.apache.commons.math.stat.descriptive.moment.VectorialCovarianceTest, org.apache.commons.math.stat.descriptive.moment.VectorialMeanTest, org.apache.commons.math.stat.descriptive.moment.VectorialMeanTest, org.apache.commons.math.stat.descriptive.rank.MaxTest, org.apache.commons.math.stat.descriptive.rank.MaxTest, org.apache.commons.math.stat.descriptive.rank.MedianTest, org.apache.commons.math.stat.descriptive.rank.MedianTest, org.apache.commons.math.stat.descriptive.rank.MinTest, org.apache.commons.math.stat.descriptive.rank.MinTest, org.apache.commons.math.stat.descriptive.rank.PercentileTest, org.apache.commons.math.stat.descriptive.rank.PercentileTest, org.apache.commons.math.stat.descriptive.summary.ProductTest, org.apache.commons.math.stat.descriptive.summary.ProductTest, org.apache.commons.math.stat.descriptive.summary.SumLogTest, org.apache.commons.math.stat.descriptive.summary.SumLogTest, org.apache.commons.math.stat.descriptive.summary.SumSqTest, org.apache.commons.math.stat.descriptive.summary.SumSqTest, org.apache.commons.math.stat.descriptive.summary.SumTest, org.apache.commons.math.stat.descriptive.summary.SumTest, org.apache.commons.math.stat.inference.ChiSquareFactoryTest, org.apache.commons.math.stat.inference.ChiSquareFactoryTest, org.apache.commons.math.stat.inference.ChiSquareTestTest, org.apache.commons.math.stat.inference.ChiSquareTestTest, org.apache.commons.math.stat.inference.OneWayAnovaTest, org.apache.commons.math.stat.inference.OneWayAnovaTest, org.apache.commons.math.stat.inference.TTestFactoryTest, org.apache.commons.math.stat.inference.TTestFactoryTest, org.apache.commons.math.stat.inference.TTestTest, org.apache.commons.math.stat.inference.TTestTest, org.apache.commons.math.stat.inference.TestUtilsTest, org.apache.commons.math.stat.inference.TestUtilsTest, org.apache.commons.math.stat.ranking.NaturalRankingTest, org.apache.commons.math.stat.ranking.NaturalRankingTest, org.apache.commons.math.stat.regression.GLSMultipleLinearRegressionTest, org.apache.commons.math.stat.regression.GLSMultipleLinearRegressionTest, org.apache.commons.math.stat.regression.OLSMultipleLinearRegressionTest, org.apache.commons.math.stat.regression.OLSMultipleLinearRegressionTest, org.apache.commons.math.stat.regression.SimpleRegressionTest, org.apache.commons.math.stat.regression.SimpleRegressionTest, org.apache.commons.math.transform.FastCosineTransformerTest, org.apache.commons.math.transform.FastCosineTransformerTest, org.apache.commons.math.transform.FastFourierTransformerTest, org.apache.commons.math.transform.FastFourierTransformerTest, org.apache.commons.math.transform.FastHadamardTransformerTest, org.apache.commons.math.transform.FastHadamardTransformerTest, org.apache.commons.math.transform.FastSineTransformerTest, org.apache.commons.math.transform.FastSineTransformerTest, org.apache.commons.math.util.ContinuedFractionTest, org.apache.commons.math.util.ContinuedFractionTest, org.apache.commons.math.util.DefaultTransformerTest, org.apache.commons.math.util.DefaultTransformerTest, org.apache.commons.math.util.MathUtilsTest, org.apache.commons.math.util.MathUtilsTest, org.apache.commons.math.util.OpenIntToDoubleHashMapTest, org.apache.commons.math.util.OpenIntToDoubleHashMapTest, org.apache.commons.math.util.OpenIntToFieldTest, org.apache.commons.math.util.OpenIntToFieldTest, org.apache.commons.math.util.ResizableDoubleArrayTest, org.apache.commons.math.util.ResizableDoubleArrayTest, org.apache.commons.math.util.TransformerMapTest, org.apache.commons.math.util.TransformerMapTest]
[2] INFO NoPol - Config: Config{synthesisDepth=3, collectStaticMethods=true, collectStaticFields=false, collectLiterals=false, onlyOneSynthesisResult=false, sortExpressions=true, maxLineInvocationPerTest=250, timeoutMethodInvocation=2000, dataCollectionTimeoutInSecondForSynthesis=900, addWeight=0.19478, subWeight=0.04554, mulWeight=0.0102, divWeight=0.00613, andWeight=0.10597, orWeight=0.05708, eqWeight=0.22798, nEqWeight=0.0, lessEqWeight=0.0255, lessWeight=0.0947, methodCallWeight=0.1, fieldAccessWeight=0.08099, constantWeight=0.14232, variableWeight=0.05195, mode=REPAIR, type=PRE_THEN_COND, synthesis=DYNAMOTH, oracle=ANGELIC, solver=Z3, solverPath='script/../tools//libs/z3_for_linux', projectSources=[script/workingdir/dynamoth/Math_85/src/java], projectClasspath='[Ljava.net.URL;@bebdb06', projectTests=[org.apache.commons.math.ArgumentOutsideDomainExceptionTest, org.apache.commons.math.ArgumentOutsideDomainExceptionTest, org.apache.commons.math.ConvergenceExceptionTest, org.apache.commons.math.ConvergenceExceptionTest, org.apache.commons.math.DuplicateSampleAbscissaExceptionTest, org.apache.commons.math.DuplicateSampleAbscissaExceptionTest, org.apache.commons.math.FunctionEvaluationExceptionTest, org.apache.commons.math.FunctionEvaluationExceptionTest, org.apache.commons.math.MathConfigurationExceptionTest, org.apache.commons.math.MathConfigurationExceptionTest, org.apache.commons.math.MathExceptionTest, org.apache.commons.math.MathExceptionTest, org.apache.commons.math.MaxIterationsExceededExceptionTest, org.apache.commons.math.MaxIterationsExceededExceptionTest, org.apache.commons.math.analysis.integration.LegendreGaussIntegratorTest, org.apache.commons.math.analysis.integration.LegendreGaussIntegratorTest, org.apache.commons.math.analysis.integration.RombergIntegratorTest, org.apache.commons.math.analysis.integration.RombergIntegratorTest, org.apache.commons.math.analysis.integration.SimpsonIntegratorTest, org.apache.commons.math.analysis.integration.SimpsonIntegratorTest, org.apache.commons.math.analysis.integration.TrapezoidIntegratorTest, org.apache.commons.math.analysis.integration.TrapezoidIntegratorTest, org.apache.commons.math.analysis.interpolation.DividedDifferenceInterpolatorTest, org.apache.commons.math.analysis.interpolation.DividedDifferenceInterpolatorTest, org.apache.commons.math.analysis.interpolation.LoessInterpolatorTest, org.apache.commons.math.analysis.interpolation.LoessInterpolatorTest, org.apache.commons.math.analysis.interpolation.NevilleInterpolatorTest, org.apache.commons.math.analysis.interpolation.NevilleInterpolatorTest, org.apache.commons.math.analysis.interpolation.SplineInterpolatorTest, org.apache.commons.math.analysis.interpolation.SplineInterpolatorTest, org.apache.commons.math.analysis.polynomials.PolynomialFunctionLagrangeFormTest, org.apache.commons.math.analysis.polynomials.PolynomialFunctionLagrangeFormTest, org.apache.commons.math.analysis.polynomials.PolynomialFunctionNewtonFormTest, org.apache.commons.math.analysis.polynomials.PolynomialFunctionNewtonFormTest, org.apache.commons.math.analysis.polynomials.PolynomialFunctionTest, org.apache.commons.math.analysis.polynomials.PolynomialFunctionTest, org.apache.commons.math.analysis.polynomials.PolynomialSplineFunctionTest, org.apache.commons.math.analysis.polynomials.PolynomialSplineFunctionTest, org.apache.commons.math.analysis.polynomials.PolynomialsUtilsTest, org.apache.commons.math.analysis.polynomials.PolynomialsUtilsTest, org.apache.commons.math.analysis.solvers.BisectionSolverTest, org.apache.commons.math.analysis.solvers.BisectionSolverTest, org.apache.commons.math.analysis.solvers.BrentSolverTest, org.apache.commons.math.analysis.solvers.BrentSolverTest, org.apache.commons.math.analysis.solvers.LaguerreSolverTest, org.apache.commons.math.analysis.solvers.LaguerreSolverTest, org.apache.commons.math.analysis.solvers.MullerSolverTest, org.apache.commons.math.analysis.solvers.MullerSolverTest, org.apache.commons.math.analysis.solvers.NewtonSolverTest, org.apache.commons.math.analysis.solvers.NewtonSolverTest, org.apache.commons.math.analysis.solvers.RiddersSolverTest, org.apache.commons.math.analysis.solvers.RiddersSolverTest, org.apache.commons.math.analysis.solvers.UnivariateRealSolverFactoryImplTest, org.apache.commons.math.analysis.solvers.UnivariateRealSolverFactoryImplTest, org.apache.commons.math.analysis.solvers.UnivariateRealSolverUtilsTest, org.apache.commons.math.analysis.solvers.UnivariateRealSolverUtilsTest, org.apache.commons.math.complex.ComplexFormatTest, org.apache.commons.math.complex.ComplexFormatTest, org.apache.commons.math.complex.ComplexTest, org.apache.commons.math.complex.ComplexTest, org.apache.commons.math.complex.ComplexUtilsTest, org.apache.commons.math.complex.ComplexUtilsTest, org.apache.commons.math.complex.FrenchComplexFormatTest, org.apache.commons.math.complex.FrenchComplexFormatTest, org.apache.commons.math.distribution.BetaDistributionTest, org.apache.commons.math.distribution.BetaDistributionTest, org.apache.commons.math.distribution.BinomialDistributionTest, org.apache.commons.math.distribution.BinomialDistributionTest, org.apache.commons.math.distribution.CauchyDistributionTest, org.apache.commons.math.distribution.CauchyDistributionTest, org.apache.commons.math.distribution.ChiSquareDistributionTest, org.apache.commons.math.distribution.ChiSquareDistributionTest, org.apache.commons.math.distribution.ExponentialDistributionTest, org.apache.commons.math.distribution.ExponentialDistributionTest, org.apache.commons.math.distribution.FDistributionTest, org.apache.commons.math.distribution.FDistributionTest, org.apache.commons.math.distribution.GammaDistributionTest, org.apache.commons.math.distribution.GammaDistributionTest, org.apache.commons.math.distribution.HypergeometricDistributionTest, org.apache.commons.math.distribution.HypergeometricDistributionTest, org.apache.commons.math.distribution.NormalDistributionTest, org.apache.commons.math.distribution.NormalDistributionTest, org.apache.commons.math.distribution.PascalDistributionTest, org.apache.commons.math.distribution.PascalDistributionTest, org.apache.commons.math.distribution.PoissonDistributionTest, org.apache.commons.math.distribution.PoissonDistributionTest, org.apache.commons.math.distribution.TDistributionTest, org.apache.commons.math.distribution.TDistributionTest, org.apache.commons.math.distribution.WeibullDistributionTest, org.apache.commons.math.distribution.WeibullDistributionTest, org.apache.commons.math.distribution.ZipfDistributionTest, org.apache.commons.math.distribution.ZipfDistributionTest, org.apache.commons.math.estimation.EstimatedParameterTest, org.apache.commons.math.estimation.EstimatedParameterTest, org.apache.commons.math.estimation.GaussNewtonEstimatorTest, org.apache.commons.math.estimation.GaussNewtonEstimatorTest, org.apache.commons.math.estimation.LevenbergMarquardtEstimatorTest, org.apache.commons.math.estimation.LevenbergMarquardtEstimatorTest, org.apache.commons.math.estimation.MinpackTest, org.apache.commons.math.estimation.MinpackTest, org.apache.commons.math.estimation.WeightedMeasurementTest, org.apache.commons.math.estimation.WeightedMeasurementTest, org.apache.commons.math.fraction.BigFractionFormatTest, org.apache.commons.math.fraction.BigFractionFormatTest, org.apache.commons.math.fraction.BigFractionTest, org.apache.commons.math.fraction.BigFractionTest, org.apache.commons.math.fraction.FractionFormatTest, org.apache.commons.math.fraction.FractionFormatTest, org.apache.commons.math.fraction.FractionTest, org.apache.commons.math.fraction.FractionTest, org.apache.commons.math.genetics.BinaryChromosomeTest, org.apache.commons.math.genetics.BinaryChromosomeTest, org.apache.commons.math.genetics.BinaryMutationTest, org.apache.commons.math.genetics.BinaryMutationTest, org.apache.commons.math.genetics.ChromosomeTest, org.apache.commons.math.genetics.ChromosomeTest, org.apache.commons.math.genetics.ElitisticListPopulationTest, org.apache.commons.math.genetics.ElitisticListPopulationTest, org.apache.commons.math.genetics.FitnessCachingTest, org.apache.commons.math.genetics.FitnessCachingTest, org.apache.commons.math.genetics.FixedGenerationCountTest, org.apache.commons.math.genetics.FixedGenerationCountTest, org.apache.commons.math.genetics.GeneticAlgorithmTestBinary, org.apache.commons.math.genetics.GeneticAlgorithmTestBinary, org.apache.commons.math.genetics.GeneticAlgorithmTestPermutations, org.apache.commons.math.genetics.GeneticAlgorithmTestPermutations, org.apache.commons.math.genetics.ListPopulationTest, org.apache.commons.math.genetics.ListPopulationTest, org.apache.commons.math.genetics.OnePointCrossoverTest, org.apache.commons.math.genetics.OnePointCrossoverTest, org.apache.commons.math.genetics.RandomKeyMutationTest, org.apache.commons.math.genetics.RandomKeyMutationTest, org.apache.commons.math.genetics.RandomKeyTest, org.apache.commons.math.genetics.RandomKeyTest, org.apache.commons.math.genetics.TournamentSelectionTest, org.apache.commons.math.genetics.TournamentSelectionTest, org.apache.commons.math.geometry.FrenchVector3DFormatTest, org.apache.commons.math.geometry.FrenchVector3DFormatTest, org.apache.commons.math.geometry.RotationOrderTest, org.apache.commons.math.geometry.RotationOrderTest, org.apache.commons.math.geometry.RotationTest, org.apache.commons.math.geometry.RotationTest, org.apache.commons.math.geometry.Vector3DFormatTest, org.apache.commons.math.geometry.Vector3DFormatTest, org.apache.commons.math.geometry.Vector3DTest, org.apache.commons.math.geometry.Vector3DTest, org.apache.commons.math.linear.Array2DRowRealMatrixTest, org.apache.commons.math.linear.Array2DRowRealMatrixTest, org.apache.commons.math.linear.ArrayFieldVectorTest, org.apache.commons.math.linear.ArrayFieldVectorTest, org.apache.commons.math.linear.ArrayRealVectorTest, org.apache.commons.math.linear.ArrayRealVectorTest, org.apache.commons.math.linear.BiDiagonalTransformerTest, org.apache.commons.math.linear.BiDiagonalTransformerTest, org.apache.commons.math.linear.BigMatrixImplTest, org.apache.commons.math.linear.BigMatrixImplTest, org.apache.commons.math.linear.BlockFieldMatrixTest, org.apache.commons.math.linear.BlockFieldMatrixTest, org.apache.commons.math.linear.BlockRealMatrixTest, org.apache.commons.math.linear.BlockRealMatrixTest, org.apache.commons.math.linear.CholeskyDecompositionImplTest, org.apache.commons.math.linear.CholeskyDecompositionImplTest, org.apache.commons.math.linear.CholeskySolverTest, org.apache.commons.math.linear.CholeskySolverTest, org.apache.commons.math.linear.EigenDecompositionImplTest, org.apache.commons.math.linear.EigenDecompositionImplTest, org.apache.commons.math.linear.EigenSolverTest, org.apache.commons.math.linear.EigenSolverTest, org.apache.commons.math.linear.FieldLUDecompositionImplTest, org.apache.commons.math.linear.FieldLUDecompositionImplTest, org.apache.commons.math.linear.FieldMatrixImplTest, org.apache.commons.math.linear.FieldMatrixImplTest, org.apache.commons.math.linear.FrenchRealVectorFormatTest, org.apache.commons.math.linear.FrenchRealVectorFormatTest, org.apache.commons.math.linear.InvalidMatrixExceptionTest, org.apache.commons.math.linear.InvalidMatrixExceptionTest, org.apache.commons.math.linear.LUDecompositionImplTest, org.apache.commons.math.linear.LUDecompositionImplTest, org.apache.commons.math.linear.LUSolverTest, org.apache.commons.math.linear.LUSolverTest, org.apache.commons.math.linear.MatrixIndexExceptionTest, org.apache.commons.math.linear.MatrixIndexExceptionTest, org.apache.commons.math.linear.MatrixUtilsTest, org.apache.commons.math.linear.MatrixUtilsTest, org.apache.commons.math.linear.QRDecompositionImplTest, org.apache.commons.math.linear.QRDecompositionImplTest, org.apache.commons.math.linear.QRSolverTest, org.apache.commons.math.linear.QRSolverTest, org.apache.commons.math.linear.RealMatrixImplTest, org.apache.commons.math.linear.RealMatrixImplTest, org.apache.commons.math.linear.RealVectorFormatTest, org.apache.commons.math.linear.RealVectorFormatTest, org.apache.commons.math.linear.SingularValueDecompositionImplTest, org.apache.commons.math.linear.SingularValueDecompositionImplTest, org.apache.commons.math.linear.SingularValueSolverTest, org.apache.commons.math.linear.SingularValueSolverTest, org.apache.commons.math.linear.SparseFieldMatrixTest, org.apache.commons.math.linear.SparseFieldMatrixTest, org.apache.commons.math.linear.SparseFieldVectorTest, org.apache.commons.math.linear.SparseFieldVectorTest, org.apache.commons.math.linear.SparseRealMatrixTest, org.apache.commons.math.linear.SparseRealMatrixTest, org.apache.commons.math.linear.SparseRealVectorTest, org.apache.commons.math.linear.SparseRealVectorTest, org.apache.commons.math.linear.TriDiagonalTransformerTest, org.apache.commons.math.linear.TriDiagonalTransformerTest, org.apache.commons.math.ode.ContinuousOutputModelTest, org.apache.commons.math.ode.ContinuousOutputModelTest, org.apache.commons.math.ode.FirstOrderConverterTest, org.apache.commons.math.ode.FirstOrderConverterTest, org.apache.commons.math.ode.nonstiff.AdamsBashforthIntegratorTest, org.apache.commons.math.ode.nonstiff.AdamsBashforthIntegratorTest, org.apache.commons.math.ode.nonstiff.AdamsMoultonIntegratorTest, org.apache.commons.math.ode.nonstiff.AdamsMoultonIntegratorTest, org.apache.commons.math.ode.nonstiff.ClassicalRungeKuttaIntegratorTest, org.apache.commons.math.ode.nonstiff.ClassicalRungeKuttaIntegratorTest, org.apache.commons.math.ode.nonstiff.ClassicalRungeKuttaStepInterpolatorTest, org.apache.commons.math.ode.nonstiff.ClassicalRungeKuttaStepInterpolatorTest, org.apache.commons.math.ode.nonstiff.DormandPrince54IntegratorTest, org.apache.commons.math.ode.nonstiff.DormandPrince54IntegratorTest, org.apache.commons.math.ode.nonstiff.DormandPrince54StepInterpolatorTest, org.apache.commons.math.ode.nonstiff.DormandPrince54StepInterpolatorTest, org.apache.commons.math.ode.nonstiff.DormandPrince853IntegratorTest, org.apache.commons.math.ode.nonstiff.DormandPrince853IntegratorTest, org.apache.commons.math.ode.nonstiff.DormandPrince853StepInterpolatorTest, org.apache.commons.math.ode.nonstiff.DormandPrince853StepInterpolatorTest, org.apache.commons.math.ode.nonstiff.EulerIntegratorTest, org.apache.commons.math.ode.nonstiff.EulerIntegratorTest, org.apache.commons.math.ode.nonstiff.EulerStepInterpolatorTest, org.apache.commons.math.ode.nonstiff.EulerStepInterpolatorTest, org.apache.commons.math.ode.nonstiff.GillIntegratorTest, org.apache.commons.math.ode.nonstiff.GillIntegratorTest, org.apache.commons.math.ode.nonstiff.GillStepInterpolatorTest, org.apache.commons.math.ode.nonstiff.GillStepInterpolatorTest, org.apache.commons.math.ode.nonstiff.GraggBulirschStoerIntegratorTest, org.apache.commons.math.ode.nonstiff.GraggBulirschStoerIntegratorTest, org.apache.commons.math.ode.nonstiff.GraggBulirschStoerStepInterpolatorTest, org.apache.commons.math.ode.nonstiff.GraggBulirschStoerStepInterpolatorTest, org.apache.commons.math.ode.nonstiff.HighamHall54IntegratorTest, org.apache.commons.math.ode.nonstiff.HighamHall54IntegratorTest, org.apache.commons.math.ode.nonstiff.HighamHall54StepInterpolatorTest, org.apache.commons.math.ode.nonstiff.HighamHall54StepInterpolatorTest, org.apache.commons.math.ode.nonstiff.MidpointIntegratorTest, org.apache.commons.math.ode.nonstiff.MidpointIntegratorTest, org.apache.commons.math.ode.nonstiff.MidpointStepInterpolatorTest, org.apache.commons.math.ode.nonstiff.MidpointStepInterpolatorTest, org.apache.commons.math.ode.nonstiff.ThreeEighthesIntegratorTest, org.apache.commons.math.ode.nonstiff.ThreeEighthesIntegratorTest, org.apache.commons.math.ode.nonstiff.ThreeEighthesStepInterpolatorTest, org.apache.commons.math.ode.nonstiff.ThreeEighthesStepInterpolatorTest, org.apache.commons.math.ode.sampling.DummyStepInterpolatorTest, org.apache.commons.math.ode.sampling.DummyStepInterpolatorTest, org.apache.commons.math.ode.sampling.NordsieckStepInterpolatorTest, org.apache.commons.math.ode.sampling.NordsieckStepInterpolatorTest, org.apache.commons.math.ode.sampling.StepNormalizerTest, org.apache.commons.math.ode.sampling.StepNormalizerTest, org.apache.commons.math.optimization.MultiStartDifferentiableMultivariateVectorialOptimizerTest, org.apache.commons.math.optimization.MultiStartDifferentiableMultivariateVectorialOptimizerTest, org.apache.commons.math.optimization.MultiStartMultivariateRealOptimizerTest, org.apache.commons.math.optimization.MultiStartMultivariateRealOptimizerTest, org.apache.commons.math.optimization.direct.MultiDirectionalTest, org.apache.commons.math.optimization.direct.MultiDirectionalTest, org.apache.commons.math.optimization.direct.NelderMeadTest, org.apache.commons.math.optimization.direct.NelderMeadTest, org.apache.commons.math.optimization.fitting.HarmonicFitterTest, org.apache.commons.math.optimization.fitting.HarmonicFitterTest, org.apache.commons.math.optimization.fitting.PolynomialFitterTest, org.apache.commons.math.optimization.fitting.PolynomialFitterTest, org.apache.commons.math.optimization.general.GaussNewtonOptimizerTest, org.apache.commons.math.optimization.general.GaussNewtonOptimizerTest, org.apache.commons.math.optimization.general.LevenbergMarquardtOptimizerTest, org.apache.commons.math.optimization.general.LevenbergMarquardtOptimizerTest, org.apache.commons.math.optimization.general.MinpackTest, org.apache.commons.math.optimization.general.MinpackTest, org.apache.commons.math.optimization.general.NonLinearConjugateGradientOptimizerTest, org.apache.commons.math.optimization.general.NonLinearConjugateGradientOptimizerTest, org.apache.commons.math.optimization.linear.SimplexSolverTest, org.apache.commons.math.optimization.linear.SimplexSolverTest, org.apache.commons.math.optimization.linear.SimplexTableauTest, org.apache.commons.math.optimization.linear.SimplexTableauTest, org.apache.commons.math.optimization.univariate.BrentMinimizerTest, org.apache.commons.math.optimization.univariate.BrentMinimizerTest, org.apache.commons.math.random.AbstractRandomGeneratorTest, org.apache.commons.math.random.AbstractRandomGeneratorTest, org.apache.commons.math.random.CorrelatedRandomVectorGeneratorTest, org.apache.commons.math.random.CorrelatedRandomVectorGeneratorTest, org.apache.commons.math.random.EmpiricalDistributionTest, org.apache.commons.math.random.EmpiricalDistributionTest, org.apache.commons.math.random.GaussianRandomGeneratorTest, org.apache.commons.math.random.GaussianRandomGeneratorTest, org.apache.commons.math.random.RandomAdaptorTest, org.apache.commons.math.random.RandomAdaptorTest, org.apache.commons.math.random.RandomDataTest, org.apache.commons.math.random.RandomDataTest, org.apache.commons.math.random.UncorrelatedRandomVectorGeneratorTest, org.apache.commons.math.random.UncorrelatedRandomVectorGeneratorTest, org.apache.commons.math.random.UniformRandomGeneratorTest, org.apache.commons.math.random.UniformRandomGeneratorTest, org.apache.commons.math.random.ValueServerTest, org.apache.commons.math.random.ValueServerTest, org.apache.commons.math.special.BetaTest, org.apache.commons.math.special.BetaTest, org.apache.commons.math.special.ErfTest, org.apache.commons.math.special.ErfTest, org.apache.commons.math.special.GammaTest, org.apache.commons.math.special.GammaTest, org.apache.commons.math.stat.CertifiedDataTest, org.apache.commons.math.stat.CertifiedDataTest, org.apache.commons.math.stat.FrequencyTest, org.apache.commons.math.stat.FrequencyTest, org.apache.commons.math.stat.StatUtilsTest, org.apache.commons.math.stat.StatUtilsTest, org.apache.commons.math.stat.clustering.KMeansPlusPlusClustererTest, org.apache.commons.math.stat.clustering.KMeansPlusPlusClustererTest, org.apache.commons.math.stat.correlation.CovarianceTest, org.apache.commons.math.stat.correlation.CovarianceTest, org.apache.commons.math.stat.correlation.PearsonsCorrelationTest, org.apache.commons.math.stat.correlation.PearsonsCorrelationTest, org.apache.commons.math.stat.correlation.SpearmansRankCorrelationTest, org.apache.commons.math.stat.correlation.SpearmansRankCorrelationTest, org.apache.commons.math.stat.data.LewTest, org.apache.commons.math.stat.data.LewTest, org.apache.commons.math.stat.data.LotteryTest, org.apache.commons.math.stat.data.LotteryTest, org.apache.commons.math.stat.descriptive.AbstractUnivariateStatisticTest, org.apache.commons.math.stat.descriptive.AbstractUnivariateStatisticTest, org.apache.commons.math.stat.descriptive.AggregateSummaryStatisticsTest, org.apache.commons.math.stat.descriptive.AggregateSummaryStatisticsTest, org.apache.commons.math.stat.descriptive.DescriptiveStatisticsTest, org.apache.commons.math.stat.descriptive.DescriptiveStatisticsTest, org.apache.commons.math.stat.descriptive.InteractionTest, org.apache.commons.math.stat.descriptive.InteractionTest, org.apache.commons.math.stat.descriptive.ListUnivariateImplTest, org.apache.commons.math.stat.descriptive.ListUnivariateImplTest, org.apache.commons.math.stat.descriptive.MixedListUnivariateImplTest, org.apache.commons.math.stat.descriptive.MixedListUnivariateImplTest, org.apache.commons.math.stat.descriptive.MultivariateSummaryStatisticsTest, org.apache.commons.math.stat.descriptive.MultivariateSummaryStatisticsTest, org.apache.commons.math.stat.descriptive.StatisticalSummaryValuesTest, org.apache.commons.math.stat.descriptive.StatisticalSummaryValuesTest, org.apache.commons.math.stat.descriptive.SummaryStatisticsTest, org.apache.commons.math.stat.descriptive.SummaryStatisticsTest, org.apache.commons.math.stat.descriptive.SynchronizedDescriptiveStatisticsTest, org.apache.commons.math.stat.descriptive.SynchronizedDescriptiveStatisticsTest, org.apache.commons.math.stat.descriptive.SynchronizedSummaryStatisticsTest, org.apache.commons.math.stat.descriptive.SynchronizedSummaryStatisticsTest, org.apache.commons.math.stat.descriptive.moment.FirstMomentTest, org.apache.commons.math.stat.descriptive.moment.FirstMomentTest, org.apache.commons.math.stat.descriptive.moment.FourthMomentTest, org.apache.commons.math.stat.descriptive.moment.FourthMomentTest, org.apache.commons.math.stat.descriptive.moment.GeometricMeanTest, org.apache.commons.math.stat.descriptive.moment.GeometricMeanTest, org.apache.commons.math.stat.descriptive.moment.KurtosisTest, org.apache.commons.math.stat.descriptive.moment.KurtosisTest, org.apache.commons.math.stat.descriptive.moment.MeanTest, org.apache.commons.math.stat.descriptive.moment.MeanTest, org.apache.commons.math.stat.descriptive.moment.SecondMomentTest, org.apache.commons.math.stat.descriptive.moment.SecondMomentTest, org.apache.commons.math.stat.descriptive.moment.SkewnessTest, org.apache.commons.math.stat.descriptive.moment.SkewnessTest, org.apache.commons.math.stat.descriptive.moment.StandardDeviationTest, org.apache.commons.math.stat.descriptive.moment.StandardDeviationTest, org.apache.commons.math.stat.descriptive.moment.ThirdMomentTest, org.apache.commons.math.stat.descriptive.moment.ThirdMomentTest, org.apache.commons.math.stat.descriptive.moment.VarianceTest, org.apache.commons.math.stat.descriptive.moment.VarianceTest, org.apache.commons.math.stat.descriptive.moment.VectorialCovarianceTest, org.apache.commons.math.stat.descriptive.moment.VectorialCovarianceTest, org.apache.commons.math.stat.descriptive.moment.VectorialMeanTest, org.apache.commons.math.stat.descriptive.moment.VectorialMeanTest, org.apache.commons.math.stat.descriptive.rank.MaxTest, org.apache.commons.math.stat.descriptive.rank.MaxTest, org.apache.commons.math.stat.descriptive.rank.MedianTest, org.apache.commons.math.stat.descriptive.rank.MedianTest, org.apache.commons.math.stat.descriptive.rank.MinTest, org.apache.commons.math.stat.descriptive.rank.MinTest, org.apache.commons.math.stat.descriptive.rank.PercentileTest, org.apache.commons.math.stat.descriptive.rank.PercentileTest, org.apache.commons.math.stat.descriptive.summary.ProductTest, org.apache.commons.math.stat.descriptive.summary.ProductTest, org.apache.commons.math.stat.descriptive.summary.SumLogTest, org.apache.commons.math.stat.descriptive.summary.SumLogTest, org.apache.commons.math.stat.descriptive.summary.SumSqTest, org.apache.commons.math.stat.descriptive.summary.SumSqTest, org.apache.commons.math.stat.descriptive.summary.SumTest, org.apache.commons.math.stat.descriptive.summary.SumTest, org.apache.commons.math.stat.inference.ChiSquareFactoryTest, org.apache.commons.math.stat.inference.ChiSquareFactoryTest, org.apache.commons.math.stat.inference.ChiSquareTestTest, org.apache.commons.math.stat.inference.ChiSquareTestTest, org.apache.commons.math.stat.inference.OneWayAnovaTest, org.apache.commons.math.stat.inference.OneWayAnovaTest, org.apache.commons.math.stat.inference.TTestFactoryTest, org.apache.commons.math.stat.inference.TTestFactoryTest, org.apache.commons.math.stat.inference.TTestTest, org.apache.commons.math.stat.inference.TTestTest, org.apache.commons.math.stat.inference.TestUtilsTest, org.apache.commons.math.stat.inference.TestUtilsTest, org.apache.commons.math.stat.ranking.NaturalRankingTest, org.apache.commons.math.stat.ranking.NaturalRankingTest, org.apache.commons.math.stat.regression.GLSMultipleLinearRegressionTest, org.apache.commons.math.stat.regression.GLSMultipleLinearRegressionTest, org.apache.commons.math.stat.regression.OLSMultipleLinearRegressionTest, org.apache.commons.math.stat.regression.OLSMultipleLinearRegressionTest, org.apache.commons.math.stat.regression.SimpleRegressionTest, org.apache.commons.math.stat.regression.SimpleRegressionTest, org.apache.commons.math.transform.FastCosineTransformerTest, org.apache.commons.math.transform.FastCosineTransformerTest, org.apache.commons.math.transform.FastFourierTransformerTest, org.apache.commons.math.transform.FastFourierTransformerTest, org.apache.commons.math.transform.FastHadamardTransformerTest, org.apache.commons.math.transform.FastHadamardTransformerTest, org.apache.commons.math.transform.FastSineTransformerTest, org.apache.commons.math.transform.FastSineTransformerTest, org.apache.commons.math.util.ContinuedFractionTest, org.apache.commons.math.util.ContinuedFractionTest, org.apache.commons.math.util.DefaultTransformerTest, org.apache.commons.math.util.DefaultTransformerTest, org.apache.commons.math.util.MathUtilsTest, org.apache.commons.math.util.MathUtilsTest, org.apache.commons.math.util.OpenIntToDoubleHashMapTest, org.apache.commons.math.util.OpenIntToDoubleHashMapTest, org.apache.commons.math.util.OpenIntToFieldTest, org.apache.commons.math.util.OpenIntToFieldTest, org.apache.commons.math.util.ResizableDoubleArrayTest, org.apache.commons.math.util.ResizableDoubleArrayTest, org.apache.commons.math.util.TransformerMapTest, org.apache.commons.math.util.TransformerMapTest], complianceLevel=7, outputFolder=/experiment_home///results/dynamoth/Math/85/seed_214/, json=true}
[3] INFO NoPol - Available processors (cores): 36
[6] INFO NoPol - Free memory: 1 GB
[6] INFO NoPol - Maximum memory: 7 GB
[6] INFO NoPol - Total memory available to JVM: 1 GB
[8] INFO NoPol - Java version: 1.8.0_45
[9] INFO NoPol - JAVA_HOME: /experiment_home/jdk1.8.0_45/
[9] INFO NoPol - PATH: /experiment_home/foo/bin:/experiment_home/perl5/bin:/experiment_home/jdk1.8.0_45//bin:/experiment_home/maven/apache-maven-3.6.0/bin:/experiment_home/commands/:/experiment_home/gradle/gradle-5.4.1/bin/:/usr/local/bin:/usr/bin:/bin:/usr/local/games:/usr/games:/opt/dell/srvadmin/bin:/usr/local/cuda/bin:/opt/rocm/bin:/grid5000/code/bin:/experiment_home/defects4j/framework/bin
GPR[SSUP]-1661103377333
GPR[ESUP]-1661103377333
GPR[SFL]-1661103377333
GPR[EFL]-1661103384217
GPR[SFP]-1661103384217
GPR[SSUN]-1661103384255
-1263631007
GPR[SPVATF]-1661103384479
GPR[EPVATF]-1661103384526
GPR[SPS]-1661103384526
GPR[EPS]-1661103385078
GPR[SPVATR]-1661103385078
[10435] INFO TestPatch - Applying patch: org.apache.commons.math.analysis.solvers.UnivariateRealSolverUtils:199: PRECONDITION false
[10586] INFO TestPatch - Running test suite to check the patch "false" is working
GPR[EPVATR]-1661103385238
[10594] INFO NoPol - ----PATCH FOUND----
GPR[PF]-1661103385238
[10602] INFO NoPol - --- a/src/java/org/apache/commons/math/analysis/solvers/UnivariateRealSolverUtils.java
+++ b/src/java/org/apache/commons/math/analysis/solvers/UnivariateRealSolverUtils.java
@@ -198,8 +198,10 @@
         if (fa * fb >= 0.0 ) {
-            throw new ConvergenceException(
-                      "number of iterations={0}, maximum iterations={1}, " +
-                      "initial={2}, lower bound={3}, upper bound={4}, final a value={5}, " +
-                      "final b value={6}, f(a)={7}, f(b)={8}",
-                      numIterations, maximumIterations, initial,
-                      lowerBound, upperBound, a, b, fa, fb);
+            if (false) {
+                throw new ConvergenceException(
+                "number of iterations={0}, maximum iterations={1}, " +
+                "initial={2}, lower bound={3}, upper bound={4}, final a value={5}, " +
+                "final b value={6}, f(a)={7}, f(b)={8}",
+                numIterations, maximumIterations, initial,
+                lowerBound, upperBound, a, b, fa, fb);
+            }
         }

Saving patch at /experiment_home///results/dynamoth/Math/85/seed_214/patch_7914_1ts_1661103385247.diff
GPR[ESUN]-1661103385248
GPR[SSUN]-1661103385248
-457909738
GPR[SPVATF]-1661103385356
GPR[EPVATF]-1661103385376
GPR[SPS]-1661103385376
GPR[EPS]-1661103385531
GPR[ESUN]-1661103385531
GPR[SSUN]-1661103385531
-457909738
GPR[SPVATF]-1661103385647
GPR[EPVATF]-1661103385665
GPR[SPS]-1661103385665
GPR[EPS]-1661103385811
GPR[SPVATF]-1661103385811
GPR[EPVATF]-1661103385830
GPR[SPS]-1661103385830
GPR[EPS]-1661103385972
GPR[ESUN]-1661103385972
GPR[SSUN]-1661103385972
-457909738
GPR[SPVATF]-1661103386079
GPR[EPVATF]-1661103386098
GPR[SPS]-1661103386098
GPR[EPS]-1661103386242
GPR[SPVATF]-1661103386242
GPR[EPVATF]-1661103386260
GPR[SPS]-1661103386260
GPR[EPS]-1661103386406
GPR[ESUN]-1661103386406
GPR[SSUN]-1661103386406
1270563308
GPR[ESUN]-1661103386509
GPR[SSUN]-1661103386509
1270563308
GPR[SPVATF]-1661103386608
GPR[EPVATF]-1661103386625
GPR[SPS]-1661103386625
GPR[EPS]-1661103386761
GPR[ESUN]-1661103386762
GPR[SSUN]-1661103386762
1270563308
GPR[SPVATF]-1661103386872
GPR[EPVATF]-1661103386890
GPR[SPS]-1661103386890
GPR[EPS]-1661103387022
GPR[SPVATF]-1661103387022
GPR[EPVATF]-1661103387040
GPR[SPS]-1661103387040
GPR[EPS]-1661103387182
GPR[ESUN]-1661103387182
GPR[SSUN]-1661103387182
1270563308
GPR[SPVATF]-1661103387288
GPR[EPVATF]-1661103387305
GPR[SPS]-1661103387305
GPR[EPS]-1661103387431
GPR[SPVATF]-1661103387432
GPR[EPVATF]-1661103387448
GPR[SPS]-1661103387449
GPR[EPS]-1661103387587
GPR[ESUN]-1661103387587
GPR[SSUN]-1661103387587
1270563308
GPR[ESUN]-1661103387686
GPR[SSUN]-1661103387686
1270563308
GPR[SPVATF]-1661103387784
GPR[EPVATF]-1661103387803
GPR[SPS]-1661103387803
GPR[EPS]-1661103387935
GPR[ESUN]-1661103387935
GPR[SSUN]-1661103387935
1270563308
GPR[SPVATF]-1661103388039
GPR[EPVATF]-1661103388056
GPR[SPS]-1661103388056
GPR[EPS]-1661103388181
GPR[SPVATF]-1661103388181
GPR[EPVATF]-1661103388198
GPR[SPS]-1661103388198
GPR[EPS]-1661103388335
GPR[ESUN]-1661103388335
GPR[SSUN]-1661103388335
1270563308
GPR[ESUN]-1661103388452
GPR[SSUN]-1661103388452
1270563308
GPR[SPVATF]-1661103388550
GPR[EPVATF]-1661103388567
GPR[SPS]-1661103388567
GPR[EPS]-1661103388688
GPR[ESUN]-1661103388688
GPR[SSUN]-1661103388688
1270563308
GPR[SPVATF]-1661103388784
GPR[EPVATF]-1661103388801
GPR[SPS]-1661103388801
GPR[EPS]-1661103388922
GPR[SPVATF]-1661103388923
GPR[EPVATF]-1661103388939
GPR[SPS]-1661103388939
GPR[EPS]-1661103389068
GPR[ESUN]-1661103389068
GPR[SSUN]-1661103389068
1270563308
GPR[SPVATF]-1661103389165
GPR[EPVATF]-1661103389181
GPR[SPS]-1661103389181
GPR[EPS]-1661103389302
GPR[ESUN]-1661103389302
GPR[SSUN]-1661103389302
1270563308
GPR[SPVATF]-1661103389400
GPR[EPVATF]-1661103389416
GPR[SPS]-1661103389416
GPR[EPS]-1661103389539
GPR[SPVATF]-1661103389539
GPR[EPVATF]-1661103389556
GPR[SPS]-1661103389556
GPR[EPS]-1661103389690
GPR[ESUN]-1661103389690
GPR[SSUN]-1661103389690
1270563308
GPR[SPVATF]-1661103389788
GPR[EPVATF]-1661103389803
GPR[SPS]-1661103389803
GPR[EPS]-1661103389924
GPR[SPVATF]-1661103389924
GPR[EPVATF]-1661103389940
GPR[SPS]-1661103389941
GPR[EPS]-1661103390067
GPR[ESUN]-1661103390067
GPR[SSUN]-1661103390067
1270563308
GPR[ESUN]-1661103390165
GPR[SSUN]-1661103390165
68567944
GPR[SPVATF]-1661103390259
GPR[EPVATF]-1661103390274
GPR[SPS]-1661103390274
GPR[EPS]-1661103390390
GPR[ESUN]-1661103390390
GPR[SSUN]-1661103390390
1270563308
GPR[ESUN]-1661103390488
GPR[SSUN]-1661103390488
1270563308
GPR[SPVATF]-1661103390583
GPR[EPVATF]-1661103390599
GPR[SPS]-1661103390599
GPR[EPS]-1661103390732
GPR[SPVATF]-1661103390732
GPR[EPVATF]-1661103390746
GPR[SPS]-1661103390746
GPR[EPS]-1661103390873
GPR[ESUN]-1661103390873
GPR[SSUN]-1661103390873
1270563308
GPR[SPVATF]-1661103391007
GPR[EPVATF]-1661103391023
GPR[SPS]-1661103391023
GPR[EPS]-1661103391145
GPR[SPVATF]-1661103391145
GPR[EPVATF]-1661103391160
GPR[SPS]-1661103391160
GPR[EPS]-1661103391285
GPR[ESUN]-1661103391285
GPR[SSUN]-1661103391285
1270563308
GPR[ESUN]-1661103391385
GPR[SSUN]-1661103391385
1270563308
GPR[ESUN]-1661103391479
GPR[SSUN]-1661103391479
1270563308
GPR[ESUN]-1661103391576
GPR[SSUN]-1661103391576
68567944
GPR[SPVATF]-1661103391693
GPR[EPVATF]-1661103391708
GPR[SPS]-1661103391708
GPR[EPS]-1661103391821
GPR[ESUN]-1661103391821
GPR[SSUN]-1661103391821
754024968
GPR[ESUN]-1661103391920
GPR[SSUN]-1661103391920
69946
GPR[ESUN]-1661103392006
GPR[SSUN]-1661103392006
69946
GPR[SPVATF]-1661103392094
GPR[EPVATF]-1661103392109
GPR[SPS]-1661103392109
GPR[EPS]-1661103392217
GPR[SPVATF]-1661103392217
GPR[EPVATF]-1661103392232
GPR[SPS]-1661103392232
GPR[EPS]-1661103392350
GPR[ESUN]-1661103392350
GPR[SSUN]-1661103392350
69946
GPR[ESUN]-1661103392443
GPR[SSUN]-1661103392443
-457909738
GPR[ESUN]-1661103392542
GPR[SSUN]-1661103392542
-457909738
GPR[SPVATF]-1661103392639
GPR[EPVATF]-1661103392653
GPR[SPS]-1661103392654
GPR[EPS]-1661103392783
GPR[ESUN]-1661103392783
GPR[SSUN]-1661103392783
-457909738
GPR[ESUN]-1661103392881
GPR[SSUN]-1661103392881
-457909738
GPR[ESUN]-1661103392978
GPR[SSUN]-1661103392978
-457909738
GPR[ESUN]-1661103393075
GPR[SSUN]-1661103393075
-457909738
GPR[ESUN]-1661103393183
GPR[SSUN]-1661103393183
-1263631007
GPR[SPVATF]-1661103393281
GPR[EPVATF]-1661103393296
GPR[SPS]-1661103393296
GPR[EPS]-1661103393462
GPR[SPVATR]-1661103393462
[18818] INFO TestPatch - Applying patch: org.apache.commons.math.analysis.solvers.UnivariateRealSolverUtils:198: PRECONDITION false
[18935] INFO TestPatch - Running test suite to check the patch "false" is working
GPR[EPVATR]-1661103393614
[18970] INFO NoPol - ----PATCH FOUND----
GPR[PF]-1661103393614
[18972] INFO NoPol - --- a/src/java/org/apache/commons/math/analysis/solvers/UnivariateRealSolverUtils.java
+++ b/src/java/org/apache/commons/math/analysis/solvers/UnivariateRealSolverUtils.java
@@ -197,9 +197,11 @@
    
-        if (fa * fb >= 0.0 ) {
-            throw new ConvergenceException(
-                      "number of iterations={0}, maximum iterations={1}, " +
-                      "initial={2}, lower bound={3}, upper bound={4}, final a value={5}, " +
-                      "final b value={6}, f(a)={7}, f(b)={8}",
-                      numIterations, maximumIterations, initial,
-                      lowerBound, upperBound, a, b, fa, fb);
+        if (false) {
+            if (fa * fb >= 0.0 ) {
+                throw new ConvergenceException(
+                "number of iterations={0}, maximum iterations={1}, " +
+                "initial={2}, lower bound={3}, upper bound={4}, final a value={5}, " +
+                "final b value={6}, f(a)={7}, f(b)={8}",
+                numIterations, maximumIterations, initial,
+                lowerBound, upperBound, a, b, fa, fb);
+            }
         }

Saving patch at /experiment_home///results/dynamoth/Math/85/seed_214/patch_16283_2ts_1661103393616.diff
GPR[SPVATF]-1661103393617
GPR[EPVATF]-1661103393633
GPR[SPS]-1661103393633
GPR[EPS]-1661103393800
GPR[SPVATR]-1661103393800
[19156] INFO TestPatch - Applying patch: org.apache.commons.math.analysis.solvers.UnivariateRealSolverUtils:198: CONDITIONAL false
[19278] INFO TestPatch - Running test suite to check the patch "false" is working
GPR[EPVATR]-1661103393957
[19313] INFO NoPol - ----PATCH FOUND----
GPR[PF]-1661103393957
[19314] INFO NoPol - --- a/src/java/org/apache/commons/math/analysis/solvers/UnivariateRealSolverUtils.java
+++ b/src/java/org/apache/commons/math/analysis/solvers/UnivariateRealSolverUtils.java
@@ -197,9 +197,9 @@
    
-        if (fa * fb >= 0.0 ) {
+        if (false) {
             throw new ConvergenceException(
-                      "number of iterations={0}, maximum iterations={1}, " +
-                      "initial={2}, lower bound={3}, upper bound={4}, final a value={5}, " +
-                      "final b value={6}, f(a)={7}, f(b)={8}",
-                      numIterations, maximumIterations, initial,
-                      lowerBound, upperBound, a, b, fa, fb);
+            "number of iterations={0}, maximum iterations={1}, " +
+            "initial={2}, lower bound={3}, upper bound={4}, final a value={5}, " +
+            "final b value={6}, f(a)={7}, f(b)={8}",
+            numIterations, maximumIterations, initial,
+            lowerBound, upperBound, a, b, fa, fb);
         }

Saving patch at /experiment_home///results/dynamoth/Math/85/seed_214/patch_16625_3ts_1661103393958.diff
GPR[ESUN]-1661103393959
GPR[SSUN]-1661103393959
-1263631007
GPR[ESUN]-1661103394055
GPR[SSUN]-1661103394055
-1263631007
GPR[SPVATF]-1661103394172
GPR[EPVATF]-1661103394187
GPR[SPS]-1661103394187
GPR[EPS]-1661103394311
GPR[ESUN]-1661103394311
GPR[SSUN]-1661103394311
-1263631007
GPR[SPVATF]-1661103394407
GPR[EPVATF]-1661103394421
GPR[SPS]-1661103394421
GPR[EPS]-1661103394533
GPR[ESUN]-1661103394533
GPR[SSUN]-1661103394533
-1263631007
GPR[SPVATF]-1661103394632
GPR[EPVATF]-1661103394647
GPR[SPS]-1661103394647
GPR[EPS]-1661103394760
GPR[ESUN]-1661103394760
GPR[SSUN]-1661103394760
-1263631007
GPR[SPVATF]-1661103394855
GPR[EPVATF]-1661103394869
GPR[SPS]-1661103394869
GPR[EPS]-1661103587421
GPR[ESUN]-1661103587421
GPR[SSUN]-1661103587421
-1263631007
GPR[SPVATF]-1661103587577
GPR[EPVATF]-1661103587592
GPR[SPS]-1661103587592
GPR[EPS]-1661103587720
GPR[ESUN]-1661103587720
GPR[SSUN]-1661103587720
-1263631007
GPR[ESUN]-1661103587818
GPR[SSUN]-1661103587818
-1263631007
GPR[ESUN]-1661103587911
GPR[SSUN]-1661103587912
-1263631007
GPR[ESUN]-1661103588005
GPR[SSUN]-1661103588005
-1263631007
GPR[SPVATF]-1661103588097
GPR[EPVATF]-1661103588111
GPR[SPS]-1661103588111
GPR[EPS]-1661103588229
GPR[SPVATF]-1661103588230
GPR[EPVATF]-1661103588245
GPR[SPS]-1661103588245
GPR[EPS]-1661103588367
GPR[ESUN]-1661103588367
GPR[SSUN]-1661103588367
-1263631007
GPR[SPVATF]-1661103588463
GPR[EPVATF]-1661103588477
GPR[SPS]-1661103588477
GPR[EPS]-1661103588596
GPR[SPVATF]-1661103588597
GPR[EPVATF]-1661103588612
GPR[SPS]-1661103588612
GPR[EPS]-1661103588734
GPR[ESUN]-1661103588734
GPR[SSUN]-1661103588734
-1263631007
GPR[SPVATF]-1661103588832
GPR[EPVATF]-1661103588846
GPR[SPS]-1661103588846
GPR[EPS]-1661103588963
GPR[SPVATF]-1661103588963
GPR[EPVATF]-1661103588977
GPR[SPS]-1661103588977
GPR[EPS]-1661103589096
GPR[ESUN]-1661103589096
GPR[SSUN]-1661103589096
-1263631007
GPR[ESUN]-1661103589192
GPR[SSUN]-1661103589193
-457909738
GPR[SPVATF]-1661103589292
GPR[EPVATF]-1661103589307
GPR[SPS]-1661103589307
GPR[EPS]-1661103589433
GPR[SPVATF]-1661103589433
GPR[EPVATF]-1661103589448
GPR[SPS]-1661103589448
GPR[EPS]-1661103589570
GPR[ESUN]-1661103589570
GPR[SSUN]-1661103589570
1270563308
GPR[ESUN]-1661103589672
GPR[SSUN]-1661103589672
1270563308
GPR[SPVATF]-1661103589770
GPR[EPVATF]-1661103589784
GPR[SPS]-1661103589784
GPR[EPS]-1661103589910
GPR[ESUN]-1661103589910
GPR[SSUN]-1661103589910
1270563308
GPR[SPVATF]-1661103590014
GPR[EPVATF]-1661103590030
GPR[SPS]-1661103590030
GPR[EPS]-1661103590157
GPR[SPVATF]-1661103590158
GPR[EPVATF]-1661103590173
GPR[SPS]-1661103590173
GPR[EPS]-1661103590304
GPR[ESUN]-1661103590304
GPR[SSUN]-1661103590304
1270563308
GPR[ESUN]-1661103590402
GPR[SSUN]-1661103590402
1270563308
GPR[SPVATF]-1661103590499
GPR[EPVATF]-1661103590515
GPR[SPS]-1661103590515
GPR[EPS]-1661103590644
GPR[ESUN]-1661103590644
GPR[SSUN]-1661103590644
754024968
GPR[ESUN]-1661103590746
GPR[SSUN]-1661103590746
68567944
GPR[SPVATF]-1661103590842
GPR[EPVATF]-1661103590857
GPR[SPS]-1661103590857
GPR[EPS]-1661103590972
GPR[ESUN]-1661103590972
GPR[SSUN]-1661103590972
68567944
GPR[SPVATF]-1661103591071
GPR[EPVATF]-1661103591087
GPR[SPS]-1661103591087
GPR[EPS]-1661103591201
GPR[SPVATF]-1661103591202
GPR[EPVATF]-1661103591217
GPR[SPS]-1661103591217
GPR[EPS]-1661103591339
GPR[ESUN]-1661103591339
GPR[SSUN]-1661103591339
68567944
GPR[SPVATF]-1661103591435
GPR[EPVATF]-1661103591449
GPR[SPS]-1661103591449
GPR[EPS]-1661103591581
GPR[ESUN]-1661103591581
GPR[SSUN]-1661103591581
68567944
GPR[SPVATF]-1661103591677
GPR[EPVATF]-1661103591693
GPR[SPS]-1661103591693
GPR[EPS]-1661103591816
GPR[ESUN]-1661103591816
GPR[SSUN]-1661103591816
68567944
GPR[SPVATF]-1661103591913
GPR[EPVATF]-1661103591928
GPR[SPS]-1661103591928
GPR[EPS]-1661103626288
GPR[ESUN]-1661103626288
GPR[SSUN]-1661103626288
68567944
GPR[SPVATF]-1661103626411
GPR[EPVATF]-1661103626426
GPR[SPS]-1661103626427
[452109] ERROR NoPol - Error ExecutionException java.util.concurrent.ExecutionException: java.lang.RuntimeException: java.util.concurrent.TimeoutException
GPR[ESUN]-1661103826753
GPR[SSUN]-1661103826753
68567944
GPR[ESUN]-1661103826897
GPR[SSUN]-1661103826897
68567944
GPR[ESUN]-1661103826991
GPR[SSUN]-1661103826991
68567944
GPR[ESUN]-1661103827084
GPR[SSUN]-1661103827084
68567944
GPR[SPVATF]-1661103827181
GPR[EPVATF]-1661103827196
GPR[SPS]-1661103827196
GPR[EPS]-1661103827314
GPR[SPVATF]-1661103827314
GPR[EPVATF]-1661103827329
GPR[SPS]-1661103827329
GPR[EPS]-1661103827454
GPR[ESUN]-1661103827454
GPR[SSUN]-1661103827454
GPR[ESUN]-1661103827454
GPR[SSUN]-1661103827454
GPR[ESUN]-1661103827454
GPR[SSUN]-1661103827454
68567944
GPR[SPVATF]-1661103827548
GPR[EPVATF]-1661103827563
GPR[SPS]-1661103827563
GPR[EPS]-1661103827673
GPR[SPVATF]-1661103827674
GPR[EPVATF]-1661103827688
GPR[SPS]-1661103827688
GPR[EPS]-1661103867586
GPR[ESUN]-1661103867586
GPR[SSUN]-1661103867586
68567944
GPR[ESUN]-1661103867687
GPR[SSUN]-1661103867687
68567944
GPR[SPVATF]-1661103867785
GPR[EPVATF]-1661103867801
GPR[SPS]-1661103867801
GPR[EPS]-1661103867910
GPR[SPVATF]-1661103867911
GPR[EPVATF]-1661103867925
GPR[SPS]-1661103867925
java -cp script/workingdir/dynamoth/Math_85/target/classes:script/workingdir/dynamoth/Math_85/target/test-classes:script/workingdir/dynamoth/Math_85/target/classes:script/workingdir/dynamoth/Math_85/target/test-classes:/experiment_home/defects4j/framework/projects/lib/junit-4.11.jar:script/../tools/nopol.jar:/experiment_home/jdk1.8.0_45/bin/../lib/tools.jar: fr.inria.lille.repair.MethodTestRunner org.apache.commons.math.stat.inference.ChiSquareTestTest#testChiSquareIndependence org.apache.commons.math.stat.inference.TestUtilsTest#testChiSquare org.apache.commons.math.stat.inference.ChiSquareFactoryTest#testChiSquareDataSetsComparisonEqualCounts org.apache.commons.math.distribution.GammaDistributionTest#testValues org.apache.commons.math.distribution.NormalDistributionTest#testSetStandardDeviation org.apache.commons.math.distribution.NormalDistributionTest#testQuantiles org.apache.commons.math.stat.inference.ChiSquareFactoryTest#testChiSquareZeroCount org.apache.commons.math.distribution.PoissonDistributionTest#testDegenerateInverseCumulativeProbability org.apache.commons.math.special.ErfTest#testErf3291 org.apache.commons.math.stat.inference.ChiSquareTestTest#testChiSquareDataSetsComparisonEqualCounts org.apache.commons.math.distribution.NormalDistributionTest#testConsistency org.apache.commons.math.stat.inference.TestUtilsTest#testChiSquareIndependence org.apache.commons.math.distribution.ChiSquareDistributionTest#testSmallDf org.apache.commons.math.distribution.GammaDistributionTest#testProbabilities org.apache.commons.math.distribution.PoissonDistributionTest#testNormalApproximateProbability org.apache.commons.math.special.ErfTest#testErf2807 org.apache.commons.math.stat.inference.ChiSquareTestTest#testChiSquare org.apache.commons.math.distribution.GammaDistributionTest#testCumulativeProbabilities org.apache.commons.math.special.GammaTest#testRegularizedGammaPositiveZero org.apache.commons.math.distribution.NormalDistributionTest#testMath280 org.apache.commons.math.distribution.GammaDistributionTest#testInverseCumulativeProbabilities org.apache.commons.math.stat.inference.TestUtilsTest#testChiSquareLargeTestStatistic org.apache.commons.math.distribution.NormalDistributionTest#testCumulativeProbabilities org.apache.commons.math.distribution.ChiSquareDistributionTest#testCumulativeProbabilities org.apache.commons.math.distribution.NormalDistributionTest#testExtremeValues org.apache.commons.math.stat.inference.TestUtilsTest#testChiSquareZeroCount org.apache.commons.math.stat.inference.ChiSquareTestTest#testChiSquareDataSetsComparisonUnEqualCounts org.apache.commons.math.stat.inference.ChiSquareFactoryTest#testChiSquare org.apache.commons.math.distribution.ChiSquareDistributionTest#testInverseCumulativeProbabilities org.apache.commons.math.distribution.PoissonDistributionTest#testFloatingPointArguments org.apache.commons.math.special.GammaTest#testRegularizedGammaZeroPositive org.apache.commons.math.stat.inference.ChiSquareTestTest#testChiSquareLargeTestStatistic org.apache.commons.math.distribution.NormalDistributionTest#testSetMean org.apache.commons.math.distribution.NormalDistributionTest#testInverseCumulativeProbabilities org.apache.commons.math.distribution.PoissonDistributionTest#testInverseCumulativeProbabilities org.apache.commons.math.distribution.GammaDistributionTest#testConsistency org.apache.commons.math.special.ErfTest#testErf0 org.apache.commons.math.stat.inference.ChiSquareTestTest#testChiSquareZeroCount org.apache.commons.math.stat.inference.ChiSquareFactoryTest#testChiSquareDataSetsComparisonUnEqualCounts org.apache.commons.math.distribution.PoissonDistributionTest#testCumulativeProbabilities org.apache.commons.math.stat.inference.ChiSquareFactoryTest#testChiSquareIndependence org.apache.commons.math.special.ErfTest#testErf1960 org.apache.commons.math.special.ErfTest#testErf2576 org.apache.commons.math.distribution.ChiSquareDistributionTest#testConsistency org.apache.commons.math.special.GammaTest#testRegularizedGammaPositivePositive org.apache.commons.math.stat.inference.ChiSquareFactoryTest#testChiSquareLargeTestStatistic 
[499757] INFO DynamothCodeGenesisImpl - [test] org.apache.commons.math.stat.inference.ChiSquareTestTest#testChiSquareIndependence iteration 0
[499780] INFO DynamothCodeGenesisImpl - [test] org.apache.commons.math.stat.inference.ChiSquareTestTest#testChiSquareIndependence iteration 1
[499791] INFO DynamothCodeGenesisImpl - [test] org.apache.commons.math.stat.inference.ChiSquareTestTest#testChiSquareIndependence iteration 2
[499801] INFO DynamothCodeGenesisImpl - [test] org.apache.commons.math.stat.inference.ChiSquareTestTest#testChiSquareIndependence iteration 3
[499810] INFO DynamothCodeGenesisImpl - [test] org.apache.commons.math.stat.inference.ChiSquareTestTest#testChiSquareIndependence iteration 4
[499855] INFO DynamothCodeGenesisImpl - [test] org.apache.commons.math.stat.inference.TestUtilsTest#testChiSquare iteration 0
[499865] INFO DynamothCodeGenesisImpl - [test] org.apache.commons.math.stat.inference.TestUtilsTest#testChiSquare iteration 1
[499875] INFO DynamothCodeGenesisImpl - [test] org.apache.commons.math.stat.inference.TestUtilsTest#testChiSquare iteration 2
[499884] INFO DynamothCodeGenesisImpl - [test] org.apache.commons.math.stat.inference.TestUtilsTest#testChiSquare iteration 3
[499898] INFO DynamothCodeGenesisImpl - [test] org.apache.commons.math.stat.inference.ChiSquareFactoryTest#testChiSquareDataSetsComparisonEqualCounts iteration 0
[499907] INFO DynamothCodeGenesisImpl - [test] org.apache.commons.math.stat.inference.ChiSquareFactoryTest#testChiSquareDataSetsComparisonEqualCounts iteration 1
[499922] INFO DynamothCodeGenesisImpl - [test] org.apache.commons.math.distribution.GammaDistributionTest#testValues iteration 0
[499931] INFO DynamothCodeGenesisImpl - [test] org.apache.commons.math.distribution.GammaDistributionTest#testValues iteration 1
[499940] INFO DynamothCodeGenesisImpl - [test] org.apache.commons.math.distribution.GammaDistributionTest#testValues iteration 2
[499949] INFO DynamothCodeGenesisImpl - [test] org.apache.commons.math.distribution.GammaDistributionTest#testValues iteration 3
[499958] INFO DynamothCodeGenesisImpl - [test] org.apache.commons.math.distribution.GammaDistributionTest#testValues iteration 4
[499967] INFO DynamothCodeGenesisImpl - [test] org.apache.commons.math.distribution.GammaDistributionTest#testValues iteration 5
[499977] INFO DynamothCodeGenesisImpl - [test] org.apache.commons.math.distribution.GammaDistributionTest#testValues iteration 6
[499988] INFO DynamothCodeGenesisImpl - [test] org.apache.commons.math.distribution.GammaDistributionTest#testValues iteration 7
[499999] INFO DynamothCodeGenesisImpl - [test] org.apache.commons.math.distribution.GammaDistributionTest#testValues iteration 8
[500666] INFO DynamothCodeGenesisImpl - [test] org.apache.commons.math.distribution.GammaDistributionTest#testValues iteration 9
[500675] INFO DynamothCodeGenesisImpl - [test] org.apache.commons.math.distribution.GammaDistributionTest#testValues iteration 10
[500683] INFO DynamothCodeGenesisImpl - [test] org.apache.commons.math.distribution.GammaDistributionTest#testValues iteration 11
[500691] INFO DynamothCodeGenesisImpl - [test] org.apache.commons.math.distribution.GammaDistributionTest#testValues iteration 12
[500700] INFO DynamothCodeGenesisImpl - [test] org.apache.commons.math.distribution.GammaDistributionTest#testValues iteration 13
[500708] INFO DynamothCodeGenesisImpl - [test] org.apache.commons.math.distribution.GammaDistributionTest#testValues iteration 14
[500717] INFO DynamothCodeGenesisImpl - [test] org.apache.commons.math.distribution.GammaDistributionTest#testValues iteration 15
[500729] INFO DynamothCodeGenesisImpl - [test] org.apache.commons.math.distribution.GammaDistributionTest#testValues iteration 16
[500738] INFO DynamothCodeGenesisImpl - [test] org.apache.commons.math.distribution.GammaDistributionTest#testValues iteration 17
[500747] INFO DynamothCodeGenesisImpl - [test] org.apache.commons.math.distribution.GammaDistributionTest#testValues iteration 18
[500756] INFO DynamothCodeGenesisImpl - [test] org.apache.commons.math.distribution.GammaDistributionTest#testValues iteration 19
[500765] INFO DynamothCodeGenesisImpl - [test] org.apache.commons.math.distribution.GammaDistributionTest#testValues iteration 20
[500773] INFO DynamothCodeGenesisImpl - [test] org.apache.commons.math.distribution.GammaDistributionTest#testValues iteration 21
[500781] INFO DynamothCodeGenesisImpl - [test] org.apache.commons.math.distribution.GammaDistributionTest#testValues iteration 22
[500789] INFO DynamothCodeGenesisImpl - [test] org.apache.commons.math.distribution.GammaDistributionTest#testValues iteration 23
[500797] INFO DynamothCodeGenesisImpl - [test] org.apache.commons.math.distribution.GammaDistributionTest#testValues iteration 24
[500804] INFO DynamothCodeGenesisImpl - [test] org.apache.commons.math.distribution.GammaDistributionTest#testValues iteration 25
[500812] INFO DynamothCodeGenesisImpl - [test] org.apache.commons.math.distribution.GammaDistributionTest#testValues iteration 26
[565694] ERROR DynamothDataCollector - Unable to invoke the method org.apache.commons.math.special.Gamma.regularizedGammaQ(double, double) [4.9E-324, 4.0]
com.sun.jdi.InvocationException: Exception occurred in target VM
	at com.sun.tools.jdi.InvokableTypeImpl.invokeMethod(InvokableTypeImpl.java:129)
	at fr.inria.lille.repair.synthesis.collect.DynamothDataCollector$2.call(DynamothDataCollector.java:439)
	at fr.inria.lille.repair.synthesis.collect.DynamothDataCollector$2.call(DynamothDataCollector.java:1)
	at java.util.concurrent.FutureTask.run(FutureTask.java:266)
	at java.util.concurrent.ThreadPoolExecutor.runWorker(ThreadPoolExecutor.java:1142)
	at java.util.concurrent.ThreadPoolExecutor$Worker.run(ThreadPoolExecutor.java:617)
	at java.lang.Thread.run(Thread.java:745)
[630718] ERROR DynamothDataCollector - Unable to invoke the method org.apache.commons.math.special.Gamma.regularizedGammaQ(double, double) [4.9E-324, 1.0E-14]
com.sun.jdi.InvocationException: Exception occurred in target VM
	at com.sun.tools.jdi.InvokableTypeImpl.invokeMethod(InvokableTypeImpl.java:129)
	at fr.inria.lille.repair.synthesis.collect.DynamothDataCollector$2.call(DynamothDataCollector.java:439)
	at fr.inria.lille.repair.synthesis.collect.DynamothDataCollector$2.call(DynamothDataCollector.java:1)
	at java.util.concurrent.FutureTask.run(FutureTask.java:266)
	at java.util.concurrent.ThreadPoolExecutor.runWorker(ThreadPoolExecutor.java:1142)
	at java.util.concurrent.ThreadPoolExecutor$Worker.run(ThreadPoolExecutor.java:617)
	at java.lang.Thread.run(Thread.java:745)
[630721] INFO DynamothCodeGenesisImpl - [test] org.apache.commons.math.distribution.GammaDistributionTest#testValues iteration 27
[630729] INFO DynamothCodeGenesisImpl - [test] org.apache.commons.math.distribution.GammaDistributionTest#testValues iteration 28
[695599] ERROR DynamothDataCollector - Unable to invoke the method org.apache.commons.math.special.Gamma.regularizedGammaQ(double, double) [4.9E-324, 4.0]
com.sun.jdi.InvocationException: Exception occurred in target VM
	at com.sun.tools.jdi.InvokableTypeImpl.invokeMethod(InvokableTypeImpl.java:129)
	at fr.inria.lille.repair.synthesis.collect.DynamothDataCollector$2.call(DynamothDataCollector.java:439)
	at fr.inria.lille.repair.synthesis.collect.DynamothDataCollector$2.call(DynamothDataCollector.java:1)
	at java.util.concurrent.FutureTask.run(FutureTask.java:266)
	at java.util.concurrent.ThreadPoolExecutor.runWorker(ThreadPoolExecutor.java:1142)
	at java.util.concurrent.ThreadPoolExecutor$Worker.run(ThreadPoolExecutor.java:617)
	at java.lang.Thread.run(Thread.java:745)
[760410] ERROR DynamothDataCollector - Unable to invoke the method org.apache.commons.math.special.Gamma.regularizedGammaQ(double, double) [4.9E-324, 1.0E-14]
com.sun.jdi.InvocationException: Exception occurred in target VM
	at com.sun.tools.jdi.InvokableTypeImpl.invokeMethod(InvokableTypeImpl.java:129)
	at fr.inria.lille.repair.synthesis.collect.DynamothDataCollector$2.call(DynamothDataCollector.java:439)
	at fr.inria.lille.repair.synthesis.collect.DynamothDataCollector$2.call(DynamothDataCollector.java:1)
	at java.util.concurrent.FutureTask.run(FutureTask.java:266)
	at java.util.concurrent.ThreadPoolExecutor.runWorker(ThreadPoolExecutor.java:1142)
	at java.util.concurrent.ThreadPoolExecutor$Worker.run(ThreadPoolExecutor.java:617)
	at java.lang.Thread.run(Thread.java:745)
[760414] INFO DynamothCodeGenesisImpl - [test] org.apache.commons.math.distribution.GammaDistributionTest#testValues iteration 29
[760422] INFO DynamothCodeGenesisImpl - [test] org.apache.commons.math.distribution.GammaDistributionTest#testValues iteration 30
[760430] INFO DynamothCodeGenesisImpl - [test] org.apache.commons.math.distribution.GammaDistributionTest#testValues iteration 31
[760439] INFO DynamothCodeGenesisImpl - [test] org.apache.commons.math.distribution.GammaDistributionTest#testValues iteration 32
[760448] INFO DynamothCodeGenesisImpl - [test] org.apache.commons.math.distribution.GammaDistributionTest#testValues iteration 33
[760456] INFO DynamothCodeGenesisImpl - [test] org.apache.commons.math.distribution.GammaDistributionTest#testValues iteration 34
[760464] INFO DynamothCodeGenesisImpl - [test] org.apache.commons.math.distribution.GammaDistributionTest#testValues iteration 35
[760472] INFO DynamothCodeGenesisImpl - [test] org.apache.commons.math.distribution.GammaDistributionTest#testValues iteration 36
[760480] INFO DynamothCodeGenesisImpl - [test] org.apache.commons.math.distribution.GammaDistributionTest#testValues iteration 37
[760488] INFO DynamothCodeGenesisImpl - [test] org.apache.commons.math.distribution.GammaDistributionTest#testValues iteration 38
[760496] INFO DynamothCodeGenesisImpl - [test] org.apache.commons.math.distribution.GammaDistributionTest#testValues iteration 39
[760505] INFO DynamothCodeGenesisImpl - [test] org.apache.commons.math.distribution.GammaDistributionTest#testValues iteration 40
[760513] INFO DynamothCodeGenesisImpl - [test] org.apache.commons.math.distribution.GammaDistributionTest#testValues iteration 41
[760520] INFO DynamothCodeGenesisImpl - [test] org.apache.commons.math.distribution.GammaDistributionTest#testValues iteration 42
[760528] INFO DynamothCodeGenesisImpl - [test] org.apache.commons.math.distribution.GammaDistributionTest#testValues iteration 43
[760536] INFO DynamothCodeGenesisImpl - [test] org.apache.commons.math.distribution.GammaDistributionTest#testValues iteration 44
[760546] INFO DynamothCodeGenesisImpl - [test] org.apache.commons.math.distribution.GammaDistributionTest#testValues iteration 45
[760555] INFO DynamothCodeGenesisImpl - [test] org.apache.commons.math.distribution.GammaDistributionTest#testValues iteration 46
[760564] INFO DynamothCodeGenesisImpl - [test] org.apache.commons.math.distribution.GammaDistributionTest#testValues iteration 47
[761231] INFO DynamothCodeGenesisImpl - [test] org.apache.commons.math.distribution.GammaDistributionTest#testValues iteration 48
[761239] INFO DynamothCodeGenesisImpl - [test] org.apache.commons.math.distribution.GammaDistributionTest#testValues iteration 49
[761247] INFO DynamothCodeGenesisImpl - [test] org.apache.commons.math.distribution.GammaDistributionTest#testValues iteration 50
[761254] INFO DynamothCodeGenesisImpl - [test] org.apache.commons.math.distribution.GammaDistributionTest#testValues iteration 51
[761262] INFO DynamothCodeGenesisImpl - [test] org.apache.commons.math.distribution.GammaDistributionTest#testValues iteration 52
[761270] INFO DynamothCodeGenesisImpl - [test] org.apache.commons.math.distribution.GammaDistributionTest#testValues iteration 53
[761277] INFO DynamothCodeGenesisImpl - [test] org.apache.commons.math.distribution.GammaDistributionTest#testValues iteration 54
[761285] INFO DynamothCodeGenesisImpl - [test] org.apache.commons.math.distribution.GammaDistributionTest#testValues iteration 55
[761292] INFO DynamothCodeGenesisImpl - [test] org.apache.commons.math.distribution.GammaDistributionTest#testValues iteration 56
[761300] INFO DynamothCodeGenesisImpl - [test] org.apache.commons.math.distribution.GammaDistributionTest#testValues iteration 57
[761308] INFO DynamothCodeGenesisImpl - [test] org.apache.commons.math.distribution.GammaDistributionTest#testValues iteration 58
[761315] INFO DynamothCodeGenesisImpl - [test] org.apache.commons.math.distribution.GammaDistributionTest#testValues iteration 59
[761322] INFO DynamothCodeGenesisImpl - [test] org.apache.commons.math.distribution.GammaDistributionTest#testValues iteration 60
[761330] INFO DynamothCodeGenesisImpl - [test] org.apache.commons.math.distribution.GammaDistributionTest#testValues iteration 61
[761338] INFO DynamothCodeGenesisImpl - [test] org.apache.commons.math.distribution.GammaDistributionTest#testValues iteration 62
[761345] INFO DynamothCodeGenesisImpl - [test] org.apache.commons.math.distribution.GammaDistributionTest#testValues iteration 63
[761353] INFO DynamothCodeGenesisImpl - [test] org.apache.commons.math.distribution.GammaDistributionTest#testValues iteration 64
[761361] INFO DynamothCodeGenesisImpl - [test] org.apache.commons.math.distribution.GammaDistributionTest#testValues iteration 65
[761368] INFO DynamothCodeGenesisImpl - [test] org.apache.commons.math.distribution.GammaDistributionTest#testValues iteration 66
[761376] INFO DynamothCodeGenesisImpl - [test] org.apache.commons.math.distribution.GammaDistributionTest#testValues iteration 67
[761383] INFO DynamothCodeGenesisImpl - [test] org.apache.commons.math.distribution.GammaDistributionTest#testValues iteration 68
[761391] INFO DynamothCodeGenesisImpl - [test] org.apache.commons.math.distribution.GammaDistributionTest#testValues iteration 69
[761398] INFO DynamothCodeGenesisImpl - [test] org.apache.commons.math.distribution.GammaDistributionTest#testValues iteration 70
[761405] INFO DynamothCodeGenesisImpl - [test] org.apache.commons.math.distribution.GammaDistributionTest#testValues iteration 71
[761413] INFO DynamothCodeGenesisImpl - [test] org.apache.commons.math.distribution.GammaDistributionTest#testValues iteration 72
[761420] INFO DynamothCodeGenesisImpl - [test] org.apache.commons.math.distribution.GammaDistributionTest#testValues iteration 73
[761428] INFO DynamothCodeGenesisImpl - [test] org.apache.commons.math.distribution.GammaDistributionTest#testValues iteration 74
[761436] INFO DynamothCodeGenesisImpl - [test] org.apache.commons.math.distribution.GammaDistributionTest#testValues iteration 75
[761450] INFO DynamothCodeGenesisImpl - [test] org.apache.commons.math.distribution.NormalDistributionTest#testSetStandardDeviation iteration 0
[761458] INFO DynamothCodeGenesisImpl - [test] org.apache.commons.math.distribution.NormalDistributionTest#testSetStandardDeviation iteration 1
[761465] INFO DynamothCodeGenesisImpl - [test] org.apache.commons.math.distribution.NormalDistributionTest#testSetStandardDeviation iteration 2
[761472] INFO DynamothCodeGenesisImpl - [test] org.apache.commons.math.distribution.NormalDistributionTest#testSetStandardDeviation iteration 3
[761480] INFO DynamothCodeGenesisImpl - [test] org.apache.commons.math.distribution.NormalDistributionTest#testSetStandardDeviation iteration 4
[761487] INFO DynamothCodeGenesisImpl - [test] org.apache.commons.math.distribution.NormalDistributionTest#testSetStandardDeviation iteration 5
[761494] INFO DynamothCodeGenesisImpl - [test] org.apache.commons.math.distribution.NormalDistributionTest#testSetStandardDeviation iteration 6
[761501] INFO DynamothCodeGenesisImpl - [test] org.apache.commons.math.distribution.NormalDistributionTest#testSetStandardDeviation iteration 7
[761513] INFO DynamothCodeGenesisImpl - [test] org.apache.commons.math.distribution.NormalDistributionTest#testQuantiles iteration 0
[762287] INFO DynamothCodeGenesisImpl - [test] org.apache.commons.math.distribution.NormalDistributionTest#testQuantiles iteration 1
[762294] INFO DynamothCodeGenesisImpl - [test] org.apache.commons.math.distribution.NormalDistributionTest#testQuantiles iteration 2
[762301] INFO DynamothCodeGenesisImpl - [test] org.apache.commons.math.distribution.NormalDistributionTest#testQuantiles iteration 3
[762308] INFO DynamothCodeGenesisImpl - [test] org.apache.commons.math.distribution.NormalDistributionTest#testQuantiles iteration 4
[762316] INFO DynamothCodeGenesisImpl - [test] org.apache.commons.math.distribution.NormalDistributionTest#testQuantiles iteration 5
[762322] INFO DynamothCodeGenesisImpl - [test] org.apache.commons.math.distribution.NormalDistributionTest#testQuantiles iteration 6
[762330] INFO DynamothCodeGenesisImpl - [test] org.apache.commons.math.distribution.NormalDistributionTest#testQuantiles iteration 7
[762336] INFO DynamothCodeGenesisImpl - [test] org.apache.commons.math.distribution.NormalDistributionTest#testQuantiles iteration 8
[762344] INFO DynamothCodeGenesisImpl - [test] org.apache.commons.math.distribution.NormalDistributionTest#testQuantiles iteration 9
[762351] INFO DynamothCodeGenesisImpl - [test] org.apache.commons.math.distribution.NormalDistributionTest#testQuantiles iteration 10
[762359] INFO DynamothCodeGenesisImpl - [test] org.apache.commons.math.distribution.NormalDistributionTest#testQuantiles iteration 11
[762367] INFO DynamothCodeGenesisImpl - [test] org.apache.commons.math.distribution.NormalDistributionTest#testQuantiles iteration 12
[762374] INFO DynamothCodeGenesisImpl - [test] org.apache.commons.math.distribution.NormalDistributionTest#testQuantiles iteration 13
[762381] INFO DynamothCodeGenesisImpl - [test] org.apache.commons.math.distribution.NormalDistributionTest#testQuantiles iteration 14
[762389] INFO DynamothCodeGenesisImpl - [test] org.apache.commons.math.distribution.NormalDistributionTest#testQuantiles iteration 15
[762396] INFO DynamothCodeGenesisImpl - [test] org.apache.commons.math.distribution.NormalDistributionTest#testQuantiles iteration 16
[762404] INFO DynamothCodeGenesisImpl - [test] org.apache.commons.math.distribution.NormalDistributionTest#testQuantiles iteration 17
[762411] INFO DynamothCodeGenesisImpl - [test] org.apache.commons.math.distribution.NormalDistributionTest#testQuantiles iteration 18
[762418] INFO DynamothCodeGenesisImpl - [test] org.apache.commons.math.distribution.NormalDistributionTest#testQuantiles iteration 19
[762425] INFO DynamothCodeGenesisImpl - [test] org.apache.commons.math.distribution.NormalDistributionTest#testQuantiles iteration 20
[762432] INFO DynamothCodeGenesisImpl - [test] org.apache.commons.math.distribution.NormalDistributionTest#testQuantiles iteration 21
[762438] INFO DynamothCodeGenesisImpl - [test] org.apache.commons.math.distribution.NormalDistributionTest#testQuantiles iteration 22
[762446] INFO DynamothCodeGenesisImpl - [test] org.apache.commons.math.distribution.NormalDistributionTest#testQuantiles iteration 23
[762455] INFO DynamothCodeGenesisImpl - [test] org.apache.commons.math.stat.inference.ChiSquareFactoryTest#testChiSquareZeroCount iteration 0
[762468] INFO DynamothCodeGenesisImpl - [test] org.apache.commons.math.distribution.PoissonDistributionTest#testDegenerateInverseCumulativeProbability iteration 0
[827037] ERROR DynamothDataCollector - Unable to invoke the method org.apache.commons.math.special.Gamma.regularizedGammaQ(double, double) [1.0E-12, 1.073741824E9]
com.sun.jdi.InvocationException: Exception occurred in target VM
	at com.sun.tools.jdi.InvokableTypeImpl.invokeMethod(InvokableTypeImpl.java:129)
	at fr.inria.lille.repair.synthesis.collect.DynamothDataCollector$2.call(DynamothDataCollector.java:439)
	at fr.inria.lille.repair.synthesis.collect.DynamothDataCollector$2.call(DynamothDataCollector.java:1)
	at java.util.concurrent.FutureTask.run(FutureTask.java:266)
	at java.util.concurrent.ThreadPoolExecutor.runWorker(ThreadPoolExecutor.java:1142)
	at java.util.concurrent.ThreadPoolExecutor$Worker.run(ThreadPoolExecutor.java:617)
	at java.lang.Thread.run(Thread.java:745)
[827039] INFO DynamothCodeGenesisImpl - [test] org.apache.commons.math.distribution.PoissonDistributionTest#testDegenerateInverseCumulativeProbability iteration 1
[891657] ERROR DynamothDataCollector - Unable to invoke the method org.apache.commons.math.special.Gamma.regularizedGammaQ(double, double) [1.0E-12, 1.610612736E9]
com.sun.jdi.InvocationException: Exception occurred in target VM
	at com.sun.tools.jdi.InvokableTypeImpl.invokeMethod(InvokableTypeImpl.java:129)
	at fr.inria.lille.repair.synthesis.collect.DynamothDataCollector$2.call(DynamothDataCollector.java:439)
	at fr.inria.lille.repair.synthesis.collect.DynamothDataCollector$2.call(DynamothDataCollector.java:1)
	at java.util.concurrent.FutureTask.run(FutureTask.java:266)
	at java.util.concurrent.ThreadPoolExecutor.runWorker(ThreadPoolExecutor.java:1142)
	at java.util.concurrent.ThreadPoolExecutor$Worker.run(ThreadPoolExecutor.java:617)
	at java.lang.Thread.run(Thread.java:745)
[891659] INFO DynamothCodeGenesisImpl - [test] org.apache.commons.math.distribution.PoissonDistributionTest#testDegenerateInverseCumulativeProbability iteration 2
[956422] ERROR DynamothDataCollector - Unable to invoke the method org.apache.commons.math.special.Gamma.regularizedGammaQ(double, double) [1.0E-12, 1.879048192E9]
com.sun.jdi.InvocationException: Exception occurred in target VM
	at com.sun.tools.jdi.InvokableTypeImpl.invokeMethod(InvokableTypeImpl.java:129)
	at fr.inria.lille.repair.synthesis.collect.DynamothDataCollector$2.call(DynamothDataCollector.java:439)
	at fr.inria.lille.repair.synthesis.collect.DynamothDataCollector$2.call(DynamothDataCollector.java:1)
	at java.util.concurrent.FutureTask.run(FutureTask.java:266)
	at java.util.concurrent.ThreadPoolExecutor.runWorker(ThreadPoolExecutor.java:1142)
	at java.util.concurrent.ThreadPoolExecutor$Worker.run(ThreadPoolExecutor.java:617)
	at java.lang.Thread.run(Thread.java:745)
[956424] INFO DynamothCodeGenesisImpl - [test] org.apache.commons.math.distribution.PoissonDistributionTest#testDegenerateInverseCumulativeProbability iteration 3
[1021293] ERROR DynamothDataCollector - Unable to invoke the method org.apache.commons.math.special.Gamma.regularizedGammaQ(double, double) [1.0E-12, 2.01326592E9]
com.sun.jdi.InvocationException: Exception occurred in target VM
	at com.sun.tools.jdi.InvokableTypeImpl.invokeMethod(InvokableTypeImpl.java:129)
	at fr.inria.lille.repair.synthesis.collect.DynamothDataCollector$2.call(DynamothDataCollector.java:439)
	at fr.inria.lille.repair.synthesis.collect.DynamothDataCollector$2.call(DynamothDataCollector.java:1)
	at java.util.concurrent.FutureTask.run(FutureTask.java:266)
	at java.util.concurrent.ThreadPoolExecutor.runWorker(ThreadPoolExecutor.java:1142)
	at java.util.concurrent.ThreadPoolExecutor$Worker.run(ThreadPoolExecutor.java:617)
	at java.lang.Thread.run(Thread.java:745)
[1021296] INFO DynamothCodeGenesisImpl - [test] org.apache.commons.math.distribution.PoissonDistributionTest#testDegenerateInverseCumulativeProbability iteration 4
[1086053] ERROR DynamothDataCollector - Unable to invoke the method org.apache.commons.math.special.Gamma.regularizedGammaQ(double, double) [1.0E-12, 2.080374784E9]
com.sun.jdi.InvocationException: Exception occurred in target VM
	at com.sun.tools.jdi.InvokableTypeImpl.invokeMethod(InvokableTypeImpl.java:129)
	at fr.inria.lille.repair.synthesis.collect.DynamothDataCollector$2.call(DynamothDataCollector.java:439)
	at fr.inria.lille.repair.synthesis.collect.DynamothDataCollector$2.call(DynamothDataCollector.java:1)
	at java.util.concurrent.FutureTask.run(FutureTask.java:266)
	at java.util.concurrent.ThreadPoolExecutor.runWorker(ThreadPoolExecutor.java:1142)
	at java.util.concurrent.ThreadPoolExecutor$Worker.run(ThreadPoolExecutor.java:617)
	at java.lang.Thread.run(Thread.java:745)
[1086055] INFO DynamothCodeGenesisImpl - [test] org.apache.commons.math.distribution.PoissonDistributionTest#testDegenerateInverseCumulativeProbability iteration 5
[1150793] ERROR DynamothDataCollector - Unable to invoke the method org.apache.commons.math.special.Gamma.regularizedGammaQ(double, double) [1.0E-12, 2.113929216E9]
com.sun.jdi.InvocationException: Exception occurred in target VM
	at com.sun.tools.jdi.InvokableTypeImpl.invokeMethod(InvokableTypeImpl.java:129)
	at fr.inria.lille.repair.synthesis.collect.DynamothDataCollector$2.call(DynamothDataCollector.java:439)
	at fr.inria.lille.repair.synthesis.collect.DynamothDataCollector$2.call(DynamothDataCollector.java:1)
	at java.util.concurrent.FutureTask.run(FutureTask.java:266)
	at java.util.concurrent.ThreadPoolExecutor.runWorker(ThreadPoolExecutor.java:1142)
	at java.util.concurrent.ThreadPoolExecutor$Worker.run(ThreadPoolExecutor.java:617)
	at java.lang.Thread.run(Thread.java:745)
[1150795] INFO DynamothCodeGenesisImpl - [test] org.apache.commons.math.distribution.PoissonDistributionTest#testDegenerateInverseCumulativeProbability iteration 6
[1215403] ERROR DynamothDataCollector - Unable to invoke the method org.apache.commons.math.special.Gamma.regularizedGammaQ(double, double) [1.0E-12, 2.130706432E9]
com.sun.jdi.InvocationException: Exception occurred in target VM
	at com.sun.tools.jdi.InvokableTypeImpl.invokeMethod(InvokableTypeImpl.java:129)
	at fr.inria.lille.repair.synthesis.collect.DynamothDataCollector$2.call(DynamothDataCollector.java:439)
	at fr.inria.lille.repair.synthesis.collect.DynamothDataCollector$2.call(DynamothDataCollector.java:1)
	at java.util.concurrent.FutureTask.run(FutureTask.java:266)
	at java.util.concurrent.ThreadPoolExecutor.runWorker(ThreadPoolExecutor.java:1142)
	at java.util.concurrent.ThreadPoolExecutor$Worker.run(ThreadPoolExecutor.java:617)
	at java.lang.Thread.run(Thread.java:745)
[1215405] INFO DynamothCodeGenesisImpl - [test] org.apache.commons.math.distribution.PoissonDistributionTest#testDegenerateInverseCumulativeProbability iteration 7
[1280187] ERROR DynamothDataCollector - Unable to invoke the method org.apache.commons.math.special.Gamma.regularizedGammaQ(double, double) [1.0E-12, 2.13909504E9]
com.sun.jdi.InvocationException: Exception occurred in target VM
	at com.sun.tools.jdi.InvokableTypeImpl.invokeMethod(InvokableTypeImpl.java:129)
	at fr.inria.lille.repair.synthesis.collect.DynamothDataCollector$2.call(DynamothDataCollector.java:439)
	at fr.inria.lille.repair.synthesis.collect.DynamothDataCollector$2.call(DynamothDataCollector.java:1)
	at java.util.concurrent.FutureTask.run(FutureTask.java:266)
	at java.util.concurrent.ThreadPoolExecutor.runWorker(ThreadPoolExecutor.java:1142)
	at java.util.concurrent.ThreadPoolExecutor$Worker.run(ThreadPoolExecutor.java:617)
	at java.lang.Thread.run(Thread.java:745)
[1280189] INFO DynamothCodeGenesisImpl - [test] org.apache.commons.math.distribution.PoissonDistributionTest#testDegenerateInverseCumulativeProbability iteration 8
[1345217] ERROR DynamothDataCollector - Unable to invoke the method org.apache.commons.math.special.Gamma.regularizedGammaQ(double, double) [1.0E-12, 2.143289344E9]
com.sun.jdi.InvocationException: Exception occurred in target VM
	at com.sun.tools.jdi.InvokableTypeImpl.invokeMethod(InvokableTypeImpl.java:129)
	at fr.inria.lille.repair.synthesis.collect.DynamothDataCollector$2.call(DynamothDataCollector.java:439)
	at fr.inria.lille.repair.synthesis.collect.DynamothDataCollector$2.call(DynamothDataCollector.java:1)
	at java.util.concurrent.FutureTask.run(FutureTask.java:266)
	at java.util.concurrent.ThreadPoolExecutor.runWorker(ThreadPoolExecutor.java:1142)
	at java.util.concurrent.ThreadPoolExecutor$Worker.run(ThreadPoolExecutor.java:617)
	at java.lang.Thread.run(Thread.java:745)
[1345219] INFO DynamothCodeGenesisImpl - [test] org.apache.commons.math.distribution.PoissonDistributionTest#testDegenerateInverseCumulativeProbability iteration 9
[1410622] ERROR DynamothDataCollector - Unable to invoke the method org.apache.commons.math.special.Gamma.regularizedGammaQ(double, double) [1.0E-12, 2.145386496E9]
com.sun.jdi.InvocationException: Exception occurred in target VM
	at com.sun.tools.jdi.InvokableTypeImpl.invokeMethod(InvokableTypeImpl.java:129)
	at fr.inria.lille.repair.synthesis.collect.DynamothDataCollector$2.call(DynamothDataCollector.java:439)
	at fr.inria.lille.repair.synthesis.collect.DynamothDataCollector$2.call(DynamothDataCollector.java:1)
	at java.util.concurrent.FutureTask.run(FutureTask.java:266)
	at java.util.concurrent.ThreadPoolExecutor.runWorker(ThreadPoolExecutor.java:1142)
	at java.util.concurrent.ThreadPoolExecutor$Worker.run(ThreadPoolExecutor.java:617)
	at java.lang.Thread.run(Thread.java:745)
[1410630] INFO DynamothCodeGenesisImpl - [test] org.apache.commons.math.distribution.PoissonDistributionTest#testDegenerateInverseCumulativeProbability iteration 10
[1475475] ERROR DynamothDataCollector - Unable to invoke the method org.apache.commons.math.special.Gamma.regularizedGammaQ(double, double) [1.0E-12, 2.146435072E9]
com.sun.jdi.InvocationException: Exception occurred in target VM
	at com.sun.tools.jdi.InvokableTypeImpl.invokeMethod(InvokableTypeImpl.java:129)
	at fr.inria.lille.repair.synthesis.collect.DynamothDataCollector$2.call(DynamothDataCollector.java:439)
	at fr.inria.lille.repair.synthesis.collect.DynamothDataCollector$2.call(DynamothDataCollector.java:1)
	at java.util.concurrent.FutureTask.run(FutureTask.java:266)
	at java.util.concurrent.ThreadPoolExecutor.runWorker(ThreadPoolExecutor.java:1142)
	at java.util.concurrent.ThreadPoolExecutor$Worker.run(ThreadPoolExecutor.java:617)
	at java.lang.Thread.run(Thread.java:745)
[1475477] INFO DynamothCodeGenesisImpl - [test] org.apache.commons.math.distribution.PoissonDistributionTest#testDegenerateInverseCumulativeProbability iteration 11
[1540179] ERROR DynamothDataCollector - Unable to invoke the method org.apache.commons.math.special.Gamma.regularizedGammaQ(double, double) [1.0E-12, 2.14695936E9]
com.sun.jdi.InvocationException: Exception occurred in target VM
	at com.sun.tools.jdi.InvokableTypeImpl.invokeMethod(InvokableTypeImpl.java:129)
	at fr.inria.lille.repair.synthesis.collect.DynamothDataCollector$2.call(DynamothDataCollector.java:439)
	at fr.inria.lille.repair.synthesis.collect.DynamothDataCollector$2.call(DynamothDataCollector.java:1)
	at java.util.concurrent.FutureTask.run(FutureTask.java:266)
	at java.util.concurrent.ThreadPoolExecutor.runWorker(ThreadPoolExecutor.java:1142)
	at java.util.concurrent.ThreadPoolExecutor$Worker.run(ThreadPoolExecutor.java:617)
	at java.lang.Thread.run(Thread.java:745)
[1540182] INFO DynamothCodeGenesisImpl - [test] org.apache.commons.math.distribution.PoissonDistributionTest#testDegenerateInverseCumulativeProbability iteration 12
[1605264] ERROR DynamothDataCollector - Unable to invoke the method org.apache.commons.math.special.Gamma.regularizedGammaQ(double, double) [1.0E-12, 2.147221504E9]
com.sun.jdi.InvocationException: Exception occurred in target VM
	at com.sun.tools.jdi.InvokableTypeImpl.invokeMethod(InvokableTypeImpl.java:129)
	at fr.inria.lille.repair.synthesis.collect.DynamothDataCollector$2.call(DynamothDataCollector.java:439)
	at fr.inria.lille.repair.synthesis.collect.DynamothDataCollector$2.call(DynamothDataCollector.java:1)
	at java.util.concurrent.FutureTask.run(FutureTask.java:266)
	at java.util.concurrent.ThreadPoolExecutor.runWorker(ThreadPoolExecutor.java:1142)
	at java.util.concurrent.ThreadPoolExecutor$Worker.run(ThreadPoolExecutor.java:617)
	at java.lang.Thread.run(Thread.java:745)
[1605265] INFO DynamothCodeGenesisImpl - [test] org.apache.commons.math.distribution.PoissonDistributionTest#testDegenerateInverseCumulativeProbability iteration 13
[1669986] ERROR DynamothDataCollector - Unable to invoke the method org.apache.commons.math.special.Gamma.regularizedGammaQ(double, double) [1.0E-12, 2.147352576E9]
com.sun.jdi.InvocationException: Exception occurred in target VM
	at com.sun.tools.jdi.InvokableTypeImpl.invokeMethod(InvokableTypeImpl.java:129)
	at fr.inria.lille.repair.synthesis.collect.DynamothDataCollector$2.call(DynamothDataCollector.java:439)
	at fr.inria.lille.repair.synthesis.collect.DynamothDataCollector$2.call(DynamothDataCollector.java:1)
	at java.util.concurrent.FutureTask.run(FutureTask.java:266)
	at java.util.concurrent.ThreadPoolExecutor.runWorker(ThreadPoolExecutor.java:1142)
	at java.util.concurrent.ThreadPoolExecutor$Worker.run(ThreadPoolExecutor.java:617)
	at java.lang.Thread.run(Thread.java:745)
[1669988] INFO DynamothCodeGenesisImpl - [test] org.apache.commons.math.distribution.PoissonDistributionTest#testDegenerateInverseCumulativeProbability iteration 14
[1734672] ERROR DynamothDataCollector - Unable to invoke the method org.apache.commons.math.special.Gamma.regularizedGammaQ(double, double) [1.0E-12, 2.147418112E9]
com.sun.jdi.InvocationException: Exception occurred in target VM
	at com.sun.tools.jdi.InvokableTypeImpl.invokeMethod(InvokableTypeImpl.java:129)
	at fr.inria.lille.repair.synthesis.collect.DynamothDataCollector$2.call(DynamothDataCollector.java:439)
	at fr.inria.lille.repair.synthesis.collect.DynamothDataCollector$2.call(DynamothDataCollector.java:1)
	at java.util.concurrent.FutureTask.run(FutureTask.java:266)
	at java.util.concurrent.ThreadPoolExecutor.runWorker(ThreadPoolExecutor.java:1142)
	at java.util.concurrent.ThreadPoolExecutor$Worker.run(ThreadPoolExecutor.java:617)
	at java.lang.Thread.run(Thread.java:745)
[1734675] INFO DynamothCodeGenesisImpl - [test] org.apache.commons.math.distribution.PoissonDistributionTest#testDegenerateInverseCumulativeProbability iteration 15
[1799368] ERROR DynamothDataCollector - Unable to invoke the method org.apache.commons.math.special.Gamma.regularizedGammaQ(double, double) [1.0E-12, 2.14745088E9]
com.sun.jdi.InvocationException: Exception occurred in target VM
	at com.sun.tools.jdi.InvokableTypeImpl.invokeMethod(InvokableTypeImpl.java:129)
	at fr.inria.lille.repair.synthesis.collect.DynamothDataCollector$2.call(DynamothDataCollector.java:439)
	at fr.inria.lille.repair.synthesis.collect.DynamothDataCollector$2.call(DynamothDataCollector.java:1)
	at java.util.concurrent.FutureTask.run(FutureTask.java:266)
	at java.util.concurrent.ThreadPoolExecutor.runWorker(ThreadPoolExecutor.java:1142)
	at java.util.concurrent.ThreadPoolExecutor$Worker.run(ThreadPoolExecutor.java:617)
	at java.lang.Thread.run(Thread.java:745)
[1799371] INFO DynamothCodeGenesisImpl - [test] org.apache.commons.math.distribution.PoissonDistributionTest#testDegenerateInverseCumulativeProbability iteration 16
[1864434] ERROR DynamothDataCollector - Unable to invoke the method org.apache.commons.math.special.Gamma.regularizedGammaQ(double, double) [1.0E-12, 2.147467264E9]
com.sun.jdi.InvocationException: Exception occurred in target VM
	at com.sun.tools.jdi.InvokableTypeImpl.invokeMethod(InvokableTypeImpl.java:129)
	at fr.inria.lille.repair.synthesis.collect.DynamothDataCollector$2.call(DynamothDataCollector.java:439)
	at fr.inria.lille.repair.synthesis.collect.DynamothDataCollector$2.call(DynamothDataCollector.java:1)
	at java.util.concurrent.FutureTask.run(FutureTask.java:266)
	at java.util.concurrent.ThreadPoolExecutor.runWorker(ThreadPoolExecutor.java:1142)
	at java.util.concurrent.ThreadPoolExecutor$Worker.run(ThreadPoolExecutor.java:617)
	at java.lang.Thread.run(Thread.java:745)
[1864436] INFO DynamothCodeGenesisImpl - [test] org.apache.commons.math.distribution.PoissonDistributionTest#testDegenerateInverseCumulativeProbability iteration 17
[1929092] ERROR DynamothDataCollector - Unable to invoke the method org.apache.commons.math.special.Gamma.regularizedGammaQ(double, double) [1.0E-12, 2.147475456E9]
com.sun.jdi.InvocationException: Exception occurred in target VM
	at com.sun.tools.jdi.InvokableTypeImpl.invokeMethod(InvokableTypeImpl.java:129)
	at fr.inria.lille.repair.synthesis.collect.DynamothDataCollector$2.call(DynamothDataCollector.java:439)
	at fr.inria.lille.repair.synthesis.collect.DynamothDataCollector$2.call(DynamothDataCollector.java:1)
	at java.util.concurrent.FutureTask.run(FutureTask.java:266)
	at java.util.concurrent.ThreadPoolExecutor.runWorker(ThreadPoolExecutor.java:1142)
	at java.util.concurrent.ThreadPoolExecutor$Worker.run(ThreadPoolExecutor.java:617)
	at java.lang.Thread.run(Thread.java:745)
[1929095] INFO DynamothCodeGenesisImpl - [test] org.apache.commons.math.distribution.PoissonDistributionTest#testDegenerateInverseCumulativeProbability iteration 18
[1993943] ERROR DynamothDataCollector - Unable to invoke the method org.apache.commons.math.special.Gamma.regularizedGammaQ(double, double) [1.0E-12, 2.147479552E9]
com.sun.jdi.InvocationException: Exception occurred in target VM
	at com.sun.tools.jdi.InvokableTypeImpl.invokeMethod(InvokableTypeImpl.java:129)
	at fr.inria.lille.repair.synthesis.collect.DynamothDataCollector$2.call(DynamothDataCollector.java:439)
	at fr.inria.lille.repair.synthesis.collect.DynamothDataCollector$2.call(DynamothDataCollector.java:1)
	at java.util.concurrent.FutureTask.run(FutureTask.java:266)
	at java.util.concurrent.ThreadPoolExecutor.runWorker(ThreadPoolExecutor.java:1142)
	at java.util.concurrent.ThreadPoolExecutor$Worker.run(ThreadPoolExecutor.java:617)
	at java.lang.Thread.run(Thread.java:745)
[1993946] INFO DynamothCodeGenesisImpl - [test] org.apache.commons.math.distribution.PoissonDistributionTest#testDegenerateInverseCumulativeProbability iteration 19
[2058777] ERROR DynamothDataCollector - Unable to invoke the method org.apache.commons.math.special.Gamma.regularizedGammaQ(double, double) [1.0E-12, 2.1474816E9]
com.sun.jdi.InvocationException: Exception occurred in target VM
	at com.sun.tools.jdi.InvokableTypeImpl.invokeMethod(InvokableTypeImpl.java:129)
	at fr.inria.lille.repair.synthesis.collect.DynamothDataCollector$2.call(DynamothDataCollector.java:439)
	at fr.inria.lille.repair.synthesis.collect.DynamothDataCollector$2.call(DynamothDataCollector.java:1)
	at java.util.concurrent.FutureTask.run(FutureTask.java:266)
	at java.util.concurrent.ThreadPoolExecutor.runWorker(ThreadPoolExecutor.java:1142)
	at java.util.concurrent.ThreadPoolExecutor$Worker.run(ThreadPoolExecutor.java:617)
	at java.lang.Thread.run(Thread.java:745)
[2058780] INFO DynamothCodeGenesisImpl - [test] org.apache.commons.math.distribution.PoissonDistributionTest#testDegenerateInverseCumulativeProbability iteration 20
[2123448] ERROR DynamothDataCollector - Unable to invoke the method org.apache.commons.math.special.Gamma.regularizedGammaQ(double, double) [1.0E-12, 2.147482624E9]
com.sun.jdi.InvocationException: Exception occurred in target VM
	at com.sun.tools.jdi.InvokableTypeImpl.invokeMethod(InvokableTypeImpl.java:129)
	at fr.inria.lille.repair.synthesis.collect.DynamothDataCollector$2.call(DynamothDataCollector.java:439)
	at fr.inria.lille.repair.synthesis.collect.DynamothDataCollector$2.call(DynamothDataCollector.java:1)
	at java.util.concurrent.FutureTask.run(FutureTask.java:266)
	at java.util.concurrent.ThreadPoolExecutor.runWorker(ThreadPoolExecutor.java:1142)
	at java.util.concurrent.ThreadPoolExecutor$Worker.run(ThreadPoolExecutor.java:617)
	at java.lang.Thread.run(Thread.java:745)
[2123450] INFO DynamothCodeGenesisImpl - [test] org.apache.commons.math.distribution.PoissonDistributionTest#testDegenerateInverseCumulativeProbability iteration 21
[2188381] ERROR DynamothDataCollector - Unable to invoke the method org.apache.commons.math.special.Gamma.regularizedGammaQ(double, double) [1.0E-12, 2.147483136E9]
com.sun.jdi.InvocationException: Exception occurred in target VM
	at com.sun.tools.jdi.InvokableTypeImpl.invokeMethod(InvokableTypeImpl.java:129)
	at fr.inria.lille.repair.synthesis.collect.DynamothDataCollector$2.call(DynamothDataCollector.java:439)
	at fr.inria.lille.repair.synthesis.collect.DynamothDataCollector$2.call(DynamothDataCollector.java:1)
	at java.util.concurrent.FutureTask.run(FutureTask.java:266)
	at java.util.concurrent.ThreadPoolExecutor.runWorker(ThreadPoolExecutor.java:1142)
	at java.util.concurrent.ThreadPoolExecutor$Worker.run(ThreadPoolExecutor.java:617)
	at java.lang.Thread.run(Thread.java:745)
[2188383] INFO DynamothCodeGenesisImpl - [test] org.apache.commons.math.distribution.PoissonDistributionTest#testDegenerateInverseCumulativeProbability iteration 22
[2253164] ERROR DynamothDataCollector - Unable to invoke the method org.apache.commons.math.special.Gamma.regularizedGammaQ(double, double) [1.0E-12, 2.147483392E9]
com.sun.jdi.InvocationException: Exception occurred in target VM
	at com.sun.tools.jdi.InvokableTypeImpl.invokeMethod(InvokableTypeImpl.java:129)
	at fr.inria.lille.repair.synthesis.collect.DynamothDataCollector$2.call(DynamothDataCollector.java:439)
	at fr.inria.lille.repair.synthesis.collect.DynamothDataCollector$2.call(DynamothDataCollector.java:1)
	at java.util.concurrent.FutureTask.run(FutureTask.java:266)
	at java.util.concurrent.ThreadPoolExecutor.runWorker(ThreadPoolExecutor.java:1142)
	at java.util.concurrent.ThreadPoolExecutor$Worker.run(ThreadPoolExecutor.java:617)
	at java.lang.Thread.run(Thread.java:745)
[2253167] INFO DynamothCodeGenesisImpl - [test] org.apache.commons.math.distribution.PoissonDistributionTest#testDegenerateInverseCumulativeProbability iteration 23
[2293267] ERROR NoPol - Timeout: execution time > 30 MINUTES
java.util.concurrent.TimeoutException
	at java.util.concurrent.FutureTask.get(FutureTask.java:205)
	at fr.inria.lille.repair.nopol.NoPol.executeNopolProcessor(NoPol.java:309)
	at fr.inria.lille.repair.nopol.NoPol.runOnStatement(NoPol.java:254)
	at fr.inria.lille.repair.nopol.NoPol.solveWithMultipleBuild(NoPol.java:223)
	at fr.inria.lille.repair.nopol.NoPol.build(NoPol.java:166)
	at fr.inria.lille.repair.Main$1.call(Main.java:103)
	at java.util.concurrent.FutureTask.run(FutureTask.java:266)
	at java.util.concurrent.ThreadPoolExecutor.runWorker(ThreadPoolExecutor.java:1142)
	at java.util.concurrent.ThreadPoolExecutor$Worker.run(ThreadPoolExecutor.java:617)
	at java.lang.Thread.run(Thread.java:745)
GPR[ESUN]-1661105667911
GPR[SSUN]-1661105667911
GPR[ESUN]-1661105667911
GPR[SSUN]-1661105667911
GPR[ESUN]-1661105667911
GPR[SSUN]-1661105667911
GPR[ESUN]-1661105667911
GPR[SSUN]-1661105667911
GPR[ESUN]-1661105667911
GPR[SSUN]-1661105667911
GPR[ESUN]-1661105667911
GPR[SSUN]-1661105667911
GPR[ESUN]-1661105667911
GPR[SSUN]-1661105667911
GPR[ESUN]-1661105667911
GPR[SSUN]-1661105667911
GPR[ESUN]-1661105667911
GPR[SSUN]-1661105667911
GPR[ESUN]-1661105667911
GPR[SSUN]-1661105667911
GPR[ESUN]-1661105667911
GPR[SSUN]-1661105667911
GPR[ESUN]-1661105667911
GPR[SSUN]-1661105667911
GPR[ESUN]-1661105667911
GPR[SSUN]-1661105667911
GPR[ESUN]-1661105667911
GPR[SSUN]-1661105667911
GPR[ESUN]-1661105667911
GPR[SSUN]-1661105667911
GPR[ESUN]-1661105667911
GPR[SSUN]-1661105667911
GPR[ESUN]-1661105667911
GPR[SSUN]-1661105667911
754024968
GPR[ESUN]-1661105668061
GPR[SSUN]-1661105668061
754024968
GPR[ESUN]-1661105668156
GPR[SSUN]-1661105668156
754024968
GPR[ESUN]-1661105668251
GPR[SSUN]-1661105668251
68567944
GPR[SPVATF]-1661105668343
GPR[EPVATF]-1661105668359
GPR[SPS]-1661105668359
GPR[EPS]-1661105668469
GPR[ESUN]-1661105668469
GPR[SSUN]-1661105668469
68567944
GPR[ESUN]-1661105668560
GPR[SSUN]-1661105668560
68567944
GPR[SPVATF]-1661105668650
GPR[EPVATF]-1661105668665
GPR[SPS]-1661105668665
GPR[EPS]-1661105668781
GPR[ESUN]-1661105668781
GPR[SSUN]-1661105668781
68567944
GPR[SPVATF]-1661105668883
GPR[EPVATF]-1661105668897
GPR[SPS]-1661105668898
GPR[EPS]-1661105669012
GPR[ESUN]-1661105669013
GPR[SSUN]-1661105669013
68567944
GPR[SPVATF]-1661105669106
GPR[EPVATF]-1661105669120
GPR[SPS]-1661105669120
GPR[EPS]-1661105669237
GPR[ESUN]-1661105669237
GPR[SSUN]-1661105669237
68567944
GPR[ESUN]-1661105669331
GPR[SSUN]-1661105669331
68567944
GPR[ESUN]-1661105669426
GPR[SSUN]-1661105669426
68567944
GPR[ESUN]-1661105669519
GPR[SSUN]-1661105669519
68567944
GPR[SPVATF]-1661105669610
GPR[EPVATF]-1661105669624
GPR[SPS]-1661105669624
GPR[EPS]-1661105669730
GPR[SPVATF]-1661105669730
GPR[EPVATF]-1661105669744
GPR[SPS]-1661105669744
java -cp script/workingdir/dynamoth/Math_85/target/classes:script/workingdir/dynamoth/Math_85/target/test-classes:script/workingdir/dynamoth/Math_85/target/classes:script/workingdir/dynamoth/Math_85/target/test-classes:/experiment_home/defects4j/framework/projects/lib/junit-4.11.jar:script/../tools/nopol.jar:/experiment_home/jdk1.8.0_45/bin/../lib/tools.jar: fr.inria.lille.repair.MethodTestRunner org.apache.commons.math.stat.inference.TestUtilsTest#testChiSquare org.apache.commons.math.distribution.GammaDistributionTest#testValues org.apache.commons.math.stat.inference.TTestFactoryTest#testSmallSamples org.apache.commons.math.distribution.NormalDistributionTest#testSetStandardDeviation org.apache.commons.math.stat.inference.ChiSquareFactoryTest#testChiSquareZeroCount org.apache.commons.math.stat.inference.TestUtilsTest#testTwoSampleTHomoscedastic org.apache.commons.math.special.ErfTest#testErf3291 org.apache.commons.math.distribution.GammaDistributionTest#testDensity org.apache.commons.math.special.ErfTest#testErf2807 org.apache.commons.math.stat.regression.SimpleRegressionTest#testRemoveMultiple org.apache.commons.math.stat.inference.TestUtilsTest#testChiSquareZeroCount org.apache.commons.math.distribution.FDistributionTest#testCumulativeProbabilities org.apache.commons.math.distribution.BetaDistributionTest#testCumulative org.apache.commons.math.distribution.ChiSquareDistributionTest#testInverseCumulativeProbabilities org.apache.commons.math.stat.inference.TTestFactoryTest#testPaired org.apache.commons.math.distribution.BinomialDistributionTest#testInverseCumulativeProbabilities org.apache.commons.math.stat.inference.TTestFactoryTest#testOneSampleTTest org.apache.commons.math.distribution.NormalDistributionTest#testInverseCumulativeProbabilities org.apache.commons.math.distribution.TDistributionTest#testConsistency org.apache.commons.math.stat.inference.TTestTest#testTwoSampleTHeterscedastic org.apache.commons.math.stat.inference.TTestTest#testOneSampleT org.apache.commons.math.distribution.BinomialDistributionTest#testDegenerate1 org.apache.commons.math.distribution.BinomialDistributionTest#testDegenerate0 org.apache.commons.math.stat.regression.SimpleRegressionTest#testPerfectNegative org.apache.commons.math.distribution.TDistributionTest#testCumulativeProbabilities org.apache.commons.math.distribution.PascalDistributionTest#testDegenerate1 org.apache.commons.math.distribution.PascalDistributionTest#testDegenerate0 org.apache.commons.math.special.ErfTest#testErf1960 org.apache.commons.math.special.GammaTest#testRegularizedGammaPositivePositive org.apache.commons.math.stat.inference.ChiSquareFactoryTest#testChiSquareDataSetsComparisonEqualCounts org.apache.commons.math.distribution.PascalDistributionTest#testInverseCumulativeProbabilities org.apache.commons.math.distribution.NormalDistributionTest#testQuantiles org.apache.commons.math.stat.inference.TTestTest#testSmallSamples org.apache.commons.math.distribution.PoissonDistributionTest#testDegenerateInverseCumulativeProbability org.apache.commons.math.stat.inference.TestUtilsTest#testChiSquareIndependence org.apache.commons.math.distribution.FDistributionTest#testConsistency org.apache.commons.math.distribution.ChiSquareDistributionTest#testDensity org.apache.commons.math.distribution.GammaDistributionTest#testCumulativeProbabilities org.apache.commons.math.stat.inference.TTestFactoryTest#testTwoSampleTHomoscedastic org.apache.commons.math.distribution.NormalDistributionTest#testCumulativeProbabilities org.apache.commons.math.distribution.ChiSquareDistributionTest#testCumulativeProbabilities org.apache.commons.math.stat.regression.SimpleRegressionTest#testRandom org.apache.commons.math.stat.inference.ChiSquareFactoryTest#testChiSquare org.apache.commons.math.special.GammaTest#testLogGammaZero org.apache.commons.math.stat.inference.TTestTest#testTwoSampleTHomoscedastic org.apache.commons.math.stat.inference.ChiSquareTestTest#testChiSquareLargeTestStatistic org.apache.commons.math.distribution.PoissonDistributionTest#testInverseCumulativeProbabilities org.apache.commons.math.distribution.TDistributionTest#testInverseCumulativeProbabilities org.apache.commons.math.stat.inference.ChiSquareTestTest#testChiSquareZeroCount org.apache.commons.math.distribution.FDistributionTest#testInverseCumulativeProbabilities org.apache.commons.math.distribution.BetaDistributionTest#testDensity org.apache.commons.math.distribution.PoissonDistributionTest#testCumulativeProbabilities org.apache.commons.math.special.BetaTest#testRegularizedBetaPositivePositivePositive org.apache.commons.math.stat.inference.ChiSquareFactoryTest#testChiSquareLargeTestStatistic org.apache.commons.math.stat.inference.TestUtilsTest#testOneSampleTTest org.apache.commons.math.stat.inference.ChiSquareTestTest#testChiSquareDataSetsComparisonEqualCounts org.apache.commons.math.distribution.NormalDistributionTest#testConsistency org.apache.commons.math.stat.regression.SimpleRegressionTest#testInference org.apache.commons.math.distribution.FDistributionTest#testLargeDegreesOfFreedom org.apache.commons.math.distribution.GammaDistributionTest#testProbabilities org.apache.commons.math.stat.inference.TestUtilsTest#testPaired org.apache.commons.math.distribution.PoissonDistributionTest#testNormalApproximateProbability org.apache.commons.math.stat.inference.ChiSquareTestTest#testChiSquare org.apache.commons.math.stat.inference.TTestFactoryTest#testOneSampleT org.apache.commons.math.special.BetaTest#testRegularizedBetaZeroPositivePositive org.apache.commons.math.distribution.TDistributionTest#testSmallDf org.apache.commons.math.distribution.GammaDistributionTest#testInverseCumulativeProbabilities org.apache.commons.math.distribution.NormalDistributionTest#testExtremeValues org.apache.commons.math.stat.regression.SimpleRegressionTest#testRemoveSingle org.apache.commons.math.distribution.FDistributionTest#testSmallDegreesOfFreedom org.apache.commons.math.stat.inference.TTestTest#testPaired org.apache.commons.math.distribution.GammaDistributionTest#testConsistency org.apache.commons.math.distribution.BinomialDistributionTest#testFloatingPointArguments org.apache.commons.math.stat.inference.TTestTest#testOneSampleTTest org.apache.commons.math.stat.inference.TestUtilsTest#testOneSampleT org.apache.commons.math.special.ErfTest#testErf2576 org.apache.commons.math.distribution.PascalDistributionTest#testFloatingPointArguments org.apache.commons.math.special.BetaTest#testLogBetaPositivePositive org.apache.commons.math.stat.inference.ChiSquareTestTest#testChiSquareIndependence org.apache.commons.math.stat.inference.OneWayAnovaTest#testAnovaPValue org.apache.commons.math.distribution.BinomialDistributionTest#testCumulativeProbabilities org.apache.commons.math.stat.inference.TestUtilsTest#testSmallSamples org.apache.commons.math.special.GammaTest#testLogGammaPositive org.apache.commons.math.distribution.ChiSquareDistributionTest#testSmallDf org.apache.commons.math.distribution.NormalDistributionTest#testMath280 org.apache.commons.math.stat.inference.TestUtilsTest#testChiSquareLargeTestStatistic org.apache.commons.math.stat.regression.SimpleRegressionTest#testRemoveXY org.apache.commons.math.stat.inference.TTestFactoryTest#testTwoSampleTHeterscedastic org.apache.commons.math.stat.inference.ChiSquareTestTest#testChiSquareDataSetsComparisonUnEqualCounts org.apache.commons.math.stat.inference.OneWayAnovaTest#testAnovaTest org.apache.commons.math.distribution.PoissonDistributionTest#testFloatingPointArguments org.apache.commons.math.stat.regression.SimpleRegressionTest#testPerfect org.apache.commons.math.distribution.NormalDistributionTest#testSetMean org.apache.commons.math.stat.inference.TestUtilsTest#testTwoSampleTHeterscedastic org.apache.commons.math.distribution.PascalDistributionTest#testCumulativeProbabilities org.apache.commons.math.stat.inference.ChiSquareFactoryTest#testChiSquareDataSetsComparisonUnEqualCounts org.apache.commons.math.stat.inference.ChiSquareFactoryTest#testChiSquareIndependence org.apache.commons.math.distribution.ChiSquareDistributionTest#testConsistency 
[2296385] INFO DynamothCodeGenesisImpl - [test] org.apache.commons.math.stat.inference.TestUtilsTest#testChiSquare iteration 0
[2296389] INFO DynamothCodeGenesisImpl - [test] org.apache.commons.math.stat.inference.TestUtilsTest#testChiSquare iteration 1
[2296390] INFO DynamothCodeGenesisImpl - [test] org.apache.commons.math.stat.inference.TestUtilsTest#testChiSquare iteration 2
[2296392] INFO DynamothCodeGenesisImpl - [test] org.apache.commons.math.stat.inference.TestUtilsTest#testChiSquare iteration 3
[2297165] INFO DynamothCodeGenesisImpl - [test] org.apache.commons.math.distribution.GammaDistributionTest#testValues iteration 0
[2297167] INFO DynamothCodeGenesisImpl - [test] org.apache.commons.math.distribution.GammaDistributionTest#testValues iteration 1
[2297169] INFO DynamothCodeGenesisImpl - [test] org.apache.commons.math.distribution.GammaDistributionTest#testValues iteration 2
[2297171] INFO DynamothCodeGenesisImpl - [test] org.apache.commons.math.distribution.GammaDistributionTest#testValues iteration 3
[2297173] INFO DynamothCodeGenesisImpl - [test] org.apache.commons.math.distribution.GammaDistributionTest#testValues iteration 4
[2297175] INFO DynamothCodeGenesisImpl - [test] org.apache.commons.math.distribution.GammaDistributionTest#testValues iteration 5
[2297176] INFO DynamothCodeGenesisImpl - [test] org.apache.commons.math.distribution.GammaDistributionTest#testValues iteration 6
[2297178] INFO DynamothCodeGenesisImpl - [test] org.apache.commons.math.distribution.GammaDistributionTest#testValues iteration 7
[2297180] INFO DynamothCodeGenesisImpl - [test] org.apache.commons.math.distribution.GammaDistributionTest#testValues iteration 8
[2297181] INFO DynamothCodeGenesisImpl - [test] org.apache.commons.math.distribution.GammaDistributionTest#testValues iteration 9
[2297183] INFO DynamothCodeGenesisImpl - [test] org.apache.commons.math.distribution.GammaDistributionTest#testValues iteration 10
[2297185] INFO DynamothCodeGenesisImpl - [test] org.apache.commons.math.distribution.GammaDistributionTest#testValues iteration 11
[2297186] INFO DynamothCodeGenesisImpl - [test] org.apache.commons.math.distribution.GammaDistributionTest#testValues iteration 12
[2297188] INFO DynamothCodeGenesisImpl - [test] org.apache.commons.math.distribution.GammaDistributionTest#testValues iteration 13
[2297190] INFO DynamothCodeGenesisImpl - [test] org.apache.commons.math.distribution.GammaDistributionTest#testValues iteration 14
[2297195] INFO DynamothCodeGenesisImpl - [test] org.apache.commons.math.distribution.GammaDistributionTest#testValues iteration 15
[2297197] INFO DynamothCodeGenesisImpl - [test] org.apache.commons.math.distribution.GammaDistributionTest#testValues iteration 16
[2297199] INFO DynamothCodeGenesisImpl - [test] org.apache.commons.math.distribution.GammaDistributionTest#testValues iteration 17
[2297201] INFO DynamothCodeGenesisImpl - [test] org.apache.commons.math.distribution.GammaDistributionTest#testValues iteration 18
[2297203] INFO DynamothCodeGenesisImpl - [test] org.apache.commons.math.distribution.GammaDistributionTest#testValues iteration 19
[2297205] INFO DynamothCodeGenesisImpl - [test] org.apache.commons.math.distribution.GammaDistributionTest#testValues iteration 20
[2297206] INFO DynamothCodeGenesisImpl - [test] org.apache.commons.math.distribution.GammaDistributionTest#testValues iteration 21
[2297208] INFO DynamothCodeGenesisImpl - [test] org.apache.commons.math.distribution.GammaDistributionTest#testValues iteration 22
[2297210] INFO DynamothCodeGenesisImpl - [test] org.apache.commons.math.distribution.GammaDistributionTest#testValues iteration 23
[2297212] INFO DynamothCodeGenesisImpl - [test] org.apache.commons.math.distribution.GammaDistributionTest#testValues iteration 24
[2297213] INFO DynamothCodeGenesisImpl - [test] org.apache.commons.math.distribution.GammaDistributionTest#testValues iteration 25
[2297215] INFO DynamothCodeGenesisImpl - [test] org.apache.commons.math.distribution.GammaDistributionTest#testValues iteration 26
[2297217] INFO DynamothCodeGenesisImpl - [test] org.apache.commons.math.distribution.GammaDistributionTest#testValues iteration 27
[2297219] INFO DynamothCodeGenesisImpl - [test] org.apache.commons.math.distribution.GammaDistributionTest#testValues iteration 28
[2297221] INFO DynamothCodeGenesisImpl - [test] org.apache.commons.math.distribution.GammaDistributionTest#testValues iteration 29
[2297222] INFO DynamothCodeGenesisImpl - [test] org.apache.commons.math.distribution.GammaDistributionTest#testValues iteration 30
[2297224] INFO DynamothCodeGenesisImpl - [test] org.apache.commons.math.distribution.GammaDistributionTest#testValues iteration 31
[2297226] INFO DynamothCodeGenesisImpl - [test] org.apache.commons.math.distribution.GammaDistributionTest#testValues iteration 32
[2297228] INFO DynamothCodeGenesisImpl - [test] org.apache.commons.math.distribution.GammaDistributionTest#testValues iteration 33
[2297230] INFO DynamothCodeGenesisImpl - [test] org.apache.commons.math.distribution.GammaDistributionTest#testValues iteration 34
[2297231] INFO DynamothCodeGenesisImpl - [test] org.apache.commons.math.distribution.GammaDistributionTest#testValues iteration 35
[2297233] INFO DynamothCodeGenesisImpl - [test] org.apache.commons.math.distribution.GammaDistributionTest#testValues iteration 36
[2297235] INFO DynamothCodeGenesisImpl - [test] org.apache.commons.math.distribution.GammaDistributionTest#testValues iteration 37
[2297237] INFO DynamothCodeGenesisImpl - [test] org.apache.commons.math.distribution.GammaDistributionTest#testValues iteration 38
[2297239] INFO DynamothCodeGenesisImpl - [test] org.apache.commons.math.distribution.GammaDistributionTest#testValues iteration 39
[2297241] INFO DynamothCodeGenesisImpl - [test] org.apache.commons.math.distribution.GammaDistributionTest#testValues iteration 40
[2297243] INFO DynamothCodeGenesisImpl - [test] org.apache.commons.math.distribution.GammaDistributionTest#testValues iteration 41
[2297245] INFO DynamothCodeGenesisImpl - [test] org.apache.commons.math.distribution.GammaDistributionTest#testValues iteration 42
[2297247] INFO DynamothCodeGenesisImpl - [test] org.apache.commons.math.distribution.GammaDistributionTest#testValues iteration 43
[2297249] INFO DynamothCodeGenesisImpl - [test] org.apache.commons.math.distribution.GammaDistributionTest#testValues iteration 44
[2297251] INFO DynamothCodeGenesisImpl - [test] org.apache.commons.math.distribution.GammaDistributionTest#testValues iteration 45
[2297253] INFO DynamothCodeGenesisImpl - [test] org.apache.commons.math.distribution.GammaDistributionTest#testValues iteration 46
[2297255] INFO DynamothCodeGenesisImpl - [test] org.apache.commons.math.distribution.GammaDistributionTest#testValues iteration 47
[2297257] INFO DynamothCodeGenesisImpl - [test] org.apache.commons.math.distribution.GammaDistributionTest#testValues iteration 48
[2297260] INFO DynamothCodeGenesisImpl - [test] org.apache.commons.math.distribution.GammaDistributionTest#testValues iteration 49
[2297262] INFO DynamothCodeGenesisImpl - [test] org.apache.commons.math.distribution.GammaDistributionTest#testValues iteration 50
[2297264] INFO DynamothCodeGenesisImpl - [test] org.apache.commons.math.distribution.GammaDistributionTest#testValues iteration 51
[2297265] INFO DynamothCodeGenesisImpl - [test] org.apache.commons.math.distribution.GammaDistributionTest#testValues iteration 52
[2297267] INFO DynamothCodeGenesisImpl - [test] org.apache.commons.math.distribution.GammaDistributionTest#testValues iteration 53
[2297269] INFO DynamothCodeGenesisImpl - [test] org.apache.commons.math.distribution.GammaDistributionTest#testValues iteration 54
[2297271] INFO DynamothCodeGenesisImpl - [test] org.apache.commons.math.distribution.GammaDistributionTest#testValues iteration 55
[2297273] INFO DynamothCodeGenesisImpl - [test] org.apache.commons.math.distribution.GammaDistributionTest#testValues iteration 56
[2297275] INFO DynamothCodeGenesisImpl - [test] org.apache.commons.math.distribution.GammaDistributionTest#testValues iteration 57
[2297277] INFO DynamothCodeGenesisImpl - [test] org.apache.commons.math.distribution.GammaDistributionTest#testValues iteration 58
[2297278] INFO DynamothCodeGenesisImpl - [test] org.apache.commons.math.distribution.GammaDistributionTest#testValues iteration 59
[2297280] INFO DynamothCodeGenesisImpl - [test] org.apache.commons.math.distribution.GammaDistributionTest#testValues iteration 60
[2297282] INFO DynamothCodeGenesisImpl - [test] org.apache.commons.math.distribution.GammaDistributionTest#testValues iteration 61
[2297284] INFO DynamothCodeGenesisImpl - [test] org.apache.commons.math.distribution.GammaDistributionTest#testValues iteration 62
[2297286] INFO DynamothCodeGenesisImpl - [test] org.apache.commons.math.distribution.GammaDistributionTest#testValues iteration 63
[2297288] INFO DynamothCodeGenesisImpl - [test] org.apache.commons.math.distribution.GammaDistributionTest#testValues iteration 64
[2297296] INFO DynamothCodeGenesisImpl - [test] org.apache.commons.math.stat.inference.TTestFactoryTest#testSmallSamples iteration 0
[2297297] INFO DynamothCodeGenesisImpl - [test] org.apache.commons.math.stat.inference.TTestFactoryTest#testSmallSamples iteration 1
[2297299] INFO DynamothCodeGenesisImpl - [test] org.apache.commons.math.stat.inference.TTestFactoryTest#testSmallSamples iteration 2
[2297306] INFO DynamothCodeGenesisImpl - [test] org.apache.commons.math.distribution.NormalDistributionTest#testSetStandardDeviation iteration 0
[2297308] INFO DynamothCodeGenesisImpl - [test] org.apache.commons.math.distribution.NormalDistributionTest#testSetStandardDeviation iteration 1
[2297310] INFO DynamothCodeGenesisImpl - [test] org.apache.commons.math.distribution.NormalDistributionTest#testSetStandardDeviation iteration 2
[2297311] INFO DynamothCodeGenesisImpl - [test] org.apache.commons.math.distribution.NormalDistributionTest#testSetStandardDeviation iteration 3
[2297313] INFO DynamothCodeGenesisImpl - [test] org.apache.commons.math.distribution.NormalDistributionTest#testSetStandardDeviation iteration 4
[2297314] INFO DynamothCodeGenesisImpl - [test] org.apache.commons.math.distribution.NormalDistributionTest#testSetStandardDeviation iteration 5
[2297316] INFO DynamothCodeGenesisImpl - [test] org.apache.commons.math.distribution.NormalDistributionTest#testSetStandardDeviation iteration 6
[2297321] INFO DynamothCodeGenesisImpl - [test] org.apache.commons.math.stat.inference.ChiSquareFactoryTest#testChiSquareZeroCount iteration 0
[2297327] INFO DynamothCodeGenesisImpl - [test] org.apache.commons.math.stat.inference.TestUtilsTest#testTwoSampleTHomoscedastic iteration 0
[2297328] INFO DynamothCodeGenesisImpl - [test] org.apache.commons.math.stat.inference.TestUtilsTest#testTwoSampleTHomoscedastic iteration 1
[2297330] INFO DynamothCodeGenesisImpl - [test] org.apache.commons.math.stat.inference.TestUtilsTest#testTwoSampleTHomoscedastic iteration 2
[2297332] INFO DynamothCodeGenesisImpl - [test] org.apache.commons.math.stat.inference.TestUtilsTest#testTwoSampleTHomoscedastic iteration 3
[2297333] INFO DynamothCodeGenesisImpl - [test] org.apache.commons.math.stat.inference.TestUtilsTest#testTwoSampleTHomoscedastic iteration 4
[2297335] INFO DynamothCodeGenesisImpl - [test] org.apache.commons.math.stat.inference.TestUtilsTest#testTwoSampleTHomoscedastic iteration 5
[2297337] INFO DynamothCodeGenesisImpl - [test] org.apache.commons.math.stat.inference.TestUtilsTest#testTwoSampleTHomoscedastic iteration 6
[2297338] INFO DynamothCodeGenesisImpl - [test] org.apache.commons.math.stat.inference.TestUtilsTest#testTwoSampleTHomoscedastic iteration 7
[2297340] INFO DynamothCodeGenesisImpl - [test] org.apache.commons.math.stat.inference.TestUtilsTest#testTwoSampleTHomoscedastic iteration 8
[2297344] INFO DynamothCodeGenesisImpl - [test] org.apache.commons.math.special.ErfTest#testErf3291 iteration 0
[2297345] INFO DynamothCodeGenesisImpl - [test] org.apache.commons.math.special.ErfTest#testErf3291 iteration 1
[2297349] INFO DynamothCodeGenesisImpl - [test] org.apache.commons.math.distribution.GammaDistributionTest#testDensity iteration 0
[2297350] INFO DynamothCodeGenesisImpl - [test] org.apache.commons.math.distribution.GammaDistributionTest#testDensity iteration 1
[2297351] INFO DynamothCodeGenesisImpl - [test] org.apache.commons.math.distribution.GammaDistributionTest#testDensity iteration 2
[2297353] INFO DynamothCodeGenesisImpl - [test] org.apache.commons.math.distribution.GammaDistributionTest#testDensity iteration 3
[2297354] INFO DynamothCodeGenesisImpl - [test] org.apache.commons.math.distribution.GammaDistributionTest#testDensity iteration 4
[2297355] INFO DynamothCodeGenesisImpl - [test] org.apache.commons.math.distribution.GammaDistributionTest#testDensity iteration 5
[2297357] INFO DynamothCodeGenesisImpl - [test] org.apache.commons.math.distribution.GammaDistributionTest#testDensity iteration 6
[2297358] INFO DynamothCodeGenesisImpl - [test] org.apache.commons.math.distribution.GammaDistributionTest#testDensity iteration 7
[2297360] INFO DynamothCodeGenesisImpl - [test] org.apache.commons.math.distribution.GammaDistributionTest#testDensity iteration 8
[2297361] INFO DynamothCodeGenesisImpl - [test] org.apache.commons.math.distribution.GammaDistributionTest#testDensity iteration 9
[2297362] INFO DynamothCodeGenesisImpl - [test] org.apache.commons.math.distribution.GammaDistributionTest#testDensity iteration 10
[2297364] INFO DynamothCodeGenesisImpl - [test] org.apache.commons.math.distribution.GammaDistributionTest#testDensity iteration 11
[2297365] INFO DynamothCodeGenesisImpl - [test] org.apache.commons.math.distribution.GammaDistributionTest#testDensity iteration 12
[2297367] INFO DynamothCodeGenesisImpl - [test] org.apache.commons.math.distribution.GammaDistributionTest#testDensity iteration 13
[2297368] INFO DynamothCodeGenesisImpl - [test] org.apache.commons.math.distribution.GammaDistributionTest#testDensity iteration 14
[2297369] INFO DynamothCodeGenesisImpl - [test] org.apache.commons.math.distribution.GammaDistributionTest#testDensity iteration 15
[2297371] INFO DynamothCodeGenesisImpl - [test] org.apache.commons.math.distribution.GammaDistributionTest#testDensity iteration 16
[2297373] INFO DynamothCodeGenesisImpl - [test] org.apache.commons.math.distribution.GammaDistributionTest#testDensity iteration 17
[2297374] INFO DynamothCodeGenesisImpl - [test] org.apache.commons.math.distribution.GammaDistributionTest#testDensity iteration 18
[2297376] INFO DynamothCodeGenesisImpl - [test] org.apache.commons.math.distribution.GammaDistributionTest#testDensity iteration 19
[2297377] INFO DynamothCodeGenesisImpl - [test] org.apache.commons.math.distribution.GammaDistributionTest#testDensity iteration 20
[2297379] INFO DynamothCodeGenesisImpl - [test] org.apache.commons.math.distribution.GammaDistributionTest#testDensity iteration 21
[2297381] INFO DynamothCodeGenesisImpl - [test] org.apache.commons.math.distribution.GammaDistributionTest#testDensity iteration 22
[2297382] INFO DynamothCodeGenesisImpl - [test] org.apache.commons.math.distribution.GammaDistributionTest#testDensity iteration 23
[2297384] INFO DynamothCodeGenesisImpl - [test] org.apache.commons.math.distribution.GammaDistributionTest#testDensity iteration 24
[2297385] INFO DynamothCodeGenesisImpl - [test] org.apache.commons.math.distribution.GammaDistributionTest#testDensity iteration 25
[2297386] INFO DynamothCodeGenesisImpl - [test] org.apache.commons.math.distribution.GammaDistributionTest#testDensity iteration 26
[2297388] INFO DynamothCodeGenesisImpl - [test] org.apache.commons.math.distribution.GammaDistributionTest#testDensity iteration 27
[2297389] INFO DynamothCodeGenesisImpl - [test] org.apache.commons.math.distribution.GammaDistributionTest#testDensity iteration 28
[2297390] INFO DynamothCodeGenesisImpl - [test] org.apache.commons.math.distribution.GammaDistributionTest#testDensity iteration 29
[2297392] INFO DynamothCodeGenesisImpl - [test] org.apache.commons.math.distribution.GammaDistributionTest#testDensity iteration 30
[2297393] INFO DynamothCodeGenesisImpl - [test] org.apache.commons.math.distribution.GammaDistributionTest#testDensity iteration 31
[2297395] INFO DynamothCodeGenesisImpl - [test] org.apache.commons.math.distribution.GammaDistributionTest#testDensity iteration 32
[2297396] INFO DynamothCodeGenesisImpl - [test] org.apache.commons.math.distribution.GammaDistributionTest#testDensity iteration 33
[2297397] INFO DynamothCodeGenesisImpl - [test] org.apache.commons.math.distribution.GammaDistributionTest#testDensity iteration 34
[2297399] INFO DynamothCodeGenesisImpl - [test] org.apache.commons.math.distribution.GammaDistributionTest#testDensity iteration 35
[2297400] INFO DynamothCodeGenesisImpl - [test] org.apache.commons.math.distribution.GammaDistributionTest#testDensity iteration 36
[2297401] INFO DynamothCodeGenesisImpl - [test] org.apache.commons.math.distribution.GammaDistributionTest#testDensity iteration 37
[2297403] INFO DynamothCodeGenesisImpl - [test] org.apache.commons.math.distribution.GammaDistributionTest#testDensity iteration 38
[2297404] INFO DynamothCodeGenesisImpl - [test] org.apache.commons.math.distribution.GammaDistributionTest#testDensity iteration 39
[2297407] INFO DynamothCodeGenesisImpl - [test] org.apache.commons.math.special.ErfTest#testErf2807 iteration 0
[2297408] INFO DynamothCodeGenesisImpl - [test] org.apache.commons.math.special.ErfTest#testErf2807 iteration 1
[2297414] INFO DynamothCodeGenesisImpl - [test] org.apache.commons.math.stat.regression.SimpleRegressionTest#testRemoveMultiple iteration 0
[2297415] INFO DynamothCodeGenesisImpl - [test] org.apache.commons.math.stat.regression.SimpleRegressionTest#testRemoveMultiple iteration 1
[2297417] INFO DynamothCodeGenesisImpl - [test] org.apache.commons.math.stat.regression.SimpleRegressionTest#testRemoveMultiple iteration 2
[2297419] INFO DynamothCodeGenesisImpl - [test] org.apache.commons.math.stat.regression.SimpleRegressionTest#testRemoveMultiple iteration 3
[2297421] INFO DynamothCodeGenesisImpl - [test] org.apache.commons.math.stat.regression.SimpleRegressionTest#testRemoveMultiple iteration 4
[2297422] INFO DynamothCodeGenesisImpl - [test] org.apache.commons.math.stat.regression.SimpleRegressionTest#testRemoveMultiple iteration 5
[2297424] INFO DynamothCodeGenesisImpl - [test] org.apache.commons.math.stat.regression.SimpleRegressionTest#testRemoveMultiple iteration 6
[2297426] INFO DynamothCodeGenesisImpl - [test] org.apache.commons.math.stat.regression.SimpleRegressionTest#testRemoveMultiple iteration 7
[2297428] INFO DynamothCodeGenesisImpl - [test] org.apache.commons.math.stat.regression.SimpleRegressionTest#testRemoveMultiple iteration 8
[2297430] INFO DynamothCodeGenesisImpl - [test] org.apache.commons.math.stat.regression.SimpleRegressionTest#testRemoveMultiple iteration 9
[2297431] INFO DynamothCodeGenesisImpl - [test] org.apache.commons.math.stat.regression.SimpleRegressionTest#testRemoveMultiple iteration 10
[2297433] INFO DynamothCodeGenesisImpl - [test] org.apache.commons.math.stat.regression.SimpleRegressionTest#testRemoveMultiple iteration 11
[2297435] INFO DynamothCodeGenesisImpl - [test] org.apache.commons.math.stat.regression.SimpleRegressionTest#testRemoveMultiple iteration 12
[2297437] INFO DynamothCodeGenesisImpl - [test] org.apache.commons.math.stat.regression.SimpleRegressionTest#testRemoveMultiple iteration 13
[2297438] INFO DynamothCodeGenesisImpl - [test] org.apache.commons.math.stat.regression.SimpleRegressionTest#testRemoveMultiple iteration 14
[2297440] INFO DynamothCodeGenesisImpl - [test] org.apache.commons.math.stat.regression.SimpleRegressionTest#testRemoveMultiple iteration 15
[2297442] INFO DynamothCodeGenesisImpl - [test] org.apache.commons.math.stat.regression.SimpleRegressionTest#testRemoveMultiple iteration 16
[2297444] INFO DynamothCodeGenesisImpl - [test] org.apache.commons.math.stat.regression.SimpleRegressionTest#testRemoveMultiple iteration 17
[2297446] INFO DynamothCodeGenesisImpl - [test] org.apache.commons.math.stat.regression.SimpleRegressionTest#testRemoveMultiple iteration 18
[2297447] INFO DynamothCodeGenesisImpl - [test] org.apache.commons.math.stat.regression.SimpleRegressionTest#testRemoveMultiple iteration 19
[2297449] INFO DynamothCodeGenesisImpl - [test] org.apache.commons.math.stat.regression.SimpleRegressionTest#testRemoveMultiple iteration 20
[2297451] INFO DynamothCodeGenesisImpl - [test] org.apache.commons.math.stat.regression.SimpleRegressionTest#testRemoveMultiple iteration 21
[2297453] INFO DynamothCodeGenesisImpl - [test] org.apache.commons.math.stat.regression.SimpleRegressionTest#testRemoveMultiple iteration 22
[2297454] INFO DynamothCodeGenesisImpl - [test] org.apache.commons.math.stat.regression.SimpleRegressionTest#testRemoveMultiple iteration 23
[2297456] INFO DynamothCodeGenesisImpl - [test] org.apache.commons.math.stat.regression.SimpleRegressionTest#testRemoveMultiple iteration 24
[2297458] INFO DynamothCodeGenesisImpl - [test] org.apache.commons.math.stat.regression.SimpleRegressionTest#testRemoveMultiple iteration 25
[2297460] INFO DynamothCodeGenesisImpl - [test] org.apache.commons.math.stat.regression.SimpleRegressionTest#testRemoveMultiple iteration 26
[2297462] INFO DynamothCodeGenesisImpl - [test] org.apache.commons.math.stat.regression.SimpleRegressionTest#testRemoveMultiple iteration 27
[2297463] INFO DynamothCodeGenesisImpl - [test] org.apache.commons.math.stat.regression.SimpleRegressionTest#testRemoveMultiple iteration 28
[2297465] INFO DynamothCodeGenesisImpl - [test] org.apache.commons.math.stat.regression.SimpleRegressionTest#testRemoveMultiple iteration 29
[2297467] INFO DynamothCodeGenesisImpl - [test] org.apache.commons.math.stat.regression.SimpleRegressionTest#testRemoveMultiple iteration 30
[2297469] INFO DynamothCodeGenesisImpl - [test] org.apache.commons.math.stat.regression.SimpleRegressionTest#testRemoveMultiple iteration 31
[2297471] INFO DynamothCodeGenesisImpl - [test] org.apache.commons.math.stat.regression.SimpleRegressionTest#testRemoveMultiple iteration 32
[2297473] INFO DynamothCodeGenesisImpl - [test] org.apache.commons.math.stat.regression.SimpleRegressionTest#testRemoveMultiple iteration 33
[2297475] INFO DynamothCodeGenesisImpl - [test] org.apache.commons.math.stat.regression.SimpleRegressionTest#testRemoveMultiple iteration 34
[2297476] INFO DynamothCodeGenesisImpl - [test] org.apache.commons.math.stat.regression.SimpleRegressionTest#testRemoveMultiple iteration 35
[2297478] INFO DynamothCodeGenesisImpl - [test] org.apache.commons.math.stat.regression.SimpleRegressionTest#testRemoveMultiple iteration 36
[2297480] INFO DynamothCodeGenesisImpl - [test] org.apache.commons.math.stat.regression.SimpleRegressionTest#testRemoveMultiple iteration 37
[2297482] INFO DynamothCodeGenesisImpl - [test] org.apache.commons.math.stat.regression.SimpleRegressionTest#testRemoveMultiple iteration 38
[2297484] INFO DynamothCodeGenesisImpl - [test] org.apache.commons.math.stat.regression.SimpleRegressionTest#testRemoveMultiple iteration 39
[2297486] INFO DynamothCodeGenesisImpl - [test] org.apache.commons.math.stat.regression.SimpleRegressionTest#testRemoveMultiple iteration 40
[2297488] INFO DynamothCodeGenesisImpl - [test] org.apache.commons.math.stat.regression.SimpleRegressionTest#testRemoveMultiple iteration 41
[2297490] INFO DynamothCodeGenesisImpl - [test] org.apache.commons.math.stat.regression.SimpleRegressionTest#testRemoveMultiple iteration 42
[2297492] INFO DynamothCodeGenesisImpl - [test] org.apache.commons.math.stat.regression.SimpleRegressionTest#testRemoveMultiple iteration 43
[2297494] INFO DynamothCodeGenesisImpl - [test] org.apache.commons.math.stat.regression.SimpleRegressionTest#testRemoveMultiple iteration 44
[2297495] INFO DynamothCodeGenesisImpl - [test] org.apache.commons.math.stat.regression.SimpleRegressionTest#testRemoveMultiple iteration 45
[2297497] INFO DynamothCodeGenesisImpl - [test] org.apache.commons.math.stat.regression.SimpleRegressionTest#testRemoveMultiple iteration 46
[2297499] INFO DynamothCodeGenesisImpl - [test] org.apache.commons.math.stat.regression.SimpleRegressionTest#testRemoveMultiple iteration 47
[2297501] INFO DynamothCodeGenesisImpl - [test] org.apache.commons.math.stat.regression.SimpleRegressionTest#testRemoveMultiple iteration 48
[2297503] INFO DynamothCodeGenesisImpl - [test] org.apache.commons.math.stat.regression.SimpleRegressionTest#testRemoveMultiple iteration 49
[2297505] INFO DynamothCodeGenesisImpl - [test] org.apache.commons.math.stat.regression.SimpleRegressionTest#testRemoveMultiple iteration 50
[2297508] INFO DynamothCodeGenesisImpl - [test] org.apache.commons.math.stat.inference.TestUtilsTest#testChiSquareZeroCount iteration 0
[2297512] INFO DynamothCodeGenesisImpl - [test] org.apache.commons.math.distribution.FDistributionTest#testCumulativeProbabilities iteration 0
[2297513] INFO DynamothCodeGenesisImpl - [test] org.apache.commons.math.distribution.FDistributionTest#testCumulativeProbabilities iteration 1
[2297515] INFO DynamothCodeGenesisImpl - [test] org.apache.commons.math.distribution.FDistributionTest#testCumulativeProbabilities iteration 2
[2297516] INFO DynamothCodeGenesisImpl - [test] org.apache.commons.math.distribution.FDistributionTest#testCumulativeProbabilities iteration 3
[2297518] INFO DynamothCodeGenesisImpl - [test] org.apache.commons.math.distribution.FDistributionTest#testCumulativeProbabilities iteration 4
[2297519] INFO DynamothCodeGenesisImpl - [test] org.apache.commons.math.distribution.FDistributionTest#testCumulativeProbabilities iteration 5
[2297520] INFO DynamothCodeGenesisImpl - [test] org.apache.commons.math.distribution.FDistributionTest#testCumulativeProbabilities iteration 6
[2297522] INFO DynamothCodeGenesisImpl - [test] org.apache.commons.math.distribution.FDistributionTest#testCumulativeProbabilities iteration 7
[2297523] INFO DynamothCodeGenesisImpl - [test] org.apache.commons.math.distribution.FDistributionTest#testCumulativeProbabilities iteration 8
[2297525] INFO DynamothCodeGenesisImpl - [test] org.apache.commons.math.distribution.FDistributionTest#testCumulativeProbabilities iteration 9
[2297526] INFO DynamothCodeGenesisImpl - [test] org.apache.commons.math.distribution.FDistributionTest#testCumulativeProbabilities iteration 10
[2297528] INFO DynamothCodeGenesisImpl - [test] org.apache.commons.math.distribution.FDistributionTest#testCumulativeProbabilities iteration 11
[2297529] INFO DynamothCodeGenesisImpl - [test] org.apache.commons.math.distribution.FDistributionTest#testCumulativeProbabilities iteration 12
[2297530] INFO DynamothCodeGenesisImpl - [test] org.apache.commons.math.distribution.FDistributionTest#testCumulativeProbabilities iteration 13
[2297532] INFO DynamothCodeGenesisImpl - [test] org.apache.commons.math.distribution.FDistributionTest#testCumulativeProbabilities iteration 14
[2297533] INFO DynamothCodeGenesisImpl - [test] org.apache.commons.math.distribution.FDistributionTest#testCumulativeProbabilities iteration 15
[2297535] INFO DynamothCodeGenesisImpl - [test] org.apache.commons.math.distribution.FDistributionTest#testCumulativeProbabilities iteration 16
[2297536] INFO DynamothCodeGenesisImpl - [test] org.apache.commons.math.distribution.FDistributionTest#testCumulativeProbabilities iteration 17
[2297537] INFO DynamothCodeGenesisImpl - [test] org.apache.commons.math.distribution.FDistributionTest#testCumulativeProbabilities iteration 18
[2297539] INFO DynamothCodeGenesisImpl - [test] org.apache.commons.math.distribution.FDistributionTest#testCumulativeProbabilities iteration 19
[2297540] INFO DynamothCodeGenesisImpl - [test] org.apache.commons.math.distribution.FDistributionTest#testCumulativeProbabilities iteration 20
[2297541] INFO DynamothCodeGenesisImpl - [test] org.apache.commons.math.distribution.FDistributionTest#testCumulativeProbabilities iteration 21
[2297543] INFO DynamothCodeGenesisImpl - [test] org.apache.commons.math.distribution.FDistributionTest#testCumulativeProbabilities iteration 22
[2297544] INFO DynamothCodeGenesisImpl - [test] org.apache.commons.math.distribution.FDistributionTest#testCumulativeProbabilities iteration 23
[2297546] INFO DynamothCodeGenesisImpl - [test] org.apache.commons.math.distribution.FDistributionTest#testCumulativeProbabilities iteration 24
[2297547] INFO DynamothCodeGenesisImpl - [test] org.apache.commons.math.distribution.FDistributionTest#testCumulativeProbabilities iteration 25
[2297549] INFO DynamothCodeGenesisImpl - [test] org.apache.commons.math.distribution.FDistributionTest#testCumulativeProbabilities iteration 26
[2297550] INFO DynamothCodeGenesisImpl - [test] org.apache.commons.math.distribution.FDistributionTest#testCumulativeProbabilities iteration 27
[2297552] INFO DynamothCodeGenesisImpl - [test] org.apache.commons.math.distribution.FDistributionTest#testCumulativeProbabilities iteration 28
[2297553] INFO DynamothCodeGenesisImpl - [test] org.apache.commons.math.distribution.FDistributionTest#testCumulativeProbabilities iteration 29
[2297558] INFO DynamothCodeGenesisImpl - [test] org.apache.commons.math.distribution.BetaDistributionTest#testCumulative iteration 0
[2297559] INFO DynamothCodeGenesisImpl - [test] org.apache.commons.math.distribution.BetaDistributionTest#testCumulative iteration 1
[2297560] INFO DynamothCodeGenesisImpl - [test] org.apache.commons.math.distribution.BetaDistributionTest#testCumulative iteration 2
[2297562] INFO DynamothCodeGenesisImpl - [test] org.apache.commons.math.distribution.BetaDistributionTest#testCumulative iteration 3
[2297563] INFO DynamothCodeGenesisImpl - [test] org.apache.commons.math.distribution.BetaDistributionTest#testCumulative iteration 4
[2297565] INFO DynamothCodeGenesisImpl - [test] org.apache.commons.math.distribution.BetaDistributionTest#testCumulative iteration 5
[2297566] INFO DynamothCodeGenesisImpl - [test] org.apache.commons.math.distribution.BetaDistributionTest#testCumulative iteration 6
[2297567] INFO DynamothCodeGenesisImpl - [test] org.apache.commons.math.distribution.BetaDistributionTest#testCumulative iteration 7
[2297569] INFO DynamothCodeGenesisImpl - [test] org.apache.commons.math.distribution.BetaDistributionTest#testCumulative iteration 8
[2297570] INFO DynamothCodeGenesisImpl - [test] org.apache.commons.math.distribution.BetaDistributionTest#testCumulative iteration 9
[2297572] INFO DynamothCodeGenesisImpl - [test] org.apache.commons.math.distribution.BetaDistributionTest#testCumulative iteration 10
[2297573] INFO DynamothCodeGenesisImpl - [test] org.apache.commons.math.distribution.BetaDistributionTest#testCumulative iteration 11
[2297575] INFO DynamothCodeGenesisImpl - [test] org.apache.commons.math.distribution.BetaDistributionTest#testCumulative iteration 12
[2297576] INFO DynamothCodeGenesisImpl - [test] org.apache.commons.math.distribution.BetaDistributionTest#testCumulative iteration 13
[2297578] INFO DynamothCodeGenesisImpl - [test] org.apache.commons.math.distribution.BetaDistributionTest#testCumulative iteration 14
[2297579] INFO DynamothCodeGenesisImpl - [test] org.apache.commons.math.distribution.BetaDistributionTest#testCumulative iteration 15
[2297580] INFO DynamothCodeGenesisImpl - [test] org.apache.commons.math.distribution.BetaDistributionTest#testCumulative iteration 16
[2297582] INFO DynamothCodeGenesisImpl - [test] org.apache.commons.math.distribution.BetaDistributionTest#testCumulative iteration 17
[2297583] INFO DynamothCodeGenesisImpl - [test] org.apache.commons.math.distribution.BetaDistributionTest#testCumulative iteration 18
[2297585] INFO DynamothCodeGenesisImpl - [test] org.apache.commons.math.distribution.BetaDistributionTest#testCumulative iteration 19
[2297586] INFO DynamothCodeGenesisImpl - [test] org.apache.commons.math.distribution.BetaDistributionTest#testCumulative iteration 20
[2297588] INFO DynamothCodeGenesisImpl - [test] org.apache.commons.math.distribution.BetaDistributionTest#testCumulative iteration 21
[2297589] INFO DynamothCodeGenesisImpl - [test] org.apache.commons.math.distribution.BetaDistributionTest#testCumulative iteration 22
[2297591] INFO DynamothCodeGenesisImpl - [test] org.apache.commons.math.distribution.BetaDistributionTest#testCumulative iteration 23
[2297592] INFO DynamothCodeGenesisImpl - [test] org.apache.commons.math.distribution.BetaDistributionTest#testCumulative iteration 24
[2297593] INFO DynamothCodeGenesisImpl - [test] org.apache.commons.math.distribution.BetaDistributionTest#testCumulative iteration 25
[2297595] INFO DynamothCodeGenesisImpl - [test] org.apache.commons.math.distribution.BetaDistributionTest#testCumulative iteration 26
[2297597] INFO DynamothCodeGenesisImpl - [test] org.apache.commons.math.distribution.BetaDistributionTest#testCumulative iteration 27
[2297599] INFO DynamothCodeGenesisImpl - [test] org.apache.commons.math.distribution.BetaDistributionTest#testCumulative iteration 28
[2297600] INFO DynamothCodeGenesisImpl - [test] org.apache.commons.math.distribution.BetaDistributionTest#testCumulative iteration 29
[2297602] INFO DynamothCodeGenesisImpl - [test] org.apache.commons.math.distribution.BetaDistributionTest#testCumulative iteration 30
[2297604] INFO DynamothCodeGenesisImpl - [test] org.apache.commons.math.distribution.BetaDistributionTest#testCumulative iteration 31
[2297606] INFO DynamothCodeGenesisImpl - [test] org.apache.commons.math.distribution.BetaDistributionTest#testCumulative iteration 32
[2297608] INFO DynamothCodeGenesisImpl - [test] org.apache.commons.math.distribution.BetaDistributionTest#testCumulative iteration 33
[2297610] INFO DynamothCodeGenesisImpl - [test] org.apache.commons.math.distribution.BetaDistributionTest#testCumulative iteration 34
[2297611] INFO DynamothCodeGenesisImpl - [test] org.apache.commons.math.distribution.BetaDistributionTest#testCumulative iteration 35
[2297613] INFO DynamothCodeGenesisImpl - [test] org.apache.commons.math.distribution.BetaDistributionTest#testCumulative iteration 36
[2297615] INFO DynamothCodeGenesisImpl - [test] org.apache.commons.math.distribution.BetaDistributionTest#testCumulative iteration 37
[2297617] INFO DynamothCodeGenesisImpl - [test] org.apache.commons.math.distribution.BetaDistributionTest#testCumulative iteration 38
[2297619] INFO DynamothCodeGenesisImpl - [test] org.apache.commons.math.distribution.BetaDistributionTest#testCumulative iteration 39
[2297620] INFO DynamothCodeGenesisImpl - [test] org.apache.commons.math.distribution.BetaDistributionTest#testCumulative iteration 40
[2297622] INFO DynamothCodeGenesisImpl - [test] org.apache.commons.math.distribution.BetaDistributionTest#testCumulative iteration 41
[2297624] INFO DynamothCodeGenesisImpl - [test] org.apache.commons.math.distribution.BetaDistributionTest#testCumulative iteration 42
[2297626] INFO DynamothCodeGenesisImpl - [test] org.apache.commons.math.distribution.BetaDistributionTest#testCumulative iteration 43
[2297627] INFO DynamothCodeGenesisImpl - [test] org.apache.commons.math.distribution.BetaDistributionTest#testCumulative iteration 44
[2297629] INFO DynamothCodeGenesisImpl - [test] org.apache.commons.math.distribution.BetaDistributionTest#testCumulative iteration 45
[2297631] INFO DynamothCodeGenesisImpl - [test] org.apache.commons.math.distribution.BetaDistributionTest#testCumulative iteration 46
[2297633] INFO DynamothCodeGenesisImpl - [test] org.apache.commons.math.distribution.BetaDistributionTest#testCumulative iteration 47
[2297635] INFO DynamothCodeGenesisImpl - [test] org.apache.commons.math.distribution.BetaDistributionTest#testCumulative iteration 48
[2297636] INFO DynamothCodeGenesisImpl - [test] org.apache.commons.math.distribution.BetaDistributionTest#testCumulative iteration 49
[2297638] INFO DynamothCodeGenesisImpl - [test] org.apache.commons.math.distribution.BetaDistributionTest#testCumulative iteration 50
[2297640] INFO DynamothCodeGenesisImpl - [test] org.apache.commons.math.distribution.BetaDistributionTest#testCumulative iteration 51
[2297642] INFO DynamothCodeGenesisImpl - [test] org.apache.commons.math.distribution.BetaDistributionTest#testCumulative iteration 52
[2297644] INFO DynamothCodeGenesisImpl - [test] org.apache.commons.math.distribution.BetaDistributionTest#testCumulative iteration 53
[2297645] INFO DynamothCodeGenesisImpl - [test] org.apache.commons.math.distribution.BetaDistributionTest#testCumulative iteration 54
[2297647] INFO DynamothCodeGenesisImpl - [test] org.apache.commons.math.distribution.BetaDistributionTest#testCumulative iteration 55
[2297649] INFO DynamothCodeGenesisImpl - [test] org.apache.commons.math.distribution.BetaDistributionTest#testCumulative iteration 56
[2297651] INFO DynamothCodeGenesisImpl - [test] org.apache.commons.math.distribution.BetaDistributionTest#testCumulative iteration 57
[2297652] INFO DynamothCodeGenesisImpl - [test] org.apache.commons.math.distribution.BetaDistributionTest#testCumulative iteration 58
[2297654] INFO DynamothCodeGenesisImpl - [test] org.apache.commons.math.distribution.BetaDistributionTest#testCumulative iteration 59
[2297656] INFO DynamothCodeGenesisImpl - [test] org.apache.commons.math.distribution.BetaDistributionTest#testCumulative iteration 60
[2297658] INFO DynamothCodeGenesisImpl - [test] org.apache.commons.math.distribution.BetaDistributionTest#testCumulative iteration 61
[2297659] INFO DynamothCodeGenesisImpl - [test] org.apache.commons.math.distribution.BetaDistributionTest#testCumulative iteration 62
[2297661] INFO DynamothCodeGenesisImpl - [test] org.apache.commons.math.distribution.BetaDistributionTest#testCumulative iteration 63
[2297663] INFO DynamothCodeGenesisImpl - [test] org.apache.commons.math.distribution.BetaDistributionTest#testCumulative iteration 64
[2297665] INFO DynamothCodeGenesisImpl - [test] org.apache.commons.math.distribution.BetaDistributionTest#testCumulative iteration 65
[2297667] INFO DynamothCodeGenesisImpl - [test] org.apache.commons.math.distribution.BetaDistributionTest#testCumulative iteration 66
[2297668] INFO DynamothCodeGenesisImpl - [test] org.apache.commons.math.distribution.BetaDistributionTest#testCumulative iteration 67
[2297670] INFO DynamothCodeGenesisImpl - [test] org.apache.commons.math.distribution.BetaDistributionTest#testCumulative iteration 68
[2297672] INFO DynamothCodeGenesisImpl - [test] org.apache.commons.math.distribution.BetaDistributionTest#testCumulative iteration 69
[2297674] INFO DynamothCodeGenesisImpl - [test] org.apache.commons.math.distribution.BetaDistributionTest#testCumulative iteration 70
[2297676] INFO DynamothCodeGenesisImpl - [test] org.apache.commons.math.distribution.BetaDistributionTest#testCumulative iteration 71
[2297677] INFO DynamothCodeGenesisImpl - [test] org.apache.commons.math.distribution.BetaDistributionTest#testCumulative iteration 72
[2297679] INFO DynamothCodeGenesisImpl - [test] org.apache.commons.math.distribution.BetaDistributionTest#testCumulative iteration 73
[2297681] INFO DynamothCodeGenesisImpl - [test] org.apache.commons.math.distribution.BetaDistributionTest#testCumulative iteration 74
[2297683] INFO DynamothCodeGenesisImpl - [test] org.apache.commons.math.distribution.BetaDistributionTest#testCumulative iteration 75
[2297684] INFO DynamothCodeGenesisImpl - [test] org.apache.commons.math.distribution.BetaDistributionTest#testCumulative iteration 76
[2297686] INFO DynamothCodeGenesisImpl - [test] org.apache.commons.math.distribution.BetaDistributionTest#testCumulative iteration 77
[2297688] INFO DynamothCodeGenesisImpl - [test] org.apache.commons.math.distribution.BetaDistributionTest#testCumulative iteration 78
[2297690] INFO DynamothCodeGenesisImpl - [test] org.apache.commons.math.distribution.BetaDistributionTest#testCumulative iteration 79
[2297692] INFO DynamothCodeGenesisImpl - [test] org.apache.commons.math.distribution.BetaDistributionTest#testCumulative iteration 80
[2297694] INFO DynamothCodeGenesisImpl - [test] org.apache.commons.math.distribution.BetaDistributionTest#testCumulative iteration 81
[2297695] INFO DynamothCodeGenesisImpl - [test] org.apache.commons.math.distribution.BetaDistributionTest#testCumulative iteration 82
[2297697] INFO DynamothCodeGenesisImpl - [test] org.apache.commons.math.distribution.BetaDistributionTest#testCumulative iteration 83
[2297699] INFO DynamothCodeGenesisImpl - [test] org.apache.commons.math.distribution.BetaDistributionTest#testCumulative iteration 84
[2297701] INFO DynamothCodeGenesisImpl - [test] org.apache.commons.math.distribution.BetaDistributionTest#testCumulative iteration 85
[2297702] INFO DynamothCodeGenesisImpl - [test] org.apache.commons.math.distribution.BetaDistributionTest#testCumulative iteration 86
[2297704] INFO DynamothCodeGenesisImpl - [test] org.apache.commons.math.distribution.BetaDistributionTest#testCumulative iteration 87
[2297706] INFO DynamothCodeGenesisImpl - [test] org.apache.commons.math.distribution.BetaDistributionTest#testCumulative iteration 88
[2297708] INFO DynamothCodeGenesisImpl - [test] org.apache.commons.math.distribution.BetaDistributionTest#testCumulative iteration 89
[2297710] INFO DynamothCodeGenesisImpl - [test] org.apache.commons.math.distribution.BetaDistributionTest#testCumulative iteration 90
[2297712] INFO DynamothCodeGenesisImpl - [test] org.apache.commons.math.distribution.BetaDistributionTest#testCumulative iteration 91
[2297713] INFO DynamothCodeGenesisImpl - [test] org.apache.commons.math.distribution.BetaDistributionTest#testCumulative iteration 92
[2297715] INFO DynamothCodeGenesisImpl - [test] org.apache.commons.math.distribution.BetaDistributionTest#testCumulative iteration 93
[2297717] INFO DynamothCodeGenesisImpl - [test] org.apache.commons.math.distribution.BetaDistributionTest#testCumulative iteration 94
[2297719] INFO DynamothCodeGenesisImpl - [test] org.apache.commons.math.distribution.BetaDistributionTest#testCumulative iteration 95
[2297720] INFO DynamothCodeGenesisImpl - [test] org.apache.commons.math.distribution.BetaDistributionTest#testCumulative iteration 96
[2297722] INFO DynamothCodeGenesisImpl - [test] org.apache.commons.math.distribution.BetaDistributionTest#testCumulative iteration 97
[2297724] INFO DynamothCodeGenesisImpl - [test] org.apache.commons.math.distribution.BetaDistributionTest#testCumulative iteration 98
[2297726] INFO DynamothCodeGenesisImpl - [test] org.apache.commons.math.distribution.BetaDistributionTest#testCumulative iteration 99
[2297728] INFO DynamothCodeGenesisImpl - [test] org.apache.commons.math.distribution.BetaDistributionTest#testCumulative iteration 100
[2297729] INFO DynamothCodeGenesisImpl - [test] org.apache.commons.math.distribution.BetaDistributionTest#testCumulative iteration 101
[2297731] INFO DynamothCodeGenesisImpl - [test] org.apache.commons.math.distribution.BetaDistributionTest#testCumulative iteration 102
[2297733] INFO DynamothCodeGenesisImpl - [test] org.apache.commons.math.distribution.BetaDistributionTest#testCumulative iteration 103
[2297735] INFO DynamothCodeGenesisImpl - [test] org.apache.commons.math.distribution.BetaDistributionTest#testCumulative iteration 104
[2297736] INFO DynamothCodeGenesisImpl - [test] org.apache.commons.math.distribution.BetaDistributionTest#testCumulative iteration 105
[2297738] INFO DynamothCodeGenesisImpl - [test] org.apache.commons.math.distribution.BetaDistributionTest#testCumulative iteration 106
[2297740] INFO DynamothCodeGenesisImpl - [test] org.apache.commons.math.distribution.BetaDistributionTest#testCumulative iteration 107
[2297742] INFO DynamothCodeGenesisImpl - [test] org.apache.commons.math.distribution.BetaDistributionTest#testCumulative iteration 108
[2297744] INFO DynamothCodeGenesisImpl - [test] org.apache.commons.math.distribution.BetaDistributionTest#testCumulative iteration 109
[2297746] INFO DynamothCodeGenesisImpl - [test] org.apache.commons.math.distribution.BetaDistributionTest#testCumulative iteration 110
[2297748] INFO DynamothCodeGenesisImpl - [test] org.apache.commons.math.distribution.BetaDistributionTest#testCumulative iteration 111
[2297750] INFO DynamothCodeGenesisImpl - [test] org.apache.commons.math.distribution.BetaDistributionTest#testCumulative iteration 112
[2297751] INFO DynamothCodeGenesisImpl - [test] org.apache.commons.math.distribution.BetaDistributionTest#testCumulative iteration 113
[2297753] INFO DynamothCodeGenesisImpl - [test] org.apache.commons.math.distribution.BetaDistributionTest#testCumulative iteration 114
[2297755] INFO DynamothCodeGenesisImpl - [test] org.apache.commons.math.distribution.BetaDistributionTest#testCumulative iteration 115
[2297757] INFO DynamothCodeGenesisImpl - [test] org.apache.commons.math.distribution.BetaDistributionTest#testCumulative iteration 116
[2297759] INFO DynamothCodeGenesisImpl - [test] org.apache.commons.math.distribution.BetaDistributionTest#testCumulative iteration 117
[2297760] INFO DynamothCodeGenesisImpl - [test] org.apache.commons.math.distribution.BetaDistributionTest#testCumulative iteration 118
[2297762] INFO DynamothCodeGenesisImpl - [test] org.apache.commons.math.distribution.BetaDistributionTest#testCumulative iteration 119
[2297764] INFO DynamothCodeGenesisImpl - [test] org.apache.commons.math.distribution.BetaDistributionTest#testCumulative iteration 120
[2297766] INFO DynamothCodeGenesisImpl - [test] org.apache.commons.math.distribution.BetaDistributionTest#testCumulative iteration 121
[2297768] INFO DynamothCodeGenesisImpl - [test] org.apache.commons.math.distribution.BetaDistributionTest#testCumulative iteration 122
[2297769] INFO DynamothCodeGenesisImpl - [test] org.apache.commons.math.distribution.BetaDistributionTest#testCumulative iteration 123
[2297771] INFO DynamothCodeGenesisImpl - [test] org.apache.commons.math.distribution.BetaDistributionTest#testCumulative iteration 124
[2297773] INFO DynamothCodeGenesisImpl - [test] org.apache.commons.math.distribution.BetaDistributionTest#testCumulative iteration 125
[2297775] INFO DynamothCodeGenesisImpl - [test] org.apache.commons.math.distribution.BetaDistributionTest#testCumulative iteration 126
[2297777] INFO DynamothCodeGenesisImpl - [test] org.apache.commons.math.distribution.BetaDistributionTest#testCumulative iteration 127
[2297779] INFO DynamothCodeGenesisImpl - [test] org.apache.commons.math.distribution.BetaDistributionTest#testCumulative iteration 128
[2297781] INFO DynamothCodeGenesisImpl - [test] org.apache.commons.math.distribution.BetaDistributionTest#testCumulative iteration 129
[2297782] INFO DynamothCodeGenesisImpl - [test] org.apache.commons.math.distribution.BetaDistributionTest#testCumulative iteration 130
[2297784] INFO DynamothCodeGenesisImpl - [test] org.apache.commons.math.distribution.BetaDistributionTest#testCumulative iteration 131
[2297786] INFO DynamothCodeGenesisImpl - [test] org.apache.commons.math.distribution.BetaDistributionTest#testCumulative iteration 132
[2297788] INFO DynamothCodeGenesisImpl - [test] org.apache.commons.math.distribution.BetaDistributionTest#testCumulative iteration 133
[2297789] INFO DynamothCodeGenesisImpl - [test] org.apache.commons.math.distribution.BetaDistributionTest#testCumulative iteration 134
[2297791] INFO DynamothCodeGenesisImpl - [test] org.apache.commons.math.distribution.BetaDistributionTest#testCumulative iteration 135
[2297793] INFO DynamothCodeGenesisImpl - [test] org.apache.commons.math.distribution.BetaDistributionTest#testCumulative iteration 136
[2297795] INFO DynamothCodeGenesisImpl - [test] org.apache.commons.math.distribution.BetaDistributionTest#testCumulative iteration 137
[2297796] INFO DynamothCodeGenesisImpl - [test] org.apache.commons.math.distribution.BetaDistributionTest#testCumulative iteration 138
[2297798] INFO DynamothCodeGenesisImpl - [test] org.apache.commons.math.distribution.BetaDistributionTest#testCumulative iteration 139
[2297800] INFO DynamothCodeGenesisImpl - [test] org.apache.commons.math.distribution.BetaDistributionTest#testCumulative iteration 140
[2297802] INFO DynamothCodeGenesisImpl - [test] org.apache.commons.math.distribution.BetaDistributionTest#testCumulative iteration 141
[2297804] INFO DynamothCodeGenesisImpl - [test] org.apache.commons.math.distribution.BetaDistributionTest#testCumulative iteration 142
[2297806] INFO DynamothCodeGenesisImpl - [test] org.apache.commons.math.distribution.BetaDistributionTest#testCumulative iteration 143
[2297807] INFO DynamothCodeGenesisImpl - [test] org.apache.commons.math.distribution.BetaDistributionTest#testCumulative iteration 144
[2297809] INFO DynamothCodeGenesisImpl - [test] org.apache.commons.math.distribution.BetaDistributionTest#testCumulative iteration 145
[2297811] INFO DynamothCodeGenesisImpl - [test] org.apache.commons.math.distribution.BetaDistributionTest#testCumulative iteration 146
[2297813] INFO DynamothCodeGenesisImpl - [test] org.apache.commons.math.distribution.BetaDistributionTest#testCumulative iteration 147
[2297815] INFO DynamothCodeGenesisImpl - [test] org.apache.commons.math.distribution.BetaDistributionTest#testCumulative iteration 148
[2297817] INFO DynamothCodeGenesisImpl - [test] org.apache.commons.math.distribution.BetaDistributionTest#testCumulative iteration 149
[2297819] INFO DynamothCodeGenesisImpl - [test] org.apache.commons.math.distribution.BetaDistributionTest#testCumulative iteration 150
[2297820] INFO DynamothCodeGenesisImpl - [test] org.apache.commons.math.distribution.BetaDistributionTest#testCumulative iteration 151
[2297822] INFO DynamothCodeGenesisImpl - [test] org.apache.commons.math.distribution.BetaDistributionTest#testCumulative iteration 152
[2297824] INFO DynamothCodeGenesisImpl - [test] org.apache.commons.math.distribution.BetaDistributionTest#testCumulative iteration 153
[2297826] INFO DynamothCodeGenesisImpl - [test] org.apache.commons.math.distribution.BetaDistributionTest#testCumulative iteration 154
[2297828] INFO DynamothCodeGenesisImpl - [test] org.apache.commons.math.distribution.BetaDistributionTest#testCumulative iteration 155
[2297830] INFO DynamothCodeGenesisImpl - [test] org.apache.commons.math.distribution.BetaDistributionTest#testCumulative iteration 156
[2297832] INFO DynamothCodeGenesisImpl - [test] org.apache.commons.math.distribution.BetaDistributionTest#testCumulative iteration 157
[2297833] INFO DynamothCodeGenesisImpl - [test] org.apache.commons.math.distribution.BetaDistributionTest#testCumulative iteration 158
[2298601] INFO DynamothCodeGenesisImpl - [test] org.apache.commons.math.distribution.BetaDistributionTest#testCumulative iteration 159
[2298604] INFO DynamothCodeGenesisImpl - [test] org.apache.commons.math.distribution.BetaDistributionTest#testCumulative iteration 160
[2298605] INFO DynamothCodeGenesisImpl - [test] org.apache.commons.math.distribution.BetaDistributionTest#testCumulative iteration 161
[2298607] INFO DynamothCodeGenesisImpl - [test] org.apache.commons.math.distribution.BetaDistributionTest#testCumulative iteration 162
[2298609] INFO DynamothCodeGenesisImpl - [test] org.apache.commons.math.distribution.BetaDistributionTest#testCumulative iteration 163
[2298610] INFO DynamothCodeGenesisImpl - [test] org.apache.commons.math.distribution.BetaDistributionTest#testCumulative iteration 164
[2298612] INFO DynamothCodeGenesisImpl - [test] org.apache.commons.math.distribution.BetaDistributionTest#testCumulative iteration 165
[2298614] INFO DynamothCodeGenesisImpl - [test] org.apache.commons.math.distribution.BetaDistributionTest#testCumulative iteration 166
[2298615] INFO DynamothCodeGenesisImpl - [test] org.apache.commons.math.distribution.BetaDistributionTest#testCumulative iteration 167
[2298617] INFO DynamothCodeGenesisImpl - [test] org.apache.commons.math.distribution.BetaDistributionTest#testCumulative iteration 168
[2298619] INFO DynamothCodeGenesisImpl - [test] org.apache.commons.math.distribution.BetaDistributionTest#testCumulative iteration 169
[2298621] INFO DynamothCodeGenesisImpl - [test] org.apache.commons.math.distribution.BetaDistributionTest#testCumulative iteration 170
[2298622] INFO DynamothCodeGenesisImpl - [test] org.apache.commons.math.distribution.BetaDistributionTest#testCumulative iteration 171
[2298624] INFO DynamothCodeGenesisImpl - [test] org.apache.commons.math.distribution.BetaDistributionTest#testCumulative iteration 172
[2298626] INFO DynamothCodeGenesisImpl - [test] org.apache.commons.math.distribution.BetaDistributionTest#testCumulative iteration 173
[2298627] INFO DynamothCodeGenesisImpl - [test] org.apache.commons.math.distribution.BetaDistributionTest#testCumulative iteration 174
[2298629] INFO DynamothCodeGenesisImpl - [test] org.apache.commons.math.distribution.BetaDistributionTest#testCumulative iteration 175
[2298631] INFO DynamothCodeGenesisImpl - [test] org.apache.commons.math.distribution.BetaDistributionTest#testCumulative iteration 176
[2298632] INFO DynamothCodeGenesisImpl - [test] org.apache.commons.math.distribution.BetaDistributionTest#testCumulative iteration 177
[2298634] INFO DynamothCodeGenesisImpl - [test] org.apache.commons.math.distribution.BetaDistributionTest#testCumulative iteration 178
[2298636] INFO DynamothCodeGenesisImpl - [test] org.apache.commons.math.distribution.BetaDistributionTest#testCumulative iteration 179
[2298637] INFO DynamothCodeGenesisImpl - [test] org.apache.commons.math.distribution.BetaDistributionTest#testCumulative iteration 180
[2298639] INFO DynamothCodeGenesisImpl - [test] org.apache.commons.math.distribution.BetaDistributionTest#testCumulative iteration 181
[2298641] INFO DynamothCodeGenesisImpl - [test] org.apache.commons.math.distribution.BetaDistributionTest#testCumulative iteration 182
[2298642] INFO DynamothCodeGenesisImpl - [test] org.apache.commons.math.distribution.BetaDistributionTest#testCumulative iteration 183
[2298644] INFO DynamothCodeGenesisImpl - [test] org.apache.commons.math.distribution.BetaDistributionTest#testCumulative iteration 184
[2298646] INFO DynamothCodeGenesisImpl - [test] org.apache.commons.math.distribution.BetaDistributionTest#testCumulative iteration 185
[2298647] INFO DynamothCodeGenesisImpl - [test] org.apache.commons.math.distribution.BetaDistributionTest#testCumulative iteration 186
[2298649] INFO DynamothCodeGenesisImpl - [test] org.apache.commons.math.distribution.BetaDistributionTest#testCumulative iteration 187
[2298651] INFO DynamothCodeGenesisImpl - [test] org.apache.commons.math.distribution.BetaDistributionTest#testCumulative iteration 188
[2298653] INFO DynamothCodeGenesisImpl - [test] org.apache.commons.math.distribution.BetaDistributionTest#testCumulative iteration 189
[2298654] INFO DynamothCodeGenesisImpl - [test] org.apache.commons.math.distribution.BetaDistributionTest#testCumulative iteration 190
[2298656] INFO DynamothCodeGenesisImpl - [test] org.apache.commons.math.distribution.BetaDistributionTest#testCumulative iteration 191
[2298657] INFO DynamothCodeGenesisImpl - [test] org.apache.commons.math.distribution.BetaDistributionTest#testCumulative iteration 192
[2298659] INFO DynamothCodeGenesisImpl - [test] org.apache.commons.math.distribution.BetaDistributionTest#testCumulative iteration 193
[2298660] INFO DynamothCodeGenesisImpl - [test] org.apache.commons.math.distribution.BetaDistributionTest#testCumulative iteration 194
[2298661] INFO DynamothCodeGenesisImpl - [test] org.apache.commons.math.distribution.BetaDistributionTest#testCumulative iteration 195
[2298662] INFO DynamothCodeGenesisImpl - [test] org.apache.commons.math.distribution.BetaDistributionTest#testCumulative iteration 196
[2298664] INFO DynamothCodeGenesisImpl - [test] org.apache.commons.math.distribution.BetaDistributionTest#testCumulative iteration 197
[2298665] INFO DynamothCodeGenesisImpl - [test] org.apache.commons.math.distribution.BetaDistributionTest#testCumulative iteration 198
[2298666] INFO DynamothCodeGenesisImpl - [test] org.apache.commons.math.distribution.BetaDistributionTest#testCumulative iteration 199
[2298667] INFO DynamothCodeGenesisImpl - [test] org.apache.commons.math.distribution.BetaDistributionTest#testCumulative iteration 200
[2298669] INFO DynamothCodeGenesisImpl - [test] org.apache.commons.math.distribution.BetaDistributionTest#testCumulative iteration 201
[2298670] INFO DynamothCodeGenesisImpl - [test] org.apache.commons.math.distribution.BetaDistributionTest#testCumulative iteration 202
[2298671] INFO DynamothCodeGenesisImpl - [test] org.apache.commons.math.distribution.BetaDistributionTest#testCumulative iteration 203
[2298673] INFO DynamothCodeGenesisImpl - [test] org.apache.commons.math.distribution.BetaDistributionTest#testCumulative iteration 204
[2298674] INFO DynamothCodeGenesisImpl - [test] org.apache.commons.math.distribution.BetaDistributionTest#testCumulative iteration 205
[2298676] INFO DynamothCodeGenesisImpl - [test] org.apache.commons.math.distribution.BetaDistributionTest#testCumulative iteration 206
[2298677] INFO DynamothCodeGenesisImpl - [test] org.apache.commons.math.distribution.BetaDistributionTest#testCumulative iteration 207
[2298679] INFO DynamothCodeGenesisImpl - [test] org.apache.commons.math.distribution.BetaDistributionTest#testCumulative iteration 208
[2298680] INFO DynamothCodeGenesisImpl - [test] org.apache.commons.math.distribution.BetaDistributionTest#testCumulative iteration 209
[2298682] INFO DynamothCodeGenesisImpl - [test] org.apache.commons.math.distribution.BetaDistributionTest#testCumulative iteration 210
[2298683] INFO DynamothCodeGenesisImpl - [test] org.apache.commons.math.distribution.BetaDistributionTest#testCumulative iteration 211
[2298684] INFO DynamothCodeGenesisImpl - [test] org.apache.commons.math.distribution.BetaDistributionTest#testCumulative iteration 212
[2298686] INFO DynamothCodeGenesisImpl - [test] org.apache.commons.math.distribution.BetaDistributionTest#testCumulative iteration 213
[2298687] INFO DynamothCodeGenesisImpl - [test] org.apache.commons.math.distribution.BetaDistributionTest#testCumulative iteration 214
[2298689] INFO DynamothCodeGenesisImpl - [test] org.apache.commons.math.distribution.BetaDistributionTest#testCumulative iteration 215
[2298690] INFO DynamothCodeGenesisImpl - [test] org.apache.commons.math.distribution.BetaDistributionTest#testCumulative iteration 216
[2298692] INFO DynamothCodeGenesisImpl - [test] org.apache.commons.math.distribution.BetaDistributionTest#testCumulative iteration 217
[2298693] INFO DynamothCodeGenesisImpl - [test] org.apache.commons.math.distribution.BetaDistributionTest#testCumulative iteration 218
[2298695] INFO DynamothCodeGenesisImpl - [test] org.apache.commons.math.distribution.BetaDistributionTest#testCumulative iteration 219
[2298697] INFO DynamothCodeGenesisImpl - [test] org.apache.commons.math.distribution.BetaDistributionTest#testCumulative iteration 220
[2298699] INFO DynamothCodeGenesisImpl - [test] org.apache.commons.math.distribution.BetaDistributionTest#testCumulative iteration 221
[2298701] INFO DynamothCodeGenesisImpl - [test] org.apache.commons.math.distribution.BetaDistributionTest#testCumulative iteration 222
[2298702] INFO DynamothCodeGenesisImpl - [test] org.apache.commons.math.distribution.BetaDistributionTest#testCumulative iteration 223
[2298704] INFO DynamothCodeGenesisImpl - [test] org.apache.commons.math.distribution.BetaDistributionTest#testCumulative iteration 224
[2298706] INFO DynamothCodeGenesisImpl - [test] org.apache.commons.math.distribution.BetaDistributionTest#testCumulative iteration 225
[2298708] INFO DynamothCodeGenesisImpl - [test] org.apache.commons.math.distribution.BetaDistributionTest#testCumulative iteration 226
[2298710] INFO DynamothCodeGenesisImpl - [test] org.apache.commons.math.distribution.BetaDistributionTest#testCumulative iteration 227
[2298711] INFO DynamothCodeGenesisImpl - [test] org.apache.commons.math.distribution.BetaDistributionTest#testCumulative iteration 228
[2298713] INFO DynamothCodeGenesisImpl - [test] org.apache.commons.math.distribution.BetaDistributionTest#testCumulative iteration 229
[2298715] INFO DynamothCodeGenesisImpl - [test] org.apache.commons.math.distribution.BetaDistributionTest#testCumulative iteration 230
[2298717] INFO DynamothCodeGenesisImpl - [test] org.apache.commons.math.distribution.BetaDistributionTest#testCumulative iteration 231
[2298718] INFO DynamothCodeGenesisImpl - [test] org.apache.commons.math.distribution.BetaDistributionTest#testCumulative iteration 232
[2298720] INFO DynamothCodeGenesisImpl - [test] org.apache.commons.math.distribution.BetaDistributionTest#testCumulative iteration 233
[2298722] INFO DynamothCodeGenesisImpl - [test] org.apache.commons.math.distribution.BetaDistributionTest#testCumulative iteration 234
[2298724] INFO DynamothCodeGenesisImpl - [test] org.apache.commons.math.distribution.BetaDistributionTest#testCumulative iteration 235
[2298726] INFO DynamothCodeGenesisImpl - [test] org.apache.commons.math.distribution.BetaDistributionTest#testCumulative iteration 236
[2298728] INFO DynamothCodeGenesisImpl - [test] org.apache.commons.math.distribution.BetaDistributionTest#testCumulative iteration 237
[2298729] INFO DynamothCodeGenesisImpl - [test] org.apache.commons.math.distribution.BetaDistributionTest#testCumulative iteration 238
[2298731] INFO DynamothCodeGenesisImpl - [test] org.apache.commons.math.distribution.BetaDistributionTest#testCumulative iteration 239
[2298733] INFO DynamothCodeGenesisImpl - [test] org.apache.commons.math.distribution.BetaDistributionTest#testCumulative iteration 240
[2298735] INFO DynamothCodeGenesisImpl - [test] org.apache.commons.math.distribution.BetaDistributionTest#testCumulative iteration 241
[2298737] INFO DynamothCodeGenesisImpl - [test] org.apache.commons.math.distribution.BetaDistributionTest#testCumulative iteration 242
[2298738] INFO DynamothCodeGenesisImpl - [test] org.apache.commons.math.distribution.BetaDistributionTest#testCumulative iteration 243
[2298740] INFO DynamothCodeGenesisImpl - [test] org.apache.commons.math.distribution.BetaDistributionTest#testCumulative iteration 244
[2298742] INFO DynamothCodeGenesisImpl - [test] org.apache.commons.math.distribution.BetaDistributionTest#testCumulative iteration 245
[2298744] INFO DynamothCodeGenesisImpl - [test] org.apache.commons.math.distribution.BetaDistributionTest#testCumulative iteration 246
[2298746] INFO DynamothCodeGenesisImpl - [test] org.apache.commons.math.distribution.BetaDistributionTest#testCumulative iteration 247
[2298747] INFO DynamothCodeGenesisImpl - [test] org.apache.commons.math.distribution.BetaDistributionTest#testCumulative iteration 248
[2298749] INFO DynamothCodeGenesisImpl - [test] org.apache.commons.math.distribution.BetaDistributionTest#testCumulative iteration 249
[2298751] INFO DynamothCodeGenesisImpl - [test] org.apache.commons.math.distribution.BetaDistributionTest#testCumulative iteration 250
[2298753] INFO DynamothCodeGenesisImpl - [test] org.apache.commons.math.distribution.BetaDistributionTest#testCumulative iteration 251


========= Info ==========
Nb constants             4
Nb method invocations    0
Nb field access          0
Nb variables             1
Total                    5
Nb evaluated expressions 5730
Init Execution time      353 ms
Collect Execution time   2503 ms
Combine Execution time   687.0 ms
Nb Combination par sec   8341 combinations/sec
Total Execution time     3543 ms
Nb line execution        467
Nb results               792

Results:
1. x == 0.0
2. x == 0
3. x == 1
4. x <= 0.0
5. x <= 0
6. x < 0.0
7. x < 0
8. !(x != 0.0)
9. !(x != 0)
10. !(x != 1)
11. !(0.0 <= x)
12. !(0 <= x)
13. !(x <= 1)
14. !(0.0 < x)
15. !(0 < x)
16. !(x < 1)
17. (x == 0.0) && (x == 0)
18. (x == 0) && (x == 0.0)
19. (x == 0.0) && (x == 1)
20. (x == 1) && (x == 0.0)
21. (x == 0.0) && (x != 0.0)
22. (x != 0.0) && (x == 0.0)
23. (x == 0.0) && (x != 0)
24. (x != 0) && (x == 0.0)
25. (x == 0.0) && (x != 1)
26. (x != 1) && (x == 0.0)
27. (x == 0.0) && (0.0 <= x)
28. (0.0 <= x) && (x == 0.0)
29. (x == 0.0) && (x <= 0.0)
30. (x <= 0.0) && (x == 0.0)
31. (x == 0.0) && (0 <= x)
32. (0 <= x) && (x == 0.0)
33. (x == 0.0) && (x <= 0)
34. (x <= 0) && (x == 0.0)
35. (x == 0.0) && (1 <= x)
36. (1 <= x) && (x == 0.0)
37. (x == 0.0) && (x <= 1)
38. (x <= 1) && (x == 0.0)
39. (x == 0.0) && (0.0 < x)
40. (0.0 < x) && (x == 0.0)
41. (x == 0.0) && (x < 0.0)
42. (x < 0.0) && (x == 0.0)
43. (x == 0.0) && (0 < x)
44. (0 < x) && (x == 0.0)
45. (x == 0.0) && (x < 0)
46. (x < 0) && (x == 0.0)
47. (x == 0.0) && (1 < x)
48. (1 < x) && (x == 0.0)
49. (x == 0.0) && (x < 1)
50. (x < 1) && (x == 0.0)
51. (x == 0) && (x == 1)
52. (x == 1) && (x == 0)
53. (x == 0) && (x != 0.0)
54. (x != 0.0) && (x == 0)
55. (x == 0) && (x != 0)
56. (x != 0) && (x == 0)
57. (x == 0) && (x != 1)
58. (x != 1) && (x == 0)
59. (x == 0) && (0.0 <= x)
60. (0.0 <= x) && (x == 0)
61. (x == 0) && (x <= 0.0)
62. (x <= 0.0) && (x == 0)
63. (x == 0) && (0 <= x)
64. (0 <= x) && (x == 0)
65. (x == 0) && (x <= 0)
66. (x <= 0) && (x == 0)
67. (x == 0) && (1 <= x)
68. (1 <= x) && (x == 0)
69. (x == 0) && (x <= 1)
70. (x <= 1) && (x == 0)
71. (x == 0) && (0.0 < x)
72. (0.0 < x) && (x == 0)
73. (x == 0) && (x < 0.0)
74. (x < 0.0) && (x == 0)
75. (x == 0) && (0 < x)
76. (0 < x) && (x == 0)
77. (x == 0) && (x < 0)
78. (x < 0) && (x == 0)
79. (x == 0) && (1 < x)
80. (1 < x) && (x == 0)
81. (x == 0) && (x < 1)
82. (x < 1) && (x == 0)
83. (x == 1) && (x != 0.0)
84. (x != 0.0) && (x == 1)
85. (x == 1) && (x != 0)
86. (x != 0) && (x == 1)
87. (x == 1) && (x != 1)
88. (x != 1) && (x == 1)
89. (x == 1) && (0.0 <= x)
90. (0.0 <= x) && (x == 1)
91. (x == 1) && (x <= 0.0)
92. (x <= 0.0) && (x == 1)
93. (x == 1) && (0 <= x)
94. (0 <= x) && (x == 1)
95. (x == 1) && (x <= 0)
96. (x <= 0) && (x == 1)
97. (x == 1) && (1 <= x)
98. (1 <= x) && (x == 1)
99. (x == 1) && (x <= 1)
100. (x <= 1) && (x == 1)
101. (x == 1) && (0.0 < x)
102. (0.0 < x) && (x == 1)
103. (x == 1) && (x < 0.0)
104. (x < 0.0) && (x == 1)
105. (x == 1) && (0 < x)
106. (0 < x) && (x == 1)
107. (x == 1) && (x < 0)
108. (x < 0) && (x == 1)
109. (x == 1) && (1 < x)
110. (1 < x) && (x == 1)
111. (x == 1) && (x < 1)
112. (x < 1) && (x == 1)
113. (x != 0.0) && (x <= 0.0)
114. (x <= 0.0) && (x != 0.0)
115. (x != 0.0) && (x <= 0)
116. (x <= 0) && (x != 0.0)
117. (x != 0.0) && (x < 0.0)
118. (x < 0.0) && (x != 0.0)
119. (x != 0.0) && (x < 0)
120. (x < 0) && (x != 0.0)
121. (x != 0) && (x <= 0.0)
122. (x <= 0.0) && (x != 0)
123. (x != 0) && (x <= 0)
124. (x <= 0) && (x != 0)
125. (x != 0) && (x < 0.0)
126. (x < 0.0) && (x != 0)
127. (x != 0) && (x < 0)
128. (x < 0) && (x != 0)
129. (x != 1) && (x <= 0.0)
130. (x <= 0.0) && (x != 1)
131. (x != 1) && (x <= 0)
132. (x <= 0) && (x != 1)
133. (x != 1) && (x < 0.0)
134. (x < 0.0) && (x != 1)
135. (x != 1) && (x < 0)
136. (x < 0) && (x != 1)
137. (0.0 <= x) && (x <= 0.0)
138. (x <= 0.0) && (0.0 <= x)
139. (0.0 <= x) && (x <= 0)
140. (x <= 0) && (0.0 <= x)
141. (0.0 <= x) && (x < 0.0)
142. (x < 0.0) && (0.0 <= x)
143. (0.0 <= x) && (x < 0)
144. (x < 0) && (0.0 <= x)
145. (x <= 0.0) && (0 <= x)
146. (0 <= x) && (x <= 0.0)
147. (x <= 0.0) && (x <= 0)
148. (x <= 0) && (x <= 0.0)
149. (x <= 0.0) && (1 <= x)
150. (1 <= x) && (x <= 0.0)
151. (x <= 0.0) && (x <= 1)
152. (x <= 1) && (x <= 0.0)
153. (x <= 0.0) && (0.0 < x)
154. (0.0 < x) && (x <= 0.0)
155. (x <= 0.0) && (x < 0.0)
156. (x < 0.0) && (x <= 0.0)
157. (x <= 0.0) && (0 < x)
158. (0 < x) && (x <= 0.0)
159. (x <= 0.0) && (x < 0)
160. (x < 0) && (x <= 0.0)
161. (x <= 0.0) && (1 < x)
162. (1 < x) && (x <= 0.0)
163. (x <= 0.0) && (x < 1)
164. (x < 1) && (x <= 0.0)
165. (0 <= x) && (x <= 0)
166. (x <= 0) && (0 <= x)
167. (0 <= x) && (x < 0.0)
168. (x < 0.0) && (0 <= x)
169. (0 <= x) && (x < 0)
170. (x < 0) && (0 <= x)
171. (x <= 0) && (1 <= x)
172. (1 <= x) && (x <= 0)
173. (x <= 0) && (x <= 1)
174. (x <= 1) && (x <= 0)
175. (x <= 0) && (0.0 < x)
176. (0.0 < x) && (x <= 0)
177. (x <= 0) && (x < 0.0)
178. (x < 0.0) && (x <= 0)
179. (x <= 0) && (0 < x)
180. (0 < x) && (x <= 0)
181. (x <= 0) && (x < 0)
182. (x < 0) && (x <= 0)
183. (x <= 0) && (1 < x)
184. (1 < x) && (x <= 0)
185. (x <= 0) && (x < 1)
186. (x < 1) && (x <= 0)
187. (1 <= x) && (x < 0.0)
188. (x < 0.0) && (1 <= x)
189. (1 <= x) && (x < 0)
190. (x < 0) && (1 <= x)
191. (1 <= x) && (x < 1)
192. (x < 1) && (1 <= x)
193. (x <= 1) && (x < 0.0)
194. (x < 0.0) && (x <= 1)
195. (x <= 1) && (x < 0)
196. (x < 0) && (x <= 1)
197. (x <= 1) && (1 < x)
198. (1 < x) && (x <= 1)
199. (0.0 < x) && (x < 0.0)
200. (x < 0.0) && (0.0 < x)
201. (0.0 < x) && (x < 0)
202. (x < 0) && (0.0 < x)
203. (x < 0.0) && (0 < x)
204. (0 < x) && (x < 0.0)
205. (x < 0.0) && (x < 0)
206. (x < 0) && (x < 0.0)
207. (x < 0.0) && (1 < x)
208. (1 < x) && (x < 0.0)
209. (x < 0.0) && (x < 1)
210. (x < 1) && (x < 0.0)
211. (0 < x) && (x < 0)
212. (x < 0) && (0 < x)
213. (x < 0) && (1 < x)
214. (1 < x) && (x < 0)
215. (x < 0) && (x < 1)
216. (x < 1) && (x < 0)
217. (1 < x) && (x < 1)
218. (x < 1) && (1 < x)
219. (x == 0.0) || (x == 0)
220. (x == 0) || (x == 0.0)
221. (x == 0.0) || (x == 1)
222. (x == 1) || (x == 0.0)
223. (x == 0.0) || (x <= 0.0)
224. (x <= 0.0) || (x == 0.0)
225. (x == 0.0) || (x <= 0)
226. (x <= 0) || (x == 0.0)
227. (x == 0.0) || (x < 0.0)
228. (x < 0.0) || (x == 0.0)
229. (x == 0.0) || (x < 0)
230. (x < 0) || (x == 0.0)
231. (x == 0) || (x == 1)
232. (x == 1) || (x == 0)
233. (x == 0) || (x <= 0.0)
234. (x <= 0.0) || (x == 0)
235. (x == 0) || (x <= 0)
236. (x <= 0) || (x == 0)
237. (x == 0) || (x < 0.0)
238. (x < 0.0) || (x == 0)
239. (x == 0) || (x < 0)
240. (x < 0) || (x == 0)
241. (x == 1) || (x <= 0.0)
242. (x <= 0.0) || (x == 1)
243. (x == 1) || (x <= 0)
244. (x <= 0) || (x == 1)
245. (x == 1) || (x < 0.0)
246. (x < 0.0) || (x == 1)
247. (x == 1) || (x < 0)
248. (x < 0) || (x == 1)
249. (x <= 0.0) || (x <= 0)
250. (x <= 0) || (x <= 0.0)
251. (x <= 0.0) || (x < 0.0)
252. (x < 0.0) || (x <= 0.0)
253. (x <= 0.0) || (x < 0)
254. (x < 0) || (x <= 0.0)
255. (x <= 0) || (x < 0.0)
256. (x < 0.0) || (x <= 0)
257. (x <= 0) || (x < 0)
258. (x < 0) || (x <= 0)
259. (x < 0.0) || (x < 0)
260. (x < 0) || (x < 0.0)
261. (x + 0.0) == 0.0
262. (x + 1) == 0.0
263. (x + x) == 0.0
264. (0.0 - x) == 0.0
265. (x - 0.0) == 0.0
266. (x - 0) == 0.0
267. (x / 0.0) == 0.0
268. (x + 0.0) == 0
269. (x + 1) == 0
270. (x + x) == 0
271. (0.0 - x) == 0
272. (x - 0.0) == 0
273. (x - 0) == 0
274. (1 - x) == 0
275. (x - 1) == 0
276. (x * 0.0) == 0
277. (0.0 / x) == 0
278. (x / 0.0) == 0
279. (0 / x) == 0
280. (x + 0.0) == 1
281. (x + 1) == 1
282. (x + x) == 1
283. (0.0 - x) == 1
284. (x - 0.0) == 1
285. (x - 0) == 1
286. (1 - x) == 1
287. (x - 1) == 1
288. (x * 0.0) == 1
289. (0.0 / x) == 1
290. (x / 0.0) == 1
291. (0 / x) == 1
292. x == (x + 1)
293. x == (x + x)
294. x == (0.0 - x)
295. x == (x - 1)
296. x == (x * 0.0)
297. x == (0.0 / x)
298. x == (x / 0.0)
299. x == (0 / x)
300. (x == 0.0) == (x != 0.0)
301. (x == 0.0) == (x != 0)
302. (x == 0.0) == (x != 1)
303. (x == 0.0) == (0.0 <= x)
304. (x == 0.0) == (0 <= x)
305. (x == 0.0) == (0.0 < x)
306. (x == 0.0) == (0 < x)
307. (x == 0) == (x != 0.0)
308. (x == 0) == (x != 0)
309. (x == 0) == (x != 1)
310. (x == 0) == (0.0 <= x)
311. (x == 0) == (0 <= x)
312. (x == 0) == (0.0 < x)
313. (x == 0) == (0 < x)
314. (x == 1) == (x != 0.0)
315. (x == 1) == (x != 0)
316. (x == 1) == (x != 1)
317. (x == 1) == (0.0 <= x)
318. (x == 1) == (0 <= x)
319. (x == 1) == (0.0 < x)
320. (x == 1) == (0 < x)
321. (x != 0.0) == (x == 0.0)
322. (x != 0.0) == (x == 0)
323. (x != 0.0) == (x == 1)
324. (x != 0.0) == (x <= 0.0)
325. (x != 0.0) == (x <= 0)
326. (x != 0.0) == (x < 0.0)
327. (x != 0.0) == (x < 0)
328. (x != 0) == (x == 0.0)
329. (x != 0) == (x == 0)
330. (x != 0) == (x == 1)
331. (x != 0) == (x <= 0.0)
332. (x != 0) == (x <= 0)
333. (x != 0) == (x < 0.0)
334. (x != 0) == (x < 0)
335. (x != 1) == (x == 0.0)
336. (x != 1) == (x == 0)
337. (x != 1) == (x == 1)
338. (x != 1) == (x <= 0.0)
339. (x != 1) == (x <= 0)
340. (x != 1) == (x < 0.0)
341. (x != 1) == (x < 0)
342. (0.0 <= x) == (x == 0.0)
343. (0.0 <= x) == (x == 0)
344. (0.0 <= x) == (x == 1)
345. (0.0 <= x) == (x <= 0.0)
346. (0.0 <= x) == (x <= 0)
347. (0.0 <= x) == (x < 0.0)
348. (0.0 <= x) == (x < 0)
349. (x <= 0.0) == (x != 0.0)
350. (x <= 0.0) == (x != 0)
351. (x <= 0.0) == (x != 1)
352. (x <= 0.0) == (0.0 <= x)
353. (x <= 0.0) == (0 <= x)
354. (x <= 0.0) == (0.0 < x)
355. (x <= 0.0) == (0 < x)
356. (0 <= x) == (x == 0.0)
357. (0 <= x) == (x == 0)
358. (0 <= x) == (x == 1)
359. (0 <= x) == (x <= 0.0)
360. (0 <= x) == (x <= 0)
361. (0 <= x) == (x < 0.0)
362. (0 <= x) == (x < 0)
363. (x <= 0) == (x != 0.0)
364. (x <= 0) == (x != 0)
365. (x <= 0) == (x != 1)
366. (x <= 0) == (0.0 <= x)
367. (x <= 0) == (0 <= x)
368. (x <= 0) == (0.0 < x)
369. (x <= 0) == (0 < x)
370. (1 <= x) == (x < 1)
371. (x <= 1) == (1 < x)
372. (0.0 < x) == (x == 0.0)
373. (0.0 < x) == (x == 0)
374. (0.0 < x) == (x == 1)
375. (0.0 < x) == (x <= 0.0)
376. (0.0 < x) == (x <= 0)
377. (0.0 < x) == (x < 0.0)
378. (0.0 < x) == (x < 0)
379. (x < 0.0) == (x != 0.0)
380. (x < 0.0) == (x != 0)
381. (x < 0.0) == (x != 1)
382. (x < 0.0) == (0.0 <= x)
383. (x < 0.0) == (0 <= x)
384. (x < 0.0) == (0.0 < x)
385. (x < 0.0) == (0 < x)
386. (0 < x) == (x == 0.0)
387. (0 < x) == (x == 0)
388. (0 < x) == (x == 1)
389. (0 < x) == (x <= 0.0)
390. (0 < x) == (x <= 0)
391. (0 < x) == (x < 0.0)
392. (0 < x) == (x < 0)
393. (x < 0) == (x != 0.0)
394. (x < 0) == (x != 0)
395. (x < 0) == (x != 1)
396. (x < 0) == (0.0 <= x)
397. (x < 0) == (0 <= x)
398. (x < 0) == (0.0 < x)
399. (x < 0) == (0 < x)
400. (1 < x) == (x <= 1)
401. (x < 1) == (1 <= x)
402. (x + 0.0) == (x + 1)
403. (x + 0.0) == (x + x)
404. (x + 0.0) == (0.0 - x)
405. (x + 0.0) == (x - 1)
406. (x + 0.0) == (x * 0.0)
407. (x + 0.0) == (0.0 / x)
408. (x + 0.0) == (x / 0.0)
409. (x + 0.0) == (0 / x)
410. (x + 1) == x
411. (x + 1) == (x + 0.0)
412. (x + 1) == (0.0 - x)
413. (x + 1) == (x - 0.0)
414. (x + 1) == (x - 0)
415. (x + 1) == (1 - x)
416. (x + 1) == (x - 1)
417. (x + 1) == (x * 0.0)
418. (x + 1) == (0.0 / x)
419. (x + 1) == (x / 0.0)
420. (x + 1) == (0 / x)
421. (x + x) == x
422. (x + x) == (x + 0.0)
423. (x + x) == (0.0 - x)
424. (x + x) == (x - 0.0)
425. (x + x) == (x - 0)
426. (x + x) == (1 - x)
427. (x + x) == (x - 1)
428. (x + x) == (x * 0.0)
429. (x + x) == (0.0 / x)
430. (x + x) == (x / 0.0)
431. (x + x) == (0 / x)
432. (0.0 - x) == x
433. (0.0 - x) == (x + 0.0)
434. (0.0 - x) == (x + 1)
435. (0.0 - x) == (x + x)
436. (0.0 - x) == (x - 0.0)
437. (0.0 - x) == (x - 0)
438. (0.0 - x) == (1 - x)
439. (0.0 - x) == (x * 0.0)
440. (0.0 - x) == (0.0 / x)
441. (0.0 - x) == (x / 0.0)
442. (0.0 - x) == (0 / x)
443. (x - 0.0) == (x + 1)
444. (x - 0.0) == (x + x)
445. (x - 0.0) == (0.0 - x)
446. (x - 0.0) == (x - 1)
447. (x - 0.0) == (x * 0.0)
448. (x - 0.0) == (0.0 / x)
449. (x - 0.0) == (x / 0.0)
450. (x - 0.0) == (0 / x)
451. (x - 0) == (x + 1)
452. (x - 0) == (x + x)
453. (x - 0) == (0.0 - x)
454. (x - 0) == (x - 1)
455. (x - 0) == (x * 0.0)
456. (x - 0) == (0.0 / x)
457. (x - 0) == (x / 0.0)
458. (x - 0) == (0 / x)
459. (1 - x) == (x + 1)
460. (1 - x) == (x + x)
461. (1 - x) == (0.0 - x)
462. (1 - x) == (x / 0.0)
463. (x - 1) == x
464. (x - 1) == (x + 0.0)
465. (x - 1) == (x + 1)
466. (x - 1) == (x + x)
467. (x - 1) == (x - 0.0)
468. (x - 1) == (x - 0)
469. (x - 1) == (x / 0.0)
470. (x * 0.0) == x
471. (x * 0.0) == (x + 0.0)
472. (x * 0.0) == (x + 1)
473. (x * 0.0) == (x + x)
474. (x * 0.0) == (0.0 - x)
475. (x * 0.0) == (x - 0.0)
476. (x * 0.0) == (x - 0)
477. (x * 0.0) == (x / 0.0)
478. (0.0 / x) == x
479. (0.0 / x) == (x + 0.0)
480. (0.0 / x) == (x + 1)
481. (0.0 / x) == (x + x)
482. (0.0 / x) == (0.0 - x)
483. (0.0 / x) == (x - 0.0)
484. (0.0 / x) == (x - 0)
485. (0.0 / x) == (x / 0.0)
486. (x / 0.0) == x
487. (x / 0.0) == (x + 0.0)
488. (x / 0.0) == (x + 1)
489. (x / 0.0) == (x + x)
490. (x / 0.0) == (0.0 - x)
491. (x / 0.0) == (x - 0.0)
492. (x / 0.0) == (x - 0)
493. (x / 0.0) == (1 - x)
494. (x / 0.0) == (x - 1)
495. (x / 0.0) == (x * 0.0)
496. (x / 0.0) == (0.0 / x)
497. (x / 0.0) == (0 / x)
498. (0 / x) == x
499. (0 / x) == (x + 0.0)
500. (0 / x) == (x + 1)
501. (0 / x) == (x + x)
502. (0 / x) == (0.0 - x)
503. (0 / x) == (x - 0.0)
504. (0 / x) == (x - 0)
505. (0 / x) == (x / 0.0)
506. (x * 0.0) != 0.0
507. (0.0 / x) != 0.0
508. (0 / x) != 0.0
509. x != (x + 0.0)
510. x != (x - 0.0)
511. x != (x - 0)
512. (x == 0.0) != (x == 0)
513. (x == 0.0) != (x == 1)
514. (x == 0.0) != (x <= 0.0)
515. (x == 0.0) != (x <= 0)
516. (x == 0.0) != (x < 0.0)
517. (x == 0.0) != (x < 0)
518. (x == 0) != (x == 0.0)
519. (x == 0) != (x == 1)
520. (x == 0) != (x <= 0.0)
521. (x == 0) != (x <= 0)
522. (x == 0) != (x < 0.0)
523. (x == 0) != (x < 0)
524. (x == 1) != (x == 0.0)
525. (x == 1) != (x == 0)
526. (x == 1) != (x <= 0.0)
527. (x == 1) != (x <= 0)
528. (x == 1) != (x < 0.0)
529. (x == 1) != (x < 0)
530. (x != 0.0) != (x != 0)
531. (x != 0.0) != (x != 1)
532. (x != 0.0) != (0.0 <= x)
533. (x != 0.0) != (0 <= x)
534. (x != 0.0) != (0.0 < x)
535. (x != 0.0) != (0 < x)
536. (x != 0) != (x != 0.0)
537. (x != 0) != (x != 1)
538. (x != 0) != (0.0 <= x)
539. (x != 0) != (0 <= x)
540. (x != 0) != (0.0 < x)
541. (x != 0) != (0 < x)
542. (x != 1) != (x != 0.0)
543. (x != 1) != (x != 0)
544. (x != 1) != (0.0 <= x)
545. (x != 1) != (0 <= x)
546. (x != 1) != (0.0 < x)
547. (x != 1) != (0 < x)
548. (0.0 <= x) != (x != 0.0)
549. (0.0 <= x) != (x != 0)
550. (0.0 <= x) != (x != 1)
551. (0.0 <= x) != (0 <= x)
552. (0.0 <= x) != (0.0 < x)
553. (0.0 <= x) != (0 < x)
554. (x <= 0.0) != (x == 0.0)
555. (x <= 0.0) != (x == 0)
556. (x <= 0.0) != (x == 1)
557. (x <= 0.0) != (x <= 0)
558. (x <= 0.0) != (x < 0.0)
559. (x <= 0.0) != (x < 0)
560. (0 <= x) != (x != 0.0)
561. (0 <= x) != (x != 0)
562. (0 <= x) != (x != 1)
563. (0 <= x) != (0.0 <= x)
564. (0 <= x) != (0.0 < x)
565. (0 <= x) != (0 < x)
566. (x <= 0) != (x == 0.0)
567. (x <= 0) != (x == 0)
568. (x <= 0) != (x == 1)
569. (x <= 0) != (x <= 0.0)
570. (x <= 0) != (x < 0.0)
571. (x <= 0) != (x < 0)
572. (0.0 < x) != (x != 0.0)
573. (0.0 < x) != (x != 0)
574. (0.0 < x) != (x != 1)
575. (0.0 < x) != (0.0 <= x)
576. (0.0 < x) != (0 <= x)
577. (0.0 < x) != (0 < x)
578. (x < 0.0) != (x == 0.0)
579. (x < 0.0) != (x == 0)
580. (x < 0.0) != (x == 1)
581. (x < 0.0) != (x <= 0.0)
582. (x < 0.0) != (x <= 0)
583. (x < 0.0) != (x < 0)
584. (0 < x) != (x != 0.0)
585. (0 < x) != (x != 0)
586. (0 < x) != (x != 1)
587. (0 < x) != (0.0 <= x)
588. (0 < x) != (0 <= x)
589. (0 < x) != (0.0 < x)
590. (x < 0) != (x == 0.0)
591. (x < 0) != (x == 0)
592. (x < 0) != (x == 1)
593. (x < 0) != (x <= 0.0)
594. (x < 0) != (x <= 0)
595. (x < 0) != (x < 0.0)
596. (x + 0.0) != x
597. (x + 0.0) != (x - 0.0)
598. (x + 0.0) != (x - 0)
599. (x - 0.0) != x
600. (x - 0.0) != (x + 0.0)
601. (x - 0.0) != (x - 0)
602. (x - 0) != x
603. (x - 0) != (x + 0.0)
604. (x - 0) != (x - 0.0)
605. (x * 0.0) != (0.0 / x)
606. (x * 0.0) != (0 / x)
607. (0.0 / x) != (x * 0.0)
608. (0.0 / x) != (0 / x)
609. (0 / x) != (x * 0.0)
610. (0 / x) != (0.0 / x)
611. (x + 0.0) <= 0.0
612. (x + 1) <= 0.0
613. (x + x) <= 0.0
614. 0.0 <= (0.0 - x)
615. (x - 0.0) <= 0.0
616. (x - 0) <= 0.0
617. (x / 0.0) <= 0.0
618. (x + 0.0) <= 0
619. (x + 1) <= 0
620. (x + x) <= 0
621. 0 <= (0.0 - x)
622. (x - 0.0) <= 0
623. (x - 0) <= 0
624. (x / 0.0) <= 0
625. (x + 1) <= 1
626. 1 <= (0.0 - x)
627. 1 <= (1 - x)
628. 1 <= (x * 0.0)
629. 1 <= (0.0 / x)
630. (x / 0.0) <= 1
631. 1 <= (0 / x)
632. (x + 1) <= x
633. (x + x) <= x
634. x <= (0.0 - x)
635. x <= (x - 1)
636. x <= (x * 0.0)
637. x <= (0.0 / x)
638. (x / 0.0) <= x
639. x <= (0 / x)
640. (x + 1) <= (x + 0.0)
641. (x + x) <= (x + 0.0)
642. (x + 0.0) <= (0.0 - x)
643. (x + 0.0) <= (x - 1)
644. (x + 0.0) <= (x * 0.0)
645. (x + 0.0) <= (0.0 / x)
646. (x / 0.0) <= (x + 0.0)
647. (x + 0.0) <= (0 / x)
648. (x + 1) <= (0.0 - x)
649. (x + 1) <= (x - 0.0)
650. (x + 1) <= (x - 0)
651. (x + 1) <= (1 - x)
652. (x + 1) <= (x - 1)
653. (x + 1) <= (x * 0.0)
654. (x + 1) <= (0.0 / x)
655. (x / 0.0) <= (x + 1)
656. (x + 1) <= (0 / x)
657. (x + x) <= (0.0 - x)
658. (x + x) <= (x - 0.0)
659. (x + x) <= (x - 0)
660. (x + x) <= (x - 1)
661. (x + x) <= (x * 0.0)
662. (x + x) <= (0.0 / x)
663. (x / 0.0) <= (x + x)
664. (x + x) <= (0 / x)
665. (x - 0.0) <= (0.0 - x)
666. (x - 0) <= (0.0 - x)
667. (1 - x) <= (0.0 - x)
668. (x * 0.0) <= (0.0 - x)
669. (0.0 / x) <= (0.0 - x)
670. (x / 0.0) <= (0.0 - x)
671. (0 / x) <= (0.0 - x)
672. (x - 0.0) <= (x - 1)
673. (x - 0.0) <= (x * 0.0)
674. (x - 0.0) <= (0.0 / x)
675. (x / 0.0) <= (x - 0.0)
676. (x - 0.0) <= (0 / x)
677. (x - 0) <= (x - 1)
678. (x - 0) <= (x * 0.0)
679. (x - 0) <= (0.0 / x)
680. (x / 0.0) <= (x - 0)
681. (x - 0) <= (0 / x)
682. (x / 0.0) <= (1 - x)
683. (x / 0.0) <= (x - 1)
684. (x / 0.0) <= (x * 0.0)
685. (x / 0.0) <= (0.0 / x)
686. (x / 0.0) <= (0 / x)
687. (x + 0.0) < 0.0
688. (x + 1) < 0.0
689. (x + x) < 0.0
690. 0.0 < (0.0 - x)
691. (x - 0.0) < 0.0
692. (x - 0) < 0.0
693. 0.0 < (x * 0.0)
694. (x * 0.0) < 0.0
695. 0.0 < (0.0 / x)
696. (0.0 / x) < 0.0
697. (x / 0.0) < 0.0
698. 0.0 < (0 / x)
699. (0 / x) < 0.0
700. (x + 0.0) < 0
701. (x + 1) < 0
702. (x + x) < 0
703. 0 < (0.0 - x)
704. (x - 0.0) < 0
705. (x - 0) < 0
706. 0 < (x * 0.0)
707. (x * 0.0) < 0
708. 0 < (0.0 / x)
709. (0.0 / x) < 0
710. (x / 0.0) < 0
711. 0 < (0 / x)
712. (0 / x) < 0
713. (x + 1) < 1
714. 1 < (0.0 - x)
715. 1 < (1 - x)
716. 1 < (x * 0.0)
717. 1 < (0.0 / x)
718. (x / 0.0) < 1
719. 1 < (0 / x)
720. x < (x + 0.0)
721. (x + 0.0) < x
722. (x + 1) < x
723. (x + x) < x
724. x < (0.0 - x)
725. x < (x - 0.0)
726. (x - 0.0) < x
727. x < (x - 0)
728. (x - 0) < x
729. x < (x - 1)
730. x < (x * 0.0)
731. x < (0.0 / x)
732. (x / 0.0) < x
733. x < (0 / x)
734. (x + 1) < (x + 0.0)
735. (x + x) < (x + 0.0)
736. (x + 0.0) < (0.0 - x)
737. (x + 0.0) < (x - 0.0)
738. (x - 0.0) < (x + 0.0)
739. (x + 0.0) < (x - 0)
740. (x - 0) < (x + 0.0)
741. (x + 0.0) < (x - 1)
742. (x + 0.0) < (x * 0.0)
743. (x + 0.0) < (0.0 / x)
744. (x / 0.0) < (x + 0.0)
745. (x + 0.0) < (0 / x)
746. (x + 1) < (0.0 - x)
747. (x + 1) < (x - 0.0)
748. (x + 1) < (x - 0)
749. (x + 1) < (1 - x)
750. (x + 1) < (x - 1)
751. (x + 1) < (x * 0.0)
752. (x + 1) < (0.0 / x)
753. (x / 0.0) < (x + 1)
754. (x + 1) < (0 / x)
755. (x + x) < (0.0 - x)
756. (x + x) < (x - 0.0)
757. (x + x) < (x - 0)
758. (x + x) < (x - 1)
759. (x + x) < (x * 0.0)
760. (x + x) < (0.0 / x)
761. (x / 0.0) < (x + x)
762. (x + x) < (0 / x)
763. (x - 0.0) < (0.0 - x)
764. (x - 0) < (0.0 - x)
765. (1 - x) < (0.0 - x)
766. (x * 0.0) < (0.0 - x)
767. (0.0 / x) < (0.0 - x)
768. (x / 0.0) < (0.0 - x)
769. (0 / x) < (0.0 - x)
770. (x - 0.0) < (x - 0)
771. (x - 0) < (x - 0.0)
772. (x - 0.0) < (x - 1)
773. (x - 0.0) < (x * 0.0)
774. (x - 0.0) < (0.0 / x)
775. (x / 0.0) < (x - 0.0)
776. (x - 0.0) < (0 / x)
777. (x - 0) < (x - 1)
778. (x - 0) < (x * 0.0)
779. (x - 0) < (0.0 / x)
780. (x / 0.0) < (x - 0)
781. (x - 0) < (0 / x)
782. (x / 0.0) < (1 - x)
783. (x / 0.0) < (x - 1)
784. (x * 0.0) < (0.0 / x)
785. (0.0 / x) < (x * 0.0)
786. (x / 0.0) < (x * 0.0)
787. (x * 0.0) < (0 / x)
788. (0 / x) < (x * 0.0)
789. (x / 0.0) < (0.0 / x)
790. (0.0 / x) < (0 / x)
791. (0 / x) < (0.0 / x)
792. (x / 0.0) < (0 / x)


========================
         Stat
========================
Operators: 
PLUS 8
DIV 3
MINUS 2
MUL 1
LE 1
GT 1
OR 1
Methods: 
log(double) 2
isNaN(double) 1
Variable: 
org.apache.commons.math.special.Gamma.lanczos 6
x 6
sum 5
i 4
ret 3
length 2
tmp 2
org.apache.commons.math.special.Gamma.HALF_LOG_2_PI 2
java.lang.Double.NaN 2
g 1

 & 4 & 0 & 0 & 1 & 5 & 5730 & 3547 ms & 467 &
GPR[EPS]-1661105674221
GPR[SPVATR]-1661105674221
[2299577] INFO TestPatch - Applying patch: org.apache.commons.math.special.Gamma:91: CONDITIONAL x == 0.0
[2299686] INFO TestPatch - Running test suite to check the patch "x == 0.0" is working
[2299793] INFO TestPatch - Failing tests [testMath280(org.apache.commons.math.distribution.NormalDistributionTest): org.apache.commons.math.ConvergenceException: number of iterations=1, maximum iterations=2,147,483,647, initial=1, lower bound=0, upper bound=179,769,313,486,231,570,000,000,000,000,000,000,000,000,000,000,000,000,000,000,000,000,000,000,000,000,000,000,000,000,000,000,000,000,000,000,000,000,000,000,000,000,000,000,000,000,000,000,000,000,000,000,000,000,000,000,000,000,000,000,000,000,000,000,000,000,000,000,000,000,000,000,000,000,000,000,000,000,000,000,000,000,000,000,000,000,000,000,000,000,000,000,000,000,000,000,000,000,000,000,000,000,000, final a value=0, final b value=2, f(a)=-0.477, f(b)=0]
GPR[EPVATR]-1661105674437
GPR[SPVATR]-1661105674437
[2299793] INFO TestPatch - Applying patch: org.apache.commons.math.special.Gamma:91: CONDITIONAL x == 0
[2299904] INFO TestPatch - Running test suite to check the patch "x == 0" is working
[2300671] INFO TestPatch - Failing tests [testMath280(org.apache.commons.math.distribution.NormalDistributionTest): org.apache.commons.math.ConvergenceException: number of iterations=1, maximum iterations=2,147,483,647, initial=1, lower bound=0, upper bound=179,769,313,486,231,570,000,000,000,000,000,000,000,000,000,000,000,000,000,000,000,000,000,000,000,000,000,000,000,000,000,000,000,000,000,000,000,000,000,000,000,000,000,000,000,000,000,000,000,000,000,000,000,000,000,000,000,000,000,000,000,000,000,000,000,000,000,000,000,000,000,000,000,000,000,000,000,000,000,000,000,000,000,000,000,000,000,000,000,000,000,000,000,000,000,000,000,000,000,000,000,000,000, final a value=0, final b value=2, f(a)=-0.477, f(b)=0]
GPR[EPVATR]-1661105675315
GPR[SPVATR]-1661105675315
[2300671] INFO TestPatch - Applying patch: org.apache.commons.math.special.Gamma:91: CONDITIONAL x == 1
[2300781] INFO TestPatch - Running test suite to check the patch "x == 1" is working
[2300882] INFO TestPatch - Failing tests [testChiSquareIndependence(org.apache.commons.math.stat.inference.TestUtilsTest): chi-square p-value expected:<0.918987499852> but was:<NaN>, testChiSquare(org.apache.commons.math.stat.inference.TestUtilsTest): chi-square p-value expected:<0.904837418036> but was:<NaN>, testProbabilities(org.apache.commons.math.distribution.GammaDistributionTest): probability for 10.011 expected:<0.9933> but was:<NaN>, testDensity(org.apache.commons.math.distribution.GammaDistributionTest): expected:<0.999999000001> but was:<NaN>, testValues(org.apache.commons.math.distribution.GammaDistributionTest): critical value for 0.9933 expected:<10.011> but was:<3.0>, testSmallDegreesOfFreedom(org.apache.commons.math.distribution.FDistributionTest): expected:<0.975> but was:<2.0>, testRegularizedGammaPositivePositive(org.apache.commons.math.special.GammaTest): expected:<0.632120558828558> but was:<NaN>, testLogGammaZero(org.apache.commons.math.special.GammaTest): Infinity is not NaN., testCumulative(org.apache.commons.math.distribution.BetaDistributionTest): expected:<0.7943282347> but was:<NaN>, testDensity(org.apache.commons.math.distribution.BetaDistributionTest): density at x=0.0 for alpha=0.1, beta=1.0 expected:<25118.86432> but was:<NaN>, testRegularizedBetaPositivePositivePositive(org.apache.commons.math.special.BetaTest): expected:<0.75> but was:<NaN>, testLogBetaPositivePositive(org.apache.commons.math.special.BetaTest): expected:<-0.693147180559945> but was:<NaN>, testRegularizedBetaZeroPositivePositive(org.apache.commons.math.special.BetaTest): expected:<0.0> but was:<NaN>, testSmallDf(org.apache.commons.math.distribution.TDistributionTest): Incorrect cumulative probability value returned for -318.3088 expected:<0.001> but was:<NaN>, testDegenerate0(org.apache.commons.math.distribution.BinomialDistributionTest): Incorrect cumulative probability value returned for 0 expected:<1.0> but was:<NaN>, testDegenerate1(org.apache.commons.math.distribution.BinomialDistributionTest): Incorrect cumulative probability value returned for 0 expected:<0.0> but was:<NaN>, testInverseCumulativeProbabilities(org.apache.commons.math.distribution.BinomialDistributionTest): Incorrect inverse cumulative probability value returned for 0.95 expected:<8> but was:<9>, testCumulativeProbabilities(org.apache.commons.math.distribution.BinomialDistributionTest): Incorrect cumulative probability value returned for 0 expected:<0.0> but was:<NaN>, testFloatingPointArguments(org.apache.commons.math.distribution.BinomialDistributionTest): Incorrect cumulative probability value returned for 0 expected:<0.0> but was:<NaN>, testMath280(org.apache.commons.math.distribution.NormalDistributionTest): org.apache.commons.math.ConvergenceException: number of iterations=1, maximum iterations=2,147,483,647, initial=1, lower bound=0, upper bound=179,769,313,486,231,570,000,000,000,000,000,000,000,000,000,000,000,000,000,000,000,000,000,000,000,000,000,000,000,000,000,000,000,000,000,000,000,000,000,000,000,000,000,000,000,000,000,000,000,000,000,000,000,000,000,000,000,000,000,000,000,000,000,000,000,000,000,000,000,000,000,000,000,000,000,000,000,000,000,000,000,000,000,000,000,000,000,000,000,000,000,000,000,000,000,000,000,000,000,000,000,000,000, final a value=0, final b value=2, f(a)=-0.477, f(b)=0, testDegenerateInverseCumulativeProbability(org.apache.commons.math.distribution.PoissonDistributionTest): expected:<-1> but was:<0>, testInverseCumulativeProbabilities(org.apache.commons.math.distribution.PoissonDistributionTest): Incorrect inverse cumulative probability value returned for 0.0 expected:<-1> but was:<0>, testCumulativeProbabilities(org.apache.commons.math.distribution.PoissonDistributionTest): Incorrect cumulative probability value returned for 0 expected:<0.0183156388887> but was:<NaN>, testFloatingPointArguments(org.apache.commons.math.distribution.PoissonDistributionTest): Incorrect cumulative probability value returned for 0 expected:<0.0183156388887> but was:<NaN>, testChiSquareIndependence(org.apache.commons.math.stat.inference.ChiSquareTestTest): chi-square p-value expected:<0.918987499852> but was:<NaN>, testChiSquare(org.apache.commons.math.stat.inference.ChiSquareTestTest): chi-square p-value expected:<0.904837418036> but was:<NaN>, testDegenerate0(org.apache.commons.math.distribution.PascalDistributionTest): Incorrect cumulative probability value returned for 0 expected:<0.0> but was:<NaN>, testDegenerate1(org.apache.commons.math.distribution.PascalDistributionTest): Incorrect cumulative probability value returned for 0 expected:<1.0> but was:<NaN>, testInverseCumulativeProbabilities(org.apache.commons.math.distribution.PascalDistributionTest): Incorrect inverse cumulative probability value returned for 0.001 expected:<-1> but was:<0>, testCumulativeProbabilities(org.apache.commons.math.distribution.PascalDistributionTest): Incorrect cumulative probability value returned for 0 expected:<0.02824> but was:<NaN>, testFloatingPointArguments(org.apache.commons.math.distribution.PascalDistributionTest): Incorrect cumulative probability value returned for 0 expected:<0.02824> but was:<NaN>, testChiSquareIndependence(org.apache.commons.math.stat.inference.ChiSquareFactoryTest): chi-square p-value expected:<0.918987499852> but was:<NaN>, testChiSquare(org.apache.commons.math.stat.inference.ChiSquareFactoryTest): chi-square p-value expected:<0.904837418036> but was:<NaN>, testDensity(org.apache.commons.math.distribution.ChiSquareDistributionTest): expected:<0.49999975> but was:<NaN>, testAnovaTest(org.apache.commons.math.stat.inference.OneWayAnovaTest): ANOVA Test P<0.01, testAnovaPValue(org.apache.commons.math.stat.inference.OneWayAnovaTest): ANOVA P-value expected:<6.959446E-6> but was:<NaN>]
GPR[EPVATR]-1661105675526
GPR[SPVATR]-1661105675526
[2300882] INFO TestPatch - Applying patch: org.apache.commons.math.special.Gamma:91: CONDITIONAL x <= 0.0
[2300994] INFO TestPatch - Running test suite to check the patch "x <= 0.0" is working
[2301098] INFO TestPatch - Failing tests [testMath280(org.apache.commons.math.distribution.NormalDistributionTest): org.apache.commons.math.ConvergenceException: number of iterations=1, maximum iterations=2,147,483,647, initial=1, lower bound=0, upper bound=179,769,313,486,231,570,000,000,000,000,000,000,000,000,000,000,000,000,000,000,000,000,000,000,000,000,000,000,000,000,000,000,000,000,000,000,000,000,000,000,000,000,000,000,000,000,000,000,000,000,000,000,000,000,000,000,000,000,000,000,000,000,000,000,000,000,000,000,000,000,000,000,000,000,000,000,000,000,000,000,000,000,000,000,000,000,000,000,000,000,000,000,000,000,000,000,000,000,000,000,000,000,000, final a value=0, final b value=2, f(a)=-0.477, f(b)=0]
GPR[EPVATR]-1661105675742
GPR[SPVATR]-1661105675742
[2301098] INFO TestPatch - Applying patch: org.apache.commons.math.special.Gamma:91: CONDITIONAL x <= 0
[2301208] INFO TestPatch - Running test suite to check the patch "x <= 0" is working
[2302083] INFO TestPatch - Failing tests [testMath280(org.apache.commons.math.distribution.NormalDistributionTest): org.apache.commons.math.ConvergenceException: number of iterations=1, maximum iterations=2,147,483,647, initial=1, lower bound=0, upper bound=179,769,313,486,231,570,000,000,000,000,000,000,000,000,000,000,000,000,000,000,000,000,000,000,000,000,000,000,000,000,000,000,000,000,000,000,000,000,000,000,000,000,000,000,000,000,000,000,000,000,000,000,000,000,000,000,000,000,000,000,000,000,000,000,000,000,000,000,000,000,000,000,000,000,000,000,000,000,000,000,000,000,000,000,000,000,000,000,000,000,000,000,000,000,000,000,000,000,000,000,000,000,000, final a value=0, final b value=2, f(a)=-0.477, f(b)=0]
GPR[EPVATR]-1661105676727
GPR[SPVATR]-1661105676727
[2302083] INFO TestPatch - Applying patch: org.apache.commons.math.special.Gamma:91: CONDITIONAL x < 0.0
[2302191] INFO TestPatch - Running test suite to check the patch "x < 0.0" is working
[2302298] INFO TestPatch - Failing tests [testLogGammaZero(org.apache.commons.math.special.GammaTest): Infinity is not NaN., testMath280(org.apache.commons.math.distribution.NormalDistributionTest): org.apache.commons.math.ConvergenceException: number of iterations=1, maximum iterations=2,147,483,647, initial=1, lower bound=0, upper bound=179,769,313,486,231,570,000,000,000,000,000,000,000,000,000,000,000,000,000,000,000,000,000,000,000,000,000,000,000,000,000,000,000,000,000,000,000,000,000,000,000,000,000,000,000,000,000,000,000,000,000,000,000,000,000,000,000,000,000,000,000,000,000,000,000,000,000,000,000,000,000,000,000,000,000,000,000,000,000,000,000,000,000,000,000,000,000,000,000,000,000,000,000,000,000,000,000,000,000,000,000,000,000, final a value=0, final b value=2, f(a)=-0.477, f(b)=0]
GPR[EPVATR]-1661105676942
GPR[SPVATR]-1661105676942
[2302298] INFO TestPatch - Applying patch: org.apache.commons.math.special.Gamma:91: CONDITIONAL x < 0
[2302406] INFO TestPatch - Running test suite to check the patch "x < 0" is working
[2302510] INFO TestPatch - Failing tests [testLogGammaZero(org.apache.commons.math.special.GammaTest): Infinity is not NaN., testMath280(org.apache.commons.math.distribution.NormalDistributionTest): org.apache.commons.math.ConvergenceException: number of iterations=1, maximum iterations=2,147,483,647, initial=1, lower bound=0, upper bound=179,769,313,486,231,570,000,000,000,000,000,000,000,000,000,000,000,000,000,000,000,000,000,000,000,000,000,000,000,000,000,000,000,000,000,000,000,000,000,000,000,000,000,000,000,000,000,000,000,000,000,000,000,000,000,000,000,000,000,000,000,000,000,000,000,000,000,000,000,000,000,000,000,000,000,000,000,000,000,000,000,000,000,000,000,000,000,000,000,000,000,000,000,000,000,000,000,000,000,000,000,000,000, final a value=0, final b value=2, f(a)=-0.477, f(b)=0]
GPR[EPVATR]-1661105677154
GPR[SPVATR]-1661105677154
[2302510] INFO TestPatch - Applying patch: org.apache.commons.math.special.Gamma:91: CONDITIONAL !(x != 0.0)
[2302619] INFO TestPatch - Running test suite to check the patch "!(x != 0.0)" is working
[2303494] INFO TestPatch - Failing tests [testMath280(org.apache.commons.math.distribution.NormalDistributionTest): org.apache.commons.math.ConvergenceException: number of iterations=1, maximum iterations=2,147,483,647, initial=1, lower bound=0, upper bound=179,769,313,486,231,570,000,000,000,000,000,000,000,000,000,000,000,000,000,000,000,000,000,000,000,000,000,000,000,000,000,000,000,000,000,000,000,000,000,000,000,000,000,000,000,000,000,000,000,000,000,000,000,000,000,000,000,000,000,000,000,000,000,000,000,000,000,000,000,000,000,000,000,000,000,000,000,000,000,000,000,000,000,000,000,000,000,000,000,000,000,000,000,000,000,000,000,000,000,000,000,000,000, final a value=0, final b value=2, f(a)=-0.477, f(b)=0]
GPR[EPVATR]-1661105678138
GPR[SPVATR]-1661105678139
[2303495] INFO TestPatch - Applying patch: org.apache.commons.math.special.Gamma:91: CONDITIONAL !(x != 0)
[2303604] INFO TestPatch - Running test suite to check the patch "!(x != 0)" is working
[2303706] INFO TestPatch - Failing tests [testMath280(org.apache.commons.math.distribution.NormalDistributionTest): org.apache.commons.math.ConvergenceException: number of iterations=1, maximum iterations=2,147,483,647, initial=1, lower bound=0, upper bound=179,769,313,486,231,570,000,000,000,000,000,000,000,000,000,000,000,000,000,000,000,000,000,000,000,000,000,000,000,000,000,000,000,000,000,000,000,000,000,000,000,000,000,000,000,000,000,000,000,000,000,000,000,000,000,000,000,000,000,000,000,000,000,000,000,000,000,000,000,000,000,000,000,000,000,000,000,000,000,000,000,000,000,000,000,000,000,000,000,000,000,000,000,000,000,000,000,000,000,000,000,000,000, final a value=0, final b value=2, f(a)=-0.477, f(b)=0]
GPR[EPVATR]-1661105678350
GPR[SPVATR]-1661105678350
[2303706] INFO TestPatch - Applying patch: org.apache.commons.math.special.Gamma:91: CONDITIONAL !(x != 1)
[2303819] INFO TestPatch - Running test suite to check the patch "!(x != 1)" is working
[2304684] INFO TestPatch - Failing tests [testChiSquareIndependence(org.apache.commons.math.stat.inference.TestUtilsTest): chi-square p-value expected:<0.918987499852> but was:<NaN>, testChiSquare(org.apache.commons.math.stat.inference.TestUtilsTest): chi-square p-value expected:<0.904837418036> but was:<NaN>, testProbabilities(org.apache.commons.math.distribution.GammaDistributionTest): probability for 10.011 expected:<0.9933> but was:<NaN>, testDensity(org.apache.commons.math.distribution.GammaDistributionTest): expected:<0.999999000001> but was:<NaN>, testValues(org.apache.commons.math.distribution.GammaDistributionTest): critical value for 0.9933 expected:<10.011> but was:<3.0>, testSmallDegreesOfFreedom(org.apache.commons.math.distribution.FDistributionTest): expected:<0.975> but was:<2.0>, testRegularizedGammaPositivePositive(org.apache.commons.math.special.GammaTest): expected:<0.632120558828558> but was:<NaN>, testLogGammaZero(org.apache.commons.math.special.GammaTest): Infinity is not NaN., testCumulative(org.apache.commons.math.distribution.BetaDistributionTest): expected:<0.7943282347> but was:<NaN>, testDensity(org.apache.commons.math.distribution.BetaDistributionTest): density at x=0.0 for alpha=0.1, beta=1.0 expected:<25118.86432> but was:<NaN>, testRegularizedBetaPositivePositivePositive(org.apache.commons.math.special.BetaTest): expected:<0.75> but was:<NaN>, testLogBetaPositivePositive(org.apache.commons.math.special.BetaTest): expected:<-0.693147180559945> but was:<NaN>, testRegularizedBetaZeroPositivePositive(org.apache.commons.math.special.BetaTest): expected:<0.0> but was:<NaN>, testSmallDf(org.apache.commons.math.distribution.TDistributionTest): Incorrect cumulative probability value returned for -318.3088 expected:<0.001> but was:<NaN>, testDegenerate0(org.apache.commons.math.distribution.BinomialDistributionTest): Incorrect cumulative probability value returned for 0 expected:<1.0> but was:<NaN>, testDegenerate1(org.apache.commons.math.distribution.BinomialDistributionTest): Incorrect cumulative probability value returned for 0 expected:<0.0> but was:<NaN>, testInverseCumulativeProbabilities(org.apache.commons.math.distribution.BinomialDistributionTest): Incorrect inverse cumulative probability value returned for 0.95 expected:<8> but was:<9>, testCumulativeProbabilities(org.apache.commons.math.distribution.BinomialDistributionTest): Incorrect cumulative probability value returned for 0 expected:<0.0> but was:<NaN>, testFloatingPointArguments(org.apache.commons.math.distribution.BinomialDistributionTest): Incorrect cumulative probability value returned for 0 expected:<0.0> but was:<NaN>, testMath280(org.apache.commons.math.distribution.NormalDistributionTest): org.apache.commons.math.ConvergenceException: number of iterations=1, maximum iterations=2,147,483,647, initial=1, lower bound=0, upper bound=179,769,313,486,231,570,000,000,000,000,000,000,000,000,000,000,000,000,000,000,000,000,000,000,000,000,000,000,000,000,000,000,000,000,000,000,000,000,000,000,000,000,000,000,000,000,000,000,000,000,000,000,000,000,000,000,000,000,000,000,000,000,000,000,000,000,000,000,000,000,000,000,000,000,000,000,000,000,000,000,000,000,000,000,000,000,000,000,000,000,000,000,000,000,000,000,000,000,000,000,000,000,000, final a value=0, final b value=2, f(a)=-0.477, f(b)=0, testDegenerateInverseCumulativeProbability(org.apache.commons.math.distribution.PoissonDistributionTest): expected:<-1> but was:<0>, testInverseCumulativeProbabilities(org.apache.commons.math.distribution.PoissonDistributionTest): Incorrect inverse cumulative probability value returned for 0.0 expected:<-1> but was:<0>, testCumulativeProbabilities(org.apache.commons.math.distribution.PoissonDistributionTest): Incorrect cumulative probability value returned for 0 expected:<0.0183156388887> but was:<NaN>, testFloatingPointArguments(org.apache.commons.math.distribution.PoissonDistributionTest): Incorrect cumulative probability value returned for 0 expected:<0.0183156388887> but was:<NaN>, testChiSquareIndependence(org.apache.commons.math.stat.inference.ChiSquareTestTest): chi-square p-value expected:<0.918987499852> but was:<NaN>, testChiSquare(org.apache.commons.math.stat.inference.ChiSquareTestTest): chi-square p-value expected:<0.904837418036> but was:<NaN>, testDegenerate0(org.apache.commons.math.distribution.PascalDistributionTest): Incorrect cumulative probability value returned for 0 expected:<0.0> but was:<NaN>, testDegenerate1(org.apache.commons.math.distribution.PascalDistributionTest): Incorrect cumulative probability value returned for 0 expected:<1.0> but was:<NaN>, testInverseCumulativeProbabilities(org.apache.commons.math.distribution.PascalDistributionTest): Incorrect inverse cumulative probability value returned for 0.001 expected:<-1> but was:<0>, testCumulativeProbabilities(org.apache.commons.math.distribution.PascalDistributionTest): Incorrect cumulative probability value returned for 0 expected:<0.02824> but was:<NaN>, testFloatingPointArguments(org.apache.commons.math.distribution.PascalDistributionTest): Incorrect cumulative probability value returned for 0 expected:<0.02824> but was:<NaN>, testChiSquareIndependence(org.apache.commons.math.stat.inference.ChiSquareFactoryTest): chi-square p-value expected:<0.918987499852> but was:<NaN>, testChiSquare(org.apache.commons.math.stat.inference.ChiSquareFactoryTest): chi-square p-value expected:<0.904837418036> but was:<NaN>, testDensity(org.apache.commons.math.distribution.ChiSquareDistributionTest): expected:<0.49999975> but was:<NaN>, testAnovaTest(org.apache.commons.math.stat.inference.OneWayAnovaTest): ANOVA Test P<0.01, testAnovaPValue(org.apache.commons.math.stat.inference.OneWayAnovaTest): ANOVA P-value expected:<6.959446E-6> but was:<NaN>]
GPR[EPVATR]-1661105679329
GPR[ESUN]-1661105679329
[2304689] INFO NoPol - ----INFORMATION----
[2304757] INFO NoPol - Nb classes : 386
[2304757] INFO NoPol - Nb methods : 2845
[2304757] INFO NoPol - Nb Statements Analyzed : 69
[2304757] INFO NoPol - Nb Statements with Angelic Value Found : 5
[2304757] INFO NoPol - NoPol Execution time : 2304689ms
[2304757] INFO NoPol - 
[2304757] INFO NoPol - ----PATCH FOUND----
[2304757] INFO NoPol - false
[2304777] INFO NoPol - Nb test that executes the patch: 1
[2304777] INFO NoPol - org.apache.commons.math.analysis.solvers.UnivariateRealSolverUtils:199: PRECONDITION
[2304778] INFO NoPol - --- a/src/java/org/apache/commons/math/analysis/solvers/UnivariateRealSolverUtils.java
+++ b/src/java/org/apache/commons/math/analysis/solvers/UnivariateRealSolverUtils.java
@@ -198,8 +198,10 @@
         if (fa * fb >= 0.0 ) {
-            throw new ConvergenceException(
-                      "number of iterations={0}, maximum iterations={1}, " +
-                      "initial={2}, lower bound={3}, upper bound={4}, final a value={5}, " +
-                      "final b value={6}, f(a)={7}, f(b)={8}",
-                      numIterations, maximumIterations, initial,
-                      lowerBound, upperBound, a, b, fa, fb);
+            if (false) {
+                throw new ConvergenceException(
+                "number of iterations={0}, maximum iterations={1}, " +
+                "initial={2}, lower bound={3}, upper bound={4}, final a value={5}, " +
+                "final b value={6}, f(a)={7}, f(b)={8}",
+                numIterations, maximumIterations, initial,
+                lowerBound, upperBound, a, b, fa, fb);
+            }
         }

[2304779] INFO NoPol - false
[2304798] INFO NoPol - Nb test that executes the patch: 17
[2304798] INFO NoPol - org.apache.commons.math.analysis.solvers.UnivariateRealSolverUtils:198: PRECONDITION
[2304799] INFO NoPol - --- a/src/java/org/apache/commons/math/analysis/solvers/UnivariateRealSolverUtils.java
+++ b/src/java/org/apache/commons/math/analysis/solvers/UnivariateRealSolverUtils.java
@@ -197,9 +197,11 @@
    
-        if (fa * fb >= 0.0 ) {
-            throw new ConvergenceException(
-                      "number of iterations={0}, maximum iterations={1}, " +
-                      "initial={2}, lower bound={3}, upper bound={4}, final a value={5}, " +
-                      "final b value={6}, f(a)={7}, f(b)={8}",
-                      numIterations, maximumIterations, initial,
-                      lowerBound, upperBound, a, b, fa, fb);
+        if (false) {
+            if (fa * fb >= 0.0 ) {
+                throw new ConvergenceException(
+                "number of iterations={0}, maximum iterations={1}, " +
+                "initial={2}, lower bound={3}, upper bound={4}, final a value={5}, " +
+                "final b value={6}, f(a)={7}, f(b)={8}",
+                numIterations, maximumIterations, initial,
+                lowerBound, upperBound, a, b, fa, fb);
+            }
         }

[2304799] INFO NoPol - false
[2304818] INFO NoPol - Nb test that executes the patch: 17
[2304818] INFO NoPol - org.apache.commons.math.analysis.solvers.UnivariateRealSolverUtils:198: CONDITIONAL
[2304820] INFO NoPol - --- a/src/java/org/apache/commons/math/analysis/solvers/UnivariateRealSolverUtils.java
+++ b/src/java/org/apache/commons/math/analysis/solvers/UnivariateRealSolverUtils.java
@@ -197,9 +197,9 @@
    
-        if (fa * fb >= 0.0 ) {
+        if (false) {
             throw new ConvergenceException(
-                      "number of iterations={0}, maximum iterations={1}, " +
-                      "initial={2}, lower bound={3}, upper bound={4}, final a value={5}, " +
-                      "final b value={6}, f(a)={7}, f(b)={8}",
-                      numIterations, maximumIterations, initial,
-                      lowerBound, upperBound, a, b, fa, fb);
+            "number of iterations={0}, maximum iterations={1}, " +
+            "initial={2}, lower bound={3}, upper bound={4}, final a value={5}, " +
+            "final b value={6}, f(a)={7}, f(b)={8}",
+            numIterations, maximumIterations, initial,
+            lowerBound, upperBound, a, b, fa, fb);
         }

GPR[EFP]-1661105679529
PATCH
[2304887] ERROR DynamothDataCollector - Unable to call the method org.apache.commons.math.special.Gamma.regularizedGammaQ(double, double)
java.util.concurrent.ExecutionException: com.sun.jdi.VMDisconnectedException
	at java.util.concurrent.FutureTask.report(FutureTask.java:122)
	at java.util.concurrent.FutureTask.get(FutureTask.java:206)
	at fr.inria.lille.repair.synthesis.collect.DynamothDataCollector.callMethod(DynamothDataCollector.java:455)
	at fr.inria.lille.repair.synthesis.collect.DynamothDataCollector.callMethods(DynamothDataCollector.java:402)
	at fr.inria.lille.repair.synthesis.collect.DynamothDataCollector.collectStaticMethods(DynamothDataCollector.java:302)
	at fr.inria.lille.repair.synthesis.collect.DynamothDataCollector.collect(DynamothDataCollector.java:116)
	at fr.inria.lille.repair.synthesis.DynamothCodeGenesisImpl.collectRuntimeValues(DynamothCodeGenesisImpl.java:380)
	at fr.inria.lille.repair.synthesis.DynamothCodeGenesisImpl.processBreakPointEvents(DynamothCodeGenesisImpl.java:282)
	at fr.inria.lille.repair.synthesis.DynamothCodeGenesisImpl.processVMEvents(DynamothCodeGenesisImpl.java:179)
	at fr.inria.lille.repair.synthesis.DynamothCodeGenesisImpl.run(DynamothCodeGenesisImpl.java:148)
	at fr.inria.lille.repair.nopol.synth.dynamoth.DynamothSynthesizer.findAngelicValuesAndBuildPatch(DynamothSynthesizer.java:142)
	at fr.inria.lille.repair.nopol.NoPol.runNopolProcessor(NoPol.java:343)
	at fr.inria.lille.repair.nopol.NoPol.access$1(NoPol.java:323)
	at fr.inria.lille.repair.nopol.NoPol$1.call(NoPol.java:304)
	at java.util.concurrent.FutureTask.run(FutureTask.java:266)
	at java.util.concurrent.ThreadPoolExecutor.runWorker(ThreadPoolExecutor.java:1142)
	at java.util.concurrent.ThreadPoolExecutor$Worker.run(ThreadPoolExecutor.java:617)
	at java.lang.Thread.run(Thread.java:745)
Caused by: com.sun.jdi.VMDisconnectedException
	at com.sun.tools.jdi.TargetVM.waitForReply(TargetVM.java:304)
	at com.sun.tools.jdi.VirtualMachineImpl.waitForTargetReply(VirtualMachineImpl.java:1036)
	at com.sun.tools.jdi.PacketStream.waitForReply(PacketStream.java:69)
	at com.sun.tools.jdi.JDWP$ClassType$InvokeMethod.waitForReply(JDWP.java:3366)
	at com.sun.tools.jdi.ClassTypeImpl.waitForReply(ClassTypeImpl.java:288)
	at com.sun.tools.jdi.InvokableTypeImpl.invokeMethod(InvokableTypeImpl.java:113)
	at fr.inria.lille.repair.synthesis.collect.DynamothDataCollector$2.call(DynamothDataCollector.java:439)
	at fr.inria.lille.repair.synthesis.collect.DynamothDataCollector$2.call(DynamothDataCollector.java:1)
	... 4 more
\n\nNode: host-69\n
\n\nDate: Sun 21 Aug 2022 11:14:39 AM PDT\n
End running Nopol Math/85 results at /experiment_home///results/dynamoth/Math/85/seed_214/
Removing checked out dir script/workingdir/dynamoth/Math_85
GPR[SSLE]-1661105680129
GPR[ESLE]-1661105740135
