Picked up JAVA_TOOL_OPTIONS: -Dfile.encoding=UTF8 -Duser.language=en-US -Duser.country=US -Duser.language=en
org.apache.commons.math3.optimization.linear.SimplexSolverTest#testMath713NegativeVariable
.
Time: 0.466

OK (1 test)

org.apache.commons.math3.optimization.linear.SimplexSolverTest#testDegeneracy
.
Time: 0.047

OK (1 test)

org.apache.commons.math3.optimization.linear.SimplexTableauTest#testTableauWithNoArtificialVars
.
Time: 0.078

OK (1 test)

org.apache.commons.math3.optimization.linear.SimplexSolverTest#testMinimization
.
Time: 0.045

OK (1 test)

org.apache.commons.math3.optimization.linear.SimplexSolverTest#testMath290GEQ
.
Time: 0.017

OK (1 test)

org.apache.commons.math3.optimization.linear.SimplexSolverTest#testMath290LEQ
.
Time: 0.024

OK (1 test)

org.apache.commons.math3.optimization.linear.SimplexSolverTest#testMath434PivotRowSelection2
.
Time: 0.171

OK (1 test)

org.apache.commons.math3.optimization.linear.SimplexSolverTest#testLargeModel
.
Time: 1.757

OK (1 test)

org.apache.commons.math3.optimization.linear.SimplexSolverTest#testMath293
.
Time: 0.176

OK (1 test)

org.apache.commons.math3.optimization.linear.SimplexSolverTest#testMath434NegativeVariable
.
Time: 0.033

OK (1 test)

org.apache.commons.math3.optimization.linear.SimplexTableauTest#testDropPhase1Objective
.
Time: 0.075

OK (1 test)

org.apache.commons.math3.optimization.linear.SimplexSolverTest#testMath781
.E
Time: 0.052
There was 1 failure:
1) testMath781(org.apache.commons.math3.optimization.linear.SimplexSolverTest)
java.lang.AssertionError
	at org.junit.Assert.fail(Assert.java:86)
	at org.junit.Assert.assertTrue(Assert.java:41)
	at org.junit.Assert.assertTrue(Assert.java:52)
	at org.apache.commons.math3.optimization.linear.SimplexSolverTest.testMath781(SimplexSolverTest.java:45)
	at sun.reflect.NativeMethodAccessorImpl.invoke0(Native Method)
	at sun.reflect.NativeMethodAccessorImpl.invoke(NativeMethodAccessorImpl.java:62)
	at sun.reflect.DelegatingMethodAccessorImpl.invoke(DelegatingMethodAccessorImpl.java:43)
	at java.lang.reflect.Method.invoke(Method.java:497)
	at org.junit.runners.model.FrameworkMethod$1.runReflectiveCall(FrameworkMethod.java:47)
	at org.junit.internal.runners.model.ReflectiveCallable.run(ReflectiveCallable.java:12)
	at org.junit.runners.model.FrameworkMethod.invokeExplosively(FrameworkMethod.java:44)
	at org.junit.internal.runners.statements.InvokeMethod.evaluate(InvokeMethod.java:17)
	at org.junit.runners.ParentRunner.runLeaf(ParentRunner.java:271)
	at org.junit.runners.BlockJUnit4ClassRunner.runChild(BlockJUnit4ClassRunner.java:70)
	at org.junit.runners.BlockJUnit4ClassRunner.runChild(BlockJUnit4ClassRunner.java:50)
	at org.junit.runners.ParentRunner$3.run(ParentRunner.java:238)
	at org.junit.runners.ParentRunner$1.schedule(ParentRunner.java:63)
	at org.junit.runners.ParentRunner.runChildren(ParentRunner.java:236)
	at org.junit.runners.ParentRunner.access$000(ParentRunner.java:53)
	at org.junit.runners.ParentRunner$2.evaluate(ParentRunner.java:229)
	at org.junit.runners.ParentRunner.run(ParentRunner.java:309)
	at org.junit.runner.JUnitCore.run(JUnitCore.java:160)
	at org.junit.runner.JUnitCore.run(JUnitCore.java:138)
	at fr.inria.lille.repair.MethodTestRunner.runTest(MethodTestRunner.java:44)
	at fr.inria.lille.repair.MethodTestRunner.access$0(MethodTestRunner.java:37)
	at fr.inria.lille.repair.MethodTestRunner$1.call(MethodTestRunner.java:20)
	at java.util.concurrent.FutureTask.run(FutureTask.java:266)
	at java.util.concurrent.ThreadPoolExecutor.runWorker(ThreadPoolExecutor.java:1142)
	at java.util.concurrent.ThreadPoolExecutor$Worker.run(ThreadPoolExecutor.java:617)
	at java.lang.Thread.run(Thread.java:745)

FAILURES!!!
Tests run: 1,  Failures: 1

org.apache.commons.math3.optimization.linear.SimplexSolverTest#testRestrictVariablesToNonNegative
.
Time: 0.082

OK (1 test)

org.apache.commons.math3.optimization.linear.SimplexSolverTest#testMath286
.
Time: 0.105

OK (1 test)

org.apache.commons.math3.optimization.linear.SimplexSolverTest#testMath272
.
Time: 0.048

OK (1 test)

org.apache.commons.math3.optimization.linear.SimplexSolverTest#testSolutionWithNegativeDecisionVariable
.
Time: 0.033

OK (1 test)

org.apache.commons.math3.optimization.linear.SimplexTableauTest#testInitialization
.
Time: 0.07

OK (1 test)

org.apache.commons.math3.optimization.linear.SimplexSolverTest#testMath288
.
Time: 0.076

OK (1 test)

